                              1 ;--------------------------------------------------------
                              2 ; File Created by SDCC : free open source ANSI-C Compiler
                              3 ; Version 4.0.0 #11528 (MINGW32)
                              4 ;--------------------------------------------------------
                              5 	.module C__Users_Mills_AppData_Local_Temp_lcc50721
                              6 	.optsdcc -mgbz80
                              7 	
                              8 ;--------------------------------------------------------
                              9 ; Public variables in this module
                             10 ;--------------------------------------------------------
                             11 	.globl _Boat_Run_Sprites
                             12 	.globl _DMA_TRANSFER
                             13 ;--------------------------------------------------------
                             14 ; special function registers
                             15 ;--------------------------------------------------------
                             16 ;--------------------------------------------------------
                             17 ; ram data
                             18 ;--------------------------------------------------------
                             19 	.area _DATA
                             20 ;--------------------------------------------------------
                             21 ; absolute external ram data
                             22 ;--------------------------------------------------------
                             23 	.area _DABS (ABS)
                             24 ;--------------------------------------------------------
                             25 ; global & static initialisations
                             26 ;--------------------------------------------------------
                             27 	.area _HOME
                             28 	.area _GSINIT
                             29 	.area _GSFINAL
                             30 	.area _GSINIT
                             31 ;--------------------------------------------------------
                             32 ; Home
                             33 ;--------------------------------------------------------
                             34 	.area _HOME
                             35 	.area _HOME
                             36 ;--------------------------------------------------------
                             37 ; code
                             38 ;--------------------------------------------------------
                             39 	.area _CODE_13
                             40 ;src/13_Boat.b13.c:10: void Boat_Run_Sprites(){
                             41 ;	---------------------------------
                             42 ; Function Boat_Run_Sprites
                             43 ; ---------------------------------
   0000                      44 _Boat_Run_Sprites::
                             45 ;src/13_Boat.b13.c:12: DMA_TRANSFER(47,Vector_Sprites+GFX_Offset,(UINT16*)0x8000);
   0000 3Er00                46 	ld	a, #<(_Vector_Sprites)
   0002 21r00r00             47 	ld	hl, #_GFX_Offset
   0005 86                   48 	add	a, (hl)
   0006 4F                   49 	ld	c, a
   0007 3Es00                50 	ld	a, #>(_Vector_Sprites)
   0009 23                   51 	inc	hl
   000A 8E                   52 	adc	a, (hl)
   000B 47                   53 	ld	b, a
   000C 21 00 80             54 	ld	hl, #0x8000
   000F E5                   55 	push	hl
   0010 C5                   56 	push	bc
   0011 3E 2F                57 	ld	a, #0x2f
   0013 F5                   58 	push	af
   0014 33                   59 	inc	sp
   0015 CDr00r00             60 	call	_DMA_TRANSFER
   0018 E8 05                61 	add	sp, #5
                             62 ;src/13_Boat.b13.c:13: }
   001A C9                   63 	ret
                             64 	.area _CODE_13
                             65 	.area _CABS (ABS)
