                              1 ;--------------------------------------------------------
                              2 ; File Created by SDCC : free open source ANSI-C Compiler
                              3 ; Version 4.0.0 #11528 (MINGW32)
                              4 ;--------------------------------------------------------
                              5 	.module C__Users_Mills_AppData_Local_Temp_lcc10281
                              6 	.optsdcc -mgbz80
                              7 	
                              8 ;--------------------------------------------------------
                              9 ; Public variables in this module
                             10 ;--------------------------------------------------------
                             11 	.globl _Cog3D_Tiles
                             12 	.globl _Cog3D_TilesPAL
                             13 ;--------------------------------------------------------
                             14 ; special function registers
                             15 ;--------------------------------------------------------
                             16 ;--------------------------------------------------------
                             17 ; ram data
                             18 ;--------------------------------------------------------
                             19 	.area _DATA
                             20 ;--------------------------------------------------------
                             21 ; absolute external ram data
                             22 ;--------------------------------------------------------
                             23 	.area _DABS (ABS)
                             24 ;--------------------------------------------------------
                             25 ; global & static initialisations
                             26 ;--------------------------------------------------------
                             27 	.area _HOME
                             28 	.area _GSINIT
                             29 	.area _GSFINAL
                             30 	.area _GSINIT
                             31 ;--------------------------------------------------------
                             32 ; Home
                             33 ;--------------------------------------------------------
                             34 	.area _HOME
                             35 	.area _HOME
                             36 ;--------------------------------------------------------
                             37 ; code
                             38 ;--------------------------------------------------------
                             39 	.area _CODE_8
                             40 	.area _CODE_8
   0000                      41 _Cog3D_TilesPAL:
   0000 01 2A                42 	.dw #0x2a01
   0002 F7 5E                43 	.dw #0x5ef7
   0004 CE 39                44 	.dw #0x39ce
   0006 C6 18                45 	.dw #0x18c6
   0008 C6 18                46 	.dw #0x18c6
   000A 8A 04                47 	.dw #0x048a
   000C 65 04                48 	.dw #0x0465
   000E 00 00                49 	.dw #0x0000
   0010 CE 39                50 	.dw #0x39ce
   0012 34 01                51 	.dw #0x0134
   0014 CF 00                52 	.dw #0x00cf
   0016 00 00                53 	.dw #0x0000
   0018 CE 39                54 	.dw #0x39ce
   001A 9F 26                55 	.dw #0x269f
   001C 9A 01                56 	.dw #0x019a
   001E 00 00                57 	.dw #0x0000
   0020 F7 5E                58 	.dw #0x5ef7
   0022 3F 1B                59 	.dw #0x1b3f
   0024 D9 02                60 	.dw #0x02d9
   0026 00 00                61 	.dw #0x0000
   0028 F7 5E                62 	.dw #0x5ef7
   002A FF 7F                63 	.dw #0x7fff
   002C BE 47                64 	.dw #0x47be
   002E 00 00                65 	.dw #0x0000
   0030 17 5C                66 	.dw #0x5c17
   0032 1A 74                67 	.dw #0x741a
   0034 17 74                68 	.dw #0x7417
   0036 1A 68                69 	.dw #0x681a
   0038 60 5C                70 	.dw #0x5c60
   003A 60 5C                71 	.dw #0x5c60
   003C FF 7F                72 	.dw #0x7fff
   003E 00 00                73 	.dw #0x0000
   0040                      74 _Cog3D_Tiles:
   0040 00                   75 	.db #0x00	; 0
   0041 00                   76 	.db #0x00	; 0
   0042 00                   77 	.db #0x00	; 0
   0043 00                   78 	.db #0x00	; 0
   0044 00                   79 	.db #0x00	; 0
   0045 00                   80 	.db #0x00	; 0
   0046 00                   81 	.db #0x00	; 0
   0047 00                   82 	.db #0x00	; 0
   0048 00                   83 	.db #0x00	; 0
   0049 00                   84 	.db #0x00	; 0
   004A 00                   85 	.db #0x00	; 0
   004B 00                   86 	.db #0x00	; 0
   004C 00                   87 	.db #0x00	; 0
   004D 00                   88 	.db #0x00	; 0
   004E 00                   89 	.db #0x00	; 0
   004F 00                   90 	.db #0x00	; 0
   0050 FF                   91 	.db #0xff	; 255
   0051 00                   92 	.db #0x00	; 0
   0052 7F                   93 	.db #0x7f	; 127
   0053 00                   94 	.db #0x00	; 0
   0054 3F                   95 	.db #0x3f	; 63
   0055 00                   96 	.db #0x00	; 0
   0056 1F                   97 	.db #0x1f	; 31
   0057 00                   98 	.db #0x00	; 0
   0058 0F                   99 	.db #0x0f	; 15
   0059 00                  100 	.db #0x00	; 0
   005A 07                  101 	.db #0x07	; 7
   005B 00                  102 	.db #0x00	; 0
   005C 03                  103 	.db #0x03	; 3
   005D 00                  104 	.db #0x00	; 0
   005E 01                  105 	.db #0x01	; 1
   005F 00                  106 	.db #0x00	; 0
   0060 00                  107 	.db #0x00	; 0
   0061 FF                  108 	.db #0xff	; 255
   0062 00                  109 	.db #0x00	; 0
   0063 7F                  110 	.db #0x7f	; 127
   0064 00                  111 	.db #0x00	; 0
   0065 3F                  112 	.db #0x3f	; 63
   0066 00                  113 	.db #0x00	; 0
   0067 1F                  114 	.db #0x1f	; 31
   0068 00                  115 	.db #0x00	; 0
   0069 0F                  116 	.db #0x0f	; 15
   006A 00                  117 	.db #0x00	; 0
   006B 07                  118 	.db #0x07	; 7
   006C 00                  119 	.db #0x00	; 0
   006D 03                  120 	.db #0x03	; 3
   006E 00                  121 	.db #0x00	; 0
   006F 01                  122 	.db #0x01	; 1
   0070 FF                  123 	.db #0xff	; 255
   0071 FF                  124 	.db #0xff	; 255
   0072 7F                  125 	.db #0x7f	; 127
   0073 7F                  126 	.db #0x7f	; 127
   0074 3F                  127 	.db #0x3f	; 63
   0075 3F                  128 	.db #0x3f	; 63
   0076 1F                  129 	.db #0x1f	; 31
   0077 1F                  130 	.db #0x1f	; 31
   0078 0F                  131 	.db #0x0f	; 15
   0079 0F                  132 	.db #0x0f	; 15
   007A 07                  133 	.db #0x07	; 7
   007B 07                  134 	.db #0x07	; 7
   007C 03                  135 	.db #0x03	; 3
   007D 03                  136 	.db #0x03	; 3
   007E 01                  137 	.db #0x01	; 1
   007F 01                  138 	.db #0x01	; 1
   0080 FF                  139 	.db #0xff	; 255
   0081 F0                  140 	.db #0xf0	; 240
   0082 FF                  141 	.db #0xff	; 255
   0083 F0                  142 	.db #0xf0	; 240
   0084 7F                  143 	.db #0x7f	; 127
   0085 78                  144 	.db #0x78	; 120	'x'
   0086 7F                  145 	.db #0x7f	; 127
   0087 78                  146 	.db #0x78	; 120	'x'
   0088 3F                  147 	.db #0x3f	; 63
   0089 3C                  148 	.db #0x3c	; 60
   008A 3F                  149 	.db #0x3f	; 63
   008B 3C                  150 	.db #0x3c	; 60
   008C 1F                  151 	.db #0x1f	; 31
   008D 1E                  152 	.db #0x1e	; 30
   008E 1F                  153 	.db #0x1f	; 31
   008F 1E                  154 	.db #0x1e	; 30
   0090 F0                  155 	.db #0xf0	; 240
   0091 FF                  156 	.db #0xff	; 255
   0092 F0                  157 	.db #0xf0	; 240
   0093 FF                  158 	.db #0xff	; 255
   0094 78                  159 	.db #0x78	; 120	'x'
   0095 7F                  160 	.db #0x7f	; 127
   0096 78                  161 	.db #0x78	; 120	'x'
   0097 7F                  162 	.db #0x7f	; 127
   0098 3C                  163 	.db #0x3c	; 60
   0099 3F                  164 	.db #0x3f	; 63
   009A 3C                  165 	.db #0x3c	; 60
   009B 3F                  166 	.db #0x3f	; 63
   009C 1E                  167 	.db #0x1e	; 30
   009D 1F                  168 	.db #0x1f	; 31
   009E 1E                  169 	.db #0x1e	; 30
   009F 1F                  170 	.db #0x1f	; 31
   00A0 FF                  171 	.db #0xff	; 255
   00A1 00                  172 	.db #0x00	; 0
   00A2 FF                  173 	.db #0xff	; 255
   00A3 00                  174 	.db #0x00	; 0
   00A4 FF                  175 	.db #0xff	; 255
   00A5 80                  176 	.db #0x80	; 128
   00A6 FF                  177 	.db #0xff	; 255
   00A7 80                  178 	.db #0x80	; 128
   00A8 FF                  179 	.db #0xff	; 255
   00A9 C0                  180 	.db #0xc0	; 192
   00AA FF                  181 	.db #0xff	; 255
   00AB C0                  182 	.db #0xc0	; 192
   00AC FF                  183 	.db #0xff	; 255
   00AD E0                  184 	.db #0xe0	; 224
   00AE FF                  185 	.db #0xff	; 255
   00AF E0                  186 	.db #0xe0	; 224
   00B0 00                  187 	.db #0x00	; 0
   00B1 FF                  188 	.db #0xff	; 255
   00B2 00                  189 	.db #0x00	; 0
   00B3 FF                  190 	.db #0xff	; 255
   00B4 80                  191 	.db #0x80	; 128
   00B5 FF                  192 	.db #0xff	; 255
   00B6 80                  193 	.db #0x80	; 128
   00B7 FF                  194 	.db #0xff	; 255
   00B8 C0                  195 	.db #0xc0	; 192
   00B9 FF                  196 	.db #0xff	; 255
   00BA C0                  197 	.db #0xc0	; 192
   00BB FF                  198 	.db #0xff	; 255
   00BC E0                  199 	.db #0xe0	; 224
   00BD FF                  200 	.db #0xff	; 255
   00BE E0                  201 	.db #0xe0	; 224
   00BF FF                  202 	.db #0xff	; 255
   00C0 FF                  203 	.db #0xff	; 255
   00C1 00                  204 	.db #0x00	; 0
   00C2 FF                  205 	.db #0xff	; 255
   00C3 00                  206 	.db #0x00	; 0
   00C4 FF                  207 	.db #0xff	; 255
   00C5 00                  208 	.db #0x00	; 0
   00C6 FF                  209 	.db #0xff	; 255
   00C7 00                  210 	.db #0x00	; 0
   00C8 FF                  211 	.db #0xff	; 255
   00C9 00                  212 	.db #0x00	; 0
   00CA FF                  213 	.db #0xff	; 255
   00CB 00                  214 	.db #0x00	; 0
   00CC FF                  215 	.db #0xff	; 255
   00CD 00                  216 	.db #0x00	; 0
   00CE FF                  217 	.db #0xff	; 255
   00CF 00                  218 	.db #0x00	; 0
   00D0 00                  219 	.db #0x00	; 0
   00D1 FF                  220 	.db #0xff	; 255
   00D2 00                  221 	.db #0x00	; 0
   00D3 FF                  222 	.db #0xff	; 255
   00D4 00                  223 	.db #0x00	; 0
   00D5 FF                  224 	.db #0xff	; 255
   00D6 00                  225 	.db #0x00	; 0
   00D7 FF                  226 	.db #0xff	; 255
   00D8 00                  227 	.db #0x00	; 0
   00D9 FF                  228 	.db #0xff	; 255
   00DA 00                  229 	.db #0x00	; 0
   00DB FF                  230 	.db #0xff	; 255
   00DC 00                  231 	.db #0x00	; 0
   00DD FF                  232 	.db #0xff	; 255
   00DE 00                  233 	.db #0x00	; 0
   00DF FF                  234 	.db #0xff	; 255
   00E0 0F                  235 	.db #0x0f	; 15
   00E1 0F                  236 	.db #0x0f	; 15
   00E2 0F                  237 	.db #0x0f	; 15
   00E3 0F                  238 	.db #0x0f	; 15
   00E4 07                  239 	.db #0x07	; 7
   00E5 07                  240 	.db #0x07	; 7
   00E6 07                  241 	.db #0x07	; 7
   00E7 07                  242 	.db #0x07	; 7
   00E8 03                  243 	.db #0x03	; 3
   00E9 03                  244 	.db #0x03	; 3
   00EA 03                  245 	.db #0x03	; 3
   00EB 03                  246 	.db #0x03	; 3
   00EC 01                  247 	.db #0x01	; 1
   00ED 01                  248 	.db #0x01	; 1
   00EE 01                  249 	.db #0x01	; 1
   00EF 01                  250 	.db #0x01	; 1
   00F0 00                  251 	.db #0x00	; 0
   00F1 00                  252 	.db #0x00	; 0
   00F2 00                  253 	.db #0x00	; 0
   00F3 00                  254 	.db #0x00	; 0
   00F4 00                  255 	.db #0x00	; 0
   00F5 00                  256 	.db #0x00	; 0
   00F6 00                  257 	.db #0x00	; 0
   00F7 00                  258 	.db #0x00	; 0
   00F8 00                  259 	.db #0x00	; 0
   00F9 00                  260 	.db #0x00	; 0
   00FA 00                  261 	.db #0x00	; 0
   00FB 00                  262 	.db #0x00	; 0
   00FC 00                  263 	.db #0x00	; 0
   00FD 00                  264 	.db #0x00	; 0
   00FE 00                  265 	.db #0x00	; 0
   00FF 00                  266 	.db #0x00	; 0
   0100 00                  267 	.db #0x00	; 0
   0101 00                  268 	.db #0x00	; 0
   0102 00                  269 	.db #0x00	; 0
   0103 00                  270 	.db #0x00	; 0
   0104 00                  271 	.db #0x00	; 0
   0105 00                  272 	.db #0x00	; 0
   0106 00                  273 	.db #0x00	; 0
   0107 00                  274 	.db #0x00	; 0
   0108 00                  275 	.db #0x00	; 0
   0109 00                  276 	.db #0x00	; 0
   010A 00                  277 	.db #0x00	; 0
   010B 00                  278 	.db #0x00	; 0
   010C 00                  279 	.db #0x00	; 0
   010D 00                  280 	.db #0x00	; 0
   010E 00                  281 	.db #0x00	; 0
   010F 00                  282 	.db #0x00	; 0
                            283 	.area _CABS (ABS)
