                              1 ;--------------------------------------------------------
                              2 ; File Created by SDCC : free open source ANSI-C Compiler
                              3 ; Version 4.0.0 #11528 (MINGW32)
                              4 ;--------------------------------------------------------
                              5 	.module C__Users_Mills_AppData_Local_Temp_lcc61161
                              6 	.optsdcc -mgbz80
                              7 	
                              8 ;--------------------------------------------------------
                              9 ; Public variables in this module
                             10 ;--------------------------------------------------------
                             11 	.globl _Cog_Tiles
                             12 	.globl _Cog_TilesCGB
                             13 	.globl _Cog_TilesPAL
                             14 ;--------------------------------------------------------
                             15 ; special function registers
                             16 ;--------------------------------------------------------
                             17 ;--------------------------------------------------------
                             18 ; ram data
                             19 ;--------------------------------------------------------
                             20 	.area _DATA
                             21 ;--------------------------------------------------------
                             22 ; absolute external ram data
                             23 ;--------------------------------------------------------
                             24 	.area _DABS (ABS)
                             25 ;--------------------------------------------------------
                             26 ; global & static initialisations
                             27 ;--------------------------------------------------------
                             28 	.area _HOME
                             29 	.area _GSINIT
                             30 	.area _GSFINAL
                             31 	.area _GSINIT
                             32 ;--------------------------------------------------------
                             33 ; Home
                             34 ;--------------------------------------------------------
                             35 	.area _HOME
                             36 	.area _HOME
                             37 ;--------------------------------------------------------
                             38 ; code
                             39 ;--------------------------------------------------------
                             40 	.area _CODE_7
                             41 	.area _CODE_7
   0000                      42 _Cog_TilesPAL:
   0000 C0 46                43 	.dw #0x46c0
   0002 54 7B                44 	.dw #0x7b54
   0004 20 75                45 	.dw #0x7520
   0006 00 00                46 	.dw #0x0000
   0008 C0 46                47 	.dw #0x46c0
   000A DE 6A                48 	.dw #0x6ade
   000C 19 44                49 	.dw #0x4419
   000E 00 00                50 	.dw #0x0000
   0010 C0 46                51 	.dw #0x46c0
   0012 BE 5B                52 	.dw #0x5bbe
   0014 7C 02                53 	.dw #0x027c
   0016 00 00                54 	.dw #0x0000
   0018 C0 46                55 	.dw #0x46c0
   001A D7 5F                56 	.dw #0x5fd7
   001C 20 12                57 	.dw #0x1220
   001E 00 00                58 	.dw #0x0000
   0020 C0 46                59 	.dw #0x46c0
   0022 18 63                60 	.dw #0x6318
   0024 CE 39                61 	.dw #0x39ce
   0026 00 00                62 	.dw #0x0000
   0028 C0 46                63 	.dw #0x46c0
   002A 18 63                64 	.dw #0x6318
   002C CE 39                65 	.dw #0x39ce
   002E 00 00                66 	.dw #0x0000
   0030 C0 46                67 	.dw #0x46c0
   0032 18 63                68 	.dw #0x6318
   0034 CE 39                69 	.dw #0x39ce
   0036 00 00                70 	.dw #0x0000
   0038 C0 46                71 	.dw #0x46c0
   003A 18 63                72 	.dw #0x6318
   003C CE 39                73 	.dw #0x39ce
   003E 00 00                74 	.dw #0x0000
   0040                      75 _Cog_TilesCGB:
   0040 00                   76 	.db #0x00	; 0
   0041 00                   77 	.db #0x00	; 0
   0042 00                   78 	.db #0x00	; 0
   0043 00                   79 	.db #0x00	; 0
   0044 00                   80 	.db #0x00	; 0
   0045 00                   81 	.db #0x00	; 0
   0046 00                   82 	.db #0x00	; 0
   0047 00                   83 	.db #0x00	; 0
   0048 00                   84 	.db #0x00	; 0
   0049 00                   85 	.db #0x00	; 0
   004A 00                   86 	.db #0x00	; 0
   004B 00                   87 	.db #0x00	; 0
   004C 00                   88 	.db #0x00	; 0
   004D 00                   89 	.db #0x00	; 0
   004E 00                   90 	.db #0x00	; 0
   004F 00                   91 	.db #0x00	; 0
   0050                      92 _Cog_Tiles:
   0050 00                   93 	.db #0x00	; 0
   0051 00                   94 	.db #0x00	; 0
   0052 00                   95 	.db #0x00	; 0
   0053 00                   96 	.db #0x00	; 0
   0054 00                   97 	.db #0x00	; 0
   0055 00                   98 	.db #0x00	; 0
   0056 00                   99 	.db #0x00	; 0
   0057 00                  100 	.db #0x00	; 0
   0058 00                  101 	.db #0x00	; 0
   0059 00                  102 	.db #0x00	; 0
   005A 00                  103 	.db #0x00	; 0
   005B 00                  104 	.db #0x00	; 0
   005C 00                  105 	.db #0x00	; 0
   005D 00                  106 	.db #0x00	; 0
   005E 00                  107 	.db #0x00	; 0
   005F 00                  108 	.db #0x00	; 0
   0060 00                  109 	.db #0x00	; 0
   0061 00                  110 	.db #0x00	; 0
   0062 00                  111 	.db #0x00	; 0
   0063 00                  112 	.db #0x00	; 0
   0064 00                  113 	.db #0x00	; 0
   0065 00                  114 	.db #0x00	; 0
   0066 00                  115 	.db #0x00	; 0
   0067 00                  116 	.db #0x00	; 0
   0068 00                  117 	.db #0x00	; 0
   0069 00                  118 	.db #0x00	; 0
   006A 00                  119 	.db #0x00	; 0
   006B 00                  120 	.db #0x00	; 0
   006C 00                  121 	.db #0x00	; 0
   006D 00                  122 	.db #0x00	; 0
   006E 00                  123 	.db #0x00	; 0
   006F 00                  124 	.db #0x00	; 0
   0070 0C                  125 	.db #0x0c	; 12
   0071 0F                  126 	.db #0x0f	; 15
   0072 0C                  127 	.db #0x0c	; 12
   0073 0F                  128 	.db #0x0f	; 15
   0074 0C                  129 	.db #0x0c	; 12
   0075 0F                  130 	.db #0x0f	; 15
   0076 0C                  131 	.db #0x0c	; 12
   0077 0F                  132 	.db #0x0f	; 15
   0078 0C                  133 	.db #0x0c	; 12
   0079 0F                  134 	.db #0x0f	; 15
   007A 0C                  135 	.db #0x0c	; 12
   007B 0F                  136 	.db #0x0f	; 15
   007C 04                  137 	.db #0x04	; 4
   007D 07                  138 	.db #0x07	; 7
   007E 04                  139 	.db #0x04	; 4
   007F 07                  140 	.db #0x07	; 7
   0080 00                  141 	.db #0x00	; 0
   0081 00                  142 	.db #0x00	; 0
   0082 00                  143 	.db #0x00	; 0
   0083 00                  144 	.db #0x00	; 0
   0084 00                  145 	.db #0x00	; 0
   0085 00                  146 	.db #0x00	; 0
   0086 00                  147 	.db #0x00	; 0
   0087 00                  148 	.db #0x00	; 0
   0088 00                  149 	.db #0x00	; 0
   0089 00                  150 	.db #0x00	; 0
   008A 00                  151 	.db #0x00	; 0
   008B 00                  152 	.db #0x00	; 0
   008C 00                  153 	.db #0x00	; 0
   008D 00                  154 	.db #0x00	; 0
   008E 00                  155 	.db #0x00	; 0
   008F 00                  156 	.db #0x00	; 0
   0090 04                  157 	.db #0x04	; 4
   0091 07                  158 	.db #0x07	; 7
   0092 04                  159 	.db #0x04	; 4
   0093 07                  160 	.db #0x07	; 7
   0094 06                  161 	.db #0x06	; 6
   0095 07                  162 	.db #0x07	; 7
   0096 06                  163 	.db #0x06	; 6
   0097 07                  164 	.db #0x07	; 7
   0098 06                  165 	.db #0x06	; 6
   0099 07                  166 	.db #0x07	; 7
   009A 06                  167 	.db #0x06	; 6
   009B 07                  168 	.db #0x07	; 7
   009C 0E                  169 	.db #0x0e	; 14
   009D 0F                  170 	.db #0x0f	; 15
   009E 1E                  171 	.db #0x1e	; 30
   009F 19                  172 	.db #0x19	; 25
   00A0 00                  173 	.db #0x00	; 0
   00A1 00                  174 	.db #0x00	; 0
   00A2 00                  175 	.db #0x00	; 0
   00A3 00                  176 	.db #0x00	; 0
   00A4 01                  177 	.db #0x01	; 1
   00A5 01                  178 	.db #0x01	; 1
   00A6 03                  179 	.db #0x03	; 3
   00A7 03                  180 	.db #0x03	; 3
   00A8 07                  181 	.db #0x07	; 7
   00A9 06                  182 	.db #0x06	; 6
   00AA 1F                  183 	.db #0x1f	; 31
   00AB 1C                  184 	.db #0x1c	; 28
   00AC 1F                  185 	.db #0x1f	; 31
   00AD 18                  186 	.db #0x18	; 24
   00AE 0F                  187 	.db #0x0f	; 15
   00AF 08                  188 	.db #0x08	; 8
   00B0 3F                  189 	.db #0x3f	; 63
   00B1 30                  190 	.db #0x30	; 48	'0'
   00B2 FF                  191 	.db #0xff	; 255
   00B3 E0                  192 	.db #0xe0	; 224
   00B4 FF                  193 	.db #0xff	; 255
   00B5 C0                  194 	.db #0xc0	; 192
   00B6 FF                  195 	.db #0xff	; 255
   00B7 00                  196 	.db #0x00	; 0
   00B8 FF                  197 	.db #0xff	; 255
   00B9 00                  198 	.db #0x00	; 0
   00BA FF                  199 	.db #0xff	; 255
   00BB 00                  200 	.db #0x00	; 0
   00BC FF                  201 	.db #0xff	; 255
   00BD 00                  202 	.db #0x00	; 0
   00BE FF                  203 	.db #0xff	; 255
   00BF 00                  204 	.db #0x00	; 0
   00C0 00                  205 	.db #0x00	; 0
   00C1 FF                  206 	.db #0xff	; 255
   00C2 00                  207 	.db #0x00	; 0
   00C3 FF                  208 	.db #0xff	; 255
   00C4 80                  209 	.db #0x80	; 128
   00C5 7F                  210 	.db #0x7f	; 127
   00C6 80                  211 	.db #0x80	; 128
   00C7 7F                  212 	.db #0x7f	; 127
   00C8 80                  213 	.db #0x80	; 128
   00C9 7F                  214 	.db #0x7f	; 127
   00CA C0                  215 	.db #0xc0	; 192
   00CB 3F                  216 	.db #0x3f	; 63
   00CC C0                  217 	.db #0xc0	; 192
   00CD 3F                  218 	.db #0x3f	; 63
   00CE C0                  219 	.db #0xc0	; 192
   00CF 3F                  220 	.db #0x3f	; 63
   00D0 0F                  221 	.db #0x0f	; 15
   00D1 0C                  222 	.db #0x0c	; 12
   00D2 0F                  223 	.db #0x0f	; 15
   00D3 0C                  224 	.db #0x0c	; 12
   00D4 07                  225 	.db #0x07	; 7
   00D5 04                  226 	.db #0x04	; 4
   00D6 07                  227 	.db #0x07	; 7
   00D7 06                  228 	.db #0x06	; 6
   00D8 03                  229 	.db #0x03	; 3
   00D9 02                  230 	.db #0x02	; 2
   00DA 03                  231 	.db #0x03	; 3
   00DB 03                  232 	.db #0x03	; 3
   00DC 03                  233 	.db #0x03	; 3
   00DD 03                  234 	.db #0x03	; 3
   00DE 01                  235 	.db #0x01	; 1
   00DF 01                  236 	.db #0x01	; 1
   00E0 FF                  237 	.db #0xff	; 255
   00E1 00                  238 	.db #0x00	; 0
   00E2 FF                  239 	.db #0xff	; 255
   00E3 00                  240 	.db #0x00	; 0
   00E4 FF                  241 	.db #0xff	; 255
   00E5 00                  242 	.db #0x00	; 0
   00E6 FF                  243 	.db #0xff	; 255
   00E7 00                  244 	.db #0x00	; 0
   00E8 FF                  245 	.db #0xff	; 255
   00E9 00                  246 	.db #0x00	; 0
   00EA FF                  247 	.db #0xff	; 255
   00EB 00                  248 	.db #0x00	; 0
   00EC FF                  249 	.db #0xff	; 255
   00ED 00                  250 	.db #0x00	; 0
   00EE FF                  251 	.db #0xff	; 255
   00EF 00                  252 	.db #0x00	; 0
   00F0 E0                  253 	.db #0xe0	; 224
   00F1 1F                  254 	.db #0x1f	; 31
   00F2 E0                  255 	.db #0xe0	; 224
   00F3 1F                  256 	.db #0x1f	; 31
   00F4 F0                  257 	.db #0xf0	; 240
   00F5 0F                  258 	.db #0x0f	; 15
   00F6 F0                  259 	.db #0xf0	; 240
   00F7 0F                  260 	.db #0x0f	; 15
   00F8 F0                  261 	.db #0xf0	; 240
   00F9 0F                  262 	.db #0x0f	; 15
   00FA F8                  263 	.db #0xf8	; 248
   00FB 07                  264 	.db #0x07	; 7
   00FC F8                  265 	.db #0xf8	; 248
   00FD 07                  266 	.db #0x07	; 7
   00FE FC                  267 	.db #0xfc	; 252
   00FF 03                  268 	.db #0x03	; 3
   0100 01                  269 	.db #0x01	; 1
   0101 01                  270 	.db #0x01	; 1
   0102 01                  271 	.db #0x01	; 1
   0103 01                  272 	.db #0x01	; 1
   0104 00                  273 	.db #0x00	; 0
   0105 00                  274 	.db #0x00	; 0
   0106 00                  275 	.db #0x00	; 0
   0107 00                  276 	.db #0x00	; 0
   0108 00                  277 	.db #0x00	; 0
   0109 00                  278 	.db #0x00	; 0
   010A 00                  279 	.db #0x00	; 0
   010B 00                  280 	.db #0x00	; 0
   010C 00                  281 	.db #0x00	; 0
   010D 00                  282 	.db #0x00	; 0
   010E 00                  283 	.db #0x00	; 0
   010F 00                  284 	.db #0x00	; 0
   0110 FF                  285 	.db #0xff	; 255
   0111 80                  286 	.db #0x80	; 128
   0112 FF                  287 	.db #0xff	; 255
   0113 FF                  288 	.db #0xff	; 255
   0114 F8                  289 	.db #0xf8	; 248
   0115 F8                  290 	.db #0xf8	; 248
   0116 00                  291 	.db #0x00	; 0
   0117 00                  292 	.db #0x00	; 0
   0118 00                  293 	.db #0x00	; 0
   0119 00                  294 	.db #0x00	; 0
   011A 00                  295 	.db #0x00	; 0
   011B 00                  296 	.db #0x00	; 0
   011C 00                  297 	.db #0x00	; 0
   011D 00                  298 	.db #0x00	; 0
   011E 00                  299 	.db #0x00	; 0
   011F 00                  300 	.db #0x00	; 0
   0120 FC                  301 	.db #0xfc	; 252
   0121 07                  302 	.db #0x07	; 7
   0122 FE                  303 	.db #0xfe	; 254
   0123 FF                  304 	.db #0xff	; 255
   0124 06                  305 	.db #0x06	; 6
   0125 07                  306 	.db #0x07	; 7
   0126 03                  307 	.db #0x03	; 3
   0127 03                  308 	.db #0x03	; 3
   0128 01                  309 	.db #0x01	; 1
   0129 01                  310 	.db #0x01	; 1
   012A 00                  311 	.db #0x00	; 0
   012B 00                  312 	.db #0x00	; 0
   012C 00                  313 	.db #0x00	; 0
   012D 00                  314 	.db #0x00	; 0
   012E 00                  315 	.db #0x00	; 0
   012F 00                  316 	.db #0x00	; 0
   0130 00                  317 	.db #0x00	; 0
   0131 FF                  318 	.db #0xff	; 255
   0132 00                  319 	.db #0x00	; 0
   0133 FF                  320 	.db #0xff	; 255
   0134 00                  321 	.db #0x00	; 0
   0135 FF                  322 	.db #0xff	; 255
   0136 00                  323 	.db #0x00	; 0
   0137 FF                  324 	.db #0xff	; 255
   0138 80                  325 	.db #0x80	; 128
   0139 FF                  326 	.db #0xff	; 255
   013A C0                  327 	.db #0xc0	; 192
   013B FF                  328 	.db #0xff	; 255
   013C C0                  329 	.db #0xc0	; 192
   013D FF                  330 	.db #0xff	; 255
   013E 60                  331 	.db #0x60	; 96
   013F 7F                  332 	.db #0x7f	; 127
   0140 00                  333 	.db #0x00	; 0
   0141 00                  334 	.db #0x00	; 0
   0142 00                  335 	.db #0x00	; 0
   0143 00                  336 	.db #0x00	; 0
   0144 00                  337 	.db #0x00	; 0
   0145 00                  338 	.db #0x00	; 0
   0146 00                  339 	.db #0x00	; 0
   0147 00                  340 	.db #0x00	; 0
   0148 00                  341 	.db #0x00	; 0
   0149 00                  342 	.db #0x00	; 0
   014A 00                  343 	.db #0x00	; 0
   014B 00                  344 	.db #0x00	; 0
   014C 00                  345 	.db #0x00	; 0
   014D 00                  346 	.db #0x00	; 0
   014E 00                  347 	.db #0x00	; 0
   014F 00                  348 	.db #0x00	; 0
   0150 00                  349 	.db #0x00	; 0
   0151 00                  350 	.db #0x00	; 0
   0152 00                  351 	.db #0x00	; 0
   0153 00                  352 	.db #0x00	; 0
   0154 00                  353 	.db #0x00	; 0
   0155 00                  354 	.db #0x00	; 0
   0156 00                  355 	.db #0x00	; 0
   0157 00                  356 	.db #0x00	; 0
   0158 00                  357 	.db #0x00	; 0
   0159 00                  358 	.db #0x00	; 0
   015A 00                  359 	.db #0x00	; 0
   015B 00                  360 	.db #0x00	; 0
   015C 00                  361 	.db #0x00	; 0
   015D 00                  362 	.db #0x00	; 0
   015E 00                  363 	.db #0x00	; 0
   015F 00                  364 	.db #0x00	; 0
   0160 30                  365 	.db #0x30	; 48	'0'
   0161 3F                  366 	.db #0x3f	; 63
   0162 30                  367 	.db #0x30	; 48	'0'
   0163 3F                  368 	.db #0x3f	; 63
   0164 18                  369 	.db #0x18	; 24
   0165 1F                  370 	.db #0x1f	; 31
   0166 0C                  371 	.db #0x0c	; 12
   0167 0F                  372 	.db #0x0f	; 15
   0168 06                  373 	.db #0x06	; 6
   0169 07                  374 	.db #0x07	; 7
   016A 07                  375 	.db #0x07	; 7
   016B 06                  376 	.db #0x06	; 6
   016C 0F                  377 	.db #0x0f	; 15
   016D 0C                  378 	.db #0x0c	; 12
   016E 0F                  379 	.db #0x0f	; 15
   016F 0C                  380 	.db #0x0c	; 12
   0170 00                  381 	.db #0x00	; 0
   0171 FF                  382 	.db #0xff	; 255
   0172 00                  383 	.db #0x00	; 0
   0173 FF                  384 	.db #0xff	; 255
   0174 00                  385 	.db #0x00	; 0
   0175 FF                  386 	.db #0xff	; 255
   0176 00                  387 	.db #0x00	; 0
   0177 FF                  388 	.db #0xff	; 255
   0178 00                  389 	.db #0x00	; 0
   0179 FF                  390 	.db #0xff	; 255
   017A 00                  391 	.db #0x00	; 0
   017B FF                  392 	.db #0xff	; 255
   017C 80                  393 	.db #0x80	; 128
   017D 7F                  394 	.db #0x7f	; 127
   017E C0                  395 	.db #0xc0	; 192
   017F 3F                  396 	.db #0x3f	; 63
   0180 00                  397 	.db #0x00	; 0
   0181 00                  398 	.db #0x00	; 0
   0182 00                  399 	.db #0x00	; 0
   0183 00                  400 	.db #0x00	; 0
   0184 00                  401 	.db #0x00	; 0
   0185 00                  402 	.db #0x00	; 0
   0186 00                  403 	.db #0x00	; 0
   0187 00                  404 	.db #0x00	; 0
   0188 00                  405 	.db #0x00	; 0
   0189 00                  406 	.db #0x00	; 0
   018A 00                  407 	.db #0x00	; 0
   018B 00                  408 	.db #0x00	; 0
   018C 00                  409 	.db #0x00	; 0
   018D 00                  410 	.db #0x00	; 0
   018E 00                  411 	.db #0x00	; 0
   018F 00                  412 	.db #0x00	; 0
   0190 0F                  413 	.db #0x0f	; 15
   0191 08                  414 	.db #0x08	; 8
   0192 1F                  415 	.db #0x1f	; 31
   0193 18                  416 	.db #0x18	; 24
   0194 1F                  417 	.db #0x1f	; 31
   0195 18                  418 	.db #0x18	; 24
   0196 3F                  419 	.db #0x3f	; 63
   0197 30                  420 	.db #0x30	; 48	'0'
   0198 3F                  421 	.db #0x3f	; 63
   0199 30                  422 	.db #0x30	; 48	'0'
   019A 3F                  423 	.db #0x3f	; 63
   019B 20                  424 	.db #0x20	; 32
   019C 7F                  425 	.db #0x7f	; 127
   019D 60                  426 	.db #0x60	; 96
   019E 7F                  427 	.db #0x7f	; 127
   019F 60                  428 	.db #0x60	; 96
   01A0 E0                  429 	.db #0xe0	; 224
   01A1 1F                  430 	.db #0x1f	; 31
   01A2 F8                  431 	.db #0xf8	; 248
   01A3 07                  432 	.db #0x07	; 7
   01A4 FC                  433 	.db #0xfc	; 252
   01A5 03                  434 	.db #0x03	; 3
   01A6 FE                  435 	.db #0xfe	; 254
   01A7 01                  436 	.db #0x01	; 1
   01A8 FF                  437 	.db #0xff	; 255
   01A9 00                  438 	.db #0x00	; 0
   01AA FF                  439 	.db #0xff	; 255
   01AB 00                  440 	.db #0x00	; 0
   01AC FF                  441 	.db #0xff	; 255
   01AD 00                  442 	.db #0x00	; 0
   01AE FF                  443 	.db #0xff	; 255
   01AF 00                  444 	.db #0x00	; 0
   01B0 00                  445 	.db #0x00	; 0
   01B1 FF                  446 	.db #0xff	; 255
   01B2 00                  447 	.db #0x00	; 0
   01B3 FF                  448 	.db #0xff	; 255
   01B4 00                  449 	.db #0x00	; 0
   01B5 FF                  450 	.db #0xff	; 255
   01B6 00                  451 	.db #0x00	; 0
   01B7 FF                  452 	.db #0xff	; 255
   01B8 00                  453 	.db #0x00	; 0
   01B9 FF                  454 	.db #0xff	; 255
   01BA 80                  455 	.db #0x80	; 128
   01BB 7F                  456 	.db #0x7f	; 127
   01BC E0                  457 	.db #0xe0	; 224
   01BD 1F                  458 	.db #0x1f	; 31
   01BE F0                  459 	.db #0xf0	; 240
   01BF 0F                  460 	.db #0x0f	; 15
   01C0 7F                  461 	.db #0x7f	; 127
   01C1 40                  462 	.db #0x40	; 64
   01C2 FF                  463 	.db #0xff	; 255
   01C3 E0                  464 	.db #0xe0	; 224
   01C4 3F                  465 	.db #0x3f	; 63
   01C5 30                  466 	.db #0x30	; 48	'0'
   01C6 1F                  467 	.db #0x1f	; 31
   01C7 18                  468 	.db #0x18	; 24
   01C8 0F                  469 	.db #0x0f	; 15
   01C9 0E                  470 	.db #0x0e	; 14
   01CA 07                  471 	.db #0x07	; 7
   01CB 07                  472 	.db #0x07	; 7
   01CC 01                  473 	.db #0x01	; 1
   01CD 01                  474 	.db #0x01	; 1
   01CE 00                  475 	.db #0x00	; 0
   01CF 00                  476 	.db #0x00	; 0
   01D0 FF                  477 	.db #0xff	; 255
   01D1 00                  478 	.db #0x00	; 0
   01D2 FF                  479 	.db #0xff	; 255
   01D3 00                  480 	.db #0x00	; 0
   01D4 FF                  481 	.db #0xff	; 255
   01D5 00                  482 	.db #0x00	; 0
   01D6 FF                  483 	.db #0xff	; 255
   01D7 00                  484 	.db #0x00	; 0
   01D8 FF                  485 	.db #0xff	; 255
   01D9 00                  486 	.db #0x00	; 0
   01DA FF                  487 	.db #0xff	; 255
   01DB 01                  488 	.db #0x01	; 1
   01DC FF                  489 	.db #0xff	; 255
   01DD 83                  490 	.db #0x83	; 131
   01DE FE                  491 	.db #0xfe	; 254
   01DF CE                  492 	.db #0xce	; 206
   01E0 F8                  493 	.db #0xf8	; 248
   01E1 07                  494 	.db #0x07	; 7
   01E2 FE                  495 	.db #0xfe	; 254
   01E3 07                  496 	.db #0x07	; 7
   01E4 FF                  497 	.db #0xff	; 255
   01E5 0F                  498 	.db #0x0f	; 15
   01E6 F9                  499 	.db #0xf9	; 249
   01E7 39                  500 	.db #0x39	; 57	'9'
   01E8 F0                  501 	.db #0xf0	; 240
   01E9 70                  502 	.db #0x70	; 112	'p'
   01EA C0                  503 	.db #0xc0	; 192
   01EB C0                  504 	.db #0xc0	; 192
   01EC 00                  505 	.db #0x00	; 0
   01ED 00                  506 	.db #0x00	; 0
   01EE 00                  507 	.db #0x00	; 0
   01EF 00                  508 	.db #0x00	; 0
   01F0 00                  509 	.db #0x00	; 0
   01F1 FF                  510 	.db #0xff	; 255
   01F2 00                  511 	.db #0x00	; 0
   01F3 FF                  512 	.db #0xff	; 255
   01F4 80                  513 	.db #0x80	; 128
   01F5 FF                  514 	.db #0xff	; 255
   01F6 E0                  515 	.db #0xe0	; 224
   01F7 FF                  516 	.db #0xff	; 255
   01F8 38                  517 	.db #0x38	; 56	'8'
   01F9 3F                  518 	.db #0x3f	; 63
   01FA 0F                  519 	.db #0x0f	; 15
   01FB 0F                  520 	.db #0x0f	; 15
   01FC 03                  521 	.db #0x03	; 3
   01FD 03                  522 	.db #0x03	; 3
   01FE 00                  523 	.db #0x00	; 0
   01FF 00                  524 	.db #0x00	; 0
   0200 00                  525 	.db #0x00	; 0
   0201 FF                  526 	.db #0xff	; 255
   0202 00                  527 	.db #0x00	; 0
   0203 FF                  528 	.db #0xff	; 255
   0204 00                  529 	.db #0x00	; 0
   0205 FF                  530 	.db #0xff	; 255
   0206 00                  531 	.db #0x00	; 0
   0207 FF                  532 	.db #0xff	; 255
   0208 00                  533 	.db #0x00	; 0
   0209 FF                  534 	.db #0xff	; 255
   020A 00                  535 	.db #0x00	; 0
   020B FF                  536 	.db #0xff	; 255
   020C C0                  537 	.db #0xc0	; 192
   020D FF                  538 	.db #0xff	; 255
   020E F8                  539 	.db #0xf8	; 248
   020F F7                  540 	.db #0xf7	; 247
   0210 78                  541 	.db #0x78	; 120	'x'
   0211 78                  542 	.db #0x78	; 120	'x'
   0212 30                  543 	.db #0x30	; 48	'0'
   0213 30                  544 	.db #0x30	; 48	'0'
   0214 00                  545 	.db #0x00	; 0
   0215 00                  546 	.db #0x00	; 0
   0216 00                  547 	.db #0x00	; 0
   0217 00                  548 	.db #0x00	; 0
   0218 00                  549 	.db #0x00	; 0
   0219 00                  550 	.db #0x00	; 0
   021A 00                  551 	.db #0x00	; 0
   021B 00                  552 	.db #0x00	; 0
   021C 00                  553 	.db #0x00	; 0
   021D 00                  554 	.db #0x00	; 0
   021E 00                  555 	.db #0x00	; 0
   021F 00                  556 	.db #0x00	; 0
   0220 00                  557 	.db #0x00	; 0
   0221 00                  558 	.db #0x00	; 0
   0222 00                  559 	.db #0x00	; 0
   0223 00                  560 	.db #0x00	; 0
   0224 00                  561 	.db #0x00	; 0
   0225 00                  562 	.db #0x00	; 0
   0226 00                  563 	.db #0x00	; 0
   0227 00                  564 	.db #0x00	; 0
   0228 00                  565 	.db #0x00	; 0
   0229 00                  566 	.db #0x00	; 0
   022A 00                  567 	.db #0x00	; 0
   022B 00                  568 	.db #0x00	; 0
   022C 00                  569 	.db #0x00	; 0
   022D 00                  570 	.db #0x00	; 0
   022E 00                  571 	.db #0x00	; 0
   022F 00                  572 	.db #0x00	; 0
   0230 00                  573 	.db #0x00	; 0
   0231 00                  574 	.db #0x00	; 0
   0232 00                  575 	.db #0x00	; 0
   0233 00                  576 	.db #0x00	; 0
   0234 00                  577 	.db #0x00	; 0
   0235 00                  578 	.db #0x00	; 0
   0236 00                  579 	.db #0x00	; 0
   0237 00                  580 	.db #0x00	; 0
   0238 00                  581 	.db #0x00	; 0
   0239 00                  582 	.db #0x00	; 0
   023A 00                  583 	.db #0x00	; 0
   023B 00                  584 	.db #0x00	; 0
   023C 00                  585 	.db #0x00	; 0
   023D 00                  586 	.db #0x00	; 0
   023E 00                  587 	.db #0x00	; 0
   023F 00                  588 	.db #0x00	; 0
   0240 3F                  589 	.db #0x3f	; 63
   0241 30                  590 	.db #0x30	; 48	'0'
   0242 1F                  591 	.db #0x1f	; 31
   0243 10                  592 	.db #0x10	; 16
   0244 1F                  593 	.db #0x1f	; 31
   0245 10                  594 	.db #0x10	; 16
   0246 1F                  595 	.db #0x1f	; 31
   0247 10                  596 	.db #0x10	; 16
   0248 1F                  597 	.db #0x1f	; 31
   0249 18                  598 	.db #0x18	; 24
   024A 1F                  599 	.db #0x1f	; 31
   024B 18                  600 	.db #0x18	; 24
   024C 1F                  601 	.db #0x1f	; 31
   024D 18                  602 	.db #0x18	; 24
   024E 1F                  603 	.db #0x1f	; 31
   024F 18                  604 	.db #0x18	; 24
   0250 E0                  605 	.db #0xe0	; 224
   0251 1F                  606 	.db #0x1f	; 31
   0252 FF                  607 	.db #0xff	; 255
   0253 00                  608 	.db #0x00	; 0
   0254 FF                  609 	.db #0xff	; 255
   0255 00                  610 	.db #0x00	; 0
   0256 FF                  611 	.db #0xff	; 255
   0257 00                  612 	.db #0x00	; 0
   0258 FF                  613 	.db #0xff	; 255
   0259 00                  614 	.db #0x00	; 0
   025A FF                  615 	.db #0xff	; 255
   025B 00                  616 	.db #0x00	; 0
   025C FF                  617 	.db #0xff	; 255
   025D 00                  618 	.db #0x00	; 0
   025E FF                  619 	.db #0xff	; 255
   025F 00                  620 	.db #0x00	; 0
   0260 00                  621 	.db #0x00	; 0
   0261 FF                  622 	.db #0xff	; 255
   0262 80                  623 	.db #0x80	; 128
   0263 7F                  624 	.db #0x7f	; 127
   0264 FF                  625 	.db #0xff	; 255
   0265 01                  626 	.db #0x01	; 1
   0266 FF                  627 	.db #0xff	; 255
   0267 03                  628 	.db #0x03	; 3
   0268 FF                  629 	.db #0xff	; 255
   0269 03                  630 	.db #0x03	; 3
   026A FE                  631 	.db #0xfe	; 254
   026B 06                  632 	.db #0x06	; 6
   026C FE                  633 	.db #0xfe	; 254
   026D 06                  634 	.db #0x06	; 6
   026E FC                  635 	.db #0xfc	; 252
   026F 0C                  636 	.db #0x0c	; 12
   0270 00                  637 	.db #0x00	; 0
   0271 00                  638 	.db #0x00	; 0
   0272 00                  639 	.db #0x00	; 0
   0273 00                  640 	.db #0x00	; 0
   0274 00                  641 	.db #0x00	; 0
   0275 00                  642 	.db #0x00	; 0
   0276 00                  643 	.db #0x00	; 0
   0277 00                  644 	.db #0x00	; 0
   0278 00                  645 	.db #0x00	; 0
   0279 00                  646 	.db #0x00	; 0
   027A 00                  647 	.db #0x00	; 0
   027B 00                  648 	.db #0x00	; 0
   027C 00                  649 	.db #0x00	; 0
   027D 00                  650 	.db #0x00	; 0
   027E 00                  651 	.db #0x00	; 0
   027F 00                  652 	.db #0x00	; 0
   0280 00                  653 	.db #0x00	; 0
   0281 00                  654 	.db #0x00	; 0
   0282 00                  655 	.db #0x00	; 0
   0283 00                  656 	.db #0x00	; 0
   0284 00                  657 	.db #0x00	; 0
   0285 00                  658 	.db #0x00	; 0
   0286 00                  659 	.db #0x00	; 0
   0287 00                  660 	.db #0x00	; 0
   0288 00                  661 	.db #0x00	; 0
   0289 00                  662 	.db #0x00	; 0
   028A 00                  663 	.db #0x00	; 0
   028B 00                  664 	.db #0x00	; 0
   028C 00                  665 	.db #0x00	; 0
   028D 00                  666 	.db #0x00	; 0
   028E 00                  667 	.db #0x00	; 0
   028F 00                  668 	.db #0x00	; 0
   0290 0F                  669 	.db #0x0f	; 15
   0291 08                  670 	.db #0x08	; 8
   0292 0F                  671 	.db #0x0f	; 15
   0293 08                  672 	.db #0x08	; 8
   0294 0F                  673 	.db #0x0f	; 15
   0295 08                  674 	.db #0x08	; 8
   0296 0F                  675 	.db #0x0f	; 15
   0297 0C                  676 	.db #0x0c	; 12
   0298 0F                  677 	.db #0x0f	; 15
   0299 0F                  678 	.db #0x0f	; 15
   029A 07                  679 	.db #0x07	; 7
   029B 07                  680 	.db #0x07	; 7
   029C 00                  681 	.db #0x00	; 0
   029D 00                  682 	.db #0x00	; 0
   029E 00                  683 	.db #0x00	; 0
   029F 00                  684 	.db #0x00	; 0
   02A0 FF                  685 	.db #0xff	; 255
   02A1 00                  686 	.db #0x00	; 0
   02A2 FF                  687 	.db #0xff	; 255
   02A3 00                  688 	.db #0x00	; 0
   02A4 FF                  689 	.db #0xff	; 255
   02A5 00                  690 	.db #0x00	; 0
   02A6 FF                  691 	.db #0xff	; 255
   02A7 00                  692 	.db #0x00	; 0
   02A8 FF                  693 	.db #0xff	; 255
   02A9 00                  694 	.db #0x00	; 0
   02AA FF                  695 	.db #0xff	; 255
   02AB FC                  696 	.db #0xfc	; 252
   02AC 1F                  697 	.db #0x1f	; 31
   02AD 1F                  698 	.db #0x1f	; 31
   02AE 00                  699 	.db #0x00	; 0
   02AF 00                  700 	.db #0x00	; 0
   02B0 FC                  701 	.db #0xfc	; 252
   02B1 0C                  702 	.db #0x0c	; 12
   02B2 F8                  703 	.db #0xf8	; 248
   02B3 18                  704 	.db #0x18	; 24
   02B4 F8                  705 	.db #0xf8	; 248
   02B5 18                  706 	.db #0x18	; 24
   02B6 F0                  707 	.db #0xf0	; 240
   02B7 30                  708 	.db #0x30	; 48	'0'
   02B8 F0                  709 	.db #0xf0	; 240
   02B9 30                  710 	.db #0x30	; 48	'0'
   02BA E0                  711 	.db #0xe0	; 224
   02BB 60                  712 	.db #0x60	; 96
   02BC E0                  713 	.db #0xe0	; 224
   02BD E0                  714 	.db #0xe0	; 224
   02BE 40                  715 	.db #0x40	; 64
   02BF 40                  716 	.db #0x40	; 64
   02C0 00                  717 	.db #0x00	; 0
   02C1 FF                  718 	.db #0xff	; 255
   02C2 00                  719 	.db #0x00	; 0
   02C3 FF                  720 	.db #0xff	; 255
   02C4 00                  721 	.db #0x00	; 0
   02C5 FF                  722 	.db #0xff	; 255
   02C6 00                  723 	.db #0x00	; 0
   02C7 FF                  724 	.db #0xff	; 255
   02C8 00                  725 	.db #0x00	; 0
   02C9 FF                  726 	.db #0xff	; 255
   02CA 00                  727 	.db #0x00	; 0
   02CB FF                  728 	.db #0xff	; 255
   02CC 00                  729 	.db #0x00	; 0
   02CD FF                  730 	.db #0xff	; 255
   02CE 00                  731 	.db #0x00	; 0
   02CF FF                  732 	.db #0xff	; 255
   02D0 FF                  733 	.db #0xff	; 255
   02D1 FF                  734 	.db #0xff	; 255
   02D2 FF                  735 	.db #0xff	; 255
   02D3 00                  736 	.db #0x00	; 0
   02D4 FF                  737 	.db #0xff	; 255
   02D5 00                  738 	.db #0x00	; 0
   02D6 FF                  739 	.db #0xff	; 255
   02D7 00                  740 	.db #0x00	; 0
   02D8 00                  741 	.db #0x00	; 0
   02D9 FF                  742 	.db #0xff	; 255
   02DA 00                  743 	.db #0x00	; 0
   02DB FF                  744 	.db #0xff	; 255
   02DC 00                  745 	.db #0x00	; 0
   02DD FF                  746 	.db #0xff	; 255
   02DE FF                  747 	.db #0xff	; 255
   02DF FF                  748 	.db #0xff	; 255
   02E0 FF                  749 	.db #0xff	; 255
   02E1 FF                  750 	.db #0xff	; 255
   02E2 FF                  751 	.db #0xff	; 255
   02E3 01                  752 	.db #0x01	; 1
   02E4 FD                  753 	.db #0xfd	; 253
   02E5 03                  754 	.db #0x03	; 3
   02E6 FB                  755 	.db #0xfb	; 251
   02E7 05                  756 	.db #0x05	; 5
   02E8 05                  757 	.db #0x05	; 5
   02E9 FB                  758 	.db #0xfb	; 251
   02EA 2B                  759 	.db #0x2b	; 43
   02EB F5                  760 	.db #0xf5	; 245
   02EC 65                  761 	.db #0x65	; 101	'e'
   02ED FB                  762 	.db #0xfb	; 251
   02EE EB                  763 	.db #0xeb	; 235
   02EF F5                  764 	.db #0xf5	; 245
   02F0 E5                  765 	.db #0xe5	; 229
   02F1 FB                  766 	.db #0xfb	; 251
   02F2 EB                  767 	.db #0xeb	; 235
   02F3 F5                  768 	.db #0xf5	; 245
   02F4 E5                  769 	.db #0xe5	; 229
   02F5 FB                  770 	.db #0xfb	; 251
   02F6 EB                  771 	.db #0xeb	; 235
   02F7 F5                  772 	.db #0xf5	; 245
   02F8 E5                  773 	.db #0xe5	; 229
   02F9 FB                  774 	.db #0xfb	; 251
   02FA EB                  775 	.db #0xeb	; 235
   02FB F5                  776 	.db #0xf5	; 245
   02FC E5                  777 	.db #0xe5	; 229
   02FD FB                  778 	.db #0xfb	; 251
   02FE EB                  779 	.db #0xeb	; 235
   02FF F5                  780 	.db #0xf5	; 245
   0300 F5                  781 	.db #0xf5	; 245
   0301 EB                  782 	.db #0xeb	; 235
   0302 EB                  783 	.db #0xeb	; 235
   0303 F4                  784 	.db #0xf4	; 244
   0304 F7                  785 	.db #0xf7	; 247
   0305 E8                  786 	.db #0xe8	; 232
   0306 EF                  787 	.db #0xef	; 239
   0307 F0                  788 	.db #0xf0	; 240
   0308 F0                  789 	.db #0xf0	; 240
   0309 EF                  790 	.db #0xef	; 239
   030A E0                  791 	.db #0xe0	; 224
   030B FF                  792 	.db #0xff	; 255
   030C C0                  793 	.db #0xc0	; 192
   030D FF                  794 	.db #0xff	; 255
   030E FF                  795 	.db #0xff	; 255
   030F FF                  796 	.db #0xff	; 255
   0310 FF                  797 	.db #0xff	; 255
   0311 FF                  798 	.db #0xff	; 255
   0312 FF                  799 	.db #0xff	; 255
   0313 FF                  800 	.db #0xff	; 255
   0314 FF                  801 	.db #0xff	; 255
   0315 FF                  802 	.db #0xff	; 255
   0316 FF                  803 	.db #0xff	; 255
   0317 FF                  804 	.db #0xff	; 255
   0318 F5                  805 	.db #0xf5	; 245
   0319 FF                  806 	.db #0xff	; 255
   031A EB                  807 	.db #0xeb	; 235
   031B FF                  808 	.db #0xff	; 255
   031C F7                  809 	.db #0xf7	; 247
   031D FD                  810 	.db #0xfd	; 253
   031E EF                  811 	.db #0xef	; 239
   031F FB                  812 	.db #0xfb	; 251
   0320 FF                  813 	.db #0xff	; 255
   0321 FF                  814 	.db #0xff	; 255
   0322 F3                  815 	.db #0xf3	; 243
   0323 0F                  816 	.db #0x0f	; 15
   0324 E1                  817 	.db #0xe1	; 225
   0325 1F                  818 	.db #0x1f	; 31
   0326 F3                  819 	.db #0xf3	; 243
   0327 0F                  820 	.db #0x0f	; 15
   0328 01                  821 	.db #0x01	; 1
   0329 FF                  822 	.db #0xff	; 255
   032A 01                  823 	.db #0x01	; 1
   032B FF                  824 	.db #0xff	; 255
   032C 01                  825 	.db #0x01	; 1
   032D FF                  826 	.db #0xff	; 255
   032E FF                  827 	.db #0xff	; 255
   032F FF                  828 	.db #0xff	; 255
   0330 FF                  829 	.db #0xff	; 255
   0331 FF                  830 	.db #0xff	; 255
   0332 FF                  831 	.db #0xff	; 255
   0333 80                  832 	.db #0x80	; 128
   0334 BF                  833 	.db #0xbf	; 191
   0335 C0                  834 	.db #0xc0	; 192
   0336 8F                  835 	.db #0x8f	; 143
   0337 F0                  836 	.db #0xf0	; 240
   0338 87                  837 	.db #0x87	; 135
   0339 F8                  838 	.db #0xf8	; 248
   033A 83                  839 	.db #0x83	; 131
   033B FC                  840 	.db #0xfc	; 252
   033C 83                  841 	.db #0x83	; 131
   033D FC                  842 	.db #0xfc	; 252
   033E 81                  843 	.db #0x81	; 129
   033F FE                  844 	.db #0xfe	; 254
   0340 FF                  845 	.db #0xff	; 255
   0341 FF                  846 	.db #0xff	; 255
   0342 FF                  847 	.db #0xff	; 255
   0343 01                  848 	.db #0x01	; 1
   0344 FF                  849 	.db #0xff	; 255
   0345 01                  850 	.db #0x01	; 1
   0346 FF                  851 	.db #0xff	; 255
   0347 01                  852 	.db #0x01	; 1
   0348 FF                  853 	.db #0xff	; 255
   0349 01                  854 	.db #0x01	; 1
   034A FF                  855 	.db #0xff	; 255
   034B 01                  856 	.db #0x01	; 1
   034C FF                  857 	.db #0xff	; 255
   034D 01                  858 	.db #0x01	; 1
   034E 7F                  859 	.db #0x7f	; 127
   034F 81                  860 	.db #0x81	; 129
   0350 3F                  861 	.db #0x3f	; 63
   0351 C1                  862 	.db #0xc1	; 193
   0352 1F                  863 	.db #0x1f	; 31
   0353 E1                  864 	.db #0xe1	; 225
   0354 0F                  865 	.db #0x0f	; 15
   0355 F1                  866 	.db #0xf1	; 241
   0356 07                  867 	.db #0x07	; 7
   0357 F9                  868 	.db #0xf9	; 249
   0358 07                  869 	.db #0x07	; 7
   0359 F9                  870 	.db #0xf9	; 249
   035A 01                  871 	.db #0x01	; 1
   035B FF                  872 	.db #0xff	; 255
   035C 01                  873 	.db #0x01	; 1
   035D FF                  874 	.db #0xff	; 255
   035E FF                  875 	.db #0xff	; 255
   035F FF                  876 	.db #0xff	; 255
   0360 C0                  877 	.db #0xc0	; 192
   0361 FF                  878 	.db #0xff	; 255
   0362 E0                  879 	.db #0xe0	; 224
   0363 FF                  880 	.db #0xff	; 255
   0364 C8                  881 	.db #0xc8	; 200
   0365 FF                  882 	.db #0xff	; 255
   0366 E4                  883 	.db #0xe4	; 228
   0367 FF                  884 	.db #0xff	; 255
   0368 F0                  885 	.db #0xf0	; 240
   0369 FF                  886 	.db #0xff	; 255
   036A D2                  887 	.db #0xd2	; 210
   036B FF                  888 	.db #0xff	; 255
   036C FF                  889 	.db #0xff	; 255
   036D FF                  890 	.db #0xff	; 255
   036E FF                  891 	.db #0xff	; 255
   036F FF                  892 	.db #0xff	; 255
   0370 85                  893 	.db #0x85	; 133
   0371 7F                  894 	.db #0x7f	; 127
   0372 0A                  895 	.db #0x0a	; 10
   0373 FE                  896 	.db #0xfe	; 254
   0374 14                  897 	.db #0x14	; 20
   0375 FC                  898 	.db #0xfc	; 252
   0376 28                  899 	.db #0x28	; 40
   0377 F8                  900 	.db #0xf8	; 248
   0378 50                  901 	.db #0x50	; 80	'P'
   0379 F0                  902 	.db #0xf0	; 240
   037A A0                  903 	.db #0xa0	; 160
   037B E0                  904 	.db #0xe0	; 224
   037C 40                  905 	.db #0x40	; 64
   037D C0                  906 	.db #0xc0	; 192
   037E 80                  907 	.db #0x80	; 128
   037F 80                  908 	.db #0x80	; 128
   0380 FC                  909 	.db #0xfc	; 252
   0381 00                  910 	.db #0x00	; 0
   0382 FE                  911 	.db #0xfe	; 254
   0383 00                  912 	.db #0x00	; 0
   0384 FF                  913 	.db #0xff	; 255
   0385 00                  914 	.db #0x00	; 0
   0386 FF                  915 	.db #0xff	; 255
   0387 00                  916 	.db #0x00	; 0
   0388 FF                  917 	.db #0xff	; 255
   0389 00                  918 	.db #0x00	; 0
   038A FF                  919 	.db #0xff	; 255
   038B 00                  920 	.db #0x00	; 0
   038C FF                  921 	.db #0xff	; 255
   038D 00                  922 	.db #0x00	; 0
   038E FF                  923 	.db #0xff	; 255
   038F 00                  924 	.db #0x00	; 0
   0390 00                  925 	.db #0x00	; 0
   0391 00                  926 	.db #0x00	; 0
   0392 00                  927 	.db #0x00	; 0
   0393 00                  928 	.db #0x00	; 0
   0394 80                  929 	.db #0x80	; 128
   0395 00                  930 	.db #0x00	; 0
   0396 E0                  931 	.db #0xe0	; 224
   0397 00                  932 	.db #0x00	; 0
   0398 F8                  933 	.db #0xf8	; 248
   0399 00                  934 	.db #0x00	; 0
   039A FF                  935 	.db #0xff	; 255
   039B 00                  936 	.db #0x00	; 0
   039C FF                  937 	.db #0xff	; 255
   039D 00                  938 	.db #0x00	; 0
   039E FF                  939 	.db #0xff	; 255
   039F 00                  940 	.db #0x00	; 0
   03A0 00                  941 	.db #0x00	; 0
   03A1 00                  942 	.db #0x00	; 0
   03A2 00                  943 	.db #0x00	; 0
   03A3 00                  944 	.db #0x00	; 0
   03A4 00                  945 	.db #0x00	; 0
   03A5 00                  946 	.db #0x00	; 0
   03A6 00                  947 	.db #0x00	; 0
   03A7 00                  948 	.db #0x00	; 0
   03A8 00                  949 	.db #0x00	; 0
   03A9 00                  950 	.db #0x00	; 0
   03AA 80                  951 	.db #0x80	; 128
   03AB 00                  952 	.db #0x00	; 0
   03AC FF                  953 	.db #0xff	; 255
   03AD 00                  954 	.db #0x00	; 0
   03AE FF                  955 	.db #0xff	; 255
   03AF 00                  956 	.db #0x00	; 0
   03B0 07                  957 	.db #0x07	; 7
   03B1 F8                  958 	.db #0xf8	; 248
   03B2 03                  959 	.db #0x03	; 3
   03B3 FC                  960 	.db #0xfc	; 252
   03B4 00                  961 	.db #0x00	; 0
   03B5 FF                  962 	.db #0xff	; 255
   03B6 00                  963 	.db #0x00	; 0
   03B7 FF                  964 	.db #0xff	; 255
   03B8 00                  965 	.db #0x00	; 0
   03B9 FF                  966 	.db #0xff	; 255
   03BA 00                  967 	.db #0x00	; 0
   03BB FF                  968 	.db #0xff	; 255
   03BC 00                  969 	.db #0x00	; 0
   03BD FF                  970 	.db #0xff	; 255
   03BE 00                  971 	.db #0x00	; 0
   03BF FF                  972 	.db #0xff	; 255
   03C0 FF                  973 	.db #0xff	; 255
   03C1 00                  974 	.db #0x00	; 0
   03C2 FF                  975 	.db #0xff	; 255
   03C3 00                  976 	.db #0x00	; 0
   03C4 FF                  977 	.db #0xff	; 255
   03C5 00                  978 	.db #0x00	; 0
   03C6 7F                  979 	.db #0x7f	; 127
   03C7 80                  980 	.db #0x80	; 128
   03C8 1F                  981 	.db #0x1f	; 31
   03C9 E0                  982 	.db #0xe0	; 224
   03CA 07                  983 	.db #0x07	; 7
   03CB F8                  984 	.db #0xf8	; 248
   03CC 01                  985 	.db #0x01	; 1
   03CD FE                  986 	.db #0xfe	; 254
   03CE 00                  987 	.db #0x00	; 0
   03CF FF                  988 	.db #0xff	; 255
   03D0 FF                  989 	.db #0xff	; 255
   03D1 00                  990 	.db #0x00	; 0
   03D2 FF                  991 	.db #0xff	; 255
   03D3 00                  992 	.db #0x00	; 0
   03D4 FF                  993 	.db #0xff	; 255
   03D5 00                  994 	.db #0x00	; 0
   03D6 FF                  995 	.db #0xff	; 255
   03D7 00                  996 	.db #0x00	; 0
   03D8 FF                  997 	.db #0xff	; 255
   03D9 00                  998 	.db #0x00	; 0
   03DA FF                  999 	.db #0xff	; 255
   03DB 00                 1000 	.db #0x00	; 0
   03DC FF                 1001 	.db #0xff	; 255
   03DD 00                 1002 	.db #0x00	; 0
   03DE FF                 1003 	.db #0xff	; 255
   03DF 00                 1004 	.db #0x00	; 0
   03E0 FF                 1005 	.db #0xff	; 255
   03E1 00                 1006 	.db #0x00	; 0
   03E2 FF                 1007 	.db #0xff	; 255
   03E3 00                 1008 	.db #0x00	; 0
   03E4 FF                 1009 	.db #0xff	; 255
   03E5 00                 1010 	.db #0x00	; 0
   03E6 FF                 1011 	.db #0xff	; 255
   03E7 00                 1012 	.db #0x00	; 0
   03E8 FF                 1013 	.db #0xff	; 255
   03E9 00                 1014 	.db #0x00	; 0
   03EA FF                 1015 	.db #0xff	; 255
   03EB 00                 1016 	.db #0x00	; 0
   03EC FF                 1017 	.db #0xff	; 255
   03ED 00                 1018 	.db #0x00	; 0
   03EE FF                 1019 	.db #0xff	; 255
   03EF 00                 1020 	.db #0x00	; 0
   03F0 0F                 1021 	.db #0x0f	; 15
   03F1 F0                 1022 	.db #0xf0	; 240
   03F2 00                 1023 	.db #0x00	; 0
   03F3 FF                 1024 	.db #0xff	; 255
   03F4 00                 1025 	.db #0x00	; 0
   03F5 FF                 1026 	.db #0xff	; 255
   03F6 00                 1027 	.db #0x00	; 0
   03F7 FF                 1028 	.db #0xff	; 255
   03F8 00                 1029 	.db #0x00	; 0
   03F9 FF                 1030 	.db #0xff	; 255
   03FA 00                 1031 	.db #0x00	; 0
   03FB FF                 1032 	.db #0xff	; 255
   03FC 00                 1033 	.db #0x00	; 0
   03FD FF                 1034 	.db #0xff	; 255
   03FE 00                 1035 	.db #0x00	; 0
   03FF FF                 1036 	.db #0xff	; 255
   0400 FF                 1037 	.db #0xff	; 255
   0401 00                 1038 	.db #0x00	; 0
   0402 FF                 1039 	.db #0xff	; 255
   0403 00                 1040 	.db #0x00	; 0
   0404 00                 1041 	.db #0x00	; 0
   0405 FF                 1042 	.db #0xff	; 255
   0406 00                 1043 	.db #0x00	; 0
   0407 FF                 1044 	.db #0xff	; 255
   0408 00                 1045 	.db #0x00	; 0
   0409 FF                 1046 	.db #0xff	; 255
   040A 00                 1047 	.db #0x00	; 0
   040B FF                 1048 	.db #0xff	; 255
   040C 00                 1049 	.db #0x00	; 0
   040D FF                 1050 	.db #0xff	; 255
   040E 00                 1051 	.db #0x00	; 0
   040F FF                 1052 	.db #0xff	; 255
   0410 00                 1053 	.db #0x00	; 0
   0411 00                 1054 	.db #0x00	; 0
   0412 00                 1055 	.db #0x00	; 0
   0413 00                 1056 	.db #0x00	; 0
   0414 00                 1057 	.db #0x00	; 0
   0415 00                 1058 	.db #0x00	; 0
   0416 00                 1059 	.db #0x00	; 0
   0417 00                 1060 	.db #0x00	; 0
   0418 00                 1061 	.db #0x00	; 0
   0419 00                 1062 	.db #0x00	; 0
   041A 00                 1063 	.db #0x00	; 0
   041B 00                 1064 	.db #0x00	; 0
   041C 00                 1065 	.db #0x00	; 0
   041D 00                 1066 	.db #0x00	; 0
   041E 00                 1067 	.db #0x00	; 0
   041F 00                 1068 	.db #0x00	; 0
   0420 00                 1069 	.db #0x00	; 0
   0421 00                 1070 	.db #0x00	; 0
   0422 00                 1071 	.db #0x00	; 0
   0423 00                 1072 	.db #0x00	; 0
   0424 00                 1073 	.db #0x00	; 0
   0425 00                 1074 	.db #0x00	; 0
   0426 00                 1075 	.db #0x00	; 0
   0427 00                 1076 	.db #0x00	; 0
   0428 00                 1077 	.db #0x00	; 0
   0429 00                 1078 	.db #0x00	; 0
   042A 00                 1079 	.db #0x00	; 0
   042B 00                 1080 	.db #0x00	; 0
   042C 00                 1081 	.db #0x00	; 0
   042D 00                 1082 	.db #0x00	; 0
   042E 00                 1083 	.db #0x00	; 0
   042F 00                 1084 	.db #0x00	; 0
   0430 00                 1085 	.db #0x00	; 0
   0431 00                 1086 	.db #0x00	; 0
   0432 00                 1087 	.db #0x00	; 0
   0433 00                 1088 	.db #0x00	; 0
   0434 00                 1089 	.db #0x00	; 0
   0435 00                 1090 	.db #0x00	; 0
   0436 00                 1091 	.db #0x00	; 0
   0437 00                 1092 	.db #0x00	; 0
   0438 00                 1093 	.db #0x00	; 0
   0439 00                 1094 	.db #0x00	; 0
   043A 00                 1095 	.db #0x00	; 0
   043B 00                 1096 	.db #0x00	; 0
   043C 00                 1097 	.db #0x00	; 0
   043D 00                 1098 	.db #0x00	; 0
   043E 00                 1099 	.db #0x00	; 0
   043F 00                 1100 	.db #0x00	; 0
   0440 00                 1101 	.db #0x00	; 0
   0441 00                 1102 	.db #0x00	; 0
   0442 00                 1103 	.db #0x00	; 0
   0443 00                 1104 	.db #0x00	; 0
   0444 00                 1105 	.db #0x00	; 0
   0445 00                 1106 	.db #0x00	; 0
   0446 00                 1107 	.db #0x00	; 0
   0447 00                 1108 	.db #0x00	; 0
   0448 00                 1109 	.db #0x00	; 0
   0449 00                 1110 	.db #0x00	; 0
   044A 00                 1111 	.db #0x00	; 0
   044B 00                 1112 	.db #0x00	; 0
   044C 00                 1113 	.db #0x00	; 0
   044D 00                 1114 	.db #0x00	; 0
   044E 00                 1115 	.db #0x00	; 0
   044F 00                 1116 	.db #0x00	; 0
                           1117 	.area _CABS (ABS)
