                              1 ;--------------------------------------------------------
                              2 ; File Created by SDCC : free open source ANSI-C Compiler
                              3 ; Version 4.0.0 #11528 (MINGW32)
                              4 ;--------------------------------------------------------
                              5 	.module C__Users_Mills_AppData_Local_Temp_lcc39481
                              6 	.optsdcc -mgbz80
                              7 	
                              8 ;--------------------------------------------------------
                              9 ; Public variables in this module
                             10 ;--------------------------------------------------------
                             11 	.globl _Cog_MapPLN1
                             12 	.globl _Cog_MapPLN0
                             13 ;--------------------------------------------------------
                             14 ; special function registers
                             15 ;--------------------------------------------------------
                             16 ;--------------------------------------------------------
                             17 ; ram data
                             18 ;--------------------------------------------------------
                             19 	.area _DATA
                             20 ;--------------------------------------------------------
                             21 ; absolute external ram data
                             22 ;--------------------------------------------------------
                             23 	.area _DABS (ABS)
                             24 ;--------------------------------------------------------
                             25 ; global & static initialisations
                             26 ;--------------------------------------------------------
                             27 	.area _HOME
                             28 	.area _GSINIT
                             29 	.area _GSFINAL
                             30 	.area _GSINIT
                             31 ;--------------------------------------------------------
                             32 ; Home
                             33 ;--------------------------------------------------------
                             34 	.area _HOME
                             35 	.area _HOME
                             36 ;--------------------------------------------------------
                             37 ; code
                             38 ;--------------------------------------------------------
                             39 	.area _CODE_7
                             40 	.area _CODE_7
   0000                      41 _Cog_MapPLN0:
   0000 00                   42 	.db #0x00	; 0
   0001 00                   43 	.db #0x00	; 0
   0002 00                   44 	.db #0x00	; 0
   0003 31                   45 	.db #0x31	; 49	'1'
   0004 30                   46 	.db #0x30	; 48	'0'
   0005 00                   47 	.db #0x00	; 0
   0006 00                   48 	.db #0x00	; 0
   0007 2A                   49 	.db #0x2a	; 42
   0008 00                   50 	.db #0x00	; 0
   0009 00                   51 	.db #0x00	; 0
   000A 01                   52 	.db #0x01	; 1
   000B 02                   53 	.db #0x02	; 2
   000C 27                   54 	.db #0x27	; 39
   000D 2C                   55 	.db #0x2c	; 44
   000E 27                   56 	.db #0x27	; 39
   000F 27                   57 	.db #0x27	; 39
   0010 27                   58 	.db #0x27	; 39
   0011 27                   59 	.db #0x27	; 39
   0012 31                   60 	.db #0x31	; 49	'1'
   0013 30                   61 	.db #0x30	; 48	'0'
   0014 00                   62 	.db #0x00	; 0
   0015 00                   63 	.db #0x00	; 0
   0016 00                   64 	.db #0x00	; 0
   0017 00                   65 	.db #0x00	; 0
   0018 00                   66 	.db #0x00	; 0
   0019 00                   67 	.db #0x00	; 0
   001A 00                   68 	.db #0x00	; 0
   001B 2A                   69 	.db #0x2a	; 42
   001C 00                   70 	.db #0x00	; 0
   001D 00                   71 	.db #0x00	; 0
   001E 03                   72 	.db #0x03	; 3
   001F 04                   73 	.db #0x04	; 4
   0020 27                   74 	.db #0x27	; 39
   0021 2A                   75 	.db #0x2a	; 42
   0022 27                   76 	.db #0x27	; 39
   0023 27                   77 	.db #0x27	; 39
   0024 27                   78 	.db #0x27	; 39
   0025 27                   79 	.db #0x27	; 39
   0026 27                   80 	.db #0x27	; 39
   0027 31                   81 	.db #0x31	; 49	'1'
   0028 28                   82 	.db #0x28	; 40
   0029 28                   83 	.db #0x28	; 40
   002A 28                   84 	.db #0x28	; 40
   002B 28                   85 	.db #0x28	; 40
   002C 29                   86 	.db #0x29	; 41
   002D 00                   87 	.db #0x00	; 0
   002E 00                   88 	.db #0x00	; 0
   002F 2A                   89 	.db #0x2a	; 42
   0030 00                   90 	.db #0x00	; 0
   0031 00                   91 	.db #0x00	; 0
   0032 05                   92 	.db #0x05	; 5
   0033 06                   93 	.db #0x06	; 6
   0034 07                   94 	.db #0x07	; 7
   0035 2B                   95 	.db #0x2b	; 43
   0036 28                   96 	.db #0x28	; 40
   0037 28                   97 	.db #0x28	; 40
   0038 29                   98 	.db #0x29	; 41
   0039 27                   99 	.db #0x27	; 39
   003A 27                  100 	.db #0x27	; 39
   003B 27                  101 	.db #0x27	; 39
   003C 00                  102 	.db #0x00	; 0
   003D 00                  103 	.db #0x00	; 0
   003E 00                  104 	.db #0x00	; 0
   003F 00                  105 	.db #0x00	; 0
   0040 2A                  106 	.db #0x2a	; 42
   0041 00                  107 	.db #0x00	; 0
   0042 00                  108 	.db #0x00	; 0
   0043 2A                  109 	.db #0x2a	; 42
   0044 00                  110 	.db #0x00	; 0
   0045 00                  111 	.db #0x00	; 0
   0046 08                  112 	.db #0x08	; 8
   0047 09                  113 	.db #0x09	; 9
   0048 0A                  114 	.db #0x0a	; 10
   0049 27                  115 	.db #0x27	; 39
   004A 27                  116 	.db #0x27	; 39
   004B 27                  117 	.db #0x27	; 39
   004C 2A                  118 	.db #0x2a	; 42
   004D 29                  119 	.db #0x29	; 41
   004E 27                  120 	.db #0x27	; 39
   004F 27                  121 	.db #0x27	; 39
   0050 00                  122 	.db #0x00	; 0
   0051 2E                  123 	.db #0x2e	; 46
   0052 2F                  124 	.db #0x2f	; 47
   0053 00                  125 	.db #0x00	; 0
   0054 2A                  126 	.db #0x2a	; 42
   0055 00                  127 	.db #0x00	; 0
   0056 00                  128 	.db #0x00	; 0
   0057 2A                  129 	.db #0x2a	; 42
   0058 00                  130 	.db #0x00	; 0
   0059 00                  131 	.db #0x00	; 0
   005A 0B                  132 	.db #0x0b	; 11
   005B 0C                  133 	.db #0x0c	; 12
   005C 0D                  134 	.db #0x0d	; 13
   005D 0E                  135 	.db #0x0e	; 14
   005E 27                  136 	.db #0x27	; 39
   005F 27                  137 	.db #0x27	; 39
   0060 2A                  138 	.db #0x2a	; 42
   0061 2A                  139 	.db #0x2a	; 42
   0062 27                  140 	.db #0x27	; 39
   0063 27                  141 	.db #0x27	; 39
   0064 00                  142 	.db #0x00	; 0
   0065 31                  143 	.db #0x31	; 49	'1'
   0066 30                  144 	.db #0x30	; 48	'0'
   0067 00                  145 	.db #0x00	; 0
   0068 2B                  146 	.db #0x2b	; 43
   0069 28                  147 	.db #0x28	; 40
   006A 2D                  148 	.db #0x2d	; 45
   006B 2B                  149 	.db #0x2b	; 43
   006C 28                  150 	.db #0x28	; 40
   006D 28                  151 	.db #0x28	; 40
   006E 29                  152 	.db #0x29	; 41
   006F 0F                  153 	.db #0x0f	; 15
   0070 10                  154 	.db #0x10	; 16
   0071 11                  155 	.db #0x11	; 17
   0072 12                  156 	.db #0x12	; 18
   0073 27                  157 	.db #0x27	; 39
   0074 2A                  158 	.db #0x2a	; 42
   0075 2A                  159 	.db #0x2a	; 42
   0076 27                  160 	.db #0x27	; 39
   0077 27                  161 	.db #0x27	; 39
   0078 00                  162 	.db #0x00	; 0
   0079 00                  163 	.db #0x00	; 0
   007A 00                  164 	.db #0x00	; 0
   007B 00                  165 	.db #0x00	; 0
   007C 00                  166 	.db #0x00	; 0
   007D 00                  167 	.db #0x00	; 0
   007E 00                  168 	.db #0x00	; 0
   007F 00                  169 	.db #0x00	; 0
   0080 00                  170 	.db #0x00	; 0
   0081 00                  171 	.db #0x00	; 0
   0082 2B                  172 	.db #0x2b	; 43
   0083 29                  173 	.db #0x29	; 41
   0084 13                  174 	.db #0x13	; 19
   0085 14                  175 	.db #0x14	; 20
   0086 15                  176 	.db #0x15	; 21
   0087 16                  177 	.db #0x16	; 22
   0088 2B                  178 	.db #0x2b	; 43
   0089 28                  179 	.db #0x28	; 40
   008A 28                  180 	.db #0x28	; 40
   008B 28                  181 	.db #0x28	; 40
   008C 28                  182 	.db #0x28	; 40
   008D 28                  183 	.db #0x28	; 40
   008E 28                  184 	.db #0x28	; 40
   008F 28                  185 	.db #0x28	; 40
   0090 28                  186 	.db #0x28	; 40
   0091 28                  187 	.db #0x28	; 40
   0092 28                  188 	.db #0x28	; 40
   0093 28                  189 	.db #0x28	; 40
   0094 29                  190 	.db #0x29	; 41
   0095 00                  191 	.db #0x00	; 0
   0096 00                  192 	.db #0x00	; 0
   0097 2A                  193 	.db #0x2a	; 42
   0098 00                  194 	.db #0x00	; 0
   0099 17                  195 	.db #0x17	; 23
   009A 18                  196 	.db #0x18	; 24
   009B 19                  197 	.db #0x19	; 25
   009C 1A                  198 	.db #0x1a	; 26
   009D 1B                  199 	.db #0x1b	; 27
   009E 27                  200 	.db #0x27	; 39
   009F 27                  201 	.db #0x27	; 39
   00A0 26                  202 	.db #0x26	; 38
   00A1 25                  203 	.db #0x25	; 37
   00A2 24                  204 	.db #0x24	; 36
   00A3 23                  205 	.db #0x23	; 35
   00A4 22                  206 	.db #0x22	; 34
   00A5 00                  207 	.db #0x00	; 0
   00A6 00                  208 	.db #0x00	; 0
   00A7 00                  209 	.db #0x00	; 0
   00A8 2A                  210 	.db #0x2a	; 42
   00A9 00                  211 	.db #0x00	; 0
   00AA 00                  212 	.db #0x00	; 0
   00AB 2A                  213 	.db #0x2a	; 42
   00AC 00                  214 	.db #0x00	; 0
   00AD 00                  215 	.db #0x00	; 0
   00AE 1C                  216 	.db #0x1c	; 28
   00AF 1D                  217 	.db #0x1d	; 29
   00B0 1E                  218 	.db #0x1e	; 30
   00B1 1F                  219 	.db #0x1f	; 31
   00B2 20                  220 	.db #0x20	; 32
   00B3 21                  221 	.db #0x21	; 33
   00B4 21                  222 	.db #0x21	; 33
   00B5 20                  223 	.db #0x20	; 32
   00B6 1F                  224 	.db #0x1f	; 31
   00B7 1E                  225 	.db #0x1e	; 30
   00B8 1D                  226 	.db #0x1d	; 29
   00B9 1C                  227 	.db #0x1c	; 28
   00BA 00                  228 	.db #0x00	; 0
   00BB 00                  229 	.db #0x00	; 0
   00BC 2A                  230 	.db #0x2a	; 42
   00BD 00                  231 	.db #0x00	; 0
   00BE 00                  232 	.db #0x00	; 0
   00BF 2B                  233 	.db #0x2b	; 43
   00C0 28                  234 	.db #0x28	; 40
   00C1 29                  235 	.db #0x29	; 41
   00C2 00                  236 	.db #0x00	; 0
   00C3 22                  237 	.db #0x22	; 34
   00C4 23                  238 	.db #0x23	; 35
   00C5 24                  239 	.db #0x24	; 36
   00C6 25                  240 	.db #0x25	; 37
   00C7 26                  241 	.db #0x26	; 38
   00C8 27                  242 	.db #0x27	; 39
   00C9 27                  243 	.db #0x27	; 39
   00CA 1B                  244 	.db #0x1b	; 27
   00CB 1A                  245 	.db #0x1a	; 26
   00CC 19                  246 	.db #0x19	; 25
   00CD 18                  247 	.db #0x18	; 24
   00CE 17                  248 	.db #0x17	; 23
   00CF 00                  249 	.db #0x00	; 0
   00D0 2B                  250 	.db #0x2b	; 43
   00D1 29                  251 	.db #0x29	; 41
   00D2 00                  252 	.db #0x00	; 0
   00D3 00                  253 	.db #0x00	; 0
   00D4 00                  254 	.db #0x00	; 0
   00D5 2A                  255 	.db #0x2a	; 42
   00D6 00                  256 	.db #0x00	; 0
   00D7 00                  257 	.db #0x00	; 0
   00D8 00                  258 	.db #0x00	; 0
   00D9 00                  259 	.db #0x00	; 0
   00DA 00                  260 	.db #0x00	; 0
   00DB 00                  261 	.db #0x00	; 0
   00DC 27                  262 	.db #0x27	; 39
   00DD 27                  263 	.db #0x27	; 39
   00DE 27                  264 	.db #0x27	; 39
   00DF 27                  265 	.db #0x27	; 39
   00E0 16                  266 	.db #0x16	; 22
   00E1 15                  267 	.db #0x15	; 21
   00E2 14                  268 	.db #0x14	; 20
   00E3 13                  269 	.db #0x13	; 19
   00E4 00                  270 	.db #0x00	; 0
   00E5 2A                  271 	.db #0x2a	; 42
   00E6 00                  272 	.db #0x00	; 0
   00E7 00                  273 	.db #0x00	; 0
   00E8 00                  274 	.db #0x00	; 0
   00E9 2A                  275 	.db #0x2a	; 42
   00EA 00                  276 	.db #0x00	; 0
   00EB 00                  277 	.db #0x00	; 0
   00EC 00                  278 	.db #0x00	; 0
   00ED 00                  279 	.db #0x00	; 0
   00EE 00                  280 	.db #0x00	; 0
   00EF 2E                  281 	.db #0x2e	; 46
   00F0 27                  282 	.db #0x27	; 39
   00F1 27                  283 	.db #0x27	; 39
   00F2 27                  284 	.db #0x27	; 39
   00F3 27                  285 	.db #0x27	; 39
   00F4 27                  286 	.db #0x27	; 39
   00F5 12                  287 	.db #0x12	; 18
   00F6 11                  288 	.db #0x11	; 17
   00F7 10                  289 	.db #0x10	; 16
   00F8 0F                  290 	.db #0x0f	; 15
   00F9 2B                  291 	.db #0x2b	; 43
   00FA 28                  292 	.db #0x28	; 40
   00FB 28                  293 	.db #0x28	; 40
   00FC 28                  294 	.db #0x28	; 40
   00FD 28                  295 	.db #0x28	; 40
   00FE 28                  296 	.db #0x28	; 40
   00FF 28                  297 	.db #0x28	; 40
   0100 28                  298 	.db #0x28	; 40
   0101 29                  299 	.db #0x29	; 41
   0102 00                  300 	.db #0x00	; 0
   0103 31                  301 	.db #0x31	; 49	'1'
   0104 29                  302 	.db #0x29	; 41
   0105 27                  303 	.db #0x27	; 39
   0106 27                  304 	.db #0x27	; 39
   0107 27                  305 	.db #0x27	; 39
   0108 27                  306 	.db #0x27	; 39
   0109 27                  307 	.db #0x27	; 39
   010A 0E                  308 	.db #0x0e	; 14
   010B 0D                  309 	.db #0x0d	; 13
   010C 0C                  310 	.db #0x0c	; 12
   010D 0B                  311 	.db #0x0b	; 11
   010E 00                  312 	.db #0x00	; 0
   010F 00                  313 	.db #0x00	; 0
   0110 00                  314 	.db #0x00	; 0
   0111 2C                  315 	.db #0x2c	; 44
   0112 00                  316 	.db #0x00	; 0
   0113 00                  317 	.db #0x00	; 0
   0114 00                  318 	.db #0x00	; 0
   0115 2A                  319 	.db #0x2a	; 42
   0116 00                  320 	.db #0x00	; 0
   0117 00                  321 	.db #0x00	; 0
   0118 2A                  322 	.db #0x2a	; 42
   0119 28                  323 	.db #0x28	; 40
   011A 28                  324 	.db #0x28	; 40
   011B 29                  325 	.db #0x29	; 41
   011C 27                  326 	.db #0x27	; 39
   011D 27                  327 	.db #0x27	; 39
   011E 27                  328 	.db #0x27	; 39
   011F 0A                  329 	.db #0x0a	; 10
   0120 09                  330 	.db #0x09	; 9
   0121 08                  331 	.db #0x08	; 8
   0122 00                  332 	.db #0x00	; 0
   0123 00                  333 	.db #0x00	; 0
   0124 00                  334 	.db #0x00	; 0
   0125 2A                  335 	.db #0x2a	; 42
   0126 00                  336 	.db #0x00	; 0
   0127 00                  337 	.db #0x00	; 0
   0128 00                  338 	.db #0x00	; 0
   0129 2B                  339 	.db #0x2b	; 43
   012A 28                  340 	.db #0x28	; 40
   012B 28                  341 	.db #0x28	; 40
   012C 2A                  342 	.db #0x2a	; 42
   012D 27                  343 	.db #0x27	; 39
   012E 27                  344 	.db #0x27	; 39
   012F 2A                  345 	.db #0x2a	; 42
   0130 27                  346 	.db #0x27	; 39
   0131 27                  347 	.db #0x27	; 39
   0132 27                  348 	.db #0x27	; 39
   0133 07                  349 	.db #0x07	; 7
   0134 06                  350 	.db #0x06	; 6
   0135 05                  351 	.db #0x05	; 5
   0136 00                  352 	.db #0x00	; 0
   0137 00                  353 	.db #0x00	; 0
   0138 00                  354 	.db #0x00	; 0
   0139 2A                  355 	.db #0x2a	; 42
   013A 00                  356 	.db #0x00	; 0
   013B 00                  357 	.db #0x00	; 0
   013C 00                  358 	.db #0x00	; 0
   013D 00                  359 	.db #0x00	; 0
   013E 00                  360 	.db #0x00	; 0
   013F 00                  361 	.db #0x00	; 0
   0140 2F                  362 	.db #0x2f	; 47
   0141 28                  363 	.db #0x28	; 40
   0142 28                  364 	.db #0x28	; 40
   0143 28                  365 	.db #0x28	; 40
   0144 28                  366 	.db #0x28	; 40
   0145 29                  367 	.db #0x29	; 41
   0146 27                  368 	.db #0x27	; 39
   0147 27                  369 	.db #0x27	; 39
   0148 04                  370 	.db #0x04	; 4
   0149 03                  371 	.db #0x03	; 3
   014A 00                  372 	.db #0x00	; 0
   014B 00                  373 	.db #0x00	; 0
   014C 00                  374 	.db #0x00	; 0
   014D 2B                  375 	.db #0x2b	; 43
   014E 29                  376 	.db #0x29	; 41
   014F 00                  377 	.db #0x00	; 0
   0150 00                  378 	.db #0x00	; 0
   0151 00                  379 	.db #0x00	; 0
   0152 00                  380 	.db #0x00	; 0
   0153 00                  381 	.db #0x00	; 0
   0154 30                  382 	.db #0x30	; 48	'0'
   0155 2F                  383 	.db #0x2f	; 47
   0156 27                  384 	.db #0x27	; 39
   0157 2C                  385 	.db #0x2c	; 44
   0158 27                  386 	.db #0x27	; 39
   0159 2A                  387 	.db #0x2a	; 42
   015A 27                  388 	.db #0x27	; 39
   015B 27                  389 	.db #0x27	; 39
   015C 02                  390 	.db #0x02	; 2
   015D 01                  391 	.db #0x01	; 1
   015E 00                  392 	.db #0x00	; 0
   015F 00                  393 	.db #0x00	; 0
   0160 00                  394 	.db #0x00	; 0
   0161 00                  395 	.db #0x00	; 0
   0162 2A                  396 	.db #0x2a	; 42
   0163 00                  397 	.db #0x00	; 0
   0164 00                  398 	.db #0x00	; 0
   0165 2E                  399 	.db #0x2e	; 46
   0166 2F                  400 	.db #0x2f	; 47
   0167 00                  401 	.db #0x00	; 0
   0168                     402 _Cog_MapPLN1:
   0168 00                  403 	.db #0x00	; 0
   0169 00                  404 	.db #0x00	; 0
   016A 00                  405 	.db #0x00	; 0
   016B 00                  406 	.db #0x00	; 0
   016C 00                  407 	.db #0x00	; 0
   016D 00                  408 	.db #0x00	; 0
   016E 00                  409 	.db #0x00	; 0
   016F 02                  410 	.db #0x02	; 2
   0170 00                  411 	.db #0x00	; 0
   0171 00                  412 	.db #0x00	; 0
   0172 00                  413 	.db #0x00	; 0
   0173 00                  414 	.db #0x00	; 0
   0174 00                  415 	.db #0x00	; 0
   0175 03                  416 	.db #0x03	; 3
   0176 00                  417 	.db #0x00	; 0
   0177 00                  418 	.db #0x00	; 0
   0178 00                  419 	.db #0x00	; 0
   0179 00                  420 	.db #0x00	; 0
   017A 00                  421 	.db #0x00	; 0
   017B 00                  422 	.db #0x00	; 0
   017C 00                  423 	.db #0x00	; 0
   017D 00                  424 	.db #0x00	; 0
   017E 00                  425 	.db #0x00	; 0
   017F 00                  426 	.db #0x00	; 0
   0180 00                  427 	.db #0x00	; 0
   0181 00                  428 	.db #0x00	; 0
   0182 00                  429 	.db #0x00	; 0
   0183 02                  430 	.db #0x02	; 2
   0184 00                  431 	.db #0x00	; 0
   0185 00                  432 	.db #0x00	; 0
   0186 00                  433 	.db #0x00	; 0
   0187 00                  434 	.db #0x00	; 0
   0188 00                  435 	.db #0x00	; 0
   0189 03                  436 	.db #0x03	; 3
   018A 00                  437 	.db #0x00	; 0
   018B 00                  438 	.db #0x00	; 0
   018C 00                  439 	.db #0x00	; 0
   018D 00                  440 	.db #0x00	; 0
   018E 00                  441 	.db #0x00	; 0
   018F 00                  442 	.db #0x00	; 0
   0190 03                  443 	.db #0x03	; 3
   0191 03                  444 	.db #0x03	; 3
   0192 03                  445 	.db #0x03	; 3
   0193 03                  446 	.db #0x03	; 3
   0194 03                  447 	.db #0x03	; 3
   0195 00                  448 	.db #0x00	; 0
   0196 00                  449 	.db #0x00	; 0
   0197 02                  450 	.db #0x02	; 2
   0198 00                  451 	.db #0x00	; 0
   0199 00                  452 	.db #0x00	; 0
   019A 00                  453 	.db #0x00	; 0
   019B 00                  454 	.db #0x00	; 0
   019C 00                  455 	.db #0x00	; 0
   019D 03                  456 	.db #0x03	; 3
   019E 03                  457 	.db #0x03	; 3
   019F 03                  458 	.db #0x03	; 3
   01A0 03                  459 	.db #0x03	; 3
   01A1 00                  460 	.db #0x00	; 0
   01A2 00                  461 	.db #0x00	; 0
   01A3 00                  462 	.db #0x00	; 0
   01A4 00                  463 	.db #0x00	; 0
   01A5 00                  464 	.db #0x00	; 0
   01A6 00                  465 	.db #0x00	; 0
   01A7 00                  466 	.db #0x00	; 0
   01A8 03                  467 	.db #0x03	; 3
   01A9 00                  468 	.db #0x00	; 0
   01AA 00                  469 	.db #0x00	; 0
   01AB 02                  470 	.db #0x02	; 2
   01AC 00                  471 	.db #0x00	; 0
   01AD 00                  472 	.db #0x00	; 0
   01AE 00                  473 	.db #0x00	; 0
   01AF 00                  474 	.db #0x00	; 0
   01B0 00                  475 	.db #0x00	; 0
   01B1 00                  476 	.db #0x00	; 0
   01B2 00                  477 	.db #0x00	; 0
   01B3 00                  478 	.db #0x00	; 0
   01B4 03                  479 	.db #0x03	; 3
   01B5 02                  480 	.db #0x02	; 2
   01B6 00                  481 	.db #0x00	; 0
   01B7 00                  482 	.db #0x00	; 0
   01B8 00                  483 	.db #0x00	; 0
   01B9 02                  484 	.db #0x02	; 2
   01BA 02                  485 	.db #0x02	; 2
   01BB 00                  486 	.db #0x00	; 0
   01BC 03                  487 	.db #0x03	; 3
   01BD 00                  488 	.db #0x00	; 0
   01BE 00                  489 	.db #0x00	; 0
   01BF 02                  490 	.db #0x02	; 2
   01C0 00                  491 	.db #0x00	; 0
   01C1 00                  492 	.db #0x00	; 0
   01C2 00                  493 	.db #0x00	; 0
   01C3 00                  494 	.db #0x00	; 0
   01C4 00                  495 	.db #0x00	; 0
   01C5 00                  496 	.db #0x00	; 0
   01C6 00                  497 	.db #0x00	; 0
   01C7 00                  498 	.db #0x00	; 0
   01C8 03                  499 	.db #0x03	; 3
   01C9 02                  500 	.db #0x02	; 2
   01CA 00                  501 	.db #0x00	; 0
   01CB 00                  502 	.db #0x00	; 0
   01CC 00                  503 	.db #0x00	; 0
   01CD 02                  504 	.db #0x02	; 2
   01CE 02                  505 	.db #0x02	; 2
   01CF 00                  506 	.db #0x00	; 0
   01D0 03                  507 	.db #0x03	; 3
   01D1 03                  508 	.db #0x03	; 3
   01D2 03                  509 	.db #0x03	; 3
   01D3 02                  510 	.db #0x02	; 2
   01D4 02                  511 	.db #0x02	; 2
   01D5 02                  512 	.db #0x02	; 2
   01D6 02                  513 	.db #0x02	; 2
   01D7 00                  514 	.db #0x00	; 0
   01D8 00                  515 	.db #0x00	; 0
   01D9 00                  516 	.db #0x00	; 0
   01DA 00                  517 	.db #0x00	; 0
   01DB 00                  518 	.db #0x00	; 0
   01DC 03                  519 	.db #0x03	; 3
   01DD 02                  520 	.db #0x02	; 2
   01DE 00                  521 	.db #0x00	; 0
   01DF 00                  522 	.db #0x00	; 0
   01E0 00                  523 	.db #0x00	; 0
   01E1 00                  524 	.db #0x00	; 0
   01E2 00                  525 	.db #0x00	; 0
   01E3 00                  526 	.db #0x00	; 0
   01E4 00                  527 	.db #0x00	; 0
   01E5 00                  528 	.db #0x00	; 0
   01E6 00                  529 	.db #0x00	; 0
   01E7 00                  530 	.db #0x00	; 0
   01E8 00                  531 	.db #0x00	; 0
   01E9 00                  532 	.db #0x00	; 0
   01EA 02                  533 	.db #0x02	; 2
   01EB 02                  534 	.db #0x02	; 2
   01EC 00                  535 	.db #0x00	; 0
   01ED 00                  536 	.db #0x00	; 0
   01EE 00                  537 	.db #0x00	; 0
   01EF 00                  538 	.db #0x00	; 0
   01F0 03                  539 	.db #0x03	; 3
   01F1 03                  540 	.db #0x03	; 3
   01F2 03                  541 	.db #0x03	; 3
   01F3 03                  542 	.db #0x03	; 3
   01F4 01                  543 	.db #0x01	; 1
   01F5 01                  544 	.db #0x01	; 1
   01F6 01                  545 	.db #0x01	; 1
   01F7 01                  546 	.db #0x01	; 1
   01F8 01                  547 	.db #0x01	; 1
   01F9 01                  548 	.db #0x01	; 1
   01FA 01                  549 	.db #0x01	; 1
   01FB 01                  550 	.db #0x01	; 1
   01FC 01                  551 	.db #0x01	; 1
   01FD 00                  552 	.db #0x00	; 0
   01FE 00                  553 	.db #0x00	; 0
   01FF 02                  554 	.db #0x02	; 2
   0200 00                  555 	.db #0x00	; 0
   0201 00                  556 	.db #0x00	; 0
   0202 00                  557 	.db #0x00	; 0
   0203 00                  558 	.db #0x00	; 0
   0204 00                  559 	.db #0x00	; 0
   0205 00                  560 	.db #0x00	; 0
   0206 00                  561 	.db #0x00	; 0
   0207 00                  562 	.db #0x00	; 0
   0208 60                  563 	.db #0x60	; 96
   0209 60                  564 	.db #0x60	; 96
   020A 60                  565 	.db #0x60	; 96
   020B 60                  566 	.db #0x60	; 96
   020C 60                  567 	.db #0x60	; 96
   020D 00                  568 	.db #0x00	; 0
   020E 00                  569 	.db #0x00	; 0
   020F 00                  570 	.db #0x00	; 0
   0210 01                  571 	.db #0x01	; 1
   0211 00                  572 	.db #0x00	; 0
   0212 00                  573 	.db #0x00	; 0
   0213 02                  574 	.db #0x02	; 2
   0214 00                  575 	.db #0x00	; 0
   0215 00                  576 	.db #0x00	; 0
   0216 00                  577 	.db #0x00	; 0
   0217 00                  578 	.db #0x00	; 0
   0218 00                  579 	.db #0x00	; 0
   0219 00                  580 	.db #0x00	; 0
   021A 00                  581 	.db #0x00	; 0
   021B 00                  582 	.db #0x00	; 0
   021C 60                  583 	.db #0x60	; 96
   021D 60                  584 	.db #0x60	; 96
   021E 60                  585 	.db #0x60	; 96
   021F 60                  586 	.db #0x60	; 96
   0220 60                  587 	.db #0x60	; 96
   0221 60                  588 	.db #0x60	; 96
   0222 60                  589 	.db #0x60	; 96
   0223 00                  590 	.db #0x00	; 0
   0224 01                  591 	.db #0x01	; 1
   0225 00                  592 	.db #0x00	; 0
   0226 00                  593 	.db #0x00	; 0
   0227 02                  594 	.db #0x02	; 2
   0228 02                  595 	.db #0x02	; 2
   0229 02                  596 	.db #0x02	; 2
   022A 00                  597 	.db #0x00	; 0
   022B 00                  598 	.db #0x00	; 0
   022C 00                  599 	.db #0x00	; 0
   022D 00                  600 	.db #0x00	; 0
   022E 00                  601 	.db #0x00	; 0
   022F 00                  602 	.db #0x00	; 0
   0230 00                  603 	.db #0x00	; 0
   0231 00                  604 	.db #0x00	; 0
   0232 60                  605 	.db #0x60	; 96
   0233 60                  606 	.db #0x60	; 96
   0234 60                  607 	.db #0x60	; 96
   0235 60                  608 	.db #0x60	; 96
   0236 60                  609 	.db #0x60	; 96
   0237 00                  610 	.db #0x00	; 0
   0238 01                  611 	.db #0x01	; 1
   0239 01                  612 	.db #0x01	; 1
   023A 00                  613 	.db #0x00	; 0
   023B 00                  614 	.db #0x00	; 0
   023C 00                  615 	.db #0x00	; 0
   023D 02                  616 	.db #0x02	; 2
   023E 00                  617 	.db #0x00	; 0
   023F 00                  618 	.db #0x00	; 0
   0240 00                  619 	.db #0x00	; 0
   0241 00                  620 	.db #0x00	; 0
   0242 00                  621 	.db #0x00	; 0
   0243 00                  622 	.db #0x00	; 0
   0244 00                  623 	.db #0x00	; 0
   0245 00                  624 	.db #0x00	; 0
   0246 00                  625 	.db #0x00	; 0
   0247 00                  626 	.db #0x00	; 0
   0248 60                  627 	.db #0x60	; 96
   0249 60                  628 	.db #0x60	; 96
   024A 60                  629 	.db #0x60	; 96
   024B 60                  630 	.db #0x60	; 96
   024C 00                  631 	.db #0x00	; 0
   024D 01                  632 	.db #0x01	; 1
   024E 00                  633 	.db #0x00	; 0
   024F 00                  634 	.db #0x00	; 0
   0250 00                  635 	.db #0x00	; 0
   0251 02                  636 	.db #0x02	; 2
   0252 00                  637 	.db #0x00	; 0
   0253 00                  638 	.db #0x00	; 0
   0254 00                  639 	.db #0x00	; 0
   0255 00                  640 	.db #0x00	; 0
   0256 00                  641 	.db #0x00	; 0
   0257 03                  642 	.db #0x03	; 3
   0258 00                  643 	.db #0x00	; 0
   0259 00                  644 	.db #0x00	; 0
   025A 00                  645 	.db #0x00	; 0
   025B 00                  646 	.db #0x00	; 0
   025C 00                  647 	.db #0x00	; 0
   025D 60                  648 	.db #0x60	; 96
   025E 60                  649 	.db #0x60	; 96
   025F 60                  650 	.db #0x60	; 96
   0260 60                  651 	.db #0x60	; 96
   0261 01                  652 	.db #0x01	; 1
   0262 01                  653 	.db #0x01	; 1
   0263 01                  654 	.db #0x01	; 1
   0264 01                  655 	.db #0x01	; 1
   0265 01                  656 	.db #0x01	; 1
   0266 01                  657 	.db #0x01	; 1
   0267 01                  658 	.db #0x01	; 1
   0268 01                  659 	.db #0x01	; 1
   0269 01                  660 	.db #0x01	; 1
   026A 00                  661 	.db #0x00	; 0
   026B 03                  662 	.db #0x03	; 3
   026C 01                  663 	.db #0x01	; 1
   026D 00                  664 	.db #0x00	; 0
   026E 00                  665 	.db #0x00	; 0
   026F 00                  666 	.db #0x00	; 0
   0270 00                  667 	.db #0x00	; 0
   0271 00                  668 	.db #0x00	; 0
   0272 60                  669 	.db #0x60	; 96
   0273 60                  670 	.db #0x60	; 96
   0274 60                  671 	.db #0x60	; 96
   0275 60                  672 	.db #0x60	; 96
   0276 00                  673 	.db #0x00	; 0
   0277 00                  674 	.db #0x00	; 0
   0278 00                  675 	.db #0x00	; 0
   0279 02                  676 	.db #0x02	; 2
   027A 00                  677 	.db #0x00	; 0
   027B 00                  678 	.db #0x00	; 0
   027C 00                  679 	.db #0x00	; 0
   027D 01                  680 	.db #0x01	; 1
   027E 00                  681 	.db #0x00	; 0
   027F 00                  682 	.db #0x00	; 0
   0280 01                  683 	.db #0x01	; 1
   0281 03                  684 	.db #0x03	; 3
   0282 03                  685 	.db #0x03	; 3
   0283 03                  686 	.db #0x03	; 3
   0284 00                  687 	.db #0x00	; 0
   0285 00                  688 	.db #0x00	; 0
   0286 00                  689 	.db #0x00	; 0
   0287 60                  690 	.db #0x60	; 96
   0288 60                  691 	.db #0x60	; 96
   0289 60                  692 	.db #0x60	; 96
   028A 00                  693 	.db #0x00	; 0
   028B 00                  694 	.db #0x00	; 0
   028C 00                  695 	.db #0x00	; 0
   028D 02                  696 	.db #0x02	; 2
   028E 00                  697 	.db #0x00	; 0
   028F 00                  698 	.db #0x00	; 0
   0290 00                  699 	.db #0x00	; 0
   0291 01                  700 	.db #0x01	; 1
   0292 01                  701 	.db #0x01	; 1
   0293 01                  702 	.db #0x01	; 1
   0294 01                  703 	.db #0x01	; 1
   0295 00                  704 	.db #0x00	; 0
   0296 00                  705 	.db #0x00	; 0
   0297 03                  706 	.db #0x03	; 3
   0298 00                  707 	.db #0x00	; 0
   0299 00                  708 	.db #0x00	; 0
   029A 00                  709 	.db #0x00	; 0
   029B 60                  710 	.db #0x60	; 96
   029C 60                  711 	.db #0x60	; 96
   029D 60                  712 	.db #0x60	; 96
   029E 00                  713 	.db #0x00	; 0
   029F 00                  714 	.db #0x00	; 0
   02A0 00                  715 	.db #0x00	; 0
   02A1 02                  716 	.db #0x02	; 2
   02A2 00                  717 	.db #0x00	; 0
   02A3 00                  718 	.db #0x00	; 0
   02A4 00                  719 	.db #0x00	; 0
   02A5 00                  720 	.db #0x00	; 0
   02A6 00                  721 	.db #0x00	; 0
   02A7 00                  722 	.db #0x00	; 0
   02A8 00                  723 	.db #0x00	; 0
   02A9 01                  724 	.db #0x01	; 1
   02AA 01                  725 	.db #0x01	; 1
   02AB 01                  726 	.db #0x01	; 1
   02AC 01                  727 	.db #0x01	; 1
   02AD 01                  728 	.db #0x01	; 1
   02AE 00                  729 	.db #0x00	; 0
   02AF 00                  730 	.db #0x00	; 0
   02B0 60                  731 	.db #0x60	; 96
   02B1 60                  732 	.db #0x60	; 96
   02B2 00                  733 	.db #0x00	; 0
   02B3 00                  734 	.db #0x00	; 0
   02B4 00                  735 	.db #0x00	; 0
   02B5 02                  736 	.db #0x02	; 2
   02B6 02                  737 	.db #0x02	; 2
   02B7 00                  738 	.db #0x00	; 0
   02B8 00                  739 	.db #0x00	; 0
   02B9 00                  740 	.db #0x00	; 0
   02BA 00                  741 	.db #0x00	; 0
   02BB 00                  742 	.db #0x00	; 0
   02BC 00                  743 	.db #0x00	; 0
   02BD 00                  744 	.db #0x00	; 0
   02BE 00                  745 	.db #0x00	; 0
   02BF 03                  746 	.db #0x03	; 3
   02C0 00                  747 	.db #0x00	; 0
   02C1 01                  748 	.db #0x01	; 1
   02C2 00                  749 	.db #0x00	; 0
   02C3 00                  750 	.db #0x00	; 0
   02C4 60                  751 	.db #0x60	; 96
   02C5 60                  752 	.db #0x60	; 96
   02C6 00                  753 	.db #0x00	; 0
   02C7 00                  754 	.db #0x00	; 0
   02C8 00                  755 	.db #0x00	; 0
   02C9 00                  756 	.db #0x00	; 0
   02CA 02                  757 	.db #0x02	; 2
   02CB 00                  758 	.db #0x00	; 0
   02CC 00                  759 	.db #0x00	; 0
   02CD 03                  760 	.db #0x03	; 3
   02CE 03                  761 	.db #0x03	; 3
   02CF 00                  762 	.db #0x00	; 0
                            763 	.area _CABS (ABS)
