                              1 ;--------------------------------------------------------
                              2 ; File Created by SDCC : free open source ANSI-C Compiler
                              3 ; Version 4.0.0 #11528 (MINGW32)
                              4 ;--------------------------------------------------------
                              5 	.module C__Users_Mills_AppData_Local_Temp_lcc31921
                              6 	.optsdcc -mgbz80
                              7 	
                              8 ;--------------------------------------------------------
                              9 ; Public variables in this module
                             10 ;--------------------------------------------------------
                             11 	.globl _Credits_Sprites
                             12 	.globl _Credits_SpritesPAL
                             13 ;--------------------------------------------------------
                             14 ; special function registers
                             15 ;--------------------------------------------------------
                             16 ;--------------------------------------------------------
                             17 ; ram data
                             18 ;--------------------------------------------------------
                             19 	.area _DATA
                             20 ;--------------------------------------------------------
                             21 ; absolute external ram data
                             22 ;--------------------------------------------------------
                             23 	.area _DABS (ABS)
                             24 ;--------------------------------------------------------
                             25 ; global & static initialisations
                             26 ;--------------------------------------------------------
                             27 	.area _HOME
                             28 	.area _GSINIT
                             29 	.area _GSFINAL
                             30 	.area _GSINIT
                             31 ;--------------------------------------------------------
                             32 ; Home
                             33 ;--------------------------------------------------------
                             34 	.area _HOME
                             35 	.area _HOME
                             36 ;--------------------------------------------------------
                             37 ; code
                             38 ;--------------------------------------------------------
                             39 	.area _CODE_15
                             40 	.area _CODE_15
   0000                      41 _Credits_SpritesPAL:
   0000 FF 7F                42 	.dw #0x7fff
   0002 5F 7C                43 	.dw #0x7c5f
   0004 05 7C                44 	.dw #0x7c05
   0006 00 00                45 	.dw #0x0000
   0008 FF 7F                46 	.dw #0x7fff
   000A 80 6B                47 	.dw #0x6b80
   000C 2A 28                48 	.dw #0x282a
   000E 00 00                49 	.dw #0x0000
   0010 00 00                50 	.dw #0x0000
   0012 BE 6F                51 	.dw #0x6fbe
   0014 75 7D                52 	.dw #0x7d75
   0016 2A 40                53 	.dw #0x402a
   0018 00 00                54 	.dw #0x0000
   001A 8C 31                55 	.dw #0x318c
   001C 94 52                56 	.dw #0x5294
   001E FF 7F                57 	.dw #0x7fff
   0020 00 00                58 	.dw #0x0000
   0022 8C 31                59 	.dw #0x318c
   0024 94 52                60 	.dw #0x5294
   0026 FF 7F                61 	.dw #0x7fff
   0028 00 00                62 	.dw #0x0000
   002A 8C 31                63 	.dw #0x318c
   002C 94 52                64 	.dw #0x5294
   002E FF 7F                65 	.dw #0x7fff
   0030 00 00                66 	.dw #0x0000
   0032 8C 31                67 	.dw #0x318c
   0034 94 52                68 	.dw #0x5294
   0036 FF 7F                69 	.dw #0x7fff
   0038 00 00                70 	.dw #0x0000
   003A 8C 31                71 	.dw #0x318c
   003C 94 52                72 	.dw #0x5294
   003E FF 7F                73 	.dw #0x7fff
   0040                      74 _Credits_Sprites:
   0040 00                   75 	.db #0x00	; 0
   0041 00                   76 	.db #0x00	; 0
   0042 00                   77 	.db #0x00	; 0
   0043 00                   78 	.db #0x00	; 0
   0044 00                   79 	.db #0x00	; 0
   0045 00                   80 	.db #0x00	; 0
   0046 00                   81 	.db #0x00	; 0
   0047 00                   82 	.db #0x00	; 0
   0048 00                   83 	.db #0x00	; 0
   0049 00                   84 	.db #0x00	; 0
   004A 00                   85 	.db #0x00	; 0
   004B 00                   86 	.db #0x00	; 0
   004C 00                   87 	.db #0x00	; 0
   004D 00                   88 	.db #0x00	; 0
   004E 00                   89 	.db #0x00	; 0
   004F 00                   90 	.db #0x00	; 0
   0050 00                   91 	.db #0x00	; 0
   0051 00                   92 	.db #0x00	; 0
   0052 0F                   93 	.db #0x0f	; 15
   0053 0F                   94 	.db #0x0f	; 15
   0054 3F                   95 	.db #0x3f	; 63
   0055 30                   96 	.db #0x30	; 48	'0'
   0056 7F                   97 	.db #0x7f	; 127
   0057 40                   98 	.db #0x40	; 64
   0058 FF                   99 	.db #0xff	; 255
   0059 80                  100 	.db #0x80	; 128
   005A FF                  101 	.db #0xff	; 255
   005B 80                  102 	.db #0x80	; 128
   005C FF                  103 	.db #0xff	; 255
   005D 80                  104 	.db #0x80	; 128
   005E FF                  105 	.db #0xff	; 255
   005F 80                  106 	.db #0x80	; 128
   0060 0F                  107 	.db #0x0f	; 15
   0061 0F                  108 	.db #0x0f	; 15
   0062 1F                  109 	.db #0x1f	; 31
   0063 10                  110 	.db #0x10	; 16
   0064 3F                  111 	.db #0x3f	; 63
   0065 20                  112 	.db #0x20	; 32
   0066 3F                  113 	.db #0x3f	; 63
   0067 20                  114 	.db #0x20	; 32
   0068 7F                  115 	.db #0x7f	; 127
   0069 40                  116 	.db #0x40	; 64
   006A 7F                  117 	.db #0x7f	; 127
   006B 40                  118 	.db #0x40	; 64
   006C 7F                  119 	.db #0x7f	; 127
   006D 40                  120 	.db #0x40	; 64
   006E 7F                  121 	.db #0x7f	; 127
   006F 40                  122 	.db #0x40	; 64
   0070 3F                  123 	.db #0x3f	; 63
   0071 20                  124 	.db #0x20	; 32
   0072 3F                  125 	.db #0x3f	; 63
   0073 20                  126 	.db #0x20	; 32
   0074 DF                  127 	.db #0xdf	; 223
   0075 D0                  128 	.db #0xd0	; 208
   0076 FF                  129 	.db #0xff	; 255
   0077 30                  130 	.db #0x30	; 48	'0'
   0078 FC                  131 	.db #0xfc	; 252
   0079 0B                  132 	.db #0x0b	; 11
   007A F8                  133 	.db #0xf8	; 248
   007B 07                  134 	.db #0x07	; 7
   007C F0                  135 	.db #0xf0	; 240
   007D 0F                  136 	.db #0x0f	; 15
   007E F0                  137 	.db #0xf0	; 240
   007F 0F                  138 	.db #0x0f	; 15
   0080 F0                  139 	.db #0xf0	; 240
   0081 F0                  140 	.db #0xf0	; 240
   0082 F8                  141 	.db #0xf8	; 248
   0083 08                  142 	.db #0x08	; 8
   0084 FC                  143 	.db #0xfc	; 252
   0085 04                  144 	.db #0x04	; 4
   0086 FC                  145 	.db #0xfc	; 252
   0087 04                  146 	.db #0x04	; 4
   0088 FE                  147 	.db #0xfe	; 254
   0089 02                  148 	.db #0x02	; 2
   008A FE                  149 	.db #0xfe	; 254
   008B 02                  150 	.db #0x02	; 2
   008C FE                  151 	.db #0xfe	; 254
   008D 02                  152 	.db #0x02	; 2
   008E FE                  153 	.db #0xfe	; 254
   008F 02                  154 	.db #0x02	; 2
   0090 FC                  155 	.db #0xfc	; 252
   0091 04                  156 	.db #0x04	; 4
   0092 FC                  157 	.db #0xfc	; 252
   0093 04                  158 	.db #0x04	; 4
   0094 FB                  159 	.db #0xfb	; 251
   0095 0B                  160 	.db #0x0b	; 11
   0096 FF                  161 	.db #0xff	; 255
   0097 0C                  162 	.db #0x0c	; 12
   0098 3F                  163 	.db #0x3f	; 63
   0099 D0                  164 	.db #0xd0	; 208
   009A 1F                  165 	.db #0x1f	; 31
   009B E0                  166 	.db #0xe0	; 224
   009C 0F                  167 	.db #0x0f	; 15
   009D F0                  168 	.db #0xf0	; 240
   009E 0F                  169 	.db #0x0f	; 15
   009F F0                  170 	.db #0xf0	; 240
   00A0 00                  171 	.db #0x00	; 0
   00A1 00                  172 	.db #0x00	; 0
   00A2 00                  173 	.db #0x00	; 0
   00A3 00                  174 	.db #0x00	; 0
   00A4 00                  175 	.db #0x00	; 0
   00A5 00                  176 	.db #0x00	; 0
   00A6 00                  177 	.db #0x00	; 0
   00A7 00                  178 	.db #0x00	; 0
   00A8 00                  179 	.db #0x00	; 0
   00A9 00                  180 	.db #0x00	; 0
   00AA 00                  181 	.db #0x00	; 0
   00AB 00                  182 	.db #0x00	; 0
   00AC 00                  183 	.db #0x00	; 0
   00AD 00                  184 	.db #0x00	; 0
   00AE 00                  185 	.db #0x00	; 0
   00AF 00                  186 	.db #0x00	; 0
   00B0 00                  187 	.db #0x00	; 0
   00B1 00                  188 	.db #0x00	; 0
   00B2 F0                  189 	.db #0xf0	; 240
   00B3 F0                  190 	.db #0xf0	; 240
   00B4 FC                  191 	.db #0xfc	; 252
   00B5 0C                  192 	.db #0x0c	; 12
   00B6 FE                  193 	.db #0xfe	; 254
   00B7 02                  194 	.db #0x02	; 2
   00B8 FF                  195 	.db #0xff	; 255
   00B9 01                  196 	.db #0x01	; 1
   00BA FF                  197 	.db #0xff	; 255
   00BB 01                  198 	.db #0x01	; 1
   00BC FF                  199 	.db #0xff	; 255
   00BD 01                  200 	.db #0x01	; 1
   00BE FF                  201 	.db #0xff	; 255
   00BF 01                  202 	.db #0x01	; 1
   00C0 FF                  203 	.db #0xff	; 255
   00C1 80                  204 	.db #0x80	; 128
   00C2 FF                  205 	.db #0xff	; 255
   00C3 80                  206 	.db #0x80	; 128
   00C4 FF                  207 	.db #0xff	; 255
   00C5 80                  208 	.db #0x80	; 128
   00C6 FF                  209 	.db #0xff	; 255
   00C7 80                  210 	.db #0x80	; 128
   00C8 7F                  211 	.db #0x7f	; 127
   00C9 40                  212 	.db #0x40	; 64
   00CA 3F                  213 	.db #0x3f	; 63
   00CB 30                  214 	.db #0x30	; 48	'0'
   00CC 0F                  215 	.db #0x0f	; 15
   00CD 0F                  216 	.db #0x0f	; 15
   00CE 00                  217 	.db #0x00	; 0
   00CF 00                  218 	.db #0x00	; 0
   00D0 00                  219 	.db #0x00	; 0
   00D1 00                  220 	.db #0x00	; 0
   00D2 00                  221 	.db #0x00	; 0
   00D3 00                  222 	.db #0x00	; 0
   00D4 00                  223 	.db #0x00	; 0
   00D5 00                  224 	.db #0x00	; 0
   00D6 00                  225 	.db #0x00	; 0
   00D7 00                  226 	.db #0x00	; 0
   00D8 00                  227 	.db #0x00	; 0
   00D9 00                  228 	.db #0x00	; 0
   00DA 00                  229 	.db #0x00	; 0
   00DB 00                  230 	.db #0x00	; 0
   00DC 00                  231 	.db #0x00	; 0
   00DD 00                  232 	.db #0x00	; 0
   00DE 00                  233 	.db #0x00	; 0
   00DF 00                  234 	.db #0x00	; 0
   00E0 F0                  235 	.db #0xf0	; 240
   00E1 0F                  236 	.db #0x0f	; 15
   00E2 F0                  237 	.db #0xf0	; 240
   00E3 0F                  238 	.db #0x0f	; 15
   00E4 F8                  239 	.db #0xf8	; 248
   00E5 07                  240 	.db #0x07	; 7
   00E6 FC                  241 	.db #0xfc	; 252
   00E7 0B                  242 	.db #0x0b	; 11
   00E8 FF                  243 	.db #0xff	; 255
   00E9 30                  244 	.db #0x30	; 48	'0'
   00EA DF                  245 	.db #0xdf	; 223
   00EB D0                  246 	.db #0xd0	; 208
   00EC 3F                  247 	.db #0x3f	; 63
   00ED 20                  248 	.db #0x20	; 32
   00EE 3F                  249 	.db #0x3f	; 63
   00EF 20                  250 	.db #0x20	; 32
   00F0 7F                  251 	.db #0x7f	; 127
   00F1 40                  252 	.db #0x40	; 64
   00F2 7F                  253 	.db #0x7f	; 127
   00F3 40                  254 	.db #0x40	; 64
   00F4 7F                  255 	.db #0x7f	; 127
   00F5 40                  256 	.db #0x40	; 64
   00F6 7F                  257 	.db #0x7f	; 127
   00F7 40                  258 	.db #0x40	; 64
   00F8 3F                  259 	.db #0x3f	; 63
   00F9 20                  260 	.db #0x20	; 32
   00FA 3F                  261 	.db #0x3f	; 63
   00FB 20                  262 	.db #0x20	; 32
   00FC 1F                  263 	.db #0x1f	; 31
   00FD 10                  264 	.db #0x10	; 16
   00FE 0F                  265 	.db #0x0f	; 15
   00FF 0F                  266 	.db #0x0f	; 15
   0100 0F                  267 	.db #0x0f	; 15
   0101 F0                  268 	.db #0xf0	; 240
   0102 0F                  269 	.db #0x0f	; 15
   0103 F0                  270 	.db #0xf0	; 240
   0104 1F                  271 	.db #0x1f	; 31
   0105 E0                  272 	.db #0xe0	; 224
   0106 3F                  273 	.db #0x3f	; 63
   0107 D0                  274 	.db #0xd0	; 208
   0108 FF                  275 	.db #0xff	; 255
   0109 0C                  276 	.db #0x0c	; 12
   010A FB                  277 	.db #0xfb	; 251
   010B 0B                  278 	.db #0x0b	; 11
   010C FC                  279 	.db #0xfc	; 252
   010D 04                  280 	.db #0x04	; 4
   010E FC                  281 	.db #0xfc	; 252
   010F 04                  282 	.db #0x04	; 4
   0110 FE                  283 	.db #0xfe	; 254
   0111 02                  284 	.db #0x02	; 2
   0112 FE                  285 	.db #0xfe	; 254
   0113 02                  286 	.db #0x02	; 2
   0114 FE                  287 	.db #0xfe	; 254
   0115 02                  288 	.db #0x02	; 2
   0116 FE                  289 	.db #0xfe	; 254
   0117 02                  290 	.db #0x02	; 2
   0118 FC                  291 	.db #0xfc	; 252
   0119 04                  292 	.db #0x04	; 4
   011A FC                  293 	.db #0xfc	; 252
   011B 04                  294 	.db #0x04	; 4
   011C F8                  295 	.db #0xf8	; 248
   011D 08                  296 	.db #0x08	; 8
   011E F0                  297 	.db #0xf0	; 240
   011F F0                  298 	.db #0xf0	; 240
   0120 FF                  299 	.db #0xff	; 255
   0121 01                  300 	.db #0x01	; 1
   0122 FF                  301 	.db #0xff	; 255
   0123 01                  302 	.db #0x01	; 1
   0124 FF                  303 	.db #0xff	; 255
   0125 01                  304 	.db #0x01	; 1
   0126 FF                  305 	.db #0xff	; 255
   0127 01                  306 	.db #0x01	; 1
   0128 FE                  307 	.db #0xfe	; 254
   0129 02                  308 	.db #0x02	; 2
   012A FC                  309 	.db #0xfc	; 252
   012B 0C                  310 	.db #0x0c	; 12
   012C F0                  311 	.db #0xf0	; 240
   012D F0                  312 	.db #0xf0	; 240
   012E 00                  313 	.db #0x00	; 0
   012F 00                  314 	.db #0x00	; 0
   0130 00                  315 	.db #0x00	; 0
   0131 00                  316 	.db #0x00	; 0
   0132 00                  317 	.db #0x00	; 0
   0133 00                  318 	.db #0x00	; 0
   0134 00                  319 	.db #0x00	; 0
   0135 00                  320 	.db #0x00	; 0
   0136 00                  321 	.db #0x00	; 0
   0137 00                  322 	.db #0x00	; 0
   0138 00                  323 	.db #0x00	; 0
   0139 00                  324 	.db #0x00	; 0
   013A 00                  325 	.db #0x00	; 0
   013B 00                  326 	.db #0x00	; 0
   013C 00                  327 	.db #0x00	; 0
   013D 00                  328 	.db #0x00	; 0
   013E 00                  329 	.db #0x00	; 0
   013F 00                  330 	.db #0x00	; 0
                            331 	.area _CABS (ABS)
