                              1 ;--------------------------------------------------------
                              2 ; File Created by SDCC : free open source ANSI-C Compiler
                              3 ; Version 4.0.0 #11528 (MINGW32)
                              4 ;--------------------------------------------------------
                              5 	.module C__Users_Mills_AppData_Local_Temp_lcc85201
                              6 	.optsdcc -mgbz80
                              7 	
                              8 ;--------------------------------------------------------
                              9 ; Public variables in this module
                             10 ;--------------------------------------------------------
                             11 	.globl _Homer_Sprites
                             12 	.globl _Homer_SpritesPAL
                             13 ;--------------------------------------------------------
                             14 ; special function registers
                             15 ;--------------------------------------------------------
                             16 ;--------------------------------------------------------
                             17 ; ram data
                             18 ;--------------------------------------------------------
                             19 	.area _DATA
                             20 ;--------------------------------------------------------
                             21 ; absolute external ram data
                             22 ;--------------------------------------------------------
                             23 	.area _DABS (ABS)
                             24 ;--------------------------------------------------------
                             25 ; global & static initialisations
                             26 ;--------------------------------------------------------
                             27 	.area _HOME
                             28 	.area _GSINIT
                             29 	.area _GSFINAL
                             30 	.area _GSINIT
                             31 ;--------------------------------------------------------
                             32 ; Home
                             33 ;--------------------------------------------------------
                             34 	.area _HOME
                             35 	.area _HOME
                             36 ;--------------------------------------------------------
                             37 ; code
                             38 ;--------------------------------------------------------
                             39 	.area _CODE_3
                             40 	.area _CODE_3
   0000                      41 _Homer_SpritesPAL:
   0000 09 7E                42 	.dw #0x7e09
   0002 00 00                43 	.dw #0x0000
   0004 13 10                44 	.dw #0x1013
   0006 1E 4E                45 	.dw #0x4e1e
   0008 09 7E                46 	.dw #0x7e09
   000A FF 7F                47 	.dw #0x7fff
   000C 8C 31                48 	.dw #0x318c
   000E 00 00                49 	.dw #0x0000
   0010 09 7E                50 	.dw #0x7e09
   0012 BF 68                51 	.dw #0x68bf
   0014 14 50                52 	.dw #0x5014
   0016 00 00                53 	.dw #0x0000
   0018 00 00                54 	.dw #0x0000
   001A 00 00                55 	.dw #0x0000
   001C 00 00                56 	.dw #0x0000
   001E 00 00                57 	.dw #0x0000
   0020 00 00                58 	.dw #0x0000
   0022 00 00                59 	.dw #0x0000
   0024 00 00                60 	.dw #0x0000
   0026 00 00                61 	.dw #0x0000
   0028 00 00                62 	.dw #0x0000
   002A 00 00                63 	.dw #0x0000
   002C 00 00                64 	.dw #0x0000
   002E 00 00                65 	.dw #0x0000
   0030 00 00                66 	.dw #0x0000
   0032 00 00                67 	.dw #0x0000
   0034 00 00                68 	.dw #0x0000
   0036 00 00                69 	.dw #0x0000
   0038 00 00                70 	.dw #0x0000
   003A 00 00                71 	.dw #0x0000
   003C 00 00                72 	.dw #0x0000
   003E 00 00                73 	.dw #0x0000
   0040                      74 _Homer_Sprites:
   0040 FF                   75 	.db #0xff	; 255
   0041 FF                   76 	.db #0xff	; 255
   0042 FF                   77 	.db #0xff	; 255
   0043 00                   78 	.db #0x00	; 0
   0044 FF                   79 	.db #0xff	; 255
   0045 00                   80 	.db #0x00	; 0
   0046 FF                   81 	.db #0xff	; 255
   0047 00                   82 	.db #0x00	; 0
   0048 00                   83 	.db #0x00	; 0
   0049 FF                   84 	.db #0xff	; 255
   004A 00                   85 	.db #0x00	; 0
   004B FF                   86 	.db #0xff	; 255
   004C 00                   87 	.db #0x00	; 0
   004D FF                   88 	.db #0xff	; 255
   004E 00                   89 	.db #0x00	; 0
   004F FF                   90 	.db #0xff	; 255
   0050 00                   91 	.db #0x00	; 0
   0051 FF                   92 	.db #0xff	; 255
   0052 00                   93 	.db #0x00	; 0
   0053 FF                   94 	.db #0xff	; 255
   0054 00                   95 	.db #0x00	; 0
   0055 FF                   96 	.db #0xff	; 255
   0056 00                   97 	.db #0x00	; 0
   0057 FF                   98 	.db #0xff	; 255
   0058 00                   99 	.db #0x00	; 0
   0059 FF                  100 	.db #0xff	; 255
   005A 00                  101 	.db #0x00	; 0
   005B FF                  102 	.db #0xff	; 255
   005C 00                  103 	.db #0x00	; 0
   005D FF                  104 	.db #0xff	; 255
   005E 00                  105 	.db #0x00	; 0
   005F FF                  106 	.db #0xff	; 255
   0060 FF                  107 	.db #0xff	; 255
   0061 FF                  108 	.db #0xff	; 255
   0062 FF                  109 	.db #0xff	; 255
   0063 00                  110 	.db #0x00	; 0
   0064 FF                  111 	.db #0xff	; 255
   0065 00                  112 	.db #0x00	; 0
   0066 FF                  113 	.db #0xff	; 255
   0067 00                  114 	.db #0x00	; 0
   0068 00                  115 	.db #0x00	; 0
   0069 FF                  116 	.db #0xff	; 255
   006A 00                  117 	.db #0x00	; 0
   006B FF                  118 	.db #0xff	; 255
   006C 00                  119 	.db #0x00	; 0
   006D FF                  120 	.db #0xff	; 255
   006E 00                  121 	.db #0x00	; 0
   006F FF                  122 	.db #0xff	; 255
   0070 00                  123 	.db #0x00	; 0
   0071 FF                  124 	.db #0xff	; 255
   0072 00                  125 	.db #0x00	; 0
   0073 FF                  126 	.db #0xff	; 255
   0074 00                  127 	.db #0x00	; 0
   0075 FF                  128 	.db #0xff	; 255
   0076 00                  129 	.db #0x00	; 0
   0077 FF                  130 	.db #0xff	; 255
   0078 00                  131 	.db #0x00	; 0
   0079 FF                  132 	.db #0xff	; 255
   007A 00                  133 	.db #0x00	; 0
   007B FF                  134 	.db #0xff	; 255
   007C 00                  135 	.db #0x00	; 0
   007D FF                  136 	.db #0xff	; 255
   007E 00                  137 	.db #0x00	; 0
   007F FF                  138 	.db #0xff	; 255
   0080 FF                  139 	.db #0xff	; 255
   0081 FF                  140 	.db #0xff	; 255
   0082 FF                  141 	.db #0xff	; 255
   0083 00                  142 	.db #0x00	; 0
   0084 FF                  143 	.db #0xff	; 255
   0085 00                  144 	.db #0x00	; 0
   0086 FF                  145 	.db #0xff	; 255
   0087 00                  146 	.db #0x00	; 0
   0088 00                  147 	.db #0x00	; 0
   0089 FF                  148 	.db #0xff	; 255
   008A 00                  149 	.db #0x00	; 0
   008B FF                  150 	.db #0xff	; 255
   008C 00                  151 	.db #0x00	; 0
   008D FF                  152 	.db #0xff	; 255
   008E 00                  153 	.db #0x00	; 0
   008F FF                  154 	.db #0xff	; 255
   0090 00                  155 	.db #0x00	; 0
   0091 FF                  156 	.db #0xff	; 255
   0092 00                  157 	.db #0x00	; 0
   0093 FF                  158 	.db #0xff	; 255
   0094 00                  159 	.db #0x00	; 0
   0095 FF                  160 	.db #0xff	; 255
   0096 00                  161 	.db #0x00	; 0
   0097 FF                  162 	.db #0xff	; 255
   0098 00                  163 	.db #0x00	; 0
   0099 FF                  164 	.db #0xff	; 255
   009A 00                  165 	.db #0x00	; 0
   009B FF                  166 	.db #0xff	; 255
   009C 00                  167 	.db #0x00	; 0
   009D FF                  168 	.db #0xff	; 255
   009E 00                  169 	.db #0x00	; 0
   009F FF                  170 	.db #0xff	; 255
   00A0 07                  171 	.db #0x07	; 7
   00A1 00                  172 	.db #0x00	; 0
   00A2 0F                  173 	.db #0x0f	; 15
   00A3 07                  174 	.db #0x07	; 7
   00A4 1F                  175 	.db #0x1f	; 31
   00A5 0F                  176 	.db #0x0f	; 15
   00A6 3F                  177 	.db #0x3f	; 63
   00A7 1F                  178 	.db #0x1f	; 31
   00A8 3F                  179 	.db #0x3f	; 63
   00A9 1F                  180 	.db #0x1f	; 31
   00AA 7F                  181 	.db #0x7f	; 127
   00AB 3F                  182 	.db #0x3f	; 63
   00AC 7F                  183 	.db #0x7f	; 127
   00AD 3F                  184 	.db #0x3f	; 63
   00AE FF                  185 	.db #0xff	; 255
   00AF 7F                  186 	.db #0x7f	; 127
   00B0 FF                  187 	.db #0xff	; 255
   00B1 7F                  188 	.db #0x7f	; 127
   00B2 FF                  189 	.db #0xff	; 255
   00B3 7F                  190 	.db #0x7f	; 127
   00B4 7C                  191 	.db #0x7c	; 124
   00B5 3F                  192 	.db #0x3f	; 63
   00B6 78                  193 	.db #0x78	; 120	'x'
   00B7 3F                  194 	.db #0x3f	; 63
   00B8 73                  195 	.db #0x73	; 115	's'
   00B9 3C                  196 	.db #0x3c	; 60
   00BA 77                  197 	.db #0x77	; 119	'w'
   00BB 3B                  198 	.db #0x3b	; 59
   00BC FF                  199 	.db #0xff	; 255
   00BD 77                  200 	.db #0x77	; 119	'w'
   00BE EF                  201 	.db #0xef	; 239
   00BF 77                  202 	.db #0x77	; 119	'w'
   00C0 C0                  203 	.db #0xc0	; 192
   00C1 00                  204 	.db #0x00	; 0
   00C2 E0                  205 	.db #0xe0	; 224
   00C3 C0                  206 	.db #0xc0	; 192
   00C4 F0                  207 	.db #0xf0	; 240
   00C5 E0                  208 	.db #0xe0	; 224
   00C6 F8                  209 	.db #0xf8	; 248
   00C7 F0                  210 	.db #0xf0	; 240
   00C8 F8                  211 	.db #0xf8	; 248
   00C9 F0                  212 	.db #0xf0	; 240
   00CA E4                  213 	.db #0xe4	; 228
   00CB B8                  214 	.db #0xb8	; 184
   00CC EC                  215 	.db #0xec	; 236
   00CD D0                  216 	.db #0xd0	; 208
   00CE 8C                  217 	.db #0x8c	; 140
   00CF F0                  218 	.db #0xf0	; 240
   00D0 C4                  219 	.db #0xc4	; 196
   00D1 F8                  220 	.db #0xf8	; 248
   00D2 82                  221 	.db #0x82	; 130
   00D3 FC                  222 	.db #0xfc	; 252
   00D4 06                  223 	.db #0x06	; 6
   00D5 FC                  224 	.db #0xfc	; 252
   00D6 1E                  225 	.db #0x1e	; 30
   00D7 FC                  226 	.db #0xfc	; 252
   00D8 F9                  227 	.db #0xf9	; 249
   00D9 3E                  228 	.db #0x3e	; 62
   00DA C1                  229 	.db #0xc1	; 193
   00DB FE                  230 	.db #0xfe	; 254
   00DC 81                  231 	.db #0x81	; 129
   00DD FE                  232 	.db #0xfe	; 254
   00DE 81                  233 	.db #0x81	; 129
   00DF FE                  234 	.db #0xfe	; 254
   00E0 01                  235 	.db #0x01	; 1
   00E1 00                  236 	.db #0x00	; 0
   00E2 01                  237 	.db #0x01	; 1
   00E3 00                  238 	.db #0x00	; 0
   00E4 01                  239 	.db #0x01	; 1
   00E5 00                  240 	.db #0x00	; 0
   00E6 03                  241 	.db #0x03	; 3
   00E7 01                  242 	.db #0x01	; 1
   00E8 03                  243 	.db #0x03	; 3
   00E9 01                  244 	.db #0x01	; 1
   00EA 07                  245 	.db #0x07	; 7
   00EB 03                  246 	.db #0x03	; 3
   00EC 07                  247 	.db #0x07	; 7
   00ED 03                  248 	.db #0x03	; 3
   00EE 1F                  249 	.db #0x1f	; 31
   00EF 07                  250 	.db #0x07	; 7
   00F0 3F                  251 	.db #0x3f	; 63
   00F1 1F                  252 	.db #0x1f	; 31
   00F2 7F                  253 	.db #0x7f	; 127
   00F3 3F                  254 	.db #0x3f	; 63
   00F4 7F                  255 	.db #0x7f	; 127
   00F5 3F                  256 	.db #0x3f	; 63
   00F6 7F                  257 	.db #0x7f	; 127
   00F7 3F                  258 	.db #0x3f	; 63
   00F8 FF                  259 	.db #0xff	; 255
   00F9 7F                  260 	.db #0x7f	; 127
   00FA FF                  261 	.db #0xff	; 255
   00FB 7F                  262 	.db #0x7f	; 127
   00FC FF                  263 	.db #0xff	; 255
   00FD 7F                  264 	.db #0x7f	; 127
   00FE FF                  265 	.db #0xff	; 255
   00FF 7F                  266 	.db #0x7f	; 127
   0100 FF                  267 	.db #0xff	; 255
   0101 F7                  268 	.db #0xf7	; 247
   0102 FF                  269 	.db #0xff	; 255
   0103 F7                  270 	.db #0xf7	; 247
   0104 FF                  271 	.db #0xff	; 255
   0105 FF                  272 	.db #0xff	; 255
   0106 FC                  273 	.db #0xfc	; 252
   0107 FF                  274 	.db #0xff	; 255
   0108 F8                  275 	.db #0xf8	; 248
   0109 FF                  276 	.db #0xff	; 255
   010A F0                  277 	.db #0xf0	; 240
   010B FF                  278 	.db #0xff	; 255
   010C FE                  279 	.db #0xfe	; 254
   010D F1                  280 	.db #0xf1	; 241
   010E FF                  281 	.db #0xff	; 255
   010F CF                  282 	.db #0xcf	; 207
   0110 FF                  283 	.db #0xff	; 255
   0111 BF                  284 	.db #0xbf	; 191
   0112 FE                  285 	.db #0xfe	; 254
   0113 7F                  286 	.db #0x7f	; 127
   0114 FC                  287 	.db #0xfc	; 252
   0115 7F                  288 	.db #0x7f	; 127
   0116 F8                  289 	.db #0xf8	; 248
   0117 7F                  290 	.db #0x7f	; 127
   0118 F0                  291 	.db #0xf0	; 240
   0119 FF                  292 	.db #0xff	; 255
   011A E0                  293 	.db #0xe0	; 224
   011B FF                  294 	.db #0xff	; 255
   011C 80                  295 	.db #0x80	; 128
   011D FF                  296 	.db #0xff	; 255
   011E 00                  297 	.db #0x00	; 0
   011F FF                  298 	.db #0xff	; 255
   0120 00                  299 	.db #0x00	; 0
   0121 FF                  300 	.db #0xff	; 255
   0122 00                  301 	.db #0x00	; 0
   0123 FF                  302 	.db #0xff	; 255
   0124 00                  303 	.db #0x00	; 0
   0125 FF                  304 	.db #0xff	; 255
   0126 00                  305 	.db #0x00	; 0
   0127 FF                  306 	.db #0xff	; 255
   0128 00                  307 	.db #0x00	; 0
   0129 FF                  308 	.db #0xff	; 255
   012A 00                  309 	.db #0x00	; 0
   012B FF                  310 	.db #0xff	; 255
   012C 00                  311 	.db #0x00	; 0
   012D FF                  312 	.db #0xff	; 255
   012E 00                  313 	.db #0x00	; 0
   012F FF                  314 	.db #0xff	; 255
   0130 01                  315 	.db #0x01	; 1
   0131 FF                  316 	.db #0xff	; 255
   0132 0F                  317 	.db #0x0f	; 15
   0133 FF                  318 	.db #0xff	; 255
   0134 3E                  319 	.db #0x3e	; 62
   0135 FF                  320 	.db #0xff	; 255
   0136 7C                  321 	.db #0x7c	; 124
   0137 FF                  322 	.db #0xff	; 255
   0138 78                  323 	.db #0x78	; 120	'x'
   0139 FF                  324 	.db #0xff	; 255
   013A 00                  325 	.db #0x00	; 0
   013B FF                  326 	.db #0xff	; 255
   013C 00                  327 	.db #0x00	; 0
   013D FF                  328 	.db #0xff	; 255
   013E 00                  329 	.db #0x00	; 0
   013F FF                  330 	.db #0xff	; 255
   0140 80                  331 	.db #0x80	; 128
   0141 00                  332 	.db #0x00	; 0
   0142 80                  333 	.db #0x80	; 128
   0143 00                  334 	.db #0x00	; 0
   0144 80                  335 	.db #0x80	; 128
   0145 00                  336 	.db #0x00	; 0
   0146 80                  337 	.db #0x80	; 128
   0147 00                  338 	.db #0x00	; 0
   0148 C0                  339 	.db #0xc0	; 192
   0149 80                  340 	.db #0x80	; 128
   014A F8                  341 	.db #0xf8	; 248
   014B C0                  342 	.db #0xc0	; 192
   014C E4                  343 	.db #0xe4	; 228
   014D F8                  344 	.db #0xf8	; 248
   014E C2                  345 	.db #0xc2	; 194
   014F FC                  346 	.db #0xfc	; 252
   0150 02                  347 	.db #0x02	; 2
   0151 FC                  348 	.db #0xfc	; 252
   0152 02                  349 	.db #0x02	; 2
   0153 FC                  350 	.db #0xfc	; 252
   0154 02                  351 	.db #0x02	; 2
   0155 FC                  352 	.db #0xfc	; 252
   0156 01                  353 	.db #0x01	; 1
   0157 FE                  354 	.db #0xfe	; 254
   0158 01                  355 	.db #0x01	; 1
   0159 FE                  356 	.db #0xfe	; 254
   015A 01                  357 	.db #0x01	; 1
   015B FE                  358 	.db #0xfe	; 254
   015C 01                  359 	.db #0x01	; 1
   015D FE                  360 	.db #0xfe	; 254
   015E 01                  361 	.db #0x01	; 1
   015F FE                  362 	.db #0xfe	; 254
   0160 00                  363 	.db #0x00	; 0
   0161 00                  364 	.db #0x00	; 0
   0162 01                  365 	.db #0x01	; 1
   0163 00                  366 	.db #0x00	; 0
   0164 03                  367 	.db #0x03	; 3
   0165 01                  368 	.db #0x01	; 1
   0166 07                  369 	.db #0x07	; 7
   0167 03                  370 	.db #0x03	; 3
   0168 1F                  371 	.db #0x1f	; 31
   0169 07                  372 	.db #0x07	; 7
   016A 3F                  373 	.db #0x3f	; 63
   016B 1F                  374 	.db #0x1f	; 31
   016C 7F                  375 	.db #0x7f	; 127
   016D 3F                  376 	.db #0x3f	; 63
   016E 7F                  377 	.db #0x7f	; 127
   016F 3F                  378 	.db #0x3f	; 63
   0170 FE                  379 	.db #0xfe	; 254
   0171 7F                  380 	.db #0x7f	; 127
   0172 FE                  381 	.db #0xfe	; 254
   0173 7F                  382 	.db #0x7f	; 127
   0174 FC                  383 	.db #0xfc	; 252
   0175 7F                  384 	.db #0x7f	; 127
   0176 78                  385 	.db #0x78	; 120	'x'
   0177 3F                  386 	.db #0x3f	; 63
   0178 78                  387 	.db #0x78	; 120	'x'
   0179 3F                  388 	.db #0x3f	; 63
   017A 30                  389 	.db #0x30	; 48	'0'
   017B 1F                  390 	.db #0x1f	; 31
   017C 70                  391 	.db #0x70	; 112	'p'
   017D 3F                  392 	.db #0x3f	; 63
   017E F0                  393 	.db #0xf0	; 240
   017F 7F                  394 	.db #0x7f	; 127
   0180 E0                  395 	.db #0xe0	; 224
   0181 00                  396 	.db #0x00	; 0
   0182 F8                  397 	.db #0xf8	; 248
   0183 E0                  398 	.db #0xe0	; 224
   0184 FC                  399 	.db #0xfc	; 252
   0185 F8                  400 	.db #0xf8	; 248
   0186 FE                  401 	.db #0xfe	; 254
   0187 FC                  402 	.db #0xfc	; 252
   0188 FE                  403 	.db #0xfe	; 254
   0189 FC                  404 	.db #0xfc	; 252
   018A E1                  405 	.db #0xe1	; 225
   018B FE                  406 	.db #0xfe	; 254
   018C C1                  407 	.db #0xc1	; 193
   018D FE                  408 	.db #0xfe	; 254
   018E 01                  409 	.db #0x01	; 1
   018F FE                  410 	.db #0xfe	; 254
   0190 01                  411 	.db #0x01	; 1
   0191 FE                  412 	.db #0xfe	; 254
   0192 01                  413 	.db #0x01	; 1
   0193 FE                  414 	.db #0xfe	; 254
   0194 01                  415 	.db #0x01	; 1
   0195 FE                  416 	.db #0xfe	; 254
   0196 02                  417 	.db #0x02	; 2
   0197 FC                  418 	.db #0xfc	; 252
   0198 02                  419 	.db #0x02	; 2
   0199 FC                  420 	.db #0xfc	; 252
   019A 02                  421 	.db #0x02	; 2
   019B FC                  422 	.db #0xfc	; 252
   019C 01                  423 	.db #0x01	; 1
   019D FE                  424 	.db #0xfe	; 254
   019E 01                  425 	.db #0x01	; 1
   019F FE                  426 	.db #0xfe	; 254
   01A0 01                  427 	.db #0x01	; 1
   01A1 00                  428 	.db #0x00	; 0
   01A2 03                  429 	.db #0x03	; 3
   01A3 00                  430 	.db #0x00	; 0
   01A4 07                  431 	.db #0x07	; 7
   01A5 03                  432 	.db #0x03	; 3
   01A6 07                  433 	.db #0x07	; 7
   01A7 03                  434 	.db #0x03	; 3
   01A8 0F                  435 	.db #0x0f	; 15
   01A9 07                  436 	.db #0x07	; 7
   01AA 0F                  437 	.db #0x0f	; 15
   01AB 07                  438 	.db #0x07	; 7
   01AC 0F                  439 	.db #0x0f	; 15
   01AD 07                  440 	.db #0x07	; 7
   01AE 1F                  441 	.db #0x1f	; 31
   01AF 0F                  442 	.db #0x0f	; 15
   01B0 1F                  443 	.db #0x1f	; 31
   01B1 0F                  444 	.db #0x0f	; 15
   01B2 1F                  445 	.db #0x1f	; 31
   01B3 0F                  446 	.db #0x0f	; 15
   01B4 1F                  447 	.db #0x1f	; 31
   01B5 0F                  448 	.db #0x0f	; 15
   01B6 3E                  449 	.db #0x3e	; 62
   01B7 1F                  450 	.db #0x1f	; 31
   01B8 3E                  451 	.db #0x3e	; 62
   01B9 1F                  452 	.db #0x1f	; 31
   01BA 3E                  453 	.db #0x3e	; 62
   01BB 1F                  454 	.db #0x1f	; 31
   01BC 7C                  455 	.db #0x7c	; 124
   01BD 3F                  456 	.db #0x3f	; 63
   01BE F8                  457 	.db #0xf8	; 248
   01BF 7F                  458 	.db #0x7f	; 127
   01C0 E0                  459 	.db #0xe0	; 224
   01C1 FF                  460 	.db #0xff	; 255
   01C2 C0                  461 	.db #0xc0	; 192
   01C3 FF                  462 	.db #0xff	; 255
   01C4 80                  463 	.db #0x80	; 128
   01C5 FF                  464 	.db #0xff	; 255
   01C6 00                  465 	.db #0x00	; 0
   01C7 FF                  466 	.db #0xff	; 255
   01C8 00                  467 	.db #0x00	; 0
   01C9 FF                  468 	.db #0xff	; 255
   01CA 01                  469 	.db #0x01	; 1
   01CB FE                  470 	.db #0xfe	; 254
   01CC 07                  471 	.db #0x07	; 7
   01CD F9                  472 	.db #0xf9	; 249
   01CE 0F                  473 	.db #0x0f	; 15
   01CF F7                  474 	.db #0xf7	; 247
   01D0 1F                  475 	.db #0x1f	; 31
   01D1 EF                  476 	.db #0xef	; 239
   01D2 1F                  477 	.db #0x1f	; 31
   01D3 EF                  478 	.db #0xef	; 239
   01D4 3F                  479 	.db #0x3f	; 63
   01D5 DF                  480 	.db #0xdf	; 223
   01D6 3C                  481 	.db #0x3c	; 60
   01D7 DF                  482 	.db #0xdf	; 223
   01D8 30                  483 	.db #0x30	; 48	'0'
   01D9 DF                  484 	.db #0xdf	; 223
   01DA 00                  485 	.db #0x00	; 0
   01DB FF                  486 	.db #0xff	; 255
   01DC 00                  487 	.db #0x00	; 0
   01DD FF                  488 	.db #0xff	; 255
   01DE 00                  489 	.db #0x00	; 0
   01DF FF                  490 	.db #0xff	; 255
   01E0 21                  491 	.db #0x21	; 33
   01E1 DE                  492 	.db #0xde	; 222
   01E2 E3                  493 	.db #0xe3	; 227
   01E3 3C                  494 	.db #0x3c	; 60
   01E4 C2                  495 	.db #0xc2	; 194
   01E5 FC                  496 	.db #0xfc	; 252
   01E6 02                  497 	.db #0x02	; 2
   01E7 FC                  498 	.db #0xfc	; 252
   01E8 04                  499 	.db #0x04	; 4
   01E9 F8                  500 	.db #0xf8	; 248
   01EA 02                  501 	.db #0x02	; 2
   01EB FC                  502 	.db #0xfc	; 252
   01EC C1                  503 	.db #0xc1	; 193
   01ED 3E                  504 	.db #0x3e	; 62
   01EE E1                  505 	.db #0xe1	; 225
   01EF DE                  506 	.db #0xde	; 222
   01F0 C1                  507 	.db #0xc1	; 193
   01F1 FE                  508 	.db #0xfe	; 254
   01F2 82                  509 	.db #0x82	; 130
   01F3 FC                  510 	.db #0xfc	; 252
   01F4 02                  511 	.db #0x02	; 2
   01F5 FC                  512 	.db #0xfc	; 252
   01F6 02                  513 	.db #0x02	; 2
   01F7 FC                  514 	.db #0xfc	; 252
   01F8 01                  515 	.db #0x01	; 1
   01F9 FE                  516 	.db #0xfe	; 254
   01FA 01                  517 	.db #0x01	; 1
   01FB FE                  518 	.db #0xfe	; 254
   01FC 01                  519 	.db #0x01	; 1
   01FD FE                  520 	.db #0xfe	; 254
   01FE 01                  521 	.db #0x01	; 1
   01FF FE                  522 	.db #0xfe	; 254
   0200 07                  523 	.db #0x07	; 7
   0201 00                  524 	.db #0x00	; 0
   0202 1F                  525 	.db #0x1f	; 31
   0203 07                  526 	.db #0x07	; 7
   0204 3F                  527 	.db #0x3f	; 63
   0205 1F                  528 	.db #0x1f	; 31
   0206 7F                  529 	.db #0x7f	; 127
   0207 3F                  530 	.db #0x3f	; 63
   0208 7F                  531 	.db #0x7f	; 127
   0209 3F                  532 	.db #0x3f	; 63
   020A FF                  533 	.db #0xff	; 255
   020B 7F                  534 	.db #0x7f	; 127
   020C FE                  535 	.db #0xfe	; 254
   020D 7F                  536 	.db #0x7f	; 127
   020E FC                  537 	.db #0xfc	; 252
   020F 7F                  538 	.db #0x7f	; 127
   0210 7C                  539 	.db #0x7c	; 124
   0211 3F                  540 	.db #0x3f	; 63
   0212 7C                  541 	.db #0x7c	; 124
   0213 3F                  542 	.db #0x3f	; 63
   0214 30                  543 	.db #0x30	; 48	'0'
   0215 1F                  544 	.db #0x1f	; 31
   0216 12                  545 	.db #0x12	; 18
   0217 0F                  546 	.db #0x0f	; 15
   0218 3E                  547 	.db #0x3e	; 62
   0219 1F                  548 	.db #0x1f	; 31
   021A 7E                  549 	.db #0x7e	; 126
   021B 3F                  550 	.db #0x3f	; 63
   021C FC                  551 	.db #0xfc	; 252
   021D 7F                  552 	.db #0x7f	; 127
   021E F0                  553 	.db #0xf0	; 240
   021F 7F                  554 	.db #0x7f	; 127
   0220 F8                  555 	.db #0xf8	; 248
   0221 FF                  556 	.db #0xff	; 255
   0222 E0                  557 	.db #0xe0	; 224
   0223 FF                  558 	.db #0xff	; 255
   0224 80                  559 	.db #0x80	; 128
   0225 FF                  560 	.db #0xff	; 255
   0226 00                  561 	.db #0x00	; 0
   0227 FF                  562 	.db #0xff	; 255
   0228 00                  563 	.db #0x00	; 0
   0229 FF                  564 	.db #0xff	; 255
   022A 00                  565 	.db #0x00	; 0
   022B FF                  566 	.db #0xff	; 255
   022C 00                  567 	.db #0x00	; 0
   022D FF                  568 	.db #0xff	; 255
   022E 00                  569 	.db #0x00	; 0
   022F FF                  570 	.db #0xff	; 255
   0230 01                  571 	.db #0x01	; 1
   0231 FE                  572 	.db #0xfe	; 254
   0232 03                  573 	.db #0x03	; 3
   0233 FD                  574 	.db #0xfd	; 253
   0234 07                  575 	.db #0x07	; 7
   0235 FB                  576 	.db #0xfb	; 251
   0236 0F                  577 	.db #0x0f	; 15
   0237 F7                  578 	.db #0xf7	; 247
   0238 0F                  579 	.db #0x0f	; 15
   0239 F7                  580 	.db #0xf7	; 247
   023A 1E                  581 	.db #0x1e	; 30
   023B EF                  582 	.db #0xef	; 239
   023C 38                  583 	.db #0x38	; 56	'8'
   023D DF                  584 	.db #0xdf	; 223
   023E 00                  585 	.db #0x00	; 0
   023F FF                  586 	.db #0xff	; 255
   0240 00                  587 	.db #0x00	; 0
   0241 FF                  588 	.db #0xff	; 255
   0242 00                  589 	.db #0x00	; 0
   0243 FF                  590 	.db #0xff	; 255
   0244 00                  591 	.db #0x00	; 0
   0245 FF                  592 	.db #0xff	; 255
   0246 00                  593 	.db #0x00	; 0
   0247 FF                  594 	.db #0xff	; 255
   0248 00                  595 	.db #0x00	; 0
   0249 FF                  596 	.db #0xff	; 255
   024A 00                  597 	.db #0x00	; 0
   024B FF                  598 	.db #0xff	; 255
   024C 70                  599 	.db #0x70	; 112	'p'
   024D 8F                  600 	.db #0x8f	; 143
   024E FC                  601 	.db #0xfc	; 252
   024F 73                  602 	.db #0x73	; 115	's'
   0250 F8                  603 	.db #0xf8	; 248
   0251 FF                  604 	.db #0xff	; 255
   0252 F8                  605 	.db #0xf8	; 248
   0253 FF                  606 	.db #0xff	; 255
   0254 C0                  607 	.db #0xc0	; 192
   0255 FF                  608 	.db #0xff	; 255
   0256 00                  609 	.db #0x00	; 0
   0257 FF                  610 	.db #0xff	; 255
   0258 00                  611 	.db #0x00	; 0
   0259 FF                  612 	.db #0xff	; 255
   025A 00                  613 	.db #0x00	; 0
   025B FF                  614 	.db #0xff	; 255
   025C 00                  615 	.db #0x00	; 0
   025D FF                  616 	.db #0xff	; 255
   025E 00                  617 	.db #0x00	; 0
   025F FF                  618 	.db #0xff	; 255
   0260 01                  619 	.db #0x01	; 1
   0261 FE                  620 	.db #0xfe	; 254
   0262 00                  621 	.db #0x00	; 0
   0263 FF                  622 	.db #0xff	; 255
   0264 1E                  623 	.db #0x1e	; 30
   0265 FF                  624 	.db #0xff	; 255
   0266 3E                  625 	.db #0x3e	; 62
   0267 FF                  626 	.db #0xff	; 255
   0268 3C                  627 	.db #0x3c	; 60
   0269 FF                  628 	.db #0xff	; 255
   026A 38                  629 	.db #0x38	; 56	'8'
   026B FF                  630 	.db #0xff	; 255
   026C 70                  631 	.db #0x70	; 112	'p'
   026D FF                  632 	.db #0xff	; 255
   026E 70                  633 	.db #0x70	; 112	'p'
   026F FF                  634 	.db #0xff	; 255
   0270 00                  635 	.db #0x00	; 0
   0271 FF                  636 	.db #0xff	; 255
   0272 00                  637 	.db #0x00	; 0
   0273 FF                  638 	.db #0xff	; 255
   0274 00                  639 	.db #0x00	; 0
   0275 FF                  640 	.db #0xff	; 255
   0276 00                  641 	.db #0x00	; 0
   0277 FF                  642 	.db #0xff	; 255
   0278 00                  643 	.db #0x00	; 0
   0279 FF                  644 	.db #0xff	; 255
   027A 00                  645 	.db #0x00	; 0
   027B FF                  646 	.db #0xff	; 255
   027C 00                  647 	.db #0x00	; 0
   027D FF                  648 	.db #0xff	; 255
   027E 00                  649 	.db #0x00	; 0
   027F FF                  650 	.db #0xff	; 255
   0280 00                  651 	.db #0x00	; 0
   0281 00                  652 	.db #0x00	; 0
   0282 80                  653 	.db #0x80	; 128
   0283 00                  654 	.db #0x00	; 0
   0284 40                  655 	.db #0x40	; 64
   0285 80                  656 	.db #0x80	; 128
   0286 20                  657 	.db #0x20	; 32
   0287 C0                  658 	.db #0xc0	; 192
   0288 1C                  659 	.db #0x1c	; 28
   0289 E0                  660 	.db #0xe0	; 224
   028A 02                  661 	.db #0x02	; 2
   028B FC                  662 	.db #0xfc	; 252
   028C 01                  663 	.db #0x01	; 1
   028D FE                  664 	.db #0xfe	; 254
   028E 01                  665 	.db #0x01	; 1
   028F FE                  666 	.db #0xfe	; 254
   0290 01                  667 	.db #0x01	; 1
   0291 FE                  668 	.db #0xfe	; 254
   0292 02                  669 	.db #0x02	; 2
   0293 FC                  670 	.db #0xfc	; 252
   0294 04                  671 	.db #0x04	; 4
   0295 F8                  672 	.db #0xf8	; 248
   0296 04                  673 	.db #0x04	; 4
   0297 F8                  674 	.db #0xf8	; 248
   0298 04                  675 	.db #0x04	; 4
   0299 F8                  676 	.db #0xf8	; 248
   029A 02                  677 	.db #0x02	; 2
   029B FC                  678 	.db #0xfc	; 252
   029C 01                  679 	.db #0x01	; 1
   029D FE                  680 	.db #0xfe	; 254
   029E 01                  681 	.db #0x01	; 1
   029F FE                  682 	.db #0xfe	; 254
   02A0 00                  683 	.db #0x00	; 0
   02A1 00                  684 	.db #0x00	; 0
   02A2 00                  685 	.db #0x00	; 0
   02A3 00                  686 	.db #0x00	; 0
   02A4 00                  687 	.db #0x00	; 0
   02A5 00                  688 	.db #0x00	; 0
   02A6 00                  689 	.db #0x00	; 0
   02A7 00                  690 	.db #0x00	; 0
   02A8 00                  691 	.db #0x00	; 0
   02A9 00                  692 	.db #0x00	; 0
   02AA 07                  693 	.db #0x07	; 7
   02AB 07                  694 	.db #0x07	; 7
   02AC 1F                  695 	.db #0x1f	; 31
   02AD 18                  696 	.db #0x18	; 24
   02AE 3F                  697 	.db #0x3f	; 63
   02AF 20                  698 	.db #0x20	; 32
   02B0 3F                  699 	.db #0x3f	; 63
   02B1 20                  700 	.db #0x20	; 32
   02B2 7F                  701 	.db #0x7f	; 127
   02B3 40                  702 	.db #0x40	; 64
   02B4 7F                  703 	.db #0x7f	; 127
   02B5 40                  704 	.db #0x40	; 64
   02B6 7F                  705 	.db #0x7f	; 127
   02B7 40                  706 	.db #0x40	; 64
   02B8 FF                  707 	.db #0xff	; 255
   02B9 80                  708 	.db #0x80	; 128
   02BA FF                  709 	.db #0xff	; 255
   02BB 80                  710 	.db #0x80	; 128
   02BC FF                  711 	.db #0xff	; 255
   02BD 80                  712 	.db #0x80	; 128
   02BE FF                  713 	.db #0xff	; 255
   02BF 80                  714 	.db #0x80	; 128
   02C0 03                  715 	.db #0x03	; 3
   02C1 03                  716 	.db #0x03	; 3
   02C2 0F                  717 	.db #0x0f	; 15
   02C3 0C                  718 	.db #0x0c	; 12
   02C4 1F                  719 	.db #0x1f	; 31
   02C5 10                  720 	.db #0x10	; 16
   02C6 3F                  721 	.db #0x3f	; 63
   02C7 20                  722 	.db #0x20	; 32
   02C8 3F                  723 	.db #0x3f	; 63
   02C9 20                  724 	.db #0x20	; 32
   02CA FF                  725 	.db #0xff	; 255
   02CB C0                  726 	.db #0xc0	; 192
   02CC FF                  727 	.db #0xff	; 255
   02CD 00                  728 	.db #0x00	; 0
   02CE FF                  729 	.db #0xff	; 255
   02CF 00                  730 	.db #0x00	; 0
   02D0 FF                  731 	.db #0xff	; 255
   02D1 00                  732 	.db #0x00	; 0
   02D2 FF                  733 	.db #0xff	; 255
   02D3 00                  734 	.db #0x00	; 0
   02D4 FF                  735 	.db #0xff	; 255
   02D5 00                  736 	.db #0x00	; 0
   02D6 FF                  737 	.db #0xff	; 255
   02D7 07                  738 	.db #0x07	; 7
   02D8 FF                  739 	.db #0xff	; 255
   02D9 08                  740 	.db #0x08	; 8
   02DA FF                  741 	.db #0xff	; 255
   02DB 10                  742 	.db #0x10	; 16
   02DC FF                  743 	.db #0xff	; 255
   02DD 10                  744 	.db #0x10	; 16
   02DE FF                  745 	.db #0xff	; 255
   02DF 00                  746 	.db #0x00	; 0
   02E0 80                  747 	.db #0x80	; 128
   02E1 80                  748 	.db #0x80	; 128
   02E2 C0                  749 	.db #0xc0	; 192
   02E3 40                  750 	.db #0x40	; 64
   02E4 E0                  751 	.db #0xe0	; 224
   02E5 20                  752 	.db #0x20	; 32
   02E6 E0                  753 	.db #0xe0	; 224
   02E7 20                  754 	.db #0x20	; 32
   02E8 F0                  755 	.db #0xf0	; 240
   02E9 10                  756 	.db #0x10	; 16
   02EA F0                  757 	.db #0xf0	; 240
   02EB 10                  758 	.db #0x10	; 16
   02EC F0                  759 	.db #0xf0	; 240
   02ED 10                  760 	.db #0x10	; 16
   02EE F8                  761 	.db #0xf8	; 248
   02EF 08                  762 	.db #0x08	; 8
   02F0 F8                  763 	.db #0xf8	; 248
   02F1 08                  764 	.db #0x08	; 8
   02F2 FC                  765 	.db #0xfc	; 252
   02F3 04                  766 	.db #0x04	; 4
   02F4 FE                  767 	.db #0xfe	; 254
   02F5 02                  768 	.db #0x02	; 2
   02F6 FE                  769 	.db #0xfe	; 254
   02F7 82                  770 	.db #0x82	; 130
   02F8 FE                  771 	.db #0xfe	; 254
   02F9 42                  772 	.db #0x42	; 66	'B'
   02FA FF                  773 	.db #0xff	; 255
   02FB 21                  774 	.db #0x21	; 33
   02FC FF                  775 	.db #0xff	; 255
   02FD 21                  776 	.db #0x21	; 33
   02FE FF                  777 	.db #0xff	; 255
   02FF 01                  778 	.db #0x01	; 1
   0300 01                  779 	.db #0x01	; 1
   0301 01                  780 	.db #0x01	; 1
   0302 01                  781 	.db #0x01	; 1
   0303 01                  782 	.db #0x01	; 1
   0304 03                  783 	.db #0x03	; 3
   0305 02                  784 	.db #0x02	; 2
   0306 0F                  785 	.db #0x0f	; 15
   0307 0C                  786 	.db #0x0c	; 12
   0308 1F                  787 	.db #0x1f	; 31
   0309 10                  788 	.db #0x10	; 16
   030A 3F                  789 	.db #0x3f	; 63
   030B 20                  790 	.db #0x20	; 32
   030C 7F                  791 	.db #0x7f	; 127
   030D 40                  792 	.db #0x40	; 64
   030E 7F                  793 	.db #0x7f	; 127
   030F 40                  794 	.db #0x40	; 64
   0310 7F                  795 	.db #0x7f	; 127
   0311 40                  796 	.db #0x40	; 64
   0312 7F                  797 	.db #0x7f	; 127
   0313 40                  798 	.db #0x40	; 64
   0314 38                  799 	.db #0x38	; 56	'8'
   0315 27                  800 	.db #0x27	; 39
   0316 20                  801 	.db #0x20	; 32
   0317 3F                  802 	.db #0x3f	; 63
   0318 10                  803 	.db #0x10	; 16
   0319 1F                  804 	.db #0x1f	; 31
   031A 0C                  805 	.db #0x0c	; 12
   031B 0F                  806 	.db #0x0f	; 15
   031C 03                  807 	.db #0x03	; 3
   031D 03                  808 	.db #0x03	; 3
   031E 00                  809 	.db #0x00	; 0
   031F 00                  810 	.db #0x00	; 0
   0320 FF                  811 	.db #0xff	; 255
   0321 00                  812 	.db #0x00	; 0
   0322 FF                  813 	.db #0xff	; 255
   0323 00                  814 	.db #0x00	; 0
   0324 FF                  815 	.db #0xff	; 255
   0325 00                  816 	.db #0x00	; 0
   0326 FF                  817 	.db #0xff	; 255
   0327 00                  818 	.db #0x00	; 0
   0328 FF                  819 	.db #0xff	; 255
   0329 00                  820 	.db #0x00	; 0
   032A FF                  821 	.db #0xff	; 255
   032B 00                  822 	.db #0x00	; 0
   032C FE                  823 	.db #0xfe	; 254
   032D 01                  824 	.db #0x01	; 1
   032E F8                  825 	.db #0xf8	; 248
   032F 07                  826 	.db #0x07	; 7
   0330 F8                  827 	.db #0xf8	; 248
   0331 07                  828 	.db #0x07	; 7
   0332 E0                  829 	.db #0xe0	; 224
   0333 1F                  830 	.db #0x1f	; 31
   0334 00                  831 	.db #0x00	; 0
   0335 FF                  832 	.db #0xff	; 255
   0336 00                  833 	.db #0x00	; 0
   0337 FF                  834 	.db #0xff	; 255
   0338 00                  835 	.db #0x00	; 0
   0339 FF                  836 	.db #0xff	; 255
   033A 00                  837 	.db #0x00	; 0
   033B FF                  838 	.db #0xff	; 255
   033C FF                  839 	.db #0xff	; 255
   033D FF                  840 	.db #0xff	; 255
   033E 00                  841 	.db #0x00	; 0
   033F 00                  842 	.db #0x00	; 0
   0340 FC                  843 	.db #0xfc	; 252
   0341 03                  844 	.db #0x03	; 3
   0342 F8                  845 	.db #0xf8	; 248
   0343 07                  846 	.db #0x07	; 7
   0344 F0                  847 	.db #0xf0	; 240
   0345 0F                  848 	.db #0x0f	; 15
   0346 E0                  849 	.db #0xe0	; 224
   0347 1F                  850 	.db #0x1f	; 31
   0348 80                  851 	.db #0x80	; 128
   0349 7F                  852 	.db #0x7f	; 127
   034A 00                  853 	.db #0x00	; 0
   034B FF                  854 	.db #0xff	; 255
   034C 00                  855 	.db #0x00	; 0
   034D FF                  856 	.db #0xff	; 255
   034E 00                  857 	.db #0x00	; 0
   034F FF                  858 	.db #0xff	; 255
   0350 38                  859 	.db #0x38	; 56	'8'
   0351 C7                  860 	.db #0xc7	; 199
   0352 70                  861 	.db #0x70	; 112	'p'
   0353 8F                  862 	.db #0x8f	; 143
   0354 00                  863 	.db #0x00	; 0
   0355 FF                  864 	.db #0xff	; 255
   0356 00                  865 	.db #0x00	; 0
   0357 FF                  866 	.db #0xff	; 255
   0358 00                  867 	.db #0x00	; 0
   0359 FF                  868 	.db #0xff	; 255
   035A 00                  869 	.db #0x00	; 0
   035B FF                  870 	.db #0xff	; 255
   035C FF                  871 	.db #0xff	; 255
   035D FF                  872 	.db #0xff	; 255
   035E 00                  873 	.db #0x00	; 0
   035F 00                  874 	.db #0x00	; 0
   0360 61                  875 	.db #0x61	; 97	'a'
   0361 9F                  876 	.db #0x9f	; 159
   0362 00                  877 	.db #0x00	; 0
   0363 FF                  878 	.db #0xff	; 255
   0364 00                  879 	.db #0x00	; 0
   0365 FF                  880 	.db #0xff	; 255
   0366 00                  881 	.db #0x00	; 0
   0367 FF                  882 	.db #0xff	; 255
   0368 1E                  883 	.db #0x1e	; 30
   0369 FF                  884 	.db #0xff	; 255
   036A 3F                  885 	.db #0x3f	; 63
   036B E1                  886 	.db #0xe1	; 225
   036C 7F                  887 	.db #0x7f	; 127
   036D C0                  888 	.db #0xc0	; 192
   036E 7E                  889 	.db #0x7e	; 126
   036F C1                  890 	.db #0xc1	; 193
   0370 F8                  891 	.db #0xf8	; 248
   0371 87                  892 	.db #0x87	; 135
   0372 C0                  893 	.db #0xc0	; 192
   0373 BF                  894 	.db #0xbf	; 191
   0374 00                  895 	.db #0x00	; 0
   0375 FF                  896 	.db #0xff	; 255
   0376 00                  897 	.db #0x00	; 0
   0377 FF                  898 	.db #0xff	; 255
   0378 00                  899 	.db #0x00	; 0
   0379 FF                  900 	.db #0xff	; 255
   037A 00                  901 	.db #0x00	; 0
   037B FF                  902 	.db #0xff	; 255
   037C FF                  903 	.db #0xff	; 255
   037D FF                  904 	.db #0xff	; 255
   037E 00                  905 	.db #0x00	; 0
   037F 00                  906 	.db #0x00	; 0
   0380 00                  907 	.db #0x00	; 0
   0381 00                  908 	.db #0x00	; 0
   0382 80                  909 	.db #0x80	; 128
   0383 80                  910 	.db #0x80	; 128
   0384 60                  911 	.db #0x60	; 96
   0385 E0                  912 	.db #0xe0	; 224
   0386 10                  913 	.db #0x10	; 16
   0387 F0                  914 	.db #0xf0	; 240
   0388 08                  915 	.db #0x08	; 8
   0389 F8                  916 	.db #0xf8	; 248
   038A 08                  917 	.db #0x08	; 8
   038B F8                  918 	.db #0xf8	; 248
   038C 04                  919 	.db #0x04	; 4
   038D FC                  920 	.db #0xfc	; 252
   038E 02                  921 	.db #0x02	; 2
   038F FE                  922 	.db #0xfe	; 254
   0390 02                  923 	.db #0x02	; 2
   0391 FE                  924 	.db #0xfe	; 254
   0392 02                  925 	.db #0x02	; 2
   0393 FE                  926 	.db #0xfe	; 254
   0394 0C                  927 	.db #0x0c	; 12
   0395 FC                  928 	.db #0xfc	; 252
   0396 10                  929 	.db #0x10	; 16
   0397 F0                  930 	.db #0xf0	; 240
   0398 20                  931 	.db #0x20	; 32
   0399 E0                  932 	.db #0xe0	; 224
   039A 40                  933 	.db #0x40	; 64
   039B C0                  934 	.db #0xc0	; 192
   039C 80                  935 	.db #0x80	; 128
   039D 80                  936 	.db #0x80	; 128
   039E 00                  937 	.db #0x00	; 0
   039F 00                  938 	.db #0x00	; 0
   03A0 00                  939 	.db #0x00	; 0
   03A1 00                  940 	.db #0x00	; 0
   03A2 00                  941 	.db #0x00	; 0
   03A3 00                  942 	.db #0x00	; 0
   03A4 00                  943 	.db #0x00	; 0
   03A5 00                  944 	.db #0x00	; 0
   03A6 00                  945 	.db #0x00	; 0
   03A7 00                  946 	.db #0x00	; 0
   03A8 00                  947 	.db #0x00	; 0
   03A9 00                  948 	.db #0x00	; 0
   03AA 00                  949 	.db #0x00	; 0
   03AB 00                  950 	.db #0x00	; 0
   03AC 00                  951 	.db #0x00	; 0
   03AD 00                  952 	.db #0x00	; 0
   03AE 00                  953 	.db #0x00	; 0
   03AF 00                  954 	.db #0x00	; 0
   03B0 07                  955 	.db #0x07	; 7
   03B1 07                  956 	.db #0x07	; 7
   03B2 1F                  957 	.db #0x1f	; 31
   03B3 18                  958 	.db #0x18	; 24
   03B4 3F                  959 	.db #0x3f	; 63
   03B5 20                  960 	.db #0x20	; 32
   03B6 7F                  961 	.db #0x7f	; 127
   03B7 40                  962 	.db #0x40	; 64
   03B8 7F                  963 	.db #0x7f	; 127
   03B9 40                  964 	.db #0x40	; 64
   03BA FF                  965 	.db #0xff	; 255
   03BB 80                  966 	.db #0x80	; 128
   03BC FF                  967 	.db #0xff	; 255
   03BD 80                  968 	.db #0x80	; 128
   03BE FF                  969 	.db #0xff	; 255
   03BF 80                  970 	.db #0x80	; 128
   03C0 00                  971 	.db #0x00	; 0
   03C1 00                  972 	.db #0x00	; 0
   03C2 00                  973 	.db #0x00	; 0
   03C3 00                  974 	.db #0x00	; 0
   03C4 00                  975 	.db #0x00	; 0
   03C5 00                  976 	.db #0x00	; 0
   03C6 00                  977 	.db #0x00	; 0
   03C7 00                  978 	.db #0x00	; 0
   03C8 00                  979 	.db #0x00	; 0
   03C9 00                  980 	.db #0x00	; 0
   03CA 00                  981 	.db #0x00	; 0
   03CB 00                  982 	.db #0x00	; 0
   03CC 00                  983 	.db #0x00	; 0
   03CD 00                  984 	.db #0x00	; 0
   03CE 00                  985 	.db #0x00	; 0
   03CF 00                  986 	.db #0x00	; 0
   03D0 E0                  987 	.db #0xe0	; 224
   03D1 E0                  988 	.db #0xe0	; 224
   03D2 F8                  989 	.db #0xf8	; 248
   03D3 18                  990 	.db #0x18	; 24
   03D4 FC                  991 	.db #0xfc	; 252
   03D5 04                  992 	.db #0x04	; 4
   03D6 FE                  993 	.db #0xfe	; 254
   03D7 02                  994 	.db #0x02	; 2
   03D8 FA                  995 	.db #0xfa	; 250
   03D9 06                  996 	.db #0x06	; 6
   03DA E1                  997 	.db #0xe1	; 225
   03DB 1F                  998 	.db #0x1f	; 31
   03DC 81                  999 	.db #0x81	; 129
   03DD 7F                 1000 	.db #0x7f	; 127
   03DE 01                 1001 	.db #0x01	; 1
   03DF FF                 1002 	.db #0xff	; 255
   03E0 01                 1003 	.db #0x01	; 1
   03E1 01                 1004 	.db #0x01	; 1
   03E2 01                 1005 	.db #0x01	; 1
   03E3 01                 1006 	.db #0x01	; 1
   03E4 03                 1007 	.db #0x03	; 3
   03E5 02                 1008 	.db #0x02	; 2
   03E6 0F                 1009 	.db #0x0f	; 15
   03E7 0C                 1010 	.db #0x0c	; 12
   03E8 1F                 1011 	.db #0x1f	; 31
   03E9 10                 1012 	.db #0x10	; 16
   03EA 3F                 1013 	.db #0x3f	; 63
   03EB 20                 1014 	.db #0x20	; 32
   03EC 7F                 1015 	.db #0x7f	; 127
   03ED 40                 1016 	.db #0x40	; 64
   03EE 7F                 1017 	.db #0x7f	; 127
   03EF 40                 1018 	.db #0x40	; 64
   03F0 7F                 1019 	.db #0x7f	; 127
   03F1 40                 1020 	.db #0x40	; 64
   03F2 7F                 1021 	.db #0x7f	; 127
   03F3 40                 1022 	.db #0x40	; 64
   03F4 3F                 1023 	.db #0x3f	; 63
   03F5 20                 1024 	.db #0x20	; 32
   03F6 1F                 1025 	.db #0x1f	; 31
   03F7 10                 1026 	.db #0x10	; 16
   03F8 3F                 1027 	.db #0x3f	; 63
   03F9 20                 1028 	.db #0x20	; 32
   03FA 3F                 1029 	.db #0x3f	; 63
   03FB 20                 1030 	.db #0x20	; 32
   03FC 7F                 1031 	.db #0x7f	; 127
   03FD 40                 1032 	.db #0x40	; 64
   03FE FE                 1033 	.db #0xfe	; 254
   03FF 81                 1034 	.db #0x81	; 129
   0400 FF                 1035 	.db #0xff	; 255
   0401 00                 1036 	.db #0x00	; 0
   0402 FC                 1037 	.db #0xfc	; 252
   0403 03                 1038 	.db #0x03	; 3
   0404 F8                 1039 	.db #0xf8	; 248
   0405 07                 1040 	.db #0x07	; 7
   0406 F8                 1041 	.db #0xf8	; 248
   0407 07                 1042 	.db #0x07	; 7
   0408 F0                 1043 	.db #0xf0	; 240
   0409 0F                 1044 	.db #0x0f	; 15
   040A F0                 1045 	.db #0xf0	; 240
   040B 0F                 1046 	.db #0x0f	; 15
   040C F0                 1047 	.db #0xf0	; 240
   040D 0F                 1048 	.db #0x0f	; 15
   040E E0                 1049 	.db #0xe0	; 224
   040F 1F                 1050 	.db #0x1f	; 31
   0410 E0                 1051 	.db #0xe0	; 224
   0411 1F                 1052 	.db #0x1f	; 31
   0412 E0                 1053 	.db #0xe0	; 224
   0413 1F                 1054 	.db #0x1f	; 31
   0414 C0                 1055 	.db #0xc0	; 192
   0415 3F                 1056 	.db #0x3f	; 63
   0416 80                 1057 	.db #0x80	; 128
   0417 7F                 1058 	.db #0x7f	; 127
   0418 80                 1059 	.db #0x80	; 128
   0419 7F                 1060 	.db #0x7f	; 127
   041A 00                 1061 	.db #0x00	; 0
   041B FF                 1062 	.db #0xff	; 255
   041C 00                 1063 	.db #0x00	; 0
   041D FF                 1064 	.db #0xff	; 255
   041E 00                 1065 	.db #0x00	; 0
   041F FF                 1066 	.db #0xff	; 255
   0420 00                 1067 	.db #0x00	; 0
   0421 FF                 1068 	.db #0xff	; 255
   0422 00                 1069 	.db #0x00	; 0
   0423 FF                 1070 	.db #0xff	; 255
   0424 00                 1071 	.db #0x00	; 0
   0425 FF                 1072 	.db #0xff	; 255
   0426 00                 1073 	.db #0x00	; 0
   0427 FF                 1074 	.db #0xff	; 255
   0428 00                 1075 	.db #0x00	; 0
   0429 FF                 1076 	.db #0xff	; 255
   042A 06                 1077 	.db #0x06	; 6
   042B FF                 1078 	.db #0xff	; 255
   042C 1E                 1079 	.db #0x1e	; 30
   042D F9                 1080 	.db #0xf9	; 249
   042E 3E                 1081 	.db #0x3e	; 62
   042F E1                 1082 	.db #0xe1	; 225
   0430 7E                 1083 	.db #0x7e	; 126
   0431 C1                 1084 	.db #0xc1	; 193
   0432 7C                 1085 	.db #0x7c	; 124
   0433 C3                 1086 	.db #0xc3	; 195
   0434 F8                 1087 	.db #0xf8	; 248
   0435 87                 1088 	.db #0x87	; 135
   0436 E0                 1089 	.db #0xe0	; 224
   0437 9F                 1090 	.db #0x9f	; 159
   0438 00                 1091 	.db #0x00	; 0
   0439 FF                 1092 	.db #0xff	; 255
   043A 00                 1093 	.db #0x00	; 0
   043B FF                 1094 	.db #0xff	; 255
   043C 00                 1095 	.db #0x00	; 0
   043D FF                 1096 	.db #0xff	; 255
   043E 00                 1097 	.db #0x00	; 0
   043F FF                 1098 	.db #0xff	; 255
   0440 80                 1099 	.db #0x80	; 128
   0441 80                 1100 	.db #0x80	; 128
   0442 80                 1101 	.db #0x80	; 128
   0443 80                 1102 	.db #0x80	; 128
   0444 40                 1103 	.db #0x40	; 64
   0445 C0                 1104 	.db #0xc0	; 192
   0446 20                 1105 	.db #0x20	; 32
   0447 E0                 1106 	.db #0xe0	; 224
   0448 10                 1107 	.db #0x10	; 16
   0449 F0                 1108 	.db #0xf0	; 240
   044A 08                 1109 	.db #0x08	; 8
   044B F8                 1110 	.db #0xf8	; 248
   044C 04                 1111 	.db #0x04	; 4
   044D FC                 1112 	.db #0xfc	; 252
   044E 04                 1113 	.db #0x04	; 4
   044F FC                 1114 	.db #0xfc	; 252
   0450 04                 1115 	.db #0x04	; 4
   0451 FC                 1116 	.db #0xfc	; 252
   0452 04                 1117 	.db #0x04	; 4
   0453 FC                 1118 	.db #0xfc	; 252
   0454 02                 1119 	.db #0x02	; 2
   0455 FE                 1120 	.db #0xfe	; 254
   0456 02                 1121 	.db #0x02	; 2
   0457 FE                 1122 	.db #0xfe	; 254
   0458 02                 1123 	.db #0x02	; 2
   0459 FE                 1124 	.db #0xfe	; 254
   045A 01                 1125 	.db #0x01	; 1
   045B FF                 1126 	.db #0xff	; 255
   045C 01                 1127 	.db #0x01	; 1
   045D FF                 1128 	.db #0xff	; 255
   045E 01                 1129 	.db #0x01	; 1
   045F FF                 1130 	.db #0xff	; 255
   0460 03                 1131 	.db #0x03	; 3
   0461 03                 1132 	.db #0x03	; 3
   0462 0F                 1133 	.db #0x0f	; 15
   0463 0C                 1134 	.db #0x0c	; 12
   0464 1F                 1135 	.db #0x1f	; 31
   0465 10                 1136 	.db #0x10	; 16
   0466 3F                 1137 	.db #0x3f	; 63
   0467 20                 1138 	.db #0x20	; 32
   0468 3F                 1139 	.db #0x3f	; 63
   0469 20                 1140 	.db #0x20	; 32
   046A 7E                 1141 	.db #0x7e	; 126
   046B 41                 1142 	.db #0x41	; 65	'A'
   046C 7C                 1143 	.db #0x7c	; 124
   046D 43                 1144 	.db #0x43	; 67	'C'
   046E 70                 1145 	.db #0x70	; 112	'p'
   046F 4F                 1146 	.db #0x4f	; 79	'O'
   0470 20                 1147 	.db #0x20	; 32
   0471 3F                 1148 	.db #0x3f	; 63
   0472 20                 1149 	.db #0x20	; 32
   0473 3F                 1150 	.db #0x3f	; 63
   0474 10                 1151 	.db #0x10	; 16
   0475 1F                 1152 	.db #0x1f	; 31
   0476 08                 1153 	.db #0x08	; 8
   0477 0F                 1154 	.db #0x0f	; 15
   0478 06                 1155 	.db #0x06	; 6
   0479 07                 1156 	.db #0x07	; 7
   047A 01                 1157 	.db #0x01	; 1
   047B 01                 1158 	.db #0x01	; 1
   047C 00                 1159 	.db #0x00	; 0
   047D 00                 1160 	.db #0x00	; 0
   047E 00                 1161 	.db #0x00	; 0
   047F 00                 1162 	.db #0x00	; 0
   0480 F0                 1163 	.db #0xf0	; 240
   0481 0F                 1164 	.db #0x0f	; 15
   0482 C0                 1165 	.db #0xc0	; 192
   0483 3F                 1166 	.db #0x3f	; 63
   0484 80                 1167 	.db #0x80	; 128
   0485 7F                 1168 	.db #0x7f	; 127
   0486 00                 1169 	.db #0x00	; 0
   0487 FF                 1170 	.db #0xff	; 255
   0488 00                 1171 	.db #0x00	; 0
   0489 FF                 1172 	.db #0xff	; 255
   048A 00                 1173 	.db #0x00	; 0
   048B FF                 1174 	.db #0xff	; 255
   048C 00                 1175 	.db #0x00	; 0
   048D FF                 1176 	.db #0xff	; 255
   048E 00                 1177 	.db #0x00	; 0
   048F FF                 1178 	.db #0xff	; 255
   0490 00                 1179 	.db #0x00	; 0
   0491 FF                 1180 	.db #0xff	; 255
   0492 00                 1181 	.db #0x00	; 0
   0493 FF                 1182 	.db #0xff	; 255
   0494 00                 1183 	.db #0x00	; 0
   0495 FF                 1184 	.db #0xff	; 255
   0496 00                 1185 	.db #0x00	; 0
   0497 FF                 1186 	.db #0xff	; 255
   0498 00                 1187 	.db #0x00	; 0
   0499 FF                 1188 	.db #0xff	; 255
   049A FF                 1189 	.db #0xff	; 255
   049B FF                 1190 	.db #0xff	; 255
   049C 00                 1191 	.db #0x00	; 0
   049D 00                 1192 	.db #0x00	; 0
   049E 00                 1193 	.db #0x00	; 0
   049F 00                 1194 	.db #0x00	; 0
   04A0 00                 1195 	.db #0x00	; 0
   04A1 FF                 1196 	.db #0xff	; 255
   04A2 00                 1197 	.db #0x00	; 0
   04A3 FF                 1198 	.db #0xff	; 255
   04A4 00                 1199 	.db #0x00	; 0
   04A5 FF                 1200 	.db #0xff	; 255
   04A6 00                 1201 	.db #0x00	; 0
   04A7 FF                 1202 	.db #0xff	; 255
   04A8 03                 1203 	.db #0x03	; 3
   04A9 FF                 1204 	.db #0xff	; 255
   04AA 07                 1205 	.db #0x07	; 7
   04AB FC                 1206 	.db #0xfc	; 252
   04AC 0F                 1207 	.db #0x0f	; 15
   04AD F8                 1208 	.db #0xf8	; 248
   04AE 0F                 1209 	.db #0x0f	; 15
   04AF F8                 1210 	.db #0xf8	; 248
   04B0 1F                 1211 	.db #0x1f	; 31
   04B1 F0                 1212 	.db #0xf0	; 240
   04B2 1C                 1213 	.db #0x1c	; 28
   04B3 F3                 1214 	.db #0xf3	; 243
   04B4 00                 1215 	.db #0x00	; 0
   04B5 FF                 1216 	.db #0xff	; 255
   04B6 00                 1217 	.db #0x00	; 0
   04B7 FF                 1218 	.db #0xff	; 255
   04B8 00                 1219 	.db #0x00	; 0
   04B9 FF                 1220 	.db #0xff	; 255
   04BA FF                 1221 	.db #0xff	; 255
   04BB FF                 1222 	.db #0xff	; 255
   04BC 00                 1223 	.db #0x00	; 0
   04BD 00                 1224 	.db #0x00	; 0
   04BE 00                 1225 	.db #0x00	; 0
   04BF 00                 1226 	.db #0x00	; 0
   04C0 00                 1227 	.db #0x00	; 0
   04C1 FF                 1228 	.db #0xff	; 255
   04C2 00                 1229 	.db #0x00	; 0
   04C3 FF                 1230 	.db #0xff	; 255
   04C4 3F                 1231 	.db #0x3f	; 63
   04C5 FF                 1232 	.db #0xff	; 255
   04C6 FF                 1233 	.db #0xff	; 255
   04C7 C0                 1234 	.db #0xc0	; 192
   04C8 FF                 1235 	.db #0xff	; 255
   04C9 00                 1236 	.db #0x00	; 0
   04CA FC                 1237 	.db #0xfc	; 252
   04CB 03                 1238 	.db #0x03	; 3
   04CC F0                 1239 	.db #0xf0	; 240
   04CD 0F                 1240 	.db #0x0f	; 15
   04CE 80                 1241 	.db #0x80	; 128
   04CF 7F                 1242 	.db #0x7f	; 127
   04D0 00                 1243 	.db #0x00	; 0
   04D1 FF                 1244 	.db #0xff	; 255
   04D2 00                 1245 	.db #0x00	; 0
   04D3 FF                 1246 	.db #0xff	; 255
   04D4 00                 1247 	.db #0x00	; 0
   04D5 FF                 1248 	.db #0xff	; 255
   04D6 00                 1249 	.db #0x00	; 0
   04D7 FF                 1250 	.db #0xff	; 255
   04D8 00                 1251 	.db #0x00	; 0
   04D9 FF                 1252 	.db #0xff	; 255
   04DA FF                 1253 	.db #0xff	; 255
   04DB FF                 1254 	.db #0xff	; 255
   04DC 00                 1255 	.db #0x00	; 0
   04DD 00                 1256 	.db #0x00	; 0
   04DE 00                 1257 	.db #0x00	; 0
   04DF 00                 1258 	.db #0x00	; 0
   04E0 00                 1259 	.db #0x00	; 0
   04E1 FF                 1260 	.db #0xff	; 255
   04E2 00                 1261 	.db #0x00	; 0
   04E3 FF                 1262 	.db #0xff	; 255
   04E4 00                 1263 	.db #0x00	; 0
   04E5 FF                 1264 	.db #0xff	; 255
   04E6 C0                 1265 	.db #0xc0	; 192
   04E7 FF                 1266 	.db #0xff	; 255
   04E8 E0                 1267 	.db #0xe0	; 224
   04E9 3F                 1268 	.db #0x3f	; 63
   04EA C0                 1269 	.db #0xc0	; 192
   04EB 3F                 1270 	.db #0x3f	; 63
   04EC 00                 1271 	.db #0x00	; 0
   04ED FF                 1272 	.db #0xff	; 255
   04EE 00                 1273 	.db #0x00	; 0
   04EF FF                 1274 	.db #0xff	; 255
   04F0 00                 1275 	.db #0x00	; 0
   04F1 FF                 1276 	.db #0xff	; 255
   04F2 00                 1277 	.db #0x00	; 0
   04F3 FF                 1278 	.db #0xff	; 255
   04F4 00                 1279 	.db #0x00	; 0
   04F5 FF                 1280 	.db #0xff	; 255
   04F6 00                 1281 	.db #0x00	; 0
   04F7 FF                 1282 	.db #0xff	; 255
   04F8 00                 1283 	.db #0x00	; 0
   04F9 FF                 1284 	.db #0xff	; 255
   04FA FF                 1285 	.db #0xff	; 255
   04FB FF                 1286 	.db #0xff	; 255
   04FC 00                 1287 	.db #0x00	; 0
   04FD 00                 1288 	.db #0x00	; 0
   04FE 00                 1289 	.db #0x00	; 0
   04FF 00                 1290 	.db #0x00	; 0
   0500 80                 1291 	.db #0x80	; 128
   0501 80                 1292 	.db #0x80	; 128
   0502 40                 1293 	.db #0x40	; 64
   0503 C0                 1294 	.db #0xc0	; 192
   0504 30                 1295 	.db #0x30	; 48	'0'
   0505 F0                 1296 	.db #0xf0	; 240
   0506 08                 1297 	.db #0x08	; 8
   0507 F8                 1298 	.db #0xf8	; 248
   0508 08                 1299 	.db #0x08	; 8
   0509 F8                 1300 	.db #0xf8	; 248
   050A 04                 1301 	.db #0x04	; 4
   050B FC                 1302 	.db #0xfc	; 252
   050C 04                 1303 	.db #0x04	; 4
   050D FC                 1304 	.db #0xfc	; 252
   050E 04                 1305 	.db #0x04	; 4
   050F FC                 1306 	.db #0xfc	; 252
   0510 04                 1307 	.db #0x04	; 4
   0511 FC                 1308 	.db #0xfc	; 252
   0512 08                 1309 	.db #0x08	; 8
   0513 F8                 1310 	.db #0xf8	; 248
   0514 08                 1311 	.db #0x08	; 8
   0515 F8                 1312 	.db #0xf8	; 248
   0516 10                 1313 	.db #0x10	; 16
   0517 F0                 1314 	.db #0xf0	; 240
   0518 60                 1315 	.db #0x60	; 96
   0519 E0                 1316 	.db #0xe0	; 224
   051A 80                 1317 	.db #0x80	; 128
   051B 80                 1318 	.db #0x80	; 128
   051C 00                 1319 	.db #0x00	; 0
   051D 00                 1320 	.db #0x00	; 0
   051E 00                 1321 	.db #0x00	; 0
   051F 00                 1322 	.db #0x00	; 0
   0520 00                 1323 	.db #0x00	; 0
   0521 00                 1324 	.db #0x00	; 0
   0522 00                 1325 	.db #0x00	; 0
   0523 00                 1326 	.db #0x00	; 0
   0524 00                 1327 	.db #0x00	; 0
   0525 00                 1328 	.db #0x00	; 0
   0526 00                 1329 	.db #0x00	; 0
   0527 00                 1330 	.db #0x00	; 0
   0528 3C                 1331 	.db #0x3c	; 60
   0529 3C                 1332 	.db #0x3c	; 60
   052A 7E                 1333 	.db #0x7e	; 126
   052B 42                 1334 	.db #0x42	; 66	'B'
   052C FF                 1335 	.db #0xff	; 255
   052D 81                 1336 	.db #0x81	; 129
   052E FF                 1337 	.db #0xff	; 255
   052F 81                 1338 	.db #0x81	; 129
   0530 FD                 1339 	.db #0xfd	; 253
   0531 83                 1340 	.db #0x83	; 131
   0532 F9                 1341 	.db #0xf9	; 249
   0533 87                 1342 	.db #0x87	; 135
   0534 41                 1343 	.db #0x41	; 65	'A'
   0535 7F                 1344 	.db #0x7f	; 127
   0536 32                 1345 	.db #0x32	; 50	'2'
   0537 3E                 1346 	.db #0x3e	; 62
   0538 0C                 1347 	.db #0x0c	; 12
   0539 0C                 1348 	.db #0x0c	; 12
   053A 00                 1349 	.db #0x00	; 0
   053B 00                 1350 	.db #0x00	; 0
   053C 00                 1351 	.db #0x00	; 0
   053D 00                 1352 	.db #0x00	; 0
   053E 00                 1353 	.db #0x00	; 0
   053F 00                 1354 	.db #0x00	; 0
   0540 FF                 1355 	.db #0xff	; 255
   0541 FF                 1356 	.db #0xff	; 255
   0542 FF                 1357 	.db #0xff	; 255
   0543 FF                 1358 	.db #0xff	; 255
   0544 FF                 1359 	.db #0xff	; 255
   0545 FF                 1360 	.db #0xff	; 255
   0546 FF                 1361 	.db #0xff	; 255
   0547 FF                 1362 	.db #0xff	; 255
   0548 FF                 1363 	.db #0xff	; 255
   0549 FF                 1364 	.db #0xff	; 255
   054A FF                 1365 	.db #0xff	; 255
   054B FF                 1366 	.db #0xff	; 255
   054C FF                 1367 	.db #0xff	; 255
   054D FF                 1368 	.db #0xff	; 255
   054E FF                 1369 	.db #0xff	; 255
   054F FF                 1370 	.db #0xff	; 255
   0550 FF                 1371 	.db #0xff	; 255
   0551 FF                 1372 	.db #0xff	; 255
   0552 FF                 1373 	.db #0xff	; 255
   0553 FF                 1374 	.db #0xff	; 255
   0554 FF                 1375 	.db #0xff	; 255
   0555 FF                 1376 	.db #0xff	; 255
   0556 FF                 1377 	.db #0xff	; 255
   0557 FF                 1378 	.db #0xff	; 255
   0558 FF                 1379 	.db #0xff	; 255
   0559 FF                 1380 	.db #0xff	; 255
   055A FF                 1381 	.db #0xff	; 255
   055B FF                 1382 	.db #0xff	; 255
   055C FF                 1383 	.db #0xff	; 255
   055D FF                 1384 	.db #0xff	; 255
   055E FF                 1385 	.db #0xff	; 255
   055F FF                 1386 	.db #0xff	; 255
                           1387 	.area _CABS (ABS)
