                              1 ;--------------------------------------------------------
                              2 ; File Created by SDCC : free open source ANSI-C Compiler
                              3 ; Version 4.0.0 #11528 (MINGW32)
                              4 ;--------------------------------------------------------
                              5 	.module C__Users_Mills_AppData_Local_Temp_lcc75201
                              6 	.optsdcc -mgbz80
                              7 	
                              8 ;--------------------------------------------------------
                              9 ; Public variables in this module
                             10 ;--------------------------------------------------------
                             11 	.globl _Homer_MapPLN1
                             12 	.globl _Homer_MapPLN0
                             13 ;--------------------------------------------------------
                             14 ; special function registers
                             15 ;--------------------------------------------------------
                             16 ;--------------------------------------------------------
                             17 ; ram data
                             18 ;--------------------------------------------------------
                             19 	.area _DATA
                             20 ;--------------------------------------------------------
                             21 ; absolute external ram data
                             22 ;--------------------------------------------------------
                             23 	.area _DABS (ABS)
                             24 ;--------------------------------------------------------
                             25 ; global & static initialisations
                             26 ;--------------------------------------------------------
                             27 	.area _HOME
                             28 	.area _GSINIT
                             29 	.area _GSFINAL
                             30 	.area _GSINIT
                             31 ;--------------------------------------------------------
                             32 ; Home
                             33 ;--------------------------------------------------------
                             34 	.area _HOME
                             35 	.area _HOME
                             36 ;--------------------------------------------------------
                             37 ; code
                             38 ;--------------------------------------------------------
                             39 	.area _CODE_3
                             40 	.area _CODE_3
   0000                      41 _Homer_MapPLN0:
   0000 19                   42 	.db #0x19	; 25
   0001 19                   43 	.db #0x19	; 25
   0002 19                   44 	.db #0x19	; 25
   0003 19                   45 	.db #0x19	; 25
   0004 18                   46 	.db #0x18	; 24
   0005 17                   47 	.db #0x17	; 23
   0006 16                   48 	.db #0x16	; 22
   0007 15                   49 	.db #0x15	; 21
   0008 15                   50 	.db #0x15	; 21
   0009 15                   51 	.db #0x15	; 21
   000A 15                   52 	.db #0x15	; 21
   000B 15                   53 	.db #0x15	; 21
   000C 15                   54 	.db #0x15	; 21
   000D 15                   55 	.db #0x15	; 21
   000E 15                   56 	.db #0x15	; 21
   000F 15                   57 	.db #0x15	; 21
   0010 15                   58 	.db #0x15	; 21
   0011 15                   59 	.db #0x15	; 21
   0012 15                   60 	.db #0x15	; 21
   0013 15                   61 	.db #0x15	; 21
   0014 01                   62 	.db #0x01	; 1
   0015 01                   63 	.db #0x01	; 1
   0016 01                   64 	.db #0x01	; 1
   0017 01                   65 	.db #0x01	; 1
   0018 01                   66 	.db #0x01	; 1
   0019 01                   67 	.db #0x01	; 1
   001A 01                   68 	.db #0x01	; 1
   001B 01                   69 	.db #0x01	; 1
   001C 01                   70 	.db #0x01	; 1
   001D 01                   71 	.db #0x01	; 1
   001E 01                   72 	.db #0x01	; 1
   001F 01                   73 	.db #0x01	; 1
   0020 01                   74 	.db #0x01	; 1
   0021 01                   75 	.db #0x01	; 1
   0022 01                   76 	.db #0x01	; 1
   0023 01                   77 	.db #0x01	; 1
   0024 01                   78 	.db #0x01	; 1
   0025 01                   79 	.db #0x01	; 1
   0026 01                   80 	.db #0x01	; 1
   0027 01                   81 	.db #0x01	; 1
   0028 12                   82 	.db #0x12	; 18
   0029 0E                   83 	.db #0x0e	; 14
   002A 0C                   84 	.db #0x0c	; 12
   002B 0D                   85 	.db #0x0d	; 13
   002C 01                   86 	.db #0x01	; 1
   002D 01                   87 	.db #0x01	; 1
   002E 01                   88 	.db #0x01	; 1
   002F 01                   89 	.db #0x01	; 1
   0030 08                   90 	.db #0x08	; 8
   0031 04                   91 	.db #0x04	; 4
   0032 04                   92 	.db #0x04	; 4
   0033 04                   93 	.db #0x04	; 4
   0034 04                   94 	.db #0x04	; 4
   0035 04                   95 	.db #0x04	; 4
   0036 04                   96 	.db #0x04	; 4
   0037 04                   97 	.db #0x04	; 4
   0038 04                   98 	.db #0x04	; 4
   0039 04                   99 	.db #0x04	; 4
   003A 11                  100 	.db #0x11	; 17
   003B 01                  101 	.db #0x01	; 1
   003C 00                  102 	.db #0x00	; 0
   003D 00                  103 	.db #0x00	; 0
   003E 1D                  104 	.db #0x1d	; 29
   003F 0B                  105 	.db #0x0b	; 11
   0040 09                  106 	.db #0x09	; 9
   0041 0A                  107 	.db #0x0a	; 10
   0042 05                  108 	.db #0x05	; 5
   0043 21                  109 	.db #0x21	; 33
   0044 22                  110 	.db #0x22	; 34
   0045 1E                  111 	.db #0x1e	; 30
   0046 20                  112 	.db #0x20	; 32
   0047 00                  113 	.db #0x00	; 0
   0048 1E                  114 	.db #0x1e	; 30
   0049 20                  115 	.db #0x20	; 32
   004A 00                  116 	.db #0x00	; 0
   004B 00                  117 	.db #0x00	; 0
   004C 00                  118 	.db #0x00	; 0
   004D 00                  119 	.db #0x00	; 0
   004E 10                  120 	.db #0x10	; 16
   004F 13                  121 	.db #0x13	; 19
   0050 1C                  122 	.db #0x1c	; 28
   0051 1B                  123 	.db #0x1b	; 27
   0052 1C                  124 	.db #0x1c	; 28
   0053 00                  125 	.db #0x00	; 0
   0054 02                  126 	.db #0x02	; 2
   0055 03                  127 	.db #0x03	; 3
   0056 02                  128 	.db #0x02	; 2
   0057 1D                  129 	.db #0x1d	; 29
   0058 00                  130 	.db #0x00	; 0
   0059 24                  131 	.db #0x24	; 36
   005A 25                  132 	.db #0x25	; 37
   005B 26                  133 	.db #0x26	; 38
   005C 27                  134 	.db #0x27	; 39
   005D 28                  135 	.db #0x28	; 40
   005E 29                  136 	.db #0x29	; 41
   005F 00                  137 	.db #0x00	; 0
   0060 00                  138 	.db #0x00	; 0
   0061 1B                  139 	.db #0x1b	; 27
   0062 1C                  140 	.db #0x1c	; 28
   0063 0F                  141 	.db #0x0f	; 15
   0064 00                  142 	.db #0x00	; 0
   0065 1C                  143 	.db #0x1c	; 28
   0066 00                  144 	.db #0x00	; 0
   0067 02                  145 	.db #0x02	; 2
   0068 03                  146 	.db #0x03	; 3
   0069 02                  147 	.db #0x02	; 2
   006A 1B                  148 	.db #0x1b	; 27
   006B 1C                  149 	.db #0x1c	; 28
   006C 2A                  150 	.db #0x2a	; 42
   006D 2B                  151 	.db #0x2b	; 43
   006E 2D                  152 	.db #0x2d	; 45
   006F 2D                  153 	.db #0x2d	; 45
   0070 2D                  154 	.db #0x2d	; 45
   0071 2D                  155 	.db #0x2d	; 45
   0072 2E                  156 	.db #0x2e	; 46
   0073 00                  157 	.db #0x00	; 0
   0074 1B                  158 	.db #0x1b	; 27
   0075 1C                  159 	.db #0x1c	; 28
   0076 00                  160 	.db #0x00	; 0
   0077 0F                  161 	.db #0x0f	; 15
   0078 1B                  162 	.db #0x1b	; 27
   0079 00                  163 	.db #0x00	; 0
   007A 02                  164 	.db #0x02	; 2
   007B 03                  165 	.db #0x03	; 3
   007C 02                  166 	.db #0x02	; 2
   007D 1B                  167 	.db #0x1b	; 27
   007E 1C                  168 	.db #0x1c	; 28
   007F 00                  169 	.db #0x00	; 0
   0080 30                  170 	.db #0x30	; 48	'0'
   0081 2D                  171 	.db #0x2d	; 45
   0082 2D                  172 	.db #0x2d	; 45
   0083 2D                  173 	.db #0x2d	; 45
   0084 2D                  174 	.db #0x2d	; 45
   0085 2D                  175 	.db #0x2d	; 45
   0086 31                  176 	.db #0x31	; 49	'1'
   0087 32                  177 	.db #0x32	; 50	'2'
   0088 1A                  178 	.db #0x1a	; 26
   0089 00                  179 	.db #0x00	; 0
   008A 00                  180 	.db #0x00	; 0
   008B 0F                  181 	.db #0x0f	; 15
   008C 1C                  182 	.db #0x1c	; 28
   008D 02                  183 	.db #0x02	; 2
   008E 03                  184 	.db #0x03	; 3
   008F 02                  185 	.db #0x02	; 2
   0090 00                  186 	.db #0x00	; 0
   0091 1A                  187 	.db #0x1a	; 26
   0092 00                  188 	.db #0x00	; 0
   0093 00                  189 	.db #0x00	; 0
   0094 33                  190 	.db #0x33	; 51	'3'
   0095 34                  191 	.db #0x34	; 52	'4'
   0096 35                  192 	.db #0x35	; 53	'5'
   0097 23                  193 	.db #0x23	; 35
   0098 40                  194 	.db #0x40	; 64
   0099 2D                  195 	.db #0x2d	; 45
   009A 36                  196 	.db #0x36	; 54	'6'
   009B 37                  197 	.db #0x37	; 55	'7'
   009C 1C                  198 	.db #0x1c	; 28
   009D 00                  199 	.db #0x00	; 0
   009E 00                  200 	.db #0x00	; 0
   009F 0F                  201 	.db #0x0f	; 15
   00A0 02                  202 	.db #0x02	; 2
   00A1 03                  203 	.db #0x03	; 3
   00A2 02                  204 	.db #0x02	; 2
   00A3 00                  205 	.db #0x00	; 0
   00A4 1B                  206 	.db #0x1b	; 27
   00A5 1C                  207 	.db #0x1c	; 28
   00A6 00                  208 	.db #0x00	; 0
   00A7 38                  209 	.db #0x38	; 56	'8'
   00A8 39                  210 	.db #0x39	; 57	'9'
   00A9 3A                  211 	.db #0x3a	; 58
   00AA 3B                  212 	.db #0x3b	; 59
   00AB 3C                  213 	.db #0x3c	; 60
   00AC 3D                  214 	.db #0x3d	; 61
   00AD 2D                  215 	.db #0x2d	; 45
   00AE 3F                  216 	.db #0x3f	; 63
   00AF 00                  217 	.db #0x00	; 0
   00B0 00                  218 	.db #0x00	; 0
   00B1 00                  219 	.db #0x00	; 0
   00B2 00                  220 	.db #0x00	; 0
   00B3 0F                  221 	.db #0x0f	; 15
   00B4 03                  222 	.db #0x03	; 3
   00B5 02                  223 	.db #0x02	; 2
   00B6 00                  224 	.db #0x00	; 0
   00B7 41                  225 	.db #0x41	; 65	'A'
   00B8 42                  226 	.db #0x42	; 66	'B'
   00B9 43                  227 	.db #0x43	; 67	'C'
   00BA 00                  228 	.db #0x00	; 0
   00BB 44                  229 	.db #0x44	; 68	'D'
   00BC 45                  230 	.db #0x45	; 69	'E'
   00BD 46                  231 	.db #0x46	; 70	'F'
   00BE 47                  232 	.db #0x47	; 71	'G'
   00BF 48                  233 	.db #0x48	; 72	'H'
   00C0 49                  234 	.db #0x49	; 73	'I'
   00C1 2D                  235 	.db #0x2d	; 45
   00C2 4B                  236 	.db #0x4b	; 75	'K'
   00C3 00                  237 	.db #0x00	; 0
   00C4 00                  238 	.db #0x00	; 0
   00C5 00                  239 	.db #0x00	; 0
   00C6 00                  240 	.db #0x00	; 0
   00C7 0F                  241 	.db #0x0f	; 15
   00C8 02                  242 	.db #0x02	; 2
   00C9 00                  243 	.db #0x00	; 0
   00CA 4D                  244 	.db #0x4d	; 77	'M'
   00CB 4E                  245 	.db #0x4e	; 78	'N'
   00CC 4F                  246 	.db #0x4f	; 79	'O'
   00CD 50                  247 	.db #0x50	; 80	'P'
   00CE 51                  248 	.db #0x51	; 81	'Q'
   00CF 00                  249 	.db #0x00	; 0
   00D0 52                  250 	.db #0x52	; 82	'R'
   00D1 2C                  251 	.db #0x2c	; 44
   00D2 53                  252 	.db #0x53	; 83	'S'
   00D3 54                  253 	.db #0x54	; 84	'T'
   00D4 55                  254 	.db #0x55	; 85	'U'
   00D5 2D                  255 	.db #0x2d	; 45
   00D6 57                  256 	.db #0x57	; 87	'W'
   00D7 00                  257 	.db #0x00	; 0
   00D8 00                  258 	.db #0x00	; 0
   00D9 00                  259 	.db #0x00	; 0
   00DA 00                  260 	.db #0x00	; 0
   00DB 0F                  261 	.db #0x0f	; 15
   00DC 59                  262 	.db #0x59	; 89	'Y'
   00DD 5A                  263 	.db #0x5a	; 90	'Z'
   00DE 5B                  264 	.db #0x5b	; 91
   00DF 5C                  265 	.db #0x5c	; 92
   00E0 5D                  266 	.db #0x5d	; 93
   00E1 5E                  267 	.db #0x5e	; 94
   00E2 5F                  268 	.db #0x5f	; 95
   00E3 00                  269 	.db #0x00	; 0
   00E4 60                  270 	.db #0x60	; 96
   00E5 61                  271 	.db #0x61	; 97	'a'
   00E6 62                  272 	.db #0x62	; 98	'b'
   00E7 63                  273 	.db #0x63	; 99	'c'
   00E8 64                  274 	.db #0x64	; 100	'd'
   00E9 65                  275 	.db #0x65	; 101	'e'
   00EA 66                  276 	.db #0x66	; 102	'f'
   00EB 00                  277 	.db #0x00	; 0
   00EC 00                  278 	.db #0x00	; 0
   00ED 00                  279 	.db #0x00	; 0
   00EE 1B                  280 	.db #0x1b	; 27
   00EF 0F                  281 	.db #0x0f	; 15
   00F0 68                  282 	.db #0x68	; 104	'h'
   00F1 69                  283 	.db #0x69	; 105	'i'
   00F2 6A                  284 	.db #0x6a	; 106	'j'
   00F3 6B                  285 	.db #0x6b	; 107	'k'
   00F4 6C                  286 	.db #0x6c	; 108	'l'
   00F5 6D                  287 	.db #0x6d	; 109	'm'
   00F6 6E                  288 	.db #0x6e	; 110	'n'
   00F7 6F                  289 	.db #0x6f	; 111	'o'
   00F8 70                  290 	.db #0x70	; 112	'p'
   00F9 71                  291 	.db #0x71	; 113	'q'
   00FA 71                  292 	.db #0x71	; 113	'q'
   00FB 71                  293 	.db #0x71	; 113	'q'
   00FC 71                  294 	.db #0x71	; 113	'q'
   00FD 72                  295 	.db #0x72	; 114	'r'
   00FE 73                  296 	.db #0x73	; 115	's'
   00FF 00                  297 	.db #0x00	; 0
   0100 00                  298 	.db #0x00	; 0
   0101 00                  299 	.db #0x00	; 0
   0102 1C                  300 	.db #0x1c	; 28
   0103 0F                  301 	.db #0x0f	; 15
   0104 74                  302 	.db #0x74	; 116	't'
   0105 75                  303 	.db #0x75	; 117	'u'
   0106 76                  304 	.db #0x76	; 118	'v'
   0107 77                  305 	.db #0x77	; 119	'w'
   0108 78                  306 	.db #0x78	; 120	'x'
   0109 79                  307 	.db #0x79	; 121	'y'
   010A 7A                  308 	.db #0x7a	; 122	'z'
   010B 7B                  309 	.db #0x7b	; 123
   010C 7C                  310 	.db #0x7c	; 124
   010D 71                  311 	.db #0x71	; 113	'q'
   010E 7D                  312 	.db #0x7d	; 125
   010F 7E                  313 	.db #0x7e	; 126
   0110 71                  314 	.db #0x71	; 113	'q'
   0111 7F                  315 	.db #0x7f	; 127
   0112 80                  316 	.db #0x80	; 128
   0113 00                  317 	.db #0x00	; 0
   0114 00                  318 	.db #0x00	; 0
   0115 1B                  319 	.db #0x1b	; 27
   0116 00                  320 	.db #0x00	; 0
   0117 0F                  321 	.db #0x0f	; 15
   0118 00                  322 	.db #0x00	; 0
   0119 81                  323 	.db #0x81	; 129
   011A 82                  324 	.db #0x82	; 130
   011B 83                  325 	.db #0x83	; 131
   011C 84                  326 	.db #0x84	; 132
   011D 85                  327 	.db #0x85	; 133
   011E 86                  328 	.db #0x86	; 134
   011F 87                  329 	.db #0x87	; 135
   0120 88                  330 	.db #0x88	; 136
   0121 89                  331 	.db #0x89	; 137
   0122 8A                  332 	.db #0x8a	; 138
   0123 71                  333 	.db #0x71	; 113	'q'
   0124 8B                  334 	.db #0x8b	; 139
   0125 8C                  335 	.db #0x8c	; 140
   0126 8D                  336 	.db #0x8d	; 141
   0127 1B                  337 	.db #0x1b	; 27
   0128 1A                  338 	.db #0x1a	; 26
   0129 1C                  339 	.db #0x1c	; 28
   012A 00                  340 	.db #0x00	; 0
   012B 0F                  341 	.db #0x0f	; 15
   012C 00                  342 	.db #0x00	; 0
   012D 8E                  343 	.db #0x8e	; 142
   012E 8F                  344 	.db #0x8f	; 143
   012F 90                  345 	.db #0x90	; 144
   0130 91                  346 	.db #0x91	; 145
   0131 92                  347 	.db #0x92	; 146
   0132 93                  348 	.db #0x93	; 147
   0133 94                  349 	.db #0x94	; 148
   0134 95                  350 	.db #0x95	; 149
   0135 96                  351 	.db #0x96	; 150
   0136 97                  352 	.db #0x97	; 151
   0137 2D                  353 	.db #0x2d	; 45
   0138 2D                  354 	.db #0x2d	; 45
   0139 9A                  355 	.db #0x9a	; 154
   013A 9B                  356 	.db #0x9b	; 155
   013B 9C                  357 	.db #0x9c	; 156
   013C 00                  358 	.db #0x00	; 0
   013D 00                  359 	.db #0x00	; 0
   013E 00                  360 	.db #0x00	; 0
   013F 0F                  361 	.db #0x0f	; 15
   0140 1B                  362 	.db #0x1b	; 27
   0141 1C                  363 	.db #0x1c	; 28
   0142 9D                  364 	.db #0x9d	; 157
   0143 2D                  365 	.db #0x2d	; 45
   0144 9E                  366 	.db #0x9e	; 158
   0145 9F                  367 	.db #0x9f	; 159
   0146 00                  368 	.db #0x00	; 0
   0147 A0                  369 	.db #0xa0	; 160
   0148 A1                  370 	.db #0xa1	; 161
   0149 A2                  371 	.db #0xa2	; 162
   014A 2F                  372 	.db #0x2f	; 47
   014B 2F                  373 	.db #0x2f	; 47
   014C A4                  374 	.db #0xa4	; 164
   014D A5                  375 	.db #0xa5	; 165
   014E A5                  376 	.db #0xa5	; 165
   014F A6                  377 	.db #0xa6	; 166
   0150 00                  378 	.db #0x00	; 0
   0151 00                  379 	.db #0x00	; 0
   0152 1B                  380 	.db #0x1b	; 27
   0153 0F                  381 	.db #0x0f	; 15
   0154 1C                  382 	.db #0x1c	; 28
   0155 00                  383 	.db #0x00	; 0
   0156 A7                  384 	.db #0xa7	; 167
   0157 2D                  385 	.db #0x2d	; 45
   0158 2D                  386 	.db #0x2d	; 45
   0159 A8                  387 	.db #0xa8	; 168
   015A A9                  388 	.db #0xa9	; 169
   015B AA                  389 	.db #0xaa	; 170
   015C AB                  390 	.db #0xab	; 171
   015D AC                  391 	.db #0xac	; 172
   015E AD                  392 	.db #0xad	; 173
   015F AE                  393 	.db #0xae	; 174
   0160 AF                  394 	.db #0xaf	; 175
   0161 B0                  395 	.db #0xb0	; 176
   0162 B1                  396 	.db #0xb1	; 177
   0163 B2                  397 	.db #0xb2	; 178
   0164 B3                  398 	.db #0xb3	; 179
   0165 00                  399 	.db #0x00	; 0
   0166 1C                  400 	.db #0x1c	; 28
   0167 0F                  401 	.db #0x0f	; 15
   0168 04                  402 	.db #0x04	; 4
   0169 04                  403 	.db #0x04	; 4
   016A B4                  404 	.db #0xb4	; 180
   016B B5                  405 	.db #0xb5	; 181
   016C 2D                  406 	.db #0x2d	; 45
   016D B6                  407 	.db #0xb6	; 182
   016E B7                  408 	.db #0xb7	; 183
   016F B8                  409 	.db #0xb8	; 184
   0170 B9                  410 	.db #0xb9	; 185
   0171 BA                  411 	.db #0xba	; 186
   0172 BA                  412 	.db #0xba	; 186
   0173 BA                  413 	.db #0xba	; 186
   0174 BA                  414 	.db #0xba	; 186
   0175 BA                  415 	.db #0xba	; 186
   0176 BD                  416 	.db #0xbd	; 189
   0177 BE                  417 	.db #0xbe	; 190
   0178 BF                  418 	.db #0xbf	; 191
   0179 C0                  419 	.db #0xc0	; 192
   017A 04                  420 	.db #0x04	; 4
   017B 14                  421 	.db #0x14	; 20
   017C 01                  422 	.db #0x01	; 1
   017D 01                  423 	.db #0x01	; 1
   017E C1                  424 	.db #0xc1	; 193
   017F C2                  425 	.db #0xc2	; 194
   0180 2D                  426 	.db #0x2d	; 45
   0181 2D                  427 	.db #0x2d	; 45
   0182 2D                  428 	.db #0x2d	; 45
   0183 C3                  429 	.db #0xc3	; 195
   0184 C4                  430 	.db #0xc4	; 196
   0185 BA                  431 	.db #0xba	; 186
   0186 BA                  432 	.db #0xba	; 186
   0187 BA                  433 	.db #0xba	; 186
   0188 BA                  434 	.db #0xba	; 186
   0189 BA                  435 	.db #0xba	; 186
   018A C5                  436 	.db #0xc5	; 197
   018B BA                  437 	.db #0xba	; 186
   018C BA                  438 	.db #0xba	; 186
   018D C6                  439 	.db #0xc6	; 198
   018E 01                  440 	.db #0x01	; 1
   018F 01                  441 	.db #0x01	; 1
   0190                     442 _Homer_MapPLN1:
   0190 02                  443 	.db #0x02	; 2
   0191 02                  444 	.db #0x02	; 2
   0192 02                  445 	.db #0x02	; 2
   0193 02                  446 	.db #0x02	; 2
   0194 02                  447 	.db #0x02	; 2
   0195 02                  448 	.db #0x02	; 2
   0196 02                  449 	.db #0x02	; 2
   0197 02                  450 	.db #0x02	; 2
   0198 02                  451 	.db #0x02	; 2
   0199 02                  452 	.db #0x02	; 2
   019A 02                  453 	.db #0x02	; 2
   019B 02                  454 	.db #0x02	; 2
   019C 02                  455 	.db #0x02	; 2
   019D 02                  456 	.db #0x02	; 2
   019E 02                  457 	.db #0x02	; 2
   019F 02                  458 	.db #0x02	; 2
   01A0 02                  459 	.db #0x02	; 2
   01A1 02                  460 	.db #0x02	; 2
   01A2 02                  461 	.db #0x02	; 2
   01A3 02                  462 	.db #0x02	; 2
   01A4 02                  463 	.db #0x02	; 2
   01A5 02                  464 	.db #0x02	; 2
   01A6 02                  465 	.db #0x02	; 2
   01A7 02                  466 	.db #0x02	; 2
   01A8 02                  467 	.db #0x02	; 2
   01A9 02                  468 	.db #0x02	; 2
   01AA 02                  469 	.db #0x02	; 2
   01AB 02                  470 	.db #0x02	; 2
   01AC 02                  471 	.db #0x02	; 2
   01AD 02                  472 	.db #0x02	; 2
   01AE 02                  473 	.db #0x02	; 2
   01AF 02                  474 	.db #0x02	; 2
   01B0 02                  475 	.db #0x02	; 2
   01B1 02                  476 	.db #0x02	; 2
   01B2 02                  477 	.db #0x02	; 2
   01B3 02                  478 	.db #0x02	; 2
   01B4 02                  479 	.db #0x02	; 2
   01B5 02                  480 	.db #0x02	; 2
   01B6 02                  481 	.db #0x02	; 2
   01B7 02                  482 	.db #0x02	; 2
   01B8 02                  483 	.db #0x02	; 2
   01B9 02                  484 	.db #0x02	; 2
   01BA 02                  485 	.db #0x02	; 2
   01BB 02                  486 	.db #0x02	; 2
   01BC 02                  487 	.db #0x02	; 2
   01BD 02                  488 	.db #0x02	; 2
   01BE 02                  489 	.db #0x02	; 2
   01BF 02                  490 	.db #0x02	; 2
   01C0 02                  491 	.db #0x02	; 2
   01C1 02                  492 	.db #0x02	; 2
   01C2 02                  493 	.db #0x02	; 2
   01C3 02                  494 	.db #0x02	; 2
   01C4 02                  495 	.db #0x02	; 2
   01C5 02                  496 	.db #0x02	; 2
   01C6 02                  497 	.db #0x02	; 2
   01C7 02                  498 	.db #0x02	; 2
   01C8 02                  499 	.db #0x02	; 2
   01C9 02                  500 	.db #0x02	; 2
   01CA 02                  501 	.db #0x02	; 2
   01CB 02                  502 	.db #0x02	; 2
   01CC 07                  503 	.db #0x07	; 7
   01CD 07                  504 	.db #0x07	; 7
   01CE 07                  505 	.db #0x07	; 7
   01CF 02                  506 	.db #0x02	; 2
   01D0 02                  507 	.db #0x02	; 2
   01D1 02                  508 	.db #0x02	; 2
   01D2 02                  509 	.db #0x02	; 2
   01D3 02                  510 	.db #0x02	; 2
   01D4 02                  511 	.db #0x02	; 2
   01D5 03                  512 	.db #0x03	; 3
   01D6 00                  513 	.db #0x00	; 0
   01D7 00                  514 	.db #0x00	; 0
   01D8 03                  515 	.db #0x03	; 3
   01D9 00                  516 	.db #0x00	; 0
   01DA 00                  517 	.db #0x00	; 0
   01DB 00                  518 	.db #0x00	; 0
   01DC 00                  519 	.db #0x00	; 0
   01DD 00                  520 	.db #0x00	; 0
   01DE 02                  521 	.db #0x02	; 2
   01DF 02                  522 	.db #0x02	; 2
   01E0 07                  523 	.db #0x07	; 7
   01E1 07                  524 	.db #0x07	; 7
   01E2 07                  525 	.db #0x07	; 7
   01E3 00                  526 	.db #0x00	; 0
   01E4 62                  527 	.db #0x62	; 98	'b'
   01E5 02                  528 	.db #0x02	; 2
   01E6 02                  529 	.db #0x02	; 2
   01E7 07                  530 	.db #0x07	; 7
   01E8 00                  531 	.db #0x00	; 0
   01E9 00                  532 	.db #0x00	; 0
   01EA 00                  533 	.db #0x00	; 0
   01EB 00                  534 	.db #0x00	; 0
   01EC 00                  535 	.db #0x00	; 0
   01ED 00                  536 	.db #0x00	; 0
   01EE 00                  537 	.db #0x00	; 0
   01EF 00                  538 	.db #0x00	; 0
   01F0 00                  539 	.db #0x00	; 0
   01F1 07                  540 	.db #0x07	; 7
   01F2 07                  541 	.db #0x07	; 7
   01F3 02                  542 	.db #0x02	; 2
   01F4 07                  543 	.db #0x07	; 7
   01F5 07                  544 	.db #0x07	; 7
   01F6 07                  545 	.db #0x07	; 7
   01F7 62                  546 	.db #0x62	; 98	'b'
   01F8 02                  547 	.db #0x02	; 2
   01F9 02                  548 	.db #0x02	; 2
   01FA 07                  549 	.db #0x07	; 7
   01FB 07                  550 	.db #0x07	; 7
   01FC 00                  551 	.db #0x00	; 0
   01FD 00                  552 	.db #0x00	; 0
   01FE 00                  553 	.db #0x00	; 0
   01FF 00                  554 	.db #0x00	; 0
   0200 00                  555 	.db #0x00	; 0
   0201 00                  556 	.db #0x00	; 0
   0202 00                  557 	.db #0x00	; 0
   0203 00                  558 	.db #0x00	; 0
   0204 07                  559 	.db #0x07	; 7
   0205 07                  560 	.db #0x07	; 7
   0206 07                  561 	.db #0x07	; 7
   0207 02                  562 	.db #0x02	; 2
   0208 07                  563 	.db #0x07	; 7
   0209 00                  564 	.db #0x00	; 0
   020A 62                  565 	.db #0x62	; 98	'b'
   020B 02                  566 	.db #0x02	; 2
   020C 02                  567 	.db #0x02	; 2
   020D 07                  568 	.db #0x07	; 7
   020E 07                  569 	.db #0x07	; 7
   020F 00                  570 	.db #0x00	; 0
   0210 00                  571 	.db #0x00	; 0
   0211 00                  572 	.db #0x00	; 0
   0212 00                  573 	.db #0x00	; 0
   0213 00                  574 	.db #0x00	; 0
   0214 00                  575 	.db #0x00	; 0
   0215 00                  576 	.db #0x00	; 0
   0216 00                  577 	.db #0x00	; 0
   0217 00                  578 	.db #0x00	; 0
   0218 07                  579 	.db #0x07	; 7
   0219 00                  580 	.db #0x00	; 0
   021A 00                  581 	.db #0x00	; 0
   021B 02                  582 	.db #0x02	; 2
   021C 07                  583 	.db #0x07	; 7
   021D 62                  584 	.db #0x62	; 98	'b'
   021E 02                  585 	.db #0x02	; 2
   021F 02                  586 	.db #0x02	; 2
   0220 00                  587 	.db #0x00	; 0
   0221 07                  588 	.db #0x07	; 7
   0222 00                  589 	.db #0x00	; 0
   0223 00                  590 	.db #0x00	; 0
   0224 01                  591 	.db #0x01	; 1
   0225 01                  592 	.db #0x01	; 1
   0226 01                  593 	.db #0x01	; 1
   0227 01                  594 	.db #0x01	; 1
   0228 00                  595 	.db #0x00	; 0
   0229 00                  596 	.db #0x00	; 0
   022A 00                  597 	.db #0x00	; 0
   022B 00                  598 	.db #0x00	; 0
   022C 07                  599 	.db #0x07	; 7
   022D 00                  600 	.db #0x00	; 0
   022E 00                  601 	.db #0x00	; 0
   022F 02                  602 	.db #0x02	; 2
   0230 62                  603 	.db #0x62	; 98	'b'
   0231 02                  604 	.db #0x02	; 2
   0232 02                  605 	.db #0x02	; 2
   0233 00                  606 	.db #0x00	; 0
   0234 07                  607 	.db #0x07	; 7
   0235 07                  608 	.db #0x07	; 7
   0236 00                  609 	.db #0x00	; 0
   0237 01                  610 	.db #0x01	; 1
   0238 01                  611 	.db #0x01	; 1
   0239 01                  612 	.db #0x01	; 1
   023A 01                  613 	.db #0x01	; 1
   023B 01                  614 	.db #0x01	; 1
   023C 01                  615 	.db #0x01	; 1
   023D 00                  616 	.db #0x00	; 0
   023E 00                  617 	.db #0x00	; 0
   023F 00                  618 	.db #0x00	; 0
   0240 00                  619 	.db #0x00	; 0
   0241 00                  620 	.db #0x00	; 0
   0242 00                  621 	.db #0x00	; 0
   0243 02                  622 	.db #0x02	; 2
   0244 02                  623 	.db #0x02	; 2
   0245 02                  624 	.db #0x02	; 2
   0246 00                  625 	.db #0x00	; 0
   0247 05                  626 	.db #0x05	; 5
   0248 05                  627 	.db #0x05	; 5
   0249 05                  628 	.db #0x05	; 5
   024A 00                  629 	.db #0x00	; 0
   024B 07                  630 	.db #0x07	; 7
   024C 07                  631 	.db #0x07	; 7
   024D 01                  632 	.db #0x01	; 1
   024E 01                  633 	.db #0x01	; 1
   024F 01                  634 	.db #0x01	; 1
   0250 01                  635 	.db #0x01	; 1
   0251 00                  636 	.db #0x00	; 0
   0252 00                  637 	.db #0x00	; 0
   0253 00                  638 	.db #0x00	; 0
   0254 00                  639 	.db #0x00	; 0
   0255 00                  640 	.db #0x00	; 0
   0256 00                  641 	.db #0x00	; 0
   0257 02                  642 	.db #0x02	; 2
   0258 02                  643 	.db #0x02	; 2
   0259 00                  644 	.db #0x00	; 0
   025A 05                  645 	.db #0x05	; 5
   025B 05                  646 	.db #0x05	; 5
   025C 05                  647 	.db #0x05	; 5
   025D 05                  648 	.db #0x05	; 5
   025E 06                  649 	.db #0x06	; 6
   025F 00                  650 	.db #0x00	; 0
   0260 01                  651 	.db #0x01	; 1
   0261 00                  652 	.db #0x00	; 0
   0262 01                  653 	.db #0x01	; 1
   0263 01                  654 	.db #0x01	; 1
   0264 01                  655 	.db #0x01	; 1
   0265 00                  656 	.db #0x00	; 0
   0266 00                  657 	.db #0x00	; 0
   0267 00                  658 	.db #0x00	; 0
   0268 00                  659 	.db #0x00	; 0
   0269 00                  660 	.db #0x00	; 0
   026A 00                  661 	.db #0x00	; 0
   026B 02                  662 	.db #0x02	; 2
   026C 00                  663 	.db #0x00	; 0
   026D 00                  664 	.db #0x00	; 0
   026E 05                  665 	.db #0x05	; 5
   026F 05                  666 	.db #0x05	; 5
   0270 05                  667 	.db #0x05	; 5
   0271 06                  668 	.db #0x06	; 6
   0272 06                  669 	.db #0x06	; 6
   0273 00                  670 	.db #0x00	; 0
   0274 00                  671 	.db #0x00	; 0
   0275 00                  672 	.db #0x00	; 0
   0276 00                  673 	.db #0x00	; 0
   0277 00                  674 	.db #0x00	; 0
   0278 00                  675 	.db #0x00	; 0
   0279 00                  676 	.db #0x00	; 0
   027A 00                  677 	.db #0x00	; 0
   027B 00                  678 	.db #0x00	; 0
   027C 00                  679 	.db #0x00	; 0
   027D 00                  680 	.db #0x00	; 0
   027E 07                  681 	.db #0x07	; 7
   027F 02                  682 	.db #0x02	; 2
   0280 00                  683 	.db #0x00	; 0
   0281 00                  684 	.db #0x00	; 0
   0282 05                  685 	.db #0x05	; 5
   0283 05                  686 	.db #0x05	; 5
   0284 05                  687 	.db #0x05	; 5
   0285 06                  688 	.db #0x06	; 6
   0286 06                  689 	.db #0x06	; 6
   0287 00                  690 	.db #0x00	; 0
   0288 00                  691 	.db #0x00	; 0
   0289 01                  692 	.db #0x01	; 1
   028A 01                  693 	.db #0x01	; 1
   028B 01                  694 	.db #0x01	; 1
   028C 01                  695 	.db #0x01	; 1
   028D 00                  696 	.db #0x00	; 0
   028E 00                  697 	.db #0x00	; 0
   028F 00                  698 	.db #0x00	; 0
   0290 00                  699 	.db #0x00	; 0
   0291 00                  700 	.db #0x00	; 0
   0292 07                  701 	.db #0x07	; 7
   0293 02                  702 	.db #0x02	; 2
   0294 00                  703 	.db #0x00	; 0
   0295 00                  704 	.db #0x00	; 0
   0296 00                  705 	.db #0x00	; 0
   0297 05                  706 	.db #0x05	; 5
   0298 05                  707 	.db #0x05	; 5
   0299 06                  708 	.db #0x06	; 6
   029A 00                  709 	.db #0x00	; 0
   029B 00                  710 	.db #0x00	; 0
   029C 00                  711 	.db #0x00	; 0
   029D 01                  712 	.db #0x01	; 1
   029E 00                  713 	.db #0x00	; 0
   029F 00                  714 	.db #0x00	; 0
   02A0 01                  715 	.db #0x01	; 1
   02A1 00                  716 	.db #0x00	; 0
   02A2 00                  717 	.db #0x00	; 0
   02A3 00                  718 	.db #0x00	; 0
   02A4 07                  719 	.db #0x07	; 7
   02A5 07                  720 	.db #0x07	; 7
   02A6 00                  721 	.db #0x00	; 0
   02A7 02                  722 	.db #0x02	; 2
   02A8 00                  723 	.db #0x00	; 0
   02A9 00                  724 	.db #0x00	; 0
   02AA 00                  725 	.db #0x00	; 0
   02AB 00                  726 	.db #0x00	; 0
   02AC 06                  727 	.db #0x06	; 6
   02AD 06                  728 	.db #0x06	; 6
   02AE 06                  729 	.db #0x06	; 6
   02AF 06                  730 	.db #0x06	; 6
   02B0 06                  731 	.db #0x06	; 6
   02B1 00                  732 	.db #0x00	; 0
   02B2 00                  733 	.db #0x00	; 0
   02B3 01                  734 	.db #0x01	; 1
   02B4 01                  735 	.db #0x01	; 1
   02B5 00                  736 	.db #0x00	; 0
   02B6 00                  737 	.db #0x00	; 0
   02B7 07                  738 	.db #0x07	; 7
   02B8 07                  739 	.db #0x07	; 7
   02B9 07                  740 	.db #0x07	; 7
   02BA 00                  741 	.db #0x00	; 0
   02BB 02                  742 	.db #0x02	; 2
   02BC 00                  743 	.db #0x00	; 0
   02BD 00                  744 	.db #0x00	; 0
   02BE 00                  745 	.db #0x00	; 0
   02BF 00                  746 	.db #0x00	; 0
   02C0 00                  747 	.db #0x00	; 0
   02C1 00                  748 	.db #0x00	; 0
   02C2 00                  749 	.db #0x00	; 0
   02C3 06                  750 	.db #0x06	; 6
   02C4 06                  751 	.db #0x06	; 6
   02C5 04                  752 	.db #0x04	; 4
   02C6 00                  753 	.db #0x00	; 0
   02C7 00                  754 	.db #0x00	; 0
   02C8 00                  755 	.db #0x00	; 0
   02C9 04                  756 	.db #0x04	; 4
   02CA 04                  757 	.db #0x04	; 4
   02CB 04                  758 	.db #0x04	; 4
   02CC 00                  759 	.db #0x00	; 0
   02CD 00                  760 	.db #0x00	; 0
   02CE 07                  761 	.db #0x07	; 7
   02CF 02                  762 	.db #0x02	; 2
   02D0 07                  763 	.db #0x07	; 7
   02D1 07                  764 	.db #0x07	; 7
   02D2 00                  765 	.db #0x00	; 0
   02D3 00                  766 	.db #0x00	; 0
   02D4 00                  767 	.db #0x00	; 0
   02D5 00                  768 	.db #0x00	; 0
   02D6 00                  769 	.db #0x00	; 0
   02D7 06                  770 	.db #0x06	; 6
   02D8 04                  771 	.db #0x04	; 4
   02D9 04                  772 	.db #0x04	; 4
   02DA 04                  773 	.db #0x04	; 4
   02DB 24                  774 	.db #0x24	; 36
   02DC 04                  775 	.db #0x04	; 4
   02DD 04                  776 	.db #0x04	; 4
   02DE 04                  777 	.db #0x04	; 4
   02DF 04                  778 	.db #0x04	; 4
   02E0 00                  779 	.db #0x00	; 0
   02E1 00                  780 	.db #0x00	; 0
   02E2 07                  781 	.db #0x07	; 7
   02E3 02                  782 	.db #0x02	; 2
   02E4 07                  783 	.db #0x07	; 7
   02E5 00                  784 	.db #0x00	; 0
   02E6 00                  785 	.db #0x00	; 0
   02E7 00                  786 	.db #0x00	; 0
   02E8 00                  787 	.db #0x00	; 0
   02E9 00                  788 	.db #0x00	; 0
   02EA 01                  789 	.db #0x01	; 1
   02EB 01                  790 	.db #0x01	; 1
   02EC 07                  791 	.db #0x07	; 7
   02ED 07                  792 	.db #0x07	; 7
   02EE 07                  793 	.db #0x07	; 7
   02EF 07                  794 	.db #0x07	; 7
   02F0 07                  795 	.db #0x07	; 7
   02F1 07                  796 	.db #0x07	; 7
   02F2 07                  797 	.db #0x07	; 7
   02F3 07                  798 	.db #0x07	; 7
   02F4 00                  799 	.db #0x00	; 0
   02F5 00                  800 	.db #0x00	; 0
   02F6 07                  801 	.db #0x07	; 7
   02F7 02                  802 	.db #0x02	; 2
   02F8 42                  803 	.db #0x42	; 66	'B'
   02F9 42                  804 	.db #0x42	; 66	'B'
   02FA 02                  805 	.db #0x02	; 2
   02FB 00                  806 	.db #0x00	; 0
   02FC 00                  807 	.db #0x00	; 0
   02FD 00                  808 	.db #0x00	; 0
   02FE 00                  809 	.db #0x00	; 0
   02FF 01                  810 	.db #0x01	; 1
   0300 07                  811 	.db #0x07	; 7
   0301 07                  812 	.db #0x07	; 7
   0302 07                  813 	.db #0x07	; 7
   0303 07                  814 	.db #0x07	; 7
   0304 07                  815 	.db #0x07	; 7
   0305 07                  816 	.db #0x07	; 7
   0306 07                  817 	.db #0x07	; 7
   0307 07                  818 	.db #0x07	; 7
   0308 07                  819 	.db #0x07	; 7
   0309 02                  820 	.db #0x02	; 2
   030A 42                  821 	.db #0x42	; 66	'B'
   030B 02                  822 	.db #0x02	; 2
   030C 02                  823 	.db #0x02	; 2
   030D 02                  824 	.db #0x02	; 2
   030E 02                  825 	.db #0x02	; 2
   030F 00                  826 	.db #0x00	; 0
   0310 00                  827 	.db #0x00	; 0
   0311 00                  828 	.db #0x00	; 0
   0312 00                  829 	.db #0x00	; 0
   0313 01                  830 	.db #0x01	; 1
   0314 07                  831 	.db #0x07	; 7
   0315 07                  832 	.db #0x07	; 7
   0316 07                  833 	.db #0x07	; 7
   0317 07                  834 	.db #0x07	; 7
   0318 07                  835 	.db #0x07	; 7
   0319 07                  836 	.db #0x07	; 7
   031A 07                  837 	.db #0x07	; 7
   031B 07                  838 	.db #0x07	; 7
   031C 07                  839 	.db #0x07	; 7
   031D 02                  840 	.db #0x02	; 2
   031E 02                  841 	.db #0x02	; 2
   031F 02                  842 	.db #0x02	; 2
                            843 	.area _CABS (ABS)
