                              1 ;--------------------------------------------------------
                              2 ; File Created by SDCC : free open source ANSI-C Compiler
                              3 ; Version 4.0.0 #11528 (MINGW32)
                              4 ;--------------------------------------------------------
                              5 	.module C__Users_Mills_AppData_Local_Temp_lcc51561
                              6 	.optsdcc -mgbz80
                              7 	
                              8 ;--------------------------------------------------------
                              9 ; Public variables in this module
                             10 ;--------------------------------------------------------
                             11 	.globl _Lisa_MapPLN1
                             12 	.globl _Lisa_MapPLN0
                             13 ;--------------------------------------------------------
                             14 ; special function registers
                             15 ;--------------------------------------------------------
                             16 ;--------------------------------------------------------
                             17 ; ram data
                             18 ;--------------------------------------------------------
                             19 	.area _DATA
                             20 ;--------------------------------------------------------
                             21 ; absolute external ram data
                             22 ;--------------------------------------------------------
                             23 	.area _DABS (ABS)
                             24 ;--------------------------------------------------------
                             25 ; global & static initialisations
                             26 ;--------------------------------------------------------
                             27 	.area _HOME
                             28 	.area _GSINIT
                             29 	.area _GSFINAL
                             30 	.area _GSINIT
                             31 ;--------------------------------------------------------
                             32 ; Home
                             33 ;--------------------------------------------------------
                             34 	.area _HOME
                             35 	.area _HOME
                             36 ;--------------------------------------------------------
                             37 ; code
                             38 ;--------------------------------------------------------
                             39 	.area _CODE_8
                             40 	.area _CODE_8
   0000                      41 _Lisa_MapPLN0:
   0000 00                   42 	.db #0x00	; 0
   0001 00                   43 	.db #0x00	; 0
   0002 00                   44 	.db #0x00	; 0
   0003 00                   45 	.db #0x00	; 0
   0004 00                   46 	.db #0x00	; 0
   0005 00                   47 	.db #0x00	; 0
   0006 00                   48 	.db #0x00	; 0
   0007 00                   49 	.db #0x00	; 0
   0008 00                   50 	.db #0x00	; 0
   0009 00                   51 	.db #0x00	; 0
   000A 00                   52 	.db #0x00	; 0
   000B 00                   53 	.db #0x00	; 0
   000C 00                   54 	.db #0x00	; 0
   000D 00                   55 	.db #0x00	; 0
   000E 00                   56 	.db #0x00	; 0
   000F 00                   57 	.db #0x00	; 0
   0010 00                   58 	.db #0x00	; 0
   0011 00                   59 	.db #0x00	; 0
   0012 00                   60 	.db #0x00	; 0
   0013 00                   61 	.db #0x00	; 0
   0014 00                   62 	.db #0x00	; 0
   0015 00                   63 	.db #0x00	; 0
   0016 00                   64 	.db #0x00	; 0
   0017 00                   65 	.db #0x00	; 0
   0018 00                   66 	.db #0x00	; 0
   0019 00                   67 	.db #0x00	; 0
   001A 00                   68 	.db #0x00	; 0
   001B 00                   69 	.db #0x00	; 0
   001C 00                   70 	.db #0x00	; 0
   001D 00                   71 	.db #0x00	; 0
   001E 00                   72 	.db #0x00	; 0
   001F 00                   73 	.db #0x00	; 0
   0020 00                   74 	.db #0x00	; 0
   0021 00                   75 	.db #0x00	; 0
   0022 00                   76 	.db #0x00	; 0
   0023 00                   77 	.db #0x00	; 0
   0024 00                   78 	.db #0x00	; 0
   0025 00                   79 	.db #0x00	; 0
   0026 00                   80 	.db #0x00	; 0
   0027 00                   81 	.db #0x00	; 0
   0028 00                   82 	.db #0x00	; 0
   0029 01                   83 	.db #0x01	; 1
   002A 02                   84 	.db #0x02	; 2
   002B 03                   85 	.db #0x03	; 3
   002C 04                   86 	.db #0x04	; 4
   002D 00                   87 	.db #0x00	; 0
   002E 00                   88 	.db #0x00	; 0
   002F 00                   89 	.db #0x00	; 0
   0030 00                   90 	.db #0x00	; 0
   0031 00                   91 	.db #0x00	; 0
   0032 00                   92 	.db #0x00	; 0
   0033 00                   93 	.db #0x00	; 0
   0034 00                   94 	.db #0x00	; 0
   0035 00                   95 	.db #0x00	; 0
   0036 00                   96 	.db #0x00	; 0
   0037 00                   97 	.db #0x00	; 0
   0038 00                   98 	.db #0x00	; 0
   0039 00                   99 	.db #0x00	; 0
   003A 00                  100 	.db #0x00	; 0
   003B 00                  101 	.db #0x00	; 0
   003C 00                  102 	.db #0x00	; 0
   003D 00                  103 	.db #0x00	; 0
   003E 00                  104 	.db #0x00	; 0
   003F 00                  105 	.db #0x00	; 0
   0040 00                  106 	.db #0x00	; 0
   0041 00                  107 	.db #0x00	; 0
   0042 00                  108 	.db #0x00	; 0
   0043 00                  109 	.db #0x00	; 0
   0044 00                  110 	.db #0x00	; 0
   0045 00                  111 	.db #0x00	; 0
   0046 0A                  112 	.db #0x0a	; 10
   0047 0B                  113 	.db #0x0b	; 11
   0048 0C                  114 	.db #0x0c	; 12
   0049 06                  115 	.db #0x06	; 6
   004A 07                  116 	.db #0x07	; 7
   004B 08                  117 	.db #0x08	; 8
   004C 09                  118 	.db #0x09	; 9
   004D 0A                  119 	.db #0x0a	; 10
   004E 0B                  120 	.db #0x0b	; 11
   004F 0C                  121 	.db #0x0c	; 12
   0050 00                  122 	.db #0x00	; 0
   0051 00                  123 	.db #0x00	; 0
   0052 00                  124 	.db #0x00	; 0
   0053 00                  125 	.db #0x00	; 0
   0054 00                  126 	.db #0x00	; 0
   0055 00                  127 	.db #0x00	; 0
   0056 00                  128 	.db #0x00	; 0
   0057 00                  129 	.db #0x00	; 0
   0058 00                  130 	.db #0x00	; 0
   0059 00                  131 	.db #0x00	; 0
   005A 00                  132 	.db #0x00	; 0
   005B 00                  133 	.db #0x00	; 0
   005C 00                  134 	.db #0x00	; 0
   005D 00                  135 	.db #0x00	; 0
   005E 00                  136 	.db #0x00	; 0
   005F 00                  137 	.db #0x00	; 0
   0060 00                  138 	.db #0x00	; 0
   0061 00                  139 	.db #0x00	; 0
   0062 00                  140 	.db #0x00	; 0
   0063 00                  141 	.db #0x00	; 0
   0064 00                  142 	.db #0x00	; 0
   0065 00                  143 	.db #0x00	; 0
   0066 10                  144 	.db #0x10	; 16
   0067 11                  145 	.db #0x11	; 17
   0068 12                  146 	.db #0x12	; 18
   0069 13                  147 	.db #0x13	; 19
   006A 00                  148 	.db #0x00	; 0
   006B 0F                  149 	.db #0x0f	; 15
   006C 00                  150 	.db #0x00	; 0
   006D 10                  151 	.db #0x10	; 16
   006E 11                  152 	.db #0x11	; 17
   006F 12                  153 	.db #0x12	; 18
   0070 13                  154 	.db #0x13	; 19
   0071 00                  155 	.db #0x00	; 0
   0072 00                  156 	.db #0x00	; 0
   0073 00                  157 	.db #0x00	; 0
   0074 00                  158 	.db #0x00	; 0
   0075 00                  159 	.db #0x00	; 0
   0076 00                  160 	.db #0x00	; 0
   0077 00                  161 	.db #0x00	; 0
   0078 00                  162 	.db #0x00	; 0
   0079 00                  163 	.db #0x00	; 0
   007A 00                  164 	.db #0x00	; 0
   007B 00                  165 	.db #0x00	; 0
   007C 00                  166 	.db #0x00	; 0
   007D 00                  167 	.db #0x00	; 0
   007E 00                  168 	.db #0x00	; 0
   007F 00                  169 	.db #0x00	; 0
   0080 00                  170 	.db #0x00	; 0
   0081 00                  171 	.db #0x00	; 0
   0082 00                  172 	.db #0x00	; 0
   0083 00                  173 	.db #0x00	; 0
   0084 00                  174 	.db #0x00	; 0
   0085 00                  175 	.db #0x00	; 0
   0086 16                  176 	.db #0x16	; 22
   0087 17                  177 	.db #0x17	; 23
   0088 18                  178 	.db #0x18	; 24
   0089 19                  179 	.db #0x19	; 25
   008A 1A                  180 	.db #0x1a	; 26
   008B 1B                  181 	.db #0x1b	; 27
   008C 1C                  182 	.db #0x1c	; 28
   008D 1D                  183 	.db #0x1d	; 29
   008E 00                  184 	.db #0x00	; 0
   008F 14                  185 	.db #0x14	; 20
   0090 00                  186 	.db #0x00	; 0
   0091 00                  187 	.db #0x00	; 0
   0092 00                  188 	.db #0x00	; 0
   0093 00                  189 	.db #0x00	; 0
   0094 00                  190 	.db #0x00	; 0
   0095 00                  191 	.db #0x00	; 0
   0096 00                  192 	.db #0x00	; 0
   0097 00                  193 	.db #0x00	; 0
   0098 00                  194 	.db #0x00	; 0
   0099 00                  195 	.db #0x00	; 0
   009A 00                  196 	.db #0x00	; 0
   009B 00                  197 	.db #0x00	; 0
   009C 00                  198 	.db #0x00	; 0
   009D 00                  199 	.db #0x00	; 0
   009E 00                  200 	.db #0x00	; 0
   009F 00                  201 	.db #0x00	; 0
   00A0 00                  202 	.db #0x00	; 0
   00A1 00                  203 	.db #0x00	; 0
   00A2 00                  204 	.db #0x00	; 0
   00A3 00                  205 	.db #0x00	; 0
   00A4 00                  206 	.db #0x00	; 0
   00A5 1E                  207 	.db #0x1e	; 30
   00A6 1F                  208 	.db #0x1f	; 31
   00A7 20                  209 	.db #0x20	; 32
   00A8 20                  210 	.db #0x20	; 32
   00A9 21                  211 	.db #0x21	; 33
   00AA 22                  212 	.db #0x22	; 34
   00AB 23                  213 	.db #0x23	; 35
   00AC 20                  214 	.db #0x20	; 32
   00AD 24                  215 	.db #0x24	; 36
   00AE 25                  216 	.db #0x25	; 37
   00AF 00                  217 	.db #0x00	; 0
   00B0 00                  218 	.db #0x00	; 0
   00B1 00                  219 	.db #0x00	; 0
   00B2 00                  220 	.db #0x00	; 0
   00B3 00                  221 	.db #0x00	; 0
   00B4 00                  222 	.db #0x00	; 0
   00B5 00                  223 	.db #0x00	; 0
   00B6 00                  224 	.db #0x00	; 0
   00B7 00                  225 	.db #0x00	; 0
   00B8 00                  226 	.db #0x00	; 0
   00B9 00                  227 	.db #0x00	; 0
   00BA 00                  228 	.db #0x00	; 0
   00BB 00                  229 	.db #0x00	; 0
   00BC 00                  230 	.db #0x00	; 0
   00BD 00                  231 	.db #0x00	; 0
   00BE 00                  232 	.db #0x00	; 0
   00BF 00                  233 	.db #0x00	; 0
   00C0 00                  234 	.db #0x00	; 0
   00C1 00                  235 	.db #0x00	; 0
   00C2 00                  236 	.db #0x00	; 0
   00C3 00                  237 	.db #0x00	; 0
   00C4 00                  238 	.db #0x00	; 0
   00C5 26                  239 	.db #0x26	; 38
   00C6 20                  240 	.db #0x20	; 32
   00C7 27                  241 	.db #0x27	; 39
   00C8 28                  242 	.db #0x28	; 40
   00C9 29                  243 	.db #0x29	; 41
   00CA 2A                  244 	.db #0x2a	; 42
   00CB 2B                  245 	.db #0x2b	; 43
   00CC 2C                  246 	.db #0x2c	; 44
   00CD 2D                  247 	.db #0x2d	; 45
   00CE 2E                  248 	.db #0x2e	; 46
   00CF 2F                  249 	.db #0x2f	; 47
   00D0 00                  250 	.db #0x00	; 0
   00D1 00                  251 	.db #0x00	; 0
   00D2 00                  252 	.db #0x00	; 0
   00D3 00                  253 	.db #0x00	; 0
   00D4 00                  254 	.db #0x00	; 0
   00D5 00                  255 	.db #0x00	; 0
   00D6 00                  256 	.db #0x00	; 0
   00D7 00                  257 	.db #0x00	; 0
   00D8 00                  258 	.db #0x00	; 0
   00D9 00                  259 	.db #0x00	; 0
   00DA 00                  260 	.db #0x00	; 0
   00DB 00                  261 	.db #0x00	; 0
   00DC 00                  262 	.db #0x00	; 0
   00DD 00                  263 	.db #0x00	; 0
   00DE 00                  264 	.db #0x00	; 0
   00DF 00                  265 	.db #0x00	; 0
   00E0 00                  266 	.db #0x00	; 0
   00E1 00                  267 	.db #0x00	; 0
   00E2 00                  268 	.db #0x00	; 0
   00E3 00                  269 	.db #0x00	; 0
   00E4 00                  270 	.db #0x00	; 0
   00E5 30                  271 	.db #0x30	; 48	'0'
   00E6 31                  272 	.db #0x31	; 49	'1'
   00E7 32                  273 	.db #0x32	; 50	'2'
   00E8 33                  274 	.db #0x33	; 51	'3'
   00E9 34                  275 	.db #0x34	; 52	'4'
   00EA 35                  276 	.db #0x35	; 53	'5'
   00EB 36                  277 	.db #0x36	; 54	'6'
   00EC 37                  278 	.db #0x37	; 55	'7'
   00ED 38                  279 	.db #0x38	; 56	'8'
   00EE 39                  280 	.db #0x39	; 57	'9'
   00EF 3A                  281 	.db #0x3a	; 58
   00F0 00                  282 	.db #0x00	; 0
   00F1 00                  283 	.db #0x00	; 0
   00F2 00                  284 	.db #0x00	; 0
   00F3 00                  285 	.db #0x00	; 0
   00F4 00                  286 	.db #0x00	; 0
   00F5 00                  287 	.db #0x00	; 0
   00F6 00                  288 	.db #0x00	; 0
   00F7 00                  289 	.db #0x00	; 0
   00F8 00                  290 	.db #0x00	; 0
   00F9 00                  291 	.db #0x00	; 0
   00FA 00                  292 	.db #0x00	; 0
   00FB 00                  293 	.db #0x00	; 0
   00FC 00                  294 	.db #0x00	; 0
   00FD 00                  295 	.db #0x00	; 0
   00FE 00                  296 	.db #0x00	; 0
   00FF 00                  297 	.db #0x00	; 0
   0100 00                  298 	.db #0x00	; 0
   0101 00                  299 	.db #0x00	; 0
   0102 00                  300 	.db #0x00	; 0
   0103 00                  301 	.db #0x00	; 0
   0104 4C                  302 	.db #0x4c	; 76	'L'
   0105 3B                  303 	.db #0x3b	; 59
   0106 3C                  304 	.db #0x3c	; 60
   0107 37                  305 	.db #0x37	; 55	'7'
   0108 37                  306 	.db #0x37	; 55	'7'
   0109 3D                  307 	.db #0x3d	; 61
   010A 37                  308 	.db #0x37	; 55	'7'
   010B 70                  309 	.db #0x70	; 112	'p'
   010C 3E                  310 	.db #0x3e	; 62
   010D 3F                  311 	.db #0x3f	; 63
   010E 37                  312 	.db #0x37	; 55	'7'
   010F 40                  313 	.db #0x40	; 64
   0110 00                  314 	.db #0x00	; 0
   0111 00                  315 	.db #0x00	; 0
   0112 00                  316 	.db #0x00	; 0
   0113 00                  317 	.db #0x00	; 0
   0114 00                  318 	.db #0x00	; 0
   0115 00                  319 	.db #0x00	; 0
   0116 00                  320 	.db #0x00	; 0
   0117 00                  321 	.db #0x00	; 0
   0118 00                  322 	.db #0x00	; 0
   0119 00                  323 	.db #0x00	; 0
   011A 00                  324 	.db #0x00	; 0
   011B 00                  325 	.db #0x00	; 0
   011C 00                  326 	.db #0x00	; 0
   011D 00                  327 	.db #0x00	; 0
   011E 00                  328 	.db #0x00	; 0
   011F 00                  329 	.db #0x00	; 0
   0120 00                  330 	.db #0x00	; 0
   0121 00                  331 	.db #0x00	; 0
   0122 00                  332 	.db #0x00	; 0
   0123 00                  333 	.db #0x00	; 0
   0124 00                  334 	.db #0x00	; 0
   0125 41                  335 	.db #0x41	; 65	'A'
   0126 42                  336 	.db #0x42	; 66	'B'
   0127 43                  337 	.db #0x43	; 67	'C'
   0128 44                  338 	.db #0x44	; 68	'D'
   0129 45                  339 	.db #0x45	; 69	'E'
   012A 46                  340 	.db #0x46	; 70	'F'
   012B 47                  341 	.db #0x47	; 71	'G'
   012C 48                  342 	.db #0x48	; 72	'H'
   012D 49                  343 	.db #0x49	; 73	'I'
   012E 4A                  344 	.db #0x4a	; 74	'J'
   012F 4B                  345 	.db #0x4b	; 75	'K'
   0130 00                  346 	.db #0x00	; 0
   0131 00                  347 	.db #0x00	; 0
   0132 00                  348 	.db #0x00	; 0
   0133 00                  349 	.db #0x00	; 0
   0134 00                  350 	.db #0x00	; 0
   0135 00                  351 	.db #0x00	; 0
   0136 00                  352 	.db #0x00	; 0
   0137 00                  353 	.db #0x00	; 0
   0138 00                  354 	.db #0x00	; 0
   0139 00                  355 	.db #0x00	; 0
   013A 00                  356 	.db #0x00	; 0
   013B 00                  357 	.db #0x00	; 0
   013C 00                  358 	.db #0x00	; 0
   013D 00                  359 	.db #0x00	; 0
   013E 00                  360 	.db #0x00	; 0
   013F 00                  361 	.db #0x00	; 0
   0140 00                  362 	.db #0x00	; 0
   0141 00                  363 	.db #0x00	; 0
   0142 00                  364 	.db #0x00	; 0
   0143 00                  365 	.db #0x00	; 0
   0144 00                  366 	.db #0x00	; 0
   0145 4D                  367 	.db #0x4d	; 77	'M'
   0146 4E                  368 	.db #0x4e	; 78	'N'
   0147 4F                  369 	.db #0x4f	; 79	'O'
   0148 50                  370 	.db #0x50	; 80	'P'
   0149 20                  371 	.db #0x20	; 32
   014A 20                  372 	.db #0x20	; 32
   014B 20                  373 	.db #0x20	; 32
   014C 53                  374 	.db #0x53	; 83	'S'
   014D 54                  375 	.db #0x54	; 84	'T'
   014E 55                  376 	.db #0x55	; 85	'U'
   014F 56                  377 	.db #0x56	; 86	'V'
   0150 00                  378 	.db #0x00	; 0
   0151 00                  379 	.db #0x00	; 0
   0152 00                  380 	.db #0x00	; 0
   0153 00                  381 	.db #0x00	; 0
   0154 00                  382 	.db #0x00	; 0
   0155 00                  383 	.db #0x00	; 0
   0156 00                  384 	.db #0x00	; 0
   0157 00                  385 	.db #0x00	; 0
   0158 00                  386 	.db #0x00	; 0
   0159 00                  387 	.db #0x00	; 0
   015A 00                  388 	.db #0x00	; 0
   015B 00                  389 	.db #0x00	; 0
   015C 00                  390 	.db #0x00	; 0
   015D 00                  391 	.db #0x00	; 0
   015E 00                  392 	.db #0x00	; 0
   015F 00                  393 	.db #0x00	; 0
   0160 00                  394 	.db #0x00	; 0
   0161 00                  395 	.db #0x00	; 0
   0162 00                  396 	.db #0x00	; 0
   0163 00                  397 	.db #0x00	; 0
   0164 00                  398 	.db #0x00	; 0
   0165 57                  399 	.db #0x57	; 87	'W'
   0166 58                  400 	.db #0x58	; 88	'X'
   0167 59                  401 	.db #0x59	; 89	'Y'
   0168 5A                  402 	.db #0x5a	; 90	'Z'
   0169 5B                  403 	.db #0x5b	; 91
   016A 5C                  404 	.db #0x5c	; 92
   016B 5D                  405 	.db #0x5d	; 93
   016C 5E                  406 	.db #0x5e	; 94
   016D 5F                  407 	.db #0x5f	; 95
   016E 60                  408 	.db #0x60	; 96
   016F 61                  409 	.db #0x61	; 97	'a'
   0170 00                  410 	.db #0x00	; 0
   0171 00                  411 	.db #0x00	; 0
   0172 00                  412 	.db #0x00	; 0
   0173 00                  413 	.db #0x00	; 0
   0174 00                  414 	.db #0x00	; 0
   0175 00                  415 	.db #0x00	; 0
   0176 00                  416 	.db #0x00	; 0
   0177 00                  417 	.db #0x00	; 0
   0178 00                  418 	.db #0x00	; 0
   0179 00                  419 	.db #0x00	; 0
   017A 00                  420 	.db #0x00	; 0
   017B 00                  421 	.db #0x00	; 0
   017C 00                  422 	.db #0x00	; 0
   017D 00                  423 	.db #0x00	; 0
   017E 00                  424 	.db #0x00	; 0
   017F 00                  425 	.db #0x00	; 0
   0180 00                  426 	.db #0x00	; 0
   0181 00                  427 	.db #0x00	; 0
   0182 00                  428 	.db #0x00	; 0
   0183 00                  429 	.db #0x00	; 0
   0184 00                  430 	.db #0x00	; 0
   0185 00                  431 	.db #0x00	; 0
   0186 62                  432 	.db #0x62	; 98	'b'
   0187 63                  433 	.db #0x63	; 99	'c'
   0188 64                  434 	.db #0x64	; 100	'd'
   0189 20                  435 	.db #0x20	; 32
   018A 65                  436 	.db #0x65	; 101	'e'
   018B 66                  437 	.db #0x66	; 102	'f'
   018C 67                  438 	.db #0x67	; 103	'g'
   018D 68                  439 	.db #0x68	; 104	'h'
   018E 69                  440 	.db #0x69	; 105	'i'
   018F 6A                  441 	.db #0x6a	; 106	'j'
   0190 00                  442 	.db #0x00	; 0
   0191 00                  443 	.db #0x00	; 0
   0192 00                  444 	.db #0x00	; 0
   0193 00                  445 	.db #0x00	; 0
   0194 00                  446 	.db #0x00	; 0
   0195 00                  447 	.db #0x00	; 0
   0196 00                  448 	.db #0x00	; 0
   0197 00                  449 	.db #0x00	; 0
   0198 00                  450 	.db #0x00	; 0
   0199 00                  451 	.db #0x00	; 0
   019A 00                  452 	.db #0x00	; 0
   019B 00                  453 	.db #0x00	; 0
   019C 00                  454 	.db #0x00	; 0
   019D 00                  455 	.db #0x00	; 0
   019E 00                  456 	.db #0x00	; 0
   019F 00                  457 	.db #0x00	; 0
   01A0 00                  458 	.db #0x00	; 0
   01A1 00                  459 	.db #0x00	; 0
   01A2 00                  460 	.db #0x00	; 0
   01A3 00                  461 	.db #0x00	; 0
   01A4 00                  462 	.db #0x00	; 0
   01A5 00                  463 	.db #0x00	; 0
   01A6 00                  464 	.db #0x00	; 0
   01A7 6B                  465 	.db #0x6b	; 107	'k'
   01A8 6C                  466 	.db #0x6c	; 108	'l'
   01A9 6D                  467 	.db #0x6d	; 109	'm'
   01AA 6E                  468 	.db #0x6e	; 110	'n'
   01AB 6F                  469 	.db #0x6f	; 111	'o'
   01AC 00                  470 	.db #0x00	; 0
   01AD 00                  471 	.db #0x00	; 0
   01AE 00                  472 	.db #0x00	; 0
   01AF 00                  473 	.db #0x00	; 0
   01B0 00                  474 	.db #0x00	; 0
   01B1 00                  475 	.db #0x00	; 0
   01B2 00                  476 	.db #0x00	; 0
   01B3 00                  477 	.db #0x00	; 0
   01B4 00                  478 	.db #0x00	; 0
   01B5 00                  479 	.db #0x00	; 0
   01B6 00                  480 	.db #0x00	; 0
   01B7 00                  481 	.db #0x00	; 0
   01B8 00                  482 	.db #0x00	; 0
   01B9 00                  483 	.db #0x00	; 0
   01BA 00                  484 	.db #0x00	; 0
   01BB 00                  485 	.db #0x00	; 0
   01BC 00                  486 	.db #0x00	; 0
   01BD 00                  487 	.db #0x00	; 0
   01BE 00                  488 	.db #0x00	; 0
   01BF 00                  489 	.db #0x00	; 0
   01C0 00                  490 	.db #0x00	; 0
   01C1 00                  491 	.db #0x00	; 0
   01C2 00                  492 	.db #0x00	; 0
   01C3 00                  493 	.db #0x00	; 0
   01C4 00                  494 	.db #0x00	; 0
   01C5 00                  495 	.db #0x00	; 0
   01C6 00                  496 	.db #0x00	; 0
   01C7 00                  497 	.db #0x00	; 0
   01C8 00                  498 	.db #0x00	; 0
   01C9 00                  499 	.db #0x00	; 0
   01CA 71                  500 	.db #0x71	; 113	'q'
   01CB 00                  501 	.db #0x00	; 0
   01CC 00                  502 	.db #0x00	; 0
   01CD 00                  503 	.db #0x00	; 0
   01CE 00                  504 	.db #0x00	; 0
   01CF 00                  505 	.db #0x00	; 0
   01D0 00                  506 	.db #0x00	; 0
   01D1 00                  507 	.db #0x00	; 0
   01D2 00                  508 	.db #0x00	; 0
   01D3 00                  509 	.db #0x00	; 0
   01D4 00                  510 	.db #0x00	; 0
   01D5 00                  511 	.db #0x00	; 0
   01D6 00                  512 	.db #0x00	; 0
   01D7 00                  513 	.db #0x00	; 0
   01D8 00                  514 	.db #0x00	; 0
   01D9 00                  515 	.db #0x00	; 0
   01DA 00                  516 	.db #0x00	; 0
   01DB 00                  517 	.db #0x00	; 0
   01DC 00                  518 	.db #0x00	; 0
   01DD 00                  519 	.db #0x00	; 0
   01DE 00                  520 	.db #0x00	; 0
   01DF 00                  521 	.db #0x00	; 0
   01E0 00                  522 	.db #0x00	; 0
   01E1 00                  523 	.db #0x00	; 0
   01E2 00                  524 	.db #0x00	; 0
   01E3 00                  525 	.db #0x00	; 0
   01E4 00                  526 	.db #0x00	; 0
   01E5 00                  527 	.db #0x00	; 0
   01E6 00                  528 	.db #0x00	; 0
   01E7 00                  529 	.db #0x00	; 0
   01E8 00                  530 	.db #0x00	; 0
   01E9 00                  531 	.db #0x00	; 0
   01EA 00                  532 	.db #0x00	; 0
   01EB 00                  533 	.db #0x00	; 0
   01EC 00                  534 	.db #0x00	; 0
   01ED 00                  535 	.db #0x00	; 0
   01EE 00                  536 	.db #0x00	; 0
   01EF 00                  537 	.db #0x00	; 0
   01F0 00                  538 	.db #0x00	; 0
   01F1 00                  539 	.db #0x00	; 0
   01F2 00                  540 	.db #0x00	; 0
   01F3 00                  541 	.db #0x00	; 0
   01F4 00                  542 	.db #0x00	; 0
   01F5 00                  543 	.db #0x00	; 0
   01F6 00                  544 	.db #0x00	; 0
   01F7 00                  545 	.db #0x00	; 0
   01F8 00                  546 	.db #0x00	; 0
   01F9 00                  547 	.db #0x00	; 0
   01FA 00                  548 	.db #0x00	; 0
   01FB 00                  549 	.db #0x00	; 0
   01FC 00                  550 	.db #0x00	; 0
   01FD 00                  551 	.db #0x00	; 0
   01FE 00                  552 	.db #0x00	; 0
   01FF 00                  553 	.db #0x00	; 0
   0200 00                  554 	.db #0x00	; 0
   0201 00                  555 	.db #0x00	; 0
   0202 00                  556 	.db #0x00	; 0
   0203 00                  557 	.db #0x00	; 0
   0204 00                  558 	.db #0x00	; 0
   0205 00                  559 	.db #0x00	; 0
   0206 00                  560 	.db #0x00	; 0
   0207 00                  561 	.db #0x00	; 0
   0208 00                  562 	.db #0x00	; 0
   0209 00                  563 	.db #0x00	; 0
   020A 00                  564 	.db #0x00	; 0
   020B 00                  565 	.db #0x00	; 0
   020C 00                  566 	.db #0x00	; 0
   020D 00                  567 	.db #0x00	; 0
   020E 00                  568 	.db #0x00	; 0
   020F 00                  569 	.db #0x00	; 0
   0210 00                  570 	.db #0x00	; 0
   0211 00                  571 	.db #0x00	; 0
   0212 00                  572 	.db #0x00	; 0
   0213 00                  573 	.db #0x00	; 0
   0214 00                  574 	.db #0x00	; 0
   0215 00                  575 	.db #0x00	; 0
   0216 00                  576 	.db #0x00	; 0
   0217 00                  577 	.db #0x00	; 0
   0218 00                  578 	.db #0x00	; 0
   0219 00                  579 	.db #0x00	; 0
   021A 00                  580 	.db #0x00	; 0
   021B 00                  581 	.db #0x00	; 0
   021C 00                  582 	.db #0x00	; 0
   021D 00                  583 	.db #0x00	; 0
   021E 00                  584 	.db #0x00	; 0
   021F 00                  585 	.db #0x00	; 0
   0220 00                  586 	.db #0x00	; 0
   0221 00                  587 	.db #0x00	; 0
   0222 00                  588 	.db #0x00	; 0
   0223 00                  589 	.db #0x00	; 0
   0224 00                  590 	.db #0x00	; 0
   0225 00                  591 	.db #0x00	; 0
   0226 00                  592 	.db #0x00	; 0
   0227 00                  593 	.db #0x00	; 0
   0228 00                  594 	.db #0x00	; 0
   0229 00                  595 	.db #0x00	; 0
   022A 00                  596 	.db #0x00	; 0
   022B 00                  597 	.db #0x00	; 0
   022C 00                  598 	.db #0x00	; 0
   022D 00                  599 	.db #0x00	; 0
   022E 00                  600 	.db #0x00	; 0
   022F 00                  601 	.db #0x00	; 0
   0230 00                  602 	.db #0x00	; 0
   0231 00                  603 	.db #0x00	; 0
   0232 00                  604 	.db #0x00	; 0
   0233 00                  605 	.db #0x00	; 0
   0234 00                  606 	.db #0x00	; 0
   0235 00                  607 	.db #0x00	; 0
   0236 00                  608 	.db #0x00	; 0
   0237 00                  609 	.db #0x00	; 0
   0238 00                  610 	.db #0x00	; 0
   0239 00                  611 	.db #0x00	; 0
   023A 00                  612 	.db #0x00	; 0
   023B 00                  613 	.db #0x00	; 0
   023C 00                  614 	.db #0x00	; 0
   023D 00                  615 	.db #0x00	; 0
   023E 00                  616 	.db #0x00	; 0
   023F 00                  617 	.db #0x00	; 0
   0240                     618 _Lisa_MapPLN1:
   0240 05                  619 	.db #0x05	; 5
   0241 05                  620 	.db #0x05	; 5
   0242 05                  621 	.db #0x05	; 5
   0243 05                  622 	.db #0x05	; 5
   0244 05                  623 	.db #0x05	; 5
   0245 05                  624 	.db #0x05	; 5
   0246 05                  625 	.db #0x05	; 5
   0247 05                  626 	.db #0x05	; 5
   0248 05                  627 	.db #0x05	; 5
   0249 05                  628 	.db #0x05	; 5
   024A 05                  629 	.db #0x05	; 5
   024B 05                  630 	.db #0x05	; 5
   024C 05                  631 	.db #0x05	; 5
   024D 05                  632 	.db #0x05	; 5
   024E 05                  633 	.db #0x05	; 5
   024F 05                  634 	.db #0x05	; 5
   0250 05                  635 	.db #0x05	; 5
   0251 05                  636 	.db #0x05	; 5
   0252 05                  637 	.db #0x05	; 5
   0253 05                  638 	.db #0x05	; 5
   0254 05                  639 	.db #0x05	; 5
   0255 05                  640 	.db #0x05	; 5
   0256 05                  641 	.db #0x05	; 5
   0257 05                  642 	.db #0x05	; 5
   0258 05                  643 	.db #0x05	; 5
   0259 05                  644 	.db #0x05	; 5
   025A 05                  645 	.db #0x05	; 5
   025B 05                  646 	.db #0x05	; 5
   025C 05                  647 	.db #0x05	; 5
   025D 05                  648 	.db #0x05	; 5
   025E 05                  649 	.db #0x05	; 5
   025F 05                  650 	.db #0x05	; 5
   0260 05                  651 	.db #0x05	; 5
   0261 05                  652 	.db #0x05	; 5
   0262 05                  653 	.db #0x05	; 5
   0263 05                  654 	.db #0x05	; 5
   0264 05                  655 	.db #0x05	; 5
   0265 05                  656 	.db #0x05	; 5
   0266 05                  657 	.db #0x05	; 5
   0267 05                  658 	.db #0x05	; 5
   0268 05                  659 	.db #0x05	; 5
   0269 05                  660 	.db #0x05	; 5
   026A 05                  661 	.db #0x05	; 5
   026B 05                  662 	.db #0x05	; 5
   026C 05                  663 	.db #0x05	; 5
   026D 05                  664 	.db #0x05	; 5
   026E 05                  665 	.db #0x05	; 5
   026F 05                  666 	.db #0x05	; 5
   0270 05                  667 	.db #0x05	; 5
   0271 05                  668 	.db #0x05	; 5
   0272 05                  669 	.db #0x05	; 5
   0273 05                  670 	.db #0x05	; 5
   0274 05                  671 	.db #0x05	; 5
   0275 05                  672 	.db #0x05	; 5
   0276 05                  673 	.db #0x05	; 5
   0277 05                  674 	.db #0x05	; 5
   0278 05                  675 	.db #0x05	; 5
   0279 05                  676 	.db #0x05	; 5
   027A 05                  677 	.db #0x05	; 5
   027B 05                  678 	.db #0x05	; 5
   027C 05                  679 	.db #0x05	; 5
   027D 05                  680 	.db #0x05	; 5
   027E 05                  681 	.db #0x05	; 5
   027F 05                  682 	.db #0x05	; 5
   0280 02                  683 	.db #0x02	; 2
   0281 02                  684 	.db #0x02	; 2
   0282 02                  685 	.db #0x02	; 2
   0283 02                  686 	.db #0x02	; 2
   0284 02                  687 	.db #0x02	; 2
   0285 02                  688 	.db #0x02	; 2
   0286 02                  689 	.db #0x02	; 2
   0287 02                  690 	.db #0x02	; 2
   0288 02                  691 	.db #0x02	; 2
   0289 02                  692 	.db #0x02	; 2
   028A 02                  693 	.db #0x02	; 2
   028B 02                  694 	.db #0x02	; 2
   028C 02                  695 	.db #0x02	; 2
   028D 02                  696 	.db #0x02	; 2
   028E 02                  697 	.db #0x02	; 2
   028F 02                  698 	.db #0x02	; 2
   0290 02                  699 	.db #0x02	; 2
   0291 02                  700 	.db #0x02	; 2
   0292 02                  701 	.db #0x02	; 2
   0293 02                  702 	.db #0x02	; 2
   0294 02                  703 	.db #0x02	; 2
   0295 02                  704 	.db #0x02	; 2
   0296 02                  705 	.db #0x02	; 2
   0297 02                  706 	.db #0x02	; 2
   0298 02                  707 	.db #0x02	; 2
   0299 02                  708 	.db #0x02	; 2
   029A 02                  709 	.db #0x02	; 2
   029B 02                  710 	.db #0x02	; 2
   029C 02                  711 	.db #0x02	; 2
   029D 02                  712 	.db #0x02	; 2
   029E 02                  713 	.db #0x02	; 2
   029F 02                  714 	.db #0x02	; 2
   02A0 02                  715 	.db #0x02	; 2
   02A1 02                  716 	.db #0x02	; 2
   02A2 02                  717 	.db #0x02	; 2
   02A3 02                  718 	.db #0x02	; 2
   02A4 02                  719 	.db #0x02	; 2
   02A5 02                  720 	.db #0x02	; 2
   02A6 02                  721 	.db #0x02	; 2
   02A7 02                  722 	.db #0x02	; 2
   02A8 06                  723 	.db #0x06	; 6
   02A9 02                  724 	.db #0x02	; 2
   02AA 02                  725 	.db #0x02	; 2
   02AB 02                  726 	.db #0x02	; 2
   02AC 02                  727 	.db #0x02	; 2
   02AD 02                  728 	.db #0x02	; 2
   02AE 02                  729 	.db #0x02	; 2
   02AF 06                  730 	.db #0x06	; 6
   02B0 02                  731 	.db #0x02	; 2
   02B1 02                  732 	.db #0x02	; 2
   02B2 02                  733 	.db #0x02	; 2
   02B3 02                  734 	.db #0x02	; 2
   02B4 02                  735 	.db #0x02	; 2
   02B5 02                  736 	.db #0x02	; 2
   02B6 02                  737 	.db #0x02	; 2
   02B7 02                  738 	.db #0x02	; 2
   02B8 02                  739 	.db #0x02	; 2
   02B9 02                  740 	.db #0x02	; 2
   02BA 02                  741 	.db #0x02	; 2
   02BB 02                  742 	.db #0x02	; 2
   02BC 02                  743 	.db #0x02	; 2
   02BD 02                  744 	.db #0x02	; 2
   02BE 02                  745 	.db #0x02	; 2
   02BF 02                  746 	.db #0x02	; 2
   02C0 02                  747 	.db #0x02	; 2
   02C1 02                  748 	.db #0x02	; 2
   02C2 02                  749 	.db #0x02	; 2
   02C3 02                  750 	.db #0x02	; 2
   02C4 02                  751 	.db #0x02	; 2
   02C5 02                  752 	.db #0x02	; 2
   02C6 02                  753 	.db #0x02	; 2
   02C7 02                  754 	.db #0x02	; 2
   02C8 02                  755 	.db #0x02	; 2
   02C9 01                  756 	.db #0x01	; 1
   02CA 03                  757 	.db #0x03	; 3
   02CB 02                  758 	.db #0x02	; 2
   02CC 02                  759 	.db #0x02	; 2
   02CD 02                  760 	.db #0x02	; 2
   02CE 02                  761 	.db #0x02	; 2
   02CF 02                  762 	.db #0x02	; 2
   02D0 02                  763 	.db #0x02	; 2
   02D1 02                  764 	.db #0x02	; 2
   02D2 02                  765 	.db #0x02	; 2
   02D3 02                  766 	.db #0x02	; 2
   02D4 02                  767 	.db #0x02	; 2
   02D5 02                  768 	.db #0x02	; 2
   02D6 02                  769 	.db #0x02	; 2
   02D7 02                  770 	.db #0x02	; 2
   02D8 02                  771 	.db #0x02	; 2
   02D9 02                  772 	.db #0x02	; 2
   02DA 02                  773 	.db #0x02	; 2
   02DB 02                  774 	.db #0x02	; 2
   02DC 02                  775 	.db #0x02	; 2
   02DD 02                  776 	.db #0x02	; 2
   02DE 02                  777 	.db #0x02	; 2
   02DF 02                  778 	.db #0x02	; 2
   02E0 02                  779 	.db #0x02	; 2
   02E1 02                  780 	.db #0x02	; 2
   02E2 02                  781 	.db #0x02	; 2
   02E3 02                  782 	.db #0x02	; 2
   02E4 02                  783 	.db #0x02	; 2
   02E5 02                  784 	.db #0x02	; 2
   02E6 02                  785 	.db #0x02	; 2
   02E7 01                  786 	.db #0x01	; 1
   02E8 01                  787 	.db #0x01	; 1
   02E9 03                  788 	.db #0x03	; 3
   02EA 03                  789 	.db #0x03	; 3
   02EB 03                  790 	.db #0x03	; 3
   02EC 01                  791 	.db #0x01	; 1
   02ED 02                  792 	.db #0x02	; 2
   02EE 02                  793 	.db #0x02	; 2
   02EF 02                  794 	.db #0x02	; 2
   02F0 02                  795 	.db #0x02	; 2
   02F1 02                  796 	.db #0x02	; 2
   02F2 02                  797 	.db #0x02	; 2
   02F3 02                  798 	.db #0x02	; 2
   02F4 02                  799 	.db #0x02	; 2
   02F5 02                  800 	.db #0x02	; 2
   02F6 02                  801 	.db #0x02	; 2
   02F7 02                  802 	.db #0x02	; 2
   02F8 02                  803 	.db #0x02	; 2
   02F9 02                  804 	.db #0x02	; 2
   02FA 02                  805 	.db #0x02	; 2
   02FB 02                  806 	.db #0x02	; 2
   02FC 02                  807 	.db #0x02	; 2
   02FD 02                  808 	.db #0x02	; 2
   02FE 02                  809 	.db #0x02	; 2
   02FF 02                  810 	.db #0x02	; 2
   0300 00                  811 	.db #0x00	; 0
   0301 00                  812 	.db #0x00	; 0
   0302 00                  813 	.db #0x00	; 0
   0303 00                  814 	.db #0x00	; 0
   0304 00                  815 	.db #0x00	; 0
   0305 01                  816 	.db #0x01	; 1
   0306 01                  817 	.db #0x01	; 1
   0307 04                  818 	.db #0x04	; 4
   0308 03                  819 	.db #0x03	; 3
   0309 03                  820 	.db #0x03	; 3
   030A 03                  821 	.db #0x03	; 3
   030B 03                  822 	.db #0x03	; 3
   030C 03                  823 	.db #0x03	; 3
   030D 03                  824 	.db #0x03	; 3
   030E 03                  825 	.db #0x03	; 3
   030F 00                  826 	.db #0x00	; 0
   0310 00                  827 	.db #0x00	; 0
   0311 00                  828 	.db #0x00	; 0
   0312 00                  829 	.db #0x00	; 0
   0313 00                  830 	.db #0x00	; 0
   0314 00                  831 	.db #0x00	; 0
   0315 00                  832 	.db #0x00	; 0
   0316 00                  833 	.db #0x00	; 0
   0317 00                  834 	.db #0x00	; 0
   0318 00                  835 	.db #0x00	; 0
   0319 00                  836 	.db #0x00	; 0
   031A 00                  837 	.db #0x00	; 0
   031B 00                  838 	.db #0x00	; 0
   031C 00                  839 	.db #0x00	; 0
   031D 00                  840 	.db #0x00	; 0
   031E 00                  841 	.db #0x00	; 0
   031F 00                  842 	.db #0x00	; 0
   0320 00                  843 	.db #0x00	; 0
   0321 00                  844 	.db #0x00	; 0
   0322 00                  845 	.db #0x00	; 0
   0323 00                  846 	.db #0x00	; 0
   0324 00                  847 	.db #0x00	; 0
   0325 01                  848 	.db #0x01	; 1
   0326 03                  849 	.db #0x03	; 3
   0327 03                  850 	.db #0x03	; 3
   0328 03                  851 	.db #0x03	; 3
   0329 03                  852 	.db #0x03	; 3
   032A 03                  853 	.db #0x03	; 3
   032B 03                  854 	.db #0x03	; 3
   032C 03                  855 	.db #0x03	; 3
   032D 03                  856 	.db #0x03	; 3
   032E 03                  857 	.db #0x03	; 3
   032F 00                  858 	.db #0x00	; 0
   0330 00                  859 	.db #0x00	; 0
   0331 00                  860 	.db #0x00	; 0
   0332 00                  861 	.db #0x00	; 0
   0333 00                  862 	.db #0x00	; 0
   0334 00                  863 	.db #0x00	; 0
   0335 00                  864 	.db #0x00	; 0
   0336 00                  865 	.db #0x00	; 0
   0337 00                  866 	.db #0x00	; 0
   0338 00                  867 	.db #0x00	; 0
   0339 00                  868 	.db #0x00	; 0
   033A 00                  869 	.db #0x00	; 0
   033B 00                  870 	.db #0x00	; 0
   033C 00                  871 	.db #0x00	; 0
   033D 00                  872 	.db #0x00	; 0
   033E 00                  873 	.db #0x00	; 0
   033F 00                  874 	.db #0x00	; 0
   0340 00                  875 	.db #0x00	; 0
   0341 00                  876 	.db #0x00	; 0
   0342 00                  877 	.db #0x00	; 0
   0343 00                  878 	.db #0x00	; 0
   0344 00                  879 	.db #0x00	; 0
   0345 01                  880 	.db #0x01	; 1
   0346 03                  881 	.db #0x03	; 3
   0347 03                  882 	.db #0x03	; 3
   0348 03                  883 	.db #0x03	; 3
   0349 03                  884 	.db #0x03	; 3
   034A 03                  885 	.db #0x03	; 3
   034B 00                  886 	.db #0x00	; 0
   034C 03                  887 	.db #0x03	; 3
   034D 03                  888 	.db #0x03	; 3
   034E 03                  889 	.db #0x03	; 3
   034F 00                  890 	.db #0x00	; 0
   0350 00                  891 	.db #0x00	; 0
   0351 00                  892 	.db #0x00	; 0
   0352 00                  893 	.db #0x00	; 0
   0353 00                  894 	.db #0x00	; 0
   0354 00                  895 	.db #0x00	; 0
   0355 00                  896 	.db #0x00	; 0
   0356 00                  897 	.db #0x00	; 0
   0357 00                  898 	.db #0x00	; 0
   0358 00                  899 	.db #0x00	; 0
   0359 00                  900 	.db #0x00	; 0
   035A 00                  901 	.db #0x00	; 0
   035B 00                  902 	.db #0x00	; 0
   035C 00                  903 	.db #0x00	; 0
   035D 00                  904 	.db #0x00	; 0
   035E 00                  905 	.db #0x00	; 0
   035F 00                  906 	.db #0x00	; 0
   0360 01                  907 	.db #0x01	; 1
   0361 01                  908 	.db #0x01	; 1
   0362 01                  909 	.db #0x01	; 1
   0363 01                  910 	.db #0x01	; 1
   0364 01                  911 	.db #0x01	; 1
   0365 01                  912 	.db #0x01	; 1
   0366 04                  913 	.db #0x04	; 4
   0367 03                  914 	.db #0x03	; 3
   0368 03                  915 	.db #0x03	; 3
   0369 03                  916 	.db #0x03	; 3
   036A 03                  917 	.db #0x03	; 3
   036B 03                  918 	.db #0x03	; 3
   036C 03                  919 	.db #0x03	; 3
   036D 03                  920 	.db #0x03	; 3
   036E 03                  921 	.db #0x03	; 3
   036F 00                  922 	.db #0x00	; 0
   0370 00                  923 	.db #0x00	; 0
   0371 00                  924 	.db #0x00	; 0
   0372 00                  925 	.db #0x00	; 0
   0373 00                  926 	.db #0x00	; 0
   0374 00                  927 	.db #0x00	; 0
   0375 00                  928 	.db #0x00	; 0
   0376 00                  929 	.db #0x00	; 0
   0377 00                  930 	.db #0x00	; 0
   0378 00                  931 	.db #0x00	; 0
   0379 00                  932 	.db #0x00	; 0
   037A 00                  933 	.db #0x00	; 0
   037B 00                  934 	.db #0x00	; 0
   037C 00                  935 	.db #0x00	; 0
   037D 00                  936 	.db #0x00	; 0
   037E 00                  937 	.db #0x00	; 0
   037F 00                  938 	.db #0x00	; 0
   0380 04                  939 	.db #0x04	; 4
   0381 04                  940 	.db #0x04	; 4
   0382 04                  941 	.db #0x04	; 4
   0383 04                  942 	.db #0x04	; 4
   0384 04                  943 	.db #0x04	; 4
   0385 04                  944 	.db #0x04	; 4
   0386 01                  945 	.db #0x01	; 1
   0387 01                  946 	.db #0x01	; 1
   0388 01                  947 	.db #0x01	; 1
   0389 01                  948 	.db #0x01	; 1
   038A 01                  949 	.db #0x01	; 1
   038B 01                  950 	.db #0x01	; 1
   038C 01                  951 	.db #0x01	; 1
   038D 01                  952 	.db #0x01	; 1
   038E 04                  953 	.db #0x04	; 4
   038F 04                  954 	.db #0x04	; 4
   0390 04                  955 	.db #0x04	; 4
   0391 04                  956 	.db #0x04	; 4
   0392 04                  957 	.db #0x04	; 4
   0393 04                  958 	.db #0x04	; 4
   0394 04                  959 	.db #0x04	; 4
   0395 04                  960 	.db #0x04	; 4
   0396 04                  961 	.db #0x04	; 4
   0397 04                  962 	.db #0x04	; 4
   0398 04                  963 	.db #0x04	; 4
   0399 04                  964 	.db #0x04	; 4
   039A 04                  965 	.db #0x04	; 4
   039B 04                  966 	.db #0x04	; 4
   039C 04                  967 	.db #0x04	; 4
   039D 04                  968 	.db #0x04	; 4
   039E 04                  969 	.db #0x04	; 4
   039F 04                  970 	.db #0x04	; 4
   03A0 04                  971 	.db #0x04	; 4
   03A1 04                  972 	.db #0x04	; 4
   03A2 04                  973 	.db #0x04	; 4
   03A3 04                  974 	.db #0x04	; 4
   03A4 04                  975 	.db #0x04	; 4
   03A5 04                  976 	.db #0x04	; 4
   03A6 04                  977 	.db #0x04	; 4
   03A7 01                  978 	.db #0x01	; 1
   03A8 01                  979 	.db #0x01	; 1
   03A9 01                  980 	.db #0x01	; 1
   03AA 03                  981 	.db #0x03	; 3
   03AB 04                  982 	.db #0x04	; 4
   03AC 04                  983 	.db #0x04	; 4
   03AD 03                  984 	.db #0x03	; 3
   03AE 03                  985 	.db #0x03	; 3
   03AF 07                  986 	.db #0x07	; 7
   03B0 04                  987 	.db #0x04	; 4
   03B1 04                  988 	.db #0x04	; 4
   03B2 04                  989 	.db #0x04	; 4
   03B3 04                  990 	.db #0x04	; 4
   03B4 04                  991 	.db #0x04	; 4
   03B5 04                  992 	.db #0x04	; 4
   03B6 04                  993 	.db #0x04	; 4
   03B7 04                  994 	.db #0x04	; 4
   03B8 04                  995 	.db #0x04	; 4
   03B9 04                  996 	.db #0x04	; 4
   03BA 04                  997 	.db #0x04	; 4
   03BB 04                  998 	.db #0x04	; 4
   03BC 04                  999 	.db #0x04	; 4
   03BD 04                 1000 	.db #0x04	; 4
   03BE 04                 1001 	.db #0x04	; 4
   03BF 04                 1002 	.db #0x04	; 4
   03C0 04                 1003 	.db #0x04	; 4
   03C1 04                 1004 	.db #0x04	; 4
   03C2 04                 1005 	.db #0x04	; 4
   03C3 04                 1006 	.db #0x04	; 4
   03C4 04                 1007 	.db #0x04	; 4
   03C5 04                 1008 	.db #0x04	; 4
   03C6 04                 1009 	.db #0x04	; 4
   03C7 04                 1010 	.db #0x04	; 4
   03C8 01                 1011 	.db #0x01	; 1
   03C9 01                 1012 	.db #0x01	; 1
   03CA 03                 1013 	.db #0x03	; 3
   03CB 04                 1014 	.db #0x04	; 4
   03CC 00                 1015 	.db #0x00	; 0
   03CD 04                 1016 	.db #0x04	; 4
   03CE 07                 1017 	.db #0x07	; 7
   03CF 07                 1018 	.db #0x07	; 7
   03D0 04                 1019 	.db #0x04	; 4
   03D1 04                 1020 	.db #0x04	; 4
   03D2 04                 1021 	.db #0x04	; 4
   03D3 04                 1022 	.db #0x04	; 4
   03D4 04                 1023 	.db #0x04	; 4
   03D5 04                 1024 	.db #0x04	; 4
   03D6 04                 1025 	.db #0x04	; 4
   03D7 04                 1026 	.db #0x04	; 4
   03D8 04                 1027 	.db #0x04	; 4
   03D9 04                 1028 	.db #0x04	; 4
   03DA 04                 1029 	.db #0x04	; 4
   03DB 04                 1030 	.db #0x04	; 4
   03DC 04                 1031 	.db #0x04	; 4
   03DD 04                 1032 	.db #0x04	; 4
   03DE 04                 1033 	.db #0x04	; 4
   03DF 04                 1034 	.db #0x04	; 4
   03E0 04                 1035 	.db #0x04	; 4
   03E1 04                 1036 	.db #0x04	; 4
   03E2 04                 1037 	.db #0x04	; 4
   03E3 04                 1038 	.db #0x04	; 4
   03E4 04                 1039 	.db #0x04	; 4
   03E5 04                 1040 	.db #0x04	; 4
   03E6 04                 1041 	.db #0x04	; 4
   03E7 04                 1042 	.db #0x04	; 4
   03E8 04                 1043 	.db #0x04	; 4
   03E9 04                 1044 	.db #0x04	; 4
   03EA 03                 1045 	.db #0x03	; 3
   03EB 04                 1046 	.db #0x04	; 4
   03EC 04                 1047 	.db #0x04	; 4
   03ED 04                 1048 	.db #0x04	; 4
   03EE 04                 1049 	.db #0x04	; 4
   03EF 04                 1050 	.db #0x04	; 4
   03F0 04                 1051 	.db #0x04	; 4
   03F1 04                 1052 	.db #0x04	; 4
   03F2 04                 1053 	.db #0x04	; 4
   03F3 04                 1054 	.db #0x04	; 4
   03F4 04                 1055 	.db #0x04	; 4
   03F5 04                 1056 	.db #0x04	; 4
   03F6 04                 1057 	.db #0x04	; 4
   03F7 04                 1058 	.db #0x04	; 4
   03F8 04                 1059 	.db #0x04	; 4
   03F9 04                 1060 	.db #0x04	; 4
   03FA 04                 1061 	.db #0x04	; 4
   03FB 04                 1062 	.db #0x04	; 4
   03FC 04                 1063 	.db #0x04	; 4
   03FD 04                 1064 	.db #0x04	; 4
   03FE 04                 1065 	.db #0x04	; 4
   03FF 04                 1066 	.db #0x04	; 4
   0400 05                 1067 	.db #0x05	; 5
   0401 05                 1068 	.db #0x05	; 5
   0402 05                 1069 	.db #0x05	; 5
   0403 05                 1070 	.db #0x05	; 5
   0404 05                 1071 	.db #0x05	; 5
   0405 05                 1072 	.db #0x05	; 5
   0406 05                 1073 	.db #0x05	; 5
   0407 05                 1074 	.db #0x05	; 5
   0408 05                 1075 	.db #0x05	; 5
   0409 05                 1076 	.db #0x05	; 5
   040A 05                 1077 	.db #0x05	; 5
   040B 05                 1078 	.db #0x05	; 5
   040C 05                 1079 	.db #0x05	; 5
   040D 05                 1080 	.db #0x05	; 5
   040E 05                 1081 	.db #0x05	; 5
   040F 05                 1082 	.db #0x05	; 5
   0410 05                 1083 	.db #0x05	; 5
   0411 05                 1084 	.db #0x05	; 5
   0412 05                 1085 	.db #0x05	; 5
   0413 05                 1086 	.db #0x05	; 5
   0414 05                 1087 	.db #0x05	; 5
   0415 05                 1088 	.db #0x05	; 5
   0416 05                 1089 	.db #0x05	; 5
   0417 05                 1090 	.db #0x05	; 5
   0418 05                 1091 	.db #0x05	; 5
   0419 05                 1092 	.db #0x05	; 5
   041A 05                 1093 	.db #0x05	; 5
   041B 05                 1094 	.db #0x05	; 5
   041C 05                 1095 	.db #0x05	; 5
   041D 05                 1096 	.db #0x05	; 5
   041E 05                 1097 	.db #0x05	; 5
   041F 05                 1098 	.db #0x05	; 5
   0420 05                 1099 	.db #0x05	; 5
   0421 05                 1100 	.db #0x05	; 5
   0422 05                 1101 	.db #0x05	; 5
   0423 05                 1102 	.db #0x05	; 5
   0424 05                 1103 	.db #0x05	; 5
   0425 05                 1104 	.db #0x05	; 5
   0426 05                 1105 	.db #0x05	; 5
   0427 05                 1106 	.db #0x05	; 5
   0428 05                 1107 	.db #0x05	; 5
   0429 05                 1108 	.db #0x05	; 5
   042A 05                 1109 	.db #0x05	; 5
   042B 05                 1110 	.db #0x05	; 5
   042C 05                 1111 	.db #0x05	; 5
   042D 05                 1112 	.db #0x05	; 5
   042E 05                 1113 	.db #0x05	; 5
   042F 05                 1114 	.db #0x05	; 5
   0430 05                 1115 	.db #0x05	; 5
   0431 05                 1116 	.db #0x05	; 5
   0432 05                 1117 	.db #0x05	; 5
   0433 05                 1118 	.db #0x05	; 5
   0434 05                 1119 	.db #0x05	; 5
   0435 05                 1120 	.db #0x05	; 5
   0436 05                 1121 	.db #0x05	; 5
   0437 05                 1122 	.db #0x05	; 5
   0438 05                 1123 	.db #0x05	; 5
   0439 05                 1124 	.db #0x05	; 5
   043A 05                 1125 	.db #0x05	; 5
   043B 05                 1126 	.db #0x05	; 5
   043C 05                 1127 	.db #0x05	; 5
   043D 05                 1128 	.db #0x05	; 5
   043E 05                 1129 	.db #0x05	; 5
   043F 05                 1130 	.db #0x05	; 5
   0440 05                 1131 	.db #0x05	; 5
   0441 05                 1132 	.db #0x05	; 5
   0442 05                 1133 	.db #0x05	; 5
   0443 05                 1134 	.db #0x05	; 5
   0444 05                 1135 	.db #0x05	; 5
   0445 05                 1136 	.db #0x05	; 5
   0446 05                 1137 	.db #0x05	; 5
   0447 05                 1138 	.db #0x05	; 5
   0448 05                 1139 	.db #0x05	; 5
   0449 05                 1140 	.db #0x05	; 5
   044A 05                 1141 	.db #0x05	; 5
   044B 05                 1142 	.db #0x05	; 5
   044C 05                 1143 	.db #0x05	; 5
   044D 05                 1144 	.db #0x05	; 5
   044E 05                 1145 	.db #0x05	; 5
   044F 05                 1146 	.db #0x05	; 5
   0450 05                 1147 	.db #0x05	; 5
   0451 05                 1148 	.db #0x05	; 5
   0452 05                 1149 	.db #0x05	; 5
   0453 05                 1150 	.db #0x05	; 5
   0454 05                 1151 	.db #0x05	; 5
   0455 05                 1152 	.db #0x05	; 5
   0456 05                 1153 	.db #0x05	; 5
   0457 05                 1154 	.db #0x05	; 5
   0458 05                 1155 	.db #0x05	; 5
   0459 05                 1156 	.db #0x05	; 5
   045A 05                 1157 	.db #0x05	; 5
   045B 05                 1158 	.db #0x05	; 5
   045C 05                 1159 	.db #0x05	; 5
   045D 05                 1160 	.db #0x05	; 5
   045E 05                 1161 	.db #0x05	; 5
   045F 05                 1162 	.db #0x05	; 5
   0460 05                 1163 	.db #0x05	; 5
   0461 05                 1164 	.db #0x05	; 5
   0462 05                 1165 	.db #0x05	; 5
   0463 05                 1166 	.db #0x05	; 5
   0464 05                 1167 	.db #0x05	; 5
   0465 05                 1168 	.db #0x05	; 5
   0466 05                 1169 	.db #0x05	; 5
   0467 05                 1170 	.db #0x05	; 5
   0468 05                 1171 	.db #0x05	; 5
   0469 05                 1172 	.db #0x05	; 5
   046A 05                 1173 	.db #0x05	; 5
   046B 05                 1174 	.db #0x05	; 5
   046C 05                 1175 	.db #0x05	; 5
   046D 05                 1176 	.db #0x05	; 5
   046E 05                 1177 	.db #0x05	; 5
   046F 05                 1178 	.db #0x05	; 5
   0470 05                 1179 	.db #0x05	; 5
   0471 05                 1180 	.db #0x05	; 5
   0472 05                 1181 	.db #0x05	; 5
   0473 05                 1182 	.db #0x05	; 5
   0474 05                 1183 	.db #0x05	; 5
   0475 05                 1184 	.db #0x05	; 5
   0476 05                 1185 	.db #0x05	; 5
   0477 05                 1186 	.db #0x05	; 5
   0478 05                 1187 	.db #0x05	; 5
   0479 05                 1188 	.db #0x05	; 5
   047A 05                 1189 	.db #0x05	; 5
   047B 05                 1190 	.db #0x05	; 5
   047C 05                 1191 	.db #0x05	; 5
   047D 05                 1192 	.db #0x05	; 5
   047E 05                 1193 	.db #0x05	; 5
   047F 05                 1194 	.db #0x05	; 5
                           1195 	.area _CABS (ABS)
