                              1 ;--------------------------------------------------------
                              2 ; File Created by SDCC : free open source ANSI-C Compiler
                              3 ; Version 4.0.0 #11528 (MINGW32)
                              4 ;--------------------------------------------------------
                              5 	.module C__Users_Mills_AppData_Local_Temp_lcc30681
                              6 	.optsdcc -mgbz80
                              7 	
                              8 ;--------------------------------------------------------
                              9 ; Public variables in this module
                             10 ;--------------------------------------------------------
                             11 	.globl _Lisa_Sprites
                             12 	.globl _Lisa_SpritesPAL
                             13 ;--------------------------------------------------------
                             14 ; special function registers
                             15 ;--------------------------------------------------------
                             16 ;--------------------------------------------------------
                             17 ; ram data
                             18 ;--------------------------------------------------------
                             19 	.area _DATA
                             20 ;--------------------------------------------------------
                             21 ; absolute external ram data
                             22 ;--------------------------------------------------------
                             23 	.area _DABS (ABS)
                             24 ;--------------------------------------------------------
                             25 ; global & static initialisations
                             26 ;--------------------------------------------------------
                             27 	.area _HOME
                             28 	.area _GSINIT
                             29 	.area _GSFINAL
                             30 	.area _GSINIT
                             31 ;--------------------------------------------------------
                             32 ; Home
                             33 ;--------------------------------------------------------
                             34 	.area _HOME
                             35 	.area _HOME
                             36 ;--------------------------------------------------------
                             37 ; code
                             38 ;--------------------------------------------------------
                             39 	.area _CODE_8
                             40 	.area _CODE_8
   0000                      41 _Lisa_SpritesPAL:
   0000 09 7E                42 	.dw #0x7e09
   0002 FF 7F                43 	.dw #0x7fff
   0004 FF 7F                44 	.dw #0x7fff
   0006 00 00                45 	.dw #0x0000
   0008 09 7E                46 	.dw #0x7e09
   000A DD 7F                47 	.dw #0x7fdd
   000C 37 7B                48 	.dw #0x7b37
   000E 00 00                49 	.dw #0x0000
   0010 09 7E                50 	.dw #0x7e09
   0012 BF 68                51 	.dw #0x68bf
   0014 14 50                52 	.dw #0x5014
   0016 00 00                53 	.dw #0x0000
   0018 00 00                54 	.dw #0x0000
   001A 00 00                55 	.dw #0x0000
   001C 00 00                56 	.dw #0x0000
   001E 00 00                57 	.dw #0x0000
   0020 00 00                58 	.dw #0x0000
   0022 00 00                59 	.dw #0x0000
   0024 00 00                60 	.dw #0x0000
   0026 00 00                61 	.dw #0x0000
   0028 00 00                62 	.dw #0x0000
   002A 00 00                63 	.dw #0x0000
   002C 00 00                64 	.dw #0x0000
   002E 00 00                65 	.dw #0x0000
   0030 00 00                66 	.dw #0x0000
   0032 00 00                67 	.dw #0x0000
   0034 00 00                68 	.dw #0x0000
   0036 00 00                69 	.dw #0x0000
   0038 00 00                70 	.dw #0x0000
   003A 00 00                71 	.dw #0x0000
   003C 00 00                72 	.dw #0x0000
   003E 00 00                73 	.dw #0x0000
   0040                      74 _Lisa_Sprites:
   0040 00                   75 	.db #0x00	; 0
   0041 00                   76 	.db #0x00	; 0
   0042 3E                   77 	.db #0x3e	; 62
   0043 3E                   78 	.db #0x3e	; 62
   0044 7F                   79 	.db #0x7f	; 127
   0045 41                   80 	.db #0x41	; 65	'A'
   0046 7F                   81 	.db #0x7f	; 127
   0047 41                   82 	.db #0x41	; 65	'A'
   0048 7F                   83 	.db #0x7f	; 127
   0049 41                   84 	.db #0x41	; 65	'A'
   004A 7F                   85 	.db #0x7f	; 127
   004B 43                   86 	.db #0x43	; 67	'C'
   004C 7F                   87 	.db #0x7f	; 127
   004D 43                   88 	.db #0x43	; 67	'C'
   004E 7F                   89 	.db #0x7f	; 127
   004F 43                   90 	.db #0x43	; 67	'C'
   0050 47                   91 	.db #0x47	; 71	'G'
   0051 7F                   92 	.db #0x7f	; 127
   0052 47                   93 	.db #0x47	; 71	'G'
   0053 7F                   94 	.db #0x7f	; 127
   0054 46                   95 	.db #0x46	; 70	'F'
   0055 7F                   96 	.db #0x7f	; 127
   0056 40                   97 	.db #0x40	; 64
   0057 7F                   98 	.db #0x7f	; 127
   0058 40                   99 	.db #0x40	; 64
   0059 7F                  100 	.db #0x7f	; 127
   005A 40                  101 	.db #0x40	; 64
   005B 7F                  102 	.db #0x7f	; 127
   005C 3F                  103 	.db #0x3f	; 63
   005D 3F                  104 	.db #0x3f	; 63
   005E 1F                  105 	.db #0x1f	; 31
   005F 1F                  106 	.db #0x1f	; 31
   0060 00                  107 	.db #0x00	; 0
   0061 00                  108 	.db #0x00	; 0
   0062 00                  109 	.db #0x00	; 0
   0063 00                  110 	.db #0x00	; 0
   0064 00                  111 	.db #0x00	; 0
   0065 00                  112 	.db #0x00	; 0
   0066 80                  113 	.db #0x80	; 128
   0067 80                  114 	.db #0x80	; 128
   0068 80                  115 	.db #0x80	; 128
   0069 80                  116 	.db #0x80	; 128
   006A 80                  117 	.db #0x80	; 128
   006B 80                  118 	.db #0x80	; 128
   006C 00                  119 	.db #0x00	; 0
   006D 00                  120 	.db #0x00	; 0
   006E 00                  121 	.db #0x00	; 0
   006F 00                  122 	.db #0x00	; 0
   0070 38                  123 	.db #0x38	; 56	'8'
   0071 38                  124 	.db #0x38	; 56	'8'
   0072 C4                  125 	.db #0xc4	; 196
   0073 FC                  126 	.db #0xfc	; 252
   0074 06                  127 	.db #0x06	; 6
   0075 FE                  128 	.db #0xfe	; 254
   0076 02                  129 	.db #0x02	; 2
   0077 FE                  130 	.db #0xfe	; 254
   0078 03                  131 	.db #0x03	; 3
   0079 FF                  132 	.db #0xff	; 255
   007A FF                  133 	.db #0xff	; 255
   007B FF                  134 	.db #0xff	; 255
   007C FE                  135 	.db #0xfe	; 254
   007D FE                  136 	.db #0xfe	; 254
   007E 80                  137 	.db #0x80	; 128
   007F 80                  138 	.db #0x80	; 128
   0080 03                  139 	.db #0x03	; 3
   0081 03                  140 	.db #0x03	; 3
   0082 3F                  141 	.db #0x3f	; 63
   0083 3C                  142 	.db #0x3c	; 60
   0084 7F                  143 	.db #0x7f	; 127
   0085 40                  144 	.db #0x40	; 64
   0086 7F                  145 	.db #0x7f	; 127
   0087 40                  146 	.db #0x40	; 64
   0088 7F                  147 	.db #0x7f	; 127
   0089 46                  148 	.db #0x46	; 70	'F'
   008A 3F                  149 	.db #0x3f	; 63
   008B 3E                  150 	.db #0x3e	; 62
   008C 1F                  151 	.db #0x1f	; 31
   008D 1E                  152 	.db #0x1e	; 30
   008E 04                  153 	.db #0x04	; 4
   008F 07                  154 	.db #0x07	; 7
   0090 04                  155 	.db #0x04	; 4
   0091 07                  156 	.db #0x07	; 7
   0092 04                  157 	.db #0x04	; 4
   0093 07                  158 	.db #0x07	; 7
   0094 1C                  159 	.db #0x1c	; 28
   0095 1F                  160 	.db #0x1f	; 31
   0096 20                  161 	.db #0x20	; 32
   0097 3F                  162 	.db #0x3f	; 63
   0098 1C                  163 	.db #0x1c	; 28
   0099 1F                  164 	.db #0x1f	; 31
   009A 0F                  165 	.db #0x0f	; 15
   009B 0F                  166 	.db #0x0f	; 15
   009C 01                  167 	.db #0x01	; 1
   009D 01                  168 	.db #0x01	; 1
   009E 00                  169 	.db #0x00	; 0
   009F 00                  170 	.db #0x00	; 0
   00A0 F0                  171 	.db #0xf0	; 240
   00A1 F0                  172 	.db #0xf0	; 240
   00A2 F8                  173 	.db #0xf8	; 248
   00A3 08                  174 	.db #0x08	; 8
   00A4 FC                  175 	.db #0xfc	; 252
   00A5 0C                  176 	.db #0x0c	; 12
   00A6 FC                  177 	.db #0xfc	; 252
   00A7 7C                  178 	.db #0x7c	; 124
   00A8 F8                  179 	.db #0xf8	; 248
   00A9 78                  180 	.db #0x78	; 120	'x'
   00AA E0                  181 	.db #0xe0	; 224
   00AB 60                  182 	.db #0x60	; 96
   00AC E0                  183 	.db #0xe0	; 224
   00AD 60                  184 	.db #0x60	; 96
   00AE 60                  185 	.db #0x60	; 96
   00AF E0                  186 	.db #0xe0	; 224
   00B0 20                  187 	.db #0x20	; 32
   00B1 E0                  188 	.db #0xe0	; 224
   00B2 30                  189 	.db #0x30	; 48	'0'
   00B3 F0                  190 	.db #0xf0	; 240
   00B4 38                  191 	.db #0x38	; 56	'8'
   00B5 F8                  192 	.db #0xf8	; 248
   00B6 04                  193 	.db #0x04	; 4
   00B7 FC                  194 	.db #0xfc	; 252
   00B8 06                  195 	.db #0x06	; 6
   00B9 FE                  196 	.db #0xfe	; 254
   00BA 86                  197 	.db #0x86	; 134
   00BB FE                  198 	.db #0xfe	; 254
   00BC FE                  199 	.db #0xfe	; 254
   00BD FE                  200 	.db #0xfe	; 254
   00BE 3C                  201 	.db #0x3c	; 60
   00BF 3C                  202 	.db #0x3c	; 60
   00C0 00                  203 	.db #0x00	; 0
   00C1 00                  204 	.db #0x00	; 0
   00C2 00                  205 	.db #0x00	; 0
   00C3 00                  206 	.db #0x00	; 0
   00C4 03                  207 	.db #0x03	; 3
   00C5 03                  208 	.db #0x03	; 3
   00C6 0F                  209 	.db #0x0f	; 15
   00C7 0C                  210 	.db #0x0c	; 12
   00C8 1F                  211 	.db #0x1f	; 31
   00C9 10                  212 	.db #0x10	; 16
   00CA 3F                  213 	.db #0x3f	; 63
   00CB 23                  214 	.db #0x23	; 35
   00CC 3F                  215 	.db #0x3f	; 63
   00CD 21                  216 	.db #0x21	; 33
   00CE 10                  217 	.db #0x10	; 16
   00CF 1F                  218 	.db #0x1f	; 31
   00D0 0F                  219 	.db #0x0f	; 15
   00D1 0F                  220 	.db #0x0f	; 15
   00D2 1F                  221 	.db #0x1f	; 31
   00D3 1F                  222 	.db #0x1f	; 31
   00D4 20                  223 	.db #0x20	; 32
   00D5 3F                  224 	.db #0x3f	; 63
   00D6 20                  225 	.db #0x20	; 32
   00D7 3F                  226 	.db #0x3f	; 63
   00D8 40                  227 	.db #0x40	; 64
   00D9 7F                  228 	.db #0x7f	; 127
   00DA 41                  229 	.db #0x41	; 65	'A'
   00DB 7F                  230 	.db #0x7f	; 127
   00DC 3F                  231 	.db #0x3f	; 63
   00DD 3F                  232 	.db #0x3f	; 63
   00DE 1F                  233 	.db #0x1f	; 31
   00DF 1F                  234 	.db #0x1f	; 31
   00E0 30                  235 	.db #0x30	; 48	'0'
   00E1 30                  236 	.db #0x30	; 48	'0'
   00E2 F8                  237 	.db #0xf8	; 248
   00E3 C8                  238 	.db #0xc8	; 200
   00E4 FC                  239 	.db #0xfc	; 252
   00E5 0C                  240 	.db #0x0c	; 12
   00E6 FC                  241 	.db #0xfc	; 252
   00E7 04                  242 	.db #0x04	; 4
   00E8 FE                  243 	.db #0xfe	; 254
   00E9 06                  244 	.db #0x06	; 6
   00EA FE                  245 	.db #0xfe	; 254
   00EB FE                  246 	.db #0xfe	; 254
   00EC FC                  247 	.db #0xfc	; 252
   00ED FC                  248 	.db #0xfc	; 252
   00EE 18                  249 	.db #0x18	; 24
   00EF F8                  250 	.db #0xf8	; 248
   00F0 84                  251 	.db #0x84	; 132
   00F1 FC                  252 	.db #0xfc	; 252
   00F2 C2                  253 	.db #0xc2	; 194
   00F3 FE                  254 	.db #0xfe	; 254
   00F4 03                  255 	.db #0x03	; 3
   00F5 FF                  256 	.db #0xff	; 255
   00F6 07                  257 	.db #0x07	; 7
   00F7 FF                  258 	.db #0xff	; 255
   00F8 0E                  259 	.db #0x0e	; 14
   00F9 FE                  260 	.db #0xfe	; 254
   00FA FC                  261 	.db #0xfc	; 252
   00FB FC                  262 	.db #0xfc	; 252
   00FC F8                  263 	.db #0xf8	; 248
   00FD F8                  264 	.db #0xf8	; 248
   00FE 00                  265 	.db #0x00	; 0
   00FF 00                  266 	.db #0x00	; 0
   0100 02                  267 	.db #0x02	; 2
   0101 02                  268 	.db #0x02	; 2
   0102 07                  269 	.db #0x07	; 7
   0103 05                  270 	.db #0x05	; 5
   0104 0F                  271 	.db #0x0f	; 15
   0105 08                  272 	.db #0x08	; 8
   0106 0F                  273 	.db #0x0f	; 15
   0107 08                  274 	.db #0x08	; 8
   0108 1F                  275 	.db #0x1f	; 31
   0109 12                  276 	.db #0x12	; 18
   010A 1F                  277 	.db #0x1f	; 31
   010B 13                  278 	.db #0x13	; 19
   010C 3F                  279 	.db #0x3f	; 63
   010D 23                  280 	.db #0x23	; 35
   010E 23                  281 	.db #0x23	; 35
   010F 3F                  282 	.db #0x3f	; 63
   0110 40                  283 	.db #0x40	; 64
   0111 7F                  284 	.db #0x7f	; 127
   0112 40                  285 	.db #0x40	; 64
   0113 7F                  286 	.db #0x7f	; 127
   0114 83                  287 	.db #0x83	; 131
   0115 FF                  288 	.db #0xff	; 255
   0116 83                  289 	.db #0x83	; 131
   0117 FF                  290 	.db #0xff	; 255
   0118 43                  291 	.db #0x43	; 67	'C'
   0119 7F                  292 	.db #0x7f	; 127
   011A 33                  293 	.db #0x33	; 51	'3'
   011B 3F                  294 	.db #0x3f	; 63
   011C 1F                  295 	.db #0x1f	; 31
   011D 1F                  296 	.db #0x1f	; 31
   011E 06                  297 	.db #0x06	; 6
   011F 06                  298 	.db #0x06	; 6
   0120 00                  299 	.db #0x00	; 0
   0121 00                  300 	.db #0x00	; 0
   0122 00                  301 	.db #0x00	; 0
   0123 00                  302 	.db #0x00	; 0
   0124 80                  303 	.db #0x80	; 128
   0125 80                  304 	.db #0x80	; 128
   0126 C0                  305 	.db #0xc0	; 192
   0127 40                  306 	.db #0x40	; 64
   0128 E0                  307 	.db #0xe0	; 224
   0129 20                  308 	.db #0x20	; 32
   012A F0                  309 	.db #0xf0	; 240
   012B 10                  310 	.db #0x10	; 16
   012C F8                  311 	.db #0xf8	; 248
   012D 88                  312 	.db #0x88	; 136
   012E FC                  313 	.db #0xfc	; 252
   012F 04                  314 	.db #0x04	; 4
   0130 02                  315 	.db #0x02	; 2
   0131 FE                  316 	.db #0xfe	; 254
   0132 C3                  317 	.db #0xc3	; 195
   0133 FF                  318 	.db #0xff	; 255
   0134 E3                  319 	.db #0xe3	; 227
   0135 FF                  320 	.db #0xff	; 255
   0136 A7                  321 	.db #0xa7	; 167
   0137 BF                  322 	.db #0xbf	; 191
   0138 16                  323 	.db #0x16	; 22
   0139 1E                  324 	.db #0x1e	; 30
   013A 0E                  325 	.db #0x0e	; 14
   013B 0E                  326 	.db #0x0e	; 14
   013C 04                  327 	.db #0x04	; 4
   013D 04                  328 	.db #0x04	; 4
   013E 00                  329 	.db #0x00	; 0
   013F 00                  330 	.db #0x00	; 0
   0140 18                  331 	.db #0x18	; 24
   0141 18                  332 	.db #0x18	; 24
   0142 7C                  333 	.db #0x7c	; 124
   0143 64                  334 	.db #0x64	; 100	'd'
   0144 FE                  335 	.db #0xfe	; 254
   0145 86                  336 	.db #0x86	; 134
   0146 FE                  337 	.db #0xfe	; 254
   0147 86                  338 	.db #0x86	; 134
   0148 7E                  339 	.db #0x7e	; 126
   0149 46                  340 	.db #0x46	; 70	'F'
   014A 7E                  341 	.db #0x7e	; 126
   014B 42                  342 	.db #0x42	; 66	'B'
   014C 41                  343 	.db #0x41	; 65	'A'
   014D 7F                  344 	.db #0x7f	; 127
   014E 40                  345 	.db #0x40	; 64
   014F 7F                  346 	.db #0x7f	; 127
   0150 44                  347 	.db #0x44	; 68	'D'
   0151 7F                  348 	.db #0x7f	; 127
   0152 86                  349 	.db #0x86	; 134
   0153 FF                  350 	.db #0xff	; 255
   0154 87                  351 	.db #0x87	; 135
   0155 FF                  352 	.db #0xff	; 255
   0156 86                  353 	.db #0x86	; 134
   0157 FE                  354 	.db #0xfe	; 254
   0158 86                  355 	.db #0x86	; 134
   0159 FE                  356 	.db #0xfe	; 254
   015A 66                  357 	.db #0x66	; 102	'f'
   015B 7E                  358 	.db #0x7e	; 126
   015C 3E                  359 	.db #0x3e	; 62
   015D 3E                  360 	.db #0x3e	; 62
   015E 0C                  361 	.db #0x0c	; 12
   015F 0C                  362 	.db #0x0c	; 12
   0160 00                  363 	.db #0x00	; 0
   0161 00                  364 	.db #0x00	; 0
   0162 30                  365 	.db #0x30	; 48	'0'
   0163 30                  366 	.db #0x30	; 48	'0'
   0164 7C                  367 	.db #0x7c	; 124
   0165 4C                  368 	.db #0x4c	; 76	'L'
   0166 7E                  369 	.db #0x7e	; 126
   0167 42                  370 	.db #0x42	; 66	'B'
   0168 7F                  371 	.db #0x7f	; 127
   0169 43                  372 	.db #0x43	; 67	'C'
   016A 7F                  373 	.db #0x7f	; 127
   016B 43                  374 	.db #0x43	; 67	'C'
   016C 47                  375 	.db #0x47	; 71	'G'
   016D 7F                  376 	.db #0x7f	; 127
   016E C6                  377 	.db #0xc6	; 198
   016F FE                  378 	.db #0xfe	; 254
   0170 06                  379 	.db #0x06	; 6
   0171 FE                  380 	.db #0xfe	; 254
   0172 06                  381 	.db #0x06	; 6
   0173 FE                  382 	.db #0xfe	; 254
   0174 0E                  383 	.db #0x0e	; 14
   0175 FE                  384 	.db #0xfe	; 254
   0176 8C                  385 	.db #0x8c	; 140
   0177 FC                  386 	.db #0xfc	; 252
   0178 4C                  387 	.db #0x4c	; 76	'L'
   0179 7C                  388 	.db #0x7c	; 124
   017A 2C                  389 	.db #0x2c	; 44
   017B 3C                  390 	.db #0x3c	; 60
   017C 1C                  391 	.db #0x1c	; 28
   017D 1C                  392 	.db #0x1c	; 28
   017E 08                  393 	.db #0x08	; 8
   017F 08                  394 	.db #0x08	; 8
   0180 1F                  395 	.db #0x1f	; 31
   0181 1F                  396 	.db #0x1f	; 31
   0182 3F                  397 	.db #0x3f	; 63
   0183 20                  398 	.db #0x20	; 32
   0184 3F                  399 	.db #0x3f	; 63
   0185 20                  400 	.db #0x20	; 32
   0186 1F                  401 	.db #0x1f	; 31
   0187 10                  402 	.db #0x10	; 16
   0188 1F                  403 	.db #0x1f	; 31
   0189 11                  404 	.db #0x11	; 17
   018A 1F                  405 	.db #0x1f	; 31
   018B 11                  406 	.db #0x11	; 17
   018C 1F                  407 	.db #0x1f	; 31
   018D 11                  408 	.db #0x11	; 17
   018E 1F                  409 	.db #0x1f	; 31
   018F 10                  410 	.db #0x10	; 16
   0190 10                  411 	.db #0x10	; 16
   0191 1F                  412 	.db #0x1f	; 31
   0192 10                  413 	.db #0x10	; 16
   0193 1F                  414 	.db #0x1f	; 31
   0194 10                  415 	.db #0x10	; 16
   0195 1F                  416 	.db #0x1f	; 31
   0196 30                  417 	.db #0x30	; 48	'0'
   0197 3F                  418 	.db #0x3f	; 63
   0198 40                  419 	.db #0x40	; 64
   0199 7F                  420 	.db #0x7f	; 127
   019A 40                  421 	.db #0x40	; 64
   019B 7F                  422 	.db #0x7f	; 127
   019C 3F                  423 	.db #0x3f	; 63
   019D 3F                  424 	.db #0x3f	; 63
   019E 1F                  425 	.db #0x1f	; 31
   019F 1F                  426 	.db #0x1f	; 31
   01A0 80                  427 	.db #0x80	; 128
   01A1 80                  428 	.db #0x80	; 128
   01A2 FC                  429 	.db #0xfc	; 252
   01A3 7C                  430 	.db #0x7c	; 124
   01A4 FE                  431 	.db #0xfe	; 254
   01A5 02                  432 	.db #0x02	; 2
   01A6 FF                  433 	.db #0xff	; 255
   01A7 03                  434 	.db #0x03	; 3
   01A8 FF                  435 	.db #0xff	; 255
   01A9 FF                  436 	.db #0xff	; 255
   01AA FE                  437 	.db #0xfe	; 254
   01AB 9E                  438 	.db #0x9e	; 158
   01AC F8                  439 	.db #0xf8	; 248
   01AD 18                  440 	.db #0x18	; 24
   01AE F8                  441 	.db #0xf8	; 248
   01AF 08                  442 	.db #0x08	; 8
   01B0 0C                  443 	.db #0x0c	; 12
   01B1 FC                  444 	.db #0xfc	; 252
   01B2 FC                  445 	.db #0xfc	; 252
   01B3 FC                  446 	.db #0xfc	; 252
   01B4 FC                  447 	.db #0xfc	; 252
   01B5 FC                  448 	.db #0xfc	; 252
   01B6 C2                  449 	.db #0xc2	; 194
   01B7 FE                  450 	.db #0xfe	; 254
   01B8 03                  451 	.db #0x03	; 3
   01B9 FF                  452 	.db #0xff	; 255
   01BA 03                  453 	.db #0x03	; 3
   01BB FF                  454 	.db #0xff	; 255
   01BC FF                  455 	.db #0xff	; 255
   01BD FF                  456 	.db #0xff	; 255
   01BE FE                  457 	.db #0xfe	; 254
   01BF FE                  458 	.db #0xfe	; 254
   01C0 1F                  459 	.db #0x1f	; 31
   01C1 1F                  460 	.db #0x1f	; 31
   01C2 3F                  461 	.db #0x3f	; 63
   01C3 20                  462 	.db #0x20	; 32
   01C4 3F                  463 	.db #0x3f	; 63
   01C5 20                  464 	.db #0x20	; 32
   01C6 1F                  465 	.db #0x1f	; 31
   01C7 10                  466 	.db #0x10	; 16
   01C8 1F                  467 	.db #0x1f	; 31
   01C9 11                  468 	.db #0x11	; 17
   01CA 1F                  469 	.db #0x1f	; 31
   01CB 11                  470 	.db #0x11	; 17
   01CC 1F                  471 	.db #0x1f	; 31
   01CD 11                  472 	.db #0x11	; 17
   01CE 1F                  473 	.db #0x1f	; 31
   01CF 10                  474 	.db #0x10	; 16
   01D0 10                  475 	.db #0x10	; 16
   01D1 1F                  476 	.db #0x1f	; 31
   01D2 10                  477 	.db #0x10	; 16
   01D3 1F                  478 	.db #0x1f	; 31
   01D4 10                  479 	.db #0x10	; 16
   01D5 1F                  480 	.db #0x1f	; 31
   01D6 30                  481 	.db #0x30	; 48	'0'
   01D7 3F                  482 	.db #0x3f	; 63
   01D8 40                  483 	.db #0x40	; 64
   01D9 7F                  484 	.db #0x7f	; 127
   01DA 40                  485 	.db #0x40	; 64
   01DB 7F                  486 	.db #0x7f	; 127
   01DC 3F                  487 	.db #0x3f	; 63
   01DD 3F                  488 	.db #0x3f	; 63
   01DE 1F                  489 	.db #0x1f	; 31
   01DF 1F                  490 	.db #0x1f	; 31
   01E0 80                  491 	.db #0x80	; 128
   01E1 80                  492 	.db #0x80	; 128
   01E2 FC                  493 	.db #0xfc	; 252
   01E3 7C                  494 	.db #0x7c	; 124
   01E4 FE                  495 	.db #0xfe	; 254
   01E5 02                  496 	.db #0x02	; 2
   01E6 FF                  497 	.db #0xff	; 255
   01E7 03                  498 	.db #0x03	; 3
   01E8 FF                  499 	.db #0xff	; 255
   01E9 FF                  500 	.db #0xff	; 255
   01EA FE                  501 	.db #0xfe	; 254
   01EB 9E                  502 	.db #0x9e	; 158
   01EC F8                  503 	.db #0xf8	; 248
   01ED 18                  504 	.db #0x18	; 24
   01EE F8                  505 	.db #0xf8	; 248
   01EF 08                  506 	.db #0x08	; 8
   01F0 0C                  507 	.db #0x0c	; 12
   01F1 FC                  508 	.db #0xfc	; 252
   01F2 FC                  509 	.db #0xfc	; 252
   01F3 FC                  510 	.db #0xfc	; 252
   01F4 FC                  511 	.db #0xfc	; 252
   01F5 FC                  512 	.db #0xfc	; 252
   01F6 C2                  513 	.db #0xc2	; 194
   01F7 FE                  514 	.db #0xfe	; 254
   01F8 03                  515 	.db #0x03	; 3
   01F9 FF                  516 	.db #0xff	; 255
   01FA 03                  517 	.db #0x03	; 3
   01FB FF                  518 	.db #0xff	; 255
   01FC FF                  519 	.db #0xff	; 255
   01FD FF                  520 	.db #0xff	; 255
   01FE FE                  521 	.db #0xfe	; 254
   01FF FE                  522 	.db #0xfe	; 254
   0200 00                  523 	.db #0x00	; 0
   0201 00                  524 	.db #0x00	; 0
   0202 3F                  525 	.db #0x3f	; 63
   0203 3F                  526 	.db #0x3f	; 63
   0204 7F                  527 	.db #0x7f	; 127
   0205 40                  528 	.db #0x40	; 64
   0206 7F                  529 	.db #0x7f	; 127
   0207 40                  530 	.db #0x40	; 64
   0208 FF                  531 	.db #0xff	; 255
   0209 80                  532 	.db #0x80	; 128
   020A FF                  533 	.db #0xff	; 255
   020B 80                  534 	.db #0x80	; 128
   020C 7F                  535 	.db #0x7f	; 127
   020D 71                  536 	.db #0x71	; 113	'q'
   020E 3F                  537 	.db #0x3f	; 63
   020F 31                  538 	.db #0x31	; 49	'1'
   0210 11                  539 	.db #0x11	; 17
   0211 1F                  540 	.db #0x1f	; 31
   0212 11                  541 	.db #0x11	; 17
   0213 1F                  542 	.db #0x1f	; 31
   0214 31                  543 	.db #0x31	; 49	'1'
   0215 3F                  544 	.db #0x3f	; 63
   0216 41                  545 	.db #0x41	; 65	'A'
   0217 7F                  546 	.db #0x7f	; 127
   0218 40                  547 	.db #0x40	; 64
   0219 7F                  548 	.db #0x7f	; 127
   021A 40                  549 	.db #0x40	; 64
   021B 7F                  550 	.db #0x7f	; 127
   021C 3F                  551 	.db #0x3f	; 63
   021D 3F                  552 	.db #0x3f	; 63
   021E 1F                  553 	.db #0x1f	; 31
   021F 1F                  554 	.db #0x1f	; 31
   0220 00                  555 	.db #0x00	; 0
   0221 00                  556 	.db #0x00	; 0
   0222 80                  557 	.db #0x80	; 128
   0223 80                  558 	.db #0x80	; 128
   0224 E0                  559 	.db #0xe0	; 224
   0225 60                  560 	.db #0x60	; 96
   0226 F0                  561 	.db #0xf0	; 240
   0227 10                  562 	.db #0x10	; 16
   0228 F8                  563 	.db #0xf8	; 248
   0229 08                  564 	.db #0x08	; 8
   022A FC                  565 	.db #0xfc	; 252
   022B 04                  566 	.db #0x04	; 4
   022C FE                  567 	.db #0xfe	; 254
   022D C2                  568 	.db #0xc2	; 194
   022E FF                  569 	.db #0xff	; 255
   022F E3                  570 	.db #0xe3	; 227
   0230 93                  571 	.db #0x93	; 147
   0231 9F                  572 	.db #0x9f	; 159
   0232 93                  573 	.db #0x93	; 147
   0233 9F                  574 	.db #0x9f	; 159
   0234 93                  575 	.db #0x93	; 147
   0235 9F                  576 	.db #0x9f	; 159
   0236 E3                  577 	.db #0xe3	; 227
   0237 FF                  578 	.db #0xff	; 255
   0238 07                  579 	.db #0x07	; 7
   0239 FF                  580 	.db #0xff	; 255
   023A 0E                  581 	.db #0x0e	; 14
   023B FE                  582 	.db #0xfe	; 254
   023C FC                  583 	.db #0xfc	; 252
   023D FC                  584 	.db #0xfc	; 252
   023E F8                  585 	.db #0xf8	; 248
   023F F8                  586 	.db #0xf8	; 248
   0240 00                  587 	.db #0x00	; 0
   0241 00                  588 	.db #0x00	; 0
   0242 00                  589 	.db #0x00	; 0
   0243 00                  590 	.db #0x00	; 0
   0244 03                  591 	.db #0x03	; 3
   0245 03                  592 	.db #0x03	; 3
   0246 0F                  593 	.db #0x0f	; 15
   0247 0C                  594 	.db #0x0c	; 12
   0248 1F                  595 	.db #0x1f	; 31
   0249 10                  596 	.db #0x10	; 16
   024A 3F                  597 	.db #0x3f	; 63
   024B 23                  598 	.db #0x23	; 35
   024C 3F                  599 	.db #0x3f	; 63
   024D 21                  600 	.db #0x21	; 33
   024E 10                  601 	.db #0x10	; 16
   024F 1F                  602 	.db #0x1f	; 31
   0250 0F                  603 	.db #0x0f	; 15
   0251 0F                  604 	.db #0x0f	; 15
   0252 1F                  605 	.db #0x1f	; 31
   0253 1F                  606 	.db #0x1f	; 31
   0254 20                  607 	.db #0x20	; 32
   0255 3F                  608 	.db #0x3f	; 63
   0256 20                  609 	.db #0x20	; 32
   0257 3F                  610 	.db #0x3f	; 63
   0258 40                  611 	.db #0x40	; 64
   0259 7F                  612 	.db #0x7f	; 127
   025A 41                  613 	.db #0x41	; 65	'A'
   025B 7F                  614 	.db #0x7f	; 127
   025C 3F                  615 	.db #0x3f	; 63
   025D 3F                  616 	.db #0x3f	; 63
   025E 1F                  617 	.db #0x1f	; 31
   025F 1F                  618 	.db #0x1f	; 31
   0260 30                  619 	.db #0x30	; 48	'0'
   0261 30                  620 	.db #0x30	; 48	'0'
   0262 F8                  621 	.db #0xf8	; 248
   0263 C8                  622 	.db #0xc8	; 200
   0264 FC                  623 	.db #0xfc	; 252
   0265 0C                  624 	.db #0x0c	; 12
   0266 FC                  625 	.db #0xfc	; 252
   0267 04                  626 	.db #0x04	; 4
   0268 FE                  627 	.db #0xfe	; 254
   0269 06                  628 	.db #0x06	; 6
   026A FE                  629 	.db #0xfe	; 254
   026B FE                  630 	.db #0xfe	; 254
   026C FC                  631 	.db #0xfc	; 252
   026D FC                  632 	.db #0xfc	; 252
   026E 18                  633 	.db #0x18	; 24
   026F F8                  634 	.db #0xf8	; 248
   0270 84                  635 	.db #0x84	; 132
   0271 FC                  636 	.db #0xfc	; 252
   0272 C2                  637 	.db #0xc2	; 194
   0273 FE                  638 	.db #0xfe	; 254
   0274 03                  639 	.db #0x03	; 3
   0275 FF                  640 	.db #0xff	; 255
   0276 07                  641 	.db #0x07	; 7
   0277 FF                  642 	.db #0xff	; 255
   0278 0E                  643 	.db #0x0e	; 14
   0279 FE                  644 	.db #0xfe	; 254
   027A FC                  645 	.db #0xfc	; 252
   027B FC                  646 	.db #0xfc	; 252
   027C F8                  647 	.db #0xf8	; 248
   027D F8                  648 	.db #0xf8	; 248
   027E 00                  649 	.db #0x00	; 0
   027F 00                  650 	.db #0x00	; 0
   0280 00                  651 	.db #0x00	; 0
   0281 00                  652 	.db #0x00	; 0
   0282 3F                  653 	.db #0x3f	; 63
   0283 3F                  654 	.db #0x3f	; 63
   0284 7F                  655 	.db #0x7f	; 127
   0285 40                  656 	.db #0x40	; 64
   0286 7F                  657 	.db #0x7f	; 127
   0287 40                  658 	.db #0x40	; 64
   0288 FF                  659 	.db #0xff	; 255
   0289 80                  660 	.db #0x80	; 128
   028A FF                  661 	.db #0xff	; 255
   028B 80                  662 	.db #0x80	; 128
   028C 7F                  663 	.db #0x7f	; 127
   028D 71                  664 	.db #0x71	; 113	'q'
   028E 3F                  665 	.db #0x3f	; 63
   028F 31                  666 	.db #0x31	; 49	'1'
   0290 11                  667 	.db #0x11	; 17
   0291 1F                  668 	.db #0x1f	; 31
   0292 11                  669 	.db #0x11	; 17
   0293 1F                  670 	.db #0x1f	; 31
   0294 31                  671 	.db #0x31	; 49	'1'
   0295 3F                  672 	.db #0x3f	; 63
   0296 41                  673 	.db #0x41	; 65	'A'
   0297 7F                  674 	.db #0x7f	; 127
   0298 40                  675 	.db #0x40	; 64
   0299 7F                  676 	.db #0x7f	; 127
   029A 40                  677 	.db #0x40	; 64
   029B 7F                  678 	.db #0x7f	; 127
   029C 3F                  679 	.db #0x3f	; 63
   029D 3F                  680 	.db #0x3f	; 63
   029E 1F                  681 	.db #0x1f	; 31
   029F 1F                  682 	.db #0x1f	; 31
   02A0 00                  683 	.db #0x00	; 0
   02A1 00                  684 	.db #0x00	; 0
   02A2 80                  685 	.db #0x80	; 128
   02A3 80                  686 	.db #0x80	; 128
   02A4 E0                  687 	.db #0xe0	; 224
   02A5 60                  688 	.db #0x60	; 96
   02A6 F0                  689 	.db #0xf0	; 240
   02A7 10                  690 	.db #0x10	; 16
   02A8 F8                  691 	.db #0xf8	; 248
   02A9 08                  692 	.db #0x08	; 8
   02AA FC                  693 	.db #0xfc	; 252
   02AB 04                  694 	.db #0x04	; 4
   02AC FE                  695 	.db #0xfe	; 254
   02AD C2                  696 	.db #0xc2	; 194
   02AE FF                  697 	.db #0xff	; 255
   02AF E3                  698 	.db #0xe3	; 227
   02B0 93                  699 	.db #0x93	; 147
   02B1 9F                  700 	.db #0x9f	; 159
   02B2 93                  701 	.db #0x93	; 147
   02B3 9F                  702 	.db #0x9f	; 159
   02B4 93                  703 	.db #0x93	; 147
   02B5 9F                  704 	.db #0x9f	; 159
   02B6 E3                  705 	.db #0xe3	; 227
   02B7 FF                  706 	.db #0xff	; 255
   02B8 07                  707 	.db #0x07	; 7
   02B9 FF                  708 	.db #0xff	; 255
   02BA 0E                  709 	.db #0x0e	; 14
   02BB FE                  710 	.db #0xfe	; 254
   02BC FC                  711 	.db #0xfc	; 252
   02BD FC                  712 	.db #0xfc	; 252
   02BE F8                  713 	.db #0xf8	; 248
   02BF F8                  714 	.db #0xf8	; 248
   02C0 1F                  715 	.db #0x1f	; 31
   02C1 1F                  716 	.db #0x1f	; 31
   02C2 3F                  717 	.db #0x3f	; 63
   02C3 20                  718 	.db #0x20	; 32
   02C4 3F                  719 	.db #0x3f	; 63
   02C5 20                  720 	.db #0x20	; 32
   02C6 1F                  721 	.db #0x1f	; 31
   02C7 10                  722 	.db #0x10	; 16
   02C8 1F                  723 	.db #0x1f	; 31
   02C9 11                  724 	.db #0x11	; 17
   02CA 1F                  725 	.db #0x1f	; 31
   02CB 11                  726 	.db #0x11	; 17
   02CC 1F                  727 	.db #0x1f	; 31
   02CD 11                  728 	.db #0x11	; 17
   02CE 1F                  729 	.db #0x1f	; 31
   02CF 10                  730 	.db #0x10	; 16
   02D0 10                  731 	.db #0x10	; 16
   02D1 1F                  732 	.db #0x1f	; 31
   02D2 10                  733 	.db #0x10	; 16
   02D3 1F                  734 	.db #0x1f	; 31
   02D4 10                  735 	.db #0x10	; 16
   02D5 1F                  736 	.db #0x1f	; 31
   02D6 30                  737 	.db #0x30	; 48	'0'
   02D7 3F                  738 	.db #0x3f	; 63
   02D8 40                  739 	.db #0x40	; 64
   02D9 7F                  740 	.db #0x7f	; 127
   02DA 40                  741 	.db #0x40	; 64
   02DB 7F                  742 	.db #0x7f	; 127
   02DC 3F                  743 	.db #0x3f	; 63
   02DD 3F                  744 	.db #0x3f	; 63
   02DE 1F                  745 	.db #0x1f	; 31
   02DF 1F                  746 	.db #0x1f	; 31
   02E0 80                  747 	.db #0x80	; 128
   02E1 80                  748 	.db #0x80	; 128
   02E2 FC                  749 	.db #0xfc	; 252
   02E3 7C                  750 	.db #0x7c	; 124
   02E4 FE                  751 	.db #0xfe	; 254
   02E5 02                  752 	.db #0x02	; 2
   02E6 FF                  753 	.db #0xff	; 255
   02E7 03                  754 	.db #0x03	; 3
   02E8 FF                  755 	.db #0xff	; 255
   02E9 FF                  756 	.db #0xff	; 255
   02EA FE                  757 	.db #0xfe	; 254
   02EB 9E                  758 	.db #0x9e	; 158
   02EC F8                  759 	.db #0xf8	; 248
   02ED 18                  760 	.db #0x18	; 24
   02EE F8                  761 	.db #0xf8	; 248
   02EF 08                  762 	.db #0x08	; 8
   02F0 0C                  763 	.db #0x0c	; 12
   02F1 FC                  764 	.db #0xfc	; 252
   02F2 FC                  765 	.db #0xfc	; 252
   02F3 FC                  766 	.db #0xfc	; 252
   02F4 FC                  767 	.db #0xfc	; 252
   02F5 FC                  768 	.db #0xfc	; 252
   02F6 C2                  769 	.db #0xc2	; 194
   02F7 FE                  770 	.db #0xfe	; 254
   02F8 03                  771 	.db #0x03	; 3
   02F9 FF                  772 	.db #0xff	; 255
   02FA 03                  773 	.db #0x03	; 3
   02FB FF                  774 	.db #0xff	; 255
   02FC FF                  775 	.db #0xff	; 255
   02FD FF                  776 	.db #0xff	; 255
   02FE FE                  777 	.db #0xfe	; 254
   02FF FE                  778 	.db #0xfe	; 254
   0300 18                  779 	.db #0x18	; 24
   0301 18                  780 	.db #0x18	; 24
   0302 7C                  781 	.db #0x7c	; 124
   0303 64                  782 	.db #0x64	; 100	'd'
   0304 FE                  783 	.db #0xfe	; 254
   0305 86                  784 	.db #0x86	; 134
   0306 FE                  785 	.db #0xfe	; 254
   0307 86                  786 	.db #0x86	; 134
   0308 7E                  787 	.db #0x7e	; 126
   0309 46                  788 	.db #0x46	; 70	'F'
   030A 7E                  789 	.db #0x7e	; 126
   030B 42                  790 	.db #0x42	; 66	'B'
   030C 41                  791 	.db #0x41	; 65	'A'
   030D 7F                  792 	.db #0x7f	; 127
   030E 40                  793 	.db #0x40	; 64
   030F 7F                  794 	.db #0x7f	; 127
   0310 44                  795 	.db #0x44	; 68	'D'
   0311 7F                  796 	.db #0x7f	; 127
   0312 86                  797 	.db #0x86	; 134
   0313 FF                  798 	.db #0xff	; 255
   0314 87                  799 	.db #0x87	; 135
   0315 FF                  800 	.db #0xff	; 255
   0316 86                  801 	.db #0x86	; 134
   0317 FE                  802 	.db #0xfe	; 254
   0318 86                  803 	.db #0x86	; 134
   0319 FE                  804 	.db #0xfe	; 254
   031A 66                  805 	.db #0x66	; 102	'f'
   031B 7E                  806 	.db #0x7e	; 126
   031C 3E                  807 	.db #0x3e	; 62
   031D 3E                  808 	.db #0x3e	; 62
   031E 0C                  809 	.db #0x0c	; 12
   031F 0C                  810 	.db #0x0c	; 12
   0320 00                  811 	.db #0x00	; 0
   0321 00                  812 	.db #0x00	; 0
   0322 30                  813 	.db #0x30	; 48	'0'
   0323 30                  814 	.db #0x30	; 48	'0'
   0324 7C                  815 	.db #0x7c	; 124
   0325 4C                  816 	.db #0x4c	; 76	'L'
   0326 7E                  817 	.db #0x7e	; 126
   0327 42                  818 	.db #0x42	; 66	'B'
   0328 7F                  819 	.db #0x7f	; 127
   0329 43                  820 	.db #0x43	; 67	'C'
   032A 7F                  821 	.db #0x7f	; 127
   032B 43                  822 	.db #0x43	; 67	'C'
   032C 47                  823 	.db #0x47	; 71	'G'
   032D 7F                  824 	.db #0x7f	; 127
   032E C6                  825 	.db #0xc6	; 198
   032F FE                  826 	.db #0xfe	; 254
   0330 06                  827 	.db #0x06	; 6
   0331 FE                  828 	.db #0xfe	; 254
   0332 06                  829 	.db #0x06	; 6
   0333 FE                  830 	.db #0xfe	; 254
   0334 0E                  831 	.db #0x0e	; 14
   0335 FE                  832 	.db #0xfe	; 254
   0336 8C                  833 	.db #0x8c	; 140
   0337 FC                  834 	.db #0xfc	; 252
   0338 4C                  835 	.db #0x4c	; 76	'L'
   0339 7C                  836 	.db #0x7c	; 124
   033A 2C                  837 	.db #0x2c	; 44
   033B 3C                  838 	.db #0x3c	; 60
   033C 1C                  839 	.db #0x1c	; 28
   033D 1C                  840 	.db #0x1c	; 28
   033E 08                  841 	.db #0x08	; 8
   033F 08                  842 	.db #0x08	; 8
   0340 00                  843 	.db #0x00	; 0
   0341 00                  844 	.db #0x00	; 0
   0342 01                  845 	.db #0x01	; 1
   0343 01                  846 	.db #0x01	; 1
   0344 0F                  847 	.db #0x0f	; 15
   0345 0E                  848 	.db #0x0e	; 14
   0346 7F                  849 	.db #0x7f	; 127
   0347 70                  850 	.db #0x70	; 112	'p'
   0348 FF                  851 	.db #0xff	; 255
   0349 80                  852 	.db #0x80	; 128
   034A 7F                  853 	.db #0x7f	; 127
   034B 7C                  854 	.db #0x7c	; 124
   034C 3F                  855 	.db #0x3f	; 63
   034D 3C                  856 	.db #0x3c	; 60
   034E 08                  857 	.db #0x08	; 8
   034F 0F                  858 	.db #0x0f	; 15
   0350 08                  859 	.db #0x08	; 8
   0351 0F                  860 	.db #0x0f	; 15
   0352 10                  861 	.db #0x10	; 16
   0353 1F                  862 	.db #0x1f	; 31
   0354 10                  863 	.db #0x10	; 16
   0355 1F                  864 	.db #0x1f	; 31
   0356 20                  865 	.db #0x20	; 32
   0357 3F                  866 	.db #0x3f	; 63
   0358 20                  867 	.db #0x20	; 32
   0359 3F                  868 	.db #0x3f	; 63
   035A 1C                  869 	.db #0x1c	; 28
   035B 1F                  870 	.db #0x1f	; 31
   035C 0F                  871 	.db #0x0f	; 15
   035D 0F                  872 	.db #0x0f	; 15
   035E 01                  873 	.db #0x01	; 1
   035F 01                  874 	.db #0x01	; 1
   0360 1C                  875 	.db #0x1c	; 28
   0361 1C                  876 	.db #0x1c	; 28
   0362 FE                  877 	.db #0xfe	; 254
   0363 E2                  878 	.db #0xe2	; 226
   0364 FF                  879 	.db #0xff	; 255
   0365 03                  880 	.db #0x03	; 3
   0366 FF                  881 	.db #0xff	; 255
   0367 07                  882 	.db #0x07	; 7
   0368 FE                  883 	.db #0xfe	; 254
   0369 06                  884 	.db #0x06	; 6
   036A FE                  885 	.db #0xfe	; 254
   036B 06                  886 	.db #0x06	; 6
   036C FE                  887 	.db #0xfe	; 254
   036D 7E                  888 	.db #0x7e	; 126
   036E 7C                  889 	.db #0x7c	; 124
   036F FC                  890 	.db #0xfc	; 252
   0370 60                  891 	.db #0x60	; 96
   0371 E0                  892 	.db #0xe0	; 224
   0372 60                  893 	.db #0x60	; 96
   0373 E0                  894 	.db #0xe0	; 224
   0374 20                  895 	.db #0x20	; 32
   0375 E0                  896 	.db #0xe0	; 224
   0376 30                  897 	.db #0x30	; 48	'0'
   0377 F0                  898 	.db #0xf0	; 240
   0378 30                  899 	.db #0x30	; 48	'0'
   0379 F0                  900 	.db #0xf0	; 240
   037A 30                  901 	.db #0x30	; 48	'0'
   037B F0                  902 	.db #0xf0	; 240
   037C F0                  903 	.db #0xf0	; 240
   037D F0                  904 	.db #0xf0	; 240
   037E E0                  905 	.db #0xe0	; 224
   037F E0                  906 	.db #0xe0	; 224
   0380 02                  907 	.db #0x02	; 2
   0381 02                  908 	.db #0x02	; 2
   0382 07                  909 	.db #0x07	; 7
   0383 05                  910 	.db #0x05	; 5
   0384 0F                  911 	.db #0x0f	; 15
   0385 08                  912 	.db #0x08	; 8
   0386 0F                  913 	.db #0x0f	; 15
   0387 08                  914 	.db #0x08	; 8
   0388 1F                  915 	.db #0x1f	; 31
   0389 12                  916 	.db #0x12	; 18
   038A 1F                  917 	.db #0x1f	; 31
   038B 13                  918 	.db #0x13	; 19
   038C 3F                  919 	.db #0x3f	; 63
   038D 23                  920 	.db #0x23	; 35
   038E 23                  921 	.db #0x23	; 35
   038F 3F                  922 	.db #0x3f	; 63
   0390 40                  923 	.db #0x40	; 64
   0391 7F                  924 	.db #0x7f	; 127
   0392 40                  925 	.db #0x40	; 64
   0393 7F                  926 	.db #0x7f	; 127
   0394 83                  927 	.db #0x83	; 131
   0395 FF                  928 	.db #0xff	; 255
   0396 83                  929 	.db #0x83	; 131
   0397 FF                  930 	.db #0xff	; 255
   0398 43                  931 	.db #0x43	; 67	'C'
   0399 7F                  932 	.db #0x7f	; 127
   039A 33                  933 	.db #0x33	; 51	'3'
   039B 3F                  934 	.db #0x3f	; 63
   039C 1F                  935 	.db #0x1f	; 31
   039D 1F                  936 	.db #0x1f	; 31
   039E 06                  937 	.db #0x06	; 6
   039F 06                  938 	.db #0x06	; 6
   03A0 00                  939 	.db #0x00	; 0
   03A1 00                  940 	.db #0x00	; 0
   03A2 00                  941 	.db #0x00	; 0
   03A3 00                  942 	.db #0x00	; 0
   03A4 80                  943 	.db #0x80	; 128
   03A5 80                  944 	.db #0x80	; 128
   03A6 C0                  945 	.db #0xc0	; 192
   03A7 40                  946 	.db #0x40	; 64
   03A8 E0                  947 	.db #0xe0	; 224
   03A9 20                  948 	.db #0x20	; 32
   03AA F0                  949 	.db #0xf0	; 240
   03AB 10                  950 	.db #0x10	; 16
   03AC F8                  951 	.db #0xf8	; 248
   03AD 88                  952 	.db #0x88	; 136
   03AE FC                  953 	.db #0xfc	; 252
   03AF 04                  954 	.db #0x04	; 4
   03B0 02                  955 	.db #0x02	; 2
   03B1 FE                  956 	.db #0xfe	; 254
   03B2 C3                  957 	.db #0xc3	; 195
   03B3 FF                  958 	.db #0xff	; 255
   03B4 E3                  959 	.db #0xe3	; 227
   03B5 FF                  960 	.db #0xff	; 255
   03B6 A7                  961 	.db #0xa7	; 167
   03B7 BF                  962 	.db #0xbf	; 191
   03B8 16                  963 	.db #0x16	; 22
   03B9 1E                  964 	.db #0x1e	; 30
   03BA 0E                  965 	.db #0x0e	; 14
   03BB 0E                  966 	.db #0x0e	; 14
   03BC 04                  967 	.db #0x04	; 4
   03BD 04                  968 	.db #0x04	; 4
   03BE 00                  969 	.db #0x00	; 0
   03BF 00                  970 	.db #0x00	; 0
   03C0 00                  971 	.db #0x00	; 0
   03C1 00                  972 	.db #0x00	; 0
   03C2 3E                  973 	.db #0x3e	; 62
   03C3 3E                  974 	.db #0x3e	; 62
   03C4 7F                  975 	.db #0x7f	; 127
   03C5 41                  976 	.db #0x41	; 65	'A'
   03C6 7F                  977 	.db #0x7f	; 127
   03C7 41                  978 	.db #0x41	; 65	'A'
   03C8 7F                  979 	.db #0x7f	; 127
   03C9 41                  980 	.db #0x41	; 65	'A'
   03CA 7F                  981 	.db #0x7f	; 127
   03CB 43                  982 	.db #0x43	; 67	'C'
   03CC 7F                  983 	.db #0x7f	; 127
   03CD 43                  984 	.db #0x43	; 67	'C'
   03CE 7F                  985 	.db #0x7f	; 127
   03CF 43                  986 	.db #0x43	; 67	'C'
   03D0 47                  987 	.db #0x47	; 71	'G'
   03D1 7F                  988 	.db #0x7f	; 127
   03D2 47                  989 	.db #0x47	; 71	'G'
   03D3 7F                  990 	.db #0x7f	; 127
   03D4 46                  991 	.db #0x46	; 70	'F'
   03D5 7F                  992 	.db #0x7f	; 127
   03D6 40                  993 	.db #0x40	; 64
   03D7 7F                  994 	.db #0x7f	; 127
   03D8 40                  995 	.db #0x40	; 64
   03D9 7F                  996 	.db #0x7f	; 127
   03DA 40                  997 	.db #0x40	; 64
   03DB 7F                  998 	.db #0x7f	; 127
   03DC 3F                  999 	.db #0x3f	; 63
   03DD 3F                 1000 	.db #0x3f	; 63
   03DE 1F                 1001 	.db #0x1f	; 31
   03DF 1F                 1002 	.db #0x1f	; 31
   03E0 00                 1003 	.db #0x00	; 0
   03E1 00                 1004 	.db #0x00	; 0
   03E2 00                 1005 	.db #0x00	; 0
   03E3 00                 1006 	.db #0x00	; 0
   03E4 00                 1007 	.db #0x00	; 0
   03E5 00                 1008 	.db #0x00	; 0
   03E6 80                 1009 	.db #0x80	; 128
   03E7 80                 1010 	.db #0x80	; 128
   03E8 80                 1011 	.db #0x80	; 128
   03E9 80                 1012 	.db #0x80	; 128
   03EA 80                 1013 	.db #0x80	; 128
   03EB 80                 1014 	.db #0x80	; 128
   03EC 00                 1015 	.db #0x00	; 0
   03ED 00                 1016 	.db #0x00	; 0
   03EE 00                 1017 	.db #0x00	; 0
   03EF 00                 1018 	.db #0x00	; 0
   03F0 38                 1019 	.db #0x38	; 56	'8'
   03F1 38                 1020 	.db #0x38	; 56	'8'
   03F2 C4                 1021 	.db #0xc4	; 196
   03F3 FC                 1022 	.db #0xfc	; 252
   03F4 06                 1023 	.db #0x06	; 6
   03F5 FE                 1024 	.db #0xfe	; 254
   03F6 02                 1025 	.db #0x02	; 2
   03F7 FE                 1026 	.db #0xfe	; 254
   03F8 03                 1027 	.db #0x03	; 3
   03F9 FF                 1028 	.db #0xff	; 255
   03FA FF                 1029 	.db #0xff	; 255
   03FB FF                 1030 	.db #0xff	; 255
   03FC FE                 1031 	.db #0xfe	; 254
   03FD FE                 1032 	.db #0xfe	; 254
   03FE 80                 1033 	.db #0x80	; 128
   03FF 80                 1034 	.db #0x80	; 128
   0400 3F                 1035 	.db #0x3f	; 63
   0401 3F                 1036 	.db #0x3f	; 63
   0402 7F                 1037 	.db #0x7f	; 127
   0403 40                 1038 	.db #0x40	; 64
   0404 7F                 1039 	.db #0x7f	; 127
   0405 40                 1040 	.db #0x40	; 64
   0406 FF                 1041 	.db #0xff	; 255
   0407 80                 1042 	.db #0x80	; 128
   0408 FF                 1043 	.db #0xff	; 255
   0409 80                 1044 	.db #0x80	; 128
   040A 7F                 1045 	.db #0x7f	; 127
   040B 63                 1046 	.db #0x63	; 99	'c'
   040C 23                 1047 	.db #0x23	; 35
   040D 3F                 1048 	.db #0x3f	; 63
   040E 23                 1049 	.db #0x23	; 35
   040F 3F                 1050 	.db #0x3f	; 63
   0410 20                 1051 	.db #0x20	; 32
   0411 3F                 1052 	.db #0x3f	; 63
   0412 40                 1053 	.db #0x40	; 64
   0413 7F                 1054 	.db #0x7f	; 127
   0414 43                 1055 	.db #0x43	; 67	'C'
   0415 7F                 1056 	.db #0x7f	; 127
   0416 43                 1057 	.db #0x43	; 67	'C'
   0417 7F                 1058 	.db #0x7f	; 127
   0418 43                 1059 	.db #0x43	; 67	'C'
   0419 7F                 1060 	.db #0x7f	; 127
   041A 47                 1061 	.db #0x47	; 71	'G'
   041B 7F                 1062 	.db #0x7f	; 127
   041C 3E                 1063 	.db #0x3e	; 62
   041D 3E                 1064 	.db #0x3e	; 62
   041E 1C                 1065 	.db #0x1c	; 28
   041F 1C                 1066 	.db #0x1c	; 28
   0420 80                 1067 	.db #0x80	; 128
   0421 80                 1068 	.db #0x80	; 128
   0422 F0                 1069 	.db #0xf0	; 240
   0423 70                 1070 	.db #0x70	; 112	'p'
   0424 F8                 1071 	.db #0xf8	; 248
   0425 08                 1072 	.db #0x08	; 8
   0426 FC                 1073 	.db #0xfc	; 252
   0427 04                 1074 	.db #0x04	; 4
   0428 FE                 1075 	.db #0xfe	; 254
   0429 02                 1076 	.db #0x02	; 2
   042A FF                 1077 	.db #0xff	; 255
   042B C3                 1078 	.db #0xc3	; 195
   042C E3                 1079 	.db #0xe3	; 227
   042D FF                 1080 	.db #0xff	; 255
   042E C7                 1081 	.db #0xc7	; 199
   042F FF                 1082 	.db #0xff	; 255
   0430 0E                 1083 	.db #0x0e	; 14
   0431 FE                 1084 	.db #0xfe	; 254
   0432 3C                 1085 	.db #0x3c	; 60
   0433 FC                 1086 	.db #0xfc	; 252
   0434 F8                 1087 	.db #0xf8	; 248
   0435 F8                 1088 	.db #0xf8	; 248
   0436 E0                 1089 	.db #0xe0	; 224
   0437 E0                 1090 	.db #0xe0	; 224
   0438 00                 1091 	.db #0x00	; 0
   0439 00                 1092 	.db #0x00	; 0
   043A 00                 1093 	.db #0x00	; 0
   043B 00                 1094 	.db #0x00	; 0
   043C 00                 1095 	.db #0x00	; 0
   043D 00                 1096 	.db #0x00	; 0
   043E 00                 1097 	.db #0x00	; 0
   043F 00                 1098 	.db #0x00	; 0
   0440 00                 1099 	.db #0x00	; 0
   0441 00                 1100 	.db #0x00	; 0
   0442 3E                 1101 	.db #0x3e	; 62
   0443 3E                 1102 	.db #0x3e	; 62
   0444 7F                 1103 	.db #0x7f	; 127
   0445 41                 1104 	.db #0x41	; 65	'A'
   0446 7F                 1105 	.db #0x7f	; 127
   0447 41                 1106 	.db #0x41	; 65	'A'
   0448 7F                 1107 	.db #0x7f	; 127
   0449 41                 1108 	.db #0x41	; 65	'A'
   044A 7F                 1109 	.db #0x7f	; 127
   044B 43                 1110 	.db #0x43	; 67	'C'
   044C 7F                 1111 	.db #0x7f	; 127
   044D 43                 1112 	.db #0x43	; 67	'C'
   044E 7F                 1113 	.db #0x7f	; 127
   044F 43                 1114 	.db #0x43	; 67	'C'
   0450 47                 1115 	.db #0x47	; 71	'G'
   0451 7F                 1116 	.db #0x7f	; 127
   0452 47                 1117 	.db #0x47	; 71	'G'
   0453 7F                 1118 	.db #0x7f	; 127
   0454 46                 1119 	.db #0x46	; 70	'F'
   0455 7F                 1120 	.db #0x7f	; 127
   0456 40                 1121 	.db #0x40	; 64
   0457 7F                 1122 	.db #0x7f	; 127
   0458 40                 1123 	.db #0x40	; 64
   0459 7F                 1124 	.db #0x7f	; 127
   045A 40                 1125 	.db #0x40	; 64
   045B 7F                 1126 	.db #0x7f	; 127
   045C 3F                 1127 	.db #0x3f	; 63
   045D 3F                 1128 	.db #0x3f	; 63
   045E 1F                 1129 	.db #0x1f	; 31
   045F 1F                 1130 	.db #0x1f	; 31
   0460 00                 1131 	.db #0x00	; 0
   0461 00                 1132 	.db #0x00	; 0
   0462 00                 1133 	.db #0x00	; 0
   0463 00                 1134 	.db #0x00	; 0
   0464 00                 1135 	.db #0x00	; 0
   0465 00                 1136 	.db #0x00	; 0
   0466 80                 1137 	.db #0x80	; 128
   0467 80                 1138 	.db #0x80	; 128
   0468 80                 1139 	.db #0x80	; 128
   0469 80                 1140 	.db #0x80	; 128
   046A 80                 1141 	.db #0x80	; 128
   046B 80                 1142 	.db #0x80	; 128
   046C 00                 1143 	.db #0x00	; 0
   046D 00                 1144 	.db #0x00	; 0
   046E 00                 1145 	.db #0x00	; 0
   046F 00                 1146 	.db #0x00	; 0
   0470 38                 1147 	.db #0x38	; 56	'8'
   0471 38                 1148 	.db #0x38	; 56	'8'
   0472 C4                 1149 	.db #0xc4	; 196
   0473 FC                 1150 	.db #0xfc	; 252
   0474 06                 1151 	.db #0x06	; 6
   0475 FE                 1152 	.db #0xfe	; 254
   0476 02                 1153 	.db #0x02	; 2
   0477 FE                 1154 	.db #0xfe	; 254
   0478 03                 1155 	.db #0x03	; 3
   0479 FF                 1156 	.db #0xff	; 255
   047A FF                 1157 	.db #0xff	; 255
   047B FF                 1158 	.db #0xff	; 255
   047C FE                 1159 	.db #0xfe	; 254
   047D FE                 1160 	.db #0xfe	; 254
   047E 80                 1161 	.db #0x80	; 128
   047F 80                 1162 	.db #0x80	; 128
   0480 02                 1163 	.db #0x02	; 2
   0481 02                 1164 	.db #0x02	; 2
   0482 07                 1165 	.db #0x07	; 7
   0483 05                 1166 	.db #0x05	; 5
   0484 0F                 1167 	.db #0x0f	; 15
   0485 08                 1168 	.db #0x08	; 8
   0486 0F                 1169 	.db #0x0f	; 15
   0487 08                 1170 	.db #0x08	; 8
   0488 1F                 1171 	.db #0x1f	; 31
   0489 12                 1172 	.db #0x12	; 18
   048A 1F                 1173 	.db #0x1f	; 31
   048B 13                 1174 	.db #0x13	; 19
   048C 3F                 1175 	.db #0x3f	; 63
   048D 23                 1176 	.db #0x23	; 35
   048E 23                 1177 	.db #0x23	; 35
   048F 3F                 1178 	.db #0x3f	; 63
   0490 40                 1179 	.db #0x40	; 64
   0491 7F                 1180 	.db #0x7f	; 127
   0492 40                 1181 	.db #0x40	; 64
   0493 7F                 1182 	.db #0x7f	; 127
   0494 83                 1183 	.db #0x83	; 131
   0495 FF                 1184 	.db #0xff	; 255
   0496 83                 1185 	.db #0x83	; 131
   0497 FF                 1186 	.db #0xff	; 255
   0498 43                 1187 	.db #0x43	; 67	'C'
   0499 7F                 1188 	.db #0x7f	; 127
   049A 33                 1189 	.db #0x33	; 51	'3'
   049B 3F                 1190 	.db #0x3f	; 63
   049C 1F                 1191 	.db #0x1f	; 31
   049D 1F                 1192 	.db #0x1f	; 31
   049E 06                 1193 	.db #0x06	; 6
   049F 06                 1194 	.db #0x06	; 6
   04A0 00                 1195 	.db #0x00	; 0
   04A1 00                 1196 	.db #0x00	; 0
   04A2 00                 1197 	.db #0x00	; 0
   04A3 00                 1198 	.db #0x00	; 0
   04A4 80                 1199 	.db #0x80	; 128
   04A5 80                 1200 	.db #0x80	; 128
   04A6 C0                 1201 	.db #0xc0	; 192
   04A7 40                 1202 	.db #0x40	; 64
   04A8 E0                 1203 	.db #0xe0	; 224
   04A9 20                 1204 	.db #0x20	; 32
   04AA F0                 1205 	.db #0xf0	; 240
   04AB 10                 1206 	.db #0x10	; 16
   04AC F8                 1207 	.db #0xf8	; 248
   04AD 88                 1208 	.db #0x88	; 136
   04AE FC                 1209 	.db #0xfc	; 252
   04AF 04                 1210 	.db #0x04	; 4
   04B0 02                 1211 	.db #0x02	; 2
   04B1 FE                 1212 	.db #0xfe	; 254
   04B2 C3                 1213 	.db #0xc3	; 195
   04B3 FF                 1214 	.db #0xff	; 255
   04B4 E3                 1215 	.db #0xe3	; 227
   04B5 FF                 1216 	.db #0xff	; 255
   04B6 A7                 1217 	.db #0xa7	; 167
   04B7 BF                 1218 	.db #0xbf	; 191
   04B8 16                 1219 	.db #0x16	; 22
   04B9 1E                 1220 	.db #0x1e	; 30
   04BA 0E                 1221 	.db #0x0e	; 14
   04BB 0E                 1222 	.db #0x0e	; 14
   04BC 04                 1223 	.db #0x04	; 4
   04BD 04                 1224 	.db #0x04	; 4
   04BE 00                 1225 	.db #0x00	; 0
   04BF 00                 1226 	.db #0x00	; 0
   04C0 18                 1227 	.db #0x18	; 24
   04C1 18                 1228 	.db #0x18	; 24
   04C2 7C                 1229 	.db #0x7c	; 124
   04C3 64                 1230 	.db #0x64	; 100	'd'
   04C4 FE                 1231 	.db #0xfe	; 254
   04C5 86                 1232 	.db #0x86	; 134
   04C6 FE                 1233 	.db #0xfe	; 254
   04C7 86                 1234 	.db #0x86	; 134
   04C8 7E                 1235 	.db #0x7e	; 126
   04C9 46                 1236 	.db #0x46	; 70	'F'
   04CA 7E                 1237 	.db #0x7e	; 126
   04CB 42                 1238 	.db #0x42	; 66	'B'
   04CC 41                 1239 	.db #0x41	; 65	'A'
   04CD 7F                 1240 	.db #0x7f	; 127
   04CE 40                 1241 	.db #0x40	; 64
   04CF 7F                 1242 	.db #0x7f	; 127
   04D0 44                 1243 	.db #0x44	; 68	'D'
   04D1 7F                 1244 	.db #0x7f	; 127
   04D2 86                 1245 	.db #0x86	; 134
   04D3 FF                 1246 	.db #0xff	; 255
   04D4 87                 1247 	.db #0x87	; 135
   04D5 FF                 1248 	.db #0xff	; 255
   04D6 86                 1249 	.db #0x86	; 134
   04D7 FE                 1250 	.db #0xfe	; 254
   04D8 86                 1251 	.db #0x86	; 134
   04D9 FE                 1252 	.db #0xfe	; 254
   04DA 66                 1253 	.db #0x66	; 102	'f'
   04DB 7E                 1254 	.db #0x7e	; 126
   04DC 3E                 1255 	.db #0x3e	; 62
   04DD 3E                 1256 	.db #0x3e	; 62
   04DE 0C                 1257 	.db #0x0c	; 12
   04DF 0C                 1258 	.db #0x0c	; 12
   04E0 00                 1259 	.db #0x00	; 0
   04E1 00                 1260 	.db #0x00	; 0
   04E2 30                 1261 	.db #0x30	; 48	'0'
   04E3 30                 1262 	.db #0x30	; 48	'0'
   04E4 7C                 1263 	.db #0x7c	; 124
   04E5 4C                 1264 	.db #0x4c	; 76	'L'
   04E6 7E                 1265 	.db #0x7e	; 126
   04E7 42                 1266 	.db #0x42	; 66	'B'
   04E8 7F                 1267 	.db #0x7f	; 127
   04E9 43                 1268 	.db #0x43	; 67	'C'
   04EA 7F                 1269 	.db #0x7f	; 127
   04EB 43                 1270 	.db #0x43	; 67	'C'
   04EC 47                 1271 	.db #0x47	; 71	'G'
   04ED 7F                 1272 	.db #0x7f	; 127
   04EE C6                 1273 	.db #0xc6	; 198
   04EF FE                 1274 	.db #0xfe	; 254
   04F0 06                 1275 	.db #0x06	; 6
   04F1 FE                 1276 	.db #0xfe	; 254
   04F2 06                 1277 	.db #0x06	; 6
   04F3 FE                 1278 	.db #0xfe	; 254
   04F4 0E                 1279 	.db #0x0e	; 14
   04F5 FE                 1280 	.db #0xfe	; 254
   04F6 8C                 1281 	.db #0x8c	; 140
   04F7 FC                 1282 	.db #0xfc	; 252
   04F8 4C                 1283 	.db #0x4c	; 76	'L'
   04F9 7C                 1284 	.db #0x7c	; 124
   04FA 2C                 1285 	.db #0x2c	; 44
   04FB 3C                 1286 	.db #0x3c	; 60
   04FC 1C                 1287 	.db #0x1c	; 28
   04FD 1C                 1288 	.db #0x1c	; 28
   04FE 08                 1289 	.db #0x08	; 8
   04FF 08                 1290 	.db #0x08	; 8
   0500 00                 1291 	.db #0x00	; 0
   0501 00                 1292 	.db #0x00	; 0
   0502 00                 1293 	.db #0x00	; 0
   0503 00                 1294 	.db #0x00	; 0
   0504 00                 1295 	.db #0x00	; 0
   0505 00                 1296 	.db #0x00	; 0
   0506 00                 1297 	.db #0x00	; 0
   0507 00                 1298 	.db #0x00	; 0
   0508 00                 1299 	.db #0x00	; 0
   0509 00                 1300 	.db #0x00	; 0
   050A 00                 1301 	.db #0x00	; 0
   050B 00                 1302 	.db #0x00	; 0
   050C 00                 1303 	.db #0x00	; 0
   050D 00                 1304 	.db #0x00	; 0
   050E 00                 1305 	.db #0x00	; 0
   050F 00                 1306 	.db #0x00	; 0
   0510 00                 1307 	.db #0x00	; 0
   0511 00                 1308 	.db #0x00	; 0
   0512 00                 1309 	.db #0x00	; 0
   0513 00                 1310 	.db #0x00	; 0
   0514 00                 1311 	.db #0x00	; 0
   0515 00                 1312 	.db #0x00	; 0
   0516 00                 1313 	.db #0x00	; 0
   0517 00                 1314 	.db #0x00	; 0
   0518 00                 1315 	.db #0x00	; 0
   0519 00                 1316 	.db #0x00	; 0
   051A 00                 1317 	.db #0x00	; 0
   051B 00                 1318 	.db #0x00	; 0
   051C 00                 1319 	.db #0x00	; 0
   051D 00                 1320 	.db #0x00	; 0
   051E 00                 1321 	.db #0x00	; 0
   051F 00                 1322 	.db #0x00	; 0
   0520 00                 1323 	.db #0x00	; 0
   0521 00                 1324 	.db #0x00	; 0
   0522 00                 1325 	.db #0x00	; 0
   0523 00                 1326 	.db #0x00	; 0
   0524 00                 1327 	.db #0x00	; 0
   0525 00                 1328 	.db #0x00	; 0
   0526 00                 1329 	.db #0x00	; 0
   0527 00                 1330 	.db #0x00	; 0
   0528 00                 1331 	.db #0x00	; 0
   0529 00                 1332 	.db #0x00	; 0
   052A 00                 1333 	.db #0x00	; 0
   052B 00                 1334 	.db #0x00	; 0
   052C 00                 1335 	.db #0x00	; 0
   052D 00                 1336 	.db #0x00	; 0
   052E 00                 1337 	.db #0x00	; 0
   052F 00                 1338 	.db #0x00	; 0
   0530 00                 1339 	.db #0x00	; 0
   0531 00                 1340 	.db #0x00	; 0
   0532 00                 1341 	.db #0x00	; 0
   0533 00                 1342 	.db #0x00	; 0
   0534 00                 1343 	.db #0x00	; 0
   0535 00                 1344 	.db #0x00	; 0
   0536 00                 1345 	.db #0x00	; 0
   0537 00                 1346 	.db #0x00	; 0
   0538 00                 1347 	.db #0x00	; 0
   0539 00                 1348 	.db #0x00	; 0
   053A 00                 1349 	.db #0x00	; 0
   053B 00                 1350 	.db #0x00	; 0
   053C 00                 1351 	.db #0x00	; 0
   053D 00                 1352 	.db #0x00	; 0
   053E 00                 1353 	.db #0x00	; 0
   053F 00                 1354 	.db #0x00	; 0
   0540 FF                 1355 	.db #0xff	; 255
   0541 FF                 1356 	.db #0xff	; 255
   0542 FF                 1357 	.db #0xff	; 255
   0543 FF                 1358 	.db #0xff	; 255
   0544 FF                 1359 	.db #0xff	; 255
   0545 FF                 1360 	.db #0xff	; 255
   0546 FF                 1361 	.db #0xff	; 255
   0547 FF                 1362 	.db #0xff	; 255
   0548 FF                 1363 	.db #0xff	; 255
   0549 FF                 1364 	.db #0xff	; 255
   054A FF                 1365 	.db #0xff	; 255
   054B FF                 1366 	.db #0xff	; 255
   054C FF                 1367 	.db #0xff	; 255
   054D FF                 1368 	.db #0xff	; 255
   054E FF                 1369 	.db #0xff	; 255
   054F FF                 1370 	.db #0xff	; 255
   0550 FF                 1371 	.db #0xff	; 255
   0551 FF                 1372 	.db #0xff	; 255
   0552 FF                 1373 	.db #0xff	; 255
   0553 FF                 1374 	.db #0xff	; 255
   0554 FF                 1375 	.db #0xff	; 255
   0555 FF                 1376 	.db #0xff	; 255
   0556 FF                 1377 	.db #0xff	; 255
   0557 FF                 1378 	.db #0xff	; 255
   0558 FF                 1379 	.db #0xff	; 255
   0559 FF                 1380 	.db #0xff	; 255
   055A FF                 1381 	.db #0xff	; 255
   055B FF                 1382 	.db #0xff	; 255
   055C FF                 1383 	.db #0xff	; 255
   055D FF                 1384 	.db #0xff	; 255
   055E FF                 1385 	.db #0xff	; 255
   055F FF                 1386 	.db #0xff	; 255
                           1387 	.area _CABS (ABS)
