                              1 ;--------------------------------------------------------
                              2 ; File Created by SDCC : free open source ANSI-C Compiler
                              3 ; Version 4.0.0 #11528 (MINGW32)
                              4 ;--------------------------------------------------------
                              5 	.module C__Users_Mills_AppData_Local_Temp_lcc90561
                              6 	.optsdcc -mgbz80
                              7 	
                              8 ;--------------------------------------------------------
                              9 ; Public variables in this module
                             10 ;--------------------------------------------------------
                             11 	.globl _Parallax_Sprites
                             12 	.globl _Parallax_SpritesPAL
                             13 ;--------------------------------------------------------
                             14 ; special function registers
                             15 ;--------------------------------------------------------
                             16 ;--------------------------------------------------------
                             17 ; ram data
                             18 ;--------------------------------------------------------
                             19 	.area _DATA
                             20 ;--------------------------------------------------------
                             21 ; absolute external ram data
                             22 ;--------------------------------------------------------
                             23 	.area _DABS (ABS)
                             24 ;--------------------------------------------------------
                             25 ; global & static initialisations
                             26 ;--------------------------------------------------------
                             27 	.area _HOME
                             28 	.area _GSINIT
                             29 	.area _GSFINAL
                             30 	.area _GSINIT
                             31 ;--------------------------------------------------------
                             32 ; Home
                             33 ;--------------------------------------------------------
                             34 	.area _HOME
                             35 	.area _HOME
                             36 ;--------------------------------------------------------
                             37 ; code
                             38 ;--------------------------------------------------------
                             39 	.area _CODE_11
                             40 	.area _CODE_11
   0000                      41 _Parallax_SpritesPAL:
   0000 20 53                42 	.dw #0x5320
   0002 FF 7F                43 	.dw #0x7fff
   0004 BA 00                44 	.dw #0x00ba
   0006 00 00                45 	.dw #0x0000
   0008 20 53                46 	.dw #0x5320
   000A FF 7F                47 	.dw #0x7fff
   000C 40 73                48 	.dw #0x7340
   000E 00 00                49 	.dw #0x0000
   0010 20 53                50 	.dw #0x5320
   0012 94 52                51 	.dw #0x5294
   0014 BA 00                52 	.dw #0x00ba
   0016 00 00                53 	.dw #0x0000
   0018 20 53                54 	.dw #0x5320
   001A 94 52                55 	.dw #0x5294
   001C D1 6F                56 	.dw #0x6fd1
   001E 00 00                57 	.dw #0x0000
   0020 20 53                58 	.dw #0x5320
   0022 E8 5F                59 	.dw #0x5fe8
   0024 85 7E                60 	.dw #0x7e85
   0026 00 00                61 	.dw #0x0000
   0028 20 53                62 	.dw #0x5320
   002A 7E 47                63 	.dw #0x477e
   002C 9D 02                64 	.dw #0x029d
   002E 00 00                65 	.dw #0x0000
   0030 20 53                66 	.dw #0x5320
   0032 85 7E                67 	.dw #0x7e85
   0034 80 2E                68 	.dw #0x2e80
   0036 00 00                69 	.dw #0x0000
   0038 20 53                70 	.dw #0x5320
   003A E8 5F                71 	.dw #0x5fe8
   003C D6 5A                72 	.dw #0x5ad6
   003E 00 00                73 	.dw #0x0000
   0040                      74 _Parallax_Sprites:
   0040 00                   75 	.db #0x00	; 0
   0041 00                   76 	.db #0x00	; 0
   0042 00                   77 	.db #0x00	; 0
   0043 00                   78 	.db #0x00	; 0
   0044 03                   79 	.db #0x03	; 3
   0045 03                   80 	.db #0x03	; 3
   0046 3F                   81 	.db #0x3f	; 63
   0047 3C                   82 	.db #0x3c	; 60
   0048 3F                   83 	.db #0x3f	; 63
   0049 20                   84 	.db #0x20	; 32
   004A 1F                   85 	.db #0x1f	; 31
   004B 10                   86 	.db #0x10	; 16
   004C 0F                   87 	.db #0x0f	; 15
   004D 0C                   88 	.db #0x0c	; 12
   004E 03                   89 	.db #0x03	; 3
   004F 02                   90 	.db #0x02	; 2
   0050 01                   91 	.db #0x01	; 1
   0051 01                   92 	.db #0x01	; 1
   0052 00                   93 	.db #0x00	; 0
   0053 00                   94 	.db #0x00	; 0
   0054 00                   95 	.db #0x00	; 0
   0055 00                   96 	.db #0x00	; 0
   0056 00                   97 	.db #0x00	; 0
   0057 00                   98 	.db #0x00	; 0
   0058 00                   99 	.db #0x00	; 0
   0059 00                  100 	.db #0x00	; 0
   005A 00                  101 	.db #0x00	; 0
   005B 00                  102 	.db #0x00	; 0
   005C 00                  103 	.db #0x00	; 0
   005D 00                  104 	.db #0x00	; 0
   005E 00                  105 	.db #0x00	; 0
   005F 00                  106 	.db #0x00	; 0
   0060 01                  107 	.db #0x01	; 1
   0061 01                  108 	.db #0x01	; 1
   0062 7E                  109 	.db #0x7e	; 126
   0063 7F                  110 	.db #0x7f	; 127
   0064 80                  111 	.db #0x80	; 128
   0065 FF                  112 	.db #0xff	; 255
   0066 C0                  113 	.db #0xc0	; 192
   0067 FF                  114 	.db #0xff	; 255
   0068 E0                  115 	.db #0xe0	; 224
   0069 3F                  116 	.db #0x3f	; 63
   006A F0                  117 	.db #0xf0	; 240
   006B 1F                  118 	.db #0x1f	; 31
   006C FC                  119 	.db #0xfc	; 252
   006D 0F                  120 	.db #0x0f	; 15
   006E FE                  121 	.db #0xfe	; 254
   006F 03                  122 	.db #0x03	; 3
   0070 FF                  123 	.db #0xff	; 255
   0071 81                  124 	.db #0x81	; 129
   0072 7F                  125 	.db #0x7f	; 127
   0073 40                  126 	.db #0x40	; 64
   0074 3F                  127 	.db #0x3f	; 63
   0075 20                  128 	.db #0x20	; 32
   0076 1F                  129 	.db #0x1f	; 31
   0077 18                  130 	.db #0x18	; 24
   0078 07                  131 	.db #0x07	; 7
   0079 04                  132 	.db #0x04	; 4
   007A 03                  133 	.db #0x03	; 3
   007B 02                  134 	.db #0x02	; 2
   007C 01                  135 	.db #0x01	; 1
   007D 01                  136 	.db #0x01	; 1
   007E 00                  137 	.db #0x00	; 0
   007F 00                  138 	.db #0x00	; 0
   0080 FF                  139 	.db #0xff	; 255
   0081 FF                  140 	.db #0xff	; 255
   0082 00                  141 	.db #0x00	; 0
   0083 FF                  142 	.db #0xff	; 255
   0084 00                  143 	.db #0x00	; 0
   0085 FF                  144 	.db #0xff	; 255
   0086 00                  145 	.db #0x00	; 0
   0087 FF                  146 	.db #0xff	; 255
   0088 00                  147 	.db #0x00	; 0
   0089 FF                  148 	.db #0xff	; 255
   008A 00                  149 	.db #0x00	; 0
   008B FF                  150 	.db #0xff	; 255
   008C 00                  151 	.db #0x00	; 0
   008D FF                  152 	.db #0xff	; 255
   008E 00                  153 	.db #0x00	; 0
   008F FF                  154 	.db #0xff	; 255
   0090 00                  155 	.db #0x00	; 0
   0091 FF                  156 	.db #0xff	; 255
   0092 80                  157 	.db #0x80	; 128
   0093 FF                  158 	.db #0xff	; 255
   0094 C0                  159 	.db #0xc0	; 192
   0095 7F                  160 	.db #0x7f	; 127
   0096 E0                  161 	.db #0xe0	; 224
   0097 3F                  162 	.db #0x3f	; 63
   0098 F1                  163 	.db #0xf1	; 241
   0099 1F                  164 	.db #0x1f	; 31
   009A FE                  165 	.db #0xfe	; 254
   009B 0F                  166 	.db #0x0f	; 15
   009C F8                  167 	.db #0xf8	; 248
   009D 0F                  168 	.db #0x0f	; 15
   009E F0                  169 	.db #0xf0	; 240
   009F 9F                  170 	.db #0x9f	; 159
   00A0 C0                  171 	.db #0xc0	; 192
   00A1 C0                  172 	.db #0xc0	; 192
   00A2 30                  173 	.db #0x30	; 48	'0'
   00A3 F0                  174 	.db #0xf0	; 240
   00A4 0E                  175 	.db #0x0e	; 14
   00A5 FE                  176 	.db #0xfe	; 254
   00A6 01                  177 	.db #0x01	; 1
   00A7 FF                  178 	.db #0xff	; 255
   00A8 00                  179 	.db #0x00	; 0
   00A9 FF                  180 	.db #0xff	; 255
   00AA 00                  181 	.db #0x00	; 0
   00AB FF                  182 	.db #0xff	; 255
   00AC 00                  183 	.db #0x00	; 0
   00AD FF                  184 	.db #0xff	; 255
   00AE 00                  185 	.db #0x00	; 0
   00AF FF                  186 	.db #0xff	; 255
   00B0 00                  187 	.db #0x00	; 0
   00B1 FF                  188 	.db #0xff	; 255
   00B2 03                  189 	.db #0x03	; 3
   00B3 FF                  190 	.db #0xff	; 255
   00B4 1F                  191 	.db #0x1f	; 31
   00B5 FC                  192 	.db #0xfc	; 252
   00B6 7F                  193 	.db #0x7f	; 127
   00B7 E0                  194 	.db #0xe0	; 224
   00B8 BF                  195 	.db #0xbf	; 191
   00B9 E0                  196 	.db #0xe0	; 224
   00BA 3F                  197 	.db #0x3f	; 63
   00BB E0                  198 	.db #0xe0	; 224
   00BC 7F                  199 	.db #0x7f	; 127
   00BD C0                  200 	.db #0xc0	; 192
   00BE 7F                  201 	.db #0x7f	; 127
   00BF C0                  202 	.db #0xc0	; 192
   00C0 00                  203 	.db #0x00	; 0
   00C1 00                  204 	.db #0x00	; 0
   00C2 00                  205 	.db #0x00	; 0
   00C3 00                  206 	.db #0x00	; 0
   00C4 00                  207 	.db #0x00	; 0
   00C5 00                  208 	.db #0x00	; 0
   00C6 80                  209 	.db #0x80	; 128
   00C7 80                  210 	.db #0x80	; 128
   00C8 40                  211 	.db #0x40	; 64
   00C9 C0                  212 	.db #0xc0	; 192
   00CA 20                  213 	.db #0x20	; 32
   00CB E0                  214 	.db #0xe0	; 224
   00CC 10                  215 	.db #0x10	; 16
   00CD F0                  216 	.db #0xf0	; 240
   00CE 08                  217 	.db #0x08	; 8
   00CF F8                  218 	.db #0xf8	; 248
   00D0 3F                  219 	.db #0x3f	; 63
   00D1 FF                  220 	.db #0xff	; 255
   00D2 FF                  221 	.db #0xff	; 255
   00D3 C0                  222 	.db #0xc0	; 192
   00D4 FF                  223 	.db #0xff	; 255
   00D5 00                  224 	.db #0x00	; 0
   00D6 FF                  225 	.db #0xff	; 255
   00D7 00                  226 	.db #0x00	; 0
   00D8 FF                  227 	.db #0xff	; 255
   00D9 00                  228 	.db #0x00	; 0
   00DA FF                  229 	.db #0xff	; 255
   00DB 00                  230 	.db #0x00	; 0
   00DC FF                  231 	.db #0xff	; 255
   00DD 00                  232 	.db #0x00	; 0
   00DE FF                  233 	.db #0xff	; 255
   00DF 00                  234 	.db #0x00	; 0
   00E0 00                  235 	.db #0x00	; 0
   00E1 00                  236 	.db #0x00	; 0
   00E2 00                  237 	.db #0x00	; 0
   00E3 00                  238 	.db #0x00	; 0
   00E4 00                  239 	.db #0x00	; 0
   00E5 00                  240 	.db #0x00	; 0
   00E6 00                  241 	.db #0x00	; 0
   00E7 00                  242 	.db #0x00	; 0
   00E8 00                  243 	.db #0x00	; 0
   00E9 00                  244 	.db #0x00	; 0
   00EA 00                  245 	.db #0x00	; 0
   00EB 00                  246 	.db #0x00	; 0
   00EC 00                  247 	.db #0x00	; 0
   00ED 00                  248 	.db #0x00	; 0
   00EE 1F                  249 	.db #0x1f	; 31
   00EF 1F                  250 	.db #0x1f	; 31
   00F0 FF                  251 	.db #0xff	; 255
   00F1 E0                  252 	.db #0xe0	; 224
   00F2 FF                  253 	.db #0xff	; 255
   00F3 00                  254 	.db #0x00	; 0
   00F4 FF                  255 	.db #0xff	; 255
   00F5 00                  256 	.db #0x00	; 0
   00F6 FF                  257 	.db #0xff	; 255
   00F7 00                  258 	.db #0x00	; 0
   00F8 FF                  259 	.db #0xff	; 255
   00F9 00                  260 	.db #0x00	; 0
   00FA FF                  261 	.db #0xff	; 255
   00FB 00                  262 	.db #0x00	; 0
   00FC FF                  263 	.db #0xff	; 255
   00FD 00                  264 	.db #0x00	; 0
   00FE FF                  265 	.db #0xff	; 255
   00FF 00                  266 	.db #0x00	; 0
   0100 00                  267 	.db #0x00	; 0
   0101 00                  268 	.db #0x00	; 0
   0102 00                  269 	.db #0x00	; 0
   0103 00                  270 	.db #0x00	; 0
   0104 00                  271 	.db #0x00	; 0
   0105 00                  272 	.db #0x00	; 0
   0106 00                  273 	.db #0x00	; 0
   0107 00                  274 	.db #0x00	; 0
   0108 00                  275 	.db #0x00	; 0
   0109 00                  276 	.db #0x00	; 0
   010A 00                  277 	.db #0x00	; 0
   010B 00                  278 	.db #0x00	; 0
   010C 00                  279 	.db #0x00	; 0
   010D 00                  280 	.db #0x00	; 0
   010E 00                  281 	.db #0x00	; 0
   010F 00                  282 	.db #0x00	; 0
   0110 F8                  283 	.db #0xf8	; 248
   0111 F8                  284 	.db #0xf8	; 248
   0112 FF                  285 	.db #0xff	; 255
   0113 07                  286 	.db #0x07	; 7
   0114 FF                  287 	.db #0xff	; 255
   0115 00                  288 	.db #0x00	; 0
   0116 FF                  289 	.db #0xff	; 255
   0117 00                  290 	.db #0x00	; 0
   0118 FF                  291 	.db #0xff	; 255
   0119 00                  292 	.db #0x00	; 0
   011A FF                  293 	.db #0xff	; 255
   011B 00                  294 	.db #0x00	; 0
   011C FF                  295 	.db #0xff	; 255
   011D 00                  296 	.db #0x00	; 0
   011E FF                  297 	.db #0xff	; 255
   011F 00                  298 	.db #0x00	; 0
   0120 00                  299 	.db #0x00	; 0
   0121 00                  300 	.db #0x00	; 0
   0122 00                  301 	.db #0x00	; 0
   0123 00                  302 	.db #0x00	; 0
   0124 00                  303 	.db #0x00	; 0
   0125 00                  304 	.db #0x00	; 0
   0126 00                  305 	.db #0x00	; 0
   0127 00                  306 	.db #0x00	; 0
   0128 00                  307 	.db #0x00	; 0
   0129 00                  308 	.db #0x00	; 0
   012A 00                  309 	.db #0x00	; 0
   012B 00                  310 	.db #0x00	; 0
   012C 00                  311 	.db #0x00	; 0
   012D 00                  312 	.db #0x00	; 0
   012E 00                  313 	.db #0x00	; 0
   012F 00                  314 	.db #0x00	; 0
   0130 00                  315 	.db #0x00	; 0
   0131 00                  316 	.db #0x00	; 0
   0132 C0                  317 	.db #0xc0	; 192
   0133 C0                  318 	.db #0xc0	; 192
   0134 F0                  319 	.db #0xf0	; 240
   0135 30                  320 	.db #0x30	; 48	'0'
   0136 FC                  321 	.db #0xfc	; 252
   0137 0C                  322 	.db #0x0c	; 12
   0138 FF                  323 	.db #0xff	; 255
   0139 03                  324 	.db #0x03	; 3
   013A FF                  325 	.db #0xff	; 255
   013B 00                  326 	.db #0x00	; 0
   013C FF                  327 	.db #0xff	; 255
   013D 00                  328 	.db #0x00	; 0
   013E FF                  329 	.db #0xff	; 255
   013F 00                  330 	.db #0x00	; 0
   0140 00                  331 	.db #0x00	; 0
   0141 00                  332 	.db #0x00	; 0
   0142 00                  333 	.db #0x00	; 0
   0143 00                  334 	.db #0x00	; 0
   0144 00                  335 	.db #0x00	; 0
   0145 00                  336 	.db #0x00	; 0
   0146 00                  337 	.db #0x00	; 0
   0147 00                  338 	.db #0x00	; 0
   0148 00                  339 	.db #0x00	; 0
   0149 00                  340 	.db #0x00	; 0
   014A 00                  341 	.db #0x00	; 0
   014B 00                  342 	.db #0x00	; 0
   014C 00                  343 	.db #0x00	; 0
   014D 00                  344 	.db #0x00	; 0
   014E 00                  345 	.db #0x00	; 0
   014F 00                  346 	.db #0x00	; 0
   0150 00                  347 	.db #0x00	; 0
   0151 00                  348 	.db #0x00	; 0
   0152 00                  349 	.db #0x00	; 0
   0153 00                  350 	.db #0x00	; 0
   0154 00                  351 	.db #0x00	; 0
   0155 00                  352 	.db #0x00	; 0
   0156 00                  353 	.db #0x00	; 0
   0157 00                  354 	.db #0x00	; 0
   0158 00                  355 	.db #0x00	; 0
   0159 00                  356 	.db #0x00	; 0
   015A 80                  357 	.db #0x80	; 128
   015B 80                  358 	.db #0x80	; 128
   015C E0                  359 	.db #0xe0	; 224
   015D 60                  360 	.db #0x60	; 96
   015E F0                  361 	.db #0xf0	; 240
   015F 10                  362 	.db #0x10	; 16
   0160 00                  363 	.db #0x00	; 0
   0161 00                  364 	.db #0x00	; 0
   0162 00                  365 	.db #0x00	; 0
   0163 00                  366 	.db #0x00	; 0
   0164 00                  367 	.db #0x00	; 0
   0165 00                  368 	.db #0x00	; 0
   0166 00                  369 	.db #0x00	; 0
   0167 00                  370 	.db #0x00	; 0
   0168 00                  371 	.db #0x00	; 0
   0169 00                  372 	.db #0x00	; 0
   016A 00                  373 	.db #0x00	; 0
   016B 00                  374 	.db #0x00	; 0
   016C 00                  375 	.db #0x00	; 0
   016D 00                  376 	.db #0x00	; 0
   016E 00                  377 	.db #0x00	; 0
   016F 00                  378 	.db #0x00	; 0
   0170 00                  379 	.db #0x00	; 0
   0171 00                  380 	.db #0x00	; 0
   0172 00                  381 	.db #0x00	; 0
   0173 00                  382 	.db #0x00	; 0
   0174 00                  383 	.db #0x00	; 0
   0175 00                  384 	.db #0x00	; 0
   0176 00                  385 	.db #0x00	; 0
   0177 00                  386 	.db #0x00	; 0
   0178 00                  387 	.db #0x00	; 0
   0179 00                  388 	.db #0x00	; 0
   017A 00                  389 	.db #0x00	; 0
   017B 00                  390 	.db #0x00	; 0
   017C 00                  391 	.db #0x00	; 0
   017D 00                  392 	.db #0x00	; 0
   017E 00                  393 	.db #0x00	; 0
   017F 00                  394 	.db #0x00	; 0
   0180 00                  395 	.db #0x00	; 0
   0181 00                  396 	.db #0x00	; 0
   0182 00                  397 	.db #0x00	; 0
   0183 00                  398 	.db #0x00	; 0
   0184 00                  399 	.db #0x00	; 0
   0185 00                  400 	.db #0x00	; 0
   0186 00                  401 	.db #0x00	; 0
   0187 00                  402 	.db #0x00	; 0
   0188 00                  403 	.db #0x00	; 0
   0189 00                  404 	.db #0x00	; 0
   018A 00                  405 	.db #0x00	; 0
   018B 00                  406 	.db #0x00	; 0
   018C 00                  407 	.db #0x00	; 0
   018D 00                  408 	.db #0x00	; 0
   018E 01                  409 	.db #0x01	; 1
   018F 01                  410 	.db #0x01	; 1
   0190 03                  411 	.db #0x03	; 3
   0191 06                  412 	.db #0x06	; 6
   0192 03                  413 	.db #0x03	; 3
   0193 16                  414 	.db #0x16	; 22
   0194 03                  415 	.db #0x03	; 3
   0195 2E                  416 	.db #0x2e	; 46
   0196 07                  417 	.db #0x07	; 7
   0197 5C                  418 	.db #0x5c	; 92
   0198 07                  419 	.db #0x07	; 7
   0199 3C                  420 	.db #0x3c	; 60
   019A 07                  421 	.db #0x07	; 7
   019B 5C                  422 	.db #0x5c	; 92
   019C 07                  423 	.db #0x07	; 7
   019D BC                  424 	.db #0xbc	; 188
   019E 07                  425 	.db #0x07	; 7
   019F 5C                  426 	.db #0x5c	; 92
   01A0 00                  427 	.db #0x00	; 0
   01A1 00                  428 	.db #0x00	; 0
   01A2 00                  429 	.db #0x00	; 0
   01A3 00                  430 	.db #0x00	; 0
   01A4 01                  431 	.db #0x01	; 1
   01A5 01                  432 	.db #0x01	; 1
   01A6 02                  433 	.db #0x02	; 2
   01A7 03                  434 	.db #0x03	; 3
   01A8 02                  435 	.db #0x02	; 2
   01A9 03                  436 	.db #0x03	; 3
   01AA 7C                  437 	.db #0x7c	; 124
   01AB 7F                  438 	.db #0x7f	; 127
   01AC FC                  439 	.db #0xfc	; 252
   01AD 87                  440 	.db #0x87	; 135
   01AE F8                  441 	.db #0xf8	; 248
   01AF 0F                  442 	.db #0x0f	; 15
   01B0 F8                  443 	.db #0xf8	; 248
   01B1 0F                  444 	.db #0x0f	; 15
   01B2 F8                  445 	.db #0xf8	; 248
   01B3 0F                  446 	.db #0x0f	; 15
   01B4 F0                  447 	.db #0xf0	; 240
   01B5 1F                  448 	.db #0x1f	; 31
   01B6 F0                  449 	.db #0xf0	; 240
   01B7 1F                  450 	.db #0x1f	; 31
   01B8 E0                  451 	.db #0xe0	; 224
   01B9 3F                  452 	.db #0x3f	; 63
   01BA E0                  453 	.db #0xe0	; 224
   01BB 3F                  454 	.db #0x3f	; 63
   01BC E0                  455 	.db #0xe0	; 224
   01BD 3F                  456 	.db #0x3f	; 63
   01BE E0                  457 	.db #0xe0	; 224
   01BF 3F                  458 	.db #0x3f	; 63
   01C0 60                  459 	.db #0x60	; 96
   01C1 7F                  460 	.db #0x7f	; 127
   01C2 80                  461 	.db #0x80	; 128
   01C3 FF                  462 	.db #0xff	; 255
   01C4 00                  463 	.db #0x00	; 0
   01C5 FF                  464 	.db #0xff	; 255
   01C6 01                  465 	.db #0x01	; 1
   01C7 FF                  466 	.db #0xff	; 255
   01C8 01                  467 	.db #0x01	; 1
   01C9 FF                  468 	.db #0xff	; 255
   01CA 01                  469 	.db #0x01	; 1
   01CB FF                  470 	.db #0xff	; 255
   01CC 01                  471 	.db #0x01	; 1
   01CD FF                  472 	.db #0xff	; 255
   01CE 03                  473 	.db #0x03	; 3
   01CF FE                  474 	.db #0xfe	; 254
   01D0 03                  475 	.db #0x03	; 3
   01D1 FE                  476 	.db #0xfe	; 254
   01D2 03                  477 	.db #0x03	; 3
   01D3 FE                  478 	.db #0xfe	; 254
   01D4 03                  479 	.db #0x03	; 3
   01D5 FE                  480 	.db #0xfe	; 254
   01D6 03                  481 	.db #0x03	; 3
   01D7 FE                  482 	.db #0xfe	; 254
   01D8 03                  483 	.db #0x03	; 3
   01D9 FE                  484 	.db #0xfe	; 254
   01DA 07                  485 	.db #0x07	; 7
   01DB FC                  486 	.db #0xfc	; 252
   01DC 07                  487 	.db #0x07	; 7
   01DD FC                  488 	.db #0xfc	; 252
   01DE 07                  489 	.db #0x07	; 7
   01DF FC                  490 	.db #0xfc	; 252
   01E0 FF                  491 	.db #0xff	; 255
   01E1 80                  492 	.db #0x80	; 128
   01E2 FF                  493 	.db #0xff	; 255
   01E3 80                  494 	.db #0x80	; 128
   01E4 FF                  495 	.db #0xff	; 255
   01E5 80                  496 	.db #0x80	; 128
   01E6 FF                  497 	.db #0xff	; 255
   01E7 00                  498 	.db #0x00	; 0
   01E8 FF                  499 	.db #0xff	; 255
   01E9 00                  500 	.db #0x00	; 0
   01EA FF                  501 	.db #0xff	; 255
   01EB 00                  502 	.db #0x00	; 0
   01EC FF                  503 	.db #0xff	; 255
   01ED 00                  504 	.db #0x00	; 0
   01EE FF                  505 	.db #0xff	; 255
   01EF 00                  506 	.db #0x00	; 0
   01F0 FF                  507 	.db #0xff	; 255
   01F1 00                  508 	.db #0x00	; 0
   01F2 FF                  509 	.db #0xff	; 255
   01F3 00                  510 	.db #0x00	; 0
   01F4 FF                  511 	.db #0xff	; 255
   01F5 00                  512 	.db #0x00	; 0
   01F6 FF                  513 	.db #0xff	; 255
   01F7 00                  514 	.db #0x00	; 0
   01F8 FF                  515 	.db #0xff	; 255
   01F9 00                  516 	.db #0x00	; 0
   01FA FF                  517 	.db #0xff	; 255
   01FB 00                  518 	.db #0x00	; 0
   01FC FF                  519 	.db #0xff	; 255
   01FD 00                  520 	.db #0x00	; 0
   01FE FF                  521 	.db #0xff	; 255
   01FF 00                  522 	.db #0x00	; 0
   0200 FF                  523 	.db #0xff	; 255
   0201 00                  524 	.db #0x00	; 0
   0202 FF                  525 	.db #0xff	; 255
   0203 00                  526 	.db #0x00	; 0
   0204 FF                  527 	.db #0xff	; 255
   0205 00                  528 	.db #0x00	; 0
   0206 FF                  529 	.db #0xff	; 255
   0207 00                  530 	.db #0x00	; 0
   0208 FF                  531 	.db #0xff	; 255
   0209 00                  532 	.db #0x00	; 0
   020A FF                  533 	.db #0xff	; 255
   020B 00                  534 	.db #0x00	; 0
   020C FF                  535 	.db #0xff	; 255
   020D 00                  536 	.db #0x00	; 0
   020E FF                  537 	.db #0xff	; 255
   020F 00                  538 	.db #0x00	; 0
   0210 FF                  539 	.db #0xff	; 255
   0211 00                  540 	.db #0x00	; 0
   0212 FF                  541 	.db #0xff	; 255
   0213 00                  542 	.db #0x00	; 0
   0214 FF                  543 	.db #0xff	; 255
   0215 00                  544 	.db #0x00	; 0
   0216 FF                  545 	.db #0xff	; 255
   0217 00                  546 	.db #0x00	; 0
   0218 FF                  547 	.db #0xff	; 255
   0219 00                  548 	.db #0x00	; 0
   021A FF                  549 	.db #0xff	; 255
   021B 00                  550 	.db #0x00	; 0
   021C FF                  551 	.db #0xff	; 255
   021D 00                  552 	.db #0x00	; 0
   021E FF                  553 	.db #0xff	; 255
   021F 00                  554 	.db #0x00	; 0
   0220 FF                  555 	.db #0xff	; 255
   0221 07                  556 	.db #0x07	; 7
   0222 FF                  557 	.db #0xff	; 255
   0223 1F                  558 	.db #0x1f	; 31
   0224 FE                  559 	.db #0xfe	; 254
   0225 3F                  560 	.db #0x3f	; 63
   0226 F8                  561 	.db #0xf8	; 248
   0227 7F                  562 	.db #0x7f	; 127
   0228 F1                  563 	.db #0xf1	; 241
   0229 7E                  564 	.db #0x7e	; 126
   022A E3                  565 	.db #0xe3	; 227
   022B FC                  566 	.db #0xfc	; 252
   022C E0                  567 	.db #0xe0	; 224
   022D FF                  568 	.db #0xff	; 255
   022E C0                  569 	.db #0xc0	; 192
   022F FF                  570 	.db #0xff	; 255
   0230 C0                  571 	.db #0xc0	; 192
   0231 FF                  572 	.db #0xff	; 255
   0232 E0                  573 	.db #0xe0	; 224
   0233 FF                  574 	.db #0xff	; 255
   0234 E0                  575 	.db #0xe0	; 224
   0235 FF                  576 	.db #0xff	; 255
   0236 F0                  577 	.db #0xf0	; 240
   0237 7F                  578 	.db #0x7f	; 127
   0238 F8                  579 	.db #0xf8	; 248
   0239 7F                  580 	.db #0x7f	; 127
   023A FE                  581 	.db #0xfe	; 254
   023B 3F                  582 	.db #0x3f	; 63
   023C FF                  583 	.db #0xff	; 255
   023D 1F                  584 	.db #0x1f	; 31
   023E FF                  585 	.db #0xff	; 255
   023F 07                  586 	.db #0x07	; 7
   0240 FF                  587 	.db #0xff	; 255
   0241 E0                  588 	.db #0xe0	; 224
   0242 FF                  589 	.db #0xff	; 255
   0243 F8                  590 	.db #0xf8	; 248
   0244 7F                  591 	.db #0x7f	; 127
   0245 FC                  592 	.db #0xfc	; 252
   0246 1F                  593 	.db #0x1f	; 31
   0247 FE                  594 	.db #0xfe	; 254
   0248 CF                  595 	.db #0xcf	; 207
   0249 3E                  596 	.db #0x3e	; 62
   024A E7                  597 	.db #0xe7	; 231
   024B 1F                  598 	.db #0x1f	; 31
   024C 77                  599 	.db #0x77	; 119	'w'
   024D 8F                  600 	.db #0x8f	; 143
   024E 33                  601 	.db #0x33	; 51	'3'
   024F CF                  602 	.db #0xcf	; 207
   0250 13                  603 	.db #0x13	; 19
   0251 EF                  604 	.db #0xef	; 239
   0252 07                  605 	.db #0x07	; 7
   0253 FF                  606 	.db #0xff	; 255
   0254 07                  607 	.db #0x07	; 7
   0255 FF                  608 	.db #0xff	; 255
   0256 0F                  609 	.db #0x0f	; 15
   0257 FE                  610 	.db #0xfe	; 254
   0258 1F                  611 	.db #0x1f	; 31
   0259 FE                  612 	.db #0xfe	; 254
   025A 7F                  613 	.db #0x7f	; 127
   025B FC                  614 	.db #0xfc	; 252
   025C FF                  615 	.db #0xff	; 255
   025D F8                  616 	.db #0xf8	; 248
   025E FF                  617 	.db #0xff	; 255
   025F E0                  618 	.db #0xe0	; 224
   0260 FF                  619 	.db #0xff	; 255
   0261 00                  620 	.db #0x00	; 0
   0262 FF                  621 	.db #0xff	; 255
   0263 00                  622 	.db #0x00	; 0
   0264 FF                  623 	.db #0xff	; 255
   0265 00                  624 	.db #0x00	; 0
   0266 FF                  625 	.db #0xff	; 255
   0267 00                  626 	.db #0x00	; 0
   0268 FF                  627 	.db #0xff	; 255
   0269 00                  628 	.db #0x00	; 0
   026A FF                  629 	.db #0xff	; 255
   026B 00                  630 	.db #0x00	; 0
   026C FF                  631 	.db #0xff	; 255
   026D 00                  632 	.db #0x00	; 0
   026E FF                  633 	.db #0xff	; 255
   026F 00                  634 	.db #0x00	; 0
   0270 FF                  635 	.db #0xff	; 255
   0271 00                  636 	.db #0x00	; 0
   0272 FF                  637 	.db #0xff	; 255
   0273 00                  638 	.db #0x00	; 0
   0274 FF                  639 	.db #0xff	; 255
   0275 00                  640 	.db #0x00	; 0
   0276 FF                  641 	.db #0xff	; 255
   0277 01                  642 	.db #0x01	; 1
   0278 FF                  643 	.db #0xff	; 255
   0279 01                  644 	.db #0x01	; 1
   027A FF                  645 	.db #0xff	; 255
   027B 01                  646 	.db #0x01	; 1
   027C FF                  647 	.db #0xff	; 255
   027D 01                  648 	.db #0x01	; 1
   027E FF                  649 	.db #0xff	; 255
   027F 01                  650 	.db #0x01	; 1
   0280 E8                  651 	.db #0xe8	; 232
   0281 38                  652 	.db #0x38	; 56	'8'
   0282 E4                  653 	.db #0xe4	; 228
   0283 3C                  654 	.db #0x3c	; 60
   0284 C2                  655 	.db #0xc2	; 194
   0285 7E                  656 	.db #0x7e	; 126
   0286 C1                  657 	.db #0xc1	; 193
   0287 7F                  658 	.db #0x7f	; 127
   0288 C0                  659 	.db #0xc0	; 192
   0289 7F                  660 	.db #0x7f	; 127
   028A 80                  661 	.db #0x80	; 128
   028B FF                  662 	.db #0xff	; 255
   028C 80                  663 	.db #0x80	; 128
   028D FF                  664 	.db #0xff	; 255
   028E 80                  665 	.db #0x80	; 128
   028F FF                  666 	.db #0xff	; 255
   0290 80                  667 	.db #0x80	; 128
   0291 FF                  668 	.db #0xff	; 255
   0292 80                  669 	.db #0x80	; 128
   0293 FF                  670 	.db #0xff	; 255
   0294 80                  671 	.db #0x80	; 128
   0295 FF                  672 	.db #0xff	; 255
   0296 01                  673 	.db #0x01	; 1
   0297 FF                  674 	.db #0xff	; 255
   0298 01                  675 	.db #0x01	; 1
   0299 FF                  676 	.db #0xff	; 255
   029A 01                  677 	.db #0x01	; 1
   029B FF                  678 	.db #0xff	; 255
   029C 01                  679 	.db #0x01	; 1
   029D FF                  680 	.db #0xff	; 255
   029E 01                  681 	.db #0x01	; 1
   029F FF                  682 	.db #0xff	; 255
   02A0 00                  683 	.db #0x00	; 0
   02A1 00                  684 	.db #0x00	; 0
   02A2 00                  685 	.db #0x00	; 0
   02A3 00                  686 	.db #0x00	; 0
   02A4 00                  687 	.db #0x00	; 0
   02A5 00                  688 	.db #0x00	; 0
   02A6 00                  689 	.db #0x00	; 0
   02A7 00                  690 	.db #0x00	; 0
   02A8 80                  691 	.db #0x80	; 128
   02A9 80                  692 	.db #0x80	; 128
   02AA 40                  693 	.db #0x40	; 64
   02AB C0                  694 	.db #0xc0	; 192
   02AC 60                  695 	.db #0x60	; 96
   02AD E0                  696 	.db #0xe0	; 224
   02AE F0                  697 	.db #0xf0	; 240
   02AF 90                  698 	.db #0x90	; 144
   02B0 F8                  699 	.db #0xf8	; 248
   02B1 88                  700 	.db #0x88	; 136
   02B2 F8                  701 	.db #0xf8	; 248
   02B3 88                  702 	.db #0x88	; 136
   02B4 FC                  703 	.db #0xfc	; 252
   02B5 84                  704 	.db #0x84	; 132
   02B6 FE                  705 	.db #0xfe	; 254
   02B7 02                  706 	.db #0x02	; 2
   02B8 FE                  707 	.db #0xfe	; 254
   02B9 02                  708 	.db #0x02	; 2
   02BA FE                  709 	.db #0xfe	; 254
   02BB 02                  710 	.db #0x02	; 2
   02BC FF                  711 	.db #0xff	; 255
   02BD 01                  712 	.db #0x01	; 1
   02BE FF                  713 	.db #0xff	; 255
   02BF 01                  714 	.db #0x01	; 1
   02C0 07                  715 	.db #0x07	; 7
   02C1 BC                  716 	.db #0xbc	; 188
   02C2 07                  717 	.db #0x07	; 7
   02C3 5C                  718 	.db #0x5c	; 92
   02C4 07                  719 	.db #0x07	; 7
   02C5 2C                  720 	.db #0x2c	; 44
   02C6 07                  721 	.db #0x07	; 7
   02C7 BE                  722 	.db #0xbe	; 190
   02C8 07                  723 	.db #0x07	; 7
   02C9 7C                  724 	.db #0x7c	; 124
   02CA 07                  725 	.db #0x07	; 7
   02CB 2D                  726 	.db #0x2d	; 45
   02CC 03                  727 	.db #0x03	; 3
   02CD 1E                  728 	.db #0x1e	; 30
   02CE 03                  729 	.db #0x03	; 3
   02CF 07                  730 	.db #0x07	; 7
   02D0 03                  731 	.db #0x03	; 3
   02D1 06                  732 	.db #0x06	; 6
   02D2 03                  733 	.db #0x03	; 3
   02D3 03                  734 	.db #0x03	; 3
   02D4 01                  735 	.db #0x01	; 1
   02D5 01                  736 	.db #0x01	; 1
   02D6 00                  737 	.db #0x00	; 0
   02D7 00                  738 	.db #0x00	; 0
   02D8 00                  739 	.db #0x00	; 0
   02D9 00                  740 	.db #0x00	; 0
   02DA 00                  741 	.db #0x00	; 0
   02DB 00                  742 	.db #0x00	; 0
   02DC 00                  743 	.db #0x00	; 0
   02DD 00                  744 	.db #0x00	; 0
   02DE 00                  745 	.db #0x00	; 0
   02DF 00                  746 	.db #0x00	; 0
   02E0 E0                  747 	.db #0xe0	; 224
   02E1 3F                  748 	.db #0x3f	; 63
   02E2 E0                  749 	.db #0xe0	; 224
   02E3 3F                  750 	.db #0x3f	; 63
   02E4 E0                  751 	.db #0xe0	; 224
   02E5 3F                  752 	.db #0x3f	; 63
   02E6 E0                  753 	.db #0xe0	; 224
   02E7 BF                  754 	.db #0xbf	; 191
   02E8 F0                  755 	.db #0xf0	; 240
   02E9 1F                  756 	.db #0x1f	; 31
   02EA F0                  757 	.db #0xf0	; 240
   02EB BF                  758 	.db #0xbf	; 191
   02EC F0                  759 	.db #0xf0	; 240
   02ED 5F                  760 	.db #0x5f	; 95
   02EE F0                  761 	.db #0xf0	; 240
   02EF 7F                  762 	.db #0x7f	; 127
   02F0 F0                  763 	.db #0xf0	; 240
   02F1 9F                  764 	.db #0x9f	; 159
   02F2 F4                  765 	.db #0xf4	; 244
   02F3 7F                  766 	.db #0x7f	; 127
   02F4 F8                  767 	.db #0xf8	; 248
   02F5 AF                  768 	.db #0xaf	; 175
   02F6 FD                  769 	.db #0xfd	; 253
   02F7 FF                  770 	.db #0xff	; 255
   02F8 7A                  771 	.db #0x7a	; 122	'z'
   02F9 7F                  772 	.db #0x7f	; 127
   02FA 05                  773 	.db #0x05	; 5
   02FB 07                  774 	.db #0x07	; 7
   02FC 02                  775 	.db #0x02	; 2
   02FD 03                  776 	.db #0x03	; 3
   02FE 01                  777 	.db #0x01	; 1
   02FF 01                  778 	.db #0x01	; 1
   0300 07                  779 	.db #0x07	; 7
   0301 FC                  780 	.db #0xfc	; 252
   0302 07                  781 	.db #0x07	; 7
   0303 FC                  782 	.db #0xfc	; 252
   0304 03                  783 	.db #0x03	; 3
   0305 FE                  784 	.db #0xfe	; 254
   0306 03                  785 	.db #0x03	; 3
   0307 FE                  786 	.db #0xfe	; 254
   0308 03                  787 	.db #0x03	; 3
   0309 FE                  788 	.db #0xfe	; 254
   030A 03                  789 	.db #0x03	; 3
   030B FE                  790 	.db #0xfe	; 254
   030C 03                  791 	.db #0x03	; 3
   030D FE                  792 	.db #0xfe	; 254
   030E 03                  793 	.db #0x03	; 3
   030F FE                  794 	.db #0xfe	; 254
   0310 03                  795 	.db #0x03	; 3
   0311 FE                  796 	.db #0xfe	; 254
   0312 03                  797 	.db #0x03	; 3
   0313 FE                  798 	.db #0xfe	; 254
   0314 01                  799 	.db #0x01	; 1
   0315 FF                  800 	.db #0xff	; 255
   0316 01                  801 	.db #0x01	; 1
   0317 FF                  802 	.db #0xff	; 255
   0318 A1                  803 	.db #0xa1	; 161
   0319 FF                  804 	.db #0xff	; 255
   031A 14                  805 	.db #0x14	; 20
   031B FF                  806 	.db #0xff	; 255
   031C A0                  807 	.db #0xa0	; 160
   031D FF                  808 	.db #0xff	; 255
   031E 55                  809 	.db #0x55	; 85	'U'
   031F FF                  810 	.db #0xff	; 255
   0320 FF                  811 	.db #0xff	; 255
   0321 00                  812 	.db #0x00	; 0
   0322 FF                  813 	.db #0xff	; 255
   0323 00                  814 	.db #0x00	; 0
   0324 FF                  815 	.db #0xff	; 255
   0325 00                  816 	.db #0x00	; 0
   0326 FF                  817 	.db #0xff	; 255
   0327 00                  818 	.db #0x00	; 0
   0328 FF                  819 	.db #0xff	; 255
   0329 00                  820 	.db #0x00	; 0
   032A FF                  821 	.db #0xff	; 255
   032B 00                  822 	.db #0x00	; 0
   032C FF                  823 	.db #0xff	; 255
   032D 00                  824 	.db #0x00	; 0
   032E FF                  825 	.db #0xff	; 255
   032F 00                  826 	.db #0x00	; 0
   0330 FF                  827 	.db #0xff	; 255
   0331 00                  828 	.db #0x00	; 0
   0332 FF                  829 	.db #0xff	; 255
   0333 00                  830 	.db #0x00	; 0
   0334 FF                  831 	.db #0xff	; 255
   0335 00                  832 	.db #0x00	; 0
   0336 FF                  833 	.db #0xff	; 255
   0337 00                  834 	.db #0x00	; 0
   0338 FF                  835 	.db #0xff	; 255
   0339 00                  836 	.db #0x00	; 0
   033A FF                  837 	.db #0xff	; 255
   033B 80                  838 	.db #0x80	; 128
   033C FF                  839 	.db #0xff	; 255
   033D 80                  840 	.db #0x80	; 128
   033E FF                  841 	.db #0xff	; 255
   033F 80                  842 	.db #0x80	; 128
   0340 FF                  843 	.db #0xff	; 255
   0341 00                  844 	.db #0x00	; 0
   0342 FF                  845 	.db #0xff	; 255
   0343 00                  846 	.db #0x00	; 0
   0344 FF                  847 	.db #0xff	; 255
   0345 00                  848 	.db #0x00	; 0
   0346 FF                  849 	.db #0xff	; 255
   0347 00                  850 	.db #0x00	; 0
   0348 FF                  851 	.db #0xff	; 255
   0349 00                  852 	.db #0x00	; 0
   034A FF                  853 	.db #0xff	; 255
   034B 00                  854 	.db #0x00	; 0
   034C FF                  855 	.db #0xff	; 255
   034D 00                  856 	.db #0x00	; 0
   034E FF                  857 	.db #0xff	; 255
   034F 00                  858 	.db #0x00	; 0
   0350 FF                  859 	.db #0xff	; 255
   0351 00                  860 	.db #0x00	; 0
   0352 FF                  861 	.db #0xff	; 255
   0353 00                  862 	.db #0x00	; 0
   0354 FF                  863 	.db #0xff	; 255
   0355 00                  864 	.db #0x00	; 0
   0356 FF                  865 	.db #0xff	; 255
   0357 00                  866 	.db #0x00	; 0
   0358 FF                  867 	.db #0xff	; 255
   0359 00                  868 	.db #0x00	; 0
   035A FF                  869 	.db #0xff	; 255
   035B 00                  870 	.db #0x00	; 0
   035C FF                  871 	.db #0xff	; 255
   035D 00                  872 	.db #0x00	; 0
   035E FF                  873 	.db #0xff	; 255
   035F 00                  874 	.db #0x00	; 0
   0360 FF                  875 	.db #0xff	; 255
   0361 00                  876 	.db #0x00	; 0
   0362 FF                  877 	.db #0xff	; 255
   0363 00                  878 	.db #0x00	; 0
   0364 FF                  879 	.db #0xff	; 255
   0365 00                  880 	.db #0x00	; 0
   0366 FF                  881 	.db #0xff	; 255
   0367 00                  882 	.db #0x00	; 0
   0368 FF                  883 	.db #0xff	; 255
   0369 00                  884 	.db #0x00	; 0
   036A FF                  885 	.db #0xff	; 255
   036B 00                  886 	.db #0x00	; 0
   036C FF                  887 	.db #0xff	; 255
   036D 00                  888 	.db #0x00	; 0
   036E FF                  889 	.db #0xff	; 255
   036F 00                  890 	.db #0x00	; 0
   0370 FF                  891 	.db #0xff	; 255
   0371 00                  892 	.db #0x00	; 0
   0372 FF                  893 	.db #0xff	; 255
   0373 00                  894 	.db #0x00	; 0
   0374 FF                  895 	.db #0xff	; 255
   0375 00                  896 	.db #0x00	; 0
   0376 FF                  897 	.db #0xff	; 255
   0377 00                  898 	.db #0x00	; 0
   0378 FF                  899 	.db #0xff	; 255
   0379 00                  900 	.db #0x00	; 0
   037A FF                  901 	.db #0xff	; 255
   037B 00                  902 	.db #0x00	; 0
   037C FF                  903 	.db #0xff	; 255
   037D 00                  904 	.db #0x00	; 0
   037E FF                  905 	.db #0xff	; 255
   037F 00                  906 	.db #0x00	; 0
   0380 FF                  907 	.db #0xff	; 255
   0381 00                  908 	.db #0x00	; 0
   0382 FF                  909 	.db #0xff	; 255
   0383 00                  910 	.db #0x00	; 0
   0384 FF                  911 	.db #0xff	; 255
   0385 00                  912 	.db #0x00	; 0
   0386 FF                  913 	.db #0xff	; 255
   0387 00                  914 	.db #0x00	; 0
   0388 FF                  915 	.db #0xff	; 255
   0389 00                  916 	.db #0x00	; 0
   038A FF                  917 	.db #0xff	; 255
   038B 00                  918 	.db #0x00	; 0
   038C FF                  919 	.db #0xff	; 255
   038D 00                  920 	.db #0x00	; 0
   038E FF                  921 	.db #0xff	; 255
   038F 00                  922 	.db #0x00	; 0
   0390 FF                  923 	.db #0xff	; 255
   0391 00                  924 	.db #0x00	; 0
   0392 FF                  925 	.db #0xff	; 255
   0393 00                  926 	.db #0x00	; 0
   0394 FF                  927 	.db #0xff	; 255
   0395 00                  928 	.db #0x00	; 0
   0396 FF                  929 	.db #0xff	; 255
   0397 00                  930 	.db #0x00	; 0
   0398 FF                  931 	.db #0xff	; 255
   0399 00                  932 	.db #0x00	; 0
   039A FF                  933 	.db #0xff	; 255
   039B 00                  934 	.db #0x00	; 0
   039C FF                  935 	.db #0xff	; 255
   039D 00                  936 	.db #0x00	; 0
   039E FF                  937 	.db #0xff	; 255
   039F 00                  938 	.db #0x00	; 0
   03A0 FF                  939 	.db #0xff	; 255
   03A1 01                  940 	.db #0x01	; 1
   03A2 FF                  941 	.db #0xff	; 255
   03A3 01                  942 	.db #0x01	; 1
   03A4 FF                  943 	.db #0xff	; 255
   03A5 00                  944 	.db #0x00	; 0
   03A6 FF                  945 	.db #0xff	; 255
   03A7 00                  946 	.db #0x00	; 0
   03A8 FF                  947 	.db #0xff	; 255
   03A9 00                  948 	.db #0x00	; 0
   03AA FF                  949 	.db #0xff	; 255
   03AB 00                  950 	.db #0x00	; 0
   03AC FF                  951 	.db #0xff	; 255
   03AD 00                  952 	.db #0x00	; 0
   03AE FF                  953 	.db #0xff	; 255
   03AF 00                  954 	.db #0x00	; 0
   03B0 FF                  955 	.db #0xff	; 255
   03B1 00                  956 	.db #0x00	; 0
   03B2 FF                  957 	.db #0xff	; 255
   03B3 00                  958 	.db #0x00	; 0
   03B4 FF                  959 	.db #0xff	; 255
   03B5 00                  960 	.db #0x00	; 0
   03B6 FF                  961 	.db #0xff	; 255
   03B7 00                  962 	.db #0x00	; 0
   03B8 FF                  963 	.db #0xff	; 255
   03B9 00                  964 	.db #0x00	; 0
   03BA FF                  965 	.db #0xff	; 255
   03BB 00                  966 	.db #0x00	; 0
   03BC FF                  967 	.db #0xff	; 255
   03BD 00                  968 	.db #0x00	; 0
   03BE FF                  969 	.db #0xff	; 255
   03BF 01                  970 	.db #0x01	; 1
   03C0 01                  971 	.db #0x01	; 1
   03C1 FF                  972 	.db #0xff	; 255
   03C2 01                  973 	.db #0x01	; 1
   03C3 FF                  974 	.db #0xff	; 255
   03C4 80                  975 	.db #0x80	; 128
   03C5 FF                  976 	.db #0xff	; 255
   03C6 80                  977 	.db #0x80	; 128
   03C7 FF                  978 	.db #0xff	; 255
   03C8 80                  979 	.db #0x80	; 128
   03C9 FF                  980 	.db #0xff	; 255
   03CA 80                  981 	.db #0x80	; 128
   03CB FF                  982 	.db #0xff	; 255
   03CC 80                  983 	.db #0x80	; 128
   03CD FF                  984 	.db #0xff	; 255
   03CE 80                  985 	.db #0x80	; 128
   03CF FF                  986 	.db #0xff	; 255
   03D0 80                  987 	.db #0x80	; 128
   03D1 FF                  988 	.db #0xff	; 255
   03D2 C0                  989 	.db #0xc0	; 192
   03D3 7F                  990 	.db #0x7f	; 127
   03D4 C0                  991 	.db #0xc0	; 192
   03D5 7F                  992 	.db #0x7f	; 127
   03D6 E2                  993 	.db #0xe2	; 226
   03D7 3F                  994 	.db #0x3f	; 63
   03D8 F7                  995 	.db #0xf7	; 247
   03D9 3F                  996 	.db #0x3f	; 63
   03DA EA                  997 	.db #0xea	; 234
   03DB 3E                  998 	.db #0x3e	; 62
   03DC FC                  999 	.db #0xfc	; 252
   03DD 3C                 1000 	.db #0x3c	; 60
   03DE F8                 1001 	.db #0xf8	; 248
   03DF 58                 1002 	.db #0x58	; 88	'X'
   03E0 FF                 1003 	.db #0xff	; 255
   03E1 01                 1004 	.db #0x01	; 1
   03E2 FE                 1005 	.db #0xfe	; 254
   03E3 02                 1006 	.db #0x02	; 2
   03E4 FE                 1007 	.db #0xfe	; 254
   03E5 82                 1008 	.db #0x82	; 130
   03E6 FE                 1009 	.db #0xfe	; 254
   03E7 82                 1010 	.db #0x82	; 130
   03E8 FC                 1011 	.db #0xfc	; 252
   03E9 84                 1012 	.db #0x84	; 132
   03EA 7C                 1013 	.db #0x7c	; 124
   03EB C4                 1014 	.db #0xc4	; 196
   03EC 78                 1015 	.db #0x78	; 120	'x'
   03ED C8                 1016 	.db #0xc8	; 200
   03EE 70                 1017 	.db #0x70	; 112	'p'
   03EF D0                 1018 	.db #0xd0	; 208
   03F0 30                 1019 	.db #0x30	; 48	'0'
   03F1 F0                 1020 	.db #0xf0	; 240
   03F2 20                 1021 	.db #0x20	; 32
   03F3 E0                 1022 	.db #0xe0	; 224
   03F4 40                 1023 	.db #0x40	; 64
   03F5 C0                 1024 	.db #0xc0	; 192
   03F6 80                 1025 	.db #0x80	; 128
   03F7 80                 1026 	.db #0x80	; 128
   03F8 00                 1027 	.db #0x00	; 0
   03F9 00                 1028 	.db #0x00	; 0
   03FA 00                 1029 	.db #0x00	; 0
   03FB 00                 1030 	.db #0x00	; 0
   03FC 00                 1031 	.db #0x00	; 0
   03FD 00                 1032 	.db #0x00	; 0
   03FE 00                 1033 	.db #0x00	; 0
   03FF 00                 1034 	.db #0x00	; 0
   0400 00                 1035 	.db #0x00	; 0
   0401 00                 1036 	.db #0x00	; 0
   0402 00                 1037 	.db #0x00	; 0
   0403 00                 1038 	.db #0x00	; 0
   0404 00                 1039 	.db #0x00	; 0
   0405 00                 1040 	.db #0x00	; 0
   0406 00                 1041 	.db #0x00	; 0
   0407 00                 1042 	.db #0x00	; 0
   0408 00                 1043 	.db #0x00	; 0
   0409 00                 1044 	.db #0x00	; 0
   040A 00                 1045 	.db #0x00	; 0
   040B 00                 1046 	.db #0x00	; 0
   040C 00                 1047 	.db #0x00	; 0
   040D 00                 1048 	.db #0x00	; 0
   040E 00                 1049 	.db #0x00	; 0
   040F 00                 1050 	.db #0x00	; 0
   0410 01                 1051 	.db #0x01	; 1
   0411 01                 1052 	.db #0x01	; 1
   0412 07                 1053 	.db #0x07	; 7
   0413 06                 1054 	.db #0x06	; 6
   0414 3F                 1055 	.db #0x3f	; 63
   0415 38                 1056 	.db #0x38	; 56	'8'
   0416 3F                 1057 	.db #0x3f	; 63
   0417 20                 1058 	.db #0x20	; 32
   0418 1F                 1059 	.db #0x1f	; 31
   0419 18                 1060 	.db #0x18	; 24
   041A 07                 1061 	.db #0x07	; 7
   041B 07                 1062 	.db #0x07	; 7
   041C 00                 1063 	.db #0x00	; 0
   041D 00                 1064 	.db #0x00	; 0
   041E 00                 1065 	.db #0x00	; 0
   041F 00                 1066 	.db #0x00	; 0
   0420 00                 1067 	.db #0x00	; 0
   0421 00                 1068 	.db #0x00	; 0
   0422 00                 1069 	.db #0x00	; 0
   0423 00                 1070 	.db #0x00	; 0
   0424 00                 1071 	.db #0x00	; 0
   0425 00                 1072 	.db #0x00	; 0
   0426 01                 1073 	.db #0x01	; 1
   0427 01                 1074 	.db #0x01	; 1
   0428 03                 1075 	.db #0x03	; 3
   0429 02                 1076 	.db #0x02	; 2
   042A 07                 1077 	.db #0x07	; 7
   042B 04                 1078 	.db #0x04	; 4
   042C 1F                 1079 	.db #0x1f	; 31
   042D 18                 1080 	.db #0x18	; 24
   042E 7F                 1081 	.db #0x7f	; 127
   042F 60                 1082 	.db #0x60	; 96
   0430 FF                 1083 	.db #0xff	; 255
   0431 80                 1084 	.db #0x80	; 128
   0432 FF                 1085 	.db #0xff	; 255
   0433 01                 1086 	.db #0x01	; 1
   0434 FE                 1087 	.db #0xfe	; 254
   0435 07                 1088 	.db #0x07	; 7
   0436 F8                 1089 	.db #0xf8	; 248
   0437 1F                 1090 	.db #0x1f	; 31
   0438 E0                 1091 	.db #0xe0	; 224
   0439 7F                 1092 	.db #0x7f	; 127
   043A 80                 1093 	.db #0x80	; 128
   043B FF                 1094 	.db #0xff	; 255
   043C 7C                 1095 	.db #0x7c	; 124
   043D 7F                 1096 	.db #0x7f	; 127
   043E 03                 1097 	.db #0x03	; 3
   043F 03                 1098 	.db #0x03	; 3
   0440 AA                 1099 	.db #0xaa	; 170
   0441 FF                 1100 	.db #0xff	; 255
   0442 77                 1101 	.db #0x77	; 119	'w'
   0443 7F                 1102 	.db #0x7f	; 127
   0444 FF                 1103 	.db #0xff	; 255
   0445 9F                 1104 	.db #0x9f	; 159
   0446 FF                 1105 	.db #0xff	; 255
   0447 07                 1106 	.db #0x07	; 7
   0448 FE                 1107 	.db #0xfe	; 254
   0449 07                 1108 	.db #0x07	; 7
   044A FD                 1109 	.db #0xfd	; 253
   044B 0F                 1110 	.db #0x0f	; 15
   044C F2                 1111 	.db #0xf2	; 242
   044D 1F                 1112 	.db #0x1f	; 31
   044E E0                 1113 	.db #0xe0	; 224
   044F 3F                 1114 	.db #0x3f	; 63
   0450 C0                 1115 	.db #0xc0	; 192
   0451 7F                 1116 	.db #0x7f	; 127
   0452 80                 1117 	.db #0x80	; 128
   0453 FF                 1118 	.db #0xff	; 255
   0454 00                 1119 	.db #0x00	; 0
   0455 FF                 1120 	.db #0xff	; 255
   0456 00                 1121 	.db #0x00	; 0
   0457 FF                 1122 	.db #0xff	; 255
   0458 00                 1123 	.db #0x00	; 0
   0459 FF                 1124 	.db #0xff	; 255
   045A 00                 1125 	.db #0x00	; 0
   045B FF                 1126 	.db #0xff	; 255
   045C 00                 1127 	.db #0x00	; 0
   045D FF                 1128 	.db #0xff	; 255
   045E FF                 1129 	.db #0xff	; 255
   045F FF                 1130 	.db #0xff	; 255
   0460 FF                 1131 	.db #0xff	; 255
   0461 88                 1132 	.db #0x88	; 136
   0462 7F                 1133 	.db #0x7f	; 127
   0463 D1                 1134 	.db #0xd1	; 209
   0464 FF                 1135 	.db #0xff	; 255
   0465 EA                 1136 	.db #0xea	; 234
   0466 FF                 1137 	.db #0xff	; 255
   0467 F5                 1138 	.db #0xf5	; 245
   0468 FF                 1139 	.db #0xff	; 255
   0469 FF                 1140 	.db #0xff	; 255
   046A 57                 1141 	.db #0x57	; 87	'W'
   046B FF                 1142 	.db #0xff	; 255
   046C AA                 1143 	.db #0xaa	; 170
   046D FF                 1144 	.db #0xff	; 255
   046E 55                 1145 	.db #0x55	; 85	'U'
   046F FF                 1146 	.db #0xff	; 255
   0470 08                 1147 	.db #0x08	; 8
   0471 FF                 1148 	.db #0xff	; 255
   0472 20                 1149 	.db #0x20	; 32
   0473 FF                 1150 	.db #0xff	; 255
   0474 00                 1151 	.db #0x00	; 0
   0475 FF                 1152 	.db #0xff	; 255
   0476 00                 1153 	.db #0x00	; 0
   0477 FF                 1154 	.db #0xff	; 255
   0478 00                 1155 	.db #0x00	; 0
   0479 FF                 1156 	.db #0xff	; 255
   047A 01                 1157 	.db #0x01	; 1
   047B FF                 1158 	.db #0xff	; 255
   047C 06                 1159 	.db #0x06	; 6
   047D FE                 1160 	.db #0xfe	; 254
   047E F8                 1161 	.db #0xf8	; 248
   047F F8                 1162 	.db #0xf8	; 248
   0480 FF                 1163 	.db #0xff	; 255
   0481 00                 1164 	.db #0x00	; 0
   0482 FF                 1165 	.db #0xff	; 255
   0483 14                 1166 	.db #0x14	; 20
   0484 FF                 1167 	.db #0xff	; 255
   0485 80                 1168 	.db #0x80	; 128
   0486 FF                 1169 	.db #0xff	; 255
   0487 55                 1170 	.db #0x55	; 85	'U'
   0488 FF                 1171 	.db #0xff	; 255
   0489 BA                 1172 	.db #0xba	; 186
   048A FF                 1173 	.db #0xff	; 255
   048B FF                 1174 	.db #0xff	; 255
   048C BF                 1175 	.db #0xbf	; 191
   048D FF                 1176 	.db #0xff	; 255
   048E 54                 1177 	.db #0x54	; 84	'T'
   048F FC                 1178 	.db #0xfc	; 252
   0490 A8                 1179 	.db #0xa8	; 168
   0491 F8                 1180 	.db #0xf8	; 248
   0492 18                 1181 	.db #0x18	; 24
   0493 F8                 1182 	.db #0xf8	; 248
   0494 30                 1183 	.db #0x30	; 48	'0'
   0495 F0                 1184 	.db #0xf0	; 240
   0496 40                 1185 	.db #0x40	; 64
   0497 C0                 1186 	.db #0xc0	; 192
   0498 80                 1187 	.db #0x80	; 128
   0499 80                 1188 	.db #0x80	; 128
   049A 00                 1189 	.db #0x00	; 0
   049B 00                 1190 	.db #0x00	; 0
   049C 00                 1191 	.db #0x00	; 0
   049D 00                 1192 	.db #0x00	; 0
   049E 00                 1193 	.db #0x00	; 0
   049F 00                 1194 	.db #0x00	; 0
   04A0 FF                 1195 	.db #0xff	; 255
   04A1 00                 1196 	.db #0x00	; 0
   04A2 FF                 1197 	.db #0xff	; 255
   04A3 00                 1198 	.db #0x00	; 0
   04A4 FF                 1199 	.db #0xff	; 255
   04A5 50                 1200 	.db #0x50	; 80	'P'
   04A6 FF                 1201 	.db #0xff	; 255
   04A7 05                 1202 	.db #0x05	; 5
   04A8 FF                 1203 	.db #0xff	; 255
   04A9 AA                 1204 	.db #0xaa	; 170
   04AA FF                 1205 	.db #0xff	; 255
   04AB 75                 1206 	.db #0x75	; 117	'u'
   04AC FF                 1207 	.db #0xff	; 255
   04AD FF                 1208 	.db #0xff	; 255
   04AE 7F                 1209 	.db #0x7f	; 127
   04AF 7F                 1210 	.db #0x7f	; 127
   04B0 00                 1211 	.db #0x00	; 0
   04B1 00                 1212 	.db #0x00	; 0
   04B2 00                 1213 	.db #0x00	; 0
   04B3 00                 1214 	.db #0x00	; 0
   04B4 00                 1215 	.db #0x00	; 0
   04B5 00                 1216 	.db #0x00	; 0
   04B6 00                 1217 	.db #0x00	; 0
   04B7 00                 1218 	.db #0x00	; 0
   04B8 00                 1219 	.db #0x00	; 0
   04B9 00                 1220 	.db #0x00	; 0
   04BA 00                 1221 	.db #0x00	; 0
   04BB 00                 1222 	.db #0x00	; 0
   04BC 00                 1223 	.db #0x00	; 0
   04BD 00                 1224 	.db #0x00	; 0
   04BE 00                 1225 	.db #0x00	; 0
   04BF 00                 1226 	.db #0x00	; 0
   04C0 FF                 1227 	.db #0xff	; 255
   04C1 00                 1228 	.db #0x00	; 0
   04C2 FF                 1229 	.db #0xff	; 255
   04C3 00                 1230 	.db #0x00	; 0
   04C4 FF                 1231 	.db #0xff	; 255
   04C5 40                 1232 	.db #0x40	; 64
   04C6 FF                 1233 	.db #0xff	; 255
   04C7 15                 1234 	.db #0x15	; 21
   04C8 FF                 1235 	.db #0xff	; 255
   04C9 AB                 1236 	.db #0xab	; 171
   04CA FF                 1237 	.db #0xff	; 255
   04CB 77                 1238 	.db #0x77	; 119	'w'
   04CC FE                 1239 	.db #0xfe	; 254
   04CD FE                 1240 	.db #0xfe	; 254
   04CE 00                 1241 	.db #0x00	; 0
   04CF 00                 1242 	.db #0x00	; 0
   04D0 00                 1243 	.db #0x00	; 0
   04D1 00                 1244 	.db #0x00	; 0
   04D2 00                 1245 	.db #0x00	; 0
   04D3 00                 1246 	.db #0x00	; 0
   04D4 00                 1247 	.db #0x00	; 0
   04D5 00                 1248 	.db #0x00	; 0
   04D6 00                 1249 	.db #0x00	; 0
   04D7 00                 1250 	.db #0x00	; 0
   04D8 00                 1251 	.db #0x00	; 0
   04D9 00                 1252 	.db #0x00	; 0
   04DA 00                 1253 	.db #0x00	; 0
   04DB 00                 1254 	.db #0x00	; 0
   04DC 00                 1255 	.db #0x00	; 0
   04DD 00                 1256 	.db #0x00	; 0
   04DE 00                 1257 	.db #0x00	; 0
   04DF 00                 1258 	.db #0x00	; 0
   04E0 FF                 1259 	.db #0xff	; 255
   04E1 42                 1260 	.db #0x42	; 66	'B'
   04E2 FF                 1261 	.db #0xff	; 255
   04E3 17                 1262 	.db #0x17	; 23
   04E4 FF                 1263 	.db #0xff	; 255
   04E5 AB                 1264 	.db #0xab	; 171
   04E6 FE                 1265 	.db #0xfe	; 254
   04E7 5E                 1266 	.db #0x5e	; 94
   04E8 F8                 1267 	.db #0xf8	; 248
   04E9 F8                 1268 	.db #0xf8	; 248
   04EA E0                 1269 	.db #0xe0	; 224
   04EB E0                 1270 	.db #0xe0	; 224
   04EC 00                 1271 	.db #0x00	; 0
   04ED 00                 1272 	.db #0x00	; 0
   04EE 00                 1273 	.db #0x00	; 0
   04EF 00                 1274 	.db #0x00	; 0
   04F0 00                 1275 	.db #0x00	; 0
   04F1 00                 1276 	.db #0x00	; 0
   04F2 00                 1277 	.db #0x00	; 0
   04F3 00                 1278 	.db #0x00	; 0
   04F4 00                 1279 	.db #0x00	; 0
   04F5 00                 1280 	.db #0x00	; 0
   04F6 00                 1281 	.db #0x00	; 0
   04F7 00                 1282 	.db #0x00	; 0
   04F8 00                 1283 	.db #0x00	; 0
   04F9 00                 1284 	.db #0x00	; 0
   04FA 00                 1285 	.db #0x00	; 0
   04FB 00                 1286 	.db #0x00	; 0
   04FC 00                 1287 	.db #0x00	; 0
   04FD 00                 1288 	.db #0x00	; 0
   04FE 00                 1289 	.db #0x00	; 0
   04FF 00                 1290 	.db #0x00	; 0
   0500 F0                 1291 	.db #0xf0	; 240
   0501 F0                 1292 	.db #0xf0	; 240
   0502 C0                 1293 	.db #0xc0	; 192
   0503 C0                 1294 	.db #0xc0	; 192
   0504 80                 1295 	.db #0x80	; 128
   0505 80                 1296 	.db #0x80	; 128
   0506 00                 1297 	.db #0x00	; 0
   0507 00                 1298 	.db #0x00	; 0
   0508 00                 1299 	.db #0x00	; 0
   0509 00                 1300 	.db #0x00	; 0
   050A 00                 1301 	.db #0x00	; 0
   050B 00                 1302 	.db #0x00	; 0
   050C 00                 1303 	.db #0x00	; 0
   050D 00                 1304 	.db #0x00	; 0
   050E 00                 1305 	.db #0x00	; 0
   050F 00                 1306 	.db #0x00	; 0
   0510 00                 1307 	.db #0x00	; 0
   0511 00                 1308 	.db #0x00	; 0
   0512 00                 1309 	.db #0x00	; 0
   0513 00                 1310 	.db #0x00	; 0
   0514 00                 1311 	.db #0x00	; 0
   0515 00                 1312 	.db #0x00	; 0
   0516 00                 1313 	.db #0x00	; 0
   0517 00                 1314 	.db #0x00	; 0
   0518 00                 1315 	.db #0x00	; 0
   0519 00                 1316 	.db #0x00	; 0
   051A 00                 1317 	.db #0x00	; 0
   051B 00                 1318 	.db #0x00	; 0
   051C 00                 1319 	.db #0x00	; 0
   051D 00                 1320 	.db #0x00	; 0
   051E 00                 1321 	.db #0x00	; 0
   051F 00                 1322 	.db #0x00	; 0
   0520 00                 1323 	.db #0x00	; 0
   0521 00                 1324 	.db #0x00	; 0
   0522 00                 1325 	.db #0x00	; 0
   0523 00                 1326 	.db #0x00	; 0
   0524 00                 1327 	.db #0x00	; 0
   0525 00                 1328 	.db #0x00	; 0
   0526 00                 1329 	.db #0x00	; 0
   0527 00                 1330 	.db #0x00	; 0
   0528 00                 1331 	.db #0x00	; 0
   0529 00                 1332 	.db #0x00	; 0
   052A 00                 1333 	.db #0x00	; 0
   052B 00                 1334 	.db #0x00	; 0
   052C 00                 1335 	.db #0x00	; 0
   052D 00                 1336 	.db #0x00	; 0
   052E 00                 1337 	.db #0x00	; 0
   052F 00                 1338 	.db #0x00	; 0
   0530 00                 1339 	.db #0x00	; 0
   0531 00                 1340 	.db #0x00	; 0
   0532 00                 1341 	.db #0x00	; 0
   0533 00                 1342 	.db #0x00	; 0
   0534 00                 1343 	.db #0x00	; 0
   0535 00                 1344 	.db #0x00	; 0
   0536 00                 1345 	.db #0x00	; 0
   0537 00                 1346 	.db #0x00	; 0
   0538 00                 1347 	.db #0x00	; 0
   0539 00                 1348 	.db #0x00	; 0
   053A 00                 1349 	.db #0x00	; 0
   053B 00                 1350 	.db #0x00	; 0
   053C 00                 1351 	.db #0x00	; 0
   053D 00                 1352 	.db #0x00	; 0
   053E 00                 1353 	.db #0x00	; 0
   053F 00                 1354 	.db #0x00	; 0
                           1355 	.area _CABS (ABS)
