                              1 ;--------------------------------------------------------
                              2 ; File Created by SDCC : free open source ANSI-C Compiler
                              3 ; Version 4.0.0 #11528 (MINGW32)
                              4 ;--------------------------------------------------------
                              5 	.module C__Users_Mills_AppData_Local_Temp_lcc59801
                              6 	.optsdcc -mgbz80
                              7 	
                              8 ;--------------------------------------------------------
                              9 ; Public variables in this module
                             10 ;--------------------------------------------------------
                             11 	.globl _Parallax_Tiles
                             12 	.globl _Parallax_TilesPAL
                             13 ;--------------------------------------------------------
                             14 ; special function registers
                             15 ;--------------------------------------------------------
                             16 ;--------------------------------------------------------
                             17 ; ram data
                             18 ;--------------------------------------------------------
                             19 	.area _DATA
                             20 ;--------------------------------------------------------
                             21 ; absolute external ram data
                             22 ;--------------------------------------------------------
                             23 	.area _DABS (ABS)
                             24 ;--------------------------------------------------------
                             25 ; global & static initialisations
                             26 ;--------------------------------------------------------
                             27 	.area _HOME
                             28 	.area _GSINIT
                             29 	.area _GSFINAL
                             30 	.area _GSINIT
                             31 ;--------------------------------------------------------
                             32 ; Home
                             33 ;--------------------------------------------------------
                             34 	.area _HOME
                             35 	.area _HOME
                             36 ;--------------------------------------------------------
                             37 ; code
                             38 ;--------------------------------------------------------
                             39 	.area _CODE_11
                             40 	.area _CODE_11
   0000                      41 _Parallax_TilesPAL:
   0000 E5 7C                42 	.dw #0x7ce5
   0002 FF 7F                43 	.dw #0x7fff
   0004 D6 5A                44 	.dw #0x5ad6
   0006 00 00                45 	.dw #0x0000
   0008 E0 7F                46 	.dw #0x7fe0
   000A EA 02                47 	.dw #0x02ea
   000C A3 05                48 	.dw #0x05a3
   000E 00 00                49 	.dw #0x0000
   0010 FF 7F                50 	.dw #0x7fff
   0012 E6 1F                51 	.dw #0x1fe6
   0014 C1 05                52 	.dw #0x05c1
   0016 00 00                53 	.dw #0x0000
   0018 FF 7F                54 	.dw #0x7fff
   001A 5F 2F                55 	.dw #0x2f5f
   001C 30 05                56 	.dw #0x0530
   001E 00 04                57 	.dw #0x0400
   0020 00 5C                58 	.dw #0x5c00
   0022 FE 0F                59 	.dw #0x0ffe
   0024 A3 05                60 	.dw #0x05a3
   0026 DB 7B                61 	.dw #0x7bdb
   0028 FF 7F                62 	.dw #0x7fff
   002A 5C 7C                63 	.dw #0x7c5c
   002C 11 4C                64 	.dw #0x4c11
   002E 00 00                65 	.dw #0x0000
   0030 FF 7F                66 	.dw #0x7fff
   0032 9E 7B                67 	.dw #0x7b9e
   0034 5C 7C                68 	.dw #0x7c5c
   0036 00 00                69 	.dw #0x0000
   0038 FF 7F                70 	.dw #0x7fff
   003A 9E 5B                71 	.dw #0x5b9e
   003C BD 00                72 	.dw #0x00bd
   003E 00 00                73 	.dw #0x0000
   0040                      74 _Parallax_Tiles:
   0040 00                   75 	.db #0x00	; 0
   0041 00                   76 	.db #0x00	; 0
   0042 00                   77 	.db #0x00	; 0
   0043 00                   78 	.db #0x00	; 0
   0044 00                   79 	.db #0x00	; 0
   0045 00                   80 	.db #0x00	; 0
   0046 00                   81 	.db #0x00	; 0
   0047 00                   82 	.db #0x00	; 0
   0048 00                   83 	.db #0x00	; 0
   0049 00                   84 	.db #0x00	; 0
   004A 00                   85 	.db #0x00	; 0
   004B 00                   86 	.db #0x00	; 0
   004C 00                   87 	.db #0x00	; 0
   004D 00                   88 	.db #0x00	; 0
   004E 00                   89 	.db #0x00	; 0
   004F 00                   90 	.db #0x00	; 0
   0050 00                   91 	.db #0x00	; 0
   0051 00                   92 	.db #0x00	; 0
   0052 00                   93 	.db #0x00	; 0
   0053 00                   94 	.db #0x00	; 0
   0054 00                   95 	.db #0x00	; 0
   0055 00                   96 	.db #0x00	; 0
   0056 00                   97 	.db #0x00	; 0
   0057 00                   98 	.db #0x00	; 0
   0058 00                   99 	.db #0x00	; 0
   0059 00                  100 	.db #0x00	; 0
   005A 00                  101 	.db #0x00	; 0
   005B 00                  102 	.db #0x00	; 0
   005C 00                  103 	.db #0x00	; 0
   005D 00                  104 	.db #0x00	; 0
   005E 00                  105 	.db #0x00	; 0
   005F 00                  106 	.db #0x00	; 0
   0060 00                  107 	.db #0x00	; 0
   0061 00                  108 	.db #0x00	; 0
   0062 00                  109 	.db #0x00	; 0
   0063 00                  110 	.db #0x00	; 0
   0064 00                  111 	.db #0x00	; 0
   0065 00                  112 	.db #0x00	; 0
   0066 00                  113 	.db #0x00	; 0
   0067 00                  114 	.db #0x00	; 0
   0068 00                  115 	.db #0x00	; 0
   0069 00                  116 	.db #0x00	; 0
   006A 00                  117 	.db #0x00	; 0
   006B 00                  118 	.db #0x00	; 0
   006C 00                  119 	.db #0x00	; 0
   006D 00                  120 	.db #0x00	; 0
   006E 00                  121 	.db #0x00	; 0
   006F 00                  122 	.db #0x00	; 0
   0070 00                  123 	.db #0x00	; 0
   0071 FF                  124 	.db #0xff	; 255
   0072 00                  125 	.db #0x00	; 0
   0073 FF                  126 	.db #0xff	; 255
   0074 00                  127 	.db #0x00	; 0
   0075 FF                  128 	.db #0xff	; 255
   0076 08                  129 	.db #0x08	; 8
   0077 FF                  130 	.db #0xff	; 255
   0078 15                  131 	.db #0x15	; 21
   0079 FF                  132 	.db #0xff	; 255
   007A AA                  133 	.db #0xaa	; 170
   007B FF                  134 	.db #0xff	; 255
   007C DD                  135 	.db #0xdd	; 221
   007D FF                  136 	.db #0xff	; 255
   007E FF                  137 	.db #0xff	; 255
   007F FF                  138 	.db #0xff	; 255
   0080 FF                  139 	.db #0xff	; 255
   0081 FF                  140 	.db #0xff	; 255
   0082 FF                  141 	.db #0xff	; 255
   0083 C0                  142 	.db #0xc0	; 192
   0084 FF                  143 	.db #0xff	; 255
   0085 80                  144 	.db #0x80	; 128
   0086 FF                  145 	.db #0xff	; 255
   0087 80                  146 	.db #0x80	; 128
   0088 FF                  147 	.db #0xff	; 255
   0089 80                  148 	.db #0x80	; 128
   008A FF                  149 	.db #0xff	; 255
   008B 80                  150 	.db #0x80	; 128
   008C FF                  151 	.db #0xff	; 255
   008D 80                  152 	.db #0x80	; 128
   008E FF                  153 	.db #0xff	; 255
   008F 80                  154 	.db #0x80	; 128
   0090 FF                  155 	.db #0xff	; 255
   0091 FF                  156 	.db #0xff	; 255
   0092 FF                  157 	.db #0xff	; 255
   0093 03                  158 	.db #0x03	; 3
   0094 FF                  159 	.db #0xff	; 255
   0095 01                  160 	.db #0x01	; 1
   0096 FF                  161 	.db #0xff	; 255
   0097 03                  162 	.db #0x03	; 3
   0098 FD                  163 	.db #0xfd	; 253
   0099 07                  164 	.db #0x07	; 7
   009A F9                  165 	.db #0xf9	; 249
   009B 2F                  166 	.db #0x2f	; 47
   009C D1                  167 	.db #0xd1	; 209
   009D 7F                  168 	.db #0x7f	; 127
   009E 81                  169 	.db #0x81	; 129
   009F FF                  170 	.db #0xff	; 255
   00A0 FF                  171 	.db #0xff	; 255
   00A1 81                  172 	.db #0x81	; 129
   00A2 FE                  173 	.db #0xfe	; 254
   00A3 8B                  174 	.db #0x8b	; 139
   00A4 F4                  175 	.db #0xf4	; 244
   00A5 9F                  176 	.db #0x9f	; 159
   00A6 E0                  177 	.db #0xe0	; 224
   00A7 BF                  178 	.db #0xbf	; 191
   00A8 C0                  179 	.db #0xc0	; 192
   00A9 FF                  180 	.db #0xff	; 255
   00AA 80                  181 	.db #0x80	; 128
   00AB FF                  182 	.db #0xff	; 255
   00AC C0                  183 	.db #0xc0	; 192
   00AD FF                  184 	.db #0xff	; 255
   00AE FF                  185 	.db #0xff	; 255
   00AF FF                  186 	.db #0xff	; 255
   00B0 01                  187 	.db #0x01	; 1
   00B1 FF                  188 	.db #0xff	; 255
   00B2 01                  189 	.db #0x01	; 1
   00B3 FF                  190 	.db #0xff	; 255
   00B4 01                  191 	.db #0x01	; 1
   00B5 FF                  192 	.db #0xff	; 255
   00B6 01                  193 	.db #0x01	; 1
   00B7 FF                  194 	.db #0xff	; 255
   00B8 01                  195 	.db #0x01	; 1
   00B9 FF                  196 	.db #0xff	; 255
   00BA 01                  197 	.db #0x01	; 1
   00BB FF                  198 	.db #0xff	; 255
   00BC 03                  199 	.db #0x03	; 3
   00BD FF                  200 	.db #0xff	; 255
   00BE FF                  201 	.db #0xff	; 255
   00BF FF                  202 	.db #0xff	; 255
   00C0 FF                  203 	.db #0xff	; 255
   00C1 FF                  204 	.db #0xff	; 255
   00C2 FF                  205 	.db #0xff	; 255
   00C3 00                  206 	.db #0x00	; 0
   00C4 FF                  207 	.db #0xff	; 255
   00C5 00                  208 	.db #0x00	; 0
   00C6 FF                  209 	.db #0xff	; 255
   00C7 00                  210 	.db #0x00	; 0
   00C8 FF                  211 	.db #0xff	; 255
   00C9 00                  212 	.db #0x00	; 0
   00CA FF                  213 	.db #0xff	; 255
   00CB 00                  214 	.db #0x00	; 0
   00CC FF                  215 	.db #0xff	; 255
   00CD 10                  216 	.db #0x10	; 16
   00CE EF                  217 	.db #0xef	; 239
   00CF 3A                  218 	.db #0x3a	; 58
   00D0 C5                  219 	.db #0xc5	; 197
   00D1 7F                  220 	.db #0x7f	; 127
   00D2 80                  221 	.db #0x80	; 128
   00D3 FF                  222 	.db #0xff	; 255
   00D4 00                  223 	.db #0x00	; 0
   00D5 FF                  224 	.db #0xff	; 255
   00D6 00                  225 	.db #0x00	; 0
   00D7 FF                  226 	.db #0xff	; 255
   00D8 00                  227 	.db #0x00	; 0
   00D9 FF                  228 	.db #0xff	; 255
   00DA 00                  229 	.db #0x00	; 0
   00DB FF                  230 	.db #0xff	; 255
   00DC 00                  231 	.db #0x00	; 0
   00DD FF                  232 	.db #0xff	; 255
   00DE FF                  233 	.db #0xff	; 255
   00DF FF                  234 	.db #0xff	; 255
   00E0 FF                  235 	.db #0xff	; 255
   00E1 FF                  236 	.db #0xff	; 255
   00E2 DD                  237 	.db #0xdd	; 221
   00E3 FF                  238 	.db #0xff	; 255
   00E4 AA                  239 	.db #0xaa	; 170
   00E5 FF                  240 	.db #0xff	; 255
   00E6 15                  241 	.db #0x15	; 21
   00E7 FF                  242 	.db #0xff	; 255
   00E8 08                  243 	.db #0x08	; 8
   00E9 FF                  244 	.db #0xff	; 255
   00EA 00                  245 	.db #0x00	; 0
   00EB FF                  246 	.db #0xff	; 255
   00EC 00                  247 	.db #0x00	; 0
   00ED FF                  248 	.db #0xff	; 255
   00EE 00                  249 	.db #0x00	; 0
   00EF FF                  250 	.db #0xff	; 255
   00F0 FF                  251 	.db #0xff	; 255
   00F1 FF                  252 	.db #0xff	; 255
   00F2 85                  253 	.db #0x85	; 133
   00F3 FF                  254 	.db #0xff	; 255
   00F4 82                  255 	.db #0x82	; 130
   00F5 FF                  256 	.db #0xff	; 255
   00F6 A0                  257 	.db #0xa0	; 160
   00F7 DF                  258 	.db #0xdf	; 223
   00F8 D0                  259 	.db #0xd0	; 208
   00F9 AF                  260 	.db #0xaf	; 175
   00FA E8                  261 	.db #0xe8	; 232
   00FB 97                  262 	.db #0x97	; 151
   00FC F0                  263 	.db #0xf0	; 240
   00FD 8F                  264 	.db #0x8f	; 143
   00FE D8                  265 	.db #0xd8	; 216
   00FF A7                  266 	.db #0xa7	; 167
   0100 FF                  267 	.db #0xff	; 255
   0101 FF                  268 	.db #0xff	; 255
   0102 5F                  269 	.db #0x5f	; 95
   0103 FF                  270 	.db #0xff	; 255
   0104 AF                  271 	.db #0xaf	; 175
   0105 FF                  272 	.db #0xff	; 255
   0106 17                  273 	.db #0x17	; 23
   0107 FF                  274 	.db #0xff	; 255
   0108 0F                  275 	.db #0x0f	; 15
   0109 FF                  276 	.db #0xff	; 255
   010A 17                  277 	.db #0x17	; 23
   010B FF                  278 	.db #0xff	; 255
   010C 2B                  279 	.db #0x2b	; 43
   010D FF                  280 	.db #0xff	; 255
   010E 17                  281 	.db #0x17	; 23
   010F FF                  282 	.db #0xff	; 255
   0110 E8                  283 	.db #0xe8	; 232
   0111 97                  284 	.db #0x97	; 151
   0112 F0                  285 	.db #0xf0	; 240
   0113 8F                  286 	.db #0x8f	; 143
   0114 E8                  287 	.db #0xe8	; 232
   0115 97                  288 	.db #0x97	; 151
   0116 F0                  289 	.db #0xf0	; 240
   0117 8F                  290 	.db #0x8f	; 143
   0118 E8                  291 	.db #0xe8	; 232
   0119 97                  292 	.db #0x97	; 151
   011A F4                  293 	.db #0xf4	; 244
   011B 8B                  294 	.db #0x8b	; 139
   011C E8                  295 	.db #0xe8	; 232
   011D 97                  296 	.db #0x97	; 151
   011E F0                  297 	.db #0xf0	; 240
   011F 8F                  298 	.db #0x8f	; 143
   0120 0F                  299 	.db #0x0f	; 15
   0121 FF                  300 	.db #0xff	; 255
   0122 17                  301 	.db #0x17	; 23
   0123 FF                  302 	.db #0xff	; 255
   0124 07                  303 	.db #0x07	; 7
   0125 FF                  304 	.db #0xff	; 255
   0126 0B                  305 	.db #0x0b	; 11
   0127 FF                  306 	.db #0xff	; 255
   0128 07                  307 	.db #0x07	; 7
   0129 FF                  308 	.db #0xff	; 255
   012A 0B                  309 	.db #0x0b	; 11
   012B FF                  310 	.db #0xff	; 255
   012C 0F                  311 	.db #0x0f	; 15
   012D FF                  312 	.db #0xff	; 255
   012E 03                  313 	.db #0x03	; 3
   012F FF                  314 	.db #0xff	; 255
   0130 78                  315 	.db #0x78	; 120	'x'
   0131 87                  316 	.db #0x87	; 135
   0132 FC                  317 	.db #0xfc	; 252
   0133 03                  318 	.db #0x03	; 3
   0134 FC                  319 	.db #0xfc	; 252
   0135 03                  320 	.db #0x03	; 3
   0136 FC                  321 	.db #0xfc	; 252
   0137 03                  322 	.db #0x03	; 3
   0138 FC                  323 	.db #0xfc	; 252
   0139 03                  324 	.db #0x03	; 3
   013A 78                  325 	.db #0x78	; 120	'x'
   013B 87                  326 	.db #0x87	; 135
   013C 00                  327 	.db #0x00	; 0
   013D FF                  328 	.db #0xff	; 255
   013E 00                  329 	.db #0x00	; 0
   013F FF                  330 	.db #0xff	; 255
   0140 FB                  331 	.db #0xfb	; 251
   0141 87                  332 	.db #0x87	; 135
   0142 DF                  333 	.db #0xdf	; 223
   0143 A7                  334 	.db #0xa7	; 167
   0144 FB                  335 	.db #0xfb	; 251
   0145 87                  336 	.db #0x87	; 135
   0146 F3                  337 	.db #0xf3	; 243
   0147 8F                  338 	.db #0x8f	; 143
   0148 F9                  339 	.db #0xf9	; 249
   0149 87                  340 	.db #0x87	; 135
   014A FB                  341 	.db #0xfb	; 251
   014B 87                  342 	.db #0x87	; 135
   014C E9                  343 	.db #0xe9	; 233
   014D 97                  344 	.db #0x97	; 151
   014E FB                  345 	.db #0xfb	; 251
   014F 87                  346 	.db #0x87	; 135
   0150 FF                  347 	.db #0xff	; 255
   0151 FF                  348 	.db #0xff	; 255
   0152 C0                  349 	.db #0xc0	; 192
   0153 FF                  350 	.db #0xff	; 255
   0154 9F                  351 	.db #0x9f	; 159
   0155 E0                  352 	.db #0xe0	; 224
   0156 BE                  353 	.db #0xbe	; 190
   0157 C1                  354 	.db #0xc1	; 193
   0158 B0                  355 	.db #0xb0	; 176
   0159 CF                  356 	.db #0xcf	; 207
   015A A0                  357 	.db #0xa0	; 160
   015B DF                  358 	.db #0xdf	; 223
   015C A0                  359 	.db #0xa0	; 160
   015D DF                  360 	.db #0xdf	; 223
   015E 80                  361 	.db #0x80	; 128
   015F FF                  362 	.db #0xff	; 255
   0160 FF                  363 	.db #0xff	; 255
   0161 FF                  364 	.db #0xff	; 255
   0162 FF                  365 	.db #0xff	; 255
   0163 00                  366 	.db #0x00	; 0
   0164 FF                  367 	.db #0xff	; 255
   0165 00                  368 	.db #0x00	; 0
   0166 FF                  369 	.db #0xff	; 255
   0167 00                  370 	.db #0x00	; 0
   0168 FF                  371 	.db #0xff	; 255
   0169 00                  372 	.db #0x00	; 0
   016A FF                  373 	.db #0xff	; 255
   016B 00                  374 	.db #0x00	; 0
   016C FF                  375 	.db #0xff	; 255
   016D 00                  376 	.db #0x00	; 0
   016E FF                  377 	.db #0xff	; 255
   016F 00                  378 	.db #0x00	; 0
   0170 FF                  379 	.db #0xff	; 255
   0171 FF                  380 	.db #0xff	; 255
   0172 FF                  381 	.db #0xff	; 255
   0173 0F                  382 	.db #0x0f	; 15
   0174 FD                  383 	.db #0xfd	; 253
   0175 03                  384 	.db #0x03	; 3
   0176 B9                  385 	.db #0xb9	; 185
   0177 47                  386 	.db #0x47	; 71	'G'
   0178 F1                  387 	.db #0xf1	; 241
   0179 0F                  388 	.db #0x0f	; 15
   017A E1                  389 	.db #0xe1	; 225
   017B 1F                  390 	.db #0x1f	; 31
   017C 71                  391 	.db #0x71	; 113	'q'
   017D 8F                  392 	.db #0x8f	; 143
   017E D1                  393 	.db #0xd1	; 209
   017F 2F                  394 	.db #0x2f	; 47
   0180 FF                  395 	.db #0xff	; 255
   0181 80                  396 	.db #0x80	; 128
   0182 FF                  397 	.db #0xff	; 255
   0183 80                  398 	.db #0x80	; 128
   0184 FF                  399 	.db #0xff	; 255
   0185 80                  400 	.db #0x80	; 128
   0186 FB                  401 	.db #0xfb	; 251
   0187 84                  402 	.db #0x84	; 132
   0188 FF                  403 	.db #0xff	; 255
   0189 80                  404 	.db #0x80	; 128
   018A FF                  405 	.db #0xff	; 255
   018B 80                  406 	.db #0x80	; 128
   018C DE                  407 	.db #0xde	; 222
   018D A1                  408 	.db #0xa1	; 161
   018E FF                  409 	.db #0xff	; 255
   018F 80                  410 	.db #0x80	; 128
   0190 F7                  411 	.db #0xf7	; 247
   0191 88                  412 	.db #0x88	; 136
   0192 DF                  413 	.db #0xdf	; 223
   0193 A0                  414 	.db #0xa0	; 160
   0194 FC                  415 	.db #0xfc	; 252
   0195 83                  416 	.db #0x83	; 131
   0196 80                  417 	.db #0x80	; 128
   0197 FF                  418 	.db #0xff	; 255
   0198 80                  419 	.db #0x80	; 128
   0199 FF                  420 	.db #0xff	; 255
   019A C0                  421 	.db #0xc0	; 192
   019B FF                  422 	.db #0xff	; 255
   019C C1                  423 	.db #0xc1	; 193
   019D FF                  424 	.db #0xff	; 255
   019E FF                  425 	.db #0xff	; 255
   019F FF                  426 	.db #0xff	; 255
   01A0 EF                  427 	.db #0xef	; 239
   01A1 10                  428 	.db #0x10	; 16
   01A2 78                  429 	.db #0x78	; 120	'x'
   01A3 87                  430 	.db #0x87	; 135
   01A4 12                  431 	.db #0x12	; 18
   01A5 ED                  432 	.db #0xed	; 237
   01A6 80                  433 	.db #0x80	; 128
   01A7 7F                  434 	.db #0x7f	; 127
   01A8 00                  435 	.db #0x00	; 0
   01A9 FF                  436 	.db #0xff	; 255
   01AA 08                  437 	.db #0x08	; 8
   01AB FF                  438 	.db #0xff	; 255
   01AC 55                  439 	.db #0x55	; 85	'U'
   01AD FF                  440 	.db #0xff	; 255
   01AE FF                  441 	.db #0xff	; 255
   01AF FF                  442 	.db #0xff	; 255
   01B0 A1                  443 	.db #0xa1	; 161
   01B1 5F                  444 	.db #0x5f	; 95
   01B2 43                  445 	.db #0x43	; 67	'C'
   01B3 BF                  446 	.db #0xbf	; 191
   01B4 01                  447 	.db #0x01	; 1
   01B5 FF                  448 	.db #0xff	; 255
   01B6 03                  449 	.db #0x03	; 3
   01B7 FF                  450 	.db #0xff	; 255
   01B8 15                  451 	.db #0x15	; 21
   01B9 FF                  452 	.db #0xff	; 255
   01BA AB                  453 	.db #0xab	; 171
   01BB FF                  454 	.db #0xff	; 255
   01BC 57                  455 	.db #0x57	; 87	'W'
   01BD FF                  456 	.db #0xff	; 255
   01BE FF                  457 	.db #0xff	; 255
   01BF FF                  458 	.db #0xff	; 255
   01C0 F1                  459 	.db #0xf1	; 241
   01C1 0F                  460 	.db #0x0f	; 15
   01C2 B9                  461 	.db #0xb9	; 185
   01C3 47                  462 	.db #0x47	; 71	'G'
   01C4 F1                  463 	.db #0xf1	; 241
   01C5 0F                  464 	.db #0x0f	; 15
   01C6 E1                  465 	.db #0xe1	; 225
   01C7 1F                  466 	.db #0x1f	; 31
   01C8 F1                  467 	.db #0xf1	; 241
   01C9 0F                  468 	.db #0x0f	; 15
   01CA F9                  469 	.db #0xf9	; 249
   01CB 07                  470 	.db #0x07	; 7
   01CC D1                  471 	.db #0xd1	; 209
   01CD 2F                  472 	.db #0x2f	; 47
   01CE F1                  473 	.db #0xf1	; 241
   01CF 0F                  474 	.db #0x0f	; 15
   01D0 FF                  475 	.db #0xff	; 255
   01D1 00                  476 	.db #0x00	; 0
   01D2 FF                  477 	.db #0xff	; 255
   01D3 00                  478 	.db #0x00	; 0
   01D4 FF                  479 	.db #0xff	; 255
   01D5 00                  480 	.db #0x00	; 0
   01D6 FF                  481 	.db #0xff	; 255
   01D7 00                  482 	.db #0x00	; 0
   01D8 FF                  483 	.db #0xff	; 255
   01D9 00                  484 	.db #0x00	; 0
   01DA FF                  485 	.db #0xff	; 255
   01DB 00                  486 	.db #0x00	; 0
   01DC FF                  487 	.db #0xff	; 255
   01DD 00                  488 	.db #0x00	; 0
   01DE FF                  489 	.db #0xff	; 255
   01DF 00                  490 	.db #0x00	; 0
   01E0 FF                  491 	.db #0xff	; 255
   01E1 FF                  492 	.db #0xff	; 255
   01E2 E0                  493 	.db #0xe0	; 224
   01E3 FF                  494 	.db #0xff	; 255
   01E4 9F                  495 	.db #0x9f	; 159
   01E5 E0                  496 	.db #0xe0	; 224
   01E6 BE                  497 	.db #0xbe	; 190
   01E7 C1                  498 	.db #0xc1	; 193
   01E8 B0                  499 	.db #0xb0	; 176
   01E9 CF                  500 	.db #0xcf	; 207
   01EA A0                  501 	.db #0xa0	; 160
   01EB DF                  502 	.db #0xdf	; 223
   01EC 80                  503 	.db #0x80	; 128
   01ED FF                  504 	.db #0xff	; 255
   01EE 85                  505 	.db #0x85	; 133
   01EF FF                  506 	.db #0xff	; 255
   01F0 FF                  507 	.db #0xff	; 255
   01F1 FF                  508 	.db #0xff	; 255
   01F2 E0                  509 	.db #0xe0	; 224
   01F3 1F                  510 	.db #0x1f	; 31
   01F4 00                  511 	.db #0x00	; 0
   01F5 FF                  512 	.db #0xff	; 255
   01F6 00                  513 	.db #0x00	; 0
   01F7 FF                  514 	.db #0xff	; 255
   01F8 00                  515 	.db #0x00	; 0
   01F9 FF                  516 	.db #0xff	; 255
   01FA 04                  517 	.db #0x04	; 4
   01FB FF                  518 	.db #0xff	; 255
   01FC 2A                  519 	.db #0x2a	; 42
   01FD FF                  520 	.db #0xff	; 255
   01FE 5F                  521 	.db #0x5f	; 95
   01FF FF                  522 	.db #0xff	; 255
   0200 FF                  523 	.db #0xff	; 255
   0201 FF                  524 	.db #0xff	; 255
   0202 87                  525 	.db #0x87	; 135
   0203 7F                  526 	.db #0x7f	; 127
   0204 01                  527 	.db #0x01	; 1
   0205 FF                  528 	.db #0xff	; 255
   0206 0B                  529 	.db #0x0b	; 11
   0207 FF                  530 	.db #0xff	; 255
   0208 27                  531 	.db #0x27	; 39
   0209 FF                  532 	.db #0xff	; 255
   020A 1B                  533 	.db #0x1b	; 27
   020B FF                  534 	.db #0xff	; 255
   020C AF                  535 	.db #0xaf	; 175
   020D FF                  536 	.db #0xff	; 255
   020E FF                  537 	.db #0xff	; 255
   020F FF                  538 	.db #0xff	; 255
   0210 00                  539 	.db #0x00	; 0
   0211 00                  540 	.db #0x00	; 0
   0212 00                  541 	.db #0x00	; 0
   0213 00                  542 	.db #0x00	; 0
   0214 00                  543 	.db #0x00	; 0
   0215 00                  544 	.db #0x00	; 0
   0216 00                  545 	.db #0x00	; 0
   0217 00                  546 	.db #0x00	; 0
   0218 03                  547 	.db #0x03	; 3
   0219 03                  548 	.db #0x03	; 3
   021A 0F                  549 	.db #0x0f	; 15
   021B 0C                  550 	.db #0x0c	; 12
   021C 1F                  551 	.db #0x1f	; 31
   021D 10                  552 	.db #0x10	; 16
   021E 3F                  553 	.db #0x3f	; 63
   021F 20                  554 	.db #0x20	; 32
   0220 01                  555 	.db #0x01	; 1
   0221 01                  556 	.db #0x01	; 1
   0222 07                  557 	.db #0x07	; 7
   0223 06                  558 	.db #0x06	; 6
   0224 0F                  559 	.db #0x0f	; 15
   0225 08                  560 	.db #0x08	; 8
   0226 1F                  561 	.db #0x1f	; 31
   0227 10                  562 	.db #0x10	; 16
   0228 FF                  563 	.db #0xff	; 255
   0229 E0                  564 	.db #0xe0	; 224
   022A FF                  565 	.db #0xff	; 255
   022B 20                  566 	.db #0x20	; 32
   022C FF                  567 	.db #0xff	; 255
   022D 40                  568 	.db #0x40	; 64
   022E FF                  569 	.db #0xff	; 255
   022F 40                  570 	.db #0x40	; 64
   0230 E0                  571 	.db #0xe0	; 224
   0231 E0                  572 	.db #0xe0	; 224
   0232 F8                  573 	.db #0xf8	; 248
   0233 18                  574 	.db #0x18	; 24
   0234 FC                  575 	.db #0xfc	; 252
   0235 04                  576 	.db #0x04	; 4
   0236 FE                  577 	.db #0xfe	; 254
   0237 02                  578 	.db #0x02	; 2
   0238 F9                  579 	.db #0xf9	; 249
   0239 07                  580 	.db #0x07	; 7
   023A F1                  581 	.db #0xf1	; 241
   023B 0F                  582 	.db #0x0f	; 15
   023C A0                  583 	.db #0xa0	; 160
   023D 5F                  584 	.db #0x5f	; 95
   023E 80                  585 	.db #0x80	; 128
   023F 7F                  586 	.db #0x7f	; 127
   0240 00                  587 	.db #0x00	; 0
   0241 00                  588 	.db #0x00	; 0
   0242 00                  589 	.db #0x00	; 0
   0243 00                  590 	.db #0x00	; 0
   0244 00                  591 	.db #0x00	; 0
   0245 00                  592 	.db #0x00	; 0
   0246 00                  593 	.db #0x00	; 0
   0247 00                  594 	.db #0x00	; 0
   0248 00                  595 	.db #0x00	; 0
   0249 00                  596 	.db #0x00	; 0
   024A 00                  597 	.db #0x00	; 0
   024B 00                  598 	.db #0x00	; 0
   024C 80                  599 	.db #0x80	; 128
   024D 80                  600 	.db #0x80	; 128
   024E 40                  601 	.db #0x40	; 64
   024F C0                  602 	.db #0xc0	; 192
   0250 7F                  603 	.db #0x7f	; 127
   0251 40                  604 	.db #0x40	; 64
   0252 7F                  605 	.db #0x7f	; 127
   0253 40                  606 	.db #0x40	; 64
   0254 FF                  607 	.db #0xff	; 255
   0255 80                  608 	.db #0x80	; 128
   0256 FF                  609 	.db #0xff	; 255
   0257 80                  610 	.db #0x80	; 128
   0258 FF                  611 	.db #0xff	; 255
   0259 80                  612 	.db #0x80	; 128
   025A FF                  613 	.db #0xff	; 255
   025B 80                  614 	.db #0x80	; 128
   025C FF                  615 	.db #0xff	; 255
   025D 80                  616 	.db #0x80	; 128
   025E 7E                  617 	.db #0x7e	; 126
   025F 41                  618 	.db #0x41	; 65	'A'
   0260 FC                  619 	.db #0xfc	; 252
   0261 03                  620 	.db #0x03	; 3
   0262 FC                  621 	.db #0xfc	; 252
   0263 03                  622 	.db #0x03	; 3
   0264 FE                  623 	.db #0xfe	; 254
   0265 01                  624 	.db #0x01	; 1
   0266 FC                  625 	.db #0xfc	; 252
   0267 03                  626 	.db #0x03	; 3
   0268 F0                  627 	.db #0xf0	; 240
   0269 0F                  628 	.db #0x0f	; 15
   026A C0                  629 	.db #0xc0	; 192
   026B 3F                  630 	.db #0x3f	; 63
   026C 80                  631 	.db #0x80	; 128
   026D 7F                  632 	.db #0x7f	; 127
   026E 00                  633 	.db #0x00	; 0
   026F FF                  634 	.db #0xff	; 255
   0270 01                  635 	.db #0x01	; 1
   0271 FE                  636 	.db #0xfe	; 254
   0272 03                  637 	.db #0x03	; 3
   0273 FC                  638 	.db #0xfc	; 252
   0274 0F                  639 	.db #0x0f	; 15
   0275 FE                  640 	.db #0xfe	; 254
   0276 1F                  641 	.db #0x1f	; 31
   0277 F0                  642 	.db #0xf0	; 240
   0278 3F                  643 	.db #0x3f	; 63
   0279 E0                  644 	.db #0xe0	; 224
   027A 7F                  645 	.db #0x7f	; 127
   027B C0                  646 	.db #0xc0	; 192
   027C 7E                  647 	.db #0x7e	; 126
   027D C1                  648 	.db #0xc1	; 193
   027E 7C                  649 	.db #0x7c	; 124
   027F C3                  650 	.db #0xc3	; 195
   0280 F0                  651 	.db #0xf0	; 240
   0281 30                  652 	.db #0x30	; 48	'0'
   0282 FC                  653 	.db #0xfc	; 252
   0283 0C                  654 	.db #0x0c	; 12
   0284 FA                  655 	.db #0xfa	; 250
   0285 06                  656 	.db #0x06	; 6
   0286 F1                  657 	.db #0xf1	; 241
   0287 0F                  658 	.db #0x0f	; 15
   0288 F1                  659 	.db #0xf1	; 241
   0289 0F                  660 	.db #0x0f	; 15
   028A 81                  661 	.db #0x81	; 129
   028B 7F                  662 	.db #0x7f	; 127
   028C 01                  663 	.db #0x01	; 1
   028D FF                  664 	.db #0xff	; 255
   028E 01                  665 	.db #0x01	; 1
   028F FF                  666 	.db #0xff	; 255
   0290 78                  667 	.db #0x78	; 120	'x'
   0291 47                  668 	.db #0x47	; 71	'G'
   0292 20                  669 	.db #0x20	; 32
   0293 3F                  670 	.db #0x3f	; 63
   0294 10                  671 	.db #0x10	; 16
   0295 1F                  672 	.db #0x1f	; 31
   0296 0C                  673 	.db #0x0c	; 12
   0297 0F                  674 	.db #0x0f	; 15
   0298 03                  675 	.db #0x03	; 3
   0299 03                  676 	.db #0x03	; 3
   029A 00                  677 	.db #0x00	; 0
   029B 00                  678 	.db #0x00	; 0
   029C 00                  679 	.db #0x00	; 0
   029D 00                  680 	.db #0x00	; 0
   029E 00                  681 	.db #0x00	; 0
   029F 00                  682 	.db #0x00	; 0
   02A0 00                  683 	.db #0x00	; 0
   02A1 FF                  684 	.db #0xff	; 255
   02A2 00                  685 	.db #0x00	; 0
   02A3 FF                  686 	.db #0xff	; 255
   02A4 00                  687 	.db #0x00	; 0
   02A5 FF                  688 	.db #0xff	; 255
   02A6 00                  689 	.db #0x00	; 0
   02A7 FF                  690 	.db #0xff	; 255
   02A8 80                  691 	.db #0x80	; 128
   02A9 FF                  692 	.db #0xff	; 255
   02AA 7F                  693 	.db #0x7f	; 127
   02AB 7F                  694 	.db #0x7f	; 127
   02AC 00                  695 	.db #0x00	; 0
   02AD 00                  696 	.db #0x00	; 0
   02AE 00                  697 	.db #0x00	; 0
   02AF 00                  698 	.db #0x00	; 0
   02B0 38                  699 	.db #0x38	; 56	'8'
   02B1 C7                  700 	.db #0xc7	; 199
   02B2 10                  701 	.db #0x10	; 16
   02B3 EF                  702 	.db #0xef	; 239
   02B4 00                  703 	.db #0x00	; 0
   02B5 FF                  704 	.db #0xff	; 255
   02B6 00                  705 	.db #0x00	; 0
   02B7 FF                  706 	.db #0xff	; 255
   02B8 00                  707 	.db #0x00	; 0
   02B9 FF                  708 	.db #0xff	; 255
   02BA C0                  709 	.db #0xc0	; 192
   02BB FF                  710 	.db #0xff	; 255
   02BC 30                  711 	.db #0x30	; 48	'0'
   02BD 3F                  712 	.db #0x3f	; 63
   02BE 0F                  713 	.db #0x0f	; 15
   02BF 0F                  714 	.db #0x0f	; 15
   02C0 01                  715 	.db #0x01	; 1
   02C1 FF                  716 	.db #0xff	; 255
   02C2 01                  717 	.db #0x01	; 1
   02C3 FF                  718 	.db #0xff	; 255
   02C4 02                  719 	.db #0x02	; 2
   02C5 FE                  720 	.db #0xfe	; 254
   02C6 02                  721 	.db #0x02	; 2
   02C7 FE                  722 	.db #0xfe	; 254
   02C8 04                  723 	.db #0x04	; 4
   02C9 FC                  724 	.db #0xfc	; 252
   02CA 08                  725 	.db #0x08	; 8
   02CB F8                  726 	.db #0xf8	; 248
   02CC 30                  727 	.db #0x30	; 48	'0'
   02CD F0                  728 	.db #0xf0	; 240
   02CE C0                  729 	.db #0xc0	; 192
   02CF C0                  730 	.db #0xc0	; 192
   02D0 FF                  731 	.db #0xff	; 255
   02D1 FF                  732 	.db #0xff	; 255
   02D2 C3                  733 	.db #0xc3	; 195
   02D3 FC                  734 	.db #0xfc	; 252
   02D4 C5                  735 	.db #0xc5	; 197
   02D5 FA                  736 	.db #0xfa	; 250
   02D6 C3                  737 	.db #0xc3	; 195
   02D7 FC                  738 	.db #0xfc	; 252
   02D8 C7                  739 	.db #0xc7	; 199
   02D9 F8                  740 	.db #0xf8	; 248
   02DA C2                  741 	.db #0xc2	; 194
   02DB FF                  742 	.db #0xff	; 255
   02DC AF                  743 	.db #0xaf	; 175
   02DD FF                  744 	.db #0xff	; 255
   02DE FF                  745 	.db #0xff	; 255
   02DF FF                  746 	.db #0xff	; 255
   02E0 FF                  747 	.db #0xff	; 255
   02E1 FF                  748 	.db #0xff	; 255
   02E2 FF                  749 	.db #0xff	; 255
   02E3 00                  750 	.db #0x00	; 0
   02E4 FD                  751 	.db #0xfd	; 253
   02E5 02                  752 	.db #0x02	; 2
   02E6 BF                  753 	.db #0xbf	; 191
   02E7 40                  754 	.db #0x40	; 64
   02E8 A0                  755 	.db #0xa0	; 160
   02E9 5F                  756 	.db #0x5f	; 95
   02EA 00                  757 	.db #0x00	; 0
   02EB FF                  758 	.db #0xff	; 255
   02EC 5D                  759 	.db #0x5d	; 93
   02ED FF                  760 	.db #0xff	; 255
   02EE FF                  761 	.db #0xff	; 255
   02EF FF                  762 	.db #0xff	; 255
   02F0 F1                  763 	.db #0xf1	; 241
   02F1 8F                  764 	.db #0x8f	; 143
   02F2 F3                  765 	.db #0xf3	; 243
   02F3 0F                  766 	.db #0x0f	; 15
   02F4 FB                  767 	.db #0xfb	; 251
   02F5 07                  768 	.db #0x07	; 7
   02F6 B1                  769 	.db #0xb1	; 177
   02F7 4F                  770 	.db #0x4f	; 79	'O'
   02F8 83                  771 	.db #0x83	; 131
   02F9 7F                  772 	.db #0x7f	; 127
   02FA 41                  773 	.db #0x41	; 65	'A'
   02FB FF                  774 	.db #0xff	; 255
   02FC F7                  775 	.db #0xf7	; 247
   02FD FF                  776 	.db #0xff	; 255
   02FE FF                  777 	.db #0xff	; 255
   02FF FF                  778 	.db #0xff	; 255
   0300 F9                  779 	.db #0xf9	; 249
   0301 87                  780 	.db #0x87	; 135
   0302 FF                  781 	.db #0xff	; 255
   0303 80                  782 	.db #0x80	; 128
   0304 FD                  783 	.db #0xfd	; 253
   0305 82                  784 	.db #0x82	; 130
   0306 BE                  785 	.db #0xbe	; 190
   0307 C1                  786 	.db #0xc1	; 193
   0308 F8                  787 	.db #0xf8	; 248
   0309 87                  788 	.db #0x87	; 135
   030A C2                  789 	.db #0xc2	; 194
   030B BF                  790 	.db #0xbf	; 191
   030C DF                  791 	.db #0xdf	; 223
   030D FF                  792 	.db #0xff	; 255
   030E FF                  793 	.db #0xff	; 255
   030F FF                  794 	.db #0xff	; 255
   0310 00                  795 	.db #0x00	; 0
   0311 00                  796 	.db #0x00	; 0
   0312 03                  797 	.db #0x03	; 3
   0313 03                  798 	.db #0x03	; 3
   0314 1F                  799 	.db #0x1f	; 31
   0315 1C                  800 	.db #0x1c	; 28
   0316 7F                  801 	.db #0x7f	; 127
   0317 60                  802 	.db #0x60	; 96
   0318 FF                  803 	.db #0xff	; 255
   0319 80                  804 	.db #0x80	; 128
   031A FF                  805 	.db #0xff	; 255
   031B 78                  806 	.db #0x78	; 120	'x'
   031C 87                  807 	.db #0x87	; 135
   031D 87                  808 	.db #0x87	; 135
   031E 00                  809 	.db #0x00	; 0
   031F 00                  810 	.db #0x00	; 0
   0320 00                  811 	.db #0x00	; 0
   0321 00                  812 	.db #0x00	; 0
   0322 80                  813 	.db #0x80	; 128
   0323 80                  814 	.db #0x80	; 128
   0324 E7                  815 	.db #0xe7	; 231
   0325 67                  816 	.db #0x67	; 103	'g'
   0326 FF                  817 	.db #0xff	; 255
   0327 18                  818 	.db #0x18	; 24
   0328 FF                  819 	.db #0xff	; 255
   0329 00                  820 	.db #0x00	; 0
   032A FF                  821 	.db #0xff	; 255
   032B 03                  822 	.db #0x03	; 3
   032C FC                  823 	.db #0xfc	; 252
   032D 1C                  824 	.db #0x1c	; 28
   032E E0                  825 	.db #0xe0	; 224
   032F E0                  826 	.db #0xe0	; 224
   0330 3F                  827 	.db #0x3f	; 63
   0331 3F                  828 	.db #0x3f	; 63
   0332 FF                  829 	.db #0xff	; 255
   0333 C0                  830 	.db #0xc0	; 192
   0334 FF                  831 	.db #0xff	; 255
   0335 0E                  832 	.db #0x0e	; 14
   0336 F1                  833 	.db #0xf1	; 241
   0337 31                  834 	.db #0x31	; 49	'1'
   0338 C0                  835 	.db #0xc0	; 192
   0339 40                  836 	.db #0x40	; 64
   033A 80                  837 	.db #0x80	; 128
   033B 80                  838 	.db #0x80	; 128
   033C 00                  839 	.db #0x00	; 0
   033D 00                  840 	.db #0x00	; 0
   033E 00                  841 	.db #0x00	; 0
   033F 00                  842 	.db #0x00	; 0
   0340 80                  843 	.db #0x80	; 128
   0341 80                  844 	.db #0x80	; 128
   0342 F0                  845 	.db #0xf0	; 240
   0343 70                  846 	.db #0x70	; 112	'p'
   0344 FC                  847 	.db #0xfc	; 252
   0345 0C                  848 	.db #0x0c	; 12
   0346 FF                  849 	.db #0xff	; 255
   0347 83                  850 	.db #0x83	; 131
   0348 7F                  851 	.db #0x7f	; 127
   0349 70                  852 	.db #0x70	; 112	'p'
   034A 0F                  853 	.db #0x0f	; 15
   034B 0C                  854 	.db #0x0c	; 12
   034C 03                  855 	.db #0x03	; 3
   034D 03                  856 	.db #0x03	; 3
   034E 00                  857 	.db #0x00	; 0
   034F 00                  858 	.db #0x00	; 0
   0350 00                  859 	.db #0x00	; 0
   0351 00                  860 	.db #0x00	; 0
   0352 00                  861 	.db #0x00	; 0
   0353 00                  862 	.db #0x00	; 0
   0354 00                  863 	.db #0x00	; 0
   0355 00                  864 	.db #0x00	; 0
   0356 00                  865 	.db #0x00	; 0
   0357 00                  866 	.db #0x00	; 0
   0358 8F                  867 	.db #0x8f	; 143
   0359 8F                  868 	.db #0x8f	; 143
   035A FF                  869 	.db #0xff	; 255
   035B 70                  870 	.db #0x70	; 112	'p'
   035C FF                  871 	.db #0xff	; 255
   035D 07                  872 	.db #0x07	; 7
   035E F8                  873 	.db #0xf8	; 248
   035F F8                  874 	.db #0xf8	; 248
   0360 00                  875 	.db #0x00	; 0
   0361 00                  876 	.db #0x00	; 0
   0362 00                  877 	.db #0x00	; 0
   0363 00                  878 	.db #0x00	; 0
   0364 00                  879 	.db #0x00	; 0
   0365 00                  880 	.db #0x00	; 0
   0366 03                  881 	.db #0x03	; 3
   0367 00                  882 	.db #0x00	; 0
   0368 1F                  883 	.db #0x1f	; 31
   0369 00                  884 	.db #0x00	; 0
   036A 3F                  885 	.db #0x3f	; 63
   036B 00                  886 	.db #0x00	; 0
   036C 07                  887 	.db #0x07	; 7
   036D 00                  888 	.db #0x00	; 0
   036E 00                  889 	.db #0x00	; 0
   036F 00                  890 	.db #0x00	; 0
   0370 00                  891 	.db #0x00	; 0
   0371 00                  892 	.db #0x00	; 0
   0372 00                  893 	.db #0x00	; 0
   0373 00                  894 	.db #0x00	; 0
   0374 00                  895 	.db #0x00	; 0
   0375 00                  896 	.db #0x00	; 0
   0376 80                  897 	.db #0x80	; 128
   0377 00                  898 	.db #0x00	; 0
   0378 F0                  899 	.db #0xf0	; 240
   0379 00                  900 	.db #0x00	; 0
   037A FF                  901 	.db #0xff	; 255
   037B 00                  902 	.db #0x00	; 0
   037C FC                  903 	.db #0xfc	; 252
   037D 00                  904 	.db #0x00	; 0
   037E 00                  905 	.db #0x00	; 0
   037F 00                  906 	.db #0x00	; 0
   0380 00                  907 	.db #0x00	; 0
   0381 00                  908 	.db #0x00	; 0
   0382 00                  909 	.db #0x00	; 0
   0383 00                  910 	.db #0x00	; 0
   0384 00                  911 	.db #0x00	; 0
   0385 00                  912 	.db #0x00	; 0
   0386 00                  913 	.db #0x00	; 0
   0387 00                  914 	.db #0x00	; 0
   0388 00                  915 	.db #0x00	; 0
   0389 00                  916 	.db #0x00	; 0
   038A E0                  917 	.db #0xe0	; 224
   038B 00                  918 	.db #0x00	; 0
   038C 00                  919 	.db #0x00	; 0
   038D 00                  920 	.db #0x00	; 0
   038E 00                  921 	.db #0x00	; 0
   038F 00                  922 	.db #0x00	; 0
   0390 00                  923 	.db #0x00	; 0
   0391 00                  924 	.db #0x00	; 0
   0392 00                  925 	.db #0x00	; 0
   0393 00                  926 	.db #0x00	; 0
   0394 00                  927 	.db #0x00	; 0
   0395 00                  928 	.db #0x00	; 0
   0396 00                  929 	.db #0x00	; 0
   0397 00                  930 	.db #0x00	; 0
   0398 00                  931 	.db #0x00	; 0
   0399 00                  932 	.db #0x00	; 0
   039A 00                  933 	.db #0x00	; 0
   039B 00                  934 	.db #0x00	; 0
   039C 00                  935 	.db #0x00	; 0
   039D 00                  936 	.db #0x00	; 0
   039E 00                  937 	.db #0x00	; 0
   039F 00                  938 	.db #0x00	; 0
   03A0 00                  939 	.db #0x00	; 0
   03A1 00                  940 	.db #0x00	; 0
   03A2 00                  941 	.db #0x00	; 0
   03A3 00                  942 	.db #0x00	; 0
   03A4 00                  943 	.db #0x00	; 0
   03A5 00                  944 	.db #0x00	; 0
   03A6 00                  945 	.db #0x00	; 0
   03A7 00                  946 	.db #0x00	; 0
   03A8 00                  947 	.db #0x00	; 0
   03A9 00                  948 	.db #0x00	; 0
   03AA 00                  949 	.db #0x00	; 0
   03AB 00                  950 	.db #0x00	; 0
   03AC 00                  951 	.db #0x00	; 0
   03AD 00                  952 	.db #0x00	; 0
   03AE 00                  953 	.db #0x00	; 0
   03AF 00                  954 	.db #0x00	; 0
   03B0 00                  955 	.db #0x00	; 0
   03B1 00                  956 	.db #0x00	; 0
   03B2 00                  957 	.db #0x00	; 0
   03B3 00                  958 	.db #0x00	; 0
   03B4 00                  959 	.db #0x00	; 0
   03B5 00                  960 	.db #0x00	; 0
   03B6 00                  961 	.db #0x00	; 0
   03B7 00                  962 	.db #0x00	; 0
   03B8 00                  963 	.db #0x00	; 0
   03B9 00                  964 	.db #0x00	; 0
   03BA 00                  965 	.db #0x00	; 0
   03BB 00                  966 	.db #0x00	; 0
   03BC 01                  967 	.db #0x01	; 1
   03BD 01                  968 	.db #0x01	; 1
   03BE 03                  969 	.db #0x03	; 3
   03BF 02                  970 	.db #0x02	; 2
   03C0 03                  971 	.db #0x03	; 3
   03C1 03                  972 	.db #0x03	; 3
   03C2 0F                  973 	.db #0x0f	; 15
   03C3 0C                  974 	.db #0x0c	; 12
   03C4 1F                  975 	.db #0x1f	; 31
   03C5 10                  976 	.db #0x10	; 16
   03C6 3D                  977 	.db #0x3d	; 61
   03C7 22                  978 	.db #0x22	; 34
   03C8 77                  979 	.db #0x77	; 119	'w'
   03C9 48                  980 	.db #0x48	; 72	'H'
   03CA FC                  981 	.db #0xfc	; 252
   03CB 83                  982 	.db #0x83	; 131
   03CC E8                  983 	.db #0xe8	; 232
   03CD 17                  984 	.db #0x17	; 23
   03CE B2                  985 	.db #0xb2	; 178
   03CF 4D                  986 	.db #0x4d	; 77	'M'
   03D0 80                  987 	.db #0x80	; 128
   03D1 80                  988 	.db #0x80	; 128
   03D2 E0                  989 	.db #0xe0	; 224
   03D3 60                  990 	.db #0x60	; 96
   03D4 F0                  991 	.db #0xf0	; 240
   03D5 10                  992 	.db #0x10	; 16
   03D6 78                  993 	.db #0x78	; 120	'x'
   03D7 88                  994 	.db #0x88	; 136
   03D8 84                  995 	.db #0x84	; 132
   03D9 7C                  996 	.db #0x7c	; 124
   03DA 92                  997 	.db #0x92	; 146
   03DB 6E                  998 	.db #0x6e	; 110	'n'
   03DC 01                  999 	.db #0x01	; 1
   03DD FF                 1000 	.db #0xff	; 255
   03DE 40                 1001 	.db #0x40	; 64
   03DF BF                 1002 	.db #0xbf	; 191
   03E0 00                 1003 	.db #0x00	; 0
   03E1 00                 1004 	.db #0x00	; 0
   03E2 00                 1005 	.db #0x00	; 0
   03E3 00                 1006 	.db #0x00	; 0
   03E4 00                 1007 	.db #0x00	; 0
   03E5 00                 1008 	.db #0x00	; 0
   03E6 00                 1009 	.db #0x00	; 0
   03E7 00                 1010 	.db #0x00	; 0
   03E8 00                 1011 	.db #0x00	; 0
   03E9 00                 1012 	.db #0x00	; 0
   03EA 00                 1013 	.db #0x00	; 0
   03EB 00                 1014 	.db #0x00	; 0
   03EC 00                 1015 	.db #0x00	; 0
   03ED 00                 1016 	.db #0x00	; 0
   03EE 80                 1017 	.db #0x80	; 128
   03EF 80                 1018 	.db #0x80	; 128
   03F0 00                 1019 	.db #0x00	; 0
   03F1 00                 1020 	.db #0x00	; 0
   03F2 00                 1021 	.db #0x00	; 0
   03F3 00                 1022 	.db #0x00	; 0
   03F4 00                 1023 	.db #0x00	; 0
   03F5 00                 1024 	.db #0x00	; 0
   03F6 00                 1025 	.db #0x00	; 0
   03F7 00                 1026 	.db #0x00	; 0
   03F8 00                 1027 	.db #0x00	; 0
   03F9 00                 1028 	.db #0x00	; 0
   03FA 00                 1029 	.db #0x00	; 0
   03FB 00                 1030 	.db #0x00	; 0
   03FC 00                 1031 	.db #0x00	; 0
   03FD 00                 1032 	.db #0x00	; 0
   03FE 00                 1033 	.db #0x00	; 0
   03FF 00                 1034 	.db #0x00	; 0
   0400 07                 1035 	.db #0x07	; 7
   0401 04                 1036 	.db #0x04	; 4
   0402 0D                 1037 	.db #0x0d	; 13
   0403 0A                 1038 	.db #0x0a	; 10
   0404 1F                 1039 	.db #0x1f	; 31
   0405 10                 1040 	.db #0x10	; 16
   0406 BD                 1041 	.db #0xbd	; 189
   0407 A2                 1042 	.db #0xa2	; 162
   0408 76                 1043 	.db #0x76	; 118	'v'
   0409 C9                 1044 	.db #0xc9	; 201
   040A 2C                 1045 	.db #0x2c	; 44
   040B F3                 1046 	.db #0xf3	; 243
   040C 1A                 1047 	.db #0x1a	; 26
   040D F5                 1048 	.db #0xf5	; 245
   040E 88                 1049 	.db #0x88	; 136
   040F 7F                 1050 	.db #0x7f	; 127
   0410 E8                 1051 	.db #0xe8	; 232
   0411 17                 1052 	.db #0x17	; 23
   0412 52                 1053 	.db #0x52	; 82	'R'
   0413 AD                 1054 	.db #0xad	; 173
   0414 80                 1055 	.db #0x80	; 128
   0415 7F                 1056 	.db #0x7f	; 127
   0416 29                 1057 	.db #0x29	; 41
   0417 D6                 1058 	.db #0xd6	; 214
   0418 40                 1059 	.db #0x40	; 64
   0419 BF                 1060 	.db #0xbf	; 191
   041A 07                 1061 	.db #0x07	; 7
   041B FF                 1062 	.db #0xff	; 255
   041C 5F                 1063 	.db #0x5f	; 95
   041D B8                 1064 	.db #0xb8	; 184
   041E 3B                 1065 	.db #0x3b	; 59
   041F E4                 1066 	.db #0xe4	; 228
   0420 04                 1067 	.db #0x04	; 4
   0421 FB                 1068 	.db #0xfb	; 251
   0422 00                 1069 	.db #0x00	; 0
   0423 FF                 1070 	.db #0xff	; 255
   0424 00                 1071 	.db #0x00	; 0
   0425 FF                 1072 	.db #0xff	; 255
   0426 00                 1073 	.db #0x00	; 0
   0427 FF                 1074 	.db #0xff	; 255
   0428 08                 1075 	.db #0x08	; 8
   0429 F7                 1076 	.db #0xf7	; 247
   042A 00                 1077 	.db #0x00	; 0
   042B FF                 1078 	.db #0xff	; 255
   042C C0                 1079 	.db #0xc0	; 192
   042D FF                 1080 	.db #0xff	; 255
   042E E0                 1081 	.db #0xe0	; 224
   042F 3F                 1082 	.db #0x3f	; 63
   0430 40                 1083 	.db #0x40	; 64
   0431 C0                 1084 	.db #0xc0	; 192
   0432 20                 1085 	.db #0x20	; 32
   0433 E0                 1086 	.db #0xe0	; 224
   0434 11                 1087 	.db #0x11	; 17
   0435 F1                 1088 	.db #0xf1	; 241
   0436 0B                 1089 	.db #0x0b	; 11
   0437 FA                 1090 	.db #0xfa	; 250
   0438 07                 1091 	.db #0x07	; 7
   0439 FC                 1092 	.db #0xfc	; 252
   043A 0F                 1093 	.db #0x0f	; 15
   043B F8                 1094 	.db #0xf8	; 248
   043C 1F                 1095 	.db #0x1f	; 31
   043D F0                 1096 	.db #0xf0	; 240
   043E 3D                 1097 	.db #0x3d	; 61
   043F E2                 1098 	.db #0xe2	; 226
   0440 38                 1099 	.db #0x38	; 56	'8'
   0441 38                 1100 	.db #0x38	; 56	'8'
   0442 FE                 1101 	.db #0xfe	; 254
   0443 C6                 1102 	.db #0xc6	; 198
   0444 F7                 1103 	.db #0xf7	; 247
   0445 09                 1104 	.db #0x09	; 9
   0446 7D                 1105 	.db #0x7d	; 125
   0447 82                 1106 	.db #0x82	; 130
   0448 EC                 1107 	.db #0xec	; 236
   0449 13                 1108 	.db #0x13	; 19
   044A AA                 1109 	.db #0xaa	; 170
   044B 55                 1110 	.db #0x55	; 85	'U'
   044C 70                 1111 	.db #0x70	; 112	'p'
   044D 8F                 1112 	.db #0x8f	; 143
   044E 82                 1113 	.db #0x82	; 130
   044F 7D                 1114 	.db #0x7d	; 125
   0450 04                 1115 	.db #0x04	; 4
   0451 FF                 1116 	.db #0xff	; 255
   0452 02                 1117 	.db #0x02	; 2
   0453 FF                 1118 	.db #0xff	; 255
   0454 01                 1119 	.db #0x01	; 1
   0455 FF                 1120 	.db #0xff	; 255
   0456 03                 1121 	.db #0x03	; 3
   0457 FE                 1122 	.db #0xfe	; 254
   0458 07                 1123 	.db #0x07	; 7
   0459 FC                 1124 	.db #0xfc	; 252
   045A 0B                 1125 	.db #0x0b	; 11
   045B FC                 1126 	.db #0xfc	; 252
   045C 05                 1127 	.db #0x05	; 5
   045D FA                 1128 	.db #0xfa	; 250
   045E 00                 1129 	.db #0x00	; 0
   045F FF                 1130 	.db #0xff	; 255
   0460 7E                 1131 	.db #0x7e	; 126
   0461 C1                 1132 	.db #0xc1	; 193
   0462 EC                 1133 	.db #0xec	; 236
   0463 93                 1134 	.db #0x93	; 147
   0464 B0                 1135 	.db #0xb0	; 176
   0465 4F                 1136 	.db #0x4f	; 79	'O'
   0466 E1                 1137 	.db #0xe1	; 225
   0467 1E                 1138 	.db #0x1e	; 30
   0468 68                 1139 	.db #0x68	; 104	'h'
   0469 97                 1140 	.db #0x97	; 151
   046A 81                 1141 	.db #0x81	; 129
   046B 7E                 1142 	.db #0x7e	; 126
   046C 10                 1143 	.db #0x10	; 16
   046D EF                 1144 	.db #0xef	; 239
   046E 40                 1145 	.db #0x40	; 64
   046F BF                 1146 	.db #0xbf	; 191
   0470 10                 1147 	.db #0x10	; 16
   0471 FF                 1148 	.db #0xff	; 255
   0472 88                 1149 	.db #0x88	; 136
   0473 7F                 1150 	.db #0x7f	; 127
   0474 05                 1151 	.db #0x05	; 5
   0475 FF                 1152 	.db #0xff	; 255
   0476 43                 1153 	.db #0x43	; 67	'C'
   0477 BE                 1154 	.db #0xbe	; 190
   0478 06                 1155 	.db #0x06	; 6
   0479 FD                 1156 	.db #0xfd	; 253
   047A 00                 1157 	.db #0x00	; 0
   047B FF                 1158 	.db #0xff	; 255
   047C 00                 1159 	.db #0x00	; 0
   047D FF                 1160 	.db #0xff	; 255
   047E 00                 1161 	.db #0x00	; 0
   047F FF                 1162 	.db #0xff	; 255
   0480 7F                 1163 	.db #0x7f	; 127
   0481 C0                 1164 	.db #0xc0	; 192
   0482 D4                 1165 	.db #0xd4	; 212
   0483 AB                 1166 	.db #0xab	; 171
   0484 F9                 1167 	.db #0xf9	; 249
   0485 06                 1168 	.db #0x06	; 6
   0486 54                 1169 	.db #0x54	; 84	'T'
   0487 AB                 1170 	.db #0xab	; 171
   0488 20                 1171 	.db #0x20	; 32
   0489 DF                 1172 	.db #0xdf	; 223
   048A 92                 1173 	.db #0x92	; 146
   048B 6D                 1174 	.db #0x6d	; 109	'm'
   048C 00                 1175 	.db #0x00	; 0
   048D FF                 1176 	.db #0xff	; 255
   048E 00                 1177 	.db #0x00	; 0
   048F FF                 1178 	.db #0xff	; 255
   0490 28                 1179 	.db #0x28	; 40
   0491 D7                 1180 	.db #0xd7	; 215
   0492 00                 1181 	.db #0x00	; 0
   0493 FF                 1182 	.db #0xff	; 255
   0494 04                 1183 	.db #0x04	; 4
   0495 FB                 1184 	.db #0xfb	; 251
   0496 20                 1185 	.db #0x20	; 32
   0497 DF                 1186 	.db #0xdf	; 223
   0498 00                 1187 	.db #0x00	; 0
   0499 FF                 1188 	.db #0xff	; 255
   049A 00                 1189 	.db #0x00	; 0
   049B FF                 1190 	.db #0xff	; 255
   049C 00                 1191 	.db #0x00	; 0
   049D FF                 1192 	.db #0xff	; 255
   049E 00                 1193 	.db #0x00	; 0
   049F FF                 1194 	.db #0xff	; 255
   04A0 00                 1195 	.db #0x00	; 0
   04A1 FF                 1196 	.db #0xff	; 255
   04A2 00                 1197 	.db #0x00	; 0
   04A3 FF                 1198 	.db #0xff	; 255
   04A4 06                 1199 	.db #0x06	; 6
   04A5 F9                 1200 	.db #0xf9	; 249
   04A6 3F                 1201 	.db #0x3f	; 63
   04A7 C0                 1202 	.db #0xc0	; 192
   04A8 FF                 1203 	.db #0xff	; 255
   04A9 00                 1204 	.db #0x00	; 0
   04AA FF                 1205 	.db #0xff	; 255
   04AB 00                 1206 	.db #0x00	; 0
   04AC F8                 1207 	.db #0xf8	; 248
   04AD 00                 1208 	.db #0x00	; 0
   04AE 00                 1209 	.db #0x00	; 0
   04AF 00                 1210 	.db #0x00	; 0
   04B0 00                 1211 	.db #0x00	; 0
   04B1 FF                 1212 	.db #0xff	; 255
   04B2 00                 1213 	.db #0x00	; 0
   04B3 FF                 1214 	.db #0xff	; 255
   04B4 00                 1215 	.db #0x00	; 0
   04B5 FF                 1216 	.db #0xff	; 255
   04B6 E0                 1217 	.db #0xe0	; 224
   04B7 1F                 1218 	.db #0x1f	; 31
   04B8 FF                 1219 	.db #0xff	; 255
   04B9 00                 1220 	.db #0x00	; 0
   04BA FF                 1221 	.db #0xff	; 255
   04BB 00                 1222 	.db #0x00	; 0
   04BC 3F                 1223 	.db #0x3f	; 63
   04BD 00                 1224 	.db #0x00	; 0
   04BE 00                 1225 	.db #0x00	; 0
   04BF 00                 1226 	.db #0x00	; 0
   04C0 00                 1227 	.db #0x00	; 0
   04C1 FF                 1228 	.db #0xff	; 255
   04C2 00                 1229 	.db #0x00	; 0
   04C3 FF                 1230 	.db #0xff	; 255
   04C4 00                 1231 	.db #0x00	; 0
   04C5 FF                 1232 	.db #0xff	; 255
   04C6 3F                 1233 	.db #0x3f	; 63
   04C7 C0                 1234 	.db #0xc0	; 192
   04C8 FF                 1235 	.db #0xff	; 255
   04C9 00                 1236 	.db #0x00	; 0
   04CA FF                 1237 	.db #0xff	; 255
   04CB 00                 1238 	.db #0x00	; 0
   04CC F0                 1239 	.db #0xf0	; 240
   04CD 00                 1240 	.db #0x00	; 0
   04CE 00                 1241 	.db #0x00	; 0
   04CF 00                 1242 	.db #0x00	; 0
   04D0 00                 1243 	.db #0x00	; 0
   04D1 FF                 1244 	.db #0xff	; 255
   04D2 00                 1245 	.db #0x00	; 0
   04D3 FF                 1246 	.db #0xff	; 255
   04D4 FE                 1247 	.db #0xfe	; 254
   04D5 01                 1248 	.db #0x01	; 1
   04D6 FF                 1249 	.db #0xff	; 255
   04D7 00                 1250 	.db #0x00	; 0
   04D8 FF                 1251 	.db #0xff	; 255
   04D9 00                 1252 	.db #0x00	; 0
   04DA C7                 1253 	.db #0xc7	; 199
   04DB 00                 1254 	.db #0x00	; 0
   04DC 00                 1255 	.db #0x00	; 0
   04DD 00                 1256 	.db #0x00	; 0
   04DE 00                 1257 	.db #0x00	; 0
   04DF 00                 1258 	.db #0x00	; 0
   04E0 00                 1259 	.db #0x00	; 0
   04E1 FF                 1260 	.db #0xff	; 255
   04E2 00                 1261 	.db #0x00	; 0
   04E3 FF                 1262 	.db #0xff	; 255
   04E4 00                 1263 	.db #0x00	; 0
   04E5 FF                 1264 	.db #0xff	; 255
   04E6 F0                 1265 	.db #0xf0	; 240
   04E7 0F                 1266 	.db #0x0f	; 15
   04E8 FF                 1267 	.db #0xff	; 255
   04E9 00                 1268 	.db #0x00	; 0
   04EA FF                 1269 	.db #0xff	; 255
   04EB 00                 1270 	.db #0x00	; 0
   04EC 07                 1271 	.db #0x07	; 7
   04ED 00                 1272 	.db #0x00	; 0
   04EE 00                 1273 	.db #0x00	; 0
   04EF 00                 1274 	.db #0x00	; 0
   04F0 10                 1275 	.db #0x10	; 16
   04F1 00                 1276 	.db #0x00	; 0
   04F2 00                 1277 	.db #0x00	; 0
   04F3 00                 1278 	.db #0x00	; 0
   04F4 02                 1279 	.db #0x02	; 2
   04F5 00                 1280 	.db #0x00	; 0
   04F6 40                 1281 	.db #0x40	; 64
   04F7 00                 1282 	.db #0x00	; 0
   04F8 00                 1283 	.db #0x00	; 0
   04F9 00                 1284 	.db #0x00	; 0
   04FA 11                 1285 	.db #0x11	; 17
   04FB 00                 1286 	.db #0x00	; 0
   04FC 00                 1287 	.db #0x00	; 0
   04FD 00                 1288 	.db #0x00	; 0
   04FE 44                 1289 	.db #0x44	; 68	'D'
   04FF 00                 1290 	.db #0x00	; 0
   0500 00                 1291 	.db #0x00	; 0
   0501 00                 1292 	.db #0x00	; 0
   0502 30                 1293 	.db #0x30	; 48	'0'
   0503 00                 1294 	.db #0x00	; 0
   0504 01                 1295 	.db #0x01	; 1
   0505 00                 1296 	.db #0x00	; 0
   0506 40                 1297 	.db #0x40	; 64
   0507 00                 1298 	.db #0x00	; 0
   0508 06                 1299 	.db #0x06	; 6
   0509 00                 1300 	.db #0x00	; 0
   050A 00                 1301 	.db #0x00	; 0
   050B 00                 1302 	.db #0x00	; 0
   050C 38                 1303 	.db #0x38	; 56	'8'
   050D 00                 1304 	.db #0x00	; 0
   050E 00                 1305 	.db #0x00	; 0
   050F 00                 1306 	.db #0x00	; 0
   0510 03                 1307 	.db #0x03	; 3
   0511 00                 1308 	.db #0x00	; 0
   0512 00                 1309 	.db #0x00	; 0
   0513 00                 1310 	.db #0x00	; 0
   0514 1E                 1311 	.db #0x1e	; 30
   0515 00                 1312 	.db #0x00	; 0
   0516 80                 1313 	.db #0x80	; 128
   0517 00                 1314 	.db #0x00	; 0
   0518 00                 1315 	.db #0x00	; 0
   0519 00                 1316 	.db #0x00	; 0
   051A 07                 1317 	.db #0x07	; 7
   051B 00                 1318 	.db #0x00	; 0
   051C 78                 1319 	.db #0x78	; 120	'x'
   051D 00                 1320 	.db #0x00	; 0
   051E 00                 1321 	.db #0x00	; 0
   051F 00                 1322 	.db #0x00	; 0
   0520 00                 1323 	.db #0x00	; 0
   0521 00                 1324 	.db #0x00	; 0
   0522 38                 1325 	.db #0x38	; 56	'8'
   0523 00                 1326 	.db #0x00	; 0
   0524 C7                 1327 	.db #0xc7	; 199
   0525 00                 1328 	.db #0x00	; 0
   0526 01                 1329 	.db #0x01	; 1
   0527 00                 1330 	.db #0x00	; 0
   0528 00                 1331 	.db #0x00	; 0
   0529 00                 1332 	.db #0x00	; 0
   052A 00                 1333 	.db #0x00	; 0
   052B 00                 1334 	.db #0x00	; 0
   052C FF                 1335 	.db #0xff	; 255
   052D 00                 1336 	.db #0x00	; 0
   052E 00                 1337 	.db #0x00	; 0
   052F 00                 1338 	.db #0x00	; 0
   0530 00                 1339 	.db #0x00	; 0
   0531 FF                 1340 	.db #0xff	; 255
   0532 00                 1341 	.db #0x00	; 0
   0533 FF                 1342 	.db #0xff	; 255
   0534 00                 1343 	.db #0x00	; 0
   0535 FF                 1344 	.db #0xff	; 255
   0536 00                 1345 	.db #0x00	; 0
   0537 FF                 1346 	.db #0xff	; 255
   0538 06                 1347 	.db #0x06	; 6
   0539 F9                 1348 	.db #0xf9	; 249
   053A 0F                 1349 	.db #0x0f	; 15
   053B F0                 1350 	.db #0xf0	; 240
   053C 0F                 1351 	.db #0x0f	; 15
   053D F0                 1352 	.db #0xf0	; 240
   053E 06                 1353 	.db #0x06	; 6
   053F F9                 1354 	.db #0xf9	; 249
   0540 00                 1355 	.db #0x00	; 0
   0541 FF                 1356 	.db #0xff	; 255
   0542 00                 1357 	.db #0x00	; 0
   0543 FF                 1358 	.db #0xff	; 255
   0544 00                 1359 	.db #0x00	; 0
   0545 FF                 1360 	.db #0xff	; 255
   0546 00                 1361 	.db #0x00	; 0
   0547 FF                 1362 	.db #0xff	; 255
   0548 00                 1363 	.db #0x00	; 0
   0549 FF                 1364 	.db #0xff	; 255
   054A 00                 1365 	.db #0x00	; 0
   054B FF                 1366 	.db #0xff	; 255
   054C 00                 1367 	.db #0x00	; 0
   054D FF                 1368 	.db #0xff	; 255
   054E 00                 1369 	.db #0x00	; 0
   054F FF                 1370 	.db #0xff	; 255
   0550 00                 1371 	.db #0x00	; 0
   0551 00                 1372 	.db #0x00	; 0
   0552 00                 1373 	.db #0x00	; 0
   0553 00                 1374 	.db #0x00	; 0
   0554 00                 1375 	.db #0x00	; 0
   0555 00                 1376 	.db #0x00	; 0
   0556 00                 1377 	.db #0x00	; 0
   0557 00                 1378 	.db #0x00	; 0
   0558 00                 1379 	.db #0x00	; 0
   0559 00                 1380 	.db #0x00	; 0
   055A 00                 1381 	.db #0x00	; 0
   055B 00                 1382 	.db #0x00	; 0
   055C 00                 1383 	.db #0x00	; 0
   055D 00                 1384 	.db #0x00	; 0
   055E 00                 1385 	.db #0x00	; 0
   055F 00                 1386 	.db #0x00	; 0
                           1387 	.area _CABS (ABS)
