                              1 ;--------------------------------------------------------
                              2 ; File Created by SDCC : free open source ANSI-C Compiler
                              3 ; Version 4.0.0 #11528 (MINGW32)
                              4 ;--------------------------------------------------------
                              5 	.module C__Users_Mills_AppData_Local_Temp_lcc90081
                              6 	.optsdcc -mgbz80
                              7 	
                              8 ;--------------------------------------------------------
                              9 ; Public variables in this module
                             10 ;--------------------------------------------------------
                             11 	.globl _Persp3DMapPLN1
                             12 	.globl _Persp3DMapPLN0
                             13 ;--------------------------------------------------------
                             14 ; special function registers
                             15 ;--------------------------------------------------------
                             16 ;--------------------------------------------------------
                             17 ; ram data
                             18 ;--------------------------------------------------------
                             19 	.area _DATA
                             20 ;--------------------------------------------------------
                             21 ; absolute external ram data
                             22 ;--------------------------------------------------------
                             23 	.area _DABS (ABS)
                             24 ;--------------------------------------------------------
                             25 ; global & static initialisations
                             26 ;--------------------------------------------------------
                             27 	.area _HOME
                             28 	.area _GSINIT
                             29 	.area _GSFINAL
                             30 	.area _GSINIT
                             31 ;--------------------------------------------------------
                             32 ; Home
                             33 ;--------------------------------------------------------
                             34 	.area _HOME
                             35 	.area _HOME
                             36 ;--------------------------------------------------------
                             37 ; code
                             38 ;--------------------------------------------------------
                             39 	.area _CODE_5
                             40 	.area _CODE_5
   0000                      41 _Persp3DMapPLN0:
   0000 00                   42 	.db #0x00	; 0
   0001 00                   43 	.db #0x00	; 0
   0002 00                   44 	.db #0x00	; 0
   0003 00                   45 	.db #0x00	; 0
   0004 00                   46 	.db #0x00	; 0
   0005 00                   47 	.db #0x00	; 0
   0006 00                   48 	.db #0x00	; 0
   0007 00                   49 	.db #0x00	; 0
   0008 00                   50 	.db #0x00	; 0
   0009 00                   51 	.db #0x00	; 0
   000A 00                   52 	.db #0x00	; 0
   000B 00                   53 	.db #0x00	; 0
   000C 00                   54 	.db #0x00	; 0
   000D 00                   55 	.db #0x00	; 0
   000E 00                   56 	.db #0x00	; 0
   000F 00                   57 	.db #0x00	; 0
   0010 00                   58 	.db #0x00	; 0
   0011 00                   59 	.db #0x00	; 0
   0012 00                   60 	.db #0x00	; 0
   0013 00                   61 	.db #0x00	; 0
   0014 00                   62 	.db #0x00	; 0
   0015 00                   63 	.db #0x00	; 0
   0016 00                   64 	.db #0x00	; 0
   0017 00                   65 	.db #0x00	; 0
   0018 00                   66 	.db #0x00	; 0
   0019 00                   67 	.db #0x00	; 0
   001A 00                   68 	.db #0x00	; 0
   001B 00                   69 	.db #0x00	; 0
   001C 00                   70 	.db #0x00	; 0
   001D 00                   71 	.db #0x00	; 0
   001E 00                   72 	.db #0x00	; 0
   001F 00                   73 	.db #0x00	; 0
   0020 00                   74 	.db #0x00	; 0
   0021 00                   75 	.db #0x00	; 0
   0022 01                   76 	.db #0x01	; 1
   0023 02                   77 	.db #0x02	; 2
   0024 03                   78 	.db #0x03	; 3
   0025 04                   79 	.db #0x04	; 4
   0026 05                   80 	.db #0x05	; 5
   0027 06                   81 	.db #0x06	; 6
   0028 07                   82 	.db #0x07	; 7
   0029 00                   83 	.db #0x00	; 0
   002A 00                   84 	.db #0x00	; 0
   002B 00                   85 	.db #0x00	; 0
   002C 00                   86 	.db #0x00	; 0
   002D 00                   87 	.db #0x00	; 0
   002E 00                   88 	.db #0x00	; 0
   002F 00                   89 	.db #0x00	; 0
   0030 00                   90 	.db #0x00	; 0
   0031 00                   91 	.db #0x00	; 0
   0032 00                   92 	.db #0x00	; 0
   0033 00                   93 	.db #0x00	; 0
   0034 00                   94 	.db #0x00	; 0
   0035 00                   95 	.db #0x00	; 0
   0036 00                   96 	.db #0x00	; 0
   0037 00                   97 	.db #0x00	; 0
   0038 00                   98 	.db #0x00	; 0
   0039 00                   99 	.db #0x00	; 0
   003A 00                  100 	.db #0x00	; 0
   003B 00                  101 	.db #0x00	; 0
   003C 00                  102 	.db #0x00	; 0
   003D 00                  103 	.db #0x00	; 0
   003E 00                  104 	.db #0x00	; 0
   003F 00                  105 	.db #0x00	; 0
   0040 00                  106 	.db #0x00	; 0
   0041 00                  107 	.db #0x00	; 0
   0042 08                  108 	.db #0x08	; 8
   0043 09                  109 	.db #0x09	; 9
   0044 0A                  110 	.db #0x0a	; 10
   0045 0B                  111 	.db #0x0b	; 11
   0046 0C                  112 	.db #0x0c	; 12
   0047 0D                  113 	.db #0x0d	; 13
   0048 0E                  114 	.db #0x0e	; 14
   0049 00                  115 	.db #0x00	; 0
   004A 0F                  116 	.db #0x0f	; 15
   004B 00                  117 	.db #0x00	; 0
   004C 10                  118 	.db #0x10	; 16
   004D 11                  119 	.db #0x11	; 17
   004E 12                  120 	.db #0x12	; 18
   004F 13                  121 	.db #0x13	; 19
   0050 00                  122 	.db #0x00	; 0
   0051 00                  123 	.db #0x00	; 0
   0052 00                  124 	.db #0x00	; 0
   0053 00                  125 	.db #0x00	; 0
   0054 00                  126 	.db #0x00	; 0
   0055 00                  127 	.db #0x00	; 0
   0056 00                  128 	.db #0x00	; 0
   0057 00                  129 	.db #0x00	; 0
   0058 00                  130 	.db #0x00	; 0
   0059 00                  131 	.db #0x00	; 0
   005A 00                  132 	.db #0x00	; 0
   005B 00                  133 	.db #0x00	; 0
   005C 00                  134 	.db #0x00	; 0
   005D 00                  135 	.db #0x00	; 0
   005E 00                  136 	.db #0x00	; 0
   005F 00                  137 	.db #0x00	; 0
   0060 00                  138 	.db #0x00	; 0
   0061 00                  139 	.db #0x00	; 0
   0062 14                  140 	.db #0x14	; 20
   0063 15                  141 	.db #0x15	; 21
   0064 16                  142 	.db #0x16	; 22
   0065 17                  143 	.db #0x17	; 23
   0066 18                  144 	.db #0x18	; 24
   0067 19                  145 	.db #0x19	; 25
   0068 1A                  146 	.db #0x1a	; 26
   0069 1B                  147 	.db #0x1b	; 27
   006A 1C                  148 	.db #0x1c	; 28
   006B 1D                  149 	.db #0x1d	; 29
   006C 1E                  150 	.db #0x1e	; 30
   006D 1F                  151 	.db #0x1f	; 31
   006E 20                  152 	.db #0x20	; 32
   006F 21                  153 	.db #0x21	; 33
   0070 22                  154 	.db #0x22	; 34
   0071 00                  155 	.db #0x00	; 0
   0072 00                  156 	.db #0x00	; 0
   0073 00                  157 	.db #0x00	; 0
   0074 00                  158 	.db #0x00	; 0
   0075 00                  159 	.db #0x00	; 0
   0076 00                  160 	.db #0x00	; 0
   0077 00                  161 	.db #0x00	; 0
   0078 00                  162 	.db #0x00	; 0
   0079 00                  163 	.db #0x00	; 0
   007A 00                  164 	.db #0x00	; 0
   007B 00                  165 	.db #0x00	; 0
   007C 00                  166 	.db #0x00	; 0
   007D 00                  167 	.db #0x00	; 0
   007E 00                  168 	.db #0x00	; 0
   007F 00                  169 	.db #0x00	; 0
   0080 00                  170 	.db #0x00	; 0
   0081 00                  171 	.db #0x00	; 0
   0082 23                  172 	.db #0x23	; 35
   0083 24                  173 	.db #0x24	; 36
   0084 25                  174 	.db #0x25	; 37
   0085 26                  175 	.db #0x26	; 38
   0086 00                  176 	.db #0x00	; 0
   0087 00                  177 	.db #0x00	; 0
   0088 27                  178 	.db #0x27	; 39
   0089 28                  179 	.db #0x28	; 40
   008A 29                  180 	.db #0x29	; 41
   008B 2A                  181 	.db #0x2a	; 42
   008C 2B                  182 	.db #0x2b	; 43
   008D 2C                  183 	.db #0x2c	; 44
   008E 2D                  184 	.db #0x2d	; 45
   008F 2E                  185 	.db #0x2e	; 46
   0090 2F                  186 	.db #0x2f	; 47
   0091 00                  187 	.db #0x00	; 0
   0092 00                  188 	.db #0x00	; 0
   0093 00                  189 	.db #0x00	; 0
   0094 00                  190 	.db #0x00	; 0
   0095 00                  191 	.db #0x00	; 0
   0096 00                  192 	.db #0x00	; 0
   0097 00                  193 	.db #0x00	; 0
   0098 00                  194 	.db #0x00	; 0
   0099 00                  195 	.db #0x00	; 0
   009A 00                  196 	.db #0x00	; 0
   009B 00                  197 	.db #0x00	; 0
   009C 00                  198 	.db #0x00	; 0
   009D 00                  199 	.db #0x00	; 0
   009E 00                  200 	.db #0x00	; 0
   009F 00                  201 	.db #0x00	; 0
   00A0 00                  202 	.db #0x00	; 0
   00A1 00                  203 	.db #0x00	; 0
   00A2 00                  204 	.db #0x00	; 0
   00A3 00                  205 	.db #0x00	; 0
   00A4 00                  206 	.db #0x00	; 0
   00A5 00                  207 	.db #0x00	; 0
   00A6 00                  208 	.db #0x00	; 0
   00A7 00                  209 	.db #0x00	; 0
   00A8 30                  210 	.db #0x30	; 48	'0'
   00A9 31                  211 	.db #0x31	; 49	'1'
   00AA 32                  212 	.db #0x32	; 50	'2'
   00AB 33                  213 	.db #0x33	; 51	'3'
   00AC 34                  214 	.db #0x34	; 52	'4'
   00AD 35                  215 	.db #0x35	; 53	'5'
   00AE 00                  216 	.db #0x00	; 0
   00AF 36                  217 	.db #0x36	; 54	'6'
   00B0 00                  218 	.db #0x00	; 0
   00B1 00                  219 	.db #0x00	; 0
   00B2 00                  220 	.db #0x00	; 0
   00B3 00                  221 	.db #0x00	; 0
   00B4 00                  222 	.db #0x00	; 0
   00B5 00                  223 	.db #0x00	; 0
   00B6 00                  224 	.db #0x00	; 0
   00B7 00                  225 	.db #0x00	; 0
   00B8 00                  226 	.db #0x00	; 0
   00B9 00                  227 	.db #0x00	; 0
   00BA 00                  228 	.db #0x00	; 0
   00BB 00                  229 	.db #0x00	; 0
   00BC 00                  230 	.db #0x00	; 0
   00BD 00                  231 	.db #0x00	; 0
   00BE 00                  232 	.db #0x00	; 0
   00BF 00                  233 	.db #0x00	; 0
   00C0 37                  234 	.db #0x37	; 55	'7'
   00C1 37                  235 	.db #0x37	; 55	'7'
   00C2 37                  236 	.db #0x37	; 55	'7'
   00C3 37                  237 	.db #0x37	; 55	'7'
   00C4 37                  238 	.db #0x37	; 55	'7'
   00C5 37                  239 	.db #0x37	; 55	'7'
   00C6 37                  240 	.db #0x37	; 55	'7'
   00C7 37                  241 	.db #0x37	; 55	'7'
   00C8 37                  242 	.db #0x37	; 55	'7'
   00C9 37                  243 	.db #0x37	; 55	'7'
   00CA 37                  244 	.db #0x37	; 55	'7'
   00CB 37                  245 	.db #0x37	; 55	'7'
   00CC 37                  246 	.db #0x37	; 55	'7'
   00CD 37                  247 	.db #0x37	; 55	'7'
   00CE 37                  248 	.db #0x37	; 55	'7'
   00CF 37                  249 	.db #0x37	; 55	'7'
   00D0 37                  250 	.db #0x37	; 55	'7'
   00D1 37                  251 	.db #0x37	; 55	'7'
   00D2 37                  252 	.db #0x37	; 55	'7'
   00D3 37                  253 	.db #0x37	; 55	'7'
   00D4 37                  254 	.db #0x37	; 55	'7'
   00D5 37                  255 	.db #0x37	; 55	'7'
   00D6 37                  256 	.db #0x37	; 55	'7'
   00D7 37                  257 	.db #0x37	; 55	'7'
   00D8 37                  258 	.db #0x37	; 55	'7'
   00D9 37                  259 	.db #0x37	; 55	'7'
   00DA 37                  260 	.db #0x37	; 55	'7'
   00DB 37                  261 	.db #0x37	; 55	'7'
   00DC 37                  262 	.db #0x37	; 55	'7'
   00DD 37                  263 	.db #0x37	; 55	'7'
   00DE 37                  264 	.db #0x37	; 55	'7'
   00DF 37                  265 	.db #0x37	; 55	'7'
   00E0 38                  266 	.db #0x38	; 56	'8'
   00E1 39                  267 	.db #0x39	; 57	'9'
   00E2 3A                  268 	.db #0x3a	; 58
   00E3 3B                  269 	.db #0x3b	; 59
   00E4 3C                  270 	.db #0x3c	; 60
   00E5 3D                  271 	.db #0x3d	; 61
   00E6 3E                  272 	.db #0x3e	; 62
   00E7 3F                  273 	.db #0x3f	; 63
   00E8 40                  274 	.db #0x40	; 64
   00E9 41                  275 	.db #0x41	; 65	'A'
   00EA 42                  276 	.db #0x42	; 66	'B'
   00EB 43                  277 	.db #0x43	; 67	'C'
   00EC 44                  278 	.db #0x44	; 68	'D'
   00ED 45                  279 	.db #0x45	; 69	'E'
   00EE 46                  280 	.db #0x46	; 70	'F'
   00EF 47                  281 	.db #0x47	; 71	'G'
   00F0 48                  282 	.db #0x48	; 72	'H'
   00F1 49                  283 	.db #0x49	; 73	'I'
   00F2 4A                  284 	.db #0x4a	; 74	'J'
   00F3 4B                  285 	.db #0x4b	; 75	'K'
   00F4 4C                  286 	.db #0x4c	; 76	'L'
   00F5 4D                  287 	.db #0x4d	; 77	'M'
   00F6 4E                  288 	.db #0x4e	; 78	'N'
   00F7 4F                  289 	.db #0x4f	; 79	'O'
   00F8 50                  290 	.db #0x50	; 80	'P'
   00F9 51                  291 	.db #0x51	; 81	'Q'
   00FA 52                  292 	.db #0x52	; 82	'R'
   00FB 53                  293 	.db #0x53	; 83	'S'
   00FC 54                  294 	.db #0x54	; 84	'T'
   00FD 38                  295 	.db #0x38	; 56	'8'
   00FE 39                  296 	.db #0x39	; 57	'9'
   00FF 00                  297 	.db #0x00	; 0
   0100 55                  298 	.db #0x55	; 85	'U'
   0101 56                  299 	.db #0x56	; 86	'V'
   0102 57                  300 	.db #0x57	; 87	'W'
   0103 58                  301 	.db #0x58	; 88	'X'
   0104 59                  302 	.db #0x59	; 89	'Y'
   0105 5A                  303 	.db #0x5a	; 90	'Z'
   0106 5B                  304 	.db #0x5b	; 91
   0107 5C                  305 	.db #0x5c	; 92
   0108 5D                  306 	.db #0x5d	; 93
   0109 5E                  307 	.db #0x5e	; 94
   010A 5F                  308 	.db #0x5f	; 95
   010B 60                  309 	.db #0x60	; 96
   010C 61                  310 	.db #0x61	; 97	'a'
   010D 62                  311 	.db #0x62	; 98	'b'
   010E 63                  312 	.db #0x63	; 99	'c'
   010F 64                  313 	.db #0x64	; 100	'd'
   0110 65                  314 	.db #0x65	; 101	'e'
   0111 66                  315 	.db #0x66	; 102	'f'
   0112 67                  316 	.db #0x67	; 103	'g'
   0113 68                  317 	.db #0x68	; 104	'h'
   0114 69                  318 	.db #0x69	; 105	'i'
   0115 6A                  319 	.db #0x6a	; 106	'j'
   0116 6B                  320 	.db #0x6b	; 107	'k'
   0117 6C                  321 	.db #0x6c	; 108	'l'
   0118 6D                  322 	.db #0x6d	; 109	'm'
   0119 6E                  323 	.db #0x6e	; 110	'n'
   011A 6F                  324 	.db #0x6f	; 111	'o'
   011B 70                  325 	.db #0x70	; 112	'p'
   011C 71                  326 	.db #0x71	; 113	'q'
   011D 72                  327 	.db #0x72	; 114	'r'
   011E 00                  328 	.db #0x00	; 0
   011F 00                  329 	.db #0x00	; 0
   0120 73                  330 	.db #0x73	; 115	's'
   0121 74                  331 	.db #0x74	; 116	't'
   0122 75                  332 	.db #0x75	; 117	'u'
   0123 76                  333 	.db #0x76	; 118	'v'
   0124 77                  334 	.db #0x77	; 119	'w'
   0125 78                  335 	.db #0x78	; 120	'x'
   0126 79                  336 	.db #0x79	; 121	'y'
   0127 7A                  337 	.db #0x7a	; 122	'z'
   0128 7B                  338 	.db #0x7b	; 123
   0129 7C                  339 	.db #0x7c	; 124
   012A 7D                  340 	.db #0x7d	; 125
   012B 7E                  341 	.db #0x7e	; 126
   012C 7F                  342 	.db #0x7f	; 127
   012D 80                  343 	.db #0x80	; 128
   012E 81                  344 	.db #0x81	; 129
   012F 82                  345 	.db #0x82	; 130
   0130 83                  346 	.db #0x83	; 131
   0131 84                  347 	.db #0x84	; 132
   0132 85                  348 	.db #0x85	; 133
   0133 86                  349 	.db #0x86	; 134
   0134 87                  350 	.db #0x87	; 135
   0135 88                  351 	.db #0x88	; 136
   0136 89                  352 	.db #0x89	; 137
   0137 8A                  353 	.db #0x8a	; 138
   0138 8B                  354 	.db #0x8b	; 139
   0139 8C                  355 	.db #0x8c	; 140
   013A 8D                  356 	.db #0x8d	; 141
   013B 8E                  357 	.db #0x8e	; 142
   013C 8F                  358 	.db #0x8f	; 143
   013D 90                  359 	.db #0x90	; 144
   013E 00                  360 	.db #0x00	; 0
   013F 00                  361 	.db #0x00	; 0
   0140 91                  362 	.db #0x91	; 145
   0141 92                  363 	.db #0x92	; 146
   0142 93                  364 	.db #0x93	; 147
   0143 94                  365 	.db #0x94	; 148
   0144 95                  366 	.db #0x95	; 149
   0145 96                  367 	.db #0x96	; 150
   0146 97                  368 	.db #0x97	; 151
   0147 98                  369 	.db #0x98	; 152
   0148 99                  370 	.db #0x99	; 153
   0149 9A                  371 	.db #0x9a	; 154
   014A 9B                  372 	.db #0x9b	; 155
   014B 9C                  373 	.db #0x9c	; 156
   014C 9D                  374 	.db #0x9d	; 157
   014D 9E                  375 	.db #0x9e	; 158
   014E 9F                  376 	.db #0x9f	; 159
   014F A0                  377 	.db #0xa0	; 160
   0150 A1                  378 	.db #0xa1	; 161
   0151 A2                  379 	.db #0xa2	; 162
   0152 A3                  380 	.db #0xa3	; 163
   0153 A4                  381 	.db #0xa4	; 164
   0154 A5                  382 	.db #0xa5	; 165
   0155 A6                  383 	.db #0xa6	; 166
   0156 A7                  384 	.db #0xa7	; 167
   0157 A8                  385 	.db #0xa8	; 168
   0158 A9                  386 	.db #0xa9	; 169
   0159 AA                  387 	.db #0xaa	; 170
   015A AB                  388 	.db #0xab	; 171
   015B AC                  389 	.db #0xac	; 172
   015C AD                  390 	.db #0xad	; 173
   015D AE                  391 	.db #0xae	; 174
   015E 00                  392 	.db #0x00	; 0
   015F 00                  393 	.db #0x00	; 0
   0160 AF                  394 	.db #0xaf	; 175
   0161 B0                  395 	.db #0xb0	; 176
   0162 B1                  396 	.db #0xb1	; 177
   0163 B2                  397 	.db #0xb2	; 178
   0164 B3                  398 	.db #0xb3	; 179
   0165 B4                  399 	.db #0xb4	; 180
   0166 B5                  400 	.db #0xb5	; 181
   0167 B6                  401 	.db #0xb6	; 182
   0168 B7                  402 	.db #0xb7	; 183
   0169 B8                  403 	.db #0xb8	; 184
   016A B9                  404 	.db #0xb9	; 185
   016B BA                  405 	.db #0xba	; 186
   016C BB                  406 	.db #0xbb	; 187
   016D BC                  407 	.db #0xbc	; 188
   016E BD                  408 	.db #0xbd	; 189
   016F BE                  409 	.db #0xbe	; 190
   0170 BF                  410 	.db #0xbf	; 191
   0171 C0                  411 	.db #0xc0	; 192
   0172 C1                  412 	.db #0xc1	; 193
   0173 C2                  413 	.db #0xc2	; 194
   0174 C3                  414 	.db #0xc3	; 195
   0175 C4                  415 	.db #0xc4	; 196
   0176 C5                  416 	.db #0xc5	; 197
   0177 C6                  417 	.db #0xc6	; 198
   0178 C7                  418 	.db #0xc7	; 199
   0179 C8                  419 	.db #0xc8	; 200
   017A C9                  420 	.db #0xc9	; 201
   017B CA                  421 	.db #0xca	; 202
   017C CB                  422 	.db #0xcb	; 203
   017D CC                  423 	.db #0xcc	; 204
   017E 00                  424 	.db #0x00	; 0
   017F 00                  425 	.db #0x00	; 0
   0180 CD                  426 	.db #0xcd	; 205
   0181 CE                  427 	.db #0xce	; 206
   0182 CF                  428 	.db #0xcf	; 207
   0183 D0                  429 	.db #0xd0	; 208
   0184 D1                  430 	.db #0xd1	; 209
   0185 D2                  431 	.db #0xd2	; 210
   0186 D3                  432 	.db #0xd3	; 211
   0187 D4                  433 	.db #0xd4	; 212
   0188 D5                  434 	.db #0xd5	; 213
   0189 D6                  435 	.db #0xd6	; 214
   018A D7                  436 	.db #0xd7	; 215
   018B D8                  437 	.db #0xd8	; 216
   018C D9                  438 	.db #0xd9	; 217
   018D DA                  439 	.db #0xda	; 218
   018E DB                  440 	.db #0xdb	; 219
   018F DC                  441 	.db #0xdc	; 220
   0190 DD                  442 	.db #0xdd	; 221
   0191 DE                  443 	.db #0xde	; 222
   0192 DF                  444 	.db #0xdf	; 223
   0193 E0                  445 	.db #0xe0	; 224
   0194 E1                  446 	.db #0xe1	; 225
   0195 E2                  447 	.db #0xe2	; 226
   0196 D1                  448 	.db #0xd1	; 209
   0197 E3                  449 	.db #0xe3	; 227
   0198 E4                  450 	.db #0xe4	; 228
   0199 E5                  451 	.db #0xe5	; 229
   019A E6                  452 	.db #0xe6	; 230
   019B E7                  453 	.db #0xe7	; 231
   019C E8                  454 	.db #0xe8	; 232
   019D E9                  455 	.db #0xe9	; 233
   019E EA                  456 	.db #0xea	; 234
   019F EA                  457 	.db #0xea	; 234
   01A0 EB                  458 	.db #0xeb	; 235
   01A1 EC                  459 	.db #0xec	; 236
   01A2 ED                  460 	.db #0xed	; 237
   01A3 EE                  461 	.db #0xee	; 238
   01A4 EF                  462 	.db #0xef	; 239
   01A5 F0                  463 	.db #0xf0	; 240
   01A6 F1                  464 	.db #0xf1	; 241
   01A7 F2                  465 	.db #0xf2	; 242
   01A8 F3                  466 	.db #0xf3	; 243
   01A9 EB                  467 	.db #0xeb	; 235
   01AA EC                  468 	.db #0xec	; 236
   01AB ED                  469 	.db #0xed	; 237
   01AC EE                  470 	.db #0xee	; 238
   01AD EF                  471 	.db #0xef	; 239
   01AE F0                  472 	.db #0xf0	; 240
   01AF F1                  473 	.db #0xf1	; 241
   01B0 F2                  474 	.db #0xf2	; 242
   01B1 F3                  475 	.db #0xf3	; 243
   01B2 EB                  476 	.db #0xeb	; 235
   01B3 EC                  477 	.db #0xec	; 236
   01B4 ED                  478 	.db #0xed	; 237
   01B5 EE                  479 	.db #0xee	; 238
   01B6 EF                  480 	.db #0xef	; 239
   01B7 F0                  481 	.db #0xf0	; 240
   01B8 F1                  482 	.db #0xf1	; 241
   01B9 F2                  483 	.db #0xf2	; 242
   01BA F3                  484 	.db #0xf3	; 243
   01BB EB                  485 	.db #0xeb	; 235
   01BC EC                  486 	.db #0xec	; 236
   01BD ED                  487 	.db #0xed	; 237
   01BE EE                  488 	.db #0xee	; 238
   01BF EF                  489 	.db #0xef	; 239
   01C0 F4                  490 	.db #0xf4	; 244
   01C1 F5                  491 	.db #0xf5	; 245
   01C2 F6                  492 	.db #0xf6	; 246
   01C3 F7                  493 	.db #0xf7	; 247
   01C4 F8                  494 	.db #0xf8	; 248
   01C5 F9                  495 	.db #0xf9	; 249
   01C6 FA                  496 	.db #0xfa	; 250
   01C7 FB                  497 	.db #0xfb	; 251
   01C8 FC                  498 	.db #0xfc	; 252
   01C9 F4                  499 	.db #0xf4	; 244
   01CA F5                  500 	.db #0xf5	; 245
   01CB F6                  501 	.db #0xf6	; 246
   01CC F7                  502 	.db #0xf7	; 247
   01CD F8                  503 	.db #0xf8	; 248
   01CE F9                  504 	.db #0xf9	; 249
   01CF FA                  505 	.db #0xfa	; 250
   01D0 FB                  506 	.db #0xfb	; 251
   01D1 FC                  507 	.db #0xfc	; 252
   01D2 F4                  508 	.db #0xf4	; 244
   01D3 F5                  509 	.db #0xf5	; 245
   01D4 F6                  510 	.db #0xf6	; 246
   01D5 F7                  511 	.db #0xf7	; 247
   01D6 F8                  512 	.db #0xf8	; 248
   01D7 F9                  513 	.db #0xf9	; 249
   01D8 FA                  514 	.db #0xfa	; 250
   01D9 FB                  515 	.db #0xfb	; 251
   01DA FC                  516 	.db #0xfc	; 252
   01DB F4                  517 	.db #0xf4	; 244
   01DC F5                  518 	.db #0xf5	; 245
   01DD F6                  519 	.db #0xf6	; 246
   01DE F7                  520 	.db #0xf7	; 247
   01DF F8                  521 	.db #0xf8	; 248
   01E0 FD                  522 	.db #0xfd	; 253
   01E1 FE                  523 	.db #0xfe	; 254
   01E2 FF                  524 	.db #0xff	; 255
   01E3 00                  525 	.db #0x00	; 0
   01E4 01                  526 	.db #0x01	; 1
   01E5 02                  527 	.db #0x02	; 2
   01E6 03                  528 	.db #0x03	; 3
   01E7 04                  529 	.db #0x04	; 4
   01E8 05                  530 	.db #0x05	; 5
   01E9 06                  531 	.db #0x06	; 6
   01EA 07                  532 	.db #0x07	; 7
   01EB 08                  533 	.db #0x08	; 8
   01EC 09                  534 	.db #0x09	; 9
   01ED 0A                  535 	.db #0x0a	; 10
   01EE 0B                  536 	.db #0x0b	; 11
   01EF 0C                  537 	.db #0x0c	; 12
   01F0 0D                  538 	.db #0x0d	; 13
   01F1 0E                  539 	.db #0x0e	; 14
   01F2 0F                  540 	.db #0x0f	; 15
   01F3 10                  541 	.db #0x10	; 16
   01F4 11                  542 	.db #0x11	; 17
   01F5 12                  543 	.db #0x12	; 18
   01F6 13                  544 	.db #0x13	; 19
   01F7 14                  545 	.db #0x14	; 20
   01F8 15                  546 	.db #0x15	; 21
   01F9 16                  547 	.db #0x16	; 22
   01FA 17                  548 	.db #0x17	; 23
   01FB 18                  549 	.db #0x18	; 24
   01FC 19                  550 	.db #0x19	; 25
   01FD 1A                  551 	.db #0x1a	; 26
   01FE 19                  552 	.db #0x19	; 25
   01FF 1A                  553 	.db #0x1a	; 26
   0200 1B                  554 	.db #0x1b	; 27
   0201 1C                  555 	.db #0x1c	; 28
   0202 1D                  556 	.db #0x1d	; 29
   0203 1E                  557 	.db #0x1e	; 30
   0204 1F                  558 	.db #0x1f	; 31
   0205 20                  559 	.db #0x20	; 32
   0206 21                  560 	.db #0x21	; 33
   0207 22                  561 	.db #0x22	; 34
   0208 23                  562 	.db #0x23	; 35
   0209 24                  563 	.db #0x24	; 36
   020A 25                  564 	.db #0x25	; 37
   020B 26                  565 	.db #0x26	; 38
   020C 27                  566 	.db #0x27	; 39
   020D 28                  567 	.db #0x28	; 40
   020E 29                  568 	.db #0x29	; 41
   020F 2A                  569 	.db #0x2a	; 42
   0210 2B                  570 	.db #0x2b	; 43
   0211 2C                  571 	.db #0x2c	; 44
   0212 2D                  572 	.db #0x2d	; 45
   0213 2E                  573 	.db #0x2e	; 46
   0214 2F                  574 	.db #0x2f	; 47
   0215 30                  575 	.db #0x30	; 48	'0'
   0216 31                  576 	.db #0x31	; 49	'1'
   0217 32                  577 	.db #0x32	; 50	'2'
   0218 33                  578 	.db #0x33	; 51	'3'
   0219 34                  579 	.db #0x34	; 52	'4'
   021A 35                  580 	.db #0x35	; 53	'5'
   021B 36                  581 	.db #0x36	; 54	'6'
   021C 37                  582 	.db #0x37	; 55	'7'
   021D 38                  583 	.db #0x38	; 56	'8'
   021E 38                  584 	.db #0x38	; 56	'8'
   021F 38                  585 	.db #0x38	; 56	'8'
   0220 39                  586 	.db #0x39	; 57	'9'
   0221 3A                  587 	.db #0x3a	; 58
   0222 3B                  588 	.db #0x3b	; 59
   0223 3C                  589 	.db #0x3c	; 60
   0224 3D                  590 	.db #0x3d	; 61
   0225 3E                  591 	.db #0x3e	; 62
   0226 3F                  592 	.db #0x3f	; 63
   0227 40                  593 	.db #0x40	; 64
   0228 41                  594 	.db #0x41	; 65	'A'
   0229 42                  595 	.db #0x42	; 66	'B'
   022A 43                  596 	.db #0x43	; 67	'C'
   022B 44                  597 	.db #0x44	; 68	'D'
   022C 45                  598 	.db #0x45	; 69	'E'
   022D 46                  599 	.db #0x46	; 70	'F'
   022E 47                  600 	.db #0x47	; 71	'G'
   022F 48                  601 	.db #0x48	; 72	'H'
   0230 49                  602 	.db #0x49	; 73	'I'
   0231 4A                  603 	.db #0x4a	; 74	'J'
   0232 4B                  604 	.db #0x4b	; 75	'K'
   0233 4C                  605 	.db #0x4c	; 76	'L'
   0234 4D                  606 	.db #0x4d	; 77	'M'
   0235 4E                  607 	.db #0x4e	; 78	'N'
   0236 4F                  608 	.db #0x4f	; 79	'O'
   0237 50                  609 	.db #0x50	; 80	'P'
   0238 51                  610 	.db #0x51	; 81	'Q'
   0239 52                  611 	.db #0x52	; 82	'R'
   023A 53                  612 	.db #0x53	; 83	'S'
   023B 54                  613 	.db #0x54	; 84	'T'
   023C 55                  614 	.db #0x55	; 85	'U'
   023D 56                  615 	.db #0x56	; 86	'V'
   023E 56                  616 	.db #0x56	; 86	'V'
   023F 56                  617 	.db #0x56	; 86	'V'
   0240                     618 _Persp3DMapPLN1:
   0240 00                  619 	.db #0x00	; 0
   0241 00                  620 	.db #0x00	; 0
   0242 00                  621 	.db #0x00	; 0
   0243 00                  622 	.db #0x00	; 0
   0244 00                  623 	.db #0x00	; 0
   0245 00                  624 	.db #0x00	; 0
   0246 00                  625 	.db #0x00	; 0
   0247 00                  626 	.db #0x00	; 0
   0248 00                  627 	.db #0x00	; 0
   0249 00                  628 	.db #0x00	; 0
   024A 00                  629 	.db #0x00	; 0
   024B 00                  630 	.db #0x00	; 0
   024C 00                  631 	.db #0x00	; 0
   024D 00                  632 	.db #0x00	; 0
   024E 00                  633 	.db #0x00	; 0
   024F 00                  634 	.db #0x00	; 0
   0250 00                  635 	.db #0x00	; 0
   0251 00                  636 	.db #0x00	; 0
   0252 00                  637 	.db #0x00	; 0
   0253 00                  638 	.db #0x00	; 0
   0254 00                  639 	.db #0x00	; 0
   0255 00                  640 	.db #0x00	; 0
   0256 00                  641 	.db #0x00	; 0
   0257 00                  642 	.db #0x00	; 0
   0258 00                  643 	.db #0x00	; 0
   0259 00                  644 	.db #0x00	; 0
   025A 00                  645 	.db #0x00	; 0
   025B 00                  646 	.db #0x00	; 0
   025C 00                  647 	.db #0x00	; 0
   025D 00                  648 	.db #0x00	; 0
   025E 00                  649 	.db #0x00	; 0
   025F 00                  650 	.db #0x00	; 0
   0260 00                  651 	.db #0x00	; 0
   0261 00                  652 	.db #0x00	; 0
   0262 00                  653 	.db #0x00	; 0
   0263 00                  654 	.db #0x00	; 0
   0264 00                  655 	.db #0x00	; 0
   0265 00                  656 	.db #0x00	; 0
   0266 00                  657 	.db #0x00	; 0
   0267 00                  658 	.db #0x00	; 0
   0268 00                  659 	.db #0x00	; 0
   0269 00                  660 	.db #0x00	; 0
   026A 00                  661 	.db #0x00	; 0
   026B 00                  662 	.db #0x00	; 0
   026C 00                  663 	.db #0x00	; 0
   026D 00                  664 	.db #0x00	; 0
   026E 00                  665 	.db #0x00	; 0
   026F 00                  666 	.db #0x00	; 0
   0270 00                  667 	.db #0x00	; 0
   0271 00                  668 	.db #0x00	; 0
   0272 00                  669 	.db #0x00	; 0
   0273 00                  670 	.db #0x00	; 0
   0274 00                  671 	.db #0x00	; 0
   0275 00                  672 	.db #0x00	; 0
   0276 00                  673 	.db #0x00	; 0
   0277 00                  674 	.db #0x00	; 0
   0278 00                  675 	.db #0x00	; 0
   0279 00                  676 	.db #0x00	; 0
   027A 00                  677 	.db #0x00	; 0
   027B 00                  678 	.db #0x00	; 0
   027C 00                  679 	.db #0x00	; 0
   027D 00                  680 	.db #0x00	; 0
   027E 00                  681 	.db #0x00	; 0
   027F 00                  682 	.db #0x00	; 0
   0280 00                  683 	.db #0x00	; 0
   0281 00                  684 	.db #0x00	; 0
   0282 00                  685 	.db #0x00	; 0
   0283 00                  686 	.db #0x00	; 0
   0284 00                  687 	.db #0x00	; 0
   0285 00                  688 	.db #0x00	; 0
   0286 00                  689 	.db #0x00	; 0
   0287 00                  690 	.db #0x00	; 0
   0288 00                  691 	.db #0x00	; 0
   0289 00                  692 	.db #0x00	; 0
   028A 00                  693 	.db #0x00	; 0
   028B 00                  694 	.db #0x00	; 0
   028C 00                  695 	.db #0x00	; 0
   028D 00                  696 	.db #0x00	; 0
   028E 00                  697 	.db #0x00	; 0
   028F 00                  698 	.db #0x00	; 0
   0290 00                  699 	.db #0x00	; 0
   0291 00                  700 	.db #0x00	; 0
   0292 00                  701 	.db #0x00	; 0
   0293 00                  702 	.db #0x00	; 0
   0294 00                  703 	.db #0x00	; 0
   0295 00                  704 	.db #0x00	; 0
   0296 00                  705 	.db #0x00	; 0
   0297 00                  706 	.db #0x00	; 0
   0298 00                  707 	.db #0x00	; 0
   0299 00                  708 	.db #0x00	; 0
   029A 00                  709 	.db #0x00	; 0
   029B 00                  710 	.db #0x00	; 0
   029C 00                  711 	.db #0x00	; 0
   029D 00                  712 	.db #0x00	; 0
   029E 00                  713 	.db #0x00	; 0
   029F 00                  714 	.db #0x00	; 0
   02A0 00                  715 	.db #0x00	; 0
   02A1 00                  716 	.db #0x00	; 0
   02A2 00                  717 	.db #0x00	; 0
   02A3 00                  718 	.db #0x00	; 0
   02A4 00                  719 	.db #0x00	; 0
   02A5 00                  720 	.db #0x00	; 0
   02A6 00                  721 	.db #0x00	; 0
   02A7 00                  722 	.db #0x00	; 0
   02A8 00                  723 	.db #0x00	; 0
   02A9 00                  724 	.db #0x00	; 0
   02AA 00                  725 	.db #0x00	; 0
   02AB 00                  726 	.db #0x00	; 0
   02AC 00                  727 	.db #0x00	; 0
   02AD 00                  728 	.db #0x00	; 0
   02AE 00                  729 	.db #0x00	; 0
   02AF 00                  730 	.db #0x00	; 0
   02B0 00                  731 	.db #0x00	; 0
   02B1 00                  732 	.db #0x00	; 0
   02B2 00                  733 	.db #0x00	; 0
   02B3 00                  734 	.db #0x00	; 0
   02B4 00                  735 	.db #0x00	; 0
   02B5 00                  736 	.db #0x00	; 0
   02B6 00                  737 	.db #0x00	; 0
   02B7 00                  738 	.db #0x00	; 0
   02B8 00                  739 	.db #0x00	; 0
   02B9 00                  740 	.db #0x00	; 0
   02BA 00                  741 	.db #0x00	; 0
   02BB 00                  742 	.db #0x00	; 0
   02BC 00                  743 	.db #0x00	; 0
   02BD 00                  744 	.db #0x00	; 0
   02BE 00                  745 	.db #0x00	; 0
   02BF 00                  746 	.db #0x00	; 0
   02C0 00                  747 	.db #0x00	; 0
   02C1 00                  748 	.db #0x00	; 0
   02C2 00                  749 	.db #0x00	; 0
   02C3 00                  750 	.db #0x00	; 0
   02C4 00                  751 	.db #0x00	; 0
   02C5 00                  752 	.db #0x00	; 0
   02C6 00                  753 	.db #0x00	; 0
   02C7 00                  754 	.db #0x00	; 0
   02C8 00                  755 	.db #0x00	; 0
   02C9 00                  756 	.db #0x00	; 0
   02CA 00                  757 	.db #0x00	; 0
   02CB 00                  758 	.db #0x00	; 0
   02CC 00                  759 	.db #0x00	; 0
   02CD 00                  760 	.db #0x00	; 0
   02CE 00                  761 	.db #0x00	; 0
   02CF 00                  762 	.db #0x00	; 0
   02D0 00                  763 	.db #0x00	; 0
   02D1 00                  764 	.db #0x00	; 0
   02D2 00                  765 	.db #0x00	; 0
   02D3 00                  766 	.db #0x00	; 0
   02D4 00                  767 	.db #0x00	; 0
   02D5 00                  768 	.db #0x00	; 0
   02D6 00                  769 	.db #0x00	; 0
   02D7 00                  770 	.db #0x00	; 0
   02D8 00                  771 	.db #0x00	; 0
   02D9 00                  772 	.db #0x00	; 0
   02DA 00                  773 	.db #0x00	; 0
   02DB 00                  774 	.db #0x00	; 0
   02DC 00                  775 	.db #0x00	; 0
   02DD 00                  776 	.db #0x00	; 0
   02DE 00                  777 	.db #0x00	; 0
   02DF 00                  778 	.db #0x00	; 0
   02E0 00                  779 	.db #0x00	; 0
   02E1 00                  780 	.db #0x00	; 0
   02E2 00                  781 	.db #0x00	; 0
   02E3 00                  782 	.db #0x00	; 0
   02E4 00                  783 	.db #0x00	; 0
   02E5 00                  784 	.db #0x00	; 0
   02E6 00                  785 	.db #0x00	; 0
   02E7 00                  786 	.db #0x00	; 0
   02E8 00                  787 	.db #0x00	; 0
   02E9 00                  788 	.db #0x00	; 0
   02EA 00                  789 	.db #0x00	; 0
   02EB 00                  790 	.db #0x00	; 0
   02EC 00                  791 	.db #0x00	; 0
   02ED 00                  792 	.db #0x00	; 0
   02EE 00                  793 	.db #0x00	; 0
   02EF 00                  794 	.db #0x00	; 0
   02F0 00                  795 	.db #0x00	; 0
   02F1 00                  796 	.db #0x00	; 0
   02F2 00                  797 	.db #0x00	; 0
   02F3 00                  798 	.db #0x00	; 0
   02F4 00                  799 	.db #0x00	; 0
   02F5 00                  800 	.db #0x00	; 0
   02F6 00                  801 	.db #0x00	; 0
   02F7 00                  802 	.db #0x00	; 0
   02F8 00                  803 	.db #0x00	; 0
   02F9 00                  804 	.db #0x00	; 0
   02FA 00                  805 	.db #0x00	; 0
   02FB 00                  806 	.db #0x00	; 0
   02FC 00                  807 	.db #0x00	; 0
   02FD 00                  808 	.db #0x00	; 0
   02FE 00                  809 	.db #0x00	; 0
   02FF 00                  810 	.db #0x00	; 0
   0300 04                  811 	.db #0x04	; 4
   0301 04                  812 	.db #0x04	; 4
   0302 04                  813 	.db #0x04	; 4
   0303 04                  814 	.db #0x04	; 4
   0304 04                  815 	.db #0x04	; 4
   0305 04                  816 	.db #0x04	; 4
   0306 04                  817 	.db #0x04	; 4
   0307 04                  818 	.db #0x04	; 4
   0308 04                  819 	.db #0x04	; 4
   0309 04                  820 	.db #0x04	; 4
   030A 04                  821 	.db #0x04	; 4
   030B 04                  822 	.db #0x04	; 4
   030C 04                  823 	.db #0x04	; 4
   030D 04                  824 	.db #0x04	; 4
   030E 04                  825 	.db #0x04	; 4
   030F 04                  826 	.db #0x04	; 4
   0310 04                  827 	.db #0x04	; 4
   0311 04                  828 	.db #0x04	; 4
   0312 04                  829 	.db #0x04	; 4
   0313 04                  830 	.db #0x04	; 4
   0314 04                  831 	.db #0x04	; 4
   0315 04                  832 	.db #0x04	; 4
   0316 04                  833 	.db #0x04	; 4
   0317 04                  834 	.db #0x04	; 4
   0318 04                  835 	.db #0x04	; 4
   0319 04                  836 	.db #0x04	; 4
   031A 04                  837 	.db #0x04	; 4
   031B 04                  838 	.db #0x04	; 4
   031C 04                  839 	.db #0x04	; 4
   031D 04                  840 	.db #0x04	; 4
   031E 04                  841 	.db #0x04	; 4
   031F 04                  842 	.db #0x04	; 4
   0320 03                  843 	.db #0x03	; 3
   0321 03                  844 	.db #0x03	; 3
   0322 03                  845 	.db #0x03	; 3
   0323 03                  846 	.db #0x03	; 3
   0324 03                  847 	.db #0x03	; 3
   0325 03                  848 	.db #0x03	; 3
   0326 03                  849 	.db #0x03	; 3
   0327 03                  850 	.db #0x03	; 3
   0328 03                  851 	.db #0x03	; 3
   0329 03                  852 	.db #0x03	; 3
   032A 03                  853 	.db #0x03	; 3
   032B 03                  854 	.db #0x03	; 3
   032C 03                  855 	.db #0x03	; 3
   032D 03                  856 	.db #0x03	; 3
   032E 03                  857 	.db #0x03	; 3
   032F 03                  858 	.db #0x03	; 3
   0330 03                  859 	.db #0x03	; 3
   0331 03                  860 	.db #0x03	; 3
   0332 03                  861 	.db #0x03	; 3
   0333 03                  862 	.db #0x03	; 3
   0334 03                  863 	.db #0x03	; 3
   0335 03                  864 	.db #0x03	; 3
   0336 03                  865 	.db #0x03	; 3
   0337 03                  866 	.db #0x03	; 3
   0338 03                  867 	.db #0x03	; 3
   0339 03                  868 	.db #0x03	; 3
   033A 03                  869 	.db #0x03	; 3
   033B 03                  870 	.db #0x03	; 3
   033C 03                  871 	.db #0x03	; 3
   033D 03                  872 	.db #0x03	; 3
   033E 03                  873 	.db #0x03	; 3
   033F 03                  874 	.db #0x03	; 3
   0340 04                  875 	.db #0x04	; 4
   0341 04                  876 	.db #0x04	; 4
   0342 04                  877 	.db #0x04	; 4
   0343 04                  878 	.db #0x04	; 4
   0344 04                  879 	.db #0x04	; 4
   0345 04                  880 	.db #0x04	; 4
   0346 04                  881 	.db #0x04	; 4
   0347 04                  882 	.db #0x04	; 4
   0348 04                  883 	.db #0x04	; 4
   0349 04                  884 	.db #0x04	; 4
   034A 04                  885 	.db #0x04	; 4
   034B 04                  886 	.db #0x04	; 4
   034C 04                  887 	.db #0x04	; 4
   034D 04                  888 	.db #0x04	; 4
   034E 04                  889 	.db #0x04	; 4
   034F 04                  890 	.db #0x04	; 4
   0350 04                  891 	.db #0x04	; 4
   0351 04                  892 	.db #0x04	; 4
   0352 04                  893 	.db #0x04	; 4
   0353 04                  894 	.db #0x04	; 4
   0354 04                  895 	.db #0x04	; 4
   0355 04                  896 	.db #0x04	; 4
   0356 04                  897 	.db #0x04	; 4
   0357 04                  898 	.db #0x04	; 4
   0358 04                  899 	.db #0x04	; 4
   0359 04                  900 	.db #0x04	; 4
   035A 04                  901 	.db #0x04	; 4
   035B 04                  902 	.db #0x04	; 4
   035C 04                  903 	.db #0x04	; 4
   035D 04                  904 	.db #0x04	; 4
   035E 04                  905 	.db #0x04	; 4
   035F 04                  906 	.db #0x04	; 4
   0360 01                  907 	.db #0x01	; 1
   0361 01                  908 	.db #0x01	; 1
   0362 01                  909 	.db #0x01	; 1
   0363 01                  910 	.db #0x01	; 1
   0364 01                  911 	.db #0x01	; 1
   0365 01                  912 	.db #0x01	; 1
   0366 01                  913 	.db #0x01	; 1
   0367 01                  914 	.db #0x01	; 1
   0368 01                  915 	.db #0x01	; 1
   0369 01                  916 	.db #0x01	; 1
   036A 01                  917 	.db #0x01	; 1
   036B 01                  918 	.db #0x01	; 1
   036C 01                  919 	.db #0x01	; 1
   036D 01                  920 	.db #0x01	; 1
   036E 01                  921 	.db #0x01	; 1
   036F 01                  922 	.db #0x01	; 1
   0370 01                  923 	.db #0x01	; 1
   0371 01                  924 	.db #0x01	; 1
   0372 01                  925 	.db #0x01	; 1
   0373 01                  926 	.db #0x01	; 1
   0374 01                  927 	.db #0x01	; 1
   0375 01                  928 	.db #0x01	; 1
   0376 01                  929 	.db #0x01	; 1
   0377 01                  930 	.db #0x01	; 1
   0378 01                  931 	.db #0x01	; 1
   0379 01                  932 	.db #0x01	; 1
   037A 01                  933 	.db #0x01	; 1
   037B 01                  934 	.db #0x01	; 1
   037C 01                  935 	.db #0x01	; 1
   037D 01                  936 	.db #0x01	; 1
   037E 01                  937 	.db #0x01	; 1
   037F 01                  938 	.db #0x01	; 1
   0380 01                  939 	.db #0x01	; 1
   0381 01                  940 	.db #0x01	; 1
   0382 01                  941 	.db #0x01	; 1
   0383 01                  942 	.db #0x01	; 1
   0384 01                  943 	.db #0x01	; 1
   0385 01                  944 	.db #0x01	; 1
   0386 01                  945 	.db #0x01	; 1
   0387 01                  946 	.db #0x01	; 1
   0388 01                  947 	.db #0x01	; 1
   0389 01                  948 	.db #0x01	; 1
   038A 01                  949 	.db #0x01	; 1
   038B 01                  950 	.db #0x01	; 1
   038C 01                  951 	.db #0x01	; 1
   038D 01                  952 	.db #0x01	; 1
   038E 01                  953 	.db #0x01	; 1
   038F 01                  954 	.db #0x01	; 1
   0390 01                  955 	.db #0x01	; 1
   0391 01                  956 	.db #0x01	; 1
   0392 01                  957 	.db #0x01	; 1
   0393 01                  958 	.db #0x01	; 1
   0394 01                  959 	.db #0x01	; 1
   0395 01                  960 	.db #0x01	; 1
   0396 01                  961 	.db #0x01	; 1
   0397 01                  962 	.db #0x01	; 1
   0398 01                  963 	.db #0x01	; 1
   0399 01                  964 	.db #0x01	; 1
   039A 01                  965 	.db #0x01	; 1
   039B 01                  966 	.db #0x01	; 1
   039C 01                  967 	.db #0x01	; 1
   039D 01                  968 	.db #0x01	; 1
   039E 01                  969 	.db #0x01	; 1
   039F 01                  970 	.db #0x01	; 1
   03A0 01                  971 	.db #0x01	; 1
   03A1 01                  972 	.db #0x01	; 1
   03A2 01                  973 	.db #0x01	; 1
   03A3 01                  974 	.db #0x01	; 1
   03A4 01                  975 	.db #0x01	; 1
   03A5 01                  976 	.db #0x01	; 1
   03A6 01                  977 	.db #0x01	; 1
   03A7 01                  978 	.db #0x01	; 1
   03A8 01                  979 	.db #0x01	; 1
   03A9 01                  980 	.db #0x01	; 1
   03AA 01                  981 	.db #0x01	; 1
   03AB 01                  982 	.db #0x01	; 1
   03AC 01                  983 	.db #0x01	; 1
   03AD 01                  984 	.db #0x01	; 1
   03AE 01                  985 	.db #0x01	; 1
   03AF 01                  986 	.db #0x01	; 1
   03B0 01                  987 	.db #0x01	; 1
   03B1 01                  988 	.db #0x01	; 1
   03B2 01                  989 	.db #0x01	; 1
   03B3 01                  990 	.db #0x01	; 1
   03B4 01                  991 	.db #0x01	; 1
   03B5 01                  992 	.db #0x01	; 1
   03B6 01                  993 	.db #0x01	; 1
   03B7 01                  994 	.db #0x01	; 1
   03B8 01                  995 	.db #0x01	; 1
   03B9 01                  996 	.db #0x01	; 1
   03BA 01                  997 	.db #0x01	; 1
   03BB 01                  998 	.db #0x01	; 1
   03BC 01                  999 	.db #0x01	; 1
   03BD 01                 1000 	.db #0x01	; 1
   03BE 01                 1001 	.db #0x01	; 1
   03BF 01                 1002 	.db #0x01	; 1
   03C0 01                 1003 	.db #0x01	; 1
   03C1 01                 1004 	.db #0x01	; 1
   03C2 01                 1005 	.db #0x01	; 1
   03C3 01                 1006 	.db #0x01	; 1
   03C4 01                 1007 	.db #0x01	; 1
   03C5 01                 1008 	.db #0x01	; 1
   03C6 01                 1009 	.db #0x01	; 1
   03C7 01                 1010 	.db #0x01	; 1
   03C8 01                 1011 	.db #0x01	; 1
   03C9 01                 1012 	.db #0x01	; 1
   03CA 01                 1013 	.db #0x01	; 1
   03CB 01                 1014 	.db #0x01	; 1
   03CC 01                 1015 	.db #0x01	; 1
   03CD 01                 1016 	.db #0x01	; 1
   03CE 01                 1017 	.db #0x01	; 1
   03CF 01                 1018 	.db #0x01	; 1
   03D0 01                 1019 	.db #0x01	; 1
   03D1 01                 1020 	.db #0x01	; 1
   03D2 01                 1021 	.db #0x01	; 1
   03D3 01                 1022 	.db #0x01	; 1
   03D4 01                 1023 	.db #0x01	; 1
   03D5 01                 1024 	.db #0x01	; 1
   03D6 21                 1025 	.db #0x21	; 33
   03D7 01                 1026 	.db #0x01	; 1
   03D8 01                 1027 	.db #0x01	; 1
   03D9 01                 1028 	.db #0x01	; 1
   03DA 01                 1029 	.db #0x01	; 1
   03DB 01                 1030 	.db #0x01	; 1
   03DC 01                 1031 	.db #0x01	; 1
   03DD 01                 1032 	.db #0x01	; 1
   03DE 01                 1033 	.db #0x01	; 1
   03DF 01                 1034 	.db #0x01	; 1
   03E0 02                 1035 	.db #0x02	; 2
   03E1 02                 1036 	.db #0x02	; 2
   03E2 02                 1037 	.db #0x02	; 2
   03E3 02                 1038 	.db #0x02	; 2
   03E4 02                 1039 	.db #0x02	; 2
   03E5 02                 1040 	.db #0x02	; 2
   03E6 02                 1041 	.db #0x02	; 2
   03E7 02                 1042 	.db #0x02	; 2
   03E8 02                 1043 	.db #0x02	; 2
   03E9 02                 1044 	.db #0x02	; 2
   03EA 02                 1045 	.db #0x02	; 2
   03EB 02                 1046 	.db #0x02	; 2
   03EC 02                 1047 	.db #0x02	; 2
   03ED 02                 1048 	.db #0x02	; 2
   03EE 02                 1049 	.db #0x02	; 2
   03EF 02                 1050 	.db #0x02	; 2
   03F0 02                 1051 	.db #0x02	; 2
   03F1 02                 1052 	.db #0x02	; 2
   03F2 02                 1053 	.db #0x02	; 2
   03F3 02                 1054 	.db #0x02	; 2
   03F4 02                 1055 	.db #0x02	; 2
   03F5 02                 1056 	.db #0x02	; 2
   03F6 02                 1057 	.db #0x02	; 2
   03F7 02                 1058 	.db #0x02	; 2
   03F8 02                 1059 	.db #0x02	; 2
   03F9 02                 1060 	.db #0x02	; 2
   03FA 02                 1061 	.db #0x02	; 2
   03FB 02                 1062 	.db #0x02	; 2
   03FC 02                 1063 	.db #0x02	; 2
   03FD 02                 1064 	.db #0x02	; 2
   03FE 02                 1065 	.db #0x02	; 2
   03FF 02                 1066 	.db #0x02	; 2
   0400 02                 1067 	.db #0x02	; 2
   0401 02                 1068 	.db #0x02	; 2
   0402 02                 1069 	.db #0x02	; 2
   0403 02                 1070 	.db #0x02	; 2
   0404 02                 1071 	.db #0x02	; 2
   0405 02                 1072 	.db #0x02	; 2
   0406 02                 1073 	.db #0x02	; 2
   0407 02                 1074 	.db #0x02	; 2
   0408 02                 1075 	.db #0x02	; 2
   0409 02                 1076 	.db #0x02	; 2
   040A 02                 1077 	.db #0x02	; 2
   040B 02                 1078 	.db #0x02	; 2
   040C 02                 1079 	.db #0x02	; 2
   040D 02                 1080 	.db #0x02	; 2
   040E 02                 1081 	.db #0x02	; 2
   040F 02                 1082 	.db #0x02	; 2
   0410 02                 1083 	.db #0x02	; 2
   0411 02                 1084 	.db #0x02	; 2
   0412 02                 1085 	.db #0x02	; 2
   0413 02                 1086 	.db #0x02	; 2
   0414 02                 1087 	.db #0x02	; 2
   0415 02                 1088 	.db #0x02	; 2
   0416 02                 1089 	.db #0x02	; 2
   0417 02                 1090 	.db #0x02	; 2
   0418 02                 1091 	.db #0x02	; 2
   0419 02                 1092 	.db #0x02	; 2
   041A 02                 1093 	.db #0x02	; 2
   041B 02                 1094 	.db #0x02	; 2
   041C 02                 1095 	.db #0x02	; 2
   041D 02                 1096 	.db #0x02	; 2
   041E 02                 1097 	.db #0x02	; 2
   041F 02                 1098 	.db #0x02	; 2
   0420 06                 1099 	.db #0x06	; 6
   0421 06                 1100 	.db #0x06	; 6
   0422 06                 1101 	.db #0x06	; 6
   0423 0E                 1102 	.db #0x0e	; 14
   0424 0E                 1103 	.db #0x0e	; 14
   0425 0E                 1104 	.db #0x0e	; 14
   0426 0E                 1105 	.db #0x0e	; 14
   0427 0E                 1106 	.db #0x0e	; 14
   0428 0E                 1107 	.db #0x0e	; 14
   0429 0E                 1108 	.db #0x0e	; 14
   042A 0E                 1109 	.db #0x0e	; 14
   042B 0E                 1110 	.db #0x0e	; 14
   042C 0E                 1111 	.db #0x0e	; 14
   042D 0E                 1112 	.db #0x0e	; 14
   042E 0E                 1113 	.db #0x0e	; 14
   042F 0E                 1114 	.db #0x0e	; 14
   0430 0E                 1115 	.db #0x0e	; 14
   0431 0E                 1116 	.db #0x0e	; 14
   0432 0E                 1117 	.db #0x0e	; 14
   0433 0E                 1118 	.db #0x0e	; 14
   0434 0E                 1119 	.db #0x0e	; 14
   0435 0E                 1120 	.db #0x0e	; 14
   0436 0E                 1121 	.db #0x0e	; 14
   0437 0E                 1122 	.db #0x0e	; 14
   0438 0E                 1123 	.db #0x0e	; 14
   0439 0E                 1124 	.db #0x0e	; 14
   043A 0E                 1125 	.db #0x0e	; 14
   043B 0E                 1126 	.db #0x0e	; 14
   043C 0E                 1127 	.db #0x0e	; 14
   043D 0E                 1128 	.db #0x0e	; 14
   043E 0E                 1129 	.db #0x0e	; 14
   043F 0E                 1130 	.db #0x0e	; 14
   0440 0F                 1131 	.db #0x0f	; 15
   0441 0F                 1132 	.db #0x0f	; 15
   0442 0F                 1133 	.db #0x0f	; 15
   0443 0F                 1134 	.db #0x0f	; 15
   0444 0F                 1135 	.db #0x0f	; 15
   0445 0F                 1136 	.db #0x0f	; 15
   0446 0F                 1137 	.db #0x0f	; 15
   0447 0F                 1138 	.db #0x0f	; 15
   0448 0F                 1139 	.db #0x0f	; 15
   0449 0F                 1140 	.db #0x0f	; 15
   044A 0F                 1141 	.db #0x0f	; 15
   044B 0F                 1142 	.db #0x0f	; 15
   044C 0F                 1143 	.db #0x0f	; 15
   044D 0F                 1144 	.db #0x0f	; 15
   044E 0F                 1145 	.db #0x0f	; 15
   044F 0F                 1146 	.db #0x0f	; 15
   0450 0F                 1147 	.db #0x0f	; 15
   0451 0F                 1148 	.db #0x0f	; 15
   0452 0F                 1149 	.db #0x0f	; 15
   0453 0F                 1150 	.db #0x0f	; 15
   0454 0F                 1151 	.db #0x0f	; 15
   0455 0F                 1152 	.db #0x0f	; 15
   0456 0F                 1153 	.db #0x0f	; 15
   0457 0F                 1154 	.db #0x0f	; 15
   0458 0F                 1155 	.db #0x0f	; 15
   0459 0F                 1156 	.db #0x0f	; 15
   045A 0F                 1157 	.db #0x0f	; 15
   045B 0F                 1158 	.db #0x0f	; 15
   045C 0F                 1159 	.db #0x0f	; 15
   045D 0F                 1160 	.db #0x0f	; 15
   045E 0F                 1161 	.db #0x0f	; 15
   045F 0F                 1162 	.db #0x0f	; 15
   0460 0F                 1163 	.db #0x0f	; 15
   0461 0F                 1164 	.db #0x0f	; 15
   0462 0F                 1165 	.db #0x0f	; 15
   0463 0F                 1166 	.db #0x0f	; 15
   0464 0F                 1167 	.db #0x0f	; 15
   0465 0F                 1168 	.db #0x0f	; 15
   0466 0F                 1169 	.db #0x0f	; 15
   0467 0F                 1170 	.db #0x0f	; 15
   0468 0F                 1171 	.db #0x0f	; 15
   0469 0F                 1172 	.db #0x0f	; 15
   046A 0F                 1173 	.db #0x0f	; 15
   046B 0F                 1174 	.db #0x0f	; 15
   046C 0F                 1175 	.db #0x0f	; 15
   046D 0F                 1176 	.db #0x0f	; 15
   046E 0F                 1177 	.db #0x0f	; 15
   046F 0F                 1178 	.db #0x0f	; 15
   0470 0F                 1179 	.db #0x0f	; 15
   0471 0F                 1180 	.db #0x0f	; 15
   0472 0F                 1181 	.db #0x0f	; 15
   0473 0F                 1182 	.db #0x0f	; 15
   0474 0F                 1183 	.db #0x0f	; 15
   0475 0F                 1184 	.db #0x0f	; 15
   0476 0F                 1185 	.db #0x0f	; 15
   0477 0F                 1186 	.db #0x0f	; 15
   0478 0F                 1187 	.db #0x0f	; 15
   0479 0F                 1188 	.db #0x0f	; 15
   047A 0F                 1189 	.db #0x0f	; 15
   047B 0F                 1190 	.db #0x0f	; 15
   047C 0F                 1191 	.db #0x0f	; 15
   047D 0F                 1192 	.db #0x0f	; 15
   047E 0F                 1193 	.db #0x0f	; 15
   047F 0F                 1194 	.db #0x0f	; 15
                           1195 	.area _CABS (ABS)
