                              1 ;--------------------------------------------------------
                              2 ; File Created by SDCC : free open source ANSI-C Compiler
                              3 ; Version 4.0.0 #11528 (MINGW32)
                              4 ;--------------------------------------------------------
                              5 	.module C__Users_Mills_AppData_Local_Temp_lcc45441
                              6 	.optsdcc -mgbz80
                              7 	
                              8 ;--------------------------------------------------------
                              9 ; Public variables in this module
                             10 ;--------------------------------------------------------
                             11 	.globl _Plasma_Sprites
                             12 	.globl _Plasma_SpritesCGB
                             13 	.globl _Plasma_SpritesPAL
                             14 ;--------------------------------------------------------
                             15 ; special function registers
                             16 ;--------------------------------------------------------
                             17 ;--------------------------------------------------------
                             18 ; ram data
                             19 ;--------------------------------------------------------
                             20 	.area _DATA
                             21 ;--------------------------------------------------------
                             22 ; absolute external ram data
                             23 ;--------------------------------------------------------
                             24 	.area _DABS (ABS)
                             25 ;--------------------------------------------------------
                             26 ; global & static initialisations
                             27 ;--------------------------------------------------------
                             28 	.area _HOME
                             29 	.area _GSINIT
                             30 	.area _GSFINAL
                             31 	.area _GSINIT
                             32 ;--------------------------------------------------------
                             33 ; Home
                             34 ;--------------------------------------------------------
                             35 	.area _HOME
                             36 	.area _HOME
                             37 ;--------------------------------------------------------
                             38 ; code
                             39 ;--------------------------------------------------------
                             40 	.area _CODE_14
                             41 	.area _CODE_14
   0000                      42 _Plasma_SpritesPAL:
   0000 E3 3B                43 	.dw #0x3be3
   0002 00 73                44 	.dw #0x7300
   0004 50 7B                45 	.dw #0x7b50
   0006 BC 7B                46 	.dw #0x7bbc
   0008 E3 3B                47 	.dw #0x3be3
   000A FF 7F                48 	.dw #0x7fff
   000C F6 7A                49 	.dw #0x7af6
   000E 4E 7A                50 	.dw #0x7a4e
   0010 E3 3B                51 	.dw #0x3be3
   0012 C0 7D                52 	.dw #0x7dc0
   0014 C0 7C                53 	.dw #0x7cc0
   0016 A0 4C                54 	.dw #0x4ca0
   0018 B3 7C                55 	.dw #0x7cb3
   001A 00 00                56 	.dw #0x0000
   001C D3 4F                57 	.dw #0x4fd3
   001E 01 06                58 	.dw #0x0601
   0020 00 00                59 	.dw #0x0000
   0022 00 00                60 	.dw #0x0000
   0024 00 00                61 	.dw #0x0000
   0026 00 00                62 	.dw #0x0000
   0028 00 00                63 	.dw #0x0000
   002A 00 00                64 	.dw #0x0000
   002C 00 00                65 	.dw #0x0000
   002E 00 00                66 	.dw #0x0000
   0030 00 00                67 	.dw #0x0000
   0032 00 00                68 	.dw #0x0000
   0034 00 00                69 	.dw #0x0000
   0036 00 00                70 	.dw #0x0000
   0038 00 00                71 	.dw #0x0000
   003A 00 00                72 	.dw #0x0000
   003C 00 00                73 	.dw #0x0000
   003E 00 00                74 	.dw #0x0000
   0040                      75 _Plasma_SpritesCGB:
   0040 00                   76 	.db #0x00	; 0
   0041 00                   77 	.db #0x00	; 0
   0042 00                   78 	.db #0x00	; 0
   0043 00                   79 	.db #0x00	; 0
   0044 00                   80 	.db #0x00	; 0
   0045 00                   81 	.db #0x00	; 0
   0046 00                   82 	.db #0x00	; 0
   0047 00                   83 	.db #0x00	; 0
   0048 00                   84 	.db #0x00	; 0
   0049 00                   85 	.db #0x00	; 0
   004A 00                   86 	.db #0x00	; 0
   004B 00                   87 	.db #0x00	; 0
   004C 00                   88 	.db #0x00	; 0
   004D 00                   89 	.db #0x00	; 0
   004E 00                   90 	.db #0x00	; 0
   004F 00                   91 	.db #0x00	; 0
   0050                      92 _Plasma_Sprites:
   0050 8F                   93 	.db #0x8f	; 143
   0051 F0                   94 	.db #0xf0	; 240
   0052 8F                   95 	.db #0x8f	; 143
   0053 F0                   96 	.db #0xf0	; 240
   0054 8F                   97 	.db #0x8f	; 143
   0055 F0                   98 	.db #0xf0	; 240
   0056 8F                   99 	.db #0x8f	; 143
   0057 F0                  100 	.db #0xf0	; 240
   0058 8F                  101 	.db #0x8f	; 143
   0059 F0                  102 	.db #0xf0	; 240
   005A 8F                  103 	.db #0x8f	; 143
   005B F0                  104 	.db #0xf0	; 240
   005C 8F                  105 	.db #0x8f	; 143
   005D F0                  106 	.db #0xf0	; 240
   005E 8F                  107 	.db #0x8f	; 143
   005F F0                  108 	.db #0xf0	; 240
   0060 8F                  109 	.db #0x8f	; 143
   0061 F0                  110 	.db #0xf0	; 240
   0062 8F                  111 	.db #0x8f	; 143
   0063 F0                  112 	.db #0xf0	; 240
   0064 8F                  113 	.db #0x8f	; 143
   0065 F0                  114 	.db #0xf0	; 240
   0066 8F                  115 	.db #0x8f	; 143
   0067 F0                  116 	.db #0xf0	; 240
   0068 8F                  117 	.db #0x8f	; 143
   0069 F0                  118 	.db #0xf0	; 240
   006A 8F                  119 	.db #0x8f	; 143
   006B F0                  120 	.db #0xf0	; 240
   006C 8F                  121 	.db #0x8f	; 143
   006D F0                  122 	.db #0xf0	; 240
   006E 8F                  123 	.db #0x8f	; 143
   006F F0                  124 	.db #0xf0	; 240
   0070 8F                  125 	.db #0x8f	; 143
   0071 F0                  126 	.db #0xf0	; 240
   0072 8F                  127 	.db #0x8f	; 143
   0073 F0                  128 	.db #0xf0	; 240
   0074 8F                  129 	.db #0x8f	; 143
   0075 F0                  130 	.db #0xf0	; 240
   0076 8F                  131 	.db #0x8f	; 143
   0077 F0                  132 	.db #0xf0	; 240
   0078 8F                  133 	.db #0x8f	; 143
   0079 F0                  134 	.db #0xf0	; 240
   007A 8F                  135 	.db #0x8f	; 143
   007B F0                  136 	.db #0xf0	; 240
   007C 8F                  137 	.db #0x8f	; 143
   007D F0                  138 	.db #0xf0	; 240
   007E 8F                  139 	.db #0x8f	; 143
   007F F0                  140 	.db #0xf0	; 240
   0080 8F                  141 	.db #0x8f	; 143
   0081 F0                  142 	.db #0xf0	; 240
   0082 8F                  143 	.db #0x8f	; 143
   0083 F0                  144 	.db #0xf0	; 240
   0084 8F                  145 	.db #0x8f	; 143
   0085 F0                  146 	.db #0xf0	; 240
   0086 8F                  147 	.db #0x8f	; 143
   0087 F0                  148 	.db #0xf0	; 240
   0088 8F                  149 	.db #0x8f	; 143
   0089 F0                  150 	.db #0xf0	; 240
   008A 8F                  151 	.db #0x8f	; 143
   008B F0                  152 	.db #0xf0	; 240
   008C 8F                  153 	.db #0x8f	; 143
   008D F0                  154 	.db #0xf0	; 240
   008E 8F                  155 	.db #0x8f	; 143
   008F F0                  156 	.db #0xf0	; 240
   0090 63                  157 	.db #0x63	; 99	'c'
   0091 7C                  158 	.db #0x7c	; 124
   0092 E3                  159 	.db #0xe3	; 227
   0093 FC                  160 	.db #0xfc	; 252
   0094 63                  161 	.db #0x63	; 99	'c'
   0095 7C                  162 	.db #0x7c	; 124
   0096 E3                  163 	.db #0xe3	; 227
   0097 FC                  164 	.db #0xfc	; 252
   0098 63                  165 	.db #0x63	; 99	'c'
   0099 7C                  166 	.db #0x7c	; 124
   009A E3                  167 	.db #0xe3	; 227
   009B FC                  168 	.db #0xfc	; 252
   009C 63                  169 	.db #0x63	; 99	'c'
   009D 7C                  170 	.db #0x7c	; 124
   009E E3                  171 	.db #0xe3	; 227
   009F FC                  172 	.db #0xfc	; 252
   00A0 63                  173 	.db #0x63	; 99	'c'
   00A1 7C                  174 	.db #0x7c	; 124
   00A2 E3                  175 	.db #0xe3	; 227
   00A3 FC                  176 	.db #0xfc	; 252
   00A4 63                  177 	.db #0x63	; 99	'c'
   00A5 7C                  178 	.db #0x7c	; 124
   00A6 E3                  179 	.db #0xe3	; 227
   00A7 FC                  180 	.db #0xfc	; 252
   00A8 63                  181 	.db #0x63	; 99	'c'
   00A9 7C                  182 	.db #0x7c	; 124
   00AA E3                  183 	.db #0xe3	; 227
   00AB FC                  184 	.db #0xfc	; 252
   00AC 63                  185 	.db #0x63	; 99	'c'
   00AD 7C                  186 	.db #0x7c	; 124
   00AE E3                  187 	.db #0xe3	; 227
   00AF FC                  188 	.db #0xfc	; 252
   00B0 00                  189 	.db #0x00	; 0
   00B1 00                  190 	.db #0x00	; 0
   00B2 00                  191 	.db #0x00	; 0
   00B3 00                  192 	.db #0x00	; 0
   00B4 00                  193 	.db #0x00	; 0
   00B5 00                  194 	.db #0x00	; 0
   00B6 00                  195 	.db #0x00	; 0
   00B7 00                  196 	.db #0x00	; 0
   00B8 00                  197 	.db #0x00	; 0
   00B9 00                  198 	.db #0x00	; 0
   00BA 00                  199 	.db #0x00	; 0
   00BB 00                  200 	.db #0x00	; 0
   00BC 00                  201 	.db #0x00	; 0
   00BD 00                  202 	.db #0x00	; 0
   00BE 00                  203 	.db #0x00	; 0
   00BF 00                  204 	.db #0x00	; 0
   00C0 00                  205 	.db #0x00	; 0
   00C1 00                  206 	.db #0x00	; 0
   00C2 00                  207 	.db #0x00	; 0
   00C3 00                  208 	.db #0x00	; 0
   00C4 00                  209 	.db #0x00	; 0
   00C5 00                  210 	.db #0x00	; 0
   00C6 00                  211 	.db #0x00	; 0
   00C7 00                  212 	.db #0x00	; 0
   00C8 00                  213 	.db #0x00	; 0
   00C9 00                  214 	.db #0x00	; 0
   00CA 00                  215 	.db #0x00	; 0
   00CB 00                  216 	.db #0x00	; 0
   00CC 00                  217 	.db #0x00	; 0
   00CD 00                  218 	.db #0x00	; 0
   00CE 00                  219 	.db #0x00	; 0
   00CF 00                  220 	.db #0x00	; 0
                            221 	.area _CABS (ABS)
