                              1 ;--------------------------------------------------------
                              2 ; File Created by SDCC : free open source ANSI-C Compiler
                              3 ; Version 4.0.0 #11528 (MINGW32)
                              4 ;--------------------------------------------------------
                              5 	.module C__Users_Mills_AppData_Local_Temp_lcc47721
                              6 	.optsdcc -mgbz80
                              7 	
                              8 ;--------------------------------------------------------
                              9 ; Public variables in this module
                             10 ;--------------------------------------------------------
                             11 	.globl _Plasma_MapPLN1
                             12 	.globl _Plasma_MapPLN0
                             13 ;--------------------------------------------------------
                             14 ; special function registers
                             15 ;--------------------------------------------------------
                             16 ;--------------------------------------------------------
                             17 ; ram data
                             18 ;--------------------------------------------------------
                             19 	.area _DATA
                             20 ;--------------------------------------------------------
                             21 ; absolute external ram data
                             22 ;--------------------------------------------------------
                             23 	.area _DABS (ABS)
                             24 ;--------------------------------------------------------
                             25 ; global & static initialisations
                             26 ;--------------------------------------------------------
                             27 	.area _HOME
                             28 	.area _GSINIT
                             29 	.area _GSFINAL
                             30 	.area _GSINIT
                             31 ;--------------------------------------------------------
                             32 ; Home
                             33 ;--------------------------------------------------------
                             34 	.area _HOME
                             35 	.area _HOME
                             36 ;--------------------------------------------------------
                             37 ; code
                             38 ;--------------------------------------------------------
                             39 	.area _CODE_14
                             40 	.area _CODE_14
   0000                      41 _Plasma_MapPLN0:
   0000 00                   42 	.db #0x00	; 0
   0001 1B                   43 	.db #0x1b	; 27
   0002 19                   44 	.db #0x19	; 25
   0003 19                   45 	.db #0x19	; 25
   0004 19                   46 	.db #0x19	; 25
   0005 01                   47 	.db #0x01	; 1
   0006 1C                   48 	.db #0x1c	; 28
   0007 00                   49 	.db #0x00	; 0
   0008 18                   50 	.db #0x18	; 24
   0009 07                   51 	.db #0x07	; 7
   000A 0A                   52 	.db #0x0a	; 10
   000B 1E                   53 	.db #0x1e	; 30
   000C 13                   54 	.db #0x13	; 19
   000D 14                   55 	.db #0x14	; 20
   000E 07                   56 	.db #0x07	; 7
   000F 07                   57 	.db #0x07	; 7
   0010 0A                   58 	.db #0x0a	; 10
   0011 00                   59 	.db #0x00	; 0
   0012 00                   60 	.db #0x00	; 0
   0013 17                   61 	.db #0x17	; 23
   0014 00                   62 	.db #0x00	; 0
   0015 00                   63 	.db #0x00	; 0
   0016 06                   64 	.db #0x06	; 6
   0017 02                   65 	.db #0x02	; 2
   0018 02                   66 	.db #0x02	; 2
   0019 02                   67 	.db #0x02	; 2
   001A 02                   68 	.db #0x02	; 2
   001B 02                   69 	.db #0x02	; 2
   001C 02                   70 	.db #0x02	; 2
   001D 02                   71 	.db #0x02	; 2
   001E 02                   72 	.db #0x02	; 2
   001F 03                   73 	.db #0x03	; 3
   0020 02                   74 	.db #0x02	; 2
   0021 02                   75 	.db #0x02	; 2
   0022 02                   76 	.db #0x02	; 2
   0023 02                   77 	.db #0x02	; 2
   0024 02                   78 	.db #0x02	; 2
   0025 03                   79 	.db #0x03	; 3
   0026 00                   80 	.db #0x00	; 0
   0027 00                   81 	.db #0x00	; 0
   0028 00                   82 	.db #0x00	; 0
   0029 01                   83 	.db #0x01	; 1
   002A 19                   84 	.db #0x19	; 25
   002B 1C                   85 	.db #0x1c	; 28
   002C 16                   86 	.db #0x16	; 22
   002D 15                   87 	.db #0x15	; 21
   002E 0A                   88 	.db #0x0a	; 10
   002F 17                   89 	.db #0x17	; 23
   0030 00                   90 	.db #0x00	; 0
   0031 01                   91 	.db #0x01	; 1
   0032 00                   92 	.db #0x00	; 0
   0033 00                   93 	.db #0x00	; 0
   0034 00                   94 	.db #0x00	; 0
   0035 06                   95 	.db #0x06	; 6
   0036 05                   96 	.db #0x05	; 5
   0037 01                   97 	.db #0x01	; 1
   0038 19                   98 	.db #0x19	; 25
   0039 19                   99 	.db #0x19	; 25
   003A 01                  100 	.db #0x01	; 1
   003B 00                  101 	.db #0x00	; 0
   003C 00                  102 	.db #0x00	; 0
   003D 1D                  103 	.db #0x1d	; 29
   003E 01                  104 	.db #0x01	; 1
   003F 04                  105 	.db #0x04	; 4
   0040 00                  106 	.db #0x00	; 0
   0041 00                  107 	.db #0x00	; 0
   0042 17                  108 	.db #0x17	; 23
   0043 00                  109 	.db #0x00	; 0
   0044 01                  110 	.db #0x01	; 1
   0045 04                  111 	.db #0x04	; 4
   0046 03                  112 	.db #0x03	; 3
   0047 01                  113 	.db #0x01	; 1
   0048 17                  114 	.db #0x17	; 23
   0049 00                  115 	.db #0x00	; 0
   004A 00                  116 	.db #0x00	; 0
   004B 00                  117 	.db #0x00	; 0
   004C 00                  118 	.db #0x00	; 0
   004D 00                  119 	.db #0x00	; 0
   004E 00                  120 	.db #0x00	; 0
   004F 00                  121 	.db #0x00	; 0
   0050 00                  122 	.db #0x00	; 0
   0051 06                  123 	.db #0x06	; 6
   0052 02                  124 	.db #0x02	; 2
   0053 02                  125 	.db #0x02	; 2
   0054 02                  126 	.db #0x02	; 2
   0055 05                  127 	.db #0x05	; 5
   0056 00                  128 	.db #0x00	; 0
   0057 00                  129 	.db #0x00	; 0
   0058 00                  130 	.db #0x00	; 0
   0059 00                  131 	.db #0x00	; 0
   005A 17                  132 	.db #0x17	; 23
   005B 01                  133 	.db #0x01	; 1
   005C 19                  134 	.db #0x19	; 25
   005D 1C                  135 	.db #0x1c	; 28
   005E 00                  136 	.db #0x00	; 0
   005F 00                  137 	.db #0x00	; 0
   0060 09                  138 	.db #0x09	; 9
   0061 00                  139 	.db #0x00	; 0
   0062 00                  140 	.db #0x00	; 0
   0063 00                  141 	.db #0x00	; 0
   0064 00                  142 	.db #0x00	; 0
   0065 00                  143 	.db #0x00	; 0
   0066 04                  144 	.db #0x04	; 4
   0067 02                  145 	.db #0x02	; 2
   0068 02                  146 	.db #0x02	; 2
   0069 02                  147 	.db #0x02	; 2
   006A 02                  148 	.db #0x02	; 2
   006B 02                  149 	.db #0x02	; 2
   006C 02                  150 	.db #0x02	; 2
   006D 02                  151 	.db #0x02	; 2
   006E 03                  152 	.db #0x03	; 3
   006F 00                  153 	.db #0x00	; 0
   0070 06                  154 	.db #0x06	; 6
   0071 05                  155 	.db #0x05	; 5
   0072 00                  156 	.db #0x00	; 0
   0073 17                  157 	.db #0x17	; 23
   0074 00                  158 	.db #0x00	; 0
   0075 00                  159 	.db #0x00	; 0
   0076 17                  160 	.db #0x17	; 23
   0077 02                  161 	.db #0x02	; 2
   0078 02                  162 	.db #0x02	; 2
   0079 02                  163 	.db #0x02	; 2
   007A 03                  164 	.db #0x03	; 3
   007B 00                  165 	.db #0x00	; 0
   007C 06                  166 	.db #0x06	; 6
   007D 02                  167 	.db #0x02	; 2
   007E 02                  168 	.db #0x02	; 2
   007F 17                  169 	.db #0x17	; 23
   0080 0A                  170 	.db #0x0a	; 10
   0081 17                  171 	.db #0x17	; 23
   0082 19                  172 	.db #0x19	; 25
   0083 1A                  173 	.db #0x1a	; 26
   0084 00                  174 	.db #0x00	; 0
   0085 1D                  175 	.db #0x1d	; 29
   0086 01                  176 	.db #0x01	; 1
   0087 19                  177 	.db #0x19	; 25
   0088 19                  178 	.db #0x19	; 25
   0089 19                  179 	.db #0x19	; 25
   008A 19                  180 	.db #0x19	; 25
   008B 19                  181 	.db #0x19	; 25
   008C 19                  182 	.db #0x19	; 25
   008D 01                  183 	.db #0x01	; 1
   008E 04                  184 	.db #0x04	; 4
   008F 02                  185 	.db #0x02	; 2
   0090 05                  186 	.db #0x05	; 5
   0091 01                  187 	.db #0x01	; 1
   0092 19                  188 	.db #0x19	; 25
   0093 1A                  189 	.db #0x1a	; 26
   0094 00                  190 	.db #0x00	; 0
   0095 00                  191 	.db #0x00	; 0
   0096 1E                  192 	.db #0x1e	; 30
   0097 00                  193 	.db #0x00	; 0
   0098 00                  194 	.db #0x00	; 0
   0099 00                  195 	.db #0x00	; 0
   009A 04                  196 	.db #0x04	; 4
   009B 02                  197 	.db #0x02	; 2
   009C 05                  198 	.db #0x05	; 5
   009D 00                  199 	.db #0x00	; 0
   009E 00                  200 	.db #0x00	; 0
   009F 08                  201 	.db #0x08	; 8
   00A0 06                  202 	.db #0x06	; 6
   00A1 02                  203 	.db #0x02	; 2
   00A2 03                  204 	.db #0x03	; 3
   00A3 01                  205 	.db #0x01	; 1
   00A4 19                  206 	.db #0x19	; 25
   00A5 1C                  207 	.db #0x1c	; 28
   00A6 06                  208 	.db #0x06	; 6
   00A7 02                  209 	.db #0x02	; 2
   00A8 02                  210 	.db #0x02	; 2
   00A9 02                  211 	.db #0x02	; 2
   00AA 02                  212 	.db #0x02	; 2
   00AB 02                  213 	.db #0x02	; 2
   00AC 03                  214 	.db #0x03	; 3
   00AD 1B                  215 	.db #0x1b	; 27
   00AE 19                  216 	.db #0x19	; 25
   00AF 01                  217 	.db #0x01	; 1
   00B0 11                  218 	.db #0x11	; 17
   00B1 12                  219 	.db #0x12	; 18
   00B2 11                  220 	.db #0x11	; 17
   00B3 1B                  221 	.db #0x1b	; 27
   00B4 01                  222 	.db #0x01	; 1
   00B5 1D                  223 	.db #0x1d	; 29
   00B6 1C                  224 	.db #0x1c	; 28
   00B7 00                  225 	.db #0x00	; 0
   00B8 13                  226 	.db #0x13	; 19
   00B9 14                  227 	.db #0x14	; 20
   00BA 00                  228 	.db #0x00	; 0
   00BB 00                  229 	.db #0x00	; 0
   00BC 08                  230 	.db #0x08	; 8
   00BD 07                  231 	.db #0x07	; 7
   00BE 07                  232 	.db #0x07	; 7
   00BF 0A                  233 	.db #0x0a	; 10
   00C0 05                  234 	.db #0x05	; 5
   00C1 00                  235 	.db #0x00	; 0
   00C2 04                  236 	.db #0x04	; 4
   00C3 03                  237 	.db #0x03	; 3
   00C4 00                  238 	.db #0x00	; 0
   00C5 06                  239 	.db #0x06	; 6
   00C6 05                  240 	.db #0x05	; 5
   00C7 08                  241 	.db #0x08	; 8
   00C8 07                  242 	.db #0x07	; 7
   00C9 07                  243 	.db #0x07	; 7
   00CA 07                  244 	.db #0x07	; 7
   00CB 09                  245 	.db #0x09	; 9
   00CC 04                  246 	.db #0x04	; 4
   00CD 03                  247 	.db #0x03	; 3
   00CE 00                  248 	.db #0x00	; 0
   00CF 00                  249 	.db #0x00	; 0
   00D0 0B                  250 	.db #0x0b	; 11
   00D1 0C                  251 	.db #0x0c	; 12
   00D2 0B                  252 	.db #0x0b	; 11
   00D3 00                  253 	.db #0x00	; 0
   00D4 00                  254 	.db #0x00	; 0
   00D5 1E                  255 	.db #0x1e	; 30
   00D6 00                  256 	.db #0x00	; 0
   00D7 00                  257 	.db #0x00	; 0
   00D8 16                  258 	.db #0x16	; 22
   00D9 15                  259 	.db #0x15	; 21
   00DA 00                  260 	.db #0x00	; 0
   00DB 00                  261 	.db #0x00	; 0
   00DC 18                  262 	.db #0x18	; 24
   00DD 07                  263 	.db #0x07	; 7
   00DE 0A                  264 	.db #0x0a	; 10
   00DF 06                  265 	.db #0x06	; 6
   00E0 13                  266 	.db #0x13	; 19
   00E1 14                  267 	.db #0x14	; 20
   00E2 00                  268 	.db #0x00	; 0
   00E3 04                  269 	.db #0x04	; 4
   00E4 02                  270 	.db #0x02	; 2
   00E5 05                  271 	.db #0x05	; 5
   00E6 08                  272 	.db #0x08	; 8
   00E7 07                  273 	.db #0x07	; 7
   00E8 07                  274 	.db #0x07	; 7
   00E9 13                  275 	.db #0x13	; 19
   00EA 14                  276 	.db #0x14	; 20
   00EB 0A                  277 	.db #0x0a	; 10
   00EC 00                  278 	.db #0x00	; 0
   00ED 04                  279 	.db #0x04	; 4
   00EE 03                  280 	.db #0x03	; 3
   00EF 00                  281 	.db #0x00	; 0
   00F0 0B                  282 	.db #0x0b	; 11
   00F1 0D                  283 	.db #0x0d	; 13
   00F2 0E                  284 	.db #0x0e	; 14
   00F3 17                  285 	.db #0x17	; 23
   00F4 19                  286 	.db #0x19	; 25
   00F5 1C                  287 	.db #0x1c	; 28
   00F6 00                  288 	.db #0x00	; 0
   00F7 00                  289 	.db #0x00	; 0
   00F8 00                  290 	.db #0x00	; 0
   00F9 17                  291 	.db #0x17	; 23
   00FA 02                  292 	.db #0x02	; 2
   00FB 02                  293 	.db #0x02	; 2
   00FC 17                  294 	.db #0x17	; 23
   00FD 00                  295 	.db #0x00	; 0
   00FE 06                  296 	.db #0x06	; 6
   00FF 05                  297 	.db #0x05	; 5
   0100 16                  298 	.db #0x16	; 22
   0101 15                  299 	.db #0x15	; 21
   0102 1D                  300 	.db #0x1d	; 29
   0103 19                  301 	.db #0x19	; 25
   0104 19                  302 	.db #0x19	; 25
   0105 19                  303 	.db #0x19	; 25
   0106 07                  304 	.db #0x07	; 7
   0107 13                  305 	.db #0x13	; 19
   0108 14                  306 	.db #0x14	; 20
   0109 16                  307 	.db #0x16	; 22
   010A 15                  308 	.db #0x15	; 21
   010B 00                  309 	.db #0x00	; 0
   010C 00                  310 	.db #0x00	; 0
   010D 17                  311 	.db #0x17	; 23
   010E 04                  312 	.db #0x04	; 4
   010F 03                  313 	.db #0x03	; 3
   0110 11                  314 	.db #0x11	; 17
   0111 12                  315 	.db #0x12	; 18
   0112 11                  316 	.db #0x11	; 17
   0113 06                  317 	.db #0x06	; 6
   0114 02                  318 	.db #0x02	; 2
   0115 02                  319 	.db #0x02	; 2
   0116 17                  320 	.db #0x17	; 23
   0117 00                  321 	.db #0x00	; 0
   0118 00                  322 	.db #0x00	; 0
   0119 00                  323 	.db #0x00	; 0
   011A 00                  324 	.db #0x00	; 0
   011B 00                  325 	.db #0x00	; 0
   011C 06                  326 	.db #0x06	; 6
   011D 02                  327 	.db #0x02	; 2
   011E 05                  328 	.db #0x05	; 5
   011F 00                  329 	.db #0x00	; 0
   0120 19                  330 	.db #0x19	; 25
   0121 19                  331 	.db #0x19	; 25
   0122 1C                  332 	.db #0x1c	; 28
   0123 00                  333 	.db #0x00	; 0
   0124 00                  334 	.db #0x00	; 0
   0125 00                  335 	.db #0x00	; 0
   0126 18                  336 	.db #0x18	; 24
   0127 16                  337 	.db #0x16	; 22
   0128 15                  338 	.db #0x15	; 21
   0129 00                  339 	.db #0x00	; 0
   012A 00                  340 	.db #0x00	; 0
   012B 00                  341 	.db #0x00	; 0
   012C 00                  342 	.db #0x00	; 0
   012D 00                  343 	.db #0x00	; 0
   012E 00                  344 	.db #0x00	; 0
   012F 04                  345 	.db #0x04	; 4
   0130 02                  346 	.db #0x02	; 2
   0131 02                  347 	.db #0x02	; 2
   0132 02                  348 	.db #0x02	; 2
   0133 05                  349 	.db #0x05	; 5
   0134 00                  350 	.db #0x00	; 0
   0135 00                  351 	.db #0x00	; 0
   0136 01                  352 	.db #0x01	; 1
   0137 00                  353 	.db #0x00	; 0
   0138 00                  354 	.db #0x00	; 0
   0139 17                  355 	.db #0x17	; 23
   013A 02                  356 	.db #0x02	; 2
   013B 02                  357 	.db #0x02	; 2
   013C 05                  358 	.db #0x05	; 5
   013D 00                  359 	.db #0x00	; 0
   013E 00                  360 	.db #0x00	; 0
   013F 1D                  361 	.db #0x1d	; 29
   0140 00                  362 	.db #0x00	; 0
   0141 06                  363 	.db #0x06	; 6
   0142 02                  364 	.db #0x02	; 2
   0143 02                  365 	.db #0x02	; 2
   0144 02                  366 	.db #0x02	; 2
   0145 02                  367 	.db #0x02	; 2
   0146 03                  368 	.db #0x03	; 3
   0147 1B                  369 	.db #0x1b	; 27
   0148 19                  370 	.db #0x19	; 25
   0149 19                  371 	.db #0x19	; 25
   014A 19                  372 	.db #0x19	; 25
   014B 19                  373 	.db #0x19	; 25
   014C 17                  374 	.db #0x17	; 23
   014D 19                  375 	.db #0x19	; 25
   014E 01                  376 	.db #0x01	; 1
   014F 1D                  377 	.db #0x1d	; 29
   0150 19                  378 	.db #0x19	; 25
   0151 1A                  379 	.db #0x1a	; 26
   0152 00                  380 	.db #0x00	; 0
   0153 00                  381 	.db #0x00	; 0
   0154 17                  382 	.db #0x17	; 23
   0155 00                  383 	.db #0x00	; 0
   0156 00                  384 	.db #0x00	; 0
   0157 00                  385 	.db #0x00	; 0
   0158 00                  386 	.db #0x00	; 0
   0159 1B                  387 	.db #0x1b	; 27
   015A 1A                  388 	.db #0x1a	; 26
   015B 11                  389 	.db #0x11	; 17
   015C 12                  390 	.db #0x12	; 18
   015D 11                  391 	.db #0x11	; 17
   015E 01                  392 	.db #0x01	; 1
   015F 1C                  393 	.db #0x1c	; 28
   0160 02                  394 	.db #0x02	; 2
   0161 05                  395 	.db #0x05	; 5
   0162 00                  396 	.db #0x00	; 0
   0163 13                  397 	.db #0x13	; 19
   0164 14                  398 	.db #0x14	; 20
   0165 00                  399 	.db #0x00	; 0
   0166 04                  400 	.db #0x04	; 4
   0167 03                  401 	.db #0x03	; 3
   0168 00                  402 	.db #0x00	; 0
   0169 00                  403 	.db #0x00	; 0
   016A 00                  404 	.db #0x00	; 0
   016B 00                  405 	.db #0x00	; 0
   016C 00                  406 	.db #0x00	; 0
   016D 00                  407 	.db #0x00	; 0
   016E 1D                  408 	.db #0x1d	; 29
   016F 1C                  409 	.db #0x1c	; 28
   0170 00                  410 	.db #0x00	; 0
   0171 1B                  411 	.db #0x1b	; 27
   0172 01                  412 	.db #0x01	; 1
   0173 08                  413 	.db #0x08	; 8
   0174 07                  414 	.db #0x07	; 7
   0175 09                  415 	.db #0x09	; 9
   0176 00                  416 	.db #0x00	; 0
   0177 01                  417 	.db #0x01	; 1
   0178 19                  418 	.db #0x19	; 25
   0179 1A                  419 	.db #0x1a	; 26
   017A 1B                  420 	.db #0x1b	; 27
   017B 0B                  421 	.db #0x0b	; 11
   017C 0C                  422 	.db #0x0c	; 12
   017D 0B                  423 	.db #0x0b	; 11
   017E 00                  424 	.db #0x00	; 0
   017F 06                  425 	.db #0x06	; 6
   0180 11                  426 	.db #0x11	; 17
   0181 12                  427 	.db #0x12	; 18
   0182 11                  428 	.db #0x11	; 17
   0183 16                  429 	.db #0x16	; 22
   0184 15                  430 	.db #0x15	; 21
   0185 00                  431 	.db #0x00	; 0
   0186 17                  432 	.db #0x17	; 23
   0187 04                  433 	.db #0x04	; 4
   0188 02                  434 	.db #0x02	; 2
   0189 02                  435 	.db #0x02	; 2
   018A 03                  436 	.db #0x03	; 3
   018B 00                  437 	.db #0x00	; 0
   018C 17                  438 	.db #0x17	; 23
   018D 19                  439 	.db #0x19	; 25
   018E 1C                  440 	.db #0x1c	; 28
   018F 08                  441 	.db #0x08	; 8
   0190 07                  442 	.db #0x07	; 7
   0191 07                  443 	.db #0x07	; 7
   0192 07                  444 	.db #0x07	; 7
   0193 07                  445 	.db #0x07	; 7
   0194 07                  446 	.db #0x07	; 7
   0195 07                  447 	.db #0x07	; 7
   0196 09                  448 	.db #0x09	; 9
   0197 00                  449 	.db #0x00	; 0
   0198 00                  450 	.db #0x00	; 0
   0199 13                  451 	.db #0x13	; 19
   019A 14                  452 	.db #0x14	; 20
   019B 0B                  453 	.db #0x0b	; 11
   019C 0D                  454 	.db #0x0d	; 13
   019D 0E                  455 	.db #0x0e	; 14
   019E 06                  456 	.db #0x06	; 6
   019F 05                  457 	.db #0x05	; 5
   01A0 0B                  458 	.db #0x0b	; 11
   01A1 0C                  459 	.db #0x0c	; 12
   01A2 0B                  460 	.db #0x0b	; 11
   01A3 19                  461 	.db #0x19	; 25
   01A4 1A                  462 	.db #0x1a	; 26
   01A5 00                  463 	.db #0x00	; 0
   01A6 00                  464 	.db #0x00	; 0
   01A7 00                  465 	.db #0x00	; 0
   01A8 00                  466 	.db #0x00	; 0
   01A9 00                  467 	.db #0x00	; 0
   01AA 04                  468 	.db #0x04	; 4
   01AB 03                  469 	.db #0x03	; 3
   01AC 00                  470 	.db #0x00	; 0
   01AD 00                  471 	.db #0x00	; 0
   01AE 00                  472 	.db #0x00	; 0
   01AF 18                  473 	.db #0x18	; 24
   01B0 07                  474 	.db #0x07	; 7
   01B1 07                  475 	.db #0x07	; 7
   01B2 07                  476 	.db #0x07	; 7
   01B3 07                  477 	.db #0x07	; 7
   01B4 07                  478 	.db #0x07	; 7
   01B5 07                  479 	.db #0x07	; 7
   01B6 0A                  480 	.db #0x0a	; 10
   01B7 00                  481 	.db #0x00	; 0
   01B8 00                  482 	.db #0x00	; 0
   01B9 16                  483 	.db #0x16	; 22
   01BA 15                  484 	.db #0x15	; 21
   01BB 11                  485 	.db #0x11	; 17
   01BC 12                  486 	.db #0x12	; 18
   01BD 11                  487 	.db #0x11	; 17
   01BE 1F                  488 	.db #0x1f	; 31
   01BF 00                  489 	.db #0x00	; 0
   01C0 0B                  490 	.db #0x0b	; 11
   01C1 0D                  491 	.db #0x0d	; 13
   01C2 0E                  492 	.db #0x0e	; 14
   01C3 00                  493 	.db #0x00	; 0
   01C4 1B                  494 	.db #0x1b	; 27
   01C5 19                  495 	.db #0x19	; 25
   01C6 19                  496 	.db #0x19	; 25
   01C7 19                  497 	.db #0x19	; 25
   01C8 19                  498 	.db #0x19	; 25
   01C9 1A                  499 	.db #0x1a	; 26
   01CA 00                  500 	.db #0x00	; 0
   01CB 04                  501 	.db #0x04	; 4
   01CC 02                  502 	.db #0x02	; 2
   01CD 02                  503 	.db #0x02	; 2
   01CE 02                  504 	.db #0x02	; 2
   01CF 02                  505 	.db #0x02	; 2
   01D0 02                  506 	.db #0x02	; 2
   01D1 02                  507 	.db #0x02	; 2
   01D2 17                  508 	.db #0x17	; 23
   01D3 00                  509 	.db #0x00	; 0
   01D4 00                  510 	.db #0x00	; 0
   01D5 00                  511 	.db #0x00	; 0
   01D6 01                  512 	.db #0x01	; 1
   01D7 00                  513 	.db #0x00	; 0
   01D8 00                  514 	.db #0x00	; 0
   01D9 06                  515 	.db #0x06	; 6
   01DA 02                  516 	.db #0x02	; 2
   01DB 02                  517 	.db #0x02	; 2
   01DC 02                  518 	.db #0x02	; 2
   01DD 17                  519 	.db #0x17	; 23
   01DE 05                  520 	.db #0x05	; 5
   01DF 00                  521 	.db #0x00	; 0
   01E0 11                  522 	.db #0x11	; 17
   01E1 12                  523 	.db #0x12	; 18
   01E2 11                  524 	.db #0x11	; 17
   01E3 08                  525 	.db #0x08	; 8
   01E4 09                  526 	.db #0x09	; 9
   01E5 00                  527 	.db #0x00	; 0
   01E6 08                  528 	.db #0x08	; 8
   01E7 07                  529 	.db #0x07	; 7
   01E8 09                  530 	.db #0x09	; 9
   01E9 1B                  531 	.db #0x1b	; 27
   01EA 19                  532 	.db #0x19	; 25
   01EB 19                  533 	.db #0x19	; 25
   01EC 19                  534 	.db #0x19	; 25
   01ED 19                  535 	.db #0x19	; 25
   01EE 1A                  536 	.db #0x1a	; 26
   01EF 00                  537 	.db #0x00	; 0
   01F0 00                  538 	.db #0x00	; 0
   01F1 00                  539 	.db #0x00	; 0
   01F2 00                  540 	.db #0x00	; 0
   01F3 17                  541 	.db #0x17	; 23
   01F4 00                  542 	.db #0x00	; 0
   01F5 17                  543 	.db #0x17	; 23
   01F6 02                  544 	.db #0x02	; 2
   01F7 02                  545 	.db #0x02	; 2
   01F8 02                  546 	.db #0x02	; 2
   01F9 05                  547 	.db #0x05	; 5
   01FA 00                  548 	.db #0x00	; 0
   01FB 00                  549 	.db #0x00	; 0
   01FC 08                  550 	.db #0x08	; 8
   01FD 07                  551 	.db #0x07	; 7
   01FE 09                  552 	.db #0x09	; 9
   01FF 00                  553 	.db #0x00	; 0
   0200 19                  554 	.db #0x19	; 25
   0201 19                  555 	.db #0x19	; 25
   0202 19                  556 	.db #0x19	; 25
   0203 07                  557 	.db #0x07	; 7
   0204 07                  558 	.db #0x07	; 7
   0205 09                  559 	.db #0x09	; 9
   0206 18                  560 	.db #0x18	; 24
   0207 07                  561 	.db #0x07	; 7
   0208 07                  562 	.db #0x07	; 7
   0209 19                  563 	.db #0x19	; 25
   020A 1A                  564 	.db #0x1a	; 26
   020B 17                  565 	.db #0x17	; 23
   020C 03                  566 	.db #0x03	; 3
   020D 01                  567 	.db #0x01	; 1
   020E 1B                  568 	.db #0x1b	; 27
   020F 1A                  569 	.db #0x1a	; 26
   0210 00                  570 	.db #0x00	; 0
   0211 01                  571 	.db #0x01	; 1
   0212 00                  572 	.db #0x00	; 0
   0213 00                  573 	.db #0x00	; 0
   0214 06                  574 	.db #0x06	; 6
   0215 05                  575 	.db #0x05	; 5
   0216 00                  576 	.db #0x00	; 0
   0217 00                  577 	.db #0x00	; 0
   0218 11                  578 	.db #0x11	; 17
   0219 12                  579 	.db #0x12	; 18
   021A 11                  580 	.db #0x11	; 17
   021B 08                  581 	.db #0x08	; 8
   021C 07                  582 	.db #0x07	; 7
   021D 07                  583 	.db #0x07	; 7
   021E 07                  584 	.db #0x07	; 7
   021F 19                  585 	.db #0x19	; 25
   0220 02                  586 	.db #0x02	; 2
   0221 03                  587 	.db #0x03	; 3
   0222 08                  588 	.db #0x08	; 8
   0223 07                  589 	.db #0x07	; 7
   0224 07                  590 	.db #0x07	; 7
   0225 07                  591 	.db #0x07	; 7
   0226 00                  592 	.db #0x00	; 0
   0227 18                  593 	.db #0x18	; 24
   0228 07                  594 	.db #0x07	; 7
   0229 09                  595 	.db #0x09	; 9
   022A 1B                  596 	.db #0x1b	; 27
   022B 1A                  597 	.db #0x1a	; 26
   022C 04                  598 	.db #0x04	; 4
   022D 03                  599 	.db #0x03	; 3
   022E 00                  600 	.db #0x00	; 0
   022F 1B                  601 	.db #0x1b	; 27
   0230 19                  602 	.db #0x19	; 25
   0231 1A                  603 	.db #0x1a	; 26
   0232 00                  604 	.db #0x00	; 0
   0233 06                  605 	.db #0x06	; 6
   0234 05                  606 	.db #0x05	; 5
   0235 00                  607 	.db #0x00	; 0
   0236 00                  608 	.db #0x00	; 0
   0237 00                  609 	.db #0x00	; 0
   0238 0B                  610 	.db #0x0b	; 11
   0239 0C                  611 	.db #0x0c	; 12
   023A 0B                  612 	.db #0x0b	; 11
   023B 07                  613 	.db #0x07	; 7
   023C 07                  614 	.db #0x07	; 7
   023D 07                  615 	.db #0x07	; 7
   023E 0A                  616 	.db #0x0a	; 10
   023F 06                  617 	.db #0x06	; 6
   0240                     618 _Plasma_MapPLN1:
   0240 00                  619 	.db #0x00	; 0
   0241 00                  620 	.db #0x00	; 0
   0242 00                  621 	.db #0x00	; 0
   0243 00                  622 	.db #0x00	; 0
   0244 00                  623 	.db #0x00	; 0
   0245 00                  624 	.db #0x00	; 0
   0246 00                  625 	.db #0x00	; 0
   0247 00                  626 	.db #0x00	; 0
   0248 00                  627 	.db #0x00	; 0
   0249 00                  628 	.db #0x00	; 0
   024A 00                  629 	.db #0x00	; 0
   024B 00                  630 	.db #0x00	; 0
   024C 04                  631 	.db #0x04	; 4
   024D 04                  632 	.db #0x04	; 4
   024E 00                  633 	.db #0x00	; 0
   024F 00                  634 	.db #0x00	; 0
   0250 00                  635 	.db #0x00	; 0
   0251 00                  636 	.db #0x00	; 0
   0252 00                  637 	.db #0x00	; 0
   0253 02                  638 	.db #0x02	; 2
   0254 00                  639 	.db #0x00	; 0
   0255 00                  640 	.db #0x00	; 0
   0256 00                  641 	.db #0x00	; 0
   0257 02                  642 	.db #0x02	; 2
   0258 02                  643 	.db #0x02	; 2
   0259 02                  644 	.db #0x02	; 2
   025A 02                  645 	.db #0x02	; 2
   025B 02                  646 	.db #0x02	; 2
   025C 02                  647 	.db #0x02	; 2
   025D 02                  648 	.db #0x02	; 2
   025E 02                  649 	.db #0x02	; 2
   025F 00                  650 	.db #0x00	; 0
   0260 02                  651 	.db #0x02	; 2
   0261 02                  652 	.db #0x02	; 2
   0262 02                  653 	.db #0x02	; 2
   0263 02                  654 	.db #0x02	; 2
   0264 02                  655 	.db #0x02	; 2
   0265 00                  656 	.db #0x00	; 0
   0266 00                  657 	.db #0x00	; 0
   0267 00                  658 	.db #0x00	; 0
   0268 00                  659 	.db #0x00	; 0
   0269 00                  660 	.db #0x00	; 0
   026A 00                  661 	.db #0x00	; 0
   026B 00                  662 	.db #0x00	; 0
   026C 05                  663 	.db #0x05	; 5
   026D 04                  664 	.db #0x04	; 4
   026E 00                  665 	.db #0x00	; 0
   026F 05                  666 	.db #0x05	; 5
   0270 00                  667 	.db #0x00	; 0
   0271 00                  668 	.db #0x00	; 0
   0272 00                  669 	.db #0x00	; 0
   0273 00                  670 	.db #0x00	; 0
   0274 00                  671 	.db #0x00	; 0
   0275 00                  672 	.db #0x00	; 0
   0276 00                  673 	.db #0x00	; 0
   0277 00                  674 	.db #0x00	; 0
   0278 00                  675 	.db #0x00	; 0
   0279 00                  676 	.db #0x00	; 0
   027A 00                  677 	.db #0x00	; 0
   027B 00                  678 	.db #0x00	; 0
   027C 00                  679 	.db #0x00	; 0
   027D 00                  680 	.db #0x00	; 0
   027E 00                  681 	.db #0x00	; 0
   027F 00                  682 	.db #0x00	; 0
   0280 00                  683 	.db #0x00	; 0
   0281 00                  684 	.db #0x00	; 0
   0282 02                  685 	.db #0x02	; 2
   0283 00                  686 	.db #0x00	; 0
   0284 00                  687 	.db #0x00	; 0
   0285 00                  688 	.db #0x00	; 0
   0286 00                  689 	.db #0x00	; 0
   0287 00                  690 	.db #0x00	; 0
   0288 01                  691 	.db #0x01	; 1
   0289 00                  692 	.db #0x00	; 0
   028A 00                  693 	.db #0x00	; 0
   028B 00                  694 	.db #0x00	; 0
   028C 00                  695 	.db #0x00	; 0
   028D 00                  696 	.db #0x00	; 0
   028E 00                  697 	.db #0x00	; 0
   028F 00                  698 	.db #0x00	; 0
   0290 00                  699 	.db #0x00	; 0
   0291 00                  700 	.db #0x00	; 0
   0292 02                  701 	.db #0x02	; 2
   0293 02                  702 	.db #0x02	; 2
   0294 02                  703 	.db #0x02	; 2
   0295 00                  704 	.db #0x00	; 0
   0296 00                  705 	.db #0x00	; 0
   0297 00                  706 	.db #0x00	; 0
   0298 00                  707 	.db #0x00	; 0
   0299 00                  708 	.db #0x00	; 0
   029A 03                  709 	.db #0x03	; 3
   029B 00                  710 	.db #0x00	; 0
   029C 00                  711 	.db #0x00	; 0
   029D 00                  712 	.db #0x00	; 0
   029E 00                  713 	.db #0x00	; 0
   029F 00                  714 	.db #0x00	; 0
   02A0 00                  715 	.db #0x00	; 0
   02A1 00                  716 	.db #0x00	; 0
   02A2 00                  717 	.db #0x00	; 0
   02A3 00                  718 	.db #0x00	; 0
   02A4 00                  719 	.db #0x00	; 0
   02A5 00                  720 	.db #0x00	; 0
   02A6 00                  721 	.db #0x00	; 0
   02A7 02                  722 	.db #0x02	; 2
   02A8 02                  723 	.db #0x02	; 2
   02A9 02                  724 	.db #0x02	; 2
   02AA 02                  725 	.db #0x02	; 2
   02AB 02                  726 	.db #0x02	; 2
   02AC 02                  727 	.db #0x02	; 2
   02AD 02                  728 	.db #0x02	; 2
   02AE 00                  729 	.db #0x00	; 0
   02AF 00                  730 	.db #0x00	; 0
   02B0 00                  731 	.db #0x00	; 0
   02B1 00                  732 	.db #0x00	; 0
   02B2 00                  733 	.db #0x00	; 0
   02B3 03                  734 	.db #0x03	; 3
   02B4 00                  735 	.db #0x00	; 0
   02B5 00                  736 	.db #0x00	; 0
   02B6 05                  737 	.db #0x05	; 5
   02B7 02                  738 	.db #0x02	; 2
   02B8 02                  739 	.db #0x02	; 2
   02B9 02                  740 	.db #0x02	; 2
   02BA 00                  741 	.db #0x00	; 0
   02BB 00                  742 	.db #0x00	; 0
   02BC 00                  743 	.db #0x00	; 0
   02BD 02                  744 	.db #0x02	; 2
   02BE 02                  745 	.db #0x02	; 2
   02BF 05                  746 	.db #0x05	; 5
   02C0 00                  747 	.db #0x00	; 0
   02C1 05                  748 	.db #0x05	; 5
   02C2 00                  749 	.db #0x00	; 0
   02C3 00                  750 	.db #0x00	; 0
   02C4 00                  751 	.db #0x00	; 0
   02C5 00                  752 	.db #0x00	; 0
   02C6 00                  753 	.db #0x00	; 0
   02C7 00                  754 	.db #0x00	; 0
   02C8 00                  755 	.db #0x00	; 0
   02C9 00                  756 	.db #0x00	; 0
   02CA 00                  757 	.db #0x00	; 0
   02CB 00                  758 	.db #0x00	; 0
   02CC 00                  759 	.db #0x00	; 0
   02CD 00                  760 	.db #0x00	; 0
   02CE 00                  761 	.db #0x00	; 0
   02CF 02                  762 	.db #0x02	; 2
   02D0 00                  763 	.db #0x00	; 0
   02D1 00                  764 	.db #0x00	; 0
   02D2 00                  765 	.db #0x00	; 0
   02D3 00                  766 	.db #0x00	; 0
   02D4 00                  767 	.db #0x00	; 0
   02D5 00                  768 	.db #0x00	; 0
   02D6 00                  769 	.db #0x00	; 0
   02D7 00                  770 	.db #0x00	; 0
   02D8 00                  771 	.db #0x00	; 0
   02D9 00                  772 	.db #0x00	; 0
   02DA 00                  773 	.db #0x00	; 0
   02DB 02                  774 	.db #0x02	; 2
   02DC 00                  775 	.db #0x00	; 0
   02DD 00                  776 	.db #0x00	; 0
   02DE 00                  777 	.db #0x00	; 0
   02DF 00                  778 	.db #0x00	; 0
   02E0 00                  779 	.db #0x00	; 0
   02E1 02                  780 	.db #0x02	; 2
   02E2 00                  781 	.db #0x00	; 0
   02E3 00                  782 	.db #0x00	; 0
   02E4 00                  783 	.db #0x00	; 0
   02E5 00                  784 	.db #0x00	; 0
   02E6 00                  785 	.db #0x00	; 0
   02E7 02                  786 	.db #0x02	; 2
   02E8 02                  787 	.db #0x02	; 2
   02E9 02                  788 	.db #0x02	; 2
   02EA 02                  789 	.db #0x02	; 2
   02EB 02                  790 	.db #0x02	; 2
   02EC 00                  791 	.db #0x00	; 0
   02ED 00                  792 	.db #0x00	; 0
   02EE 00                  793 	.db #0x00	; 0
   02EF 00                  794 	.db #0x00	; 0
   02F0 01                  795 	.db #0x01	; 1
   02F1 01                  796 	.db #0x01	; 1
   02F2 21                  797 	.db #0x21	; 33
   02F3 00                  798 	.db #0x00	; 0
   02F4 00                  799 	.db #0x00	; 0
   02F5 00                  800 	.db #0x00	; 0
   02F6 00                  801 	.db #0x00	; 0
   02F7 00                  802 	.db #0x00	; 0
   02F8 05                  803 	.db #0x05	; 5
   02F9 05                  804 	.db #0x05	; 5
   02FA 00                  805 	.db #0x00	; 0
   02FB 00                  806 	.db #0x00	; 0
   02FC 00                  807 	.db #0x00	; 0
   02FD 00                  808 	.db #0x00	; 0
   02FE 00                  809 	.db #0x00	; 0
   02FF 00                  810 	.db #0x00	; 0
   0300 00                  811 	.db #0x00	; 0
   0301 00                  812 	.db #0x00	; 0
   0302 00                  813 	.db #0x00	; 0
   0303 00                  814 	.db #0x00	; 0
   0304 00                  815 	.db #0x00	; 0
   0305 00                  816 	.db #0x00	; 0
   0306 00                  817 	.db #0x00	; 0
   0307 00                  818 	.db #0x00	; 0
   0308 00                  819 	.db #0x00	; 0
   0309 00                  820 	.db #0x00	; 0
   030A 00                  821 	.db #0x00	; 0
   030B 00                  822 	.db #0x00	; 0
   030C 00                  823 	.db #0x00	; 0
   030D 00                  824 	.db #0x00	; 0
   030E 00                  825 	.db #0x00	; 0
   030F 00                  826 	.db #0x00	; 0
   0310 05                  827 	.db #0x05	; 5
   0311 05                  828 	.db #0x05	; 5
   0312 25                  829 	.db #0x25	; 37
   0313 00                  830 	.db #0x00	; 0
   0314 00                  831 	.db #0x00	; 0
   0315 00                  832 	.db #0x00	; 0
   0316 00                  833 	.db #0x00	; 0
   0317 00                  834 	.db #0x00	; 0
   0318 05                  835 	.db #0x05	; 5
   0319 05                  836 	.db #0x05	; 5
   031A 00                  837 	.db #0x00	; 0
   031B 00                  838 	.db #0x00	; 0
   031C 00                  839 	.db #0x00	; 0
   031D 00                  840 	.db #0x00	; 0
   031E 00                  841 	.db #0x00	; 0
   031F 00                  842 	.db #0x00	; 0
   0320 05                  843 	.db #0x05	; 5
   0321 05                  844 	.db #0x05	; 5
   0322 00                  845 	.db #0x00	; 0
   0323 00                  846 	.db #0x00	; 0
   0324 02                  847 	.db #0x02	; 2
   0325 00                  848 	.db #0x00	; 0
   0326 00                  849 	.db #0x00	; 0
   0327 00                  850 	.db #0x00	; 0
   0328 00                  851 	.db #0x00	; 0
   0329 04                  852 	.db #0x04	; 4
   032A 04                  853 	.db #0x04	; 4
   032B 00                  854 	.db #0x00	; 0
   032C 00                  855 	.db #0x00	; 0
   032D 00                  856 	.db #0x00	; 0
   032E 00                  857 	.db #0x00	; 0
   032F 00                  858 	.db #0x00	; 0
   0330 45                  859 	.db #0x45	; 69	'E'
   0331 05                  860 	.db #0x05	; 5
   0332 05                  861 	.db #0x05	; 5
   0333 05                  862 	.db #0x05	; 5
   0334 00                  863 	.db #0x00	; 0
   0335 00                  864 	.db #0x00	; 0
   0336 00                  865 	.db #0x00	; 0
   0337 00                  866 	.db #0x00	; 0
   0338 00                  867 	.db #0x00	; 0
   0339 05                  868 	.db #0x05	; 5
   033A 02                  869 	.db #0x02	; 2
   033B 02                  870 	.db #0x02	; 2
   033C 05                  871 	.db #0x05	; 5
   033D 00                  872 	.db #0x00	; 0
   033E 00                  873 	.db #0x00	; 0
   033F 00                  874 	.db #0x00	; 0
   0340 05                  875 	.db #0x05	; 5
   0341 05                  876 	.db #0x05	; 5
   0342 00                  877 	.db #0x00	; 0
   0343 00                  878 	.db #0x00	; 0
   0344 00                  879 	.db #0x00	; 0
   0345 00                  880 	.db #0x00	; 0
   0346 00                  881 	.db #0x00	; 0
   0347 04                  882 	.db #0x04	; 4
   0348 04                  883 	.db #0x04	; 4
   0349 05                  884 	.db #0x05	; 5
   034A 05                  885 	.db #0x05	; 5
   034B 00                  886 	.db #0x00	; 0
   034C 00                  887 	.db #0x00	; 0
   034D 01                  888 	.db #0x01	; 1
   034E 00                  889 	.db #0x00	; 0
   034F 00                  890 	.db #0x00	; 0
   0350 41                  891 	.db #0x41	; 65	'A'
   0351 41                  892 	.db #0x41	; 65	'A'
   0352 61                  893 	.db #0x61	; 97	'a'
   0353 00                  894 	.db #0x00	; 0
   0354 02                  895 	.db #0x02	; 2
   0355 02                  896 	.db #0x02	; 2
   0356 05                  897 	.db #0x05	; 5
   0357 00                  898 	.db #0x00	; 0
   0358 00                  899 	.db #0x00	; 0
   0359 00                  900 	.db #0x00	; 0
   035A 00                  901 	.db #0x00	; 0
   035B 00                  902 	.db #0x00	; 0
   035C 00                  903 	.db #0x00	; 0
   035D 02                  904 	.db #0x02	; 2
   035E 00                  905 	.db #0x00	; 0
   035F 00                  906 	.db #0x00	; 0
   0360 00                  907 	.db #0x00	; 0
   0361 00                  908 	.db #0x00	; 0
   0362 00                  909 	.db #0x00	; 0
   0363 00                  910 	.db #0x00	; 0
   0364 00                  911 	.db #0x00	; 0
   0365 00                  912 	.db #0x00	; 0
   0366 00                  913 	.db #0x00	; 0
   0367 04                  914 	.db #0x04	; 4
   0368 05                  915 	.db #0x05	; 5
   0369 00                  916 	.db #0x00	; 0
   036A 00                  917 	.db #0x00	; 0
   036B 00                  918 	.db #0x00	; 0
   036C 00                  919 	.db #0x00	; 0
   036D 00                  920 	.db #0x00	; 0
   036E 00                  921 	.db #0x00	; 0
   036F 00                  922 	.db #0x00	; 0
   0370 02                  923 	.db #0x02	; 2
   0371 02                  924 	.db #0x02	; 2
   0372 02                  925 	.db #0x02	; 2
   0373 00                  926 	.db #0x00	; 0
   0374 00                  927 	.db #0x00	; 0
   0375 00                  928 	.db #0x00	; 0
   0376 00                  929 	.db #0x00	; 0
   0377 00                  930 	.db #0x00	; 0
   0378 00                  931 	.db #0x00	; 0
   0379 05                  932 	.db #0x05	; 5
   037A 02                  933 	.db #0x02	; 2
   037B 02                  934 	.db #0x02	; 2
   037C 00                  935 	.db #0x00	; 0
   037D 00                  936 	.db #0x00	; 0
   037E 00                  937 	.db #0x00	; 0
   037F 00                  938 	.db #0x00	; 0
   0380 00                  939 	.db #0x00	; 0
   0381 00                  940 	.db #0x00	; 0
   0382 02                  941 	.db #0x02	; 2
   0383 02                  942 	.db #0x02	; 2
   0384 02                  943 	.db #0x02	; 2
   0385 02                  944 	.db #0x02	; 2
   0386 00                  945 	.db #0x00	; 0
   0387 00                  946 	.db #0x00	; 0
   0388 00                  947 	.db #0x00	; 0
   0389 00                  948 	.db #0x00	; 0
   038A 00                  949 	.db #0x00	; 0
   038B 00                  950 	.db #0x00	; 0
   038C 05                  951 	.db #0x05	; 5
   038D 00                  952 	.db #0x00	; 0
   038E 00                  953 	.db #0x00	; 0
   038F 00                  954 	.db #0x00	; 0
   0390 00                  955 	.db #0x00	; 0
   0391 00                  956 	.db #0x00	; 0
   0392 00                  957 	.db #0x00	; 0
   0393 00                  958 	.db #0x00	; 0
   0394 03                  959 	.db #0x03	; 3
   0395 00                  960 	.db #0x00	; 0
   0396 00                  961 	.db #0x00	; 0
   0397 00                  962 	.db #0x00	; 0
   0398 00                  963 	.db #0x00	; 0
   0399 00                  964 	.db #0x00	; 0
   039A 00                  965 	.db #0x00	; 0
   039B 01                  966 	.db #0x01	; 1
   039C 01                  967 	.db #0x01	; 1
   039D 21                  968 	.db #0x21	; 33
   039E 00                  969 	.db #0x00	; 0
   039F 00                  970 	.db #0x00	; 0
   03A0 02                  971 	.db #0x02	; 2
   03A1 00                  972 	.db #0x00	; 0
   03A2 00                  973 	.db #0x00	; 0
   03A3 05                  974 	.db #0x05	; 5
   03A4 05                  975 	.db #0x05	; 5
   03A5 00                  976 	.db #0x00	; 0
   03A6 00                  977 	.db #0x00	; 0
   03A7 00                  978 	.db #0x00	; 0
   03A8 00                  979 	.db #0x00	; 0
   03A9 00                  980 	.db #0x00	; 0
   03AA 00                  981 	.db #0x00	; 0
   03AB 00                  982 	.db #0x00	; 0
   03AC 00                  983 	.db #0x00	; 0
   03AD 00                  984 	.db #0x00	; 0
   03AE 00                  985 	.db #0x00	; 0
   03AF 00                  986 	.db #0x00	; 0
   03B0 00                  987 	.db #0x00	; 0
   03B1 00                  988 	.db #0x00	; 0
   03B2 00                  989 	.db #0x00	; 0
   03B3 00                  990 	.db #0x00	; 0
   03B4 00                  991 	.db #0x00	; 0
   03B5 00                  992 	.db #0x00	; 0
   03B6 00                  993 	.db #0x00	; 0
   03B7 00                  994 	.db #0x00	; 0
   03B8 00                  995 	.db #0x00	; 0
   03B9 00                  996 	.db #0x00	; 0
   03BA 00                  997 	.db #0x00	; 0
   03BB 05                  998 	.db #0x05	; 5
   03BC 05                  999 	.db #0x05	; 5
   03BD 25                 1000 	.db #0x25	; 37
   03BE 00                 1001 	.db #0x00	; 0
   03BF 00                 1002 	.db #0x00	; 0
   03C0 01                 1003 	.db #0x01	; 1
   03C1 01                 1004 	.db #0x01	; 1
   03C2 21                 1005 	.db #0x21	; 33
   03C3 05                 1006 	.db #0x05	; 5
   03C4 05                 1007 	.db #0x05	; 5
   03C5 00                 1008 	.db #0x00	; 0
   03C6 05                 1009 	.db #0x05	; 5
   03C7 00                 1010 	.db #0x00	; 0
   03C8 02                 1011 	.db #0x02	; 2
   03C9 02                 1012 	.db #0x02	; 2
   03CA 00                 1013 	.db #0x00	; 0
   03CB 00                 1014 	.db #0x00	; 0
   03CC 02                 1015 	.db #0x02	; 2
   03CD 00                 1016 	.db #0x00	; 0
   03CE 00                 1017 	.db #0x00	; 0
   03CF 00                 1018 	.db #0x00	; 0
   03D0 00                 1019 	.db #0x00	; 0
   03D1 00                 1020 	.db #0x00	; 0
   03D2 00                 1021 	.db #0x00	; 0
   03D3 00                 1022 	.db #0x00	; 0
   03D4 00                 1023 	.db #0x00	; 0
   03D5 00                 1024 	.db #0x00	; 0
   03D6 00                 1025 	.db #0x00	; 0
   03D7 00                 1026 	.db #0x00	; 0
   03D8 00                 1027 	.db #0x00	; 0
   03D9 04                 1028 	.db #0x04	; 4
   03DA 05                 1029 	.db #0x05	; 5
   03DB 45                 1030 	.db #0x45	; 69	'E'
   03DC 05                 1031 	.db #0x05	; 5
   03DD 05                 1032 	.db #0x05	; 5
   03DE 00                 1033 	.db #0x00	; 0
   03DF 00                 1034 	.db #0x00	; 0
   03E0 05                 1035 	.db #0x05	; 5
   03E1 05                 1036 	.db #0x05	; 5
   03E2 25                 1037 	.db #0x25	; 37
   03E3 00                 1038 	.db #0x00	; 0
   03E4 00                 1039 	.db #0x00	; 0
   03E5 00                 1040 	.db #0x00	; 0
   03E6 00                 1041 	.db #0x00	; 0
   03E7 00                 1042 	.db #0x00	; 0
   03E8 00                 1043 	.db #0x00	; 0
   03E9 00                 1044 	.db #0x00	; 0
   03EA 00                 1045 	.db #0x00	; 0
   03EB 00                 1046 	.db #0x00	; 0
   03EC 00                 1047 	.db #0x00	; 0
   03ED 00                 1048 	.db #0x00	; 0
   03EE 00                 1049 	.db #0x00	; 0
   03EF 00                 1050 	.db #0x00	; 0
   03F0 00                 1051 	.db #0x00	; 0
   03F1 00                 1052 	.db #0x00	; 0
   03F2 00                 1053 	.db #0x00	; 0
   03F3 00                 1054 	.db #0x00	; 0
   03F4 00                 1055 	.db #0x00	; 0
   03F5 00                 1056 	.db #0x00	; 0
   03F6 00                 1057 	.db #0x00	; 0
   03F7 00                 1058 	.db #0x00	; 0
   03F8 00                 1059 	.db #0x00	; 0
   03F9 05                 1060 	.db #0x05	; 5
   03FA 05                 1061 	.db #0x05	; 5
   03FB 41                 1062 	.db #0x41	; 65	'A'
   03FC 41                 1063 	.db #0x41	; 65	'A'
   03FD 61                 1064 	.db #0x61	; 97	'a'
   03FE 00                 1065 	.db #0x00	; 0
   03FF 00                 1066 	.db #0x00	; 0
   0400 45                 1067 	.db #0x45	; 69	'E'
   0401 05                 1068 	.db #0x05	; 5
   0402 05                 1069 	.db #0x05	; 5
   0403 00                 1070 	.db #0x00	; 0
   0404 00                 1071 	.db #0x00	; 0
   0405 00                 1072 	.db #0x00	; 0
   0406 00                 1073 	.db #0x00	; 0
   0407 00                 1074 	.db #0x00	; 0
   0408 00                 1075 	.db #0x00	; 0
   0409 00                 1076 	.db #0x00	; 0
   040A 00                 1077 	.db #0x00	; 0
   040B 00                 1078 	.db #0x00	; 0
   040C 02                 1079 	.db #0x02	; 2
   040D 02                 1080 	.db #0x02	; 2
   040E 02                 1081 	.db #0x02	; 2
   040F 02                 1082 	.db #0x02	; 2
   0410 02                 1083 	.db #0x02	; 2
   0411 02                 1084 	.db #0x02	; 2
   0412 05                 1085 	.db #0x05	; 5
   0413 00                 1086 	.db #0x00	; 0
   0414 00                 1087 	.db #0x00	; 0
   0415 00                 1088 	.db #0x00	; 0
   0416 00                 1089 	.db #0x00	; 0
   0417 00                 1090 	.db #0x00	; 0
   0418 00                 1091 	.db #0x00	; 0
   0419 00                 1092 	.db #0x00	; 0
   041A 02                 1093 	.db #0x02	; 2
   041B 02                 1094 	.db #0x02	; 2
   041C 02                 1095 	.db #0x02	; 2
   041D 05                 1096 	.db #0x05	; 5
   041E 00                 1097 	.db #0x00	; 0
   041F 00                 1098 	.db #0x00	; 0
   0420 41                 1099 	.db #0x41	; 65	'A'
   0421 41                 1100 	.db #0x41	; 65	'A'
   0422 61                 1101 	.db #0x61	; 97	'a'
   0423 00                 1102 	.db #0x00	; 0
   0424 00                 1103 	.db #0x00	; 0
   0425 00                 1104 	.db #0x00	; 0
   0426 00                 1105 	.db #0x00	; 0
   0427 00                 1106 	.db #0x00	; 0
   0428 00                 1107 	.db #0x00	; 0
   0429 00                 1108 	.db #0x00	; 0
   042A 00                 1109 	.db #0x00	; 0
   042B 00                 1110 	.db #0x00	; 0
   042C 00                 1111 	.db #0x00	; 0
   042D 00                 1112 	.db #0x00	; 0
   042E 00                 1113 	.db #0x00	; 0
   042F 00                 1114 	.db #0x00	; 0
   0430 00                 1115 	.db #0x00	; 0
   0431 00                 1116 	.db #0x00	; 0
   0432 00                 1117 	.db #0x00	; 0
   0433 02                 1118 	.db #0x02	; 2
   0434 00                 1119 	.db #0x00	; 0
   0435 05                 1120 	.db #0x05	; 5
   0436 02                 1121 	.db #0x02	; 2
   0437 02                 1122 	.db #0x02	; 2
   0438 02                 1123 	.db #0x02	; 2
   0439 00                 1124 	.db #0x00	; 0
   043A 00                 1125 	.db #0x00	; 0
   043B 00                 1126 	.db #0x00	; 0
   043C 00                 1127 	.db #0x00	; 0
   043D 00                 1128 	.db #0x00	; 0
   043E 00                 1129 	.db #0x00	; 0
   043F 00                 1130 	.db #0x00	; 0
   0440 00                 1131 	.db #0x00	; 0
   0441 00                 1132 	.db #0x00	; 0
   0442 00                 1133 	.db #0x00	; 0
   0443 00                 1134 	.db #0x00	; 0
   0444 00                 1135 	.db #0x00	; 0
   0445 00                 1136 	.db #0x00	; 0
   0446 00                 1137 	.db #0x00	; 0
   0447 00                 1138 	.db #0x00	; 0
   0448 00                 1139 	.db #0x00	; 0
   0449 00                 1140 	.db #0x00	; 0
   044A 00                 1141 	.db #0x00	; 0
   044B 05                 1142 	.db #0x05	; 5
   044C 00                 1143 	.db #0x00	; 0
   044D 00                 1144 	.db #0x00	; 0
   044E 00                 1145 	.db #0x00	; 0
   044F 00                 1146 	.db #0x00	; 0
   0450 00                 1147 	.db #0x00	; 0
   0451 00                 1148 	.db #0x00	; 0
   0452 00                 1149 	.db #0x00	; 0
   0453 00                 1150 	.db #0x00	; 0
   0454 00                 1151 	.db #0x00	; 0
   0455 00                 1152 	.db #0x00	; 0
   0456 00                 1153 	.db #0x00	; 0
   0457 00                 1154 	.db #0x00	; 0
   0458 01                 1155 	.db #0x01	; 1
   0459 01                 1156 	.db #0x01	; 1
   045A 21                 1157 	.db #0x21	; 33
   045B 00                 1158 	.db #0x00	; 0
   045C 00                 1159 	.db #0x00	; 0
   045D 00                 1160 	.db #0x00	; 0
   045E 00                 1161 	.db #0x00	; 0
   045F 00                 1162 	.db #0x00	; 0
   0460 02                 1163 	.db #0x02	; 2
   0461 00                 1164 	.db #0x00	; 0
   0462 00                 1165 	.db #0x00	; 0
   0463 00                 1166 	.db #0x00	; 0
   0464 00                 1167 	.db #0x00	; 0
   0465 00                 1168 	.db #0x00	; 0
   0466 00                 1169 	.db #0x00	; 0
   0467 00                 1170 	.db #0x00	; 0
   0468 00                 1171 	.db #0x00	; 0
   0469 00                 1172 	.db #0x00	; 0
   046A 00                 1173 	.db #0x00	; 0
   046B 00                 1174 	.db #0x00	; 0
   046C 00                 1175 	.db #0x00	; 0
   046D 00                 1176 	.db #0x00	; 0
   046E 00                 1177 	.db #0x00	; 0
   046F 00                 1178 	.db #0x00	; 0
   0470 00                 1179 	.db #0x00	; 0
   0471 00                 1180 	.db #0x00	; 0
   0472 00                 1181 	.db #0x00	; 0
   0473 00                 1182 	.db #0x00	; 0
   0474 00                 1183 	.db #0x00	; 0
   0475 00                 1184 	.db #0x00	; 0
   0476 00                 1185 	.db #0x00	; 0
   0477 00                 1186 	.db #0x00	; 0
   0478 05                 1187 	.db #0x05	; 5
   0479 05                 1188 	.db #0x05	; 5
   047A 25                 1189 	.db #0x25	; 37
   047B 00                 1190 	.db #0x00	; 0
   047C 00                 1191 	.db #0x00	; 0
   047D 00                 1192 	.db #0x00	; 0
   047E 00                 1193 	.db #0x00	; 0
   047F 00                 1194 	.db #0x00	; 0
                           1195 	.area _CABS (ABS)
