                              1 ;--------------------------------------------------------
                              2 ; File Created by SDCC : free open source ANSI-C Compiler
                              3 ; Version 4.0.0 #11528 (MINGW32)
                              4 ;--------------------------------------------------------
                              5 	.module C__Users_Mills_AppData_Local_Temp_lcc60401
                              6 	.optsdcc -mgbz80
                              7 	
                              8 ;--------------------------------------------------------
                              9 ; Public variables in this module
                             10 ;--------------------------------------------------------
                             11 	.globl _RoadBKGMap3DPLN1
                             12 	.globl _RoadBKGMap3DPLN0
                             13 ;--------------------------------------------------------
                             14 ; special function registers
                             15 ;--------------------------------------------------------
                             16 ;--------------------------------------------------------
                             17 ; ram data
                             18 ;--------------------------------------------------------
                             19 	.area _DATA
                             20 ;--------------------------------------------------------
                             21 ; absolute external ram data
                             22 ;--------------------------------------------------------
                             23 	.area _DABS (ABS)
                             24 ;--------------------------------------------------------
                             25 ; global & static initialisations
                             26 ;--------------------------------------------------------
                             27 	.area _HOME
                             28 	.area _GSINIT
                             29 	.area _GSFINAL
                             30 	.area _GSINIT
                             31 ;--------------------------------------------------------
                             32 ; Home
                             33 ;--------------------------------------------------------
                             34 	.area _HOME
                             35 	.area _HOME
                             36 ;--------------------------------------------------------
                             37 ; code
                             38 ;--------------------------------------------------------
                             39 	.area _CODE_3
                             40 	.area _CODE_3
   0000                      41 _RoadBKGMap3DPLN0:
   0000 1B                   42 	.db #0x1b	; 27
   0001 1B                   43 	.db #0x1b	; 27
   0002 1B                   44 	.db #0x1b	; 27
   0003 1B                   45 	.db #0x1b	; 27
   0004 1B                   46 	.db #0x1b	; 27
   0005 1B                   47 	.db #0x1b	; 27
   0006 1B                   48 	.db #0x1b	; 27
   0007 1B                   49 	.db #0x1b	; 27
   0008 1B                   50 	.db #0x1b	; 27
   0009 1B                   51 	.db #0x1b	; 27
   000A 1B                   52 	.db #0x1b	; 27
   000B 1B                   53 	.db #0x1b	; 27
   000C 1B                   54 	.db #0x1b	; 27
   000D 1B                   55 	.db #0x1b	; 27
   000E 1B                   56 	.db #0x1b	; 27
   000F 1B                   57 	.db #0x1b	; 27
   0010 1B                   58 	.db #0x1b	; 27
   0011 1B                   59 	.db #0x1b	; 27
   0012 1B                   60 	.db #0x1b	; 27
   0013 1B                   61 	.db #0x1b	; 27
   0014 1B                   62 	.db #0x1b	; 27
   0015 1B                   63 	.db #0x1b	; 27
   0016 1B                   64 	.db #0x1b	; 27
   0017 1B                   65 	.db #0x1b	; 27
   0018 1B                   66 	.db #0x1b	; 27
   0019 1B                   67 	.db #0x1b	; 27
   001A 1B                   68 	.db #0x1b	; 27
   001B 1B                   69 	.db #0x1b	; 27
   001C 1B                   70 	.db #0x1b	; 27
   001D 1B                   71 	.db #0x1b	; 27
   001E 1B                   72 	.db #0x1b	; 27
   001F 1B                   73 	.db #0x1b	; 27
   0020 1B                   74 	.db #0x1b	; 27
   0021 1B                   75 	.db #0x1b	; 27
   0022 1B                   76 	.db #0x1b	; 27
   0023 1B                   77 	.db #0x1b	; 27
   0024 1B                   78 	.db #0x1b	; 27
   0025 1B                   79 	.db #0x1b	; 27
   0026 1B                   80 	.db #0x1b	; 27
   0027 1B                   81 	.db #0x1b	; 27
   0028 1B                   82 	.db #0x1b	; 27
   0029 1B                   83 	.db #0x1b	; 27
   002A 1B                   84 	.db #0x1b	; 27
   002B 1B                   85 	.db #0x1b	; 27
   002C 1B                   86 	.db #0x1b	; 27
   002D 1B                   87 	.db #0x1b	; 27
   002E 1B                   88 	.db #0x1b	; 27
   002F 1B                   89 	.db #0x1b	; 27
   0030 1B                   90 	.db #0x1b	; 27
   0031 1B                   91 	.db #0x1b	; 27
   0032 1B                   92 	.db #0x1b	; 27
   0033 1B                   93 	.db #0x1b	; 27
   0034 1B                   94 	.db #0x1b	; 27
   0035 1B                   95 	.db #0x1b	; 27
   0036 1B                   96 	.db #0x1b	; 27
   0037 1B                   97 	.db #0x1b	; 27
   0038 1B                   98 	.db #0x1b	; 27
   0039 1B                   99 	.db #0x1b	; 27
   003A 1B                  100 	.db #0x1b	; 27
   003B 1B                  101 	.db #0x1b	; 27
   003C 1B                  102 	.db #0x1b	; 27
   003D 1B                  103 	.db #0x1b	; 27
   003E 1B                  104 	.db #0x1b	; 27
   003F 1B                  105 	.db #0x1b	; 27
   0040 1B                  106 	.db #0x1b	; 27
   0041 1B                  107 	.db #0x1b	; 27
   0042 1B                  108 	.db #0x1b	; 27
   0043 1B                  109 	.db #0x1b	; 27
   0044 1B                  110 	.db #0x1b	; 27
   0045 1B                  111 	.db #0x1b	; 27
   0046 1B                  112 	.db #0x1b	; 27
   0047 1B                  113 	.db #0x1b	; 27
   0048 1B                  114 	.db #0x1b	; 27
   0049 1B                  115 	.db #0x1b	; 27
   004A 1B                  116 	.db #0x1b	; 27
   004B 1B                  117 	.db #0x1b	; 27
   004C 1B                  118 	.db #0x1b	; 27
   004D 1B                  119 	.db #0x1b	; 27
   004E 1C                  120 	.db #0x1c	; 28
   004F 1D                  121 	.db #0x1d	; 29
   0050 1B                  122 	.db #0x1b	; 27
   0051 1B                  123 	.db #0x1b	; 27
   0052 1B                  124 	.db #0x1b	; 27
   0053 1B                  125 	.db #0x1b	; 27
   0054 1C                  126 	.db #0x1c	; 28
   0055 67                  127 	.db #0x67	; 103	'g'
   0056 1D                  128 	.db #0x1d	; 29
   0057 1B                  129 	.db #0x1b	; 27
   0058 1B                  130 	.db #0x1b	; 27
   0059 1B                  131 	.db #0x1b	; 27
   005A 1B                  132 	.db #0x1b	; 27
   005B 1B                  133 	.db #0x1b	; 27
   005C 1B                  134 	.db #0x1b	; 27
   005D 1B                  135 	.db #0x1b	; 27
   005E 1B                  136 	.db #0x1b	; 27
   005F 1B                  137 	.db #0x1b	; 27
   0060 1B                  138 	.db #0x1b	; 27
   0061 1B                  139 	.db #0x1b	; 27
   0062 1B                  140 	.db #0x1b	; 27
   0063 1B                  141 	.db #0x1b	; 27
   0064 1C                  142 	.db #0x1c	; 28
   0065 1D                  143 	.db #0x1d	; 29
   0066 1B                  144 	.db #0x1b	; 27
   0067 1B                  145 	.db #0x1b	; 27
   0068 1B                  146 	.db #0x1b	; 27
   0069 1B                  147 	.db #0x1b	; 27
   006A 1B                  148 	.db #0x1b	; 27
   006B 1B                  149 	.db #0x1b	; 27
   006C 1B                  150 	.db #0x1b	; 27
   006D 1C                  151 	.db #0x1c	; 28
   006E 1E                  152 	.db #0x1e	; 30
   006F 21                  153 	.db #0x21	; 33
   0070 67                  154 	.db #0x67	; 103	'g'
   0071 1D                  155 	.db #0x1d	; 29
   0072 1B                  156 	.db #0x1b	; 27
   0073 1B                  157 	.db #0x1b	; 27
   0074 1F                  158 	.db #0x1f	; 31
   0075 67                  159 	.db #0x67	; 103	'g'
   0076 20                  160 	.db #0x20	; 32
   0077 1B                  161 	.db #0x1b	; 27
   0078 1B                  162 	.db #0x1b	; 27
   0079 1B                  163 	.db #0x1b	; 27
   007A 1B                  164 	.db #0x1b	; 27
   007B 1B                  165 	.db #0x1b	; 27
   007C 1B                  166 	.db #0x1b	; 27
   007D 1B                  167 	.db #0x1b	; 27
   007E 1B                  168 	.db #0x1b	; 27
   007F 1B                  169 	.db #0x1b	; 27
   0080 1B                  170 	.db #0x1b	; 27
   0081 1B                  171 	.db #0x1b	; 27
   0082 1B                  172 	.db #0x1b	; 27
   0083 1C                  173 	.db #0x1c	; 28
   0084 21                  174 	.db #0x21	; 33
   0085 1E                  175 	.db #0x1e	; 30
   0086 1D                  176 	.db #0x1d	; 29
   0087 1B                  177 	.db #0x1b	; 27
   0088 1B                  178 	.db #0x1b	; 27
   0089 1B                  179 	.db #0x1b	; 27
   008A 1B                  180 	.db #0x1b	; 27
   008B 1B                  181 	.db #0x1b	; 27
   008C 1B                  182 	.db #0x1b	; 27
   008D 1F                  183 	.db #0x1f	; 31
   008E 1E                  184 	.db #0x1e	; 30
   008F 1E                  185 	.db #0x1e	; 30
   0090 1E                  186 	.db #0x1e	; 30
   0091 20                  187 	.db #0x20	; 32
   0092 1B                  188 	.db #0x1b	; 27
   0093 1B                  189 	.db #0x1b	; 27
   0094 1B                  190 	.db #0x1b	; 27
   0095 1B                  191 	.db #0x1b	; 27
   0096 1B                  192 	.db #0x1b	; 27
   0097 2F                  193 	.db #0x2f	; 47
   0098 46                  194 	.db #0x46	; 70	'F'
   0099 46                  195 	.db #0x46	; 70	'F'
   009A 2F                  196 	.db #0x2f	; 47
   009B 1B                  197 	.db #0x1b	; 27
   009C 1B                  198 	.db #0x1b	; 27
   009D 1B                  199 	.db #0x1b	; 27
   009E 1B                  200 	.db #0x1b	; 27
   009F 1B                  201 	.db #0x1b	; 27
   00A0 1B                  202 	.db #0x1b	; 27
   00A1 1B                  203 	.db #0x1b	; 27
   00A2 1B                  204 	.db #0x1b	; 27
   00A3 1C                  205 	.db #0x1c	; 28
   00A4 1E                  206 	.db #0x1e	; 30
   00A5 1E                  207 	.db #0x1e	; 30
   00A6 20                  208 	.db #0x20	; 32
   00A7 1B                  209 	.db #0x1b	; 27
   00A8 1B                  210 	.db #0x1b	; 27
   00A9 1B                  211 	.db #0x1b	; 27
   00AA 1B                  212 	.db #0x1b	; 27
   00AB 1B                  213 	.db #0x1b	; 27
   00AC 1B                  214 	.db #0x1b	; 27
   00AD 1B                  215 	.db #0x1b	; 27
   00AE 1F                  216 	.db #0x1f	; 31
   00AF 67                  217 	.db #0x67	; 103	'g'
   00B0 20                  218 	.db #0x20	; 32
   00B1 1B                  219 	.db #0x1b	; 27
   00B2 1B                  220 	.db #0x1b	; 27
   00B3 1B                  221 	.db #0x1b	; 27
   00B4 1B                  222 	.db #0x1b	; 27
   00B5 1B                  223 	.db #0x1b	; 27
   00B6 1B                  224 	.db #0x1b	; 27
   00B7 38                  225 	.db #0x38	; 56	'8'
   00B8 2B                  226 	.db #0x2b	; 43
   00B9 2C                  227 	.db #0x2c	; 44
   00BA 39                  228 	.db #0x39	; 57	'9'
   00BB 1C                  229 	.db #0x1c	; 28
   00BC 1D                  230 	.db #0x1d	; 29
   00BD 1B                  231 	.db #0x1b	; 27
   00BE 1B                  232 	.db #0x1b	; 27
   00BF 1B                  233 	.db #0x1b	; 27
   00C0 1B                  234 	.db #0x1b	; 27
   00C1 1B                  235 	.db #0x1b	; 27
   00C2 1B                  236 	.db #0x1b	; 27
   00C3 1B                  237 	.db #0x1b	; 27
   00C4 1F                  238 	.db #0x1f	; 31
   00C5 20                  239 	.db #0x20	; 32
   00C6 1B                  240 	.db #0x1b	; 27
   00C7 1B                  241 	.db #0x1b	; 27
   00C8 1B                  242 	.db #0x1b	; 27
   00C9 1B                  243 	.db #0x1b	; 27
   00CA 1B                  244 	.db #0x1b	; 27
   00CB 1B                  245 	.db #0x1b	; 27
   00CC 1B                  246 	.db #0x1b	; 27
   00CD 1B                  247 	.db #0x1b	; 27
   00CE 1B                  248 	.db #0x1b	; 27
   00CF 1B                  249 	.db #0x1b	; 27
   00D0 1B                  250 	.db #0x1b	; 27
   00D1 1B                  251 	.db #0x1b	; 27
   00D2 1B                  252 	.db #0x1b	; 27
   00D3 1B                  253 	.db #0x1b	; 27
   00D4 1B                  254 	.db #0x1b	; 27
   00D5 1B                  255 	.db #0x1b	; 27
   00D6 1B                  256 	.db #0x1b	; 27
   00D7 3F                  257 	.db #0x3f	; 63
   00D8 68                  258 	.db #0x68	; 104	'h'
   00D9 34                  259 	.db #0x34	; 52	'4'
   00DA 49                  260 	.db #0x49	; 73	'I'
   00DB 1E                  261 	.db #0x1e	; 30
   00DC 21                  262 	.db #0x21	; 33
   00DD 67                  263 	.db #0x67	; 103	'g'
   00DE 67                  264 	.db #0x67	; 103	'g'
   00DF 1D                  265 	.db #0x1d	; 29
   00E0 1B                  266 	.db #0x1b	; 27
   00E1 1C                  267 	.db #0x1c	; 28
   00E2 1D                  268 	.db #0x1d	; 29
   00E3 1B                  269 	.db #0x1b	; 27
   00E4 1B                  270 	.db #0x1b	; 27
   00E5 1B                  271 	.db #0x1b	; 27
   00E6 1B                  272 	.db #0x1b	; 27
   00E7 1B                  273 	.db #0x1b	; 27
   00E8 1B                  274 	.db #0x1b	; 27
   00E9 1C                  275 	.db #0x1c	; 28
   00EA 1D                  276 	.db #0x1d	; 29
   00EB 1B                  277 	.db #0x1b	; 27
   00EC 1B                  278 	.db #0x1b	; 27
   00ED 1B                  279 	.db #0x1b	; 27
   00EE 1B                  280 	.db #0x1b	; 27
   00EF 1C                  281 	.db #0x1c	; 28
   00F0 1D                  282 	.db #0x1d	; 29
   00F1 1B                  283 	.db #0x1b	; 27
   00F2 1B                  284 	.db #0x1b	; 27
   00F3 1B                  285 	.db #0x1b	; 27
   00F4 1B                  286 	.db #0x1b	; 27
   00F5 1B                  287 	.db #0x1b	; 27
   00F6 1B                  288 	.db #0x1b	; 27
   00F7 43                  289 	.db #0x43	; 67	'C'
   00F8 68                  290 	.db #0x68	; 104	'h'
   00F9 33                  291 	.db #0x33	; 51	'3'
   00FA 49                  292 	.db #0x49	; 73	'I'
   00FB 1E                  293 	.db #0x1e	; 30
   00FC 1E                  294 	.db #0x1e	; 30
   00FD 1E                  295 	.db #0x1e	; 30
   00FE 21                  296 	.db #0x21	; 33
   00FF 20                  297 	.db #0x20	; 32
   0100 1B                  298 	.db #0x1b	; 27
   0101 1F                  299 	.db #0x1f	; 31
   0102 20                  300 	.db #0x20	; 32
   0103 1B                  301 	.db #0x1b	; 27
   0104 1B                  302 	.db #0x1b	; 27
   0105 1B                  303 	.db #0x1b	; 27
   0106 1B                  304 	.db #0x1b	; 27
   0107 1B                  305 	.db #0x1b	; 27
   0108 1C                  306 	.db #0x1c	; 28
   0109 1E                  307 	.db #0x1e	; 30
   010A 21                  308 	.db #0x21	; 33
   010B 67                  309 	.db #0x67	; 103	'g'
   010C 1D                  310 	.db #0x1d	; 29
   010D 1B                  311 	.db #0x1b	; 27
   010E 1B                  312 	.db #0x1b	; 27
   010F 1F                  313 	.db #0x1f	; 31
   0110 20                  314 	.db #0x20	; 32
   0111 1B                  315 	.db #0x1b	; 27
   0112 1B                  316 	.db #0x1b	; 27
   0113 1B                  317 	.db #0x1b	; 27
   0114 1B                  318 	.db #0x1b	; 27
   0115 1B                  319 	.db #0x1b	; 27
   0116 1C                  320 	.db #0x1c	; 28
   0117 43                  321 	.db #0x43	; 67	'C'
   0118 68                  322 	.db #0x68	; 104	'h'
   0119 68                  323 	.db #0x68	; 104	'h'
   011A 49                  324 	.db #0x49	; 73	'I'
   011B 1F                  325 	.db #0x1f	; 31
   011C 67                  326 	.db #0x67	; 103	'g'
   011D 67                  327 	.db #0x67	; 103	'g'
   011E 20                  328 	.db #0x20	; 32
   011F 1B                  329 	.db #0x1b	; 27
   0120 22                  330 	.db #0x22	; 34
   0121 23                  331 	.db #0x23	; 35
   0122 24                  332 	.db #0x24	; 36
   0123 25                  333 	.db #0x25	; 37
   0124 26                  334 	.db #0x26	; 38
   0125 27                  335 	.db #0x27	; 39
   0126 1B                  336 	.db #0x1b	; 27
   0127 1B                  337 	.db #0x1b	; 27
   0128 1C                  338 	.db #0x1c	; 28
   0129 67                  339 	.db #0x67	; 103	'g'
   012A 67                  340 	.db #0x67	; 103	'g'
   012B 67                  341 	.db #0x67	; 103	'g'
   012C 20                  342 	.db #0x20	; 32
   012D 1B                  343 	.db #0x1b	; 27
   012E 1B                  344 	.db #0x1b	; 27
   012F 1B                  345 	.db #0x1b	; 27
   0130 1B                  346 	.db #0x1b	; 27
   0131 1B                  347 	.db #0x1b	; 27
   0132 1C                  348 	.db #0x1c	; 28
   0133 1D                  349 	.db #0x1d	; 29
   0134 1B                  350 	.db #0x1b	; 27
   0135 1B                  351 	.db #0x1b	; 27
   0136 1F                  352 	.db #0x1f	; 31
   0137 43                  353 	.db #0x43	; 67	'C'
   0138 68                  354 	.db #0x68	; 104	'h'
   0139 68                  355 	.db #0x68	; 104	'h'
   013A 49                  356 	.db #0x49	; 73	'I'
   013B 1B                  357 	.db #0x1b	; 27
   013C 1B                  358 	.db #0x1b	; 27
   013D 1B                  359 	.db #0x1b	; 27
   013E 1B                  360 	.db #0x1b	; 27
   013F 1B                  361 	.db #0x1b	; 27
   0140 28                  362 	.db #0x28	; 40
   0141 29                  363 	.db #0x29	; 41
   0142 2A                  364 	.db #0x2a	; 42
   0143 2B                  365 	.db #0x2b	; 43
   0144 2C                  366 	.db #0x2c	; 44
   0145 2D                  367 	.db #0x2d	; 45
   0146 2E                  368 	.db #0x2e	; 46
   0147 1B                  369 	.db #0x1b	; 27
   0148 1B                  370 	.db #0x1b	; 27
   0149 1B                  371 	.db #0x1b	; 27
   014A 2F                  372 	.db #0x2f	; 47
   014B 30                  373 	.db #0x30	; 48	'0'
   014C 31                  374 	.db #0x31	; 49	'1'
   014D 30                  375 	.db #0x30	; 48	'0'
   014E 2F                  376 	.db #0x2f	; 47
   014F 1B                  377 	.db #0x1b	; 27
   0150 1B                  378 	.db #0x1b	; 27
   0151 1C                  379 	.db #0x1c	; 28
   0152 21                  380 	.db #0x21	; 33
   0153 1E                  381 	.db #0x1e	; 30
   0154 1D                  382 	.db #0x1d	; 29
   0155 1B                  383 	.db #0x1b	; 27
   0156 1B                  384 	.db #0x1b	; 27
   0157 43                  385 	.db #0x43	; 67	'C'
   0158 33                  386 	.db #0x33	; 51	'3'
   0159 68                  387 	.db #0x68	; 104	'h'
   015A 49                  388 	.db #0x49	; 73	'I'
   015B 67                  389 	.db #0x67	; 103	'g'
   015C 1D                  390 	.db #0x1d	; 29
   015D 1B                  391 	.db #0x1b	; 27
   015E 1B                  392 	.db #0x1b	; 27
   015F 32                  393 	.db #0x32	; 50	'2'
   0160 68                  394 	.db #0x68	; 104	'h'
   0161 68                  395 	.db #0x68	; 104	'h'
   0162 33                  396 	.db #0x33	; 51	'3'
   0163 68                  397 	.db #0x68	; 104	'h'
   0164 34                  398 	.db #0x34	; 52	'4'
   0165 35                  399 	.db #0x35	; 53	'5'
   0166 36                  400 	.db #0x36	; 54	'6'
   0167 37                  401 	.db #0x37	; 55	'7'
   0168 1B                  402 	.db #0x1b	; 27
   0169 1B                  403 	.db #0x1b	; 27
   016A 38                  404 	.db #0x38	; 56	'8'
   016B 2A                  405 	.db #0x2a	; 42
   016C 2B                  406 	.db #0x2b	; 43
   016D 2C                  407 	.db #0x2c	; 44
   016E 39                  408 	.db #0x39	; 57	'9'
   016F 1B                  409 	.db #0x1b	; 27
   0170 1B                  410 	.db #0x1b	; 27
   0171 1F                  411 	.db #0x1f	; 31
   0172 67                  412 	.db #0x67	; 103	'g'
   0173 67                  413 	.db #0x67	; 103	'g'
   0174 20                  414 	.db #0x20	; 32
   0175 1B                  415 	.db #0x1b	; 27
   0176 1B                  416 	.db #0x1b	; 27
   0177 43                  417 	.db #0x43	; 67	'C'
   0178 68                  418 	.db #0x68	; 104	'h'
   0179 68                  419 	.db #0x68	; 104	'h'
   017A 49                  420 	.db #0x49	; 73	'I'
   017B 67                  421 	.db #0x67	; 103	'g'
   017C 20                  422 	.db #0x20	; 32
   017D 1B                  423 	.db #0x1b	; 27
   017E 3A                  424 	.db #0x3a	; 58
   017F 3B                  425 	.db #0x3b	; 59
   0180 68                  426 	.db #0x68	; 104	'h'
   0181 68                  427 	.db #0x68	; 104	'h'
   0182 68                  428 	.db #0x68	; 104	'h'
   0183 33                  429 	.db #0x33	; 51	'3'
   0184 68                  430 	.db #0x68	; 104	'h'
   0185 3C                  431 	.db #0x3c	; 60
   0186 3D                  432 	.db #0x3d	; 61
   0187 3E                  433 	.db #0x3e	; 62
   0188 1B                  434 	.db #0x1b	; 27
   0189 1B                  435 	.db #0x1b	; 27
   018A 3F                  436 	.db #0x3f	; 63
   018B 33                  437 	.db #0x33	; 51	'3'
   018C 68                  438 	.db #0x68	; 104	'h'
   018D 34                  439 	.db #0x34	; 52	'4'
   018E 40                  440 	.db #0x40	; 64
   018F 30                  441 	.db #0x30	; 48	'0'
   0190 31                  442 	.db #0x31	; 49	'1'
   0191 30                  443 	.db #0x30	; 48	'0'
   0192 2F                  444 	.db #0x2f	; 47
   0193 1B                  445 	.db #0x1b	; 27
   0194 1B                  446 	.db #0x1b	; 27
   0195 1B                  447 	.db #0x1b	; 27
   0196 1B                  448 	.db #0x1b	; 27
   0197 43                  449 	.db #0x43	; 67	'C'
   0198 68                  450 	.db #0x68	; 104	'h'
   0199 68                  451 	.db #0x68	; 104	'h'
   019A 49                  452 	.db #0x49	; 73	'I'
   019B 1B                  453 	.db #0x1b	; 27
   019C 1B                  454 	.db #0x1b	; 27
   019D 1B                  455 	.db #0x1b	; 27
   019E 41                  456 	.db #0x41	; 65	'A'
   019F 68                  457 	.db #0x68	; 104	'h'
   01A0 33                  458 	.db #0x33	; 51	'3'
   01A1 68                  459 	.db #0x68	; 104	'h'
   01A2 68                  460 	.db #0x68	; 104	'h'
   01A3 68                  461 	.db #0x68	; 104	'h'
   01A4 68                  462 	.db #0x68	; 104	'h'
   01A5 42                  463 	.db #0x42	; 66	'B'
   01A6 36                  464 	.db #0x36	; 54	'6'
   01A7 40                  465 	.db #0x40	; 64
   01A8 1B                  466 	.db #0x1b	; 27
   01A9 1B                  467 	.db #0x1b	; 27
   01AA 43                  468 	.db #0x43	; 67	'C'
   01AB 28                  469 	.db #0x28	; 40
   01AC 44                  470 	.db #0x44	; 68	'D'
   01AD 44                  471 	.db #0x44	; 68	'D'
   01AE 45                  472 	.db #0x45	; 69	'E'
   01AF 2A                  473 	.db #0x2a	; 42
   01B0 2B                  474 	.db #0x2b	; 43
   01B1 2C                  475 	.db #0x2c	; 44
   01B2 39                  476 	.db #0x39	; 57	'9'
   01B3 1B                  477 	.db #0x1b	; 27
   01B4 1B                  478 	.db #0x1b	; 27
   01B5 1B                  479 	.db #0x1b	; 27
   01B6 1B                  480 	.db #0x1b	; 27
   01B7 43                  481 	.db #0x43	; 67	'C'
   01B8 68                  482 	.db #0x68	; 104	'h'
   01B9 33                  483 	.db #0x33	; 51	'3'
   01BA 49                  484 	.db #0x49	; 73	'I'
   01BB 1B                  485 	.db #0x1b	; 27
   01BC 1B                  486 	.db #0x1b	; 27
   01BD 1B                  487 	.db #0x1b	; 27
   01BE 47                  488 	.db #0x47	; 71	'G'
   01BF 48                  489 	.db #0x48	; 72	'H'
   01C0 68                  490 	.db #0x68	; 104	'h'
   01C1 68                  491 	.db #0x68	; 104	'h'
   01C2 68                  492 	.db #0x68	; 104	'h'
   01C3 68                  493 	.db #0x68	; 104	'h'
   01C4 33                  494 	.db #0x33	; 51	'3'
   01C5 42                  495 	.db #0x42	; 66	'B'
   01C6 3D                  496 	.db #0x3d	; 61
   01C7 49                  497 	.db #0x49	; 73	'I'
   01C8 1B                  498 	.db #0x1b	; 27
   01C9 1B                  499 	.db #0x1b	; 27
   01CA 43                  500 	.db #0x43	; 67	'C'
   01CB 4A                  501 	.db #0x4a	; 74	'J'
   01CC 2B                  502 	.db #0x2b	; 43
   01CD 2C                  503 	.db #0x2c	; 44
   01CE 4B                  504 	.db #0x4b	; 75	'K'
   01CF 68                  505 	.db #0x68	; 104	'h'
   01D0 33                  506 	.db #0x33	; 51	'3'
   01D1 34                  507 	.db #0x34	; 52	'4'
   01D2 40                  508 	.db #0x40	; 64
   01D3 1B                  509 	.db #0x1b	; 27
   01D4 2F                  510 	.db #0x2f	; 47
   01D5 4E                  511 	.db #0x4e	; 78	'N'
   01D6 4F                  512 	.db #0x4f	; 79	'O'
   01D7 43                  513 	.db #0x43	; 67	'C'
   01D8 50                  514 	.db #0x50	; 80	'P'
   01D9 50                  515 	.db #0x50	; 80	'P'
   01DA 49                  516 	.db #0x49	; 73	'I'
   01DB 4E                  517 	.db #0x4e	; 78	'N'
   01DC 4F                  518 	.db #0x4f	; 79	'O'
   01DD 1B                  519 	.db #0x1b	; 27
   01DE 43                  520 	.db #0x43	; 67	'C'
   01DF 68                  521 	.db #0x68	; 104	'h'
   01E0 50                  522 	.db #0x50	; 80	'P'
   01E1 50                  523 	.db #0x50	; 80	'P'
   01E2 50                  524 	.db #0x50	; 80	'P'
   01E3 50                  525 	.db #0x50	; 80	'P'
   01E4 50                  526 	.db #0x50	; 80	'P'
   01E5 51                  527 	.db #0x51	; 81	'Q'
   01E6 3D                  528 	.db #0x3d	; 61
   01E7 49                  529 	.db #0x49	; 73	'I'
   01E8 52                  530 	.db #0x52	; 82	'R'
   01E9 52                  531 	.db #0x52	; 82	'R'
   01EA 53                  532 	.db #0x53	; 83	'S'
   01EB 54                  533 	.db #0x54	; 84	'T'
   01EC 33                  534 	.db #0x33	; 51	'3'
   01ED 34                  535 	.db #0x34	; 52	'4'
   01EE 55                  536 	.db #0x55	; 85	'U'
   01EF 50                  537 	.db #0x50	; 80	'P'
   01F0 50                  538 	.db #0x50	; 80	'P'
   01F1 56                  539 	.db #0x56	; 86	'V'
   01F2 49                  540 	.db #0x49	; 73	'I'
   01F3 57                  541 	.db #0x57	; 87	'W'
   01F4 4D                  542 	.db #0x4d	; 77	'M'
   01F5 58                  543 	.db #0x58	; 88	'X'
   01F6 59                  544 	.db #0x59	; 89	'Y'
   01F7 5A                  545 	.db #0x5a	; 90	'Z'
   01F8 53                  546 	.db #0x53	; 83	'S'
   01F9 1A                  547 	.db #0x1a	; 26
   01FA 1A                  548 	.db #0x1a	; 26
   01FB 58                  549 	.db #0x58	; 88	'X'
   01FC 59                  550 	.db #0x59	; 89	'Y'
   01FD 5C                  551 	.db #0x5c	; 92
   01FE 60                  552 	.db #0x60	; 96
   01FF 61                  553 	.db #0x61	; 97	'a'
   0200 5D                  554 	.db #0x5d	; 93
   0201 36                  555 	.db #0x36	; 54	'6'
   0202 3D                  556 	.db #0x3d	; 61
   0203 3D                  557 	.db #0x3d	; 61
   0204 5E                  558 	.db #0x5e	; 94
   0205 3D                  559 	.db #0x3d	; 61
   0206 5D                  560 	.db #0x5d	; 93
   0207 36                  561 	.db #0x36	; 54	'6'
   0208 5F                  562 	.db #0x5f	; 95
   0209 69                  563 	.db #0x69	; 105	'i'
   020A 69                  564 	.db #0x69	; 105	'i'
   020B 60                  565 	.db #0x60	; 96
   020C 61                  566 	.db #0x61	; 97	'a'
   020D 56                  567 	.db #0x56	; 86	'V'
   020E 49                  568 	.db #0x49	; 73	'I'
   020F 3D                  569 	.db #0x3d	; 61
   0210 3D                  570 	.db #0x3d	; 61
   0211 62                  571 	.db #0x62	; 98	'b'
   0212 63                  572 	.db #0x63	; 99	'c'
   0213 58                  573 	.db #0x58	; 88	'X'
   0214 59                  574 	.db #0x59	; 89	'Y'
   0215 5D                  575 	.db #0x5d	; 93
   0216 64                  576 	.db #0x64	; 100	'd'
   0217 4D                  577 	.db #0x4d	; 77	'M'
   0218 64                  578 	.db #0x64	; 100	'd'
   0219 4D                  579 	.db #0x4d	; 77	'M'
   021A 5E                  580 	.db #0x5e	; 94
   021B 3D                  581 	.db #0x3d	; 61
   021C 5E                  582 	.db #0x5e	; 94
   021D 62                  583 	.db #0x62	; 98	'b'
   021E 65                  584 	.db #0x65	; 101	'e'
   021F 5E                  585 	.db #0x5e	; 94
   0220 3D                  586 	.db #0x3d	; 61
   0221 3D                  587 	.db #0x3d	; 61
   0222 5E                  588 	.db #0x5e	; 94
   0223 3D                  589 	.db #0x3d	; 61
   0224 3D                  590 	.db #0x3d	; 61
   0225 36                  591 	.db #0x36	; 54	'6'
   0226 3D                  592 	.db #0x3d	; 61
   0227 3D                  593 	.db #0x3d	; 61
   0228 3D                  594 	.db #0x3d	; 61
   0229 5E                  595 	.db #0x5e	; 94
   022A 3D                  596 	.db #0x3d	; 61
   022B 3D                  597 	.db #0x3d	; 61
   022C 3D                  598 	.db #0x3d	; 61
   022D 3D                  599 	.db #0x3d	; 61
   022E 3D                  600 	.db #0x3d	; 61
   022F 62                  601 	.db #0x62	; 98	'b'
   0230 64                  602 	.db #0x64	; 100	'd'
   0231 4D                  603 	.db #0x4d	; 77	'M'
   0232 3D                  604 	.db #0x3d	; 61
   0233 36                  605 	.db #0x36	; 54	'6'
   0234 62                  606 	.db #0x62	; 98	'b'
   0235 63                  607 	.db #0x63	; 99	'c'
   0236 58                  608 	.db #0x58	; 88	'X'
   0237 59                  609 	.db #0x59	; 89	'Y'
   0238 4D                  610 	.db #0x4d	; 77	'M'
   0239 36                  611 	.db #0x36	; 54	'6'
   023A 62                  612 	.db #0x62	; 98	'b'
   023B 64                  613 	.db #0x64	; 100	'd'
   023C 4D                  614 	.db #0x4d	; 77	'M'
   023D 3D                  615 	.db #0x3d	; 61
   023E 3D                  616 	.db #0x3d	; 61
   023F 3D                  617 	.db #0x3d	; 61
   0240 52                  618 	.db #0x52	; 82	'R'
   0241 52                  619 	.db #0x52	; 82	'R'
   0242 52                  620 	.db #0x52	; 82	'R'
   0243 66                  621 	.db #0x66	; 102	'f'
   0244 52                  622 	.db #0x52	; 82	'R'
   0245 52                  623 	.db #0x52	; 82	'R'
   0246 52                  624 	.db #0x52	; 82	'R'
   0247 52                  625 	.db #0x52	; 82	'R'
   0248 52                  626 	.db #0x52	; 82	'R'
   0249 52                  627 	.db #0x52	; 82	'R'
   024A 66                  628 	.db #0x66	; 102	'f'
   024B 52                  629 	.db #0x52	; 82	'R'
   024C 52                  630 	.db #0x52	; 82	'R'
   024D 66                  631 	.db #0x66	; 102	'f'
   024E 52                  632 	.db #0x52	; 82	'R'
   024F 52                  633 	.db #0x52	; 82	'R'
   0250 52                  634 	.db #0x52	; 82	'R'
   0251 52                  635 	.db #0x52	; 82	'R'
   0252 52                  636 	.db #0x52	; 82	'R'
   0253 52                  637 	.db #0x52	; 82	'R'
   0254 52                  638 	.db #0x52	; 82	'R'
   0255 52                  639 	.db #0x52	; 82	'R'
   0256 52                  640 	.db #0x52	; 82	'R'
   0257 52                  641 	.db #0x52	; 82	'R'
   0258 52                  642 	.db #0x52	; 82	'R'
   0259 52                  643 	.db #0x52	; 82	'R'
   025A 52                  644 	.db #0x52	; 82	'R'
   025B 52                  645 	.db #0x52	; 82	'R'
   025C 52                  646 	.db #0x52	; 82	'R'
   025D 52                  647 	.db #0x52	; 82	'R'
   025E 52                  648 	.db #0x52	; 82	'R'
   025F 52                  649 	.db #0x52	; 82	'R'
   0260                     650 _RoadBKGMap3DPLN1:
   0260 00                  651 	.db #0x00	; 0
   0261 00                  652 	.db #0x00	; 0
   0262 00                  653 	.db #0x00	; 0
   0263 00                  654 	.db #0x00	; 0
   0264 00                  655 	.db #0x00	; 0
   0265 00                  656 	.db #0x00	; 0
   0266 00                  657 	.db #0x00	; 0
   0267 00                  658 	.db #0x00	; 0
   0268 00                  659 	.db #0x00	; 0
   0269 00                  660 	.db #0x00	; 0
   026A 00                  661 	.db #0x00	; 0
   026B 00                  662 	.db #0x00	; 0
   026C 00                  663 	.db #0x00	; 0
   026D 00                  664 	.db #0x00	; 0
   026E 00                  665 	.db #0x00	; 0
   026F 00                  666 	.db #0x00	; 0
   0270 00                  667 	.db #0x00	; 0
   0271 00                  668 	.db #0x00	; 0
   0272 00                  669 	.db #0x00	; 0
   0273 00                  670 	.db #0x00	; 0
   0274 00                  671 	.db #0x00	; 0
   0275 00                  672 	.db #0x00	; 0
   0276 00                  673 	.db #0x00	; 0
   0277 00                  674 	.db #0x00	; 0
   0278 00                  675 	.db #0x00	; 0
   0279 00                  676 	.db #0x00	; 0
   027A 00                  677 	.db #0x00	; 0
   027B 00                  678 	.db #0x00	; 0
   027C 00                  679 	.db #0x00	; 0
   027D 00                  680 	.db #0x00	; 0
   027E 00                  681 	.db #0x00	; 0
   027F 00                  682 	.db #0x00	; 0
   0280 00                  683 	.db #0x00	; 0
   0281 00                  684 	.db #0x00	; 0
   0282 00                  685 	.db #0x00	; 0
   0283 00                  686 	.db #0x00	; 0
   0284 00                  687 	.db #0x00	; 0
   0285 00                  688 	.db #0x00	; 0
   0286 00                  689 	.db #0x00	; 0
   0287 00                  690 	.db #0x00	; 0
   0288 00                  691 	.db #0x00	; 0
   0289 00                  692 	.db #0x00	; 0
   028A 00                  693 	.db #0x00	; 0
   028B 00                  694 	.db #0x00	; 0
   028C 00                  695 	.db #0x00	; 0
   028D 00                  696 	.db #0x00	; 0
   028E 00                  697 	.db #0x00	; 0
   028F 00                  698 	.db #0x00	; 0
   0290 00                  699 	.db #0x00	; 0
   0291 00                  700 	.db #0x00	; 0
   0292 00                  701 	.db #0x00	; 0
   0293 00                  702 	.db #0x00	; 0
   0294 00                  703 	.db #0x00	; 0
   0295 00                  704 	.db #0x00	; 0
   0296 00                  705 	.db #0x00	; 0
   0297 00                  706 	.db #0x00	; 0
   0298 00                  707 	.db #0x00	; 0
   0299 00                  708 	.db #0x00	; 0
   029A 00                  709 	.db #0x00	; 0
   029B 00                  710 	.db #0x00	; 0
   029C 00                  711 	.db #0x00	; 0
   029D 00                  712 	.db #0x00	; 0
   029E 00                  713 	.db #0x00	; 0
   029F 00                  714 	.db #0x00	; 0
   02A0 00                  715 	.db #0x00	; 0
   02A1 00                  716 	.db #0x00	; 0
   02A2 00                  717 	.db #0x00	; 0
   02A3 00                  718 	.db #0x00	; 0
   02A4 00                  719 	.db #0x00	; 0
   02A5 00                  720 	.db #0x00	; 0
   02A6 00                  721 	.db #0x00	; 0
   02A7 00                  722 	.db #0x00	; 0
   02A8 00                  723 	.db #0x00	; 0
   02A9 00                  724 	.db #0x00	; 0
   02AA 00                  725 	.db #0x00	; 0
   02AB 00                  726 	.db #0x00	; 0
   02AC 00                  727 	.db #0x00	; 0
   02AD 00                  728 	.db #0x00	; 0
   02AE 00                  729 	.db #0x00	; 0
   02AF 00                  730 	.db #0x00	; 0
   02B0 00                  731 	.db #0x00	; 0
   02B1 00                  732 	.db #0x00	; 0
   02B2 00                  733 	.db #0x00	; 0
   02B3 00                  734 	.db #0x00	; 0
   02B4 00                  735 	.db #0x00	; 0
   02B5 00                  736 	.db #0x00	; 0
   02B6 00                  737 	.db #0x00	; 0
   02B7 00                  738 	.db #0x00	; 0
   02B8 00                  739 	.db #0x00	; 0
   02B9 00                  740 	.db #0x00	; 0
   02BA 00                  741 	.db #0x00	; 0
   02BB 00                  742 	.db #0x00	; 0
   02BC 00                  743 	.db #0x00	; 0
   02BD 00                  744 	.db #0x00	; 0
   02BE 00                  745 	.db #0x00	; 0
   02BF 00                  746 	.db #0x00	; 0
   02C0 00                  747 	.db #0x00	; 0
   02C1 00                  748 	.db #0x00	; 0
   02C2 00                  749 	.db #0x00	; 0
   02C3 00                  750 	.db #0x00	; 0
   02C4 00                  751 	.db #0x00	; 0
   02C5 00                  752 	.db #0x00	; 0
   02C6 00                  753 	.db #0x00	; 0
   02C7 00                  754 	.db #0x00	; 0
   02C8 00                  755 	.db #0x00	; 0
   02C9 00                  756 	.db #0x00	; 0
   02CA 00                  757 	.db #0x00	; 0
   02CB 00                  758 	.db #0x00	; 0
   02CC 00                  759 	.db #0x00	; 0
   02CD 00                  760 	.db #0x00	; 0
   02CE 00                  761 	.db #0x00	; 0
   02CF 00                  762 	.db #0x00	; 0
   02D0 00                  763 	.db #0x00	; 0
   02D1 00                  764 	.db #0x00	; 0
   02D2 00                  765 	.db #0x00	; 0
   02D3 00                  766 	.db #0x00	; 0
   02D4 00                  767 	.db #0x00	; 0
   02D5 40                  768 	.db #0x40	; 64
   02D6 00                  769 	.db #0x00	; 0
   02D7 00                  770 	.db #0x00	; 0
   02D8 00                  771 	.db #0x00	; 0
   02D9 00                  772 	.db #0x00	; 0
   02DA 00                  773 	.db #0x00	; 0
   02DB 00                  774 	.db #0x00	; 0
   02DC 00                  775 	.db #0x00	; 0
   02DD 00                  776 	.db #0x00	; 0
   02DE 00                  777 	.db #0x00	; 0
   02DF 00                  778 	.db #0x00	; 0
   02E0 00                  779 	.db #0x00	; 0
   02E1 00                  780 	.db #0x00	; 0
   02E2 00                  781 	.db #0x00	; 0
   02E3 00                  782 	.db #0x00	; 0
   02E4 00                  783 	.db #0x00	; 0
   02E5 00                  784 	.db #0x00	; 0
   02E6 00                  785 	.db #0x00	; 0
   02E7 00                  786 	.db #0x00	; 0
   02E8 00                  787 	.db #0x00	; 0
   02E9 00                  788 	.db #0x00	; 0
   02EA 00                  789 	.db #0x00	; 0
   02EB 00                  790 	.db #0x00	; 0
   02EC 00                  791 	.db #0x00	; 0
   02ED 00                  792 	.db #0x00	; 0
   02EE 00                  793 	.db #0x00	; 0
   02EF 00                  794 	.db #0x00	; 0
   02F0 00                  795 	.db #0x00	; 0
   02F1 00                  796 	.db #0x00	; 0
   02F2 00                  797 	.db #0x00	; 0
   02F3 00                  798 	.db #0x00	; 0
   02F4 00                  799 	.db #0x00	; 0
   02F5 00                  800 	.db #0x00	; 0
   02F6 00                  801 	.db #0x00	; 0
   02F7 07                  802 	.db #0x07	; 7
   02F8 07                  803 	.db #0x07	; 7
   02F9 27                  804 	.db #0x27	; 39
   02FA 27                  805 	.db #0x27	; 39
   02FB 00                  806 	.db #0x00	; 0
   02FC 00                  807 	.db #0x00	; 0
   02FD 00                  808 	.db #0x00	; 0
   02FE 00                  809 	.db #0x00	; 0
   02FF 00                  810 	.db #0x00	; 0
   0300 00                  811 	.db #0x00	; 0
   0301 00                  812 	.db #0x00	; 0
   0302 00                  813 	.db #0x00	; 0
   0303 40                  814 	.db #0x40	; 64
   0304 00                  815 	.db #0x00	; 0
   0305 00                  816 	.db #0x00	; 0
   0306 00                  817 	.db #0x00	; 0
   0307 00                  818 	.db #0x00	; 0
   0308 00                  819 	.db #0x00	; 0
   0309 00                  820 	.db #0x00	; 0
   030A 00                  821 	.db #0x00	; 0
   030B 00                  822 	.db #0x00	; 0
   030C 00                  823 	.db #0x00	; 0
   030D 00                  824 	.db #0x00	; 0
   030E 00                  825 	.db #0x00	; 0
   030F 40                  826 	.db #0x40	; 64
   0310 00                  827 	.db #0x00	; 0
   0311 00                  828 	.db #0x00	; 0
   0312 00                  829 	.db #0x00	; 0
   0313 00                  830 	.db #0x00	; 0
   0314 00                  831 	.db #0x00	; 0
   0315 00                  832 	.db #0x00	; 0
   0316 00                  833 	.db #0x00	; 0
   0317 07                  834 	.db #0x07	; 7
   0318 07                  835 	.db #0x07	; 7
   0319 07                  836 	.db #0x07	; 7
   031A 07                  837 	.db #0x07	; 7
   031B 00                  838 	.db #0x00	; 0
   031C 00                  839 	.db #0x00	; 0
   031D 00                  840 	.db #0x00	; 0
   031E 00                  841 	.db #0x00	; 0
   031F 00                  842 	.db #0x00	; 0
   0320 00                  843 	.db #0x00	; 0
   0321 00                  844 	.db #0x00	; 0
   0322 00                  845 	.db #0x00	; 0
   0323 00                  846 	.db #0x00	; 0
   0324 00                  847 	.db #0x00	; 0
   0325 00                  848 	.db #0x00	; 0
   0326 00                  849 	.db #0x00	; 0
   0327 00                  850 	.db #0x00	; 0
   0328 00                  851 	.db #0x00	; 0
   0329 00                  852 	.db #0x00	; 0
   032A 00                  853 	.db #0x00	; 0
   032B 00                  854 	.db #0x00	; 0
   032C 00                  855 	.db #0x00	; 0
   032D 00                  856 	.db #0x00	; 0
   032E 00                  857 	.db #0x00	; 0
   032F 00                  858 	.db #0x00	; 0
   0330 00                  859 	.db #0x00	; 0
   0331 00                  860 	.db #0x00	; 0
   0332 00                  861 	.db #0x00	; 0
   0333 00                  862 	.db #0x00	; 0
   0334 00                  863 	.db #0x00	; 0
   0335 00                  864 	.db #0x00	; 0
   0336 00                  865 	.db #0x00	; 0
   0337 07                  866 	.db #0x07	; 7
   0338 03                  867 	.db #0x03	; 3
   0339 07                  868 	.db #0x07	; 7
   033A 07                  869 	.db #0x07	; 7
   033B 00                  870 	.db #0x00	; 0
   033C 00                  871 	.db #0x00	; 0
   033D 00                  872 	.db #0x00	; 0
   033E 00                  873 	.db #0x00	; 0
   033F 00                  874 	.db #0x00	; 0
   0340 00                  875 	.db #0x00	; 0
   0341 00                  876 	.db #0x00	; 0
   0342 00                  877 	.db #0x00	; 0
   0343 00                  878 	.db #0x00	; 0
   0344 00                  879 	.db #0x00	; 0
   0345 00                  880 	.db #0x00	; 0
   0346 00                  881 	.db #0x00	; 0
   0347 00                  882 	.db #0x00	; 0
   0348 00                  883 	.db #0x00	; 0
   0349 00                  884 	.db #0x00	; 0
   034A 00                  885 	.db #0x00	; 0
   034B 00                  886 	.db #0x00	; 0
   034C 00                  887 	.db #0x00	; 0
   034D 00                  888 	.db #0x00	; 0
   034E 00                  889 	.db #0x00	; 0
   034F 00                  890 	.db #0x00	; 0
   0350 00                  891 	.db #0x00	; 0
   0351 00                  892 	.db #0x00	; 0
   0352 00                  893 	.db #0x00	; 0
   0353 00                  894 	.db #0x00	; 0
   0354 00                  895 	.db #0x00	; 0
   0355 00                  896 	.db #0x00	; 0
   0356 00                  897 	.db #0x00	; 0
   0357 07                  898 	.db #0x07	; 7
   0358 03                  899 	.db #0x03	; 3
   0359 07                  900 	.db #0x07	; 7
   035A 07                  901 	.db #0x07	; 7
   035B 00                  902 	.db #0x00	; 0
   035C 00                  903 	.db #0x00	; 0
   035D 00                  904 	.db #0x00	; 0
   035E 00                  905 	.db #0x00	; 0
   035F 00                  906 	.db #0x00	; 0
   0360 00                  907 	.db #0x00	; 0
   0361 00                  908 	.db #0x00	; 0
   0362 00                  909 	.db #0x00	; 0
   0363 00                  910 	.db #0x00	; 0
   0364 00                  911 	.db #0x00	; 0
   0365 00                  912 	.db #0x00	; 0
   0366 00                  913 	.db #0x00	; 0
   0367 00                  914 	.db #0x00	; 0
   0368 00                  915 	.db #0x00	; 0
   0369 00                  916 	.db #0x00	; 0
   036A 00                  917 	.db #0x00	; 0
   036B 00                  918 	.db #0x00	; 0
   036C 00                  919 	.db #0x00	; 0
   036D 00                  920 	.db #0x00	; 0
   036E 00                  921 	.db #0x00	; 0
   036F 00                  922 	.db #0x00	; 0
   0370 00                  923 	.db #0x00	; 0
   0371 00                  924 	.db #0x00	; 0
   0372 00                  925 	.db #0x00	; 0
   0373 00                  926 	.db #0x00	; 0
   0374 00                  927 	.db #0x00	; 0
   0375 00                  928 	.db #0x00	; 0
   0376 00                  929 	.db #0x00	; 0
   0377 07                  930 	.db #0x07	; 7
   0378 03                  931 	.db #0x03	; 3
   0379 03                  932 	.db #0x03	; 3
   037A 07                  933 	.db #0x07	; 7
   037B 00                  934 	.db #0x00	; 0
   037C 40                  935 	.db #0x40	; 64
   037D 40                  936 	.db #0x40	; 64
   037E 00                  937 	.db #0x00	; 0
   037F 00                  938 	.db #0x00	; 0
   0380 07                  939 	.db #0x07	; 7
   0381 07                  940 	.db #0x07	; 7
   0382 07                  941 	.db #0x07	; 7
   0383 07                  942 	.db #0x07	; 7
   0384 07                  943 	.db #0x07	; 7
   0385 07                  944 	.db #0x07	; 7
   0386 07                  945 	.db #0x07	; 7
   0387 07                  946 	.db #0x07	; 7
   0388 40                  947 	.db #0x40	; 64
   0389 40                  948 	.db #0x40	; 64
   038A 40                  949 	.db #0x40	; 64
   038B 40                  950 	.db #0x40	; 64
   038C 00                  951 	.db #0x00	; 0
   038D 00                  952 	.db #0x00	; 0
   038E 00                  953 	.db #0x00	; 0
   038F 00                  954 	.db #0x00	; 0
   0390 00                  955 	.db #0x00	; 0
   0391 00                  956 	.db #0x00	; 0
   0392 00                  957 	.db #0x00	; 0
   0393 00                  958 	.db #0x00	; 0
   0394 00                  959 	.db #0x00	; 0
   0395 00                  960 	.db #0x00	; 0
   0396 00                  961 	.db #0x00	; 0
   0397 07                  962 	.db #0x07	; 7
   0398 03                  963 	.db #0x03	; 3
   0399 03                  964 	.db #0x03	; 3
   039A 07                  965 	.db #0x07	; 7
   039B 00                  966 	.db #0x00	; 0
   039C 00                  967 	.db #0x00	; 0
   039D 00                  968 	.db #0x00	; 0
   039E 00                  969 	.db #0x00	; 0
   039F 00                  970 	.db #0x00	; 0
   03A0 07                  971 	.db #0x07	; 7
   03A1 07                  972 	.db #0x07	; 7
   03A2 07                  973 	.db #0x07	; 7
   03A3 07                  974 	.db #0x07	; 7
   03A4 07                  975 	.db #0x07	; 7
   03A5 07                  976 	.db #0x07	; 7
   03A6 07                  977 	.db #0x07	; 7
   03A7 07                  978 	.db #0x07	; 7
   03A8 00                  979 	.db #0x00	; 0
   03A9 00                  980 	.db #0x00	; 0
   03AA 07                  981 	.db #0x07	; 7
   03AB 07                  982 	.db #0x07	; 7
   03AC 07                  983 	.db #0x07	; 7
   03AD 27                  984 	.db #0x27	; 39
   03AE 27                  985 	.db #0x27	; 39
   03AF 07                  986 	.db #0x07	; 7
   03B0 07                  987 	.db #0x07	; 7
   03B1 00                  988 	.db #0x00	; 0
   03B2 00                  989 	.db #0x00	; 0
   03B3 00                  990 	.db #0x00	; 0
   03B4 00                  991 	.db #0x00	; 0
   03B5 00                  992 	.db #0x00	; 0
   03B6 00                  993 	.db #0x00	; 0
   03B7 07                  994 	.db #0x07	; 7
   03B8 07                  995 	.db #0x07	; 7
   03B9 03                  996 	.db #0x03	; 3
   03BA 07                  997 	.db #0x07	; 7
   03BB 00                  998 	.db #0x00	; 0
   03BC 00                  999 	.db #0x00	; 0
   03BD 00                 1000 	.db #0x00	; 0
   03BE 07                 1001 	.db #0x07	; 7
   03BF 07                 1002 	.db #0x07	; 7
   03C0 03                 1003 	.db #0x03	; 3
   03C1 03                 1004 	.db #0x03	; 3
   03C2 07                 1005 	.db #0x07	; 7
   03C3 03                 1006 	.db #0x03	; 3
   03C4 07                 1007 	.db #0x07	; 7
   03C5 07                 1008 	.db #0x07	; 7
   03C6 07                 1009 	.db #0x07	; 7
   03C7 07                 1010 	.db #0x07	; 7
   03C8 00                 1011 	.db #0x00	; 0
   03C9 00                 1012 	.db #0x00	; 0
   03CA 07                 1013 	.db #0x07	; 7
   03CB 07                 1014 	.db #0x07	; 7
   03CC 07                 1015 	.db #0x07	; 7
   03CD 07                 1016 	.db #0x07	; 7
   03CE 07                 1017 	.db #0x07	; 7
   03CF 07                 1018 	.db #0x07	; 7
   03D0 07                 1019 	.db #0x07	; 7
   03D1 00                 1020 	.db #0x00	; 0
   03D2 40                 1021 	.db #0x40	; 64
   03D3 40                 1022 	.db #0x40	; 64
   03D4 00                 1023 	.db #0x00	; 0
   03D5 00                 1024 	.db #0x00	; 0
   03D6 00                 1025 	.db #0x00	; 0
   03D7 07                 1026 	.db #0x07	; 7
   03D8 03                 1027 	.db #0x03	; 3
   03D9 03                 1028 	.db #0x03	; 3
   03DA 07                 1029 	.db #0x07	; 7
   03DB 40                 1030 	.db #0x40	; 64
   03DC 00                 1031 	.db #0x00	; 0
   03DD 00                 1032 	.db #0x00	; 0
   03DE 07                 1033 	.db #0x07	; 7
   03DF 07                 1034 	.db #0x07	; 7
   03E0 03                 1035 	.db #0x03	; 3
   03E1 03                 1036 	.db #0x03	; 3
   03E2 03                 1037 	.db #0x03	; 3
   03E3 07                 1038 	.db #0x07	; 7
   03E4 03                 1039 	.db #0x03	; 3
   03E5 07                 1040 	.db #0x07	; 7
   03E6 07                 1041 	.db #0x07	; 7
   03E7 07                 1042 	.db #0x07	; 7
   03E8 00                 1043 	.db #0x00	; 0
   03E9 00                 1044 	.db #0x00	; 0
   03EA 07                 1045 	.db #0x07	; 7
   03EB 07                 1046 	.db #0x07	; 7
   03EC 03                 1047 	.db #0x03	; 3
   03ED 07                 1048 	.db #0x07	; 7
   03EE 07                 1049 	.db #0x07	; 7
   03EF 07                 1050 	.db #0x07	; 7
   03F0 07                 1051 	.db #0x07	; 7
   03F1 27                 1052 	.db #0x27	; 39
   03F2 27                 1053 	.db #0x27	; 39
   03F3 00                 1054 	.db #0x00	; 0
   03F4 00                 1055 	.db #0x00	; 0
   03F5 00                 1056 	.db #0x00	; 0
   03F6 00                 1057 	.db #0x00	; 0
   03F7 07                 1058 	.db #0x07	; 7
   03F8 03                 1059 	.db #0x03	; 3
   03F9 03                 1060 	.db #0x03	; 3
   03FA 07                 1061 	.db #0x07	; 7
   03FB 00                 1062 	.db #0x00	; 0
   03FC 00                 1063 	.db #0x00	; 0
   03FD 00                 1064 	.db #0x00	; 0
   03FE 07                 1065 	.db #0x07	; 7
   03FF 03                 1066 	.db #0x03	; 3
   0400 07                 1067 	.db #0x07	; 7
   0401 03                 1068 	.db #0x03	; 3
   0402 03                 1069 	.db #0x03	; 3
   0403 03                 1070 	.db #0x03	; 3
   0404 03                 1071 	.db #0x03	; 3
   0405 07                 1072 	.db #0x07	; 7
   0406 07                 1073 	.db #0x07	; 7
   0407 07                 1074 	.db #0x07	; 7
   0408 00                 1075 	.db #0x00	; 0
   0409 00                 1076 	.db #0x00	; 0
   040A 07                 1077 	.db #0x07	; 7
   040B 67                 1078 	.db #0x67	; 103	'g'
   040C 07                 1079 	.db #0x07	; 7
   040D 27                 1080 	.db #0x27	; 39
   040E 07                 1081 	.db #0x07	; 7
   040F 07                 1082 	.db #0x07	; 7
   0410 07                 1083 	.db #0x07	; 7
   0411 07                 1084 	.db #0x07	; 7
   0412 07                 1085 	.db #0x07	; 7
   0413 00                 1086 	.db #0x00	; 0
   0414 00                 1087 	.db #0x00	; 0
   0415 00                 1088 	.db #0x00	; 0
   0416 00                 1089 	.db #0x00	; 0
   0417 07                 1090 	.db #0x07	; 7
   0418 03                 1091 	.db #0x03	; 3
   0419 07                 1092 	.db #0x07	; 7
   041A 07                 1093 	.db #0x07	; 7
   041B 00                 1094 	.db #0x00	; 0
   041C 00                 1095 	.db #0x00	; 0
   041D 00                 1096 	.db #0x00	; 0
   041E 07                 1097 	.db #0x07	; 7
   041F 07                 1098 	.db #0x07	; 7
   0420 03                 1099 	.db #0x03	; 3
   0421 03                 1100 	.db #0x03	; 3
   0422 03                 1101 	.db #0x03	; 3
   0423 03                 1102 	.db #0x03	; 3
   0424 07                 1103 	.db #0x07	; 7
   0425 07                 1104 	.db #0x07	; 7
   0426 07                 1105 	.db #0x07	; 7
   0427 07                 1106 	.db #0x07	; 7
   0428 00                 1107 	.db #0x00	; 0
   0429 00                 1108 	.db #0x00	; 0
   042A 07                 1109 	.db #0x07	; 7
   042B 07                 1110 	.db #0x07	; 7
   042C 07                 1111 	.db #0x07	; 7
   042D 07                 1112 	.db #0x07	; 7
   042E 07                 1113 	.db #0x07	; 7
   042F 03                 1114 	.db #0x03	; 3
   0430 07                 1115 	.db #0x07	; 7
   0431 07                 1116 	.db #0x07	; 7
   0432 07                 1117 	.db #0x07	; 7
   0433 00                 1118 	.db #0x00	; 0
   0434 07                 1119 	.db #0x07	; 7
   0435 04                 1120 	.db #0x04	; 4
   0436 02                 1121 	.db #0x02	; 2
   0437 07                 1122 	.db #0x07	; 7
   0438 07                 1123 	.db #0x07	; 7
   0439 07                 1124 	.db #0x07	; 7
   043A 07                 1125 	.db #0x07	; 7
   043B 04                 1126 	.db #0x04	; 4
   043C 02                 1127 	.db #0x02	; 2
   043D 00                 1128 	.db #0x00	; 0
   043E 07                 1129 	.db #0x07	; 7
   043F 03                 1130 	.db #0x03	; 3
   0440 07                 1131 	.db #0x07	; 7
   0441 07                 1132 	.db #0x07	; 7
   0442 07                 1133 	.db #0x07	; 7
   0443 07                 1134 	.db #0x07	; 7
   0444 07                 1135 	.db #0x07	; 7
   0445 07                 1136 	.db #0x07	; 7
   0446 07                 1137 	.db #0x07	; 7
   0447 07                 1138 	.db #0x07	; 7
   0448 05                 1139 	.db #0x05	; 5
   0449 05                 1140 	.db #0x05	; 5
   044A 05                 1141 	.db #0x05	; 5
   044B 07                 1142 	.db #0x07	; 7
   044C 07                 1143 	.db #0x07	; 7
   044D 07                 1144 	.db #0x07	; 7
   044E 07                 1145 	.db #0x07	; 7
   044F 07                 1146 	.db #0x07	; 7
   0450 07                 1147 	.db #0x07	; 7
   0451 07                 1148 	.db #0x07	; 7
   0452 07                 1149 	.db #0x07	; 7
   0453 04                 1150 	.db #0x04	; 4
   0454 01                 1151 	.db #0x01	; 1
   0455 04                 1152 	.db #0x04	; 4
   0456 02                 1153 	.db #0x02	; 2
   0457 01                 1154 	.db #0x01	; 1
   0458 05                 1155 	.db #0x05	; 5
   0459 05                 1156 	.db #0x05	; 5
   045A 05                 1157 	.db #0x05	; 5
   045B 04                 1158 	.db #0x04	; 4
   045C 02                 1159 	.db #0x02	; 2
   045D 05                 1160 	.db #0x05	; 5
   045E 07                 1161 	.db #0x07	; 7
   045F 07                 1162 	.db #0x07	; 7
   0460 05                 1163 	.db #0x05	; 5
   0461 05                 1164 	.db #0x05	; 5
   0462 05                 1165 	.db #0x05	; 5
   0463 05                 1166 	.db #0x05	; 5
   0464 05                 1167 	.db #0x05	; 5
   0465 05                 1168 	.db #0x05	; 5
   0466 05                 1169 	.db #0x05	; 5
   0467 05                 1170 	.db #0x05	; 5
   0468 05                 1171 	.db #0x05	; 5
   0469 05                 1172 	.db #0x05	; 5
   046A 05                 1173 	.db #0x05	; 5
   046B 07                 1174 	.db #0x07	; 7
   046C 07                 1175 	.db #0x07	; 7
   046D 07                 1176 	.db #0x07	; 7
   046E 07                 1177 	.db #0x07	; 7
   046F 05                 1178 	.db #0x05	; 5
   0470 05                 1179 	.db #0x05	; 5
   0471 05                 1180 	.db #0x05	; 5
   0472 05                 1181 	.db #0x05	; 5
   0473 04                 1182 	.db #0x04	; 4
   0474 02                 1183 	.db #0x02	; 2
   0475 05                 1184 	.db #0x05	; 5
   0476 04                 1185 	.db #0x04	; 4
   0477 01                 1186 	.db #0x01	; 1
   0478 04                 1187 	.db #0x04	; 4
   0479 01                 1188 	.db #0x01	; 1
   047A 05                 1189 	.db #0x05	; 5
   047B 05                 1190 	.db #0x05	; 5
   047C 05                 1191 	.db #0x05	; 5
   047D 05                 1192 	.db #0x05	; 5
   047E 01                 1193 	.db #0x01	; 1
   047F 05                 1194 	.db #0x05	; 5
   0480 05                 1195 	.db #0x05	; 5
   0481 05                 1196 	.db #0x05	; 5
   0482 05                 1197 	.db #0x05	; 5
   0483 05                 1198 	.db #0x05	; 5
   0484 05                 1199 	.db #0x05	; 5
   0485 05                 1200 	.db #0x05	; 5
   0486 05                 1201 	.db #0x05	; 5
   0487 05                 1202 	.db #0x05	; 5
   0488 05                 1203 	.db #0x05	; 5
   0489 05                 1204 	.db #0x05	; 5
   048A 05                 1205 	.db #0x05	; 5
   048B 05                 1206 	.db #0x05	; 5
   048C 05                 1207 	.db #0x05	; 5
   048D 05                 1208 	.db #0x05	; 5
   048E 05                 1209 	.db #0x05	; 5
   048F 05                 1210 	.db #0x05	; 5
   0490 04                 1211 	.db #0x04	; 4
   0491 01                 1212 	.db #0x01	; 1
   0492 05                 1213 	.db #0x05	; 5
   0493 05                 1214 	.db #0x05	; 5
   0494 05                 1215 	.db #0x05	; 5
   0495 05                 1216 	.db #0x05	; 5
   0496 04                 1217 	.db #0x04	; 4
   0497 01                 1218 	.db #0x01	; 1
   0498 01                 1219 	.db #0x01	; 1
   0499 05                 1220 	.db #0x05	; 5
   049A 05                 1221 	.db #0x05	; 5
   049B 04                 1222 	.db #0x04	; 4
   049C 01                 1223 	.db #0x01	; 1
   049D 05                 1224 	.db #0x05	; 5
   049E 05                 1225 	.db #0x05	; 5
   049F 05                 1226 	.db #0x05	; 5
   04A0 65                 1227 	.db #0x65	; 101	'e'
   04A1 65                 1228 	.db #0x65	; 101	'e'
   04A2 65                 1229 	.db #0x65	; 101	'e'
   04A3 05                 1230 	.db #0x05	; 5
   04A4 65                 1231 	.db #0x65	; 101	'e'
   04A5 65                 1232 	.db #0x65	; 101	'e'
   04A6 65                 1233 	.db #0x65	; 101	'e'
   04A7 65                 1234 	.db #0x65	; 101	'e'
   04A8 65                 1235 	.db #0x65	; 101	'e'
   04A9 65                 1236 	.db #0x65	; 101	'e'
   04AA 05                 1237 	.db #0x05	; 5
   04AB 65                 1238 	.db #0x65	; 101	'e'
   04AC 65                 1239 	.db #0x65	; 101	'e'
   04AD 05                 1240 	.db #0x05	; 5
   04AE 45                 1241 	.db #0x45	; 69	'E'
   04AF 45                 1242 	.db #0x45	; 69	'E'
   04B0 45                 1243 	.db #0x45	; 69	'E'
   04B1 65                 1244 	.db #0x65	; 101	'e'
   04B2 65                 1245 	.db #0x65	; 101	'e'
   04B3 65                 1246 	.db #0x65	; 101	'e'
   04B4 65                 1247 	.db #0x65	; 101	'e'
   04B5 65                 1248 	.db #0x65	; 101	'e'
   04B6 65                 1249 	.db #0x65	; 101	'e'
   04B7 65                 1250 	.db #0x65	; 101	'e'
   04B8 65                 1251 	.db #0x65	; 101	'e'
   04B9 65                 1252 	.db #0x65	; 101	'e'
   04BA 65                 1253 	.db #0x65	; 101	'e'
   04BB 65                 1254 	.db #0x65	; 101	'e'
   04BC 65                 1255 	.db #0x65	; 101	'e'
   04BD 65                 1256 	.db #0x65	; 101	'e'
   04BE 65                 1257 	.db #0x65	; 101	'e'
   04BF 65                 1258 	.db #0x65	; 101	'e'
                           1259 	.area _CABS (ABS)
