                              1 ;--------------------------------------------------------
                              2 ; File Created by SDCC : free open source ANSI-C Compiler
                              3 ; Version 4.0.0 #11528 (MINGW32)
                              4 ;--------------------------------------------------------
                              5 	.module C__Users_Mills_AppData_Local_Temp_lcc58681
                              6 	.optsdcc -mgbz80
                              7 	
                              8 ;--------------------------------------------------------
                              9 ; Public variables in this module
                             10 ;--------------------------------------------------------
                             11 	.globl _Road3DTiles
                             12 	.globl _Road3DTilesPAL
                             13 ;--------------------------------------------------------
                             14 ; special function registers
                             15 ;--------------------------------------------------------
                             16 ;--------------------------------------------------------
                             17 ; ram data
                             18 ;--------------------------------------------------------
                             19 	.area _DATA
                             20 ;--------------------------------------------------------
                             21 ; absolute external ram data
                             22 ;--------------------------------------------------------
                             23 	.area _DABS (ABS)
                             24 ;--------------------------------------------------------
                             25 ; global & static initialisations
                             26 ;--------------------------------------------------------
                             27 	.area _HOME
                             28 	.area _GSINIT
                             29 	.area _GSFINAL
                             30 	.area _GSINIT
                             31 ;--------------------------------------------------------
                             32 ; Home
                             33 ;--------------------------------------------------------
                             34 	.area _HOME
                             35 	.area _HOME
                             36 ;--------------------------------------------------------
                             37 ; code
                             38 ;--------------------------------------------------------
                             39 	.area _CODE_3
                             40 	.area _CODE_3
   0000                      41 _Road3DTilesPAL:
   0000 C0 7D                42 	.dw #0x7dc0
   0002 FF 7F                43 	.dw #0x7fff
   0004 94 52                44 	.dw #0x5294
   0006 00 00                45 	.dw #0x0000
   0008 20 4F                46 	.dw #0x4f20
   000A FF 7F                47 	.dw #0x7fff
   000C A5 7C                48 	.dw #0x7ca5
   000E 00 00                49 	.dw #0x0000
   0010 C0 7D                50 	.dw #0x7dc0
   0012 FF 7F                51 	.dw #0x7fff
   0014 A5 7C                52 	.dw #0x7ca5
   0016 00 00                53 	.dw #0x0000
   0018 C0 7D                54 	.dw #0x7dc0
   001A 2B 02                55 	.dw #0x022b
   001C A5 7C                56 	.dw #0x7ca5
   001E 00 00                57 	.dw #0x0000
   0020 C0 7D                58 	.dw #0x7dc0
   0022 20 4F                59 	.dw #0x4f20
   0024 A5 7C                60 	.dw #0x7ca5
   0026 00 00                61 	.dw #0x0000
   0028 C0 7D                62 	.dw #0x7dc0
   002A 20 4F                63 	.dw #0x4f20
   002C 61 25                64 	.dw #0x2561
   002E 00 00                65 	.dw #0x0000
   0030 FD 7B                66 	.dw #0x7bfd
   0032 20 4F                67 	.dw #0x4f20
   0034 10 42                68 	.dw #0x4210
   0036 41 15                69 	.dw #0x1541
   0038 C0 7D                70 	.dw #0x7dc0
   003A D1 3B                71 	.dw #0x3bd1
   003C 2B 02                72 	.dw #0x022b
   003E 00 00                73 	.dw #0x0000
   0040                      74 _Road3DTiles:
   0040 FF                   75 	.db #0xff	; 255
   0041 FF                   76 	.db #0xff	; 255
   0042 FF                   77 	.db #0xff	; 255
   0043 00                   78 	.db #0x00	; 0
   0044 00                   79 	.db #0x00	; 0
   0045 00                   80 	.db #0x00	; 0
   0046 FF                   81 	.db #0xff	; 255
   0047 00                   82 	.db #0x00	; 0
   0048 00                   83 	.db #0x00	; 0
   0049 00                   84 	.db #0x00	; 0
   004A FF                   85 	.db #0xff	; 255
   004B FF                   86 	.db #0xff	; 255
   004C FF                   87 	.db #0xff	; 255
   004D 00                   88 	.db #0x00	; 0
   004E 00                   89 	.db #0x00	; 0
   004F 00                   90 	.db #0x00	; 0
   0050 FF                   91 	.db #0xff	; 255
   0051 00                   92 	.db #0x00	; 0
   0052 FF                   93 	.db #0xff	; 255
   0053 00                   94 	.db #0x00	; 0
   0054 FF                   95 	.db #0xff	; 255
   0055 FF                   96 	.db #0xff	; 255
   0056 FF                   97 	.db #0xff	; 255
   0057 FF                   98 	.db #0xff	; 255
   0058 FF                   99 	.db #0xff	; 255
   0059 00                  100 	.db #0x00	; 0
   005A FF                  101 	.db #0xff	; 255
   005B 00                  102 	.db #0x00	; 0
   005C FF                  103 	.db #0xff	; 255
   005D 00                  104 	.db #0x00	; 0
   005E 00                  105 	.db #0x00	; 0
   005F 00                  106 	.db #0x00	; 0
   0060 00                  107 	.db #0x00	; 0
   0061 00                  108 	.db #0x00	; 0
   0062 00                  109 	.db #0x00	; 0
   0063 00                  110 	.db #0x00	; 0
   0064 FF                  111 	.db #0xff	; 255
   0065 00                  112 	.db #0x00	; 0
   0066 FF                  113 	.db #0xff	; 255
   0067 00                  114 	.db #0x00	; 0
   0068 FF                  115 	.db #0xff	; 255
   0069 00                  116 	.db #0x00	; 0
   006A FF                  117 	.db #0xff	; 255
   006B 00                  118 	.db #0x00	; 0
   006C FF                  119 	.db #0xff	; 255
   006D 00                  120 	.db #0x00	; 0
   006E FF                  121 	.db #0xff	; 255
   006F 00                  122 	.db #0x00	; 0
   0070 FF                  123 	.db #0xff	; 255
   0071 FF                  124 	.db #0xff	; 255
   0072 FF                  125 	.db #0xff	; 255
   0073 FF                  126 	.db #0xff	; 255
   0074 FF                  127 	.db #0xff	; 255
   0075 FF                  128 	.db #0xff	; 255
   0076 FF                  129 	.db #0xff	; 255
   0077 FF                  130 	.db #0xff	; 255
   0078 FF                  131 	.db #0xff	; 255
   0079 FF                  132 	.db #0xff	; 255
   007A FF                  133 	.db #0xff	; 255
   007B FF                  134 	.db #0xff	; 255
   007C FF                  135 	.db #0xff	; 255
   007D FF                  136 	.db #0xff	; 255
   007E FF                  137 	.db #0xff	; 255
   007F FF                  138 	.db #0xff	; 255
   0080 FF                  139 	.db #0xff	; 255
   0081 FF                  140 	.db #0xff	; 255
   0082 FF                  141 	.db #0xff	; 255
   0083 FF                  142 	.db #0xff	; 255
   0084 FF                  143 	.db #0xff	; 255
   0085 00                  144 	.db #0x00	; 0
   0086 FF                  145 	.db #0xff	; 255
   0087 00                  146 	.db #0x00	; 0
   0088 FF                  147 	.db #0xff	; 255
   0089 00                  148 	.db #0x00	; 0
   008A FF                  149 	.db #0xff	; 255
   008B 00                  150 	.db #0x00	; 0
   008C FF                  151 	.db #0xff	; 255
   008D 00                  152 	.db #0x00	; 0
   008E FF                  153 	.db #0xff	; 255
   008F 00                  154 	.db #0x00	; 0
   0090 FF                  155 	.db #0xff	; 255
   0091 FF                  156 	.db #0xff	; 255
   0092 FF                  157 	.db #0xff	; 255
   0093 00                  158 	.db #0x00	; 0
   0094 00                  159 	.db #0x00	; 0
   0095 00                  160 	.db #0x00	; 0
   0096 FF                  161 	.db #0xff	; 255
   0097 00                  162 	.db #0x00	; 0
   0098 00                  163 	.db #0x00	; 0
   0099 01                  164 	.db #0x01	; 1
   009A FE                  165 	.db #0xfe	; 254
   009B FF                  166 	.db #0xff	; 255
   009C F8                  167 	.db #0xf8	; 248
   009D 07                  168 	.db #0x07	; 7
   009E 00                  169 	.db #0x00	; 0
   009F 3F                  170 	.db #0x3f	; 63
   00A0 FF                  171 	.db #0xff	; 255
   00A1 00                  172 	.db #0x00	; 0
   00A2 FF                  173 	.db #0xff	; 255
   00A3 00                  174 	.db #0x00	; 0
   00A4 FC                  175 	.db #0xfc	; 252
   00A5 FF                  176 	.db #0xff	; 255
   00A6 F8                  177 	.db #0xf8	; 248
   00A7 FF                  178 	.db #0xff	; 255
   00A8 F0                  179 	.db #0xf0	; 240
   00A9 0F                  180 	.db #0x0f	; 15
   00AA F0                  181 	.db #0xf0	; 240
   00AB 0F                  182 	.db #0x0f	; 15
   00AC 80                  183 	.db #0x80	; 128
   00AD 7F                  184 	.db #0x7f	; 127
   00AE 00                  185 	.db #0x00	; 0
   00AF 3F                  186 	.db #0x3f	; 63
   00B0 00                  187 	.db #0x00	; 0
   00B1 00                  188 	.db #0x00	; 0
   00B2 00                  189 	.db #0x00	; 0
   00B3 03                  190 	.db #0x03	; 3
   00B4 F8                  191 	.db #0xf8	; 248
   00B5 07                  192 	.db #0x07	; 7
   00B6 FC                  193 	.db #0xfc	; 252
   00B7 03                  194 	.db #0x03	; 3
   00B8 E0                  195 	.db #0xe0	; 224
   00B9 1F                  196 	.db #0x1f	; 31
   00BA E0                  197 	.db #0xe0	; 224
   00BB 1F                  198 	.db #0x1f	; 31
   00BC F0                  199 	.db #0xf0	; 240
   00BD 0F                  200 	.db #0x0f	; 15
   00BE 80                  201 	.db #0x80	; 128
   00BF 7F                  202 	.db #0x7f	; 127
   00C0 FF                  203 	.db #0xff	; 255
   00C1 FF                  204 	.db #0xff	; 255
   00C2 FF                  205 	.db #0xff	; 255
   00C3 FF                  206 	.db #0xff	; 255
   00C4 FF                  207 	.db #0xff	; 255
   00C5 FF                  208 	.db #0xff	; 255
   00C6 FC                  209 	.db #0xfc	; 252
   00C7 FF                  210 	.db #0xff	; 255
   00C8 FE                  211 	.db #0xfe	; 254
   00C9 FF                  212 	.db #0xff	; 255
   00CA FE                  213 	.db #0xfe	; 254
   00CB FF                  214 	.db #0xff	; 255
   00CC FC                  215 	.db #0xfc	; 252
   00CD FF                  216 	.db #0xff	; 255
   00CE F0                  217 	.db #0xf0	; 240
   00CF FF                  218 	.db #0xff	; 255
   00D0 F8                  219 	.db #0xf8	; 248
   00D1 FF                  220 	.db #0xff	; 255
   00D2 F8                  221 	.db #0xf8	; 248
   00D3 FF                  222 	.db #0xff	; 255
   00D4 C0                  223 	.db #0xc0	; 192
   00D5 3F                  224 	.db #0x3f	; 63
   00D6 F0                  225 	.db #0xf0	; 240
   00D7 0F                  226 	.db #0x0f	; 15
   00D8 E0                  227 	.db #0xe0	; 224
   00D9 1F                  228 	.db #0x1f	; 31
   00DA 00                  229 	.db #0x00	; 0
   00DB FF                  230 	.db #0xff	; 255
   00DC 00                  231 	.db #0x00	; 0
   00DD FF                  232 	.db #0xff	; 255
   00DE 80                  233 	.db #0x80	; 128
   00DF 7F                  234 	.db #0x7f	; 127
   00E0 FF                  235 	.db #0xff	; 255
   00E1 FF                  236 	.db #0xff	; 255
   00E2 F8                  237 	.db #0xf8	; 248
   00E3 07                  238 	.db #0x07	; 7
   00E4 00                  239 	.db #0x00	; 0
   00E5 0F                  240 	.db #0x0f	; 15
   00E6 80                  241 	.db #0x80	; 128
   00E7 7F                  242 	.db #0x7f	; 127
   00E8 00                  243 	.db #0x00	; 0
   00E9 7F                  244 	.db #0x7f	; 127
   00EA 00                  245 	.db #0x00	; 0
   00EB FF                  246 	.db #0xff	; 255
   00EC 00                  247 	.db #0x00	; 0
   00ED FF                  248 	.db #0xff	; 255
   00EE 00                  249 	.db #0x00	; 0
   00EF FF                  250 	.db #0xff	; 255
   00F0 FF                  251 	.db #0xff	; 255
   00F1 FF                  252 	.db #0xff	; 255
   00F2 03                  253 	.db #0x03	; 3
   00F3 FC                  254 	.db #0xfc	; 252
   00F4 00                  255 	.db #0x00	; 0
   00F5 F8                  256 	.db #0xf8	; 248
   00F6 1F                  257 	.db #0x1f	; 31
   00F7 E0                  258 	.db #0xe0	; 224
   00F8 00                  259 	.db #0x00	; 0
   00F9 C0                  260 	.db #0xc0	; 192
   00FA 7F                  261 	.db #0x7f	; 127
   00FB FF                  262 	.db #0xff	; 255
   00FC 3F                  263 	.db #0x3f	; 63
   00FD C0                  264 	.db #0xc0	; 192
   00FE 00                  265 	.db #0x00	; 0
   00FF 00                  266 	.db #0x00	; 0
   0100 FF                  267 	.db #0xff	; 255
   0101 00                  268 	.db #0x00	; 0
   0102 FF                  269 	.db #0xff	; 255
   0103 00                  270 	.db #0x00	; 0
   0104 FF                  271 	.db #0xff	; 255
   0105 FF                  272 	.db #0xff	; 255
   0106 FF                  273 	.db #0xff	; 255
   0107 FF                  274 	.db #0xff	; 255
   0108 FF                  275 	.db #0xff	; 255
   0109 00                  276 	.db #0x00	; 0
   010A FF                  277 	.db #0xff	; 255
   010B 00                  278 	.db #0x00	; 0
   010C FF                  279 	.db #0xff	; 255
   010D 00                  280 	.db #0x00	; 0
   010E 00                  281 	.db #0x00	; 0
   010F 00                  282 	.db #0x00	; 0
   0110 00                  283 	.db #0x00	; 0
   0111 FF                  284 	.db #0xff	; 255
   0112 00                  285 	.db #0x00	; 0
   0113 FF                  286 	.db #0xff	; 255
   0114 03                  287 	.db #0x03	; 3
   0115 FF                  288 	.db #0xff	; 255
   0116 03                  289 	.db #0x03	; 3
   0117 FF                  290 	.db #0xff	; 255
   0118 00                  291 	.db #0x00	; 0
   0119 FF                  292 	.db #0xff	; 255
   011A 03                  293 	.db #0x03	; 3
   011B FC                  294 	.db #0xfc	; 252
   011C 03                  295 	.db #0x03	; 3
   011D FC                  296 	.db #0xfc	; 252
   011E 00                  297 	.db #0x00	; 0
   011F FC                  298 	.db #0xfc	; 252
   0120 00                  299 	.db #0x00	; 0
   0121 FC                  300 	.db #0xfc	; 252
   0122 00                  301 	.db #0x00	; 0
   0123 FC                  302 	.db #0xfc	; 252
   0124 03                  303 	.db #0x03	; 3
   0125 FC                  304 	.db #0xfc	; 252
   0126 03                  305 	.db #0x03	; 3
   0127 FC                  306 	.db #0xfc	; 252
   0128 02                  307 	.db #0x02	; 2
   0129 FD                  308 	.db #0xfd	; 253
   012A 03                  309 	.db #0x03	; 3
   012B FC                  310 	.db #0xfc	; 252
   012C 01                  311 	.db #0x01	; 1
   012D FE                  312 	.db #0xfe	; 254
   012E 01                  313 	.db #0x01	; 1
   012F FE                  314 	.db #0xfe	; 254
   0130 00                  315 	.db #0x00	; 0
   0131 00                  316 	.db #0x00	; 0
   0132 00                  317 	.db #0x00	; 0
   0133 00                  318 	.db #0x00	; 0
   0134 FF                  319 	.db #0xff	; 255
   0135 00                  320 	.db #0x00	; 0
   0136 FF                  321 	.db #0xff	; 255
   0137 00                  322 	.db #0x00	; 0
   0138 FF                  323 	.db #0xff	; 255
   0139 00                  324 	.db #0x00	; 0
   013A FF                  325 	.db #0xff	; 255
   013B 00                  326 	.db #0x00	; 0
   013C FF                  327 	.db #0xff	; 255
   013D 00                  328 	.db #0x00	; 0
   013E FF                  329 	.db #0xff	; 255
   013F 00                  330 	.db #0x00	; 0
   0140 FF                  331 	.db #0xff	; 255
   0141 FF                  332 	.db #0xff	; 255
   0142 3F                  333 	.db #0x3f	; 63
   0143 FF                  334 	.db #0xff	; 255
   0144 FF                  335 	.db #0xff	; 255
   0145 FF                  336 	.db #0xff	; 255
   0146 1F                  337 	.db #0x1f	; 31
   0147 FF                  338 	.db #0xff	; 255
   0148 1F                  339 	.db #0x1f	; 31
   0149 FF                  340 	.db #0xff	; 255
   014A 7F                  341 	.db #0x7f	; 127
   014B FF                  342 	.db #0xff	; 255
   014C 3F                  343 	.db #0x3f	; 63
   014D FF                  344 	.db #0xff	; 255
   014E 3F                  345 	.db #0x3f	; 63
   014F FF                  346 	.db #0xff	; 255
   0150 07                  347 	.db #0x07	; 7
   0151 FF                  348 	.db #0xff	; 255
   0152 0F                  349 	.db #0x0f	; 15
   0153 FF                  350 	.db #0xff	; 255
   0154 0F                  351 	.db #0x0f	; 15
   0155 F0                  352 	.db #0xf0	; 240
   0156 01                  353 	.db #0x01	; 1
   0157 FE                  354 	.db #0xfe	; 254
   0158 01                  355 	.db #0x01	; 1
   0159 FE                  356 	.db #0xfe	; 254
   015A 03                  357 	.db #0x03	; 3
   015B FC                  358 	.db #0xfc	; 252
   015C 03                  359 	.db #0x03	; 3
   015D FC                  360 	.db #0xfc	; 252
   015E 01                  361 	.db #0x01	; 1
   015F FE                  362 	.db #0xfe	; 254
   0160 FF                  363 	.db #0xff	; 255
   0161 FF                  364 	.db #0xff	; 255
   0162 00                  365 	.db #0x00	; 0
   0163 FF                  366 	.db #0xff	; 255
   0164 00                  367 	.db #0x00	; 0
   0165 FF                  368 	.db #0xff	; 255
   0166 00                  369 	.db #0x00	; 0
   0167 FF                  370 	.db #0xff	; 255
   0168 00                  371 	.db #0x00	; 0
   0169 FF                  372 	.db #0xff	; 255
   016A 00                  373 	.db #0x00	; 0
   016B FF                  374 	.db #0xff	; 255
   016C 00                  375 	.db #0x00	; 0
   016D F1                  376 	.db #0xf1	; 241
   016E 00                  377 	.db #0x00	; 0
   016F E3                  378 	.db #0xe3	; 227
   0170 00                  379 	.db #0x00	; 0
   0171 C7                  380 	.db #0xc7	; 199
   0172 00                  381 	.db #0x00	; 0
   0173 FF                  382 	.db #0xff	; 255
   0174 00                  383 	.db #0x00	; 0
   0175 FF                  384 	.db #0xff	; 255
   0176 00                  385 	.db #0x00	; 0
   0177 FF                  386 	.db #0xff	; 255
   0178 00                  387 	.db #0x00	; 0
   0179 FF                  388 	.db #0xff	; 255
   017A 00                  389 	.db #0x00	; 0
   017B FF                  390 	.db #0xff	; 255
   017C 00                  391 	.db #0x00	; 0
   017D FF                  392 	.db #0xff	; 255
   017E 00                  393 	.db #0x00	; 0
   017F FF                  394 	.db #0xff	; 255
   0180 FF                  395 	.db #0xff	; 255
   0181 FF                  396 	.db #0xff	; 255
   0182 00                  397 	.db #0x00	; 0
   0183 E3                  398 	.db #0xe3	; 227
   0184 00                  399 	.db #0x00	; 0
   0185 FF                  400 	.db #0xff	; 255
   0186 00                  401 	.db #0x00	; 0
   0187 FF                  402 	.db #0xff	; 255
   0188 00                  403 	.db #0x00	; 0
   0189 FF                  404 	.db #0xff	; 255
   018A 00                  405 	.db #0x00	; 0
   018B FF                  406 	.db #0xff	; 255
   018C 00                  407 	.db #0x00	; 0
   018D FF                  408 	.db #0xff	; 255
   018E 00                  409 	.db #0x00	; 0
   018F FF                  410 	.db #0xff	; 255
   0190 00                  411 	.db #0x00	; 0
   0191 FF                  412 	.db #0xff	; 255
   0192 00                  413 	.db #0x00	; 0
   0193 FF                  414 	.db #0xff	; 255
   0194 00                  415 	.db #0x00	; 0
   0195 FF                  416 	.db #0xff	; 255
   0196 00                  417 	.db #0x00	; 0
   0197 FF                  418 	.db #0xff	; 255
   0198 00                  419 	.db #0x00	; 0
   0199 FF                  420 	.db #0xff	; 255
   019A 00                  421 	.db #0x00	; 0
   019B FF                  422 	.db #0xff	; 255
   019C 00                  423 	.db #0x00	; 0
   019D FF                  424 	.db #0xff	; 255
   019E 00                  425 	.db #0x00	; 0
   019F FF                  426 	.db #0xff	; 255
   01A0 00                  427 	.db #0x00	; 0
   01A1 F0                  428 	.db #0xf0	; 240
   01A2 00                  429 	.db #0x00	; 0
   01A3 F0                  430 	.db #0xf0	; 240
   01A4 00                  431 	.db #0x00	; 0
   01A5 F0                  432 	.db #0xf0	; 240
   01A6 00                  433 	.db #0x00	; 0
   01A7 E1                  434 	.db #0xe1	; 225
   01A8 00                  435 	.db #0x00	; 0
   01A9 E1                  436 	.db #0xe1	; 225
   01AA 00                  437 	.db #0x00	; 0
   01AB FF                  438 	.db #0xff	; 255
   01AC 00                  439 	.db #0x00	; 0
   01AD FF                  440 	.db #0xff	; 255
   01AE 00                  441 	.db #0x00	; 0
   01AF FF                  442 	.db #0xff	; 255
   01B0 00                  443 	.db #0x00	; 0
   01B1 FF                  444 	.db #0xff	; 255
   01B2 00                  445 	.db #0x00	; 0
   01B3 FF                  446 	.db #0xff	; 255
   01B4 00                  447 	.db #0x00	; 0
   01B5 FF                  448 	.db #0xff	; 255
   01B6 00                  449 	.db #0x00	; 0
   01B7 FF                  450 	.db #0xff	; 255
   01B8 00                  451 	.db #0x00	; 0
   01B9 FF                  452 	.db #0xff	; 255
   01BA 00                  453 	.db #0x00	; 0
   01BB FF                  454 	.db #0xff	; 255
   01BC 00                  455 	.db #0x00	; 0
   01BD FF                  456 	.db #0xff	; 255
   01BE 00                  457 	.db #0x00	; 0
   01BF FF                  458 	.db #0xff	; 255
   01C0 00                  459 	.db #0x00	; 0
   01C1 FF                  460 	.db #0xff	; 255
   01C2 00                  461 	.db #0x00	; 0
   01C3 FF                  462 	.db #0xff	; 255
   01C4 00                  463 	.db #0x00	; 0
   01C5 03                  464 	.db #0x03	; 3
   01C6 00                  465 	.db #0x00	; 0
   01C7 03                  466 	.db #0x03	; 3
   01C8 00                  467 	.db #0x00	; 0
   01C9 03                  468 	.db #0x03	; 3
   01CA 00                  469 	.db #0x00	; 0
   01CB 03                  470 	.db #0x03	; 3
   01CC 00                  471 	.db #0x00	; 0
   01CD 03                  472 	.db #0x03	; 3
   01CE 00                  473 	.db #0x00	; 0
   01CF 03                  474 	.db #0x03	; 3
   01D0 00                  475 	.db #0x00	; 0
   01D1 FF                  476 	.db #0xff	; 255
   01D2 00                  477 	.db #0x00	; 0
   01D3 FF                  478 	.db #0xff	; 255
   01D4 00                  479 	.db #0x00	; 0
   01D5 FF                  480 	.db #0xff	; 255
   01D6 00                  481 	.db #0x00	; 0
   01D7 FF                  482 	.db #0xff	; 255
   01D8 00                  483 	.db #0x00	; 0
   01D9 FF                  484 	.db #0xff	; 255
   01DA 00                  485 	.db #0x00	; 0
   01DB FF                  486 	.db #0xff	; 255
   01DC 00                  487 	.db #0x00	; 0
   01DD FF                  488 	.db #0xff	; 255
   01DE 00                  489 	.db #0x00	; 0
   01DF FF                  490 	.db #0xff	; 255
   01E0 FF                  491 	.db #0xff	; 255
   01E1 FF                  492 	.db #0xff	; 255
   01E2 00                  493 	.db #0x00	; 0
   01E3 FF                  494 	.db #0xff	; 255
   01E4 00                  495 	.db #0x00	; 0
   01E5 FF                  496 	.db #0xff	; 255
   01E6 00                  497 	.db #0x00	; 0
   01E7 FF                  498 	.db #0xff	; 255
   01E8 00                  499 	.db #0x00	; 0
   01E9 FF                  500 	.db #0xff	; 255
   01EA 00                  501 	.db #0x00	; 0
   01EB FF                  502 	.db #0xff	; 255
   01EC 00                  503 	.db #0x00	; 0
   01ED FF                  504 	.db #0xff	; 255
   01EE 00                  505 	.db #0x00	; 0
   01EF FF                  506 	.db #0xff	; 255
   01F0 00                  507 	.db #0x00	; 0
   01F1 00                  508 	.db #0x00	; 0
   01F2 00                  509 	.db #0x00	; 0
   01F3 00                  510 	.db #0x00	; 0
   01F4 00                  511 	.db #0x00	; 0
   01F5 00                  512 	.db #0x00	; 0
   01F6 00                  513 	.db #0x00	; 0
   01F7 00                  514 	.db #0x00	; 0
   01F8 00                  515 	.db #0x00	; 0
   01F9 00                  516 	.db #0x00	; 0
   01FA 00                  517 	.db #0x00	; 0
   01FB 00                  518 	.db #0x00	; 0
   01FC 00                  519 	.db #0x00	; 0
   01FD 00                  520 	.db #0x00	; 0
   01FE 00                  521 	.db #0x00	; 0
   01FF 00                  522 	.db #0x00	; 0
   0200 03                  523 	.db #0x03	; 3
   0201 03                  524 	.db #0x03	; 3
   0202 0D                  525 	.db #0x0d	; 13
   0203 0E                  526 	.db #0x0e	; 14
   0204 13                  527 	.db #0x13	; 19
   0205 1C                  528 	.db #0x1c	; 28
   0206 23                  529 	.db #0x23	; 35
   0207 3C                  530 	.db #0x3c	; 60
   0208 47                  531 	.db #0x47	; 71	'G'
   0209 78                  532 	.db #0x78	; 120	'x'
   020A 47                  533 	.db #0x47	; 71	'G'
   020B 78                  534 	.db #0x78	; 120	'x'
   020C 8F                  535 	.db #0x8f	; 143
   020D F0                  536 	.db #0xf0	; 240
   020E 8F                  537 	.db #0x8f	; 143
   020F F0                  538 	.db #0xf0	; 240
   0210 C0                  539 	.db #0xc0	; 192
   0211 C0                  540 	.db #0xc0	; 192
   0212 F0                  541 	.db #0xf0	; 240
   0213 30                  542 	.db #0x30	; 48	'0'
   0214 F8                  543 	.db #0xf8	; 248
   0215 08                  544 	.db #0x08	; 8
   0216 FC                  545 	.db #0xfc	; 252
   0217 04                  546 	.db #0x04	; 4
   0218 FE                  547 	.db #0xfe	; 254
   0219 02                  548 	.db #0x02	; 2
   021A FE                  549 	.db #0xfe	; 254
   021B 02                  550 	.db #0x02	; 2
   021C FF                  551 	.db #0xff	; 255
   021D 01                  552 	.db #0x01	; 1
   021E FF                  553 	.db #0xff	; 255
   021F 01                  554 	.db #0x01	; 1
   0220 FF                  555 	.db #0xff	; 255
   0221 00                  556 	.db #0x00	; 0
   0222 FF                  557 	.db #0xff	; 255
   0223 00                  558 	.db #0x00	; 0
   0224 FF                  559 	.db #0xff	; 255
   0225 00                  560 	.db #0x00	; 0
   0226 FF                  561 	.db #0xff	; 255
   0227 00                  562 	.db #0x00	; 0
   0228 FF                  563 	.db #0xff	; 255
   0229 00                  564 	.db #0x00	; 0
   022A FF                  565 	.db #0xff	; 255
   022B 00                  566 	.db #0x00	; 0
   022C FF                  567 	.db #0xff	; 255
   022D 00                  568 	.db #0x00	; 0
   022E FF                  569 	.db #0xff	; 255
   022F 00                  570 	.db #0x00	; 0
   0230 8F                  571 	.db #0x8f	; 143
   0231 F0                  572 	.db #0xf0	; 240
   0232 8F                  573 	.db #0x8f	; 143
   0233 F0                  574 	.db #0xf0	; 240
   0234 4F                  575 	.db #0x4f	; 79	'O'
   0235 70                  576 	.db #0x70	; 112	'p'
   0236 4F                  577 	.db #0x4f	; 79	'O'
   0237 70                  578 	.db #0x70	; 112	'p'
   0238 27                  579 	.db #0x27	; 39
   0239 38                  580 	.db #0x38	; 56	'8'
   023A 13                  581 	.db #0x13	; 19
   023B 1C                  582 	.db #0x1c	; 28
   023C 0F                  583 	.db #0x0f	; 15
   023D 0C                  584 	.db #0x0c	; 12
   023E 03                  585 	.db #0x03	; 3
   023F 03                  586 	.db #0x03	; 3
   0240 FF                  587 	.db #0xff	; 255
   0241 01                  588 	.db #0x01	; 1
   0242 FF                  589 	.db #0xff	; 255
   0243 01                  590 	.db #0x01	; 1
   0244 FE                  591 	.db #0xfe	; 254
   0245 02                  592 	.db #0x02	; 2
   0246 FE                  593 	.db #0xfe	; 254
   0247 02                  594 	.db #0x02	; 2
   0248 FC                  595 	.db #0xfc	; 252
   0249 04                  596 	.db #0x04	; 4
   024A F8                  597 	.db #0xf8	; 248
   024B 08                  598 	.db #0x08	; 8
   024C F0                  599 	.db #0xf0	; 240
   024D 30                  600 	.db #0x30	; 48	'0'
   024E C0                  601 	.db #0xc0	; 192
   024F C0                  602 	.db #0xc0	; 192
   0250 FF                  603 	.db #0xff	; 255
   0251 C0                  604 	.db #0xc0	; 192
   0252 FF                  605 	.db #0xff	; 255
   0253 30                  606 	.db #0x30	; 48	'0'
   0254 FF                  607 	.db #0xff	; 255
   0255 08                  608 	.db #0x08	; 8
   0256 FF                  609 	.db #0xff	; 255
   0257 04                  610 	.db #0x04	; 4
   0258 FF                  611 	.db #0xff	; 255
   0259 02                  612 	.db #0x02	; 2
   025A FF                  613 	.db #0xff	; 255
   025B 02                  614 	.db #0x02	; 2
   025C FF                  615 	.db #0xff	; 255
   025D 01                  616 	.db #0x01	; 1
   025E FF                  617 	.db #0xff	; 255
   025F 01                  618 	.db #0x01	; 1
   0260 00                  619 	.db #0x00	; 0
   0261 00                  620 	.db #0x00	; 0
   0262 00                  621 	.db #0x00	; 0
   0263 00                  622 	.db #0x00	; 0
   0264 00                  623 	.db #0x00	; 0
   0265 00                  624 	.db #0x00	; 0
   0266 00                  625 	.db #0x00	; 0
   0267 00                  626 	.db #0x00	; 0
   0268 03                  627 	.db #0x03	; 3
   0269 03                  628 	.db #0x03	; 3
   026A 0F                  629 	.db #0x0f	; 15
   026B 0C                  630 	.db #0x0c	; 12
   026C 3F                  631 	.db #0x3f	; 63
   026D 30                  632 	.db #0x30	; 48	'0'
   026E 7F                  633 	.db #0x7f	; 127
   026F 40                  634 	.db #0x40	; 64
   0270 00                  635 	.db #0x00	; 0
   0271 00                  636 	.db #0x00	; 0
   0272 07                  637 	.db #0x07	; 7
   0273 07                  638 	.db #0x07	; 7
   0274 1F                  639 	.db #0x1f	; 31
   0275 18                  640 	.db #0x18	; 24
   0276 FF                  641 	.db #0xff	; 255
   0277 E0                  642 	.db #0xe0	; 224
   0278 FF                  643 	.db #0xff	; 255
   0279 00                  644 	.db #0x00	; 0
   027A FF                  645 	.db #0xff	; 255
   027B 00                  646 	.db #0x00	; 0
   027C FF                  647 	.db #0xff	; 255
   027D 00                  648 	.db #0x00	; 0
   027E FF                  649 	.db #0xff	; 255
   027F 00                  650 	.db #0x00	; 0
   0280 1F                  651 	.db #0x1f	; 31
   0281 1F                  652 	.db #0x1f	; 31
   0282 FF                  653 	.db #0xff	; 255
   0283 E0                  654 	.db #0xe0	; 224
   0284 FF                  655 	.db #0xff	; 255
   0285 00                  656 	.db #0x00	; 0
   0286 FF                  657 	.db #0xff	; 255
   0287 00                  658 	.db #0x00	; 0
   0288 FF                  659 	.db #0xff	; 255
   0289 00                  660 	.db #0x00	; 0
   028A FF                  661 	.db #0xff	; 255
   028B 00                  662 	.db #0x00	; 0
   028C FF                  663 	.db #0xff	; 255
   028D 00                  664 	.db #0x00	; 0
   028E FF                  665 	.db #0xff	; 255
   028F 00                  666 	.db #0x00	; 0
   0290 FC                  667 	.db #0xfc	; 252
   0291 FC                  668 	.db #0xfc	; 252
   0292 FF                  669 	.db #0xff	; 255
   0293 03                  670 	.db #0x03	; 3
   0294 FF                  671 	.db #0xff	; 255
   0295 00                  672 	.db #0x00	; 0
   0296 FF                  673 	.db #0xff	; 255
   0297 00                  674 	.db #0x00	; 0
   0298 FF                  675 	.db #0xff	; 255
   0299 00                  676 	.db #0x00	; 0
   029A FF                  677 	.db #0xff	; 255
   029B 00                  678 	.db #0x00	; 0
   029C FF                  679 	.db #0xff	; 255
   029D 00                  680 	.db #0x00	; 0
   029E FF                  681 	.db #0xff	; 255
   029F 00                  682 	.db #0x00	; 0
   02A0 00                  683 	.db #0x00	; 0
   02A1 00                  684 	.db #0x00	; 0
   02A2 E0                  685 	.db #0xe0	; 224
   02A3 E0                  686 	.db #0xe0	; 224
   02A4 FC                  687 	.db #0xfc	; 252
   02A5 1C                  688 	.db #0x1c	; 28
   02A6 FF                  689 	.db #0xff	; 255
   02A7 03                  690 	.db #0x03	; 3
   02A8 FF                  691 	.db #0xff	; 255
   02A9 00                  692 	.db #0x00	; 0
   02AA FF                  693 	.db #0xff	; 255
   02AB 00                  694 	.db #0x00	; 0
   02AC FF                  695 	.db #0xff	; 255
   02AD 00                  696 	.db #0x00	; 0
   02AE FF                  697 	.db #0xff	; 255
   02AF 00                  698 	.db #0x00	; 0
   02B0 00                  699 	.db #0x00	; 0
   02B1 00                  700 	.db #0x00	; 0
   02B2 00                  701 	.db #0x00	; 0
   02B3 00                  702 	.db #0x00	; 0
   02B4 00                  703 	.db #0x00	; 0
   02B5 00                  704 	.db #0x00	; 0
   02B6 00                  705 	.db #0x00	; 0
   02B7 00                  706 	.db #0x00	; 0
   02B8 C0                  707 	.db #0xc0	; 192
   02B9 C0                  708 	.db #0xc0	; 192
   02BA F0                  709 	.db #0xf0	; 240
   02BB 30                  710 	.db #0x30	; 48	'0'
   02BC F8                  711 	.db #0xf8	; 248
   02BD 08                  712 	.db #0x08	; 8
   02BE FE                  713 	.db #0xfe	; 254
   02BF 06                  714 	.db #0x06	; 6
   02C0 80                  715 	.db #0x80	; 128
   02C1 FF                  716 	.db #0xff	; 255
   02C2 00                  717 	.db #0x00	; 0
   02C3 FF                  718 	.db #0xff	; 255
   02C4 00                  719 	.db #0x00	; 0
   02C5 FF                  720 	.db #0xff	; 255
   02C6 00                  721 	.db #0x00	; 0
   02C7 FF                  722 	.db #0xff	; 255
   02C8 00                  723 	.db #0x00	; 0
   02C9 FF                  724 	.db #0xff	; 255
   02CA 00                  725 	.db #0x00	; 0
   02CB FF                  726 	.db #0xff	; 255
   02CC 00                  727 	.db #0x00	; 0
   02CD FF                  728 	.db #0xff	; 255
   02CE 00                  729 	.db #0x00	; 0
   02CF FF                  730 	.db #0xff	; 255
   02D0 01                  731 	.db #0x01	; 1
   02D1 FE                  732 	.db #0xfe	; 254
   02D2 00                  733 	.db #0x00	; 0
   02D3 FF                  734 	.db #0xff	; 255
   02D4 00                  735 	.db #0x00	; 0
   02D5 FF                  736 	.db #0xff	; 255
   02D6 00                  737 	.db #0x00	; 0
   02D7 FF                  738 	.db #0xff	; 255
   02D8 00                  739 	.db #0x00	; 0
   02D9 FF                  740 	.db #0xff	; 255
   02DA 00                  741 	.db #0x00	; 0
   02DB FF                  742 	.db #0xff	; 255
   02DC 00                  743 	.db #0x00	; 0
   02DD FF                  744 	.db #0xff	; 255
   02DE 00                  745 	.db #0x00	; 0
   02DF FF                  746 	.db #0xff	; 255
   02E0 FF                  747 	.db #0xff	; 255
   02E1 00                  748 	.db #0x00	; 0
   02E2 00                  749 	.db #0x00	; 0
   02E3 FF                  750 	.db #0xff	; 255
   02E4 00                  751 	.db #0x00	; 0
   02E5 FF                  752 	.db #0xff	; 255
   02E6 00                  753 	.db #0x00	; 0
   02E7 FF                  754 	.db #0xff	; 255
   02E8 00                  755 	.db #0x00	; 0
   02E9 FF                  756 	.db #0xff	; 255
   02EA 00                  757 	.db #0x00	; 0
   02EB FF                  758 	.db #0xff	; 255
   02EC 00                  759 	.db #0x00	; 0
   02ED FF                  760 	.db #0xff	; 255
   02EE 00                  761 	.db #0x00	; 0
   02EF FF                  762 	.db #0xff	; 255
   02F0 FF                  763 	.db #0xff	; 255
   02F1 00                  764 	.db #0x00	; 0
   02F2 3F                  765 	.db #0x3f	; 63
   02F3 C0                  766 	.db #0xc0	; 192
   02F4 07                  767 	.db #0x07	; 7
   02F5 F8                  768 	.db #0xf8	; 248
   02F6 01                  769 	.db #0x01	; 1
   02F7 FE                  770 	.db #0xfe	; 254
   02F8 00                  771 	.db #0x00	; 0
   02F9 FF                  772 	.db #0xff	; 255
   02FA 00                  773 	.db #0x00	; 0
   02FB FF                  774 	.db #0xff	; 255
   02FC 00                  775 	.db #0x00	; 0
   02FD FF                  776 	.db #0xff	; 255
   02FE 00                  777 	.db #0x00	; 0
   02FF FF                  778 	.db #0xff	; 255
   0300 FF                  779 	.db #0xff	; 255
   0301 00                  780 	.db #0x00	; 0
   0302 FF                  781 	.db #0xff	; 255
   0303 00                  782 	.db #0x00	; 0
   0304 FF                  783 	.db #0xff	; 255
   0305 00                  784 	.db #0x00	; 0
   0306 FF                  785 	.db #0xff	; 255
   0307 00                  786 	.db #0x00	; 0
   0308 7F                  787 	.db #0x7f	; 127
   0309 80                  788 	.db #0x80	; 128
   030A 3F                  789 	.db #0x3f	; 63
   030B C0                  790 	.db #0xc0	; 192
   030C 1F                  791 	.db #0x1f	; 31
   030D E0                  792 	.db #0xe0	; 224
   030E 0F                  793 	.db #0x0f	; 15
   030F F0                  794 	.db #0xf0	; 240
   0310 FF                  795 	.db #0xff	; 255
   0311 01                  796 	.db #0x01	; 1
   0312 FF                  797 	.db #0xff	; 255
   0313 00                  798 	.db #0x00	; 0
   0314 FF                  799 	.db #0xff	; 255
   0315 00                  800 	.db #0x00	; 0
   0316 FF                  801 	.db #0xff	; 255
   0317 00                  802 	.db #0x00	; 0
   0318 FF                  803 	.db #0xff	; 255
   0319 00                  804 	.db #0x00	; 0
   031A FF                  805 	.db #0xff	; 255
   031B 00                  806 	.db #0x00	; 0
   031C FF                  807 	.db #0xff	; 255
   031D 00                  808 	.db #0x00	; 0
   031E FF                  809 	.db #0xff	; 255
   031F 00                  810 	.db #0x00	; 0
   0320 80                  811 	.db #0x80	; 128
   0321 80                  812 	.db #0x80	; 128
   0322 C0                  813 	.db #0xc0	; 192
   0323 40                  814 	.db #0x40	; 64
   0324 E0                  815 	.db #0xe0	; 224
   0325 20                  816 	.db #0x20	; 32
   0326 F0                  817 	.db #0xf0	; 240
   0327 10                  818 	.db #0x10	; 16
   0328 F8                  819 	.db #0xf8	; 248
   0329 08                  820 	.db #0x08	; 8
   032A FC                  821 	.db #0xfc	; 252
   032B 04                  822 	.db #0x04	; 4
   032C FE                  823 	.db #0xfe	; 254
   032D 02                  824 	.db #0x02	; 2
   032E FF                  825 	.db #0xff	; 255
   032F 01                  826 	.db #0x01	; 1
   0330 00                  827 	.db #0x00	; 0
   0331 00                  828 	.db #0x00	; 0
   0332 00                  829 	.db #0x00	; 0
   0333 00                  830 	.db #0x00	; 0
   0334 00                  831 	.db #0x00	; 0
   0335 00                  832 	.db #0x00	; 0
   0336 00                  833 	.db #0x00	; 0
   0337 00                  834 	.db #0x00	; 0
   0338 00                  835 	.db #0x00	; 0
   0339 00                  836 	.db #0x00	; 0
   033A 00                  837 	.db #0x00	; 0
   033B 00                  838 	.db #0x00	; 0
   033C 00                  839 	.db #0x00	; 0
   033D 00                  840 	.db #0x00	; 0
   033E 01                  841 	.db #0x01	; 1
   033F 01                  842 	.db #0x01	; 1
   0340 00                  843 	.db #0x00	; 0
   0341 00                  844 	.db #0x00	; 0
   0342 00                  845 	.db #0x00	; 0
   0343 00                  846 	.db #0x00	; 0
   0344 00                  847 	.db #0x00	; 0
   0345 00                  848 	.db #0x00	; 0
   0346 00                  849 	.db #0x00	; 0
   0347 00                  850 	.db #0x00	; 0
   0348 03                  851 	.db #0x03	; 3
   0349 03                  852 	.db #0x03	; 3
   034A 3F                  853 	.db #0x3f	; 63
   034B 3C                  854 	.db #0x3c	; 60
   034C FF                  855 	.db #0xff	; 255
   034D C0                  856 	.db #0xc0	; 192
   034E FF                  857 	.db #0xff	; 255
   034F 00                  858 	.db #0x00	; 0
   0350 00                  859 	.db #0x00	; 0
   0351 00                  860 	.db #0x00	; 0
   0352 00                  861 	.db #0x00	; 0
   0353 00                  862 	.db #0x00	; 0
   0354 00                  863 	.db #0x00	; 0
   0355 00                  864 	.db #0x00	; 0
   0356 00                  865 	.db #0x00	; 0
   0357 00                  866 	.db #0x00	; 0
   0358 FF                  867 	.db #0xff	; 255
   0359 FF                  868 	.db #0xff	; 255
   035A FF                  869 	.db #0xff	; 255
   035B 00                  870 	.db #0x00	; 0
   035C FF                  871 	.db #0xff	; 255
   035D 00                  872 	.db #0x00	; 0
   035E FF                  873 	.db #0xff	; 255
   035F 00                  874 	.db #0x00	; 0
   0360 01                  875 	.db #0x01	; 1
   0361 01                  876 	.db #0x01	; 1
   0362 02                  877 	.db #0x02	; 2
   0363 03                  878 	.db #0x03	; 3
   0364 04                  879 	.db #0x04	; 4
   0365 07                  880 	.db #0x07	; 7
   0366 08                  881 	.db #0x08	; 8
   0367 0F                  882 	.db #0x0f	; 15
   0368 10                  883 	.db #0x10	; 16
   0369 1F                  884 	.db #0x1f	; 31
   036A 20                  885 	.db #0x20	; 32
   036B 3F                  886 	.db #0x3f	; 63
   036C 40                  887 	.db #0x40	; 64
   036D 7F                  888 	.db #0x7f	; 127
   036E 80                  889 	.db #0x80	; 128
   036F FF                  890 	.db #0xff	; 255
   0370 00                  891 	.db #0x00	; 0
   0371 FF                  892 	.db #0xff	; 255
   0372 00                  893 	.db #0x00	; 0
   0373 FF                  894 	.db #0xff	; 255
   0374 18                  895 	.db #0x18	; 24
   0375 FF                  896 	.db #0xff	; 255
   0376 2C                  897 	.db #0x2c	; 44
   0377 F7                  898 	.db #0xf7	; 247
   0378 4E                  899 	.db #0x4e	; 78	'N'
   0379 F3                  900 	.db #0xf3	; 243
   037A 46                  901 	.db #0x46	; 70	'F'
   037B FB                  902 	.db #0xfb	; 251
   037C 00                  903 	.db #0x00	; 0
   037D FF                  904 	.db #0xff	; 255
   037E 00                  905 	.db #0x00	; 0
   037F FF                  906 	.db #0xff	; 255
   0380 07                  907 	.db #0x07	; 7
   0381 F8                  908 	.db #0xf8	; 248
   0382 03                  909 	.db #0x03	; 3
   0383 FC                  910 	.db #0xfc	; 252
   0384 03                  911 	.db #0x03	; 3
   0385 FC                  912 	.db #0xfc	; 252
   0386 01                  913 	.db #0x01	; 1
   0387 FE                  914 	.db #0xfe	; 254
   0388 01                  915 	.db #0x01	; 1
   0389 FE                  916 	.db #0xfe	; 254
   038A 00                  917 	.db #0x00	; 0
   038B FF                  918 	.db #0xff	; 255
   038C 00                  919 	.db #0x00	; 0
   038D FF                  920 	.db #0xff	; 255
   038E 00                  921 	.db #0x00	; 0
   038F FF                  922 	.db #0xff	; 255
   0390 FF                  923 	.db #0xff	; 255
   0391 00                  924 	.db #0x00	; 0
   0392 FF                  925 	.db #0xff	; 255
   0393 00                  926 	.db #0x00	; 0
   0394 FF                  927 	.db #0xff	; 255
   0395 00                  928 	.db #0x00	; 0
   0396 FF                  929 	.db #0xff	; 255
   0397 00                  930 	.db #0x00	; 0
   0398 FF                  931 	.db #0xff	; 255
   0399 00                  932 	.db #0x00	; 0
   039A FF                  933 	.db #0xff	; 255
   039B 00                  934 	.db #0x00	; 0
   039C FF                  935 	.db #0xff	; 255
   039D 00                  936 	.db #0x00	; 0
   039E 7F                  937 	.db #0x7f	; 127
   039F 80                  938 	.db #0x80	; 128
   03A0 FF                  939 	.db #0xff	; 255
   03A1 00                  940 	.db #0x00	; 0
   03A2 FF                  941 	.db #0xff	; 255
   03A3 00                  942 	.db #0x00	; 0
   03A4 FF                  943 	.db #0xff	; 255
   03A5 18                  944 	.db #0x18	; 24
   03A6 FF                  945 	.db #0xff	; 255
   03A7 24                  946 	.db #0x24	; 36
   03A8 DF                  947 	.db #0xdf	; 223
   03A9 62                  948 	.db #0x62	; 98	'b'
   03AA CF                  949 	.db #0xcf	; 207
   03AB 72                  950 	.db #0x72	; 114	'r'
   03AC FF                  951 	.db #0xff	; 255
   03AD 00                  952 	.db #0x00	; 0
   03AE FF                  953 	.db #0xff	; 255
   03AF 00                  954 	.db #0x00	; 0
   03B0 80                  955 	.db #0x80	; 128
   03B1 80                  956 	.db #0x80	; 128
   03B2 80                  957 	.db #0x80	; 128
   03B3 80                  958 	.db #0x80	; 128
   03B4 C0                  959 	.db #0xc0	; 192
   03B5 40                  960 	.db #0x40	; 64
   03B6 C0                  961 	.db #0xc0	; 192
   03B7 40                  962 	.db #0x40	; 64
   03B8 E0                  963 	.db #0xe0	; 224
   03B9 20                  964 	.db #0x20	; 32
   03BA E0                  965 	.db #0xe0	; 224
   03BB 20                  966 	.db #0x20	; 32
   03BC F0                  967 	.db #0xf0	; 240
   03BD 10                  968 	.db #0x10	; 16
   03BE F0                  969 	.db #0xf0	; 240
   03BF 10                  970 	.db #0x10	; 16
   03C0 07                  971 	.db #0x07	; 7
   03C1 06                  972 	.db #0x06	; 6
   03C2 08                  973 	.db #0x08	; 8
   03C3 0F                  974 	.db #0x0f	; 15
   03C4 08                  975 	.db #0x08	; 8
   03C5 0F                  976 	.db #0x0f	; 15
   03C6 18                  977 	.db #0x18	; 24
   03C7 1F                  978 	.db #0x1f	; 31
   03C8 30                  979 	.db #0x30	; 48	'0'
   03C9 3F                  980 	.db #0x3f	; 63
   03CA 30                  981 	.db #0x30	; 48	'0'
   03CB 3F                  982 	.db #0x3f	; 63
   03CC 70                  983 	.db #0x70	; 112	'p'
   03CD 7F                  984 	.db #0x7f	; 127
   03CE 60                  985 	.db #0x60	; 96
   03CF 7F                  986 	.db #0x7f	; 127
   03D0 E0                  987 	.db #0xe0	; 224
   03D1 60                  988 	.db #0x60	; 96
   03D2 F0                  989 	.db #0xf0	; 240
   03D3 10                  990 	.db #0x10	; 16
   03D4 F0                  991 	.db #0xf0	; 240
   03D5 10                  992 	.db #0x10	; 16
   03D6 F8                  993 	.db #0xf8	; 248
   03D7 08                  994 	.db #0x08	; 8
   03D8 FC                  995 	.db #0xfc	; 252
   03D9 04                  996 	.db #0x04	; 4
   03DA FC                  997 	.db #0xfc	; 252
   03DB 04                  998 	.db #0x04	; 4
   03DC FE                  999 	.db #0xfe	; 254
   03DD 02                 1000 	.db #0x02	; 2
   03DE FE                 1001 	.db #0xfe	; 254
   03DF 02                 1002 	.db #0x02	; 2
   03E0 01                 1003 	.db #0x01	; 1
   03E1 01                 1004 	.db #0x01	; 1
   03E2 01                 1005 	.db #0x01	; 1
   03E3 01                 1006 	.db #0x01	; 1
   03E4 03                 1007 	.db #0x03	; 3
   03E5 03                 1008 	.db #0x03	; 3
   03E6 02                 1009 	.db #0x02	; 2
   03E7 03                 1010 	.db #0x03	; 3
   03E8 06                 1011 	.db #0x06	; 6
   03E9 07                 1012 	.db #0x07	; 7
   03EA 06                 1013 	.db #0x06	; 6
   03EB 07                 1014 	.db #0x07	; 7
   03EC 0C                 1015 	.db #0x0c	; 12
   03ED 0F                 1016 	.db #0x0f	; 15
   03EE 0C                 1017 	.db #0x0c	; 12
   03EF 0F                 1018 	.db #0x0f	; 15
   03F0 80                 1019 	.db #0x80	; 128
   03F1 FF                 1020 	.db #0xff	; 255
   03F2 00                 1021 	.db #0x00	; 0
   03F3 FF                 1022 	.db #0xff	; 255
   03F4 18                 1023 	.db #0x18	; 24
   03F5 FF                 1024 	.db #0xff	; 255
   03F6 24                 1025 	.db #0x24	; 36
   03F7 FF                 1026 	.db #0xff	; 255
   03F8 42                 1027 	.db #0x42	; 66	'B'
   03F9 FF                 1028 	.db #0xff	; 255
   03FA 42                 1029 	.db #0x42	; 66	'B'
   03FB FF                 1030 	.db #0xff	; 255
   03FC 00                 1031 	.db #0x00	; 0
   03FD FF                 1032 	.db #0xff	; 255
   03FE 00                 1033 	.db #0x00	; 0
   03FF FF                 1034 	.db #0xff	; 255
   0400 7F                 1035 	.db #0x7f	; 127
   0401 80                 1036 	.db #0x80	; 128
   0402 7F                 1037 	.db #0x7f	; 127
   0403 80                 1038 	.db #0x80	; 128
   0404 3F                 1039 	.db #0x3f	; 63
   0405 C0                 1040 	.db #0xc0	; 192
   0406 3F                 1041 	.db #0x3f	; 63
   0407 C0                 1042 	.db #0xc0	; 192
   0408 3F                 1043 	.db #0x3f	; 63
   0409 C0                 1044 	.db #0xc0	; 192
   040A 3F                 1045 	.db #0x3f	; 63
   040B C0                 1046 	.db #0xc0	; 192
   040C 1F                 1047 	.db #0x1f	; 31
   040D E0                 1048 	.db #0xe0	; 224
   040E 1F                 1049 	.db #0x1f	; 31
   040F E0                 1050 	.db #0xe0	; 224
   0410 FF                 1051 	.db #0xff	; 255
   0411 00                 1052 	.db #0x00	; 0
   0412 FF                 1053 	.db #0xff	; 255
   0413 00                 1054 	.db #0x00	; 0
   0414 FF                 1055 	.db #0xff	; 255
   0415 00                 1056 	.db #0x00	; 0
   0416 FF                 1057 	.db #0xff	; 255
   0417 00                 1058 	.db #0x00	; 0
   0418 FF                 1059 	.db #0xff	; 255
   0419 00                 1060 	.db #0x00	; 0
   041A FF                 1061 	.db #0xff	; 255
   041B 00                 1062 	.db #0x00	; 0
   041C FF                 1063 	.db #0xff	; 255
   041D 00                 1064 	.db #0x00	; 0
   041E FF                 1065 	.db #0xff	; 255
   041F 00                 1066 	.db #0x00	; 0
   0420 F8                 1067 	.db #0xf8	; 248
   0421 08                 1068 	.db #0x08	; 8
   0422 F8                 1069 	.db #0xf8	; 248
   0423 08                 1070 	.db #0x08	; 8
   0424 FC                 1071 	.db #0xfc	; 252
   0425 04                 1072 	.db #0x04	; 4
   0426 FC                 1073 	.db #0xfc	; 252
   0427 04                 1074 	.db #0x04	; 4
   0428 FC                 1075 	.db #0xfc	; 252
   0429 04                 1076 	.db #0x04	; 4
   042A FE                 1077 	.db #0xfe	; 254
   042B 02                 1078 	.db #0x02	; 2
   042C FE                 1079 	.db #0xfe	; 254
   042D 02                 1080 	.db #0x02	; 2
   042E FE                 1081 	.db #0xfe	; 254
   042F 02                 1082 	.db #0x02	; 2
   0430 60                 1083 	.db #0x60	; 96
   0431 7F                 1084 	.db #0x7f	; 127
   0432 60                 1085 	.db #0x60	; 96
   0433 7F                 1086 	.db #0x7f	; 127
   0434 E0                 1087 	.db #0xe0	; 224
   0435 FF                 1088 	.db #0xff	; 255
   0436 E0                 1089 	.db #0xe0	; 224
   0437 FF                 1090 	.db #0xff	; 255
   0438 E0                 1091 	.db #0xe0	; 224
   0439 FF                 1092 	.db #0xff	; 255
   043A E0                 1093 	.db #0xe0	; 224
   043B FF                 1094 	.db #0xff	; 255
   043C E0                 1095 	.db #0xe0	; 224
   043D FF                 1096 	.db #0xff	; 255
   043E E0                 1097 	.db #0xe0	; 224
   043F FF                 1098 	.db #0xff	; 255
   0440 FE                 1099 	.db #0xfe	; 254
   0441 02                 1100 	.db #0x02	; 2
   0442 FE                 1101 	.db #0xfe	; 254
   0443 02                 1102 	.db #0x02	; 2
   0444 FF                 1103 	.db #0xff	; 255
   0445 01                 1104 	.db #0x01	; 1
   0446 FF                 1105 	.db #0xff	; 255
   0447 01                 1106 	.db #0x01	; 1
   0448 FF                 1107 	.db #0xff	; 255
   0449 01                 1108 	.db #0x01	; 1
   044A FF                 1109 	.db #0xff	; 255
   044B 01                 1110 	.db #0x01	; 1
   044C FF                 1111 	.db #0xff	; 255
   044D 01                 1112 	.db #0x01	; 1
   044E FF                 1113 	.db #0xff	; 255
   044F 01                 1114 	.db #0x01	; 1
   0450 1C                 1115 	.db #0x1c	; 28
   0451 1F                 1116 	.db #0x1f	; 31
   0452 1C                 1117 	.db #0x1c	; 28
   0453 1F                 1118 	.db #0x1f	; 31
   0454 38                 1119 	.db #0x38	; 56	'8'
   0455 3F                 1120 	.db #0x3f	; 63
   0456 38                 1121 	.db #0x38	; 56	'8'
   0457 3F                 1122 	.db #0x3f	; 63
   0458 38                 1123 	.db #0x38	; 56	'8'
   0459 3F                 1124 	.db #0x3f	; 63
   045A 78                 1125 	.db #0x78	; 120	'x'
   045B 7F                 1126 	.db #0x7f	; 127
   045C 70                 1127 	.db #0x70	; 112	'p'
   045D 7F                 1128 	.db #0x7f	; 127
   045E 70                 1129 	.db #0x70	; 112	'p'
   045F 7F                 1130 	.db #0x7f	; 127
   0460 1F                 1131 	.db #0x1f	; 31
   0461 E0                 1132 	.db #0xe0	; 224
   0462 1F                 1133 	.db #0x1f	; 31
   0463 E0                 1134 	.db #0xe0	; 224
   0464 1F                 1135 	.db #0x1f	; 31
   0465 E0                 1136 	.db #0xe0	; 224
   0466 1F                 1137 	.db #0x1f	; 31
   0467 E0                 1138 	.db #0xe0	; 224
   0468 1F                 1139 	.db #0x1f	; 31
   0469 E0                 1140 	.db #0xe0	; 224
   046A 1F                 1141 	.db #0x1f	; 31
   046B E0                 1142 	.db #0xe0	; 224
   046C 1F                 1143 	.db #0x1f	; 31
   046D E0                 1144 	.db #0xe0	; 224
   046E 1F                 1145 	.db #0x1f	; 31
   046F E0                 1146 	.db #0xe0	; 224
   0470 E0                 1147 	.db #0xe0	; 224
   0471 FF                 1148 	.db #0xff	; 255
   0472 E0                 1149 	.db #0xe0	; 224
   0473 FF                 1150 	.db #0xff	; 255
   0474 E0                 1151 	.db #0xe0	; 224
   0475 FF                 1152 	.db #0xff	; 255
   0476 E0                 1153 	.db #0xe0	; 224
   0477 FF                 1154 	.db #0xff	; 255
   0478 E0                 1155 	.db #0xe0	; 224
   0479 FF                 1156 	.db #0xff	; 255
   047A E0                 1157 	.db #0xe0	; 224
   047B FF                 1158 	.db #0xff	; 255
   047C E0                 1159 	.db #0xe0	; 224
   047D FF                 1160 	.db #0xff	; 255
   047E E0                 1161 	.db #0xe0	; 224
   047F FF                 1162 	.db #0xff	; 255
   0480 00                 1163 	.db #0x00	; 0
   0481 FF                 1164 	.db #0xff	; 255
   0482 00                 1165 	.db #0x00	; 0
   0483 FF                 1166 	.db #0xff	; 255
   0484 00                 1167 	.db #0x00	; 0
   0485 FF                 1168 	.db #0xff	; 255
   0486 00                 1169 	.db #0x00	; 0
   0487 FF                 1170 	.db #0xff	; 255
   0488 0F                 1171 	.db #0x0f	; 15
   0489 FF                 1172 	.db #0xff	; 255
   048A 3F                 1173 	.db #0x3f	; 63
   048B F0                 1174 	.db #0xf0	; 240
   048C FF                 1175 	.db #0xff	; 255
   048D C0                 1176 	.db #0xc0	; 192
   048E FF                 1177 	.db #0xff	; 255
   048F 00                 1178 	.db #0x00	; 0
   0490 FF                 1179 	.db #0xff	; 255
   0491 06                 1180 	.db #0x06	; 6
   0492 F8                 1181 	.db #0xf8	; 248
   0493 0F                 1182 	.db #0x0f	; 15
   0494 F8                 1183 	.db #0xf8	; 248
   0495 0F                 1184 	.db #0x0f	; 15
   0496 F8                 1185 	.db #0xf8	; 248
   0497 1F                 1186 	.db #0x1f	; 31
   0498 F0                 1187 	.db #0xf0	; 240
   0499 3F                 1188 	.db #0x3f	; 63
   049A F0                 1189 	.db #0xf0	; 240
   049B 3F                 1190 	.db #0x3f	; 63
   049C F0                 1191 	.db #0xf0	; 240
   049D 7F                 1192 	.db #0x7f	; 127
   049E E0                 1193 	.db #0xe0	; 224
   049F FF                 1194 	.db #0xff	; 255
   04A0 00                 1195 	.db #0x00	; 0
   04A1 00                 1196 	.db #0x00	; 0
   04A2 00                 1197 	.db #0x00	; 0
   04A3 00                 1198 	.db #0x00	; 0
   04A4 00                 1199 	.db #0x00	; 0
   04A5 00                 1200 	.db #0x00	; 0
   04A6 00                 1201 	.db #0x00	; 0
   04A7 00                 1202 	.db #0x00	; 0
   04A8 0F                 1203 	.db #0x0f	; 15
   04A9 0F                 1204 	.db #0x0f	; 15
   04AA 3F                 1205 	.db #0x3f	; 63
   04AB 30                 1206 	.db #0x30	; 48	'0'
   04AC FF                 1207 	.db #0xff	; 255
   04AD C0                 1208 	.db #0xc0	; 192
   04AE FF                 1209 	.db #0xff	; 255
   04AF 00                 1210 	.db #0x00	; 0
   04B0 70                 1211 	.db #0x70	; 112	'p'
   04B1 7F                 1212 	.db #0x7f	; 127
   04B2 70                 1213 	.db #0x70	; 112	'p'
   04B3 7F                 1214 	.db #0x7f	; 127
   04B4 F0                 1215 	.db #0xf0	; 240
   04B5 FF                 1216 	.db #0xff	; 255
   04B6 E0                 1217 	.db #0xe0	; 224
   04B7 FF                 1218 	.db #0xff	; 255
   04B8 E0                 1219 	.db #0xe0	; 224
   04B9 FF                 1220 	.db #0xff	; 255
   04BA E0                 1221 	.db #0xe0	; 224
   04BB FF                 1222 	.db #0xff	; 255
   04BC E0                 1223 	.db #0xe0	; 224
   04BD FF                 1224 	.db #0xff	; 255
   04BE E0                 1225 	.db #0xe0	; 224
   04BF FF                 1226 	.db #0xff	; 255
   04C0 00                 1227 	.db #0x00	; 0
   04C1 FF                 1228 	.db #0xff	; 255
   04C2 00                 1229 	.db #0x00	; 0
   04C3 FF                 1230 	.db #0xff	; 255
   04C4 18                 1231 	.db #0x18	; 24
   04C5 FF                 1232 	.db #0xff	; 255
   04C6 24                 1233 	.db #0x24	; 36
   04C7 FF                 1234 	.db #0xff	; 255
   04C8 42                 1235 	.db #0x42	; 66	'B'
   04C9 FF                 1236 	.db #0xff	; 255
   04CA 42                 1237 	.db #0x42	; 66	'B'
   04CB FF                 1238 	.db #0xff	; 255
   04CC 00                 1239 	.db #0x00	; 0
   04CD FF                 1240 	.db #0xff	; 255
   04CE 00                 1241 	.db #0x00	; 0
   04CF FF                 1242 	.db #0xff	; 255
   04D0 FF                 1243 	.db #0xff	; 255
   04D1 01                 1244 	.db #0x01	; 1
   04D2 FF                 1245 	.db #0xff	; 255
   04D3 01                 1246 	.db #0x01	; 1
   04D4 FF                 1247 	.db #0xff	; 255
   04D5 01                 1248 	.db #0x01	; 1
   04D6 FF                 1249 	.db #0xff	; 255
   04D7 01                 1250 	.db #0x01	; 1
   04D8 FF                 1251 	.db #0xff	; 255
   04D9 01                 1252 	.db #0x01	; 1
   04DA FF                 1253 	.db #0xff	; 255
   04DB 01                 1254 	.db #0x01	; 1
   04DC FF                 1255 	.db #0xff	; 255
   04DD 01                 1256 	.db #0x01	; 1
   04DE FF                 1257 	.db #0xff	; 255
   04DF 01                 1258 	.db #0x01	; 1
   04E0 07                 1259 	.db #0x07	; 7
   04E1 FE                 1260 	.db #0xfe	; 254
   04E2 08                 1261 	.db #0x08	; 8
   04E3 FF                 1262 	.db #0xff	; 255
   04E4 08                 1263 	.db #0x08	; 8
   04E5 FF                 1264 	.db #0xff	; 255
   04E6 18                 1265 	.db #0x18	; 24
   04E7 FF                 1266 	.db #0xff	; 255
   04E8 30                 1267 	.db #0x30	; 48	'0'
   04E9 FF                 1268 	.db #0xff	; 255
   04EA 30                 1269 	.db #0x30	; 48	'0'
   04EB FF                 1270 	.db #0xff	; 255
   04EC 70                 1271 	.db #0x70	; 112	'p'
   04ED FF                 1272 	.db #0xff	; 255
   04EE 60                 1273 	.db #0x60	; 96
   04EF FF                 1274 	.db #0xff	; 255
   04F0 E0                 1275 	.db #0xe0	; 224
   04F1 7F                 1276 	.db #0x7f	; 127
   04F2 F0                 1277 	.db #0xf0	; 240
   04F3 1F                 1278 	.db #0x1f	; 31
   04F4 F0                 1279 	.db #0xf0	; 240
   04F5 1F                 1280 	.db #0x1f	; 31
   04F6 F8                 1281 	.db #0xf8	; 248
   04F7 0F                 1282 	.db #0x0f	; 15
   04F8 FC                 1283 	.db #0xfc	; 252
   04F9 07                 1284 	.db #0x07	; 7
   04FA FC                 1285 	.db #0xfc	; 252
   04FB 07                 1286 	.db #0x07	; 7
   04FC FE                 1287 	.db #0xfe	; 254
   04FD 03                 1288 	.db #0x03	; 3
   04FE FE                 1289 	.db #0xfe	; 254
   04FF 03                 1290 	.db #0x03	; 3
   0500 FF                 1291 	.db #0xff	; 255
   0501 1F                 1292 	.db #0x1f	; 31
   0502 F0                 1293 	.db #0xf0	; 240
   0503 3F                 1294 	.db #0x3f	; 63
   0504 E0                 1295 	.db #0xe0	; 224
   0505 7F                 1296 	.db #0x7f	; 127
   0506 F0                 1297 	.db #0xf0	; 240
   0507 7F                 1298 	.db #0x7f	; 127
   0508 E0                 1299 	.db #0xe0	; 224
   0509 FF                 1300 	.db #0xff	; 255
   050A E3                 1301 	.db #0xe3	; 227
   050B FF                 1302 	.db #0xff	; 255
   050C E0                 1303 	.db #0xe0	; 224
   050D FF                 1304 	.db #0xff	; 255
   050E E0                 1305 	.db #0xe0	; 224
   050F FF                 1306 	.db #0xff	; 255
   0510 F8                 1307 	.db #0xf8	; 248
   0511 F8                 1308 	.db #0xf8	; 248
   0512 FC                 1309 	.db #0xfc	; 252
   0513 04                 1310 	.db #0x04	; 4
   0514 1E                 1311 	.db #0x1e	; 30
   0515 E2                 1312 	.db #0xe2	; 226
   0516 0F                 1313 	.db #0x0f	; 15
   0517 F1                 1314 	.db #0xf1	; 241
   0518 0F                 1315 	.db #0x0f	; 15
   0519 F1                 1316 	.db #0xf1	; 241
   051A 0F                 1317 	.db #0x0f	; 15
   051B F1                 1318 	.db #0xf1	; 241
   051C 0F                 1319 	.db #0x0f	; 15
   051D F1                 1320 	.db #0xf1	; 241
   051E 0F                 1321 	.db #0x0f	; 15
   051F F1                 1322 	.db #0xf1	; 241
   0520 1F                 1323 	.db #0x1f	; 31
   0521 1F                 1324 	.db #0x1f	; 31
   0522 30                 1325 	.db #0x30	; 48	'0'
   0523 3F                 1326 	.db #0x3f	; 63
   0524 60                 1327 	.db #0x60	; 96
   0525 7F                 1328 	.db #0x7f	; 127
   0526 70                 1329 	.db #0x70	; 112	'p'
   0527 7F                 1330 	.db #0x7f	; 127
   0528 E0                 1331 	.db #0xe0	; 224
   0529 FF                 1332 	.db #0xff	; 255
   052A E3                 1333 	.db #0xe3	; 227
   052B FF                 1334 	.db #0xff	; 255
   052C E0                 1335 	.db #0xe0	; 224
   052D FF                 1336 	.db #0xff	; 255
   052E E0                 1337 	.db #0xe0	; 224
   052F FF                 1338 	.db #0xff	; 255
   0530 F8                 1339 	.db #0xf8	; 248
   0531 F8                 1340 	.db #0xf8	; 248
   0532 FC                 1341 	.db #0xfc	; 252
   0533 04                 1342 	.db #0x04	; 4
   0534 1E                 1343 	.db #0x1e	; 30
   0535 E2                 1344 	.db #0xe2	; 226
   0536 0F                 1345 	.db #0x0f	; 15
   0537 F1                 1346 	.db #0xf1	; 241
   0538 0F                 1347 	.db #0x0f	; 15
   0539 F1                 1348 	.db #0xf1	; 241
   053A 0F                 1349 	.db #0x0f	; 15
   053B F1                 1350 	.db #0xf1	; 241
   053C 0F                 1351 	.db #0x0f	; 15
   053D F1                 1352 	.db #0xf1	; 241
   053E 0F                 1353 	.db #0x0f	; 15
   053F F1                 1354 	.db #0xf1	; 241
   0540 00                 1355 	.db #0x00	; 0
   0541 FF                 1356 	.db #0xff	; 255
   0542 00                 1357 	.db #0x00	; 0
   0543 FF                 1358 	.db #0xff	; 255
   0544 00                 1359 	.db #0x00	; 0
   0545 FF                 1360 	.db #0xff	; 255
   0546 00                 1361 	.db #0x00	; 0
   0547 FF                 1362 	.db #0xff	; 255
   0548 02                 1363 	.db #0x02	; 2
   0549 FD                 1364 	.db #0xfd	; 253
   054A 48                 1365 	.db #0x48	; 72	'H'
   054B B7                 1366 	.db #0xb7	; 183
   054C 15                 1367 	.db #0x15	; 21
   054D EA                 1368 	.db #0xea	; 234
   054E FC                 1369 	.db #0xfc	; 252
   054F 03                 1370 	.db #0x03	; 3
   0550 1F                 1371 	.db #0x1f	; 31
   0551 E0                 1372 	.db #0xe0	; 224
   0552 1F                 1373 	.db #0x1f	; 31
   0553 E0                 1374 	.db #0xe0	; 224
   0554 1F                 1375 	.db #0x1f	; 31
   0555 E0                 1376 	.db #0xe0	; 224
   0556 1F                 1377 	.db #0x1f	; 31
   0557 E0                 1378 	.db #0xe0	; 224
   0558 1F                 1379 	.db #0x1f	; 31
   0559 E0                 1380 	.db #0xe0	; 224
   055A 5F                 1381 	.db #0x5f	; 95
   055B A0                 1382 	.db #0xa0	; 160
   055C 1F                 1383 	.db #0x1f	; 31
   055D E0                 1384 	.db #0xe0	; 224
   055E FF                 1385 	.db #0xff	; 255
   055F 00                 1386 	.db #0x00	; 0
   0560 FF                 1387 	.db #0xff	; 255
   0561 FF                 1388 	.db #0xff	; 255
   0562 FF                 1389 	.db #0xff	; 255
   0563 00                 1390 	.db #0x00	; 0
   0564 FF                 1391 	.db #0xff	; 255
   0565 00                 1392 	.db #0x00	; 0
   0566 FF                 1393 	.db #0xff	; 255
   0567 00                 1394 	.db #0x00	; 0
   0568 FF                 1395 	.db #0xff	; 255
   0569 00                 1396 	.db #0x00	; 0
   056A FF                 1397 	.db #0xff	; 255
   056B 00                 1398 	.db #0x00	; 0
   056C FF                 1399 	.db #0xff	; 255
   056D 00                 1400 	.db #0x00	; 0
   056E FF                 1401 	.db #0xff	; 255
   056F 00                 1402 	.db #0x00	; 0
   0570 FF                 1403 	.db #0xff	; 255
   0571 FF                 1404 	.db #0xff	; 255
   0572 80                 1405 	.db #0x80	; 128
   0573 7F                 1406 	.db #0x7f	; 127
   0574 00                 1407 	.db #0x00	; 0
   0575 FF                 1408 	.db #0xff	; 255
   0576 00                 1409 	.db #0x00	; 0
   0577 FF                 1410 	.db #0xff	; 255
   0578 00                 1411 	.db #0x00	; 0
   0579 FF                 1412 	.db #0xff	; 255
   057A 00                 1413 	.db #0x00	; 0
   057B FF                 1414 	.db #0xff	; 255
   057C 80                 1415 	.db #0x80	; 128
   057D 7F                 1416 	.db #0x7f	; 127
   057E C0                 1417 	.db #0xc0	; 192
   057F 3F                 1418 	.db #0x3f	; 63
   0580 E0                 1419 	.db #0xe0	; 224
   0581 FF                 1420 	.db #0xff	; 255
   0582 60                 1421 	.db #0x60	; 96
   0583 FF                 1422 	.db #0xff	; 255
   0584 E0                 1423 	.db #0xe0	; 224
   0585 FF                 1424 	.db #0xff	; 255
   0586 E0                 1425 	.db #0xe0	; 224
   0587 FF                 1426 	.db #0xff	; 255
   0588 E0                 1427 	.db #0xe0	; 224
   0589 FF                 1428 	.db #0xff	; 255
   058A E0                 1429 	.db #0xe0	; 224
   058B FF                 1430 	.db #0xff	; 255
   058C E0                 1431 	.db #0xe0	; 224
   058D FF                 1432 	.db #0xff	; 255
   058E E0                 1433 	.db #0xe0	; 224
   058F FF                 1434 	.db #0xff	; 255
   0590 FE                 1435 	.db #0xfe	; 254
   0591 03                 1436 	.db #0x03	; 3
   0592 FE                 1437 	.db #0xfe	; 254
   0593 03                 1438 	.db #0x03	; 3
   0594 FF                 1439 	.db #0xff	; 255
   0595 01                 1440 	.db #0x01	; 1
   0596 FF                 1441 	.db #0xff	; 255
   0597 01                 1442 	.db #0x01	; 1
   0598 FF                 1443 	.db #0xff	; 255
   0599 01                 1444 	.db #0x01	; 1
   059A FF                 1445 	.db #0xff	; 255
   059B 01                 1446 	.db #0x01	; 1
   059C FF                 1447 	.db #0xff	; 255
   059D 01                 1448 	.db #0x01	; 1
   059E FF                 1449 	.db #0xff	; 255
   059F 01                 1450 	.db #0x01	; 1
   05A0 00                 1451 	.db #0x00	; 0
   05A1 FF                 1452 	.db #0xff	; 255
   05A2 00                 1453 	.db #0x00	; 0
   05A3 FF                 1454 	.db #0xff	; 255
   05A4 00                 1455 	.db #0x00	; 0
   05A5 FF                 1456 	.db #0xff	; 255
   05A6 00                 1457 	.db #0x00	; 0
   05A7 FF                 1458 	.db #0xff	; 255
   05A8 00                 1459 	.db #0x00	; 0
   05A9 FF                 1460 	.db #0xff	; 255
   05AA 00                 1461 	.db #0x00	; 0
   05AB FF                 1462 	.db #0xff	; 255
   05AC 04                 1463 	.db #0x04	; 4
   05AD FB                 1464 	.db #0xfb	; 251
   05AE D5                 1465 	.db #0xd5	; 213
   05AF 2A                 1466 	.db #0x2a	; 42
   05B0 FF                 1467 	.db #0xff	; 255
   05B1 FF                 1468 	.db #0xff	; 255
   05B2 F0                 1469 	.db #0xf0	; 240
   05B3 3F                 1470 	.db #0x3f	; 63
   05B4 E0                 1471 	.db #0xe0	; 224
   05B5 7F                 1472 	.db #0x7f	; 127
   05B6 F0                 1473 	.db #0xf0	; 240
   05B7 7F                 1474 	.db #0x7f	; 127
   05B8 E0                 1475 	.db #0xe0	; 224
   05B9 FF                 1476 	.db #0xff	; 255
   05BA E3                 1477 	.db #0xe3	; 227
   05BB FF                 1478 	.db #0xff	; 255
   05BC E0                 1479 	.db #0xe0	; 224
   05BD FF                 1480 	.db #0xff	; 255
   05BE E0                 1481 	.db #0xe0	; 224
   05BF FF                 1482 	.db #0xff	; 255
   05C0 E0                 1483 	.db #0xe0	; 224
   05C1 FF                 1484 	.db #0xff	; 255
   05C2 E7                 1485 	.db #0xe7	; 231
   05C3 FF                 1486 	.db #0xff	; 255
   05C4 F0                 1487 	.db #0xf0	; 240
   05C5 FF                 1488 	.db #0xff	; 255
   05C6 F0                 1489 	.db #0xf0	; 240
   05C7 FF                 1490 	.db #0xff	; 255
   05C8 F0                 1491 	.db #0xf0	; 240
   05C9 FF                 1492 	.db #0xff	; 255
   05CA F0                 1493 	.db #0xf0	; 240
   05CB FF                 1494 	.db #0xff	; 255
   05CC F2                 1495 	.db #0xf2	; 242
   05CD EF                 1496 	.db #0xef	; 239
   05CE F0                 1497 	.db #0xf0	; 240
   05CF AF                 1498 	.db #0xaf	; 175
   05D0 07                 1499 	.db #0x07	; 7
   05D1 F9                 1500 	.db #0xf9	; 249
   05D2 C7                 1501 	.db #0xc7	; 199
   05D3 F9                 1502 	.db #0xf9	; 249
   05D4 07                 1503 	.db #0x07	; 7
   05D5 F9                 1504 	.db #0xf9	; 249
   05D6 07                 1505 	.db #0x07	; 7
   05D7 F9                 1506 	.db #0xf9	; 249
   05D8 E7                 1507 	.db #0xe7	; 231
   05D9 F9                 1508 	.db #0xf9	; 249
   05DA 07                 1509 	.db #0x07	; 7
   05DB F9                 1510 	.db #0xf9	; 249
   05DC 07                 1511 	.db #0x07	; 7
   05DD F9                 1512 	.db #0xf9	; 249
   05DE 07                 1513 	.db #0x07	; 7
   05DF F9                 1514 	.db #0xf9	; 249
   05E0 FF                 1515 	.db #0xff	; 255
   05E1 FF                 1516 	.db #0xff	; 255
   05E2 FC                 1517 	.db #0xfc	; 252
   05E3 04                 1518 	.db #0x04	; 4
   05E4 1E                 1519 	.db #0x1e	; 30
   05E5 E2                 1520 	.db #0xe2	; 226
   05E6 0F                 1521 	.db #0x0f	; 15
   05E7 F1                 1522 	.db #0xf1	; 241
   05E8 0F                 1523 	.db #0x0f	; 15
   05E9 F1                 1524 	.db #0xf1	; 241
   05EA 0F                 1525 	.db #0x0f	; 15
   05EB F1                 1526 	.db #0xf1	; 241
   05EC 0F                 1527 	.db #0x0f	; 15
   05ED F1                 1528 	.db #0xf1	; 241
   05EE 0F                 1529 	.db #0x0f	; 15
   05EF F1                 1530 	.db #0xf1	; 241
   05F0 FF                 1531 	.db #0xff	; 255
   05F1 FF                 1532 	.db #0xff	; 255
   05F2 C0                 1533 	.db #0xc0	; 192
   05F3 3F                 1534 	.db #0x3f	; 63
   05F4 80                 1535 	.db #0x80	; 128
   05F5 7F                 1536 	.db #0x7f	; 127
   05F6 00                 1537 	.db #0x00	; 0
   05F7 FF                 1538 	.db #0xff	; 255
   05F8 00                 1539 	.db #0x00	; 0
   05F9 FF                 1540 	.db #0xff	; 255
   05FA 00                 1541 	.db #0x00	; 0
   05FB FF                 1542 	.db #0xff	; 255
   05FC 80                 1543 	.db #0x80	; 128
   05FD 7F                 1544 	.db #0x7f	; 127
   05FE C0                 1545 	.db #0xc0	; 192
   05FF 3F                 1546 	.db #0x3f	; 63
   0600 FF                 1547 	.db #0xff	; 255
   0601 FF                 1548 	.db #0xff	; 255
   0602 00                 1549 	.db #0x00	; 0
   0603 FF                 1550 	.db #0xff	; 255
   0604 00                 1551 	.db #0x00	; 0
   0605 FF                 1552 	.db #0xff	; 255
   0606 00                 1553 	.db #0x00	; 0
   0607 FF                 1554 	.db #0xff	; 255
   0608 00                 1555 	.db #0x00	; 0
   0609 FF                 1556 	.db #0xff	; 255
   060A 00                 1557 	.db #0x00	; 0
   060B FF                 1558 	.db #0xff	; 255
   060C 00                 1559 	.db #0x00	; 0
   060D FF                 1560 	.db #0xff	; 255
   060E 00                 1561 	.db #0x00	; 0
   060F FF                 1562 	.db #0xff	; 255
   0610 FF                 1563 	.db #0xff	; 255
   0611 00                 1564 	.db #0x00	; 0
   0612 FF                 1565 	.db #0xff	; 255
   0613 00                 1566 	.db #0x00	; 0
   0614 FF                 1567 	.db #0xff	; 255
   0615 00                 1568 	.db #0x00	; 0
   0616 BF                 1569 	.db #0xbf	; 191
   0617 40                 1570 	.db #0x40	; 64
   0618 5F                 1571 	.db #0x5f	; 95
   0619 A0                 1572 	.db #0xa0	; 160
   061A 5D                 1573 	.db #0x5d	; 93
   061B A2                 1574 	.db #0xa2	; 162
   061C FA                 1575 	.db #0xfa	; 250
   061D 05                 1576 	.db #0x05	; 5
   061E FF                 1577 	.db #0xff	; 255
   061F 00                 1578 	.db #0x00	; 0
   0620 FF                 1579 	.db #0xff	; 255
   0621 00                 1580 	.db #0x00	; 0
   0622 FF                 1581 	.db #0xff	; 255
   0623 00                 1582 	.db #0x00	; 0
   0624 EF                 1583 	.db #0xef	; 239
   0625 10                 1584 	.db #0x10	; 16
   0626 D7                 1585 	.db #0xd7	; 215
   0627 28                 1586 	.db #0x28	; 40
   0628 D7                 1587 	.db #0xd7	; 215
   0629 28                 1588 	.db #0x28	; 40
   062A FF                 1589 	.db #0xff	; 255
   062B 00                 1590 	.db #0x00	; 0
   062C FF                 1591 	.db #0xff	; 255
   062D 00                 1592 	.db #0x00	; 0
   062E FF                 1593 	.db #0xff	; 255
   062F 00                 1594 	.db #0x00	; 0
   0630 C0                 1595 	.db #0xc0	; 192
   0631 3F                 1596 	.db #0x3f	; 63
   0632 80                 1597 	.db #0x80	; 128
   0633 7F                 1598 	.db #0x7f	; 127
   0634 00                 1599 	.db #0x00	; 0
   0635 FF                 1600 	.db #0xff	; 255
   0636 00                 1601 	.db #0x00	; 0
   0637 FF                 1602 	.db #0xff	; 255
   0638 00                 1603 	.db #0x00	; 0
   0639 FF                 1604 	.db #0xff	; 255
   063A 00                 1605 	.db #0x00	; 0
   063B FF                 1606 	.db #0xff	; 255
   063C 80                 1607 	.db #0x80	; 128
   063D 7F                 1608 	.db #0x7f	; 127
   063E C0                 1609 	.db #0xc0	; 192
   063F 3F                 1610 	.db #0x3f	; 63
   0640 E0                 1611 	.db #0xe0	; 224
   0641 FF                 1612 	.db #0xff	; 255
   0642 E0                 1613 	.db #0xe0	; 224
   0643 FF                 1614 	.db #0xff	; 255
   0644 E0                 1615 	.db #0xe0	; 224
   0645 FF                 1616 	.db #0xff	; 255
   0646 E0                 1617 	.db #0xe0	; 224
   0647 FF                 1618 	.db #0xff	; 255
   0648 E0                 1619 	.db #0xe0	; 224
   0649 FF                 1620 	.db #0xff	; 255
   064A E0                 1621 	.db #0xe0	; 224
   064B FF                 1622 	.db #0xff	; 255
   064C F1                 1623 	.db #0xf1	; 241
   064D EE                 1624 	.db #0xee	; 238
   064E E8                 1625 	.db #0xe8	; 232
   064F F7                 1626 	.db #0xf7	; 247
   0650 00                 1627 	.db #0x00	; 0
   0651 FF                 1628 	.db #0xff	; 255
   0652 00                 1629 	.db #0x00	; 0
   0653 FF                 1630 	.db #0xff	; 255
   0654 00                 1631 	.db #0x00	; 0
   0655 FF                 1632 	.db #0xff	; 255
   0656 00                 1633 	.db #0x00	; 0
   0657 FF                 1634 	.db #0xff	; 255
   0658 00                 1635 	.db #0x00	; 0
   0659 FF                 1636 	.db #0xff	; 255
   065A 00                 1637 	.db #0x00	; 0
   065B FF                 1638 	.db #0xff	; 255
   065C 01                 1639 	.db #0x01	; 1
   065D FE                 1640 	.db #0xfe	; 254
   065E 8C                 1641 	.db #0x8c	; 140
   065F 73                 1642 	.db #0x73	; 115	's'
   0660 FF                 1643 	.db #0xff	; 255
   0661 00                 1644 	.db #0x00	; 0
   0662 FF                 1645 	.db #0xff	; 255
   0663 00                 1646 	.db #0x00	; 0
   0664 FF                 1647 	.db #0xff	; 255
   0665 00                 1648 	.db #0x00	; 0
   0666 FF                 1649 	.db #0xff	; 255
   0667 00                 1650 	.db #0x00	; 0
   0668 FF                 1651 	.db #0xff	; 255
   0669 00                 1652 	.db #0x00	; 0
   066A 80                 1653 	.db #0x80	; 128
   066B 7F                 1654 	.db #0x7f	; 127
   066C 00                 1655 	.db #0x00	; 0
   066D FF                 1656 	.db #0xff	; 255
   066E 80                 1657 	.db #0x80	; 128
   066F 7F                 1658 	.db #0x7f	; 127
   0670 FF                 1659 	.db #0xff	; 255
   0671 00                 1660 	.db #0x00	; 0
   0672 FF                 1661 	.db #0xff	; 255
   0673 00                 1662 	.db #0x00	; 0
   0674 FF                 1663 	.db #0xff	; 255
   0675 00                 1664 	.db #0x00	; 0
   0676 FF                 1665 	.db #0xff	; 255
   0677 00                 1666 	.db #0x00	; 0
   0678 FF                 1667 	.db #0xff	; 255
   0679 00                 1668 	.db #0x00	; 0
   067A 00                 1669 	.db #0x00	; 0
   067B FF                 1670 	.db #0xff	; 255
   067C 00                 1671 	.db #0x00	; 0
   067D FF                 1672 	.db #0xff	; 255
   067E 00                 1673 	.db #0x00	; 0
   067F FF                 1674 	.db #0xff	; 255
   0680 FF                 1675 	.db #0xff	; 255
   0681 1F                 1676 	.db #0x1f	; 31
   0682 F0                 1677 	.db #0xf0	; 240
   0683 3F                 1678 	.db #0x3f	; 63
   0684 E0                 1679 	.db #0xe0	; 224
   0685 7F                 1680 	.db #0x7f	; 127
   0686 F0                 1681 	.db #0xf0	; 240
   0687 7F                 1682 	.db #0x7f	; 127
   0688 E0                 1683 	.db #0xe0	; 224
   0689 FF                 1684 	.db #0xff	; 255
   068A E3                 1685 	.db #0xe3	; 227
   068B FF                 1686 	.db #0xff	; 255
   068C E0                 1687 	.db #0xe0	; 224
   068D FF                 1688 	.db #0xff	; 255
   068E E0                 1689 	.db #0xe0	; 224
   068F FF                 1690 	.db #0xff	; 255
   0690 00                 1691 	.db #0x00	; 0
   0691 00                 1692 	.db #0x00	; 0
   0692 3C                 1693 	.db #0x3c	; 60
   0693 3C                 1694 	.db #0x3c	; 60
   0694 46                 1695 	.db #0x46	; 70	'F'
   0695 7A                 1696 	.db #0x7a	; 122	'z'
   0696 46                 1697 	.db #0x46	; 70	'F'
   0697 7A                 1698 	.db #0x7a	; 122	'z'
   0698 83                 1699 	.db #0x83	; 131
   0699 FD                 1700 	.db #0xfd	; 253
   069A 83                 1701 	.db #0x83	; 131
   069B FD                 1702 	.db #0xfd	; 253
   069C 87                 1703 	.db #0x87	; 135
   069D FF                 1704 	.db #0xff	; 255
   069E 83                 1705 	.db #0x83	; 131
   069F FD                 1706 	.db #0xfd	; 253
   06A0 FF                 1707 	.db #0xff	; 255
   06A1 00                 1708 	.db #0x00	; 0
   06A2 FF                 1709 	.db #0xff	; 255
   06A3 00                 1710 	.db #0x00	; 0
   06A4 FF                 1711 	.db #0xff	; 255
   06A5 38                 1712 	.db #0x38	; 56	'8'
   06A6 FF                 1713 	.db #0xff	; 255
   06A7 60                 1714 	.db #0x60	; 96
   06A8 FF                 1715 	.db #0xff	; 255
   06A9 44                 1716 	.db #0x44	; 68	'D'
   06AA FF                 1717 	.db #0xff	; 255
   06AB 00                 1718 	.db #0x00	; 0
   06AC FF                 1719 	.db #0xff	; 255
   06AD 00                 1720 	.db #0x00	; 0
   06AE FF                 1721 	.db #0xff	; 255
   06AF FF                 1722 	.db #0xff	; 255
   06B0 FF                 1723 	.db #0xff	; 255
   06B1 FF                 1724 	.db #0xff	; 255
   06B2 FF                 1725 	.db #0xff	; 255
   06B3 00                 1726 	.db #0x00	; 0
   06B4 FF                 1727 	.db #0xff	; 255
   06B5 00                 1728 	.db #0x00	; 0
   06B6 FF                 1729 	.db #0xff	; 255
   06B7 00                 1730 	.db #0x00	; 0
   06B8 FF                 1731 	.db #0xff	; 255
   06B9 00                 1732 	.db #0x00	; 0
   06BA FF                 1733 	.db #0xff	; 255
   06BB 00                 1734 	.db #0x00	; 0
   06BC FF                 1735 	.db #0xff	; 255
   06BD 00                 1736 	.db #0x00	; 0
   06BE FF                 1737 	.db #0xff	; 255
   06BF 00                 1738 	.db #0x00	; 0
   06C0 FF                 1739 	.db #0xff	; 255
   06C1 00                 1740 	.db #0x00	; 0
   06C2 FF                 1741 	.db #0xff	; 255
   06C3 00                 1742 	.db #0x00	; 0
   06C4 FF                 1743 	.db #0xff	; 255
   06C5 00                 1744 	.db #0x00	; 0
   06C6 FF                 1745 	.db #0xff	; 255
   06C7 00                 1746 	.db #0x00	; 0
   06C8 FF                 1747 	.db #0xff	; 255
   06C9 00                 1748 	.db #0x00	; 0
   06CA FF                 1749 	.db #0xff	; 255
   06CB 00                 1750 	.db #0x00	; 0
   06CC FF                 1751 	.db #0xff	; 255
   06CD 00                 1752 	.db #0x00	; 0
   06CE FF                 1753 	.db #0xff	; 255
   06CF 00                 1754 	.db #0x00	; 0
   06D0 00                 1755 	.db #0x00	; 0
   06D1 FF                 1756 	.db #0xff	; 255
   06D2 00                 1757 	.db #0x00	; 0
   06D3 FF                 1758 	.db #0xff	; 255
   06D4 00                 1759 	.db #0x00	; 0
   06D5 FF                 1760 	.db #0xff	; 255
   06D6 00                 1761 	.db #0x00	; 0
   06D7 FF                 1762 	.db #0xff	; 255
   06D8 00                 1763 	.db #0x00	; 0
   06D9 FF                 1764 	.db #0xff	; 255
   06DA 00                 1765 	.db #0x00	; 0
   06DB FF                 1766 	.db #0xff	; 255
   06DC 00                 1767 	.db #0x00	; 0
   06DD FF                 1768 	.db #0xff	; 255
   06DE 00                 1769 	.db #0x00	; 0
   06DF FF                 1770 	.db #0xff	; 255
   06E0 00                 1771 	.db #0x00	; 0
   06E1 00                 1772 	.db #0x00	; 0
   06E2 00                 1773 	.db #0x00	; 0
   06E3 00                 1774 	.db #0x00	; 0
   06E4 00                 1775 	.db #0x00	; 0
   06E5 00                 1776 	.db #0x00	; 0
   06E6 00                 1777 	.db #0x00	; 0
   06E7 00                 1778 	.db #0x00	; 0
   06E8 00                 1779 	.db #0x00	; 0
   06E9 00                 1780 	.db #0x00	; 0
   06EA 00                 1781 	.db #0x00	; 0
   06EB 00                 1782 	.db #0x00	; 0
   06EC 00                 1783 	.db #0x00	; 0
   06ED 00                 1784 	.db #0x00	; 0
   06EE 00                 1785 	.db #0x00	; 0
   06EF 00                 1786 	.db #0x00	; 0
   06F0 00                 1787 	.db #0x00	; 0
   06F1 00                 1788 	.db #0x00	; 0
   06F2 00                 1789 	.db #0x00	; 0
   06F3 00                 1790 	.db #0x00	; 0
   06F4 00                 1791 	.db #0x00	; 0
   06F5 00                 1792 	.db #0x00	; 0
   06F6 00                 1793 	.db #0x00	; 0
   06F7 00                 1794 	.db #0x00	; 0
   06F8 00                 1795 	.db #0x00	; 0
   06F9 00                 1796 	.db #0x00	; 0
   06FA 00                 1797 	.db #0x00	; 0
   06FB 00                 1798 	.db #0x00	; 0
   06FC 00                 1799 	.db #0x00	; 0
   06FD 00                 1800 	.db #0x00	; 0
   06FE 00                 1801 	.db #0x00	; 0
   06FF 00                 1802 	.db #0x00	; 0
   0700 00                 1803 	.db #0x00	; 0
   0701 00                 1804 	.db #0x00	; 0
   0702 00                 1805 	.db #0x00	; 0
   0703 00                 1806 	.db #0x00	; 0
   0704 00                 1807 	.db #0x00	; 0
   0705 00                 1808 	.db #0x00	; 0
   0706 00                 1809 	.db #0x00	; 0
   0707 00                 1810 	.db #0x00	; 0
   0708 00                 1811 	.db #0x00	; 0
   0709 00                 1812 	.db #0x00	; 0
   070A 00                 1813 	.db #0x00	; 0
   070B 00                 1814 	.db #0x00	; 0
   070C 00                 1815 	.db #0x00	; 0
   070D 00                 1816 	.db #0x00	; 0
   070E 00                 1817 	.db #0x00	; 0
   070F 00                 1818 	.db #0x00	; 0
                           1819 	.area _CABS (ABS)
