                              1 ;--------------------------------------------------------
                              2 ; File Created by SDCC : free open source ANSI-C Compiler
                              3 ; Version 4.0.0 #11528 (MINGW32)
                              4 ;--------------------------------------------------------
                              5 	.module C__Users_Mills_AppData_Local_Temp_lcc79161
                              6 	.optsdcc -mgbz80
                              7 	
                              8 ;--------------------------------------------------------
                              9 ; Public variables in this module
                             10 ;--------------------------------------------------------
                             11 	.globl _RoadFMap3DPLN1
                             12 	.globl _RoadFMap3DPLN0
                             13 ;--------------------------------------------------------
                             14 ; special function registers
                             15 ;--------------------------------------------------------
                             16 ;--------------------------------------------------------
                             17 ; ram data
                             18 ;--------------------------------------------------------
                             19 	.area _DATA
                             20 ;--------------------------------------------------------
                             21 ; absolute external ram data
                             22 ;--------------------------------------------------------
                             23 	.area _DABS (ABS)
                             24 ;--------------------------------------------------------
                             25 ; global & static initialisations
                             26 ;--------------------------------------------------------
                             27 	.area _HOME
                             28 	.area _GSINIT
                             29 	.area _GSFINAL
                             30 	.area _GSINIT
                             31 ;--------------------------------------------------------
                             32 ; Home
                             33 ;--------------------------------------------------------
                             34 	.area _HOME
                             35 	.area _HOME
                             36 ;--------------------------------------------------------
                             37 ; code
                             38 ;--------------------------------------------------------
                             39 	.area _CODE_3
                             40 	.area _CODE_3
   0000                      41 _RoadFMap3DPLN0:
   0000 00                   42 	.db #0x00	; 0
   0001 00                   43 	.db #0x00	; 0
   0002 00                   44 	.db #0x00	; 0
   0003 00                   45 	.db #0x00	; 0
   0004 00                   46 	.db #0x00	; 0
   0005 00                   47 	.db #0x00	; 0
   0006 00                   48 	.db #0x00	; 0
   0007 00                   49 	.db #0x00	; 0
   0008 05                   50 	.db #0x05	; 5
   0009 0A                   51 	.db #0x0a	; 10
   000A 12                   52 	.db #0x12	; 18
   000B 14                   53 	.db #0x14	; 20
   000C 1A                   54 	.db #0x1a	; 26
   000D 0B                   55 	.db #0x0b	; 11
   000E 00                   56 	.db #0x00	; 0
   000F 00                   57 	.db #0x00	; 0
   0010 00                   58 	.db #0x00	; 0
   0011 00                   59 	.db #0x00	; 0
   0012 00                   60 	.db #0x00	; 0
   0013 00                   61 	.db #0x00	; 0
   0014 01                   62 	.db #0x01	; 1
   0015 01                   63 	.db #0x01	; 1
   0016 01                   64 	.db #0x01	; 1
   0017 01                   65 	.db #0x01	; 1
   0018 01                   66 	.db #0x01	; 1
   0019 01                   67 	.db #0x01	; 1
   001A 01                   68 	.db #0x01	; 1
   001B 06                   69 	.db #0x06	; 6
   001C 19                   70 	.db #0x19	; 25
   001D 15                   71 	.db #0x15	; 21
   001E 13                   72 	.db #0x13	; 19
   001F 19                   73 	.db #0x19	; 25
   0020 0D                   74 	.db #0x0d	; 13
   0021 0C                   75 	.db #0x0c	; 12
   0022 01                   76 	.db #0x01	; 1
   0023 01                   77 	.db #0x01	; 1
   0024 01                   78 	.db #0x01	; 1
   0025 01                   79 	.db #0x01	; 1
   0026 01                   80 	.db #0x01	; 1
   0027 01                   81 	.db #0x01	; 1
   0028 02                   82 	.db #0x02	; 2
   0029 02                   83 	.db #0x02	; 2
   002A 02                   84 	.db #0x02	; 2
   002B 02                   85 	.db #0x02	; 2
   002C 02                   86 	.db #0x02	; 2
   002D 02                   87 	.db #0x02	; 2
   002E 07                   88 	.db #0x07	; 7
   002F 19                   89 	.db #0x19	; 25
   0030 19                   90 	.db #0x19	; 25
   0031 16                   91 	.db #0x16	; 22
   0032 19                   92 	.db #0x19	; 25
   0033 19                   93 	.db #0x19	; 25
   0034 0E                   94 	.db #0x0e	; 14
   0035 0F                   95 	.db #0x0f	; 15
   0036 02                   96 	.db #0x02	; 2
   0037 02                   97 	.db #0x02	; 2
   0038 02                   98 	.db #0x02	; 2
   0039 02                   99 	.db #0x02	; 2
   003A 02                  100 	.db #0x02	; 2
   003B 02                  101 	.db #0x02	; 2
   003C 03                  102 	.db #0x03	; 3
   003D 03                  103 	.db #0x03	; 3
   003E 03                  104 	.db #0x03	; 3
   003F 03                  105 	.db #0x03	; 3
   0040 03                  106 	.db #0x03	; 3
   0041 08                  107 	.db #0x08	; 8
   0042 19                  108 	.db #0x19	; 25
   0043 19                  109 	.db #0x19	; 25
   0044 19                  110 	.db #0x19	; 25
   0045 17                  111 	.db #0x17	; 23
   0046 19                  112 	.db #0x19	; 25
   0047 19                  113 	.db #0x19	; 25
   0048 19                  114 	.db #0x19	; 25
   0049 10                  115 	.db #0x10	; 16
   004A 03                  116 	.db #0x03	; 3
   004B 03                  117 	.db #0x03	; 3
   004C 03                  118 	.db #0x03	; 3
   004D 03                  119 	.db #0x03	; 3
   004E 03                  120 	.db #0x03	; 3
   004F 03                  121 	.db #0x03	; 3
   0050 04                  122 	.db #0x04	; 4
   0051 04                  123 	.db #0x04	; 4
   0052 04                  124 	.db #0x04	; 4
   0053 04                  125 	.db #0x04	; 4
   0054 04                  126 	.db #0x04	; 4
   0055 09                  127 	.db #0x09	; 9
   0056 19                  128 	.db #0x19	; 25
   0057 19                  129 	.db #0x19	; 25
   0058 19                  130 	.db #0x19	; 25
   0059 18                  131 	.db #0x18	; 24
   005A 19                  132 	.db #0x19	; 25
   005B 19                  133 	.db #0x19	; 25
   005C 19                  134 	.db #0x19	; 25
   005D 11                  135 	.db #0x11	; 17
   005E 04                  136 	.db #0x04	; 4
   005F 04                  137 	.db #0x04	; 4
   0060 04                  138 	.db #0x04	; 4
   0061 04                  139 	.db #0x04	; 4
   0062 04                  140 	.db #0x04	; 4
   0063 04                  141 	.db #0x04	; 4
   0064                     142 _RoadFMap3DPLN1:
   0064 06                  143 	.db #0x06	; 6
   0065 06                  144 	.db #0x06	; 6
   0066 06                  145 	.db #0x06	; 6
   0067 06                  146 	.db #0x06	; 6
   0068 06                  147 	.db #0x06	; 6
   0069 06                  148 	.db #0x06	; 6
   006A 06                  149 	.db #0x06	; 6
   006B 06                  150 	.db #0x06	; 6
   006C 06                  151 	.db #0x06	; 6
   006D 06                  152 	.db #0x06	; 6
   006E 06                  153 	.db #0x06	; 6
   006F 06                  154 	.db #0x06	; 6
   0070 06                  155 	.db #0x06	; 6
   0071 06                  156 	.db #0x06	; 6
   0072 06                  157 	.db #0x06	; 6
   0073 06                  158 	.db #0x06	; 6
   0074 06                  159 	.db #0x06	; 6
   0075 06                  160 	.db #0x06	; 6
   0076 06                  161 	.db #0x06	; 6
   0077 06                  162 	.db #0x06	; 6
   0078 06                  163 	.db #0x06	; 6
   0079 06                  164 	.db #0x06	; 6
   007A 06                  165 	.db #0x06	; 6
   007B 06                  166 	.db #0x06	; 6
   007C 06                  167 	.db #0x06	; 6
   007D 06                  168 	.db #0x06	; 6
   007E 06                  169 	.db #0x06	; 6
   007F 06                  170 	.db #0x06	; 6
   0080 06                  171 	.db #0x06	; 6
   0081 06                  172 	.db #0x06	; 6
   0082 06                  173 	.db #0x06	; 6
   0083 06                  174 	.db #0x06	; 6
   0084 06                  175 	.db #0x06	; 6
   0085 06                  176 	.db #0x06	; 6
   0086 06                  177 	.db #0x06	; 6
   0087 06                  178 	.db #0x06	; 6
   0088 06                  179 	.db #0x06	; 6
   0089 06                  180 	.db #0x06	; 6
   008A 06                  181 	.db #0x06	; 6
   008B 06                  182 	.db #0x06	; 6
   008C 06                  183 	.db #0x06	; 6
   008D 06                  184 	.db #0x06	; 6
   008E 06                  185 	.db #0x06	; 6
   008F 06                  186 	.db #0x06	; 6
   0090 06                  187 	.db #0x06	; 6
   0091 06                  188 	.db #0x06	; 6
   0092 06                  189 	.db #0x06	; 6
   0093 06                  190 	.db #0x06	; 6
   0094 06                  191 	.db #0x06	; 6
   0095 06                  192 	.db #0x06	; 6
   0096 06                  193 	.db #0x06	; 6
   0097 06                  194 	.db #0x06	; 6
   0098 06                  195 	.db #0x06	; 6
   0099 06                  196 	.db #0x06	; 6
   009A 06                  197 	.db #0x06	; 6
   009B 06                  198 	.db #0x06	; 6
   009C 06                  199 	.db #0x06	; 6
   009D 06                  200 	.db #0x06	; 6
   009E 06                  201 	.db #0x06	; 6
   009F 06                  202 	.db #0x06	; 6
   00A0 06                  203 	.db #0x06	; 6
   00A1 06                  204 	.db #0x06	; 6
   00A2 06                  205 	.db #0x06	; 6
   00A3 06                  206 	.db #0x06	; 6
   00A4 06                  207 	.db #0x06	; 6
   00A5 06                  208 	.db #0x06	; 6
   00A6 06                  209 	.db #0x06	; 6
   00A7 06                  210 	.db #0x06	; 6
   00A8 06                  211 	.db #0x06	; 6
   00A9 06                  212 	.db #0x06	; 6
   00AA 06                  213 	.db #0x06	; 6
   00AB 06                  214 	.db #0x06	; 6
   00AC 06                  215 	.db #0x06	; 6
   00AD 06                  216 	.db #0x06	; 6
   00AE 06                  217 	.db #0x06	; 6
   00AF 06                  218 	.db #0x06	; 6
   00B0 06                  219 	.db #0x06	; 6
   00B1 06                  220 	.db #0x06	; 6
   00B2 06                  221 	.db #0x06	; 6
   00B3 06                  222 	.db #0x06	; 6
   00B4 06                  223 	.db #0x06	; 6
   00B5 06                  224 	.db #0x06	; 6
   00B6 06                  225 	.db #0x06	; 6
   00B7 06                  226 	.db #0x06	; 6
   00B8 06                  227 	.db #0x06	; 6
   00B9 06                  228 	.db #0x06	; 6
   00BA 06                  229 	.db #0x06	; 6
   00BB 06                  230 	.db #0x06	; 6
   00BC 06                  231 	.db #0x06	; 6
   00BD 06                  232 	.db #0x06	; 6
   00BE 06                  233 	.db #0x06	; 6
   00BF 06                  234 	.db #0x06	; 6
   00C0 06                  235 	.db #0x06	; 6
   00C1 06                  236 	.db #0x06	; 6
   00C2 06                  237 	.db #0x06	; 6
   00C3 06                  238 	.db #0x06	; 6
   00C4 06                  239 	.db #0x06	; 6
   00C5 06                  240 	.db #0x06	; 6
   00C6 06                  241 	.db #0x06	; 6
   00C7 06                  242 	.db #0x06	; 6
                            243 	.area _CABS (ABS)
