                              1 ;--------------------------------------------------------
                              2 ; File Created by SDCC : free open source ANSI-C Compiler
                              3 ; Version 4.0.0 #11528 (MINGW32)
                              4 ;--------------------------------------------------------
                              5 	.module C__Users_Mills_AppData_Local_Temp_lcc4881
                              6 	.optsdcc -mgbz80
                              7 	
                              8 ;--------------------------------------------------------
                              9 ; Public variables in this module
                             10 ;--------------------------------------------------------
                             11 	.globl _Road3Dsprites
                             12 	.globl _Road3DspritesPAL
                             13 ;--------------------------------------------------------
                             14 ; special function registers
                             15 ;--------------------------------------------------------
                             16 ;--------------------------------------------------------
                             17 ; ram data
                             18 ;--------------------------------------------------------
                             19 	.area _DATA
                             20 ;--------------------------------------------------------
                             21 ; absolute external ram data
                             22 ;--------------------------------------------------------
                             23 	.area _DABS (ABS)
                             24 ;--------------------------------------------------------
                             25 ; global & static initialisations
                             26 ;--------------------------------------------------------
                             27 	.area _HOME
                             28 	.area _GSINIT
                             29 	.area _GSFINAL
                             30 	.area _GSINIT
                             31 ;--------------------------------------------------------
                             32 ; Home
                             33 ;--------------------------------------------------------
                             34 	.area _HOME
                             35 	.area _HOME
                             36 ;--------------------------------------------------------
                             37 ; code
                             38 ;--------------------------------------------------------
                             39 	.area _CODE_3
                             40 	.area _CODE_3
   0000                      41 _Road3DspritesPAL:
   0000 FF 7F                42 	.dw #0x7fff
   0002 43 7F                43 	.dw #0x7f43
   0004 1B 70                44 	.dw #0x701b
   0006 00 00                45 	.dw #0x0000
   0008 FF 7F                46 	.dw #0x7fff
   000A 43 7F                47 	.dw #0x7f43
   000C 2D 14                48 	.dw #0x142d
   000E 00 00                49 	.dw #0x0000
   0010 FF 7F                50 	.dw #0x7fff
   0012 BF 7F                51 	.dw #0x7fbf
   0014 1B 70                52 	.dw #0x701b
   0016 00 00                53 	.dw #0x0000
   0018 FF 7F                54 	.dw #0x7fff
   001A 10 42                55 	.dw #0x4210
   001C 2D 14                56 	.dw #0x142d
   001E 00 00                57 	.dw #0x0000
   0020 FF 7F                58 	.dw #0x7fff
   0022 10 42                59 	.dw #0x4210
   0024 1B 70                60 	.dw #0x701b
   0026 00 00                61 	.dw #0x0000
   0028 FF 7F                62 	.dw #0x7fff
   002A 3E 56                63 	.dw #0x563e
   002C 16 18                64 	.dw #0x1816
   002E 00 00                65 	.dw #0x0000
   0030 FF 7F                66 	.dw #0x7fff
   0032 3C 02                67 	.dw #0x023c
   0034 16 18                68 	.dw #0x1816
   0036 00 00                69 	.dw #0x0000
   0038 00 00                70 	.dw #0x0000
   003A 00 00                71 	.dw #0x0000
   003C FF 7F                72 	.dw #0x7fff
   003E 1D 5B                73 	.dw #0x5b1d
   0040                      74 _Road3Dsprites:
   0040 00                   75 	.db #0x00	; 0
   0041 00                   76 	.db #0x00	; 0
   0042 07                   77 	.db #0x07	; 7
   0043 07                   78 	.db #0x07	; 7
   0044 18                   79 	.db #0x18	; 24
   0045 1F                   80 	.db #0x1f	; 31
   0046 10                   81 	.db #0x10	; 16
   0047 1F                   82 	.db #0x1f	; 31
   0048 20                   83 	.db #0x20	; 32
   0049 3F                   84 	.db #0x3f	; 63
   004A 21                   85 	.db #0x21	; 33
   004B 3F                   86 	.db #0x3f	; 63
   004C 21                   87 	.db #0x21	; 33
   004D 3F                   88 	.db #0x3f	; 63
   004E 21                   89 	.db #0x21	; 33
   004F 3F                   90 	.db #0x3f	; 63
   0050 21                   91 	.db #0x21	; 33
   0051 3F                   92 	.db #0x3f	; 63
   0052 41                   93 	.db #0x41	; 65	'A'
   0053 7F                   94 	.db #0x7f	; 127
   0054 41                   95 	.db #0x41	; 65	'A'
   0055 7F                   96 	.db #0x7f	; 127
   0056 41                   97 	.db #0x41	; 65	'A'
   0057 7F                   98 	.db #0x7f	; 127
   0058 41                   99 	.db #0x41	; 65	'A'
   0059 7F                  100 	.db #0x7f	; 127
   005A 41                  101 	.db #0x41	; 65	'A'
   005B 7F                  102 	.db #0x7f	; 127
   005C 71                  103 	.db #0x71	; 113	'q'
   005D 7F                  104 	.db #0x7f	; 127
   005E 4F                  105 	.db #0x4f	; 79	'O'
   005F 7F                  106 	.db #0x7f	; 127
   0060 FF                  107 	.db #0xff	; 255
   0061 FF                  108 	.db #0xff	; 255
   0062 00                  109 	.db #0x00	; 0
   0063 FF                  110 	.db #0xff	; 255
   0064 00                  111 	.db #0x00	; 0
   0065 FF                  112 	.db #0xff	; 255
   0066 1F                  113 	.db #0x1f	; 31
   0067 FF                  114 	.db #0xff	; 255
   0068 FF                  115 	.db #0xff	; 255
   0069 E0                  116 	.db #0xe0	; 224
   006A FF                  117 	.db #0xff	; 255
   006B 80                  118 	.db #0x80	; 128
   006C FF                  119 	.db #0xff	; 255
   006D C0                  120 	.db #0xc0	; 192
   006E FF                  121 	.db #0xff	; 255
   006F A8                  122 	.db #0xa8	; 168
   0070 FF                  123 	.db #0xff	; 255
   0071 C0                  124 	.db #0xc0	; 192
   0072 FF                  125 	.db #0xff	; 255
   0073 C0                  126 	.db #0xc0	; 192
   0074 FF                  127 	.db #0xff	; 255
   0075 D4                  128 	.db #0xd4	; 212
   0076 FF                  129 	.db #0xff	; 255
   0077 E0                  130 	.db #0xe0	; 224
   0078 FF                  131 	.db #0xff	; 255
   0079 E8                  132 	.db #0xe8	; 232
   007A FF                  133 	.db #0xff	; 255
   007B F0                  134 	.db #0xf0	; 240
   007C FF                  135 	.db #0xff	; 255
   007D F4                  136 	.db #0xf4	; 244
   007E FF                  137 	.db #0xff	; 255
   007F FA                  138 	.db #0xfa	; 250
   0080 F0                  139 	.db #0xf0	; 240
   0081 F0                  140 	.db #0xf0	; 240
   0082 0F                  141 	.db #0x0f	; 15
   0083 FF                  142 	.db #0xff	; 255
   0084 00                  143 	.db #0x00	; 0
   0085 FF                  144 	.db #0xff	; 255
   0086 F8                  145 	.db #0xf8	; 248
   0087 FF                  146 	.db #0xff	; 255
   0088 FF                  147 	.db #0xff	; 255
   0089 07                  148 	.db #0x07	; 7
   008A FF                  149 	.db #0xff	; 255
   008B 00                  150 	.db #0x00	; 0
   008C FF                  151 	.db #0xff	; 255
   008D 00                  152 	.db #0x00	; 0
   008E FF                  153 	.db #0xff	; 255
   008F 00                  154 	.db #0x00	; 0
   0090 FF                  155 	.db #0xff	; 255
   0091 00                  156 	.db #0x00	; 0
   0092 FF                  157 	.db #0xff	; 255
   0093 00                  158 	.db #0x00	; 0
   0094 FF                  159 	.db #0xff	; 255
   0095 00                  160 	.db #0x00	; 0
   0096 FF                  161 	.db #0xff	; 255
   0097 00                  162 	.db #0x00	; 0
   0098 FF                  163 	.db #0xff	; 255
   0099 00                  164 	.db #0x00	; 0
   009A FF                  165 	.db #0xff	; 255
   009B 00                  166 	.db #0x00	; 0
   009C FF                  167 	.db #0xff	; 255
   009D 00                  168 	.db #0x00	; 0
   009E FF                  169 	.db #0xff	; 255
   009F 01                  170 	.db #0x01	; 1
   00A0 00                  171 	.db #0x00	; 0
   00A1 00                  172 	.db #0x00	; 0
   00A2 E0                  173 	.db #0xe0	; 224
   00A3 E0                  174 	.db #0xe0	; 224
   00A4 78                  175 	.db #0x78	; 120	'x'
   00A5 98                  176 	.db #0x98	; 152
   00A6 38                  177 	.db #0x38	; 56	'8'
   00A7 C8                  178 	.db #0xc8	; 200
   00A8 3C                  179 	.db #0x3c	; 60
   00A9 C4                  180 	.db #0xc4	; 196
   00AA 9C                  181 	.db #0x9c	; 156
   00AB E4                  182 	.db #0xe4	; 228
   00AC 9C                  183 	.db #0x9c	; 156
   00AD E4                  184 	.db #0xe4	; 228
   00AE 8C                  185 	.db #0x8c	; 140
   00AF F4                  186 	.db #0xf4	; 244
   00B0 8C                  187 	.db #0x8c	; 140
   00B1 F4                  188 	.db #0xf4	; 244
   00B2 8E                  189 	.db #0x8e	; 142
   00B3 F2                  190 	.db #0xf2	; 242
   00B4 8E                  191 	.db #0x8e	; 142
   00B5 F2                  192 	.db #0xf2	; 242
   00B6 8E                  193 	.db #0x8e	; 142
   00B7 F2                  194 	.db #0xf2	; 242
   00B8 8E                  195 	.db #0x8e	; 142
   00B9 F2                  196 	.db #0xf2	; 242
   00BA 8E                  197 	.db #0x8e	; 142
   00BB F2                  198 	.db #0xf2	; 242
   00BC 8E                  199 	.db #0x8e	; 142
   00BD FE                  200 	.db #0xfe	; 254
   00BE FE                  201 	.db #0xfe	; 254
   00BF F2                  202 	.db #0xf2	; 242
   00C0 40                  203 	.db #0x40	; 64
   00C1 7F                  204 	.db #0x7f	; 127
   00C2 40                  205 	.db #0x40	; 64
   00C3 7F                  206 	.db #0x7f	; 127
   00C4 78                  207 	.db #0x78	; 120	'x'
   00C5 7F                  208 	.db #0x7f	; 127
   00C6 44                  209 	.db #0x44	; 68	'D'
   00C7 7F                  210 	.db #0x7f	; 127
   00C8 44                  211 	.db #0x44	; 68	'D'
   00C9 7F                  212 	.db #0x7f	; 127
   00CA 24                  213 	.db #0x24	; 36
   00CB 3F                  214 	.db #0x3f	; 63
   00CC 24                  215 	.db #0x24	; 36
   00CD 3F                  216 	.db #0x3f	; 63
   00CE 7F                  217 	.db #0x7f	; 127
   00CF 7F                  218 	.db #0x7f	; 127
   00D0 7F                  219 	.db #0x7f	; 127
   00D1 7B                  220 	.db #0x7b	; 123
   00D2 7F                  221 	.db #0x7f	; 127
   00D3 5D                  222 	.db #0x5d	; 93
   00D4 7F                  223 	.db #0x7f	; 127
   00D5 6F                  224 	.db #0x6f	; 111	'o'
   00D6 3F                  225 	.db #0x3f	; 63
   00D7 3F                  226 	.db #0x3f	; 63
   00D8 07                  227 	.db #0x07	; 7
   00D9 07                  228 	.db #0x07	; 7
   00DA 00                  229 	.db #0x00	; 0
   00DB 00                  230 	.db #0x00	; 0
   00DC 00                  231 	.db #0x00	; 0
   00DD 00                  232 	.db #0x00	; 0
   00DE 00                  233 	.db #0x00	; 0
   00DF 00                  234 	.db #0x00	; 0
   00E0 FF                  235 	.db #0xff	; 255
   00E1 FF                  236 	.db #0xff	; 255
   00E2 00                  237 	.db #0x00	; 0
   00E3 FF                  238 	.db #0xff	; 255
   00E4 B0                  239 	.db #0xb0	; 176
   00E5 FF                  240 	.db #0xff	; 255
   00E6 00                  241 	.db #0x00	; 0
   00E7 FF                  242 	.db #0xff	; 255
   00E8 00                  243 	.db #0x00	; 0
   00E9 FF                  244 	.db #0xff	; 255
   00EA 00                  245 	.db #0x00	; 0
   00EB FF                  246 	.db #0xff	; 255
   00EC 00                  247 	.db #0x00	; 0
   00ED FF                  248 	.db #0xff	; 255
   00EE FF                  249 	.db #0xff	; 255
   00EF FF                  250 	.db #0xff	; 255
   00F0 FF                  251 	.db #0xff	; 255
   00F1 44                  252 	.db #0x44	; 68	'D'
   00F2 FF                  253 	.db #0xff	; 255
   00F3 00                  254 	.db #0x00	; 0
   00F4 FF                  255 	.db #0xff	; 255
   00F5 00                  256 	.db #0x00	; 0
   00F6 FF                  257 	.db #0xff	; 255
   00F7 60                  258 	.db #0x60	; 96
   00F8 FF                  259 	.db #0xff	; 255
   00F9 FF                  260 	.db #0xff	; 255
   00FA 00                  261 	.db #0x00	; 0
   00FB 00                  262 	.db #0x00	; 0
   00FC 00                  263 	.db #0x00	; 0
   00FD 00                  264 	.db #0x00	; 0
   00FE 00                  265 	.db #0x00	; 0
   00FF 00                  266 	.db #0x00	; 0
   0100 FF                  267 	.db #0xff	; 255
   0101 FF                  268 	.db #0xff	; 255
   0102 00                  269 	.db #0x00	; 0
   0103 FF                  270 	.db #0xff	; 255
   0104 FF                  271 	.db #0xff	; 255
   0105 FF                  272 	.db #0xff	; 255
   0106 FF                  273 	.db #0xff	; 255
   0107 A2                  274 	.db #0xa2	; 162
   0108 FF                  275 	.db #0xff	; 255
   0109 A6                  276 	.db #0xa6	; 166
   010A FF                  277 	.db #0xff	; 255
   010B FF                  278 	.db #0xff	; 255
   010C 00                  279 	.db #0x00	; 0
   010D FF                  280 	.db #0xff	; 255
   010E FF                  281 	.db #0xff	; 255
   010F FF                  282 	.db #0xff	; 255
   0110 FF                  283 	.db #0xff	; 255
   0111 80                  284 	.db #0x80	; 128
   0112 FF                  285 	.db #0xff	; 255
   0113 C2                  286 	.db #0xc2	; 194
   0114 FF                  287 	.db #0xff	; 255
   0115 68                  288 	.db #0x68	; 104	'h'
   0116 FF                  289 	.db #0xff	; 255
   0117 F4                  290 	.db #0xf4	; 244
   0118 FF                  291 	.db #0xff	; 255
   0119 FF                  292 	.db #0xff	; 255
   011A 00                  293 	.db #0x00	; 0
   011B 00                  294 	.db #0x00	; 0
   011C 00                  295 	.db #0x00	; 0
   011D 00                  296 	.db #0x00	; 0
   011E 00                  297 	.db #0x00	; 0
   011F 00                  298 	.db #0x00	; 0
   0120 0E                  299 	.db #0x0e	; 14
   0121 F2                  300 	.db #0xf2	; 242
   0122 0E                  301 	.db #0x0e	; 14
   0123 F2                  302 	.db #0xf2	; 242
   0124 8E                  303 	.db #0x8e	; 142
   0125 F2                  304 	.db #0xf2	; 242
   0126 8E                  305 	.db #0x8e	; 142
   0127 F2                  306 	.db #0xf2	; 242
   0128 8E                  307 	.db #0x8e	; 142
   0129 F2                  308 	.db #0xf2	; 242
   012A 1C                  309 	.db #0x1c	; 28
   012B E4                  310 	.db #0xe4	; 228
   012C 1C                  311 	.db #0x1c	; 28
   012D E4                  312 	.db #0xe4	; 228
   012E FE                  313 	.db #0xfe	; 254
   012F FE                  314 	.db #0xfe	; 254
   0130 FE                  315 	.db #0xfe	; 254
   0131 52                  316 	.db #0x52	; 82	'R'
   0132 FE                  317 	.db #0xfe	; 254
   0133 02                  318 	.db #0x02	; 2
   0134 FE                  319 	.db #0xfe	; 254
   0135 02                  320 	.db #0x02	; 2
   0136 FC                  321 	.db #0xfc	; 252
   0137 CC                  322 	.db #0xcc	; 204
   0138 F0                  323 	.db #0xf0	; 240
   0139 F0                  324 	.db #0xf0	; 240
   013A 00                  325 	.db #0x00	; 0
   013B 00                  326 	.db #0x00	; 0
   013C 00                  327 	.db #0x00	; 0
   013D 00                  328 	.db #0x00	; 0
   013E 00                  329 	.db #0x00	; 0
   013F 00                  330 	.db #0x00	; 0
   0140 07                  331 	.db #0x07	; 7
   0141 07                  332 	.db #0x07	; 7
   0142 0F                  333 	.db #0x0f	; 15
   0143 0F                  334 	.db #0x0f	; 15
   0144 0F                  335 	.db #0x0f	; 15
   0145 0F                  336 	.db #0x0f	; 15
   0146 0F                  337 	.db #0x0f	; 15
   0147 0F                  338 	.db #0x0f	; 15
   0148 07                  339 	.db #0x07	; 7
   0149 07                  340 	.db #0x07	; 7
   014A 03                  341 	.db #0x03	; 3
   014B 03                  342 	.db #0x03	; 3
   014C 00                  343 	.db #0x00	; 0
   014D 00                  344 	.db #0x00	; 0
   014E 00                  345 	.db #0x00	; 0
   014F 00                  346 	.db #0x00	; 0
   0150 00                  347 	.db #0x00	; 0
   0151 00                  348 	.db #0x00	; 0
   0152 00                  349 	.db #0x00	; 0
   0153 00                  350 	.db #0x00	; 0
   0154 00                  351 	.db #0x00	; 0
   0155 00                  352 	.db #0x00	; 0
   0156 00                  353 	.db #0x00	; 0
   0157 00                  354 	.db #0x00	; 0
   0158 00                  355 	.db #0x00	; 0
   0159 00                  356 	.db #0x00	; 0
   015A 00                  357 	.db #0x00	; 0
   015B 00                  358 	.db #0x00	; 0
   015C 00                  359 	.db #0x00	; 0
   015D 00                  360 	.db #0x00	; 0
   015E 00                  361 	.db #0x00	; 0
   015F 00                  362 	.db #0x00	; 0
   0160 FF                  363 	.db #0xff	; 255
   0161 FF                  364 	.db #0xff	; 255
   0162 FF                  365 	.db #0xff	; 255
   0163 FF                  366 	.db #0xff	; 255
   0164 FF                  367 	.db #0xff	; 255
   0165 FF                  368 	.db #0xff	; 255
   0166 FF                  369 	.db #0xff	; 255
   0167 FF                  370 	.db #0xff	; 255
   0168 FF                  371 	.db #0xff	; 255
   0169 FF                  372 	.db #0xff	; 255
   016A FE                  373 	.db #0xfe	; 254
   016B FE                  374 	.db #0xfe	; 254
   016C 00                  375 	.db #0x00	; 0
   016D 00                  376 	.db #0x00	; 0
   016E 00                  377 	.db #0x00	; 0
   016F 00                  378 	.db #0x00	; 0
   0170 00                  379 	.db #0x00	; 0
   0171 00                  380 	.db #0x00	; 0
   0172 00                  381 	.db #0x00	; 0
   0173 00                  382 	.db #0x00	; 0
   0174 00                  383 	.db #0x00	; 0
   0175 00                  384 	.db #0x00	; 0
   0176 00                  385 	.db #0x00	; 0
   0177 00                  386 	.db #0x00	; 0
   0178 00                  387 	.db #0x00	; 0
   0179 00                  388 	.db #0x00	; 0
   017A 00                  389 	.db #0x00	; 0
   017B 00                  390 	.db #0x00	; 0
   017C 00                  391 	.db #0x00	; 0
   017D 00                  392 	.db #0x00	; 0
   017E 00                  393 	.db #0x00	; 0
   017F 00                  394 	.db #0x00	; 0
   0180 FF                  395 	.db #0xff	; 255
   0181 FF                  396 	.db #0xff	; 255
   0182 FF                  397 	.db #0xff	; 255
   0183 FF                  398 	.db #0xff	; 255
   0184 FF                  399 	.db #0xff	; 255
   0185 FF                  400 	.db #0xff	; 255
   0186 FF                  401 	.db #0xff	; 255
   0187 FF                  402 	.db #0xff	; 255
   0188 FF                  403 	.db #0xff	; 255
   0189 FF                  404 	.db #0xff	; 255
   018A FE                  405 	.db #0xfe	; 254
   018B FE                  406 	.db #0xfe	; 254
   018C 00                  407 	.db #0x00	; 0
   018D 00                  408 	.db #0x00	; 0
   018E 00                  409 	.db #0x00	; 0
   018F 00                  410 	.db #0x00	; 0
   0190 00                  411 	.db #0x00	; 0
   0191 00                  412 	.db #0x00	; 0
   0192 00                  413 	.db #0x00	; 0
   0193 00                  414 	.db #0x00	; 0
   0194 00                  415 	.db #0x00	; 0
   0195 00                  416 	.db #0x00	; 0
   0196 00                  417 	.db #0x00	; 0
   0197 00                  418 	.db #0x00	; 0
   0198 00                  419 	.db #0x00	; 0
   0199 00                  420 	.db #0x00	; 0
   019A 00                  421 	.db #0x00	; 0
   019B 00                  422 	.db #0x00	; 0
   019C 00                  423 	.db #0x00	; 0
   019D 00                  424 	.db #0x00	; 0
   019E 00                  425 	.db #0x00	; 0
   019F 00                  426 	.db #0x00	; 0
   01A0 F0                  427 	.db #0xf0	; 240
   01A1 F0                  428 	.db #0xf0	; 240
   01A2 F8                  429 	.db #0xf8	; 248
   01A3 F8                  430 	.db #0xf8	; 248
   01A4 F8                  431 	.db #0xf8	; 248
   01A5 F8                  432 	.db #0xf8	; 248
   01A6 F8                  433 	.db #0xf8	; 248
   01A7 F8                  434 	.db #0xf8	; 248
   01A8 F0                  435 	.db #0xf0	; 240
   01A9 F0                  436 	.db #0xf0	; 240
   01AA E0                  437 	.db #0xe0	; 224
   01AB E0                  438 	.db #0xe0	; 224
   01AC 00                  439 	.db #0x00	; 0
   01AD 00                  440 	.db #0x00	; 0
   01AE 00                  441 	.db #0x00	; 0
   01AF 00                  442 	.db #0x00	; 0
   01B0 00                  443 	.db #0x00	; 0
   01B1 00                  444 	.db #0x00	; 0
   01B2 00                  445 	.db #0x00	; 0
   01B3 00                  446 	.db #0x00	; 0
   01B4 00                  447 	.db #0x00	; 0
   01B5 00                  448 	.db #0x00	; 0
   01B6 00                  449 	.db #0x00	; 0
   01B7 00                  450 	.db #0x00	; 0
   01B8 00                  451 	.db #0x00	; 0
   01B9 00                  452 	.db #0x00	; 0
   01BA 00                  453 	.db #0x00	; 0
   01BB 00                  454 	.db #0x00	; 0
   01BC 00                  455 	.db #0x00	; 0
   01BD 00                  456 	.db #0x00	; 0
   01BE 00                  457 	.db #0x00	; 0
   01BF 00                  458 	.db #0x00	; 0
   01C0 00                  459 	.db #0x00	; 0
   01C1 00                  460 	.db #0x00	; 0
   01C2 00                  461 	.db #0x00	; 0
   01C3 00                  462 	.db #0x00	; 0
   01C4 03                  463 	.db #0x03	; 3
   01C5 03                  464 	.db #0x03	; 3
   01C6 03                  465 	.db #0x03	; 3
   01C7 02                  466 	.db #0x02	; 2
   01C8 07                  467 	.db #0x07	; 7
   01C9 04                  468 	.db #0x04	; 4
   01CA 07                  469 	.db #0x07	; 7
   01CB 04                  470 	.db #0x04	; 4
   01CC 07                  471 	.db #0x07	; 7
   01CD 04                  472 	.db #0x04	; 4
   01CE 09                  473 	.db #0x09	; 9
   01CF 0E                  474 	.db #0x0e	; 14
   01D0 10                  475 	.db #0x10	; 16
   01D1 1F                  476 	.db #0x1f	; 31
   01D2 11                  477 	.db #0x11	; 17
   01D3 1E                  478 	.db #0x1e	; 30
   01D4 17                  479 	.db #0x17	; 23
   01D5 18                  480 	.db #0x18	; 24
   01D6 11                  481 	.db #0x11	; 17
   01D7 1E                  482 	.db #0x1e	; 30
   01D8 10                  483 	.db #0x10	; 16
   01D9 1F                  484 	.db #0x1f	; 31
   01DA 3A                  485 	.db #0x3a	; 58
   01DB 3D                  486 	.db #0x3d	; 61
   01DC 38                  487 	.db #0x38	; 56	'8'
   01DD 3F                  488 	.db #0x3f	; 63
   01DE 3C                  489 	.db #0x3c	; 60
   01DF 3F                  490 	.db #0x3f	; 63
   01E0 00                  491 	.db #0x00	; 0
   01E1 00                  492 	.db #0x00	; 0
   01E2 00                  493 	.db #0x00	; 0
   01E3 00                  494 	.db #0x00	; 0
   01E4 C0                  495 	.db #0xc0	; 192
   01E5 C0                  496 	.db #0xc0	; 192
   01E6 E0                  497 	.db #0xe0	; 224
   01E7 20                  498 	.db #0x20	; 32
   01E8 F0                  499 	.db #0xf0	; 240
   01E9 10                  500 	.db #0x10	; 16
   01EA F8                  501 	.db #0xf8	; 248
   01EB 08                  502 	.db #0x08	; 8
   01EC F8                  503 	.db #0xf8	; 248
   01ED 08                  504 	.db #0x08	; 8
   01EE 58                  505 	.db #0x58	; 88	'X'
   01EF A8                  506 	.db #0xa8	; 168
   01F0 7C                  507 	.db #0x7c	; 124
   01F1 84                  508 	.db #0x84	; 132
   01F2 7C                  509 	.db #0x7c	; 124
   01F3 84                  510 	.db #0x84	; 132
   01F4 1E                  511 	.db #0x1e	; 30
   01F5 E2                  512 	.db #0xe2	; 226
   01F6 BF                  513 	.db #0xbf	; 191
   01F7 41                  514 	.db #0x41	; 65	'A'
   01F8 6B                  515 	.db #0x6b	; 107	'k'
   01F9 95                  516 	.db #0x95	; 149
   01FA 2F                  517 	.db #0x2f	; 47
   01FB D1                  518 	.db #0xd1	; 209
   01FC 27                  519 	.db #0x27	; 39
   01FD D9                  520 	.db #0xd9	; 217
   01FE 5F                  521 	.db #0x5f	; 95
   01FF A1                  522 	.db #0xa1	; 161
   0200 03                  523 	.db #0x03	; 3
   0201 03                  524 	.db #0x03	; 3
   0202 0F                  525 	.db #0x0f	; 15
   0203 0C                  526 	.db #0x0c	; 12
   0204 1F                  527 	.db #0x1f	; 31
   0205 10                  528 	.db #0x10	; 16
   0206 23                  529 	.db #0x23	; 35
   0207 3C                  530 	.db #0x3c	; 60
   0208 23                  531 	.db #0x23	; 35
   0209 3C                  532 	.db #0x3c	; 60
   020A 41                  533 	.db #0x41	; 65	'A'
   020B 7E                  534 	.db #0x7e	; 126
   020C 40                  535 	.db #0x40	; 64
   020D 7F                  536 	.db #0x7f	; 127
   020E 41                  537 	.db #0x41	; 65	'A'
   020F 7E                  538 	.db #0x7e	; 126
   0210 47                  539 	.db #0x47	; 71	'G'
   0211 78                  540 	.db #0x78	; 120	'x'
   0212 81                  541 	.db #0x81	; 129
   0213 FE                  542 	.db #0xfe	; 254
   0214 80                  543 	.db #0x80	; 128
   0215 FF                  544 	.db #0xff	; 255
   0216 82                  545 	.db #0x82	; 130
   0217 FD                  546 	.db #0xfd	; 253
   0218 80                  547 	.db #0x80	; 128
   0219 FF                  548 	.db #0xff	; 255
   021A 80                  549 	.db #0x80	; 128
   021B FF                  550 	.db #0xff	; 255
   021C 80                  551 	.db #0x80	; 128
   021D FF                  552 	.db #0xff	; 255
   021E 80                  553 	.db #0x80	; 128
   021F FF                  554 	.db #0xff	; 255
   0220 C0                  555 	.db #0xc0	; 192
   0221 C0                  556 	.db #0xc0	; 192
   0222 F0                  557 	.db #0xf0	; 240
   0223 30                  558 	.db #0x30	; 48	'0'
   0224 F8                  559 	.db #0xf8	; 248
   0225 08                  560 	.db #0x08	; 8
   0226 FC                  561 	.db #0xfc	; 252
   0227 04                  562 	.db #0x04	; 4
   0228 FC                  563 	.db #0xfc	; 252
   0229 04                  564 	.db #0x04	; 4
   022A 5E                  565 	.db #0x5e	; 94
   022B A2                  566 	.db #0xa2	; 162
   022C 7E                  567 	.db #0x7e	; 126
   022D 82                  568 	.db #0x82	; 130
   022E 7E                  569 	.db #0x7e	; 126
   022F 82                  570 	.db #0x82	; 130
   0230 1E                  571 	.db #0x1e	; 30
   0231 E2                  572 	.db #0xe2	; 226
   0232 BF                  573 	.db #0xbf	; 191
   0233 41                  574 	.db #0x41	; 65	'A'
   0234 6F                  575 	.db #0x6f	; 111	'o'
   0235 91                  576 	.db #0x91	; 145
   0236 2F                  577 	.db #0x2f	; 47
   0237 D1                  578 	.db #0xd1	; 209
   0238 2F                  579 	.db #0x2f	; 47
   0239 D1                  580 	.db #0xd1	; 209
   023A 5F                  581 	.db #0x5f	; 95
   023B A1                  582 	.db #0xa1	; 161
   023C 0F                  583 	.db #0x0f	; 15
   023D F1                  584 	.db #0xf1	; 241
   023E 03                  585 	.db #0x03	; 3
   023F FD                  586 	.db #0xfd	; 253
   0240 80                  587 	.db #0x80	; 128
   0241 FF                  588 	.db #0xff	; 255
   0242 40                  589 	.db #0x40	; 64
   0243 7F                  590 	.db #0x7f	; 127
   0244 40                  591 	.db #0x40	; 64
   0245 7F                  592 	.db #0x7f	; 127
   0246 20                  593 	.db #0x20	; 32
   0247 3F                  594 	.db #0x3f	; 63
   0248 20                  595 	.db #0x20	; 32
   0249 3F                  596 	.db #0x3f	; 63
   024A 18                  597 	.db #0x18	; 24
   024B 1F                  598 	.db #0x1f	; 31
   024C 07                  599 	.db #0x07	; 7
   024D 07                  600 	.db #0x07	; 7
   024E 03                  601 	.db #0x03	; 3
   024F 02                  602 	.db #0x02	; 2
   0250 03                  603 	.db #0x03	; 3
   0251 03                  604 	.db #0x03	; 3
   0252 03                  605 	.db #0x03	; 3
   0253 02                  606 	.db #0x02	; 2
   0254 03                  607 	.db #0x03	; 3
   0255 02                  608 	.db #0x02	; 2
   0256 03                  609 	.db #0x03	; 3
   0257 03                  610 	.db #0x03	; 3
   0258 03                  611 	.db #0x03	; 3
   0259 02                  612 	.db #0x02	; 2
   025A 03                  613 	.db #0x03	; 3
   025B 03                  614 	.db #0x03	; 3
   025C 77                  615 	.db #0x77	; 119	'w'
   025D 76                  616 	.db #0x76	; 118	'v'
   025E FF                  617 	.db #0xff	; 255
   025F FF                  618 	.db #0xff	; 255
   0260 01                  619 	.db #0x01	; 1
   0261 FF                  620 	.db #0xff	; 255
   0262 02                  621 	.db #0x02	; 2
   0263 FE                  622 	.db #0xfe	; 254
   0264 02                  623 	.db #0x02	; 2
   0265 FE                  624 	.db #0xfe	; 254
   0266 04                  625 	.db #0x04	; 4
   0267 FC                  626 	.db #0xfc	; 252
   0268 04                  627 	.db #0x04	; 4
   0269 FC                  628 	.db #0xfc	; 252
   026A 18                  629 	.db #0x18	; 24
   026B F8                  630 	.db #0xf8	; 248
   026C E0                  631 	.db #0xe0	; 224
   026D E0                  632 	.db #0xe0	; 224
   026E C0                  633 	.db #0xc0	; 192
   026F 40                  634 	.db #0x40	; 64
   0270 C0                  635 	.db #0xc0	; 192
   0271 40                  636 	.db #0x40	; 64
   0272 C0                  637 	.db #0xc0	; 192
   0273 40                  638 	.db #0x40	; 64
   0274 C0                  639 	.db #0xc0	; 192
   0275 40                  640 	.db #0x40	; 64
   0276 C0                  641 	.db #0xc0	; 192
   0277 40                  642 	.db #0x40	; 64
   0278 C0                  643 	.db #0xc0	; 192
   0279 40                  644 	.db #0x40	; 64
   027A C0                  645 	.db #0xc0	; 192
   027B 40                  646 	.db #0x40	; 64
   027C C0                  647 	.db #0xc0	; 192
   027D 40                  648 	.db #0x40	; 64
   027E C0                  649 	.db #0xc0	; 192
   027F 40                  650 	.db #0x40	; 64
   0280 5D                  651 	.db #0x5d	; 93
   0281 A2                  652 	.db #0xa2	; 162
   0282 5D                  653 	.db #0x5d	; 93
   0283 A2                  654 	.db #0xa2	; 162
   0284 1D                  655 	.db #0x1d	; 29
   0285 E2                  656 	.db #0xe2	; 226
   0286 FF                  657 	.db #0xff	; 255
   0287 00                  658 	.db #0x00	; 0
   0288 FF                  659 	.db #0xff	; 255
   0289 00                  660 	.db #0x00	; 0
   028A FF                  661 	.db #0xff	; 255
   028B 00                  662 	.db #0x00	; 0
   028C FF                  663 	.db #0xff	; 255
   028D FF                  664 	.db #0xff	; 255
   028E 00                  665 	.db #0x00	; 0
   028F 00                  666 	.db #0x00	; 0
   0290 00                  667 	.db #0x00	; 0
   0291 00                  668 	.db #0x00	; 0
   0292 00                  669 	.db #0x00	; 0
   0293 00                  670 	.db #0x00	; 0
   0294 00                  671 	.db #0x00	; 0
   0295 00                  672 	.db #0x00	; 0
   0296 00                  673 	.db #0x00	; 0
   0297 00                  674 	.db #0x00	; 0
   0298 00                  675 	.db #0x00	; 0
   0299 00                  676 	.db #0x00	; 0
   029A 00                  677 	.db #0x00	; 0
   029B 00                  678 	.db #0x00	; 0
   029C 00                  679 	.db #0x00	; 0
   029D 00                  680 	.db #0x00	; 0
   029E 00                  681 	.db #0x00	; 0
   029F 00                  682 	.db #0x00	; 0
   02A0 43                  683 	.db #0x43	; 67	'C'
   02A1 BD                  684 	.db #0xbd	; 189
   02A2 77                  685 	.db #0x77	; 119	'w'
   02A3 89                  686 	.db #0x89	; 137
   02A4 6F                  687 	.db #0x6f	; 111	'o'
   02A5 91                  688 	.db #0x91	; 145
   02A6 FF                  689 	.db #0xff	; 255
   02A7 01                  690 	.db #0x01	; 1
   02A8 FF                  691 	.db #0xff	; 255
   02A9 01                  692 	.db #0x01	; 1
   02AA FF                  693 	.db #0xff	; 255
   02AB 03                  694 	.db #0x03	; 3
   02AC FE                  695 	.db #0xfe	; 254
   02AD FE                  696 	.db #0xfe	; 254
   02AE A0                  697 	.db #0xa0	; 160
   02AF E0                  698 	.db #0xe0	; 224
   02B0 A0                  699 	.db #0xa0	; 160
   02B1 E0                  700 	.db #0xe0	; 224
   02B2 A0                  701 	.db #0xa0	; 160
   02B3 E0                  702 	.db #0xe0	; 224
   02B4 A0                  703 	.db #0xa0	; 160
   02B5 E0                  704 	.db #0xe0	; 224
   02B6 A0                  705 	.db #0xa0	; 160
   02B7 E0                  706 	.db #0xe0	; 224
   02B8 A0                  707 	.db #0xa0	; 160
   02B9 E0                  708 	.db #0xe0	; 224
   02BA A0                  709 	.db #0xa0	; 160
   02BB E0                  710 	.db #0xe0	; 224
   02BC A0                  711 	.db #0xa0	; 160
   02BD E0                  712 	.db #0xe0	; 224
   02BE A0                  713 	.db #0xa0	; 160
   02BF E0                  714 	.db #0xe0	; 224
   02C0 00                  715 	.db #0x00	; 0
   02C1 00                  716 	.db #0x00	; 0
   02C2 00                  717 	.db #0x00	; 0
   02C3 00                  718 	.db #0x00	; 0
   02C4 00                  719 	.db #0x00	; 0
   02C5 00                  720 	.db #0x00	; 0
   02C6 00                  721 	.db #0x00	; 0
   02C7 00                  722 	.db #0x00	; 0
   02C8 00                  723 	.db #0x00	; 0
   02C9 00                  724 	.db #0x00	; 0
   02CA 00                  725 	.db #0x00	; 0
   02CB 00                  726 	.db #0x00	; 0
   02CC 00                  727 	.db #0x00	; 0
   02CD 00                  728 	.db #0x00	; 0
   02CE 00                  729 	.db #0x00	; 0
   02CF 00                  730 	.db #0x00	; 0
   02D0 00                  731 	.db #0x00	; 0
   02D1 00                  732 	.db #0x00	; 0
   02D2 00                  733 	.db #0x00	; 0
   02D3 00                  734 	.db #0x00	; 0
   02D4 00                  735 	.db #0x00	; 0
   02D5 00                  736 	.db #0x00	; 0
   02D6 00                  737 	.db #0x00	; 0
   02D7 00                  738 	.db #0x00	; 0
   02D8 00                  739 	.db #0x00	; 0
   02D9 00                  740 	.db #0x00	; 0
   02DA 00                  741 	.db #0x00	; 0
   02DB 00                  742 	.db #0x00	; 0
   02DC 00                  743 	.db #0x00	; 0
   02DD 00                  744 	.db #0x00	; 0
   02DE 00                  745 	.db #0x00	; 0
   02DF 00                  746 	.db #0x00	; 0
   02E0 00                  747 	.db #0x00	; 0
   02E1 00                  748 	.db #0x00	; 0
   02E2 00                  749 	.db #0x00	; 0
   02E3 00                  750 	.db #0x00	; 0
   02E4 00                  751 	.db #0x00	; 0
   02E5 00                  752 	.db #0x00	; 0
   02E6 00                  753 	.db #0x00	; 0
   02E7 00                  754 	.db #0x00	; 0
   02E8 00                  755 	.db #0x00	; 0
   02E9 00                  756 	.db #0x00	; 0
   02EA 00                  757 	.db #0x00	; 0
   02EB 00                  758 	.db #0x00	; 0
   02EC 00                  759 	.db #0x00	; 0
   02ED 00                  760 	.db #0x00	; 0
   02EE 00                  761 	.db #0x00	; 0
   02EF 00                  762 	.db #0x00	; 0
   02F0 00                  763 	.db #0x00	; 0
   02F1 00                  764 	.db #0x00	; 0
   02F2 00                  765 	.db #0x00	; 0
   02F3 00                  766 	.db #0x00	; 0
   02F4 00                  767 	.db #0x00	; 0
   02F5 00                  768 	.db #0x00	; 0
   02F6 00                  769 	.db #0x00	; 0
   02F7 00                  770 	.db #0x00	; 0
   02F8 00                  771 	.db #0x00	; 0
   02F9 00                  772 	.db #0x00	; 0
   02FA 00                  773 	.db #0x00	; 0
   02FB 00                  774 	.db #0x00	; 0
   02FC 00                  775 	.db #0x00	; 0
   02FD 00                  776 	.db #0x00	; 0
   02FE 00                  777 	.db #0x00	; 0
   02FF 00                  778 	.db #0x00	; 0
   0300 00                  779 	.db #0x00	; 0
   0301 00                  780 	.db #0x00	; 0
   0302 00                  781 	.db #0x00	; 0
   0303 00                  782 	.db #0x00	; 0
   0304 00                  783 	.db #0x00	; 0
   0305 00                  784 	.db #0x00	; 0
   0306 00                  785 	.db #0x00	; 0
   0307 00                  786 	.db #0x00	; 0
   0308 00                  787 	.db #0x00	; 0
   0309 00                  788 	.db #0x00	; 0
   030A 00                  789 	.db #0x00	; 0
   030B 00                  790 	.db #0x00	; 0
   030C 00                  791 	.db #0x00	; 0
   030D 00                  792 	.db #0x00	; 0
   030E 00                  793 	.db #0x00	; 0
   030F 00                  794 	.db #0x00	; 0
   0310 00                  795 	.db #0x00	; 0
   0311 00                  796 	.db #0x00	; 0
   0312 00                  797 	.db #0x00	; 0
   0313 00                  798 	.db #0x00	; 0
   0314 00                  799 	.db #0x00	; 0
   0315 00                  800 	.db #0x00	; 0
   0316 00                  801 	.db #0x00	; 0
   0317 00                  802 	.db #0x00	; 0
   0318 00                  803 	.db #0x00	; 0
   0319 00                  804 	.db #0x00	; 0
   031A 00                  805 	.db #0x00	; 0
   031B 00                  806 	.db #0x00	; 0
   031C 00                  807 	.db #0x00	; 0
   031D 00                  808 	.db #0x00	; 0
   031E 00                  809 	.db #0x00	; 0
   031F 00                  810 	.db #0x00	; 0
   0320 00                  811 	.db #0x00	; 0
   0321 00                  812 	.db #0x00	; 0
   0322 00                  813 	.db #0x00	; 0
   0323 00                  814 	.db #0x00	; 0
   0324 00                  815 	.db #0x00	; 0
   0325 00                  816 	.db #0x00	; 0
   0326 00                  817 	.db #0x00	; 0
   0327 00                  818 	.db #0x00	; 0
   0328 00                  819 	.db #0x00	; 0
   0329 00                  820 	.db #0x00	; 0
   032A 00                  821 	.db #0x00	; 0
   032B 00                  822 	.db #0x00	; 0
   032C 00                  823 	.db #0x00	; 0
   032D 00                  824 	.db #0x00	; 0
   032E 00                  825 	.db #0x00	; 0
   032F 00                  826 	.db #0x00	; 0
   0330 00                  827 	.db #0x00	; 0
   0331 00                  828 	.db #0x00	; 0
   0332 00                  829 	.db #0x00	; 0
   0333 00                  830 	.db #0x00	; 0
   0334 00                  831 	.db #0x00	; 0
   0335 00                  832 	.db #0x00	; 0
   0336 00                  833 	.db #0x00	; 0
   0337 00                  834 	.db #0x00	; 0
   0338 00                  835 	.db #0x00	; 0
   0339 00                  836 	.db #0x00	; 0
   033A 00                  837 	.db #0x00	; 0
   033B 00                  838 	.db #0x00	; 0
   033C 00                  839 	.db #0x00	; 0
   033D 00                  840 	.db #0x00	; 0
   033E 00                  841 	.db #0x00	; 0
   033F 00                  842 	.db #0x00	; 0
                            843 	.area _CABS (ABS)
