                              1 ;--------------------------------------------------------
                              2 ; File Created by SDCC : free open source ANSI-C Compiler
                              3 ; Version 4.0.0 #11528 (MINGW32)
                              4 ;--------------------------------------------------------
                              5 	.module C__Users_Mills_AppData_Local_Temp_lcc88401
                              6 	.optsdcc -mgbz80
                              7 	
                              8 ;--------------------------------------------------------
                              9 ; Public variables in this module
                             10 ;--------------------------------------------------------
                             11 	.globl _Roto_Map
                             12 ;--------------------------------------------------------
                             13 ; special function registers
                             14 ;--------------------------------------------------------
                             15 ;--------------------------------------------------------
                             16 ; ram data
                             17 ;--------------------------------------------------------
                             18 	.area _DATA
                             19 ;--------------------------------------------------------
                             20 ; absolute external ram data
                             21 ;--------------------------------------------------------
                             22 	.area _DABS (ABS)
                             23 ;--------------------------------------------------------
                             24 ; global & static initialisations
                             25 ;--------------------------------------------------------
                             26 	.area _HOME
                             27 	.area _GSINIT
                             28 	.area _GSFINAL
                             29 	.area _GSINIT
                             30 ;--------------------------------------------------------
                             31 ; Home
                             32 ;--------------------------------------------------------
                             33 	.area _HOME
                             34 	.area _HOME
                             35 ;--------------------------------------------------------
                             36 ; code
                             37 ;--------------------------------------------------------
                             38 	.area _CODE_10
                             39 	.area _CODE_10
   0000                      40 _Roto_Map:
   0000 04                   41 	.db #0x04	; 4
   0001 04                   42 	.db #0x04	; 4
   0002 04                   43 	.db #0x04	; 4
   0003 04                   44 	.db #0x04	; 4
   0004 04                   45 	.db #0x04	; 4
   0005 04                   46 	.db #0x04	; 4
   0006 04                   47 	.db #0x04	; 4
   0007 04                   48 	.db #0x04	; 4
   0008 04                   49 	.db #0x04	; 4
   0009 04                   50 	.db #0x04	; 4
   000A 04                   51 	.db #0x04	; 4
   000B 04                   52 	.db #0x04	; 4
   000C 04                   53 	.db #0x04	; 4
   000D 04                   54 	.db #0x04	; 4
   000E 04                   55 	.db #0x04	; 4
   000F 04                   56 	.db #0x04	; 4
   0010 04                   57 	.db #0x04	; 4
   0011 00                   58 	.db #0x00	; 0
   0012 00                   59 	.db #0x00	; 0
   0013 04                   60 	.db #0x04	; 4
   0014 04                   61 	.db #0x04	; 4
   0015 04                   62 	.db #0x04	; 4
   0016 00                   63 	.db #0x00	; 0
   0017 00                   64 	.db #0x00	; 0
   0018 00                   65 	.db #0x00	; 0
   0019 04                   66 	.db #0x04	; 4
   001A 04                   67 	.db #0x04	; 4
   001B 04                   68 	.db #0x04	; 4
   001C 04                   69 	.db #0x04	; 4
   001D 04                   70 	.db #0x04	; 4
   001E 04                   71 	.db #0x04	; 4
   001F 04                   72 	.db #0x04	; 4
   0020 04                   73 	.db #0x04	; 4
   0021 04                   74 	.db #0x04	; 4
   0022 04                   75 	.db #0x04	; 4
   0023 04                   76 	.db #0x04	; 4
   0024 04                   77 	.db #0x04	; 4
   0025 04                   78 	.db #0x04	; 4
   0026 04                   79 	.db #0x04	; 4
   0027 04                   80 	.db #0x04	; 4
   0028 03                   81 	.db #0x03	; 3
   0029 03                   82 	.db #0x03	; 3
   002A 00                   83 	.db #0x00	; 0
   002B 00                   84 	.db #0x00	; 0
   002C 00                   85 	.db #0x00	; 0
   002D 03                   86 	.db #0x03	; 3
   002E 03                   87 	.db #0x03	; 3
   002F 03                   88 	.db #0x03	; 3
   0030 03                   89 	.db #0x03	; 3
   0031 03                   90 	.db #0x03	; 3
   0032 03                   91 	.db #0x03	; 3
   0033 03                   92 	.db #0x03	; 3
   0034 03                   93 	.db #0x03	; 3
   0035 03                   94 	.db #0x03	; 3
   0036 03                   95 	.db #0x03	; 3
   0037 03                   96 	.db #0x03	; 3
   0038 03                   97 	.db #0x03	; 3
   0039 03                   98 	.db #0x03	; 3
   003A 03                   99 	.db #0x03	; 3
   003B 03                  100 	.db #0x03	; 3
   003C 03                  101 	.db #0x03	; 3
   003D 03                  102 	.db #0x03	; 3
   003E 00                  103 	.db #0x00	; 0
   003F 00                  104 	.db #0x00	; 0
   0040 00                  105 	.db #0x00	; 0
   0041 03                  106 	.db #0x03	; 3
   0042 03                  107 	.db #0x03	; 3
   0043 03                  108 	.db #0x03	; 3
   0044 03                  109 	.db #0x03	; 3
   0045 03                  110 	.db #0x03	; 3
   0046 03                  111 	.db #0x03	; 3
   0047 03                  112 	.db #0x03	; 3
   0048 03                  113 	.db #0x03	; 3
   0049 03                  114 	.db #0x03	; 3
   004A 03                  115 	.db #0x03	; 3
   004B 03                  116 	.db #0x03	; 3
   004C 03                  117 	.db #0x03	; 3
   004D 03                  118 	.db #0x03	; 3
   004E 03                  119 	.db #0x03	; 3
   004F 03                  120 	.db #0x03	; 3
   0050 02                  121 	.db #0x02	; 2
   0051 02                  122 	.db #0x02	; 2
   0052 02                  123 	.db #0x02	; 2
   0053 02                  124 	.db #0x02	; 2
   0054 02                  125 	.db #0x02	; 2
   0055 02                  126 	.db #0x02	; 2
   0056 02                  127 	.db #0x02	; 2
   0057 02                  128 	.db #0x02	; 2
   0058 02                  129 	.db #0x02	; 2
   0059 02                  130 	.db #0x02	; 2
   005A 02                  131 	.db #0x02	; 2
   005B 02                  132 	.db #0x02	; 2
   005C 02                  133 	.db #0x02	; 2
   005D 02                  134 	.db #0x02	; 2
   005E 02                  135 	.db #0x02	; 2
   005F 02                  136 	.db #0x02	; 2
   0060 02                  137 	.db #0x02	; 2
   0061 02                  138 	.db #0x02	; 2
   0062 02                  139 	.db #0x02	; 2
   0063 02                  140 	.db #0x02	; 2
   0064 02                  141 	.db #0x02	; 2
   0065 02                  142 	.db #0x02	; 2
   0066 02                  143 	.db #0x02	; 2
   0067 02                  144 	.db #0x02	; 2
   0068 02                  145 	.db #0x02	; 2
   0069 02                  146 	.db #0x02	; 2
   006A 02                  147 	.db #0x02	; 2
   006B 02                  148 	.db #0x02	; 2
   006C 02                  149 	.db #0x02	; 2
   006D 02                  150 	.db #0x02	; 2
   006E 02                  151 	.db #0x02	; 2
   006F 02                  152 	.db #0x02	; 2
   0070 02                  153 	.db #0x02	; 2
   0071 02                  154 	.db #0x02	; 2
   0072 02                  155 	.db #0x02	; 2
   0073 02                  156 	.db #0x02	; 2
   0074 02                  157 	.db #0x02	; 2
   0075 02                  158 	.db #0x02	; 2
   0076 02                  159 	.db #0x02	; 2
   0077 02                  160 	.db #0x02	; 2
   0078 01                  161 	.db #0x01	; 1
   0079 01                  162 	.db #0x01	; 1
   007A 01                  163 	.db #0x01	; 1
   007B 01                  164 	.db #0x01	; 1
   007C 01                  165 	.db #0x01	; 1
   007D 01                  166 	.db #0x01	; 1
   007E 01                  167 	.db #0x01	; 1
   007F 01                  168 	.db #0x01	; 1
   0080 00                  169 	.db #0x00	; 0
   0081 01                  170 	.db #0x01	; 1
   0082 01                  171 	.db #0x01	; 1
   0083 01                  172 	.db #0x01	; 1
   0084 01                  173 	.db #0x01	; 1
   0085 01                  174 	.db #0x01	; 1
   0086 01                  175 	.db #0x01	; 1
   0087 01                  176 	.db #0x01	; 1
   0088 00                  177 	.db #0x00	; 0
   0089 01                  178 	.db #0x01	; 1
   008A 01                  179 	.db #0x01	; 1
   008B 01                  180 	.db #0x01	; 1
   008C 01                  181 	.db #0x01	; 1
   008D 01                  182 	.db #0x01	; 1
   008E 01                  183 	.db #0x01	; 1
   008F 00                  184 	.db #0x00	; 0
   0090 01                  185 	.db #0x01	; 1
   0091 01                  186 	.db #0x01	; 1
   0092 01                  187 	.db #0x01	; 1
   0093 01                  188 	.db #0x01	; 1
   0094 00                  189 	.db #0x00	; 0
   0095 01                  190 	.db #0x01	; 1
   0096 01                  191 	.db #0x01	; 1
   0097 01                  192 	.db #0x01	; 1
   0098 01                  193 	.db #0x01	; 1
   0099 01                  194 	.db #0x01	; 1
   009A 01                  195 	.db #0x01	; 1
   009B 01                  196 	.db #0x01	; 1
   009C 00                  197 	.db #0x00	; 0
   009D 01                  198 	.db #0x01	; 1
   009E 01                  199 	.db #0x01	; 1
   009F 01                  200 	.db #0x01	; 1
   00A0 02                  201 	.db #0x02	; 2
   00A1 02                  202 	.db #0x02	; 2
   00A2 02                  203 	.db #0x02	; 2
   00A3 02                  204 	.db #0x02	; 2
   00A4 02                  205 	.db #0x02	; 2
   00A5 02                  206 	.db #0x02	; 2
   00A6 02                  207 	.db #0x02	; 2
   00A7 02                  208 	.db #0x02	; 2
   00A8 02                  209 	.db #0x02	; 2
   00A9 02                  210 	.db #0x02	; 2
   00AA 00                  211 	.db #0x00	; 0
   00AB 00                  212 	.db #0x00	; 0
   00AC 02                  213 	.db #0x02	; 2
   00AD 02                  214 	.db #0x02	; 2
   00AE 02                  215 	.db #0x02	; 2
   00AF 02                  216 	.db #0x02	; 2
   00B0 00                  217 	.db #0x00	; 0
   00B1 02                  218 	.db #0x02	; 2
   00B2 02                  219 	.db #0x02	; 2
   00B3 02                  220 	.db #0x02	; 2
   00B4 02                  221 	.db #0x02	; 2
   00B5 02                  222 	.db #0x02	; 2
   00B6 00                  223 	.db #0x00	; 0
   00B7 02                  224 	.db #0x02	; 2
   00B8 02                  225 	.db #0x02	; 2
   00B9 02                  226 	.db #0x02	; 2
   00BA 02                  227 	.db #0x02	; 2
   00BB 02                  228 	.db #0x02	; 2
   00BC 02                  229 	.db #0x02	; 2
   00BD 02                  230 	.db #0x02	; 2
   00BE 00                  231 	.db #0x00	; 0
   00BF 00                  232 	.db #0x00	; 0
   00C0 02                  233 	.db #0x02	; 2
   00C1 02                  234 	.db #0x02	; 2
   00C2 02                  235 	.db #0x02	; 2
   00C3 02                  236 	.db #0x02	; 2
   00C4 02                  237 	.db #0x02	; 2
   00C5 02                  238 	.db #0x02	; 2
   00C6 02                  239 	.db #0x02	; 2
   00C7 02                  240 	.db #0x02	; 2
   00C8 03                  241 	.db #0x03	; 3
   00C9 03                  242 	.db #0x03	; 3
   00CA 03                  243 	.db #0x03	; 3
   00CB 03                  244 	.db #0x03	; 3
   00CC 03                  245 	.db #0x03	; 3
   00CD 03                  246 	.db #0x03	; 3
   00CE 03                  247 	.db #0x03	; 3
   00CF 03                  248 	.db #0x03	; 3
   00D0 03                  249 	.db #0x03	; 3
   00D1 03                  250 	.db #0x03	; 3
   00D2 00                  251 	.db #0x00	; 0
   00D3 00                  252 	.db #0x00	; 0
   00D4 03                  253 	.db #0x03	; 3
   00D5 03                  254 	.db #0x03	; 3
   00D6 03                  255 	.db #0x03	; 3
   00D7 03                  256 	.db #0x03	; 3
   00D8 03                  257 	.db #0x03	; 3
   00D9 03                  258 	.db #0x03	; 3
   00DA 03                  259 	.db #0x03	; 3
   00DB 03                  260 	.db #0x03	; 3
   00DC 03                  261 	.db #0x03	; 3
   00DD 03                  262 	.db #0x03	; 3
   00DE 03                  263 	.db #0x03	; 3
   00DF 03                  264 	.db #0x03	; 3
   00E0 03                  265 	.db #0x03	; 3
   00E1 03                  266 	.db #0x03	; 3
   00E2 03                  267 	.db #0x03	; 3
   00E3 03                  268 	.db #0x03	; 3
   00E4 03                  269 	.db #0x03	; 3
   00E5 03                  270 	.db #0x03	; 3
   00E6 03                  271 	.db #0x03	; 3
   00E7 03                  272 	.db #0x03	; 3
   00E8 03                  273 	.db #0x03	; 3
   00E9 03                  274 	.db #0x03	; 3
   00EA 03                  275 	.db #0x03	; 3
   00EB 03                  276 	.db #0x03	; 3
   00EC 03                  277 	.db #0x03	; 3
   00ED 03                  278 	.db #0x03	; 3
   00EE 03                  279 	.db #0x03	; 3
   00EF 03                  280 	.db #0x03	; 3
   00F0 04                  281 	.db #0x04	; 4
   00F1 00                  282 	.db #0x00	; 0
   00F2 00                  283 	.db #0x00	; 0
   00F3 04                  284 	.db #0x04	; 4
   00F4 04                  285 	.db #0x04	; 4
   00F5 04                  286 	.db #0x04	; 4
   00F6 04                  287 	.db #0x04	; 4
   00F7 04                  288 	.db #0x04	; 4
   00F8 04                  289 	.db #0x04	; 4
   00F9 04                  290 	.db #0x04	; 4
   00FA 04                  291 	.db #0x04	; 4
   00FB 04                  292 	.db #0x04	; 4
   00FC 04                  293 	.db #0x04	; 4
   00FD 04                  294 	.db #0x04	; 4
   00FE 04                  295 	.db #0x04	; 4
   00FF 04                  296 	.db #0x04	; 4
   0100 04                  297 	.db #0x04	; 4
   0101 04                  298 	.db #0x04	; 4
   0102 04                  299 	.db #0x04	; 4
   0103 04                  300 	.db #0x04	; 4
   0104 04                  301 	.db #0x04	; 4
   0105 00                  302 	.db #0x00	; 0
   0106 00                  303 	.db #0x00	; 0
   0107 04                  304 	.db #0x04	; 4
   0108 04                  305 	.db #0x04	; 4
   0109 04                  306 	.db #0x04	; 4
   010A 04                  307 	.db #0x04	; 4
   010B 04                  308 	.db #0x04	; 4
   010C 04                  309 	.db #0x04	; 4
   010D 04                  310 	.db #0x04	; 4
   010E 04                  311 	.db #0x04	; 4
   010F 04                  312 	.db #0x04	; 4
   0110 04                  313 	.db #0x04	; 4
   0111 04                  314 	.db #0x04	; 4
   0112 04                  315 	.db #0x04	; 4
   0113 04                  316 	.db #0x04	; 4
   0114 04                  317 	.db #0x04	; 4
   0115 04                  318 	.db #0x04	; 4
   0116 04                  319 	.db #0x04	; 4
   0117 04                  320 	.db #0x04	; 4
   0118 06                  321 	.db #0x06	; 6
   0119 06                  322 	.db #0x06	; 6
   011A 06                  323 	.db #0x06	; 6
   011B 06                  324 	.db #0x06	; 6
   011C 06                  325 	.db #0x06	; 6
   011D 06                  326 	.db #0x06	; 6
   011E 06                  327 	.db #0x06	; 6
   011F 06                  328 	.db #0x06	; 6
   0120 06                  329 	.db #0x06	; 6
   0121 06                  330 	.db #0x06	; 6
   0122 06                  331 	.db #0x06	; 6
   0123 06                  332 	.db #0x06	; 6
   0124 06                  333 	.db #0x06	; 6
   0125 06                  334 	.db #0x06	; 6
   0126 06                  335 	.db #0x06	; 6
   0127 06                  336 	.db #0x06	; 6
   0128 06                  337 	.db #0x06	; 6
   0129 06                  338 	.db #0x06	; 6
   012A 06                  339 	.db #0x06	; 6
   012B 06                  340 	.db #0x06	; 6
   012C 06                  341 	.db #0x06	; 6
   012D 06                  342 	.db #0x06	; 6
   012E 06                  343 	.db #0x06	; 6
   012F 06                  344 	.db #0x06	; 6
   0130 06                  345 	.db #0x06	; 6
   0131 06                  346 	.db #0x06	; 6
   0132 06                  347 	.db #0x06	; 6
   0133 06                  348 	.db #0x06	; 6
   0134 06                  349 	.db #0x06	; 6
   0135 06                  350 	.db #0x06	; 6
   0136 06                  351 	.db #0x06	; 6
   0137 06                  352 	.db #0x06	; 6
   0138 06                  353 	.db #0x06	; 6
   0139 00                  354 	.db #0x00	; 0
   013A 00                  355 	.db #0x00	; 0
   013B 00                  356 	.db #0x00	; 0
   013C 00                  357 	.db #0x00	; 0
   013D 00                  358 	.db #0x00	; 0
   013E 06                  359 	.db #0x06	; 6
   013F 06                  360 	.db #0x06	; 6
   0140 07                  361 	.db #0x07	; 7
   0141 07                  362 	.db #0x07	; 7
   0142 07                  363 	.db #0x07	; 7
   0143 07                  364 	.db #0x07	; 7
   0144 00                  365 	.db #0x00	; 0
   0145 07                  366 	.db #0x07	; 7
   0146 07                  367 	.db #0x07	; 7
   0147 07                  368 	.db #0x07	; 7
   0148 07                  369 	.db #0x07	; 7
   0149 07                  370 	.db #0x07	; 7
   014A 07                  371 	.db #0x07	; 7
   014B 07                  372 	.db #0x07	; 7
   014C 07                  373 	.db #0x07	; 7
   014D 07                  374 	.db #0x07	; 7
   014E 07                  375 	.db #0x07	; 7
   014F 07                  376 	.db #0x07	; 7
   0150 07                  377 	.db #0x07	; 7
   0151 07                  378 	.db #0x07	; 7
   0152 07                  379 	.db #0x07	; 7
   0153 07                  380 	.db #0x07	; 7
   0154 07                  381 	.db #0x07	; 7
   0155 07                  382 	.db #0x07	; 7
   0156 07                  383 	.db #0x07	; 7
   0157 07                  384 	.db #0x07	; 7
   0158 07                  385 	.db #0x07	; 7
   0159 07                  386 	.db #0x07	; 7
   015A 07                  387 	.db #0x07	; 7
   015B 07                  388 	.db #0x07	; 7
   015C 07                  389 	.db #0x07	; 7
   015D 07                  390 	.db #0x07	; 7
   015E 07                  391 	.db #0x07	; 7
   015F 07                  392 	.db #0x07	; 7
   0160 07                  393 	.db #0x07	; 7
   0161 07                  394 	.db #0x07	; 7
   0162 07                  395 	.db #0x07	; 7
   0163 07                  396 	.db #0x07	; 7
   0164 07                  397 	.db #0x07	; 7
   0165 07                  398 	.db #0x07	; 7
   0166 07                  399 	.db #0x07	; 7
   0167 07                  400 	.db #0x07	; 7
                            401 	.area _CABS (ABS)
