                              1 ;--------------------------------------------------------
                              2 ; File Created by SDCC : free open source ANSI-C Compiler
                              3 ; Version 4.0.0 #11528 (MINGW32)
                              4 ;--------------------------------------------------------
                              5 	.module C__Users_Mills_AppData_Local_Temp_lcc85281
                              6 	.optsdcc -mgbz80
                              7 	
                              8 ;--------------------------------------------------------
                              9 ; Public variables in this module
                             10 ;--------------------------------------------------------
                             11 	.globl _Roto_Tiles
                             12 	.globl _Roto_TilesCGB
                             13 	.globl _Roto_TilesPAL
                             14 ;--------------------------------------------------------
                             15 ; special function registers
                             16 ;--------------------------------------------------------
                             17 ;--------------------------------------------------------
                             18 ; ram data
                             19 ;--------------------------------------------------------
                             20 	.area _DATA
                             21 ;--------------------------------------------------------
                             22 ; absolute external ram data
                             23 ;--------------------------------------------------------
                             24 	.area _DABS (ABS)
                             25 ;--------------------------------------------------------
                             26 ; global & static initialisations
                             27 ;--------------------------------------------------------
                             28 	.area _HOME
                             29 	.area _GSINIT
                             30 	.area _GSFINAL
                             31 	.area _GSINIT
                             32 ;--------------------------------------------------------
                             33 ; Home
                             34 ;--------------------------------------------------------
                             35 	.area _HOME
                             36 	.area _HOME
                             37 ;--------------------------------------------------------
                             38 ; code
                             39 ;--------------------------------------------------------
                             40 	.area _CODE_3
                             41 	.area _CODE_3
   0000                      42 _Roto_TilesPAL:
   0000 FF 15                43 	.dw #0x15ff
   0002 20 2B                44 	.dw #0x2b20
   0004 FF 0B                45 	.dw #0x0bff
   0006 00 00                46 	.dw #0x0000
   0008 DD 7F                47 	.dw #0x7fdd
   000A 20 2B                48 	.dw #0x2b20
   000C FF 0B                49 	.dw #0x0bff
   000E 00 00                50 	.dw #0x0000
   0010 D4 7A                51 	.dw #0x7ad4
   0012 20 2B                52 	.dw #0x2b20
   0014 FF 0B                53 	.dw #0x0bff
   0016 00 00                54 	.dw #0x0000
   0018 CE 79                55 	.dw #0x79ce
   001A 20 2B                56 	.dw #0x2b20
   001C FF 0B                57 	.dw #0x0bff
   001E 00 00                58 	.dw #0x0000
   0020 08 7D                59 	.dw #0x7d08
   0022 20 2B                60 	.dw #0x2b20
   0024 FF 0B                61 	.dw #0x0bff
   0026 00 00                62 	.dw #0x0000
   0028 05 7C                63 	.dw #0x7c05
   002A 20 2B                64 	.dw #0x2b20
   002C FF 0B                65 	.dw #0x0bff
   002E 00 00                66 	.dw #0x0000
   0030 01 5C                67 	.dw #0x5c01
   0032 20 2B                68 	.dw #0x2b20
   0034 FF 0B                69 	.dw #0x0bff
   0036 00 00                70 	.dw #0x0000
   0038 23 40                71 	.dw #0x4023
   003A 20 2B                72 	.dw #0x2b20
   003C FF 0B                73 	.dw #0x0bff
   003E 00 00                74 	.dw #0x0000
   0040                      75 _Roto_TilesCGB:
   0040 00                   76 	.db #0x00	; 0
   0041 00                   77 	.db #0x00	; 0
   0042 00                   78 	.db #0x00	; 0
   0043 00                   79 	.db #0x00	; 0
   0044 00                   80 	.db #0x00	; 0
   0045 00                   81 	.db #0x00	; 0
   0046 00                   82 	.db #0x00	; 0
   0047 00                   83 	.db #0x00	; 0
   0048 00                   84 	.db #0x00	; 0
   0049 00                   85 	.db #0x00	; 0
   004A 00                   86 	.db #0x00	; 0
   004B 00                   87 	.db #0x00	; 0
   004C 00                   88 	.db #0x00	; 0
   004D 00                   89 	.db #0x00	; 0
   004E 00                   90 	.db #0x00	; 0
   004F 00                   91 	.db #0x00	; 0
   0050                      92 _Roto_Tiles:
   0050 00                   93 	.db #0x00	; 0
   0051 00                   94 	.db #0x00	; 0
   0052 00                   95 	.db #0x00	; 0
   0053 00                   96 	.db #0x00	; 0
   0054 00                   97 	.db #0x00	; 0
   0055 00                   98 	.db #0x00	; 0
   0056 00                   99 	.db #0x00	; 0
   0057 00                  100 	.db #0x00	; 0
   0058 00                  101 	.db #0x00	; 0
   0059 00                  102 	.db #0x00	; 0
   005A 00                  103 	.db #0x00	; 0
   005B 00                  104 	.db #0x00	; 0
   005C 00                  105 	.db #0x00	; 0
   005D 00                  106 	.db #0x00	; 0
   005E 00                  107 	.db #0x00	; 0
   005F 00                  108 	.db #0x00	; 0
   0060 00                  109 	.db #0x00	; 0
   0061 00                  110 	.db #0x00	; 0
   0062 00                  111 	.db #0x00	; 0
   0063 00                  112 	.db #0x00	; 0
   0064 00                  113 	.db #0x00	; 0
   0065 00                  114 	.db #0x00	; 0
   0066 00                  115 	.db #0x00	; 0
   0067 00                  116 	.db #0x00	; 0
   0068 0F                  117 	.db #0x0f	; 15
   0069 0F                  118 	.db #0x0f	; 15
   006A 0F                  119 	.db #0x0f	; 15
   006B 0F                  120 	.db #0x0f	; 15
   006C 0F                  121 	.db #0x0f	; 15
   006D 0F                  122 	.db #0x0f	; 15
   006E 0F                  123 	.db #0x0f	; 15
   006F 0F                  124 	.db #0x0f	; 15
   0070 00                  125 	.db #0x00	; 0
   0071 00                  126 	.db #0x00	; 0
   0072 00                  127 	.db #0x00	; 0
   0073 00                  128 	.db #0x00	; 0
   0074 00                  129 	.db #0x00	; 0
   0075 00                  130 	.db #0x00	; 0
   0076 00                  131 	.db #0x00	; 0
   0077 00                  132 	.db #0x00	; 0
   0078 00                  133 	.db #0x00	; 0
   0079 FF                  134 	.db #0xff	; 255
   007A 00                  135 	.db #0x00	; 0
   007B FF                  136 	.db #0xff	; 255
   007C 00                  137 	.db #0x00	; 0
   007D FF                  138 	.db #0xff	; 255
   007E 00                  139 	.db #0x00	; 0
   007F FF                  140 	.db #0xff	; 255
   0080 00                  141 	.db #0x00	; 0
   0081 00                  142 	.db #0x00	; 0
   0082 00                  143 	.db #0x00	; 0
   0083 00                  144 	.db #0x00	; 0
   0084 00                  145 	.db #0x00	; 0
   0085 00                  146 	.db #0x00	; 0
   0086 00                  147 	.db #0x00	; 0
   0087 00                  148 	.db #0x00	; 0
   0088 F0                  149 	.db #0xf0	; 240
   0089 F0                  150 	.db #0xf0	; 240
   008A F0                  151 	.db #0xf0	; 240
   008B F0                  152 	.db #0xf0	; 240
   008C F0                  153 	.db #0xf0	; 240
   008D F0                  154 	.db #0xf0	; 240
   008E F0                  155 	.db #0xf0	; 240
   008F F0                  156 	.db #0xf0	; 240
   0090 0F                  157 	.db #0x0f	; 15
   0091 0F                  158 	.db #0x0f	; 15
   0092 0F                  159 	.db #0x0f	; 15
   0093 0F                  160 	.db #0x0f	; 15
   0094 0F                  161 	.db #0x0f	; 15
   0095 0F                  162 	.db #0x0f	; 15
   0096 0F                  163 	.db #0x0f	; 15
   0097 0F                  164 	.db #0x0f	; 15
   0098 0F                  165 	.db #0x0f	; 15
   0099 0F                  166 	.db #0x0f	; 15
   009A 0F                  167 	.db #0x0f	; 15
   009B 0F                  168 	.db #0x0f	; 15
   009C 0F                  169 	.db #0x0f	; 15
   009D 0F                  170 	.db #0x0f	; 15
   009E 0F                  171 	.db #0x0f	; 15
   009F 0F                  172 	.db #0x0f	; 15
   00A0 00                  173 	.db #0x00	; 0
   00A1 FF                  174 	.db #0xff	; 255
   00A2 00                  175 	.db #0x00	; 0
   00A3 FF                  176 	.db #0xff	; 255
   00A4 00                  177 	.db #0x00	; 0
   00A5 FF                  178 	.db #0xff	; 255
   00A6 00                  179 	.db #0x00	; 0
   00A7 FF                  180 	.db #0xff	; 255
   00A8 0F                  181 	.db #0x0f	; 15
   00A9 FF                  182 	.db #0xff	; 255
   00AA 0F                  183 	.db #0x0f	; 15
   00AB FF                  184 	.db #0xff	; 255
   00AC 0F                  185 	.db #0x0f	; 15
   00AD FF                  186 	.db #0xff	; 255
   00AE 0F                  187 	.db #0x0f	; 15
   00AF FF                  188 	.db #0xff	; 255
   00B0 FF                  189 	.db #0xff	; 255
   00B1 FF                  190 	.db #0xff	; 255
   00B2 FF                  191 	.db #0xff	; 255
   00B3 FF                  192 	.db #0xff	; 255
   00B4 FF                  193 	.db #0xff	; 255
   00B5 FF                  194 	.db #0xff	; 255
   00B6 FF                  195 	.db #0xff	; 255
   00B7 FF                  196 	.db #0xff	; 255
   00B8 FF                  197 	.db #0xff	; 255
   00B9 FF                  198 	.db #0xff	; 255
   00BA FF                  199 	.db #0xff	; 255
   00BB FF                  200 	.db #0xff	; 255
   00BC FF                  201 	.db #0xff	; 255
   00BD FF                  202 	.db #0xff	; 255
   00BE FF                  203 	.db #0xff	; 255
   00BF FF                  204 	.db #0xff	; 255
   00C0 00                  205 	.db #0x00	; 0
   00C1 FF                  206 	.db #0xff	; 255
   00C2 00                  207 	.db #0x00	; 0
   00C3 FF                  208 	.db #0xff	; 255
   00C4 00                  209 	.db #0x00	; 0
   00C5 FF                  210 	.db #0xff	; 255
   00C6 00                  211 	.db #0x00	; 0
   00C7 FF                  212 	.db #0xff	; 255
   00C8 F0                  213 	.db #0xf0	; 240
   00C9 FF                  214 	.db #0xff	; 255
   00CA F0                  215 	.db #0xf0	; 240
   00CB FF                  216 	.db #0xff	; 255
   00CC F0                  217 	.db #0xf0	; 240
   00CD FF                  218 	.db #0xff	; 255
   00CE F0                  219 	.db #0xf0	; 240
   00CF FF                  220 	.db #0xff	; 255
   00D0 F0                  221 	.db #0xf0	; 240
   00D1 F0                  222 	.db #0xf0	; 240
   00D2 F0                  223 	.db #0xf0	; 240
   00D3 F0                  224 	.db #0xf0	; 240
   00D4 F0                  225 	.db #0xf0	; 240
   00D5 F0                  226 	.db #0xf0	; 240
   00D6 F0                  227 	.db #0xf0	; 240
   00D7 F0                  228 	.db #0xf0	; 240
   00D8 F0                  229 	.db #0xf0	; 240
   00D9 F0                  230 	.db #0xf0	; 240
   00DA F0                  231 	.db #0xf0	; 240
   00DB F0                  232 	.db #0xf0	; 240
   00DC F0                  233 	.db #0xf0	; 240
   00DD F0                  234 	.db #0xf0	; 240
   00DE F0                  235 	.db #0xf0	; 240
   00DF F0                  236 	.db #0xf0	; 240
   00E0 0F                  237 	.db #0x0f	; 15
   00E1 FF                  238 	.db #0xff	; 255
   00E2 0F                  239 	.db #0x0f	; 15
   00E3 FF                  240 	.db #0xff	; 255
   00E4 0F                  241 	.db #0x0f	; 15
   00E5 FF                  242 	.db #0xff	; 255
   00E6 0F                  243 	.db #0x0f	; 15
   00E7 FF                  244 	.db #0xff	; 255
   00E8 0F                  245 	.db #0x0f	; 15
   00E9 FF                  246 	.db #0xff	; 255
   00EA 0F                  247 	.db #0x0f	; 15
   00EB FF                  248 	.db #0xff	; 255
   00EC 0F                  249 	.db #0x0f	; 15
   00ED FF                  250 	.db #0xff	; 255
   00EE 0F                  251 	.db #0x0f	; 15
   00EF FF                  252 	.db #0xff	; 255
   00F0 FF                  253 	.db #0xff	; 255
   00F1 FF                  254 	.db #0xff	; 255
   00F2 FF                  255 	.db #0xff	; 255
   00F3 FF                  256 	.db #0xff	; 255
   00F4 FF                  257 	.db #0xff	; 255
   00F5 FF                  258 	.db #0xff	; 255
   00F6 FF                  259 	.db #0xff	; 255
   00F7 FF                  260 	.db #0xff	; 255
   00F8 FF                  261 	.db #0xff	; 255
   00F9 F0                  262 	.db #0xf0	; 240
   00FA FF                  263 	.db #0xff	; 255
   00FB F0                  264 	.db #0xf0	; 240
   00FC FF                  265 	.db #0xff	; 255
   00FD F0                  266 	.db #0xf0	; 240
   00FE FF                  267 	.db #0xff	; 255
   00FF F0                  268 	.db #0xf0	; 240
   0100 FF                  269 	.db #0xff	; 255
   0101 FF                  270 	.db #0xff	; 255
   0102 FF                  271 	.db #0xff	; 255
   0103 FF                  272 	.db #0xff	; 255
   0104 FF                  273 	.db #0xff	; 255
   0105 FF                  274 	.db #0xff	; 255
   0106 FF                  275 	.db #0xff	; 255
   0107 FF                  276 	.db #0xff	; 255
   0108 FF                  277 	.db #0xff	; 255
   0109 00                  278 	.db #0x00	; 0
   010A FF                  279 	.db #0xff	; 255
   010B 00                  280 	.db #0x00	; 0
   010C FF                  281 	.db #0xff	; 255
   010D 00                  282 	.db #0x00	; 0
   010E FF                  283 	.db #0xff	; 255
   010F 00                  284 	.db #0x00	; 0
   0110 FF                  285 	.db #0xff	; 255
   0111 FF                  286 	.db #0xff	; 255
   0112 FF                  287 	.db #0xff	; 255
   0113 FF                  288 	.db #0xff	; 255
   0114 FF                  289 	.db #0xff	; 255
   0115 FF                  290 	.db #0xff	; 255
   0116 FF                  291 	.db #0xff	; 255
   0117 FF                  292 	.db #0xff	; 255
   0118 FF                  293 	.db #0xff	; 255
   0119 0F                  294 	.db #0x0f	; 15
   011A FF                  295 	.db #0xff	; 255
   011B 0F                  296 	.db #0x0f	; 15
   011C FF                  297 	.db #0xff	; 255
   011D 0F                  298 	.db #0x0f	; 15
   011E FF                  299 	.db #0xff	; 255
   011F 0F                  300 	.db #0x0f	; 15
   0120 F0                  301 	.db #0xf0	; 240
   0121 FF                  302 	.db #0xff	; 255
   0122 F0                  303 	.db #0xf0	; 240
   0123 FF                  304 	.db #0xff	; 255
   0124 F0                  305 	.db #0xf0	; 240
   0125 FF                  306 	.db #0xff	; 255
   0126 F0                  307 	.db #0xf0	; 240
   0127 FF                  308 	.db #0xff	; 255
   0128 F0                  309 	.db #0xf0	; 240
   0129 FF                  310 	.db #0xff	; 255
   012A F0                  311 	.db #0xf0	; 240
   012B FF                  312 	.db #0xff	; 255
   012C F0                  313 	.db #0xf0	; 240
   012D FF                  314 	.db #0xff	; 255
   012E F0                  315 	.db #0xf0	; 240
   012F FF                  316 	.db #0xff	; 255
   0130 FF                  317 	.db #0xff	; 255
   0131 F0                  318 	.db #0xf0	; 240
   0132 FF                  319 	.db #0xff	; 255
   0133 F0                  320 	.db #0xf0	; 240
   0134 FF                  321 	.db #0xff	; 255
   0135 F0                  322 	.db #0xf0	; 240
   0136 FF                  323 	.db #0xff	; 255
   0137 F0                  324 	.db #0xf0	; 240
   0138 FF                  325 	.db #0xff	; 255
   0139 F0                  326 	.db #0xf0	; 240
   013A FF                  327 	.db #0xff	; 255
   013B F0                  328 	.db #0xf0	; 240
   013C FF                  329 	.db #0xff	; 255
   013D F0                  330 	.db #0xf0	; 240
   013E FF                  331 	.db #0xff	; 255
   013F F0                  332 	.db #0xf0	; 240
   0140 FF                  333 	.db #0xff	; 255
   0141 00                  334 	.db #0x00	; 0
   0142 FF                  335 	.db #0xff	; 255
   0143 00                  336 	.db #0x00	; 0
   0144 FF                  337 	.db #0xff	; 255
   0145 00                  338 	.db #0x00	; 0
   0146 FF                  339 	.db #0xff	; 255
   0147 00                  340 	.db #0x00	; 0
   0148 FF                  341 	.db #0xff	; 255
   0149 00                  342 	.db #0x00	; 0
   014A FF                  343 	.db #0xff	; 255
   014B 00                  344 	.db #0x00	; 0
   014C FF                  345 	.db #0xff	; 255
   014D 00                  346 	.db #0x00	; 0
   014E FF                  347 	.db #0xff	; 255
   014F 00                  348 	.db #0x00	; 0
   0150 FF                  349 	.db #0xff	; 255
   0151 0F                  350 	.db #0x0f	; 15
   0152 FF                  351 	.db #0xff	; 255
   0153 0F                  352 	.db #0x0f	; 15
   0154 FF                  353 	.db #0xff	; 255
   0155 0F                  354 	.db #0x0f	; 15
   0156 FF                  355 	.db #0xff	; 255
   0157 0F                  356 	.db #0x0f	; 15
   0158 FF                  357 	.db #0xff	; 255
   0159 0F                  358 	.db #0x0f	; 15
   015A FF                  359 	.db #0xff	; 255
   015B 0F                  360 	.db #0x0f	; 15
   015C FF                  361 	.db #0xff	; 255
   015D 0F                  362 	.db #0x0f	; 15
   015E FF                  363 	.db #0xff	; 255
   015F 0F                  364 	.db #0x0f	; 15
   0160 FF                  365 	.db #0xff	; 255
   0161 0F                  366 	.db #0x0f	; 15
   0162 FF                  367 	.db #0xff	; 255
   0163 0F                  368 	.db #0x0f	; 15
   0164 FF                  369 	.db #0xff	; 255
   0165 0F                  370 	.db #0x0f	; 15
   0166 FF                  371 	.db #0xff	; 255
   0167 0F                  372 	.db #0x0f	; 15
   0168 FF                  373 	.db #0xff	; 255
   0169 00                  374 	.db #0x00	; 0
   016A FF                  375 	.db #0xff	; 255
   016B 00                  376 	.db #0x00	; 0
   016C FF                  377 	.db #0xff	; 255
   016D 00                  378 	.db #0x00	; 0
   016E FF                  379 	.db #0xff	; 255
   016F 00                  380 	.db #0x00	; 0
   0170 FF                  381 	.db #0xff	; 255
   0171 F0                  382 	.db #0xf0	; 240
   0172 FF                  383 	.db #0xff	; 255
   0173 F0                  384 	.db #0xf0	; 240
   0174 FF                  385 	.db #0xff	; 255
   0175 F0                  386 	.db #0xf0	; 240
   0176 FF                  387 	.db #0xff	; 255
   0177 F0                  388 	.db #0xf0	; 240
   0178 FF                  389 	.db #0xff	; 255
   0179 00                  390 	.db #0x00	; 0
   017A FF                  391 	.db #0xff	; 255
   017B 00                  392 	.db #0x00	; 0
   017C FF                  393 	.db #0xff	; 255
   017D 00                  394 	.db #0x00	; 0
   017E FF                  395 	.db #0xff	; 255
   017F 00                  396 	.db #0x00	; 0
   0180 FF                  397 	.db #0xff	; 255
   0181 F0                  398 	.db #0xf0	; 240
   0182 FF                  399 	.db #0xff	; 255
   0183 F0                  400 	.db #0xf0	; 240
   0184 FF                  401 	.db #0xff	; 255
   0185 F0                  402 	.db #0xf0	; 240
   0186 FF                  403 	.db #0xff	; 255
   0187 F0                  404 	.db #0xf0	; 240
   0188 FF                  405 	.db #0xff	; 255
   0189 FF                  406 	.db #0xff	; 255
   018A FF                  407 	.db #0xff	; 255
   018B FF                  408 	.db #0xff	; 255
   018C FF                  409 	.db #0xff	; 255
   018D FF                  410 	.db #0xff	; 255
   018E FF                  411 	.db #0xff	; 255
   018F FF                  412 	.db #0xff	; 255
   0190 FF                  413 	.db #0xff	; 255
   0191 0F                  414 	.db #0x0f	; 15
   0192 FF                  415 	.db #0xff	; 255
   0193 0F                  416 	.db #0x0f	; 15
   0194 FF                  417 	.db #0xff	; 255
   0195 0F                  418 	.db #0x0f	; 15
   0196 FF                  419 	.db #0xff	; 255
   0197 0F                  420 	.db #0x0f	; 15
   0198 FF                  421 	.db #0xff	; 255
   0199 FF                  422 	.db #0xff	; 255
   019A FF                  423 	.db #0xff	; 255
   019B FF                  424 	.db #0xff	; 255
   019C FF                  425 	.db #0xff	; 255
   019D FF                  426 	.db #0xff	; 255
   019E FF                  427 	.db #0xff	; 255
   019F FF                  428 	.db #0xff	; 255
   01A0 00                  429 	.db #0x00	; 0
   01A1 FF                  430 	.db #0xff	; 255
   01A2 00                  431 	.db #0x00	; 0
   01A3 FF                  432 	.db #0xff	; 255
   01A4 00                  433 	.db #0x00	; 0
   01A5 FF                  434 	.db #0xff	; 255
   01A6 00                  435 	.db #0x00	; 0
   01A7 FF                  436 	.db #0xff	; 255
   01A8 00                  437 	.db #0x00	; 0
   01A9 FF                  438 	.db #0xff	; 255
   01AA 00                  439 	.db #0x00	; 0
   01AB FF                  440 	.db #0xff	; 255
   01AC 00                  441 	.db #0x00	; 0
   01AD FF                  442 	.db #0xff	; 255
   01AE 00                  443 	.db #0x00	; 0
   01AF FF                  444 	.db #0xff	; 255
   01B0 FF                  445 	.db #0xff	; 255
   01B1 FF                  446 	.db #0xff	; 255
   01B2 FF                  447 	.db #0xff	; 255
   01B3 FF                  448 	.db #0xff	; 255
   01B4 FF                  449 	.db #0xff	; 255
   01B5 FF                  450 	.db #0xff	; 255
   01B6 FF                  451 	.db #0xff	; 255
   01B7 FF                  452 	.db #0xff	; 255
   01B8 00                  453 	.db #0x00	; 0
   01B9 FF                  454 	.db #0xff	; 255
   01BA 00                  455 	.db #0x00	; 0
   01BB FF                  456 	.db #0xff	; 255
   01BC 00                  457 	.db #0x00	; 0
   01BD FF                  458 	.db #0xff	; 255
   01BE 00                  459 	.db #0x00	; 0
   01BF FF                  460 	.db #0xff	; 255
   01C0 00                  461 	.db #0x00	; 0
   01C1 FF                  462 	.db #0xff	; 255
   01C2 00                  463 	.db #0x00	; 0
   01C3 FF                  464 	.db #0xff	; 255
   01C4 00                  465 	.db #0x00	; 0
   01C5 FF                  466 	.db #0xff	; 255
   01C6 00                  467 	.db #0x00	; 0
   01C7 FF                  468 	.db #0xff	; 255
   01C8 FF                  469 	.db #0xff	; 255
   01C9 FF                  470 	.db #0xff	; 255
   01CA FF                  471 	.db #0xff	; 255
   01CB FF                  472 	.db #0xff	; 255
   01CC FF                  473 	.db #0xff	; 255
   01CD FF                  474 	.db #0xff	; 255
   01CE FF                  475 	.db #0xff	; 255
   01CF FF                  476 	.db #0xff	; 255
   01D0 0F                  477 	.db #0x0f	; 15
   01D1 FF                  478 	.db #0xff	; 255
   01D2 0F                  479 	.db #0x0f	; 15
   01D3 FF                  480 	.db #0xff	; 255
   01D4 0F                  481 	.db #0x0f	; 15
   01D5 FF                  482 	.db #0xff	; 255
   01D6 0F                  483 	.db #0x0f	; 15
   01D7 FF                  484 	.db #0xff	; 255
   01D8 00                  485 	.db #0x00	; 0
   01D9 FF                  486 	.db #0xff	; 255
   01DA 00                  487 	.db #0x00	; 0
   01DB FF                  488 	.db #0xff	; 255
   01DC 00                  489 	.db #0x00	; 0
   01DD FF                  490 	.db #0xff	; 255
   01DE 00                  491 	.db #0x00	; 0
   01DF FF                  492 	.db #0xff	; 255
   01E0 F0                  493 	.db #0xf0	; 240
   01E1 FF                  494 	.db #0xff	; 255
   01E2 F0                  495 	.db #0xf0	; 240
   01E3 FF                  496 	.db #0xff	; 255
   01E4 F0                  497 	.db #0xf0	; 240
   01E5 FF                  498 	.db #0xff	; 255
   01E6 F0                  499 	.db #0xf0	; 240
   01E7 FF                  500 	.db #0xff	; 255
   01E8 00                  501 	.db #0x00	; 0
   01E9 FF                  502 	.db #0xff	; 255
   01EA 00                  503 	.db #0x00	; 0
   01EB FF                  504 	.db #0xff	; 255
   01EC 00                  505 	.db #0x00	; 0
   01ED FF                  506 	.db #0xff	; 255
   01EE 00                  507 	.db #0x00	; 0
   01EF FF                  508 	.db #0xff	; 255
   01F0 0F                  509 	.db #0x0f	; 15
   01F1 FF                  510 	.db #0xff	; 255
   01F2 0F                  511 	.db #0x0f	; 15
   01F3 FF                  512 	.db #0xff	; 255
   01F4 0F                  513 	.db #0x0f	; 15
   01F5 FF                  514 	.db #0xff	; 255
   01F6 0F                  515 	.db #0x0f	; 15
   01F7 FF                  516 	.db #0xff	; 255
   01F8 F0                  517 	.db #0xf0	; 240
   01F9 F0                  518 	.db #0xf0	; 240
   01FA F0                  519 	.db #0xf0	; 240
   01FB F0                  520 	.db #0xf0	; 240
   01FC F0                  521 	.db #0xf0	; 240
   01FD F0                  522 	.db #0xf0	; 240
   01FE F0                  523 	.db #0xf0	; 240
   01FF F0                  524 	.db #0xf0	; 240
   0200 0F                  525 	.db #0x0f	; 15
   0201 0F                  526 	.db #0x0f	; 15
   0202 0F                  527 	.db #0x0f	; 15
   0203 0F                  528 	.db #0x0f	; 15
   0204 0F                  529 	.db #0x0f	; 15
   0205 0F                  530 	.db #0x0f	; 15
   0206 0F                  531 	.db #0x0f	; 15
   0207 0F                  532 	.db #0x0f	; 15
   0208 00                  533 	.db #0x00	; 0
   0209 00                  534 	.db #0x00	; 0
   020A 00                  535 	.db #0x00	; 0
   020B 00                  536 	.db #0x00	; 0
   020C 00                  537 	.db #0x00	; 0
   020D 00                  538 	.db #0x00	; 0
   020E 00                  539 	.db #0x00	; 0
   020F 00                  540 	.db #0x00	; 0
   0210 00                  541 	.db #0x00	; 0
   0211 FF                  542 	.db #0xff	; 255
   0212 00                  543 	.db #0x00	; 0
   0213 FF                  544 	.db #0xff	; 255
   0214 00                  545 	.db #0x00	; 0
   0215 FF                  546 	.db #0xff	; 255
   0216 00                  547 	.db #0x00	; 0
   0217 FF                  548 	.db #0xff	; 255
   0218 00                  549 	.db #0x00	; 0
   0219 00                  550 	.db #0x00	; 0
   021A 00                  551 	.db #0x00	; 0
   021B 00                  552 	.db #0x00	; 0
   021C 00                  553 	.db #0x00	; 0
   021D 00                  554 	.db #0x00	; 0
   021E 00                  555 	.db #0x00	; 0
   021F 00                  556 	.db #0x00	; 0
   0220 0F                  557 	.db #0x0f	; 15
   0221 FF                  558 	.db #0xff	; 255
   0222 0F                  559 	.db #0x0f	; 15
   0223 FF                  560 	.db #0xff	; 255
   0224 0F                  561 	.db #0x0f	; 15
   0225 FF                  562 	.db #0xff	; 255
   0226 0F                  563 	.db #0x0f	; 15
   0227 FF                  564 	.db #0xff	; 255
   0228 00                  565 	.db #0x00	; 0
   0229 00                  566 	.db #0x00	; 0
   022A 00                  567 	.db #0x00	; 0
   022B 00                  568 	.db #0x00	; 0
   022C 00                  569 	.db #0x00	; 0
   022D 00                  570 	.db #0x00	; 0
   022E 00                  571 	.db #0x00	; 0
   022F 00                  572 	.db #0x00	; 0
   0230 00                  573 	.db #0x00	; 0
   0231 00                  574 	.db #0x00	; 0
   0232 00                  575 	.db #0x00	; 0
   0233 00                  576 	.db #0x00	; 0
   0234 00                  577 	.db #0x00	; 0
   0235 00                  578 	.db #0x00	; 0
   0236 00                  579 	.db #0x00	; 0
   0237 00                  580 	.db #0x00	; 0
   0238 FF                  581 	.db #0xff	; 255
   0239 FF                  582 	.db #0xff	; 255
   023A FF                  583 	.db #0xff	; 255
   023B FF                  584 	.db #0xff	; 255
   023C FF                  585 	.db #0xff	; 255
   023D FF                  586 	.db #0xff	; 255
   023E FF                  587 	.db #0xff	; 255
   023F FF                  588 	.db #0xff	; 255
   0240 0F                  589 	.db #0x0f	; 15
   0241 0F                  590 	.db #0x0f	; 15
   0242 0F                  591 	.db #0x0f	; 15
   0243 0F                  592 	.db #0x0f	; 15
   0244 0F                  593 	.db #0x0f	; 15
   0245 0F                  594 	.db #0x0f	; 15
   0246 0F                  595 	.db #0x0f	; 15
   0247 0F                  596 	.db #0x0f	; 15
   0248 F0                  597 	.db #0xf0	; 240
   0249 FF                  598 	.db #0xff	; 255
   024A F0                  599 	.db #0xf0	; 240
   024B FF                  600 	.db #0xff	; 255
   024C F0                  601 	.db #0xf0	; 240
   024D FF                  602 	.db #0xff	; 255
   024E F0                  603 	.db #0xf0	; 240
   024F FF                  604 	.db #0xff	; 255
   0250 0F                  605 	.db #0x0f	; 15
   0251 FF                  606 	.db #0xff	; 255
   0252 0F                  607 	.db #0x0f	; 15
   0253 FF                  608 	.db #0xff	; 255
   0254 0F                  609 	.db #0x0f	; 15
   0255 FF                  610 	.db #0xff	; 255
   0256 0F                  611 	.db #0x0f	; 15
   0257 FF                  612 	.db #0xff	; 255
   0258 FF                  613 	.db #0xff	; 255
   0259 FF                  614 	.db #0xff	; 255
   025A FF                  615 	.db #0xff	; 255
   025B FF                  616 	.db #0xff	; 255
   025C FF                  617 	.db #0xff	; 255
   025D FF                  618 	.db #0xff	; 255
   025E FF                  619 	.db #0xff	; 255
   025F FF                  620 	.db #0xff	; 255
   0260 00                  621 	.db #0x00	; 0
   0261 0F                  622 	.db #0x0f	; 15
   0262 00                  623 	.db #0x00	; 0
   0263 0F                  624 	.db #0x0f	; 15
   0264 00                  625 	.db #0x00	; 0
   0265 0F                  626 	.db #0x0f	; 15
   0266 00                  627 	.db #0x00	; 0
   0267 0F                  628 	.db #0x0f	; 15
   0268 0F                  629 	.db #0x0f	; 15
   0269 0F                  630 	.db #0x0f	; 15
   026A 0F                  631 	.db #0x0f	; 15
   026B 0F                  632 	.db #0x0f	; 15
   026C 0F                  633 	.db #0x0f	; 15
   026D 0F                  634 	.db #0x0f	; 15
   026E 0F                  635 	.db #0x0f	; 15
   026F 0F                  636 	.db #0x0f	; 15
   0270 FF                  637 	.db #0xff	; 255
   0271 FF                  638 	.db #0xff	; 255
   0272 FF                  639 	.db #0xff	; 255
   0273 FF                  640 	.db #0xff	; 255
   0274 FF                  641 	.db #0xff	; 255
   0275 FF                  642 	.db #0xff	; 255
   0276 FF                  643 	.db #0xff	; 255
   0277 FF                  644 	.db #0xff	; 255
   0278 0F                  645 	.db #0x0f	; 15
   0279 FF                  646 	.db #0xff	; 255
   027A 0F                  647 	.db #0x0f	; 15
   027B FF                  648 	.db #0xff	; 255
   027C 0F                  649 	.db #0x0f	; 15
   027D FF                  650 	.db #0xff	; 255
   027E 0F                  651 	.db #0x0f	; 15
   027F FF                  652 	.db #0xff	; 255
   0280 FF                  653 	.db #0xff	; 255
   0281 00                  654 	.db #0x00	; 0
   0282 FF                  655 	.db #0xff	; 255
   0283 00                  656 	.db #0x00	; 0
   0284 FF                  657 	.db #0xff	; 255
   0285 00                  658 	.db #0x00	; 0
   0286 FF                  659 	.db #0xff	; 255
   0287 00                  660 	.db #0x00	; 0
   0288 FF                  661 	.db #0xff	; 255
   0289 0F                  662 	.db #0x0f	; 15
   028A FF                  663 	.db #0xff	; 255
   028B 0F                  664 	.db #0x0f	; 15
   028C FF                  665 	.db #0xff	; 255
   028D 0F                  666 	.db #0x0f	; 15
   028E FF                  667 	.db #0xff	; 255
   028F 0F                  668 	.db #0x0f	; 15
   0290 FF                  669 	.db #0xff	; 255
   0291 00                  670 	.db #0x00	; 0
   0292 FF                  671 	.db #0xff	; 255
   0293 00                  672 	.db #0x00	; 0
   0294 FF                  673 	.db #0xff	; 255
   0295 00                  674 	.db #0x00	; 0
   0296 FF                  675 	.db #0xff	; 255
   0297 00                  676 	.db #0x00	; 0
   0298 FF                  677 	.db #0xff	; 255
   0299 FF                  678 	.db #0xff	; 255
   029A FF                  679 	.db #0xff	; 255
   029B FF                  680 	.db #0xff	; 255
   029C FF                  681 	.db #0xff	; 255
   029D FF                  682 	.db #0xff	; 255
   029E FF                  683 	.db #0xff	; 255
   029F FF                  684 	.db #0xff	; 255
   02A0 00                  685 	.db #0x00	; 0
   02A1 F0                  686 	.db #0xf0	; 240
   02A2 00                  687 	.db #0x00	; 0
   02A3 F0                  688 	.db #0xf0	; 240
   02A4 00                  689 	.db #0x00	; 0
   02A5 F0                  690 	.db #0xf0	; 240
   02A6 00                  691 	.db #0x00	; 0
   02A7 F0                  692 	.db #0xf0	; 240
   02A8 0F                  693 	.db #0x0f	; 15
   02A9 FF                  694 	.db #0xff	; 255
   02AA 0F                  695 	.db #0x0f	; 15
   02AB FF                  696 	.db #0xff	; 255
   02AC 0F                  697 	.db #0x0f	; 15
   02AD FF                  698 	.db #0xff	; 255
   02AE 0F                  699 	.db #0x0f	; 15
   02AF FF                  700 	.db #0xff	; 255
   02B0 0F                  701 	.db #0x0f	; 15
   02B1 FF                  702 	.db #0xff	; 255
   02B2 0F                  703 	.db #0x0f	; 15
   02B3 FF                  704 	.db #0xff	; 255
   02B4 0F                  705 	.db #0x0f	; 15
   02B5 FF                  706 	.db #0xff	; 255
   02B6 0F                  707 	.db #0x0f	; 15
   02B7 FF                  708 	.db #0xff	; 255
   02B8 F0                  709 	.db #0xf0	; 240
   02B9 FF                  710 	.db #0xff	; 255
   02BA F0                  711 	.db #0xf0	; 240
   02BB FF                  712 	.db #0xff	; 255
   02BC F0                  713 	.db #0xf0	; 240
   02BD FF                  714 	.db #0xff	; 255
   02BE F0                  715 	.db #0xf0	; 240
   02BF FF                  716 	.db #0xff	; 255
   02C0 FF                  717 	.db #0xff	; 255
   02C1 00                  718 	.db #0x00	; 0
   02C2 FF                  719 	.db #0xff	; 255
   02C3 00                  720 	.db #0x00	; 0
   02C4 FF                  721 	.db #0xff	; 255
   02C5 00                  722 	.db #0x00	; 0
   02C6 FF                  723 	.db #0xff	; 255
   02C7 00                  724 	.db #0x00	; 0
   02C8 FF                  725 	.db #0xff	; 255
   02C9 F0                  726 	.db #0xf0	; 240
   02CA FF                  727 	.db #0xff	; 255
   02CB F0                  728 	.db #0xf0	; 240
   02CC FF                  729 	.db #0xff	; 255
   02CD F0                  730 	.db #0xf0	; 240
   02CE FF                  731 	.db #0xff	; 255
   02CF F0                  732 	.db #0xf0	; 240
   02D0 00                  733 	.db #0x00	; 0
   02D1 FF                  734 	.db #0xff	; 255
   02D2 00                  735 	.db #0x00	; 0
   02D3 FF                  736 	.db #0xff	; 255
   02D4 00                  737 	.db #0x00	; 0
   02D5 FF                  738 	.db #0xff	; 255
   02D6 00                  739 	.db #0x00	; 0
   02D7 FF                  740 	.db #0xff	; 255
   02D8 F0                  741 	.db #0xf0	; 240
   02D9 F0                  742 	.db #0xf0	; 240
   02DA F0                  743 	.db #0xf0	; 240
   02DB F0                  744 	.db #0xf0	; 240
   02DC F0                  745 	.db #0xf0	; 240
   02DD F0                  746 	.db #0xf0	; 240
   02DE F0                  747 	.db #0xf0	; 240
   02DF F0                  748 	.db #0xf0	; 240
   02E0 FF                  749 	.db #0xff	; 255
   02E1 FF                  750 	.db #0xff	; 255
   02E2 FF                  751 	.db #0xff	; 255
   02E3 FF                  752 	.db #0xff	; 255
   02E4 FF                  753 	.db #0xff	; 255
   02E5 FF                  754 	.db #0xff	; 255
   02E6 FF                  755 	.db #0xff	; 255
   02E7 FF                  756 	.db #0xff	; 255
   02E8 00                  757 	.db #0x00	; 0
   02E9 00                  758 	.db #0x00	; 0
   02EA 00                  759 	.db #0x00	; 0
   02EB 00                  760 	.db #0x00	; 0
   02EC 00                  761 	.db #0x00	; 0
   02ED 00                  762 	.db #0x00	; 0
   02EE 00                  763 	.db #0x00	; 0
   02EF 00                  764 	.db #0x00	; 0
   02F0 F0                  765 	.db #0xf0	; 240
   02F1 F0                  766 	.db #0xf0	; 240
   02F2 F0                  767 	.db #0xf0	; 240
   02F3 F0                  768 	.db #0xf0	; 240
   02F4 F0                  769 	.db #0xf0	; 240
   02F5 F0                  770 	.db #0xf0	; 240
   02F6 F0                  771 	.db #0xf0	; 240
   02F7 F0                  772 	.db #0xf0	; 240
   02F8 00                  773 	.db #0x00	; 0
   02F9 00                  774 	.db #0x00	; 0
   02FA 00                  775 	.db #0x00	; 0
   02FB 00                  776 	.db #0x00	; 0
   02FC 00                  777 	.db #0x00	; 0
   02FD 00                  778 	.db #0x00	; 0
   02FE 00                  779 	.db #0x00	; 0
   02FF 00                  780 	.db #0x00	; 0
   0300 00                  781 	.db #0x00	; 0
   0301 00                  782 	.db #0x00	; 0
   0302 00                  783 	.db #0x00	; 0
   0303 00                  784 	.db #0x00	; 0
   0304 00                  785 	.db #0x00	; 0
   0305 00                  786 	.db #0x00	; 0
   0306 00                  787 	.db #0x00	; 0
   0307 00                  788 	.db #0x00	; 0
   0308 F0                  789 	.db #0xf0	; 240
   0309 FF                  790 	.db #0xff	; 255
   030A F0                  791 	.db #0xf0	; 240
   030B FF                  792 	.db #0xff	; 255
   030C F0                  793 	.db #0xf0	; 240
   030D FF                  794 	.db #0xff	; 255
   030E F0                  795 	.db #0xf0	; 240
   030F FF                  796 	.db #0xff	; 255
   0310 0F                  797 	.db #0x0f	; 15
   0311 0F                  798 	.db #0x0f	; 15
   0312 0F                  799 	.db #0x0f	; 15
   0313 0F                  800 	.db #0x0f	; 15
   0314 0F                  801 	.db #0x0f	; 15
   0315 0F                  802 	.db #0x0f	; 15
   0316 0F                  803 	.db #0x0f	; 15
   0317 0F                  804 	.db #0x0f	; 15
   0318 00                  805 	.db #0x00	; 0
   0319 FF                  806 	.db #0xff	; 255
   031A 00                  807 	.db #0x00	; 0
   031B FF                  808 	.db #0xff	; 255
   031C 00                  809 	.db #0x00	; 0
   031D FF                  810 	.db #0xff	; 255
   031E 00                  811 	.db #0x00	; 0
   031F FF                  812 	.db #0xff	; 255
   0320 F0                  813 	.db #0xf0	; 240
   0321 F0                  814 	.db #0xf0	; 240
   0322 F0                  815 	.db #0xf0	; 240
   0323 F0                  816 	.db #0xf0	; 240
   0324 F0                  817 	.db #0xf0	; 240
   0325 F0                  818 	.db #0xf0	; 240
   0326 F0                  819 	.db #0xf0	; 240
   0327 F0                  820 	.db #0xf0	; 240
   0328 0F                  821 	.db #0x0f	; 15
   0329 FF                  822 	.db #0xff	; 255
   032A 0F                  823 	.db #0x0f	; 15
   032B FF                  824 	.db #0xff	; 255
   032C 0F                  825 	.db #0x0f	; 15
   032D FF                  826 	.db #0xff	; 255
   032E 0F                  827 	.db #0x0f	; 15
   032F FF                  828 	.db #0xff	; 255
   0330 FF                  829 	.db #0xff	; 255
   0331 0F                  830 	.db #0x0f	; 15
   0332 FF                  831 	.db #0xff	; 255
   0333 0F                  832 	.db #0x0f	; 15
   0334 FF                  833 	.db #0xff	; 255
   0335 0F                  834 	.db #0x0f	; 15
   0336 FF                  835 	.db #0xff	; 255
   0337 0F                  836 	.db #0x0f	; 15
   0338 FF                  837 	.db #0xff	; 255
   0339 F0                  838 	.db #0xf0	; 240
   033A FF                  839 	.db #0xff	; 255
   033B F0                  840 	.db #0xf0	; 240
   033C FF                  841 	.db #0xff	; 255
   033D F0                  842 	.db #0xf0	; 240
   033E FF                  843 	.db #0xff	; 255
   033F F0                  844 	.db #0xf0	; 240
   0340 F0                  845 	.db #0xf0	; 240
   0341 F0                  846 	.db #0xf0	; 240
   0342 F0                  847 	.db #0xf0	; 240
   0343 F0                  848 	.db #0xf0	; 240
   0344 F0                  849 	.db #0xf0	; 240
   0345 F0                  850 	.db #0xf0	; 240
   0346 F0                  851 	.db #0xf0	; 240
   0347 F0                  852 	.db #0xf0	; 240
   0348 00                  853 	.db #0x00	; 0
   0349 F0                  854 	.db #0xf0	; 240
   034A 00                  855 	.db #0x00	; 0
   034B F0                  856 	.db #0xf0	; 240
   034C 00                  857 	.db #0x00	; 0
   034D F0                  858 	.db #0xf0	; 240
   034E 00                  859 	.db #0x00	; 0
   034F F0                  860 	.db #0xf0	; 240
   0350 FF                  861 	.db #0xff	; 255
   0351 FF                  862 	.db #0xff	; 255
   0352 FF                  863 	.db #0xff	; 255
   0353 FF                  864 	.db #0xff	; 255
   0354 FF                  865 	.db #0xff	; 255
   0355 FF                  866 	.db #0xff	; 255
   0356 FF                  867 	.db #0xff	; 255
   0357 FF                  868 	.db #0xff	; 255
   0358 F0                  869 	.db #0xf0	; 240
   0359 FF                  870 	.db #0xff	; 255
   035A F0                  871 	.db #0xf0	; 240
   035B FF                  872 	.db #0xff	; 255
   035C F0                  873 	.db #0xf0	; 240
   035D FF                  874 	.db #0xff	; 255
   035E F0                  875 	.db #0xf0	; 240
   035F FF                  876 	.db #0xff	; 255
   0360 F0                  877 	.db #0xf0	; 240
   0361 FF                  878 	.db #0xff	; 255
   0362 F0                  879 	.db #0xf0	; 240
   0363 FF                  880 	.db #0xff	; 255
   0364 F0                  881 	.db #0xf0	; 240
   0365 FF                  882 	.db #0xff	; 255
   0366 F0                  883 	.db #0xf0	; 240
   0367 FF                  884 	.db #0xff	; 255
   0368 FF                  885 	.db #0xff	; 255
   0369 FF                  886 	.db #0xff	; 255
   036A FF                  887 	.db #0xff	; 255
   036B FF                  888 	.db #0xff	; 255
   036C FF                  889 	.db #0xff	; 255
   036D FF                  890 	.db #0xff	; 255
   036E FF                  891 	.db #0xff	; 255
   036F FF                  892 	.db #0xff	; 255
   0370 F0                  893 	.db #0xf0	; 240
   0371 FF                  894 	.db #0xff	; 255
   0372 F0                  895 	.db #0xf0	; 240
   0373 FF                  896 	.db #0xff	; 255
   0374 F0                  897 	.db #0xf0	; 240
   0375 FF                  898 	.db #0xff	; 255
   0376 F0                  899 	.db #0xf0	; 240
   0377 FF                  900 	.db #0xff	; 255
   0378 0F                  901 	.db #0x0f	; 15
   0379 0F                  902 	.db #0x0f	; 15
   037A 0F                  903 	.db #0x0f	; 15
   037B 0F                  904 	.db #0x0f	; 15
   037C 0F                  905 	.db #0x0f	; 15
   037D 0F                  906 	.db #0x0f	; 15
   037E 0F                  907 	.db #0x0f	; 15
   037F 0F                  908 	.db #0x0f	; 15
   0380 0F                  909 	.db #0x0f	; 15
   0381 0F                  910 	.db #0x0f	; 15
   0382 0F                  911 	.db #0x0f	; 15
   0383 0F                  912 	.db #0x0f	; 15
   0384 0F                  913 	.db #0x0f	; 15
   0385 0F                  914 	.db #0x0f	; 15
   0386 0F                  915 	.db #0x0f	; 15
   0387 0F                  916 	.db #0x0f	; 15
   0388 00                  917 	.db #0x00	; 0
   0389 0F                  918 	.db #0x0f	; 15
   038A 00                  919 	.db #0x00	; 0
   038B 0F                  920 	.db #0x0f	; 15
   038C 00                  921 	.db #0x00	; 0
   038D 0F                  922 	.db #0x0f	; 15
   038E 00                  923 	.db #0x00	; 0
   038F 0F                  924 	.db #0x0f	; 15
   0390 F0                  925 	.db #0xf0	; 240
   0391 FF                  926 	.db #0xff	; 255
   0392 F0                  927 	.db #0xf0	; 240
   0393 FF                  928 	.db #0xff	; 255
   0394 F0                  929 	.db #0xf0	; 240
   0395 FF                  930 	.db #0xff	; 255
   0396 F0                  931 	.db #0xf0	; 240
   0397 FF                  932 	.db #0xff	; 255
   0398 0F                  933 	.db #0x0f	; 15
   0399 FF                  934 	.db #0xff	; 255
   039A 0F                  935 	.db #0x0f	; 15
   039B FF                  936 	.db #0xff	; 255
   039C 0F                  937 	.db #0x0f	; 15
   039D FF                  938 	.db #0xff	; 255
   039E 0F                  939 	.db #0x0f	; 15
   039F FF                  940 	.db #0xff	; 255
   03A0 00                  941 	.db #0x00	; 0
   03A1 F0                  942 	.db #0xf0	; 240
   03A2 00                  943 	.db #0x00	; 0
   03A3 F0                  944 	.db #0xf0	; 240
   03A4 00                  945 	.db #0x00	; 0
   03A5 F0                  946 	.db #0xf0	; 240
   03A6 00                  947 	.db #0x00	; 0
   03A7 F0                  948 	.db #0xf0	; 240
   03A8 F0                  949 	.db #0xf0	; 240
   03A9 F0                  950 	.db #0xf0	; 240
   03AA F0                  951 	.db #0xf0	; 240
   03AB F0                  952 	.db #0xf0	; 240
   03AC F0                  953 	.db #0xf0	; 240
   03AD F0                  954 	.db #0xf0	; 240
   03AE F0                  955 	.db #0xf0	; 240
   03AF F0                  956 	.db #0xf0	; 240
   03B0 FF                  957 	.db #0xff	; 255
   03B1 FF                  958 	.db #0xff	; 255
   03B2 FF                  959 	.db #0xff	; 255
   03B3 FF                  960 	.db #0xff	; 255
   03B4 FF                  961 	.db #0xff	; 255
   03B5 FF                  962 	.db #0xff	; 255
   03B6 FF                  963 	.db #0xff	; 255
   03B7 FF                  964 	.db #0xff	; 255
   03B8 0F                  965 	.db #0x0f	; 15
   03B9 0F                  966 	.db #0x0f	; 15
   03BA 0F                  967 	.db #0x0f	; 15
   03BB 0F                  968 	.db #0x0f	; 15
   03BC 0F                  969 	.db #0x0f	; 15
   03BD 0F                  970 	.db #0x0f	; 15
   03BE 0F                  971 	.db #0x0f	; 15
   03BF 0F                  972 	.db #0x0f	; 15
   03C0 F0                  973 	.db #0xf0	; 240
   03C1 F0                  974 	.db #0xf0	; 240
   03C2 F0                  975 	.db #0xf0	; 240
   03C3 F0                  976 	.db #0xf0	; 240
   03C4 F0                  977 	.db #0xf0	; 240
   03C5 F0                  978 	.db #0xf0	; 240
   03C6 F0                  979 	.db #0xf0	; 240
   03C7 F0                  980 	.db #0xf0	; 240
   03C8 FF                  981 	.db #0xff	; 255
   03C9 FF                  982 	.db #0xff	; 255
   03CA FF                  983 	.db #0xff	; 255
   03CB FF                  984 	.db #0xff	; 255
   03CC FF                  985 	.db #0xff	; 255
   03CD FF                  986 	.db #0xff	; 255
   03CE FF                  987 	.db #0xff	; 255
   03CF FF                  988 	.db #0xff	; 255
   03D0 0F                  989 	.db #0x0f	; 15
   03D1 FF                  990 	.db #0xff	; 255
   03D2 0F                  991 	.db #0x0f	; 15
   03D3 FF                  992 	.db #0xff	; 255
   03D4 0F                  993 	.db #0x0f	; 15
   03D5 FF                  994 	.db #0xff	; 255
   03D6 0F                  995 	.db #0x0f	; 15
   03D7 FF                  996 	.db #0xff	; 255
   03D8 00                  997 	.db #0x00	; 0
   03D9 F0                  998 	.db #0xf0	; 240
   03DA 00                  999 	.db #0x00	; 0
   03DB F0                 1000 	.db #0xf0	; 240
   03DC 00                 1001 	.db #0x00	; 0
   03DD F0                 1002 	.db #0xf0	; 240
   03DE 00                 1003 	.db #0x00	; 0
   03DF F0                 1004 	.db #0xf0	; 240
   03E0 0F                 1005 	.db #0x0f	; 15
   03E1 0F                 1006 	.db #0x0f	; 15
   03E2 0F                 1007 	.db #0x0f	; 15
   03E3 0F                 1008 	.db #0x0f	; 15
   03E4 0F                 1009 	.db #0x0f	; 15
   03E5 0F                 1010 	.db #0x0f	; 15
   03E6 0F                 1011 	.db #0x0f	; 15
   03E7 0F                 1012 	.db #0x0f	; 15
   03E8 FF                 1013 	.db #0xff	; 255
   03E9 FF                 1014 	.db #0xff	; 255
   03EA FF                 1015 	.db #0xff	; 255
   03EB FF                 1016 	.db #0xff	; 255
   03EC FF                 1017 	.db #0xff	; 255
   03ED FF                 1018 	.db #0xff	; 255
   03EE FF                 1019 	.db #0xff	; 255
   03EF FF                 1020 	.db #0xff	; 255
   03F0 F0                 1021 	.db #0xf0	; 240
   03F1 FF                 1022 	.db #0xff	; 255
   03F2 F0                 1023 	.db #0xf0	; 240
   03F3 FF                 1024 	.db #0xff	; 255
   03F4 F0                 1025 	.db #0xf0	; 240
   03F5 FF                 1026 	.db #0xff	; 255
   03F6 F0                 1027 	.db #0xf0	; 240
   03F7 FF                 1028 	.db #0xff	; 255
   03F8 00                 1029 	.db #0x00	; 0
   03F9 00                 1030 	.db #0x00	; 0
   03FA 00                 1031 	.db #0x00	; 0
   03FB 00                 1032 	.db #0x00	; 0
   03FC 00                 1033 	.db #0x00	; 0
   03FD 00                 1034 	.db #0x00	; 0
   03FE 00                 1035 	.db #0x00	; 0
   03FF 00                 1036 	.db #0x00	; 0
   0400 FF                 1037 	.db #0xff	; 255
   0401 FF                 1038 	.db #0xff	; 255
   0402 FF                 1039 	.db #0xff	; 255
   0403 FF                 1040 	.db #0xff	; 255
   0404 FF                 1041 	.db #0xff	; 255
   0405 FF                 1042 	.db #0xff	; 255
   0406 FF                 1043 	.db #0xff	; 255
   0407 FF                 1044 	.db #0xff	; 255
   0408 F0                 1045 	.db #0xf0	; 240
   0409 F0                 1046 	.db #0xf0	; 240
   040A F0                 1047 	.db #0xf0	; 240
   040B F0                 1048 	.db #0xf0	; 240
   040C F0                 1049 	.db #0xf0	; 240
   040D F0                 1050 	.db #0xf0	; 240
   040E F0                 1051 	.db #0xf0	; 240
   040F F0                 1052 	.db #0xf0	; 240
   0410 00                 1053 	.db #0x00	; 0
   0411 00                 1054 	.db #0x00	; 0
   0412 00                 1055 	.db #0x00	; 0
   0413 00                 1056 	.db #0x00	; 0
   0414 00                 1057 	.db #0x00	; 0
   0415 00                 1058 	.db #0x00	; 0
   0416 00                 1059 	.db #0x00	; 0
   0417 00                 1060 	.db #0x00	; 0
   0418 0F                 1061 	.db #0x0f	; 15
   0419 FF                 1062 	.db #0xff	; 255
   041A 0F                 1063 	.db #0x0f	; 15
   041B FF                 1064 	.db #0xff	; 255
   041C 0F                 1065 	.db #0x0f	; 15
   041D FF                 1066 	.db #0xff	; 255
   041E 0F                 1067 	.db #0x0f	; 15
   041F FF                 1068 	.db #0xff	; 255
   0420 FF                 1069 	.db #0xff	; 255
   0421 F0                 1070 	.db #0xf0	; 240
   0422 FF                 1071 	.db #0xff	; 255
   0423 F0                 1072 	.db #0xf0	; 240
   0424 FF                 1073 	.db #0xff	; 255
   0425 F0                 1074 	.db #0xf0	; 240
   0426 FF                 1075 	.db #0xff	; 255
   0427 F0                 1076 	.db #0xf0	; 240
   0428 FF                 1077 	.db #0xff	; 255
   0429 0F                 1078 	.db #0x0f	; 15
   042A FF                 1079 	.db #0xff	; 255
   042B 0F                 1080 	.db #0x0f	; 15
   042C FF                 1081 	.db #0xff	; 255
   042D 0F                 1082 	.db #0x0f	; 15
   042E FF                 1083 	.db #0xff	; 255
   042F 0F                 1084 	.db #0x0f	; 15
   0430 F0                 1085 	.db #0xf0	; 240
   0431 F0                 1086 	.db #0xf0	; 240
   0432 F0                 1087 	.db #0xf0	; 240
   0433 F0                 1088 	.db #0xf0	; 240
   0434 F0                 1089 	.db #0xf0	; 240
   0435 F0                 1090 	.db #0xf0	; 240
   0436 F0                 1091 	.db #0xf0	; 240
   0437 F0                 1092 	.db #0xf0	; 240
   0438 00                 1093 	.db #0x00	; 0
   0439 FF                 1094 	.db #0xff	; 255
   043A 00                 1095 	.db #0x00	; 0
   043B FF                 1096 	.db #0xff	; 255
   043C 00                 1097 	.db #0x00	; 0
   043D FF                 1098 	.db #0xff	; 255
   043E 00                 1099 	.db #0x00	; 0
   043F FF                 1100 	.db #0xff	; 255
   0440 00                 1101 	.db #0x00	; 0
   0441 0F                 1102 	.db #0x0f	; 15
   0442 00                 1103 	.db #0x00	; 0
   0443 0F                 1104 	.db #0x0f	; 15
   0444 00                 1105 	.db #0x00	; 0
   0445 0F                 1106 	.db #0x0f	; 15
   0446 00                 1107 	.db #0x00	; 0
   0447 0F                 1108 	.db #0x0f	; 15
   0448 F0                 1109 	.db #0xf0	; 240
   0449 FF                 1110 	.db #0xff	; 255
   044A F0                 1111 	.db #0xf0	; 240
   044B FF                 1112 	.db #0xff	; 255
   044C F0                 1113 	.db #0xf0	; 240
   044D FF                 1114 	.db #0xff	; 255
   044E F0                 1115 	.db #0xf0	; 240
   044F FF                 1116 	.db #0xff	; 255
   0450 00                 1117 	.db #0x00	; 0
   0451 0F                 1118 	.db #0x0f	; 15
   0452 00                 1119 	.db #0x00	; 0
   0453 0F                 1120 	.db #0x0f	; 15
   0454 00                 1121 	.db #0x00	; 0
   0455 0F                 1122 	.db #0x0f	; 15
   0456 00                 1123 	.db #0x00	; 0
   0457 0F                 1124 	.db #0x0f	; 15
   0458 00                 1125 	.db #0x00	; 0
   0459 00                 1126 	.db #0x00	; 0
   045A 00                 1127 	.db #0x00	; 0
   045B 00                 1128 	.db #0x00	; 0
   045C 00                 1129 	.db #0x00	; 0
   045D 00                 1130 	.db #0x00	; 0
   045E 00                 1131 	.db #0x00	; 0
   045F 00                 1132 	.db #0x00	; 0
                           1133 	.area _CABS (ABS)
