                              1 ;--------------------------------------------------------
                              2 ; File Created by SDCC : free open source ANSI-C Compiler
                              3 ; Version 4.0.0 #11528 (MINGW32)
                              4 ;--------------------------------------------------------
                              5 	.module C__Users_Mills_AppData_Local_Temp_lcc29881
                              6 	.optsdcc -mgbz80
                              7 	
                              8 ;--------------------------------------------------------
                              9 ; Public variables in this module
                             10 ;--------------------------------------------------------
                             11 	.globl _Roto_Sprites
                             12 	.globl _Roto_SpritesCGB
                             13 	.globl _Roto_SpritesPAL
                             14 ;--------------------------------------------------------
                             15 ; special function registers
                             16 ;--------------------------------------------------------
                             17 ;--------------------------------------------------------
                             18 ; ram data
                             19 ;--------------------------------------------------------
                             20 	.area _DATA
                             21 ;--------------------------------------------------------
                             22 ; absolute external ram data
                             23 ;--------------------------------------------------------
                             24 	.area _DABS (ABS)
                             25 ;--------------------------------------------------------
                             26 ; global & static initialisations
                             27 ;--------------------------------------------------------
                             28 	.area _HOME
                             29 	.area _GSINIT
                             30 	.area _GSFINAL
                             31 	.area _GSINIT
                             32 ;--------------------------------------------------------
                             33 ; Home
                             34 ;--------------------------------------------------------
                             35 	.area _HOME
                             36 	.area _HOME
                             37 ;--------------------------------------------------------
                             38 ; code
                             39 ;--------------------------------------------------------
                             40 	.area _CODE_10
                             41 	.area _CODE_10
   0000                      42 _Roto_SpritesPAL:
   0000 09 7E                43 	.dw #0x7e09
   0002 BF 71                44 	.dw #0x71bf
   0004 1A 68                45 	.dw #0x681a
   0006 00 00                46 	.dw #0x0000
   0008 09 7E                47 	.dw #0x7e09
   000A D1 4F                48 	.dw #0x4fd1
   000C 81 02                49 	.dw #0x0281
   000E 00 00                50 	.dw #0x0000
   0010 00 00                51 	.dw #0x0000
   0012 00 00                52 	.dw #0x0000
   0014 00 00                53 	.dw #0x0000
   0016 00 00                54 	.dw #0x0000
   0018 00 00                55 	.dw #0x0000
   001A 00 00                56 	.dw #0x0000
   001C 00 00                57 	.dw #0x0000
   001E 00 00                58 	.dw #0x0000
   0020 00 00                59 	.dw #0x0000
   0022 00 00                60 	.dw #0x0000
   0024 00 00                61 	.dw #0x0000
   0026 00 00                62 	.dw #0x0000
   0028 00 00                63 	.dw #0x0000
   002A 00 00                64 	.dw #0x0000
   002C 00 00                65 	.dw #0x0000
   002E 00 00                66 	.dw #0x0000
   0030 00 00                67 	.dw #0x0000
   0032 00 00                68 	.dw #0x0000
   0034 00 00                69 	.dw #0x0000
   0036 00 00                70 	.dw #0x0000
   0038 00 00                71 	.dw #0x0000
   003A 00 00                72 	.dw #0x0000
   003C 00 00                73 	.dw #0x0000
   003E 00 00                74 	.dw #0x0000
   0040                      75 _Roto_SpritesCGB:
   0040 00                   76 	.db #0x00	; 0
   0041 00                   77 	.db #0x00	; 0
   0042 00                   78 	.db #0x00	; 0
   0043 00                   79 	.db #0x00	; 0
   0044 00                   80 	.db #0x00	; 0
   0045 00                   81 	.db #0x00	; 0
   0046 00                   82 	.db #0x00	; 0
   0047 00                   83 	.db #0x00	; 0
   0048 00                   84 	.db #0x00	; 0
   0049 00                   85 	.db #0x00	; 0
   004A 00                   86 	.db #0x00	; 0
   004B 00                   87 	.db #0x00	; 0
   004C 00                   88 	.db #0x00	; 0
   004D 00                   89 	.db #0x00	; 0
   004E 00                   90 	.db #0x00	; 0
   004F 00                   91 	.db #0x00	; 0
   0050                      92 _Roto_Sprites:
   0050 00                   93 	.db #0x00	; 0
   0051 00                   94 	.db #0x00	; 0
   0052 00                   95 	.db #0x00	; 0
   0053 00                   96 	.db #0x00	; 0
   0054 03                   97 	.db #0x03	; 3
   0055 03                   98 	.db #0x03	; 3
   0056 0F                   99 	.db #0x0f	; 15
   0057 0C                  100 	.db #0x0c	; 12
   0058 1F                  101 	.db #0x1f	; 31
   0059 10                  102 	.db #0x10	; 16
   005A 3F                  103 	.db #0x3f	; 63
   005B 23                  104 	.db #0x23	; 35
   005C 3F                  105 	.db #0x3f	; 63
   005D 21                  106 	.db #0x21	; 33
   005E 10                  107 	.db #0x10	; 16
   005F 1F                  108 	.db #0x1f	; 31
   0060 0F                  109 	.db #0x0f	; 15
   0061 0F                  110 	.db #0x0f	; 15
   0062 1F                  111 	.db #0x1f	; 31
   0063 1F                  112 	.db #0x1f	; 31
   0064 20                  113 	.db #0x20	; 32
   0065 3F                  114 	.db #0x3f	; 63
   0066 20                  115 	.db #0x20	; 32
   0067 3F                  116 	.db #0x3f	; 63
   0068 40                  117 	.db #0x40	; 64
   0069 7F                  118 	.db #0x7f	; 127
   006A 41                  119 	.db #0x41	; 65	'A'
   006B 7F                  120 	.db #0x7f	; 127
   006C 3F                  121 	.db #0x3f	; 63
   006D 3F                  122 	.db #0x3f	; 63
   006E 1F                  123 	.db #0x1f	; 31
   006F 1F                  124 	.db #0x1f	; 31
   0070 30                  125 	.db #0x30	; 48	'0'
   0071 30                  126 	.db #0x30	; 48	'0'
   0072 F8                  127 	.db #0xf8	; 248
   0073 C8                  128 	.db #0xc8	; 200
   0074 FC                  129 	.db #0xfc	; 252
   0075 0C                  130 	.db #0x0c	; 12
   0076 FC                  131 	.db #0xfc	; 252
   0077 04                  132 	.db #0x04	; 4
   0078 FE                  133 	.db #0xfe	; 254
   0079 06                  134 	.db #0x06	; 6
   007A FE                  135 	.db #0xfe	; 254
   007B FE                  136 	.db #0xfe	; 254
   007C FC                  137 	.db #0xfc	; 252
   007D FC                  138 	.db #0xfc	; 252
   007E 18                  139 	.db #0x18	; 24
   007F F8                  140 	.db #0xf8	; 248
   0080 84                  141 	.db #0x84	; 132
   0081 FC                  142 	.db #0xfc	; 252
   0082 C2                  143 	.db #0xc2	; 194
   0083 FE                  144 	.db #0xfe	; 254
   0084 03                  145 	.db #0x03	; 3
   0085 FF                  146 	.db #0xff	; 255
   0086 07                  147 	.db #0x07	; 7
   0087 FF                  148 	.db #0xff	; 255
   0088 0E                  149 	.db #0x0e	; 14
   0089 FE                  150 	.db #0xfe	; 254
   008A FC                  151 	.db #0xfc	; 252
   008B FC                  152 	.db #0xfc	; 252
   008C F8                  153 	.db #0xf8	; 248
   008D F8                  154 	.db #0xf8	; 248
   008E 00                  155 	.db #0x00	; 0
   008F 00                  156 	.db #0x00	; 0
   0090 3F                  157 	.db #0x3f	; 63
   0091 3F                  158 	.db #0x3f	; 63
   0092 7F                  159 	.db #0x7f	; 127
   0093 40                  160 	.db #0x40	; 64
   0094 7F                  161 	.db #0x7f	; 127
   0095 40                  162 	.db #0x40	; 64
   0096 FF                  163 	.db #0xff	; 255
   0097 80                  164 	.db #0x80	; 128
   0098 FF                  165 	.db #0xff	; 255
   0099 80                  166 	.db #0x80	; 128
   009A 7F                  167 	.db #0x7f	; 127
   009B 63                  168 	.db #0x63	; 99	'c'
   009C 23                  169 	.db #0x23	; 35
   009D 3F                  170 	.db #0x3f	; 63
   009E 23                  171 	.db #0x23	; 35
   009F 3F                  172 	.db #0x3f	; 63
   00A0 20                  173 	.db #0x20	; 32
   00A1 3F                  174 	.db #0x3f	; 63
   00A2 40                  175 	.db #0x40	; 64
   00A3 7F                  176 	.db #0x7f	; 127
   00A4 43                  177 	.db #0x43	; 67	'C'
   00A5 7F                  178 	.db #0x7f	; 127
   00A6 43                  179 	.db #0x43	; 67	'C'
   00A7 7F                  180 	.db #0x7f	; 127
   00A8 43                  181 	.db #0x43	; 67	'C'
   00A9 7F                  182 	.db #0x7f	; 127
   00AA 47                  183 	.db #0x47	; 71	'G'
   00AB 7F                  184 	.db #0x7f	; 127
   00AC 3E                  185 	.db #0x3e	; 62
   00AD 3E                  186 	.db #0x3e	; 62
   00AE 1C                  187 	.db #0x1c	; 28
   00AF 1C                  188 	.db #0x1c	; 28
   00B0 80                  189 	.db #0x80	; 128
   00B1 80                  190 	.db #0x80	; 128
   00B2 F0                  191 	.db #0xf0	; 240
   00B3 70                  192 	.db #0x70	; 112	'p'
   00B4 F8                  193 	.db #0xf8	; 248
   00B5 08                  194 	.db #0x08	; 8
   00B6 FC                  195 	.db #0xfc	; 252
   00B7 04                  196 	.db #0x04	; 4
   00B8 FE                  197 	.db #0xfe	; 254
   00B9 02                  198 	.db #0x02	; 2
   00BA FF                  199 	.db #0xff	; 255
   00BB C3                  200 	.db #0xc3	; 195
   00BC E3                  201 	.db #0xe3	; 227
   00BD FF                  202 	.db #0xff	; 255
   00BE C7                  203 	.db #0xc7	; 199
   00BF FF                  204 	.db #0xff	; 255
   00C0 0E                  205 	.db #0x0e	; 14
   00C1 FE                  206 	.db #0xfe	; 254
   00C2 3C                  207 	.db #0x3c	; 60
   00C3 FC                  208 	.db #0xfc	; 252
   00C4 F8                  209 	.db #0xf8	; 248
   00C5 F8                  210 	.db #0xf8	; 248
   00C6 E0                  211 	.db #0xe0	; 224
   00C7 E0                  212 	.db #0xe0	; 224
   00C8 00                  213 	.db #0x00	; 0
   00C9 00                  214 	.db #0x00	; 0
   00CA 00                  215 	.db #0x00	; 0
   00CB 00                  216 	.db #0x00	; 0
   00CC 00                  217 	.db #0x00	; 0
   00CD 00                  218 	.db #0x00	; 0
   00CE 00                  219 	.db #0x00	; 0
   00CF 00                  220 	.db #0x00	; 0
   00D0 03                  221 	.db #0x03	; 3
   00D1 03                  222 	.db #0x03	; 3
   00D2 3F                  223 	.db #0x3f	; 63
   00D3 3C                  224 	.db #0x3c	; 60
   00D4 7F                  225 	.db #0x7f	; 127
   00D5 40                  226 	.db #0x40	; 64
   00D6 7F                  227 	.db #0x7f	; 127
   00D7 40                  228 	.db #0x40	; 64
   00D8 7F                  229 	.db #0x7f	; 127
   00D9 46                  230 	.db #0x46	; 70	'F'
   00DA 3F                  231 	.db #0x3f	; 63
   00DB 3E                  232 	.db #0x3e	; 62
   00DC 1F                  233 	.db #0x1f	; 31
   00DD 1E                  234 	.db #0x1e	; 30
   00DE 04                  235 	.db #0x04	; 4
   00DF 07                  236 	.db #0x07	; 7
   00E0 04                  237 	.db #0x04	; 4
   00E1 07                  238 	.db #0x07	; 7
   00E2 04                  239 	.db #0x04	; 4
   00E3 07                  240 	.db #0x07	; 7
   00E4 1C                  241 	.db #0x1c	; 28
   00E5 1F                  242 	.db #0x1f	; 31
   00E6 20                  243 	.db #0x20	; 32
   00E7 3F                  244 	.db #0x3f	; 63
   00E8 1C                  245 	.db #0x1c	; 28
   00E9 1F                  246 	.db #0x1f	; 31
   00EA 0F                  247 	.db #0x0f	; 15
   00EB 0F                  248 	.db #0x0f	; 15
   00EC 01                  249 	.db #0x01	; 1
   00ED 01                  250 	.db #0x01	; 1
   00EE 00                  251 	.db #0x00	; 0
   00EF 00                  252 	.db #0x00	; 0
   00F0 F0                  253 	.db #0xf0	; 240
   00F1 F0                  254 	.db #0xf0	; 240
   00F2 F8                  255 	.db #0xf8	; 248
   00F3 08                  256 	.db #0x08	; 8
   00F4 FC                  257 	.db #0xfc	; 252
   00F5 0C                  258 	.db #0x0c	; 12
   00F6 FC                  259 	.db #0xfc	; 252
   00F7 7C                  260 	.db #0x7c	; 124
   00F8 F8                  261 	.db #0xf8	; 248
   00F9 78                  262 	.db #0x78	; 120	'x'
   00FA E0                  263 	.db #0xe0	; 224
   00FB 60                  264 	.db #0x60	; 96
   00FC E0                  265 	.db #0xe0	; 224
   00FD 60                  266 	.db #0x60	; 96
   00FE 60                  267 	.db #0x60	; 96
   00FF E0                  268 	.db #0xe0	; 224
   0100 20                  269 	.db #0x20	; 32
   0101 E0                  270 	.db #0xe0	; 224
   0102 30                  271 	.db #0x30	; 48	'0'
   0103 F0                  272 	.db #0xf0	; 240
   0104 38                  273 	.db #0x38	; 56	'8'
   0105 F8                  274 	.db #0xf8	; 248
   0106 04                  275 	.db #0x04	; 4
   0107 FC                  276 	.db #0xfc	; 252
   0108 06                  277 	.db #0x06	; 6
   0109 FE                  278 	.db #0xfe	; 254
   010A 86                  279 	.db #0x86	; 134
   010B FE                  280 	.db #0xfe	; 254
   010C FE                  281 	.db #0xfe	; 254
   010D FE                  282 	.db #0xfe	; 254
   010E 3C                  283 	.db #0x3c	; 60
   010F 3C                  284 	.db #0x3c	; 60
   0110 18                  285 	.db #0x18	; 24
   0111 18                  286 	.db #0x18	; 24
   0112 7C                  287 	.db #0x7c	; 124
   0113 64                  288 	.db #0x64	; 100	'd'
   0114 FE                  289 	.db #0xfe	; 254
   0115 86                  290 	.db #0x86	; 134
   0116 FE                  291 	.db #0xfe	; 254
   0117 86                  292 	.db #0x86	; 134
   0118 7E                  293 	.db #0x7e	; 126
   0119 46                  294 	.db #0x46	; 70	'F'
   011A 7F                  295 	.db #0x7f	; 127
   011B 43                  296 	.db #0x43	; 67	'C'
   011C 41                  297 	.db #0x41	; 65	'A'
   011D 7F                  298 	.db #0x7f	; 127
   011E 40                  299 	.db #0x40	; 64
   011F 7F                  300 	.db #0x7f	; 127
   0120 44                  301 	.db #0x44	; 68	'D'
   0121 7F                  302 	.db #0x7f	; 127
   0122 86                  303 	.db #0x86	; 134
   0123 FF                  304 	.db #0xff	; 255
   0124 87                  305 	.db #0x87	; 135
   0125 FF                  306 	.db #0xff	; 255
   0126 86                  307 	.db #0x86	; 134
   0127 FE                  308 	.db #0xfe	; 254
   0128 86                  309 	.db #0x86	; 134
   0129 FE                  310 	.db #0xfe	; 254
   012A 66                  311 	.db #0x66	; 102	'f'
   012B 7E                  312 	.db #0x7e	; 126
   012C 3E                  313 	.db #0x3e	; 62
   012D 3E                  314 	.db #0x3e	; 62
   012E 0C                  315 	.db #0x0c	; 12
   012F 0C                  316 	.db #0x0c	; 12
   0130 00                  317 	.db #0x00	; 0
   0131 00                  318 	.db #0x00	; 0
   0132 30                  319 	.db #0x30	; 48	'0'
   0133 30                  320 	.db #0x30	; 48	'0'
   0134 7C                  321 	.db #0x7c	; 124
   0135 4C                  322 	.db #0x4c	; 76	'L'
   0136 7E                  323 	.db #0x7e	; 126
   0137 42                  324 	.db #0x42	; 66	'B'
   0138 7F                  325 	.db #0x7f	; 127
   0139 43                  326 	.db #0x43	; 67	'C'
   013A 7F                  327 	.db #0x7f	; 127
   013B 43                  328 	.db #0x43	; 67	'C'
   013C 47                  329 	.db #0x47	; 71	'G'
   013D 7F                  330 	.db #0x7f	; 127
   013E C6                  331 	.db #0xc6	; 198
   013F FE                  332 	.db #0xfe	; 254
   0140 06                  333 	.db #0x06	; 6
   0141 FE                  334 	.db #0xfe	; 254
   0142 06                  335 	.db #0x06	; 6
   0143 FE                  336 	.db #0xfe	; 254
   0144 0E                  337 	.db #0x0e	; 14
   0145 FE                  338 	.db #0xfe	; 254
   0146 8C                  339 	.db #0x8c	; 140
   0147 FC                  340 	.db #0xfc	; 252
   0148 4C                  341 	.db #0x4c	; 76	'L'
   0149 7C                  342 	.db #0x7c	; 124
   014A 2C                  343 	.db #0x2c	; 44
   014B 3C                  344 	.db #0x3c	; 60
   014C 1C                  345 	.db #0x1c	; 28
   014D 1C                  346 	.db #0x1c	; 28
   014E 08                  347 	.db #0x08	; 8
   014F 08                  348 	.db #0x08	; 8
   0150 00                  349 	.db #0x00	; 0
   0151 00                  350 	.db #0x00	; 0
   0152 08                  351 	.db #0x08	; 8
   0153 08                  352 	.db #0x08	; 8
   0154 1C                  353 	.db #0x1c	; 28
   0155 14                  354 	.db #0x14	; 20
   0156 3E                  355 	.db #0x3e	; 62
   0157 22                  356 	.db #0x22	; 34
   0158 3F                  357 	.db #0x3f	; 63
   0159 21                  358 	.db #0x21	; 33
   015A 3F                  359 	.db #0x3f	; 63
   015B 20                  360 	.db #0x20	; 32
   015C 3F                  361 	.db #0x3f	; 63
   015D 24                  362 	.db #0x24	; 36
   015E 3F                  363 	.db #0x3f	; 63
   015F 26                  364 	.db #0x26	; 38
   0160 47                  365 	.db #0x47	; 71	'G'
   0161 7F                  366 	.db #0x7f	; 127
   0162 46                  367 	.db #0x46	; 70	'F'
   0163 7E                  368 	.db #0x7e	; 126
   0164 46                  369 	.db #0x46	; 70	'F'
   0165 7E                  370 	.db #0x7e	; 126
   0166 86                  371 	.db #0x86	; 134
   0167 FE                  372 	.db #0xfe	; 254
   0168 86                  373 	.db #0x86	; 134
   0169 FE                  374 	.db #0xfe	; 254
   016A 66                  375 	.db #0x66	; 102	'f'
   016B 7E                  376 	.db #0x7e	; 126
   016C 3E                  377 	.db #0x3e	; 62
   016D 3E                  378 	.db #0x3e	; 62
   016E 0C                  379 	.db #0x0c	; 12
   016F 0C                  380 	.db #0x0c	; 12
   0170 0C                  381 	.db #0x0c	; 12
   0171 0C                  382 	.db #0x0c	; 12
   0172 1E                  383 	.db #0x1e	; 30
   0173 12                  384 	.db #0x12	; 18
   0174 3F                  385 	.db #0x3f	; 63
   0175 23                  386 	.db #0x23	; 35
   0176 7F                  387 	.db #0x7f	; 127
   0177 47                  388 	.db #0x47	; 71	'G'
   0178 FE                  389 	.db #0xfe	; 254
   0179 86                  390 	.db #0x86	; 134
   017A FE                  391 	.db #0xfe	; 254
   017B 06                  392 	.db #0x06	; 6
   017C FE                  393 	.db #0xfe	; 254
   017D 26                  394 	.db #0x26	; 38
   017E FE                  395 	.db #0xfe	; 254
   017F 66                  396 	.db #0x66	; 102	'f'
   0180 C6                  397 	.db #0xc6	; 198
   0181 FE                  398 	.db #0xfe	; 254
   0182 C2                  399 	.db #0xc2	; 194
   0183 FE                  400 	.db #0xfe	; 254
   0184 43                  401 	.db #0x43	; 67	'C'
   0185 7F                  402 	.db #0x7f	; 127
   0186 43                  403 	.db #0x43	; 67	'C'
   0187 7F                  404 	.db #0x7f	; 127
   0188 43                  405 	.db #0x43	; 67	'C'
   0189 7F                  406 	.db #0x7f	; 127
   018A 4F                  407 	.db #0x4f	; 79	'O'
   018B 7F                  408 	.db #0x7f	; 127
   018C 3E                  409 	.db #0x3e	; 62
   018D 3E                  410 	.db #0x3e	; 62
   018E 18                  411 	.db #0x18	; 24
   018F 18                  412 	.db #0x18	; 24
   0190 1F                  413 	.db #0x1f	; 31
   0191 1F                  414 	.db #0x1f	; 31
   0192 3F                  415 	.db #0x3f	; 63
   0193 20                  416 	.db #0x20	; 32
   0194 3F                  417 	.db #0x3f	; 63
   0195 20                  418 	.db #0x20	; 32
   0196 1F                  419 	.db #0x1f	; 31
   0197 10                  420 	.db #0x10	; 16
   0198 1F                  421 	.db #0x1f	; 31
   0199 11                  422 	.db #0x11	; 17
   019A 1F                  423 	.db #0x1f	; 31
   019B 11                  424 	.db #0x11	; 17
   019C 1F                  425 	.db #0x1f	; 31
   019D 11                  426 	.db #0x11	; 17
   019E 1F                  427 	.db #0x1f	; 31
   019F 10                  428 	.db #0x10	; 16
   01A0 10                  429 	.db #0x10	; 16
   01A1 1F                  430 	.db #0x1f	; 31
   01A2 10                  431 	.db #0x10	; 16
   01A3 1F                  432 	.db #0x1f	; 31
   01A4 10                  433 	.db #0x10	; 16
   01A5 1F                  434 	.db #0x1f	; 31
   01A6 30                  435 	.db #0x30	; 48	'0'
   01A7 3F                  436 	.db #0x3f	; 63
   01A8 40                  437 	.db #0x40	; 64
   01A9 7F                  438 	.db #0x7f	; 127
   01AA 40                  439 	.db #0x40	; 64
   01AB 7F                  440 	.db #0x7f	; 127
   01AC 3F                  441 	.db #0x3f	; 63
   01AD 3F                  442 	.db #0x3f	; 63
   01AE 1F                  443 	.db #0x1f	; 31
   01AF 1F                  444 	.db #0x1f	; 31
   01B0 80                  445 	.db #0x80	; 128
   01B1 80                  446 	.db #0x80	; 128
   01B2 FC                  447 	.db #0xfc	; 252
   01B3 7C                  448 	.db #0x7c	; 124
   01B4 FE                  449 	.db #0xfe	; 254
   01B5 02                  450 	.db #0x02	; 2
   01B6 FF                  451 	.db #0xff	; 255
   01B7 03                  452 	.db #0x03	; 3
   01B8 FF                  453 	.db #0xff	; 255
   01B9 FF                  454 	.db #0xff	; 255
   01BA FE                  455 	.db #0xfe	; 254
   01BB 9E                  456 	.db #0x9e	; 158
   01BC F8                  457 	.db #0xf8	; 248
   01BD 18                  458 	.db #0x18	; 24
   01BE F8                  459 	.db #0xf8	; 248
   01BF 08                  460 	.db #0x08	; 8
   01C0 0C                  461 	.db #0x0c	; 12
   01C1 FC                  462 	.db #0xfc	; 252
   01C2 FC                  463 	.db #0xfc	; 252
   01C3 FC                  464 	.db #0xfc	; 252
   01C4 FC                  465 	.db #0xfc	; 252
   01C5 FC                  466 	.db #0xfc	; 252
   01C6 C2                  467 	.db #0xc2	; 194
   01C7 FE                  468 	.db #0xfe	; 254
   01C8 03                  469 	.db #0x03	; 3
   01C9 FF                  470 	.db #0xff	; 255
   01CA 03                  471 	.db #0x03	; 3
   01CB FF                  472 	.db #0xff	; 255
   01CC FF                  473 	.db #0xff	; 255
   01CD FF                  474 	.db #0xff	; 255
   01CE FE                  475 	.db #0xfe	; 254
   01CF FE                  476 	.db #0xfe	; 254
   01D0 00                  477 	.db #0x00	; 0
   01D1 00                  478 	.db #0x00	; 0
   01D2 3E                  479 	.db #0x3e	; 62
   01D3 3E                  480 	.db #0x3e	; 62
   01D4 7F                  481 	.db #0x7f	; 127
   01D5 41                  482 	.db #0x41	; 65	'A'
   01D6 7F                  483 	.db #0x7f	; 127
   01D7 41                  484 	.db #0x41	; 65	'A'
   01D8 7F                  485 	.db #0x7f	; 127
   01D9 41                  486 	.db #0x41	; 65	'A'
   01DA 7F                  487 	.db #0x7f	; 127
   01DB 43                  488 	.db #0x43	; 67	'C'
   01DC 7F                  489 	.db #0x7f	; 127
   01DD 43                  490 	.db #0x43	; 67	'C'
   01DE 7F                  491 	.db #0x7f	; 127
   01DF 43                  492 	.db #0x43	; 67	'C'
   01E0 47                  493 	.db #0x47	; 71	'G'
   01E1 7F                  494 	.db #0x7f	; 127
   01E2 47                  495 	.db #0x47	; 71	'G'
   01E3 7F                  496 	.db #0x7f	; 127
   01E4 46                  497 	.db #0x46	; 70	'F'
   01E5 7F                  498 	.db #0x7f	; 127
   01E6 40                  499 	.db #0x40	; 64
   01E7 7F                  500 	.db #0x7f	; 127
   01E8 40                  501 	.db #0x40	; 64
   01E9 7F                  502 	.db #0x7f	; 127
   01EA 40                  503 	.db #0x40	; 64
   01EB 7F                  504 	.db #0x7f	; 127
   01EC 3F                  505 	.db #0x3f	; 63
   01ED 3F                  506 	.db #0x3f	; 63
   01EE 1F                  507 	.db #0x1f	; 31
   01EF 1F                  508 	.db #0x1f	; 31
   01F0 00                  509 	.db #0x00	; 0
   01F1 00                  510 	.db #0x00	; 0
   01F2 00                  511 	.db #0x00	; 0
   01F3 00                  512 	.db #0x00	; 0
   01F4 00                  513 	.db #0x00	; 0
   01F5 00                  514 	.db #0x00	; 0
   01F6 80                  515 	.db #0x80	; 128
   01F7 80                  516 	.db #0x80	; 128
   01F8 80                  517 	.db #0x80	; 128
   01F9 80                  518 	.db #0x80	; 128
   01FA 80                  519 	.db #0x80	; 128
   01FB 80                  520 	.db #0x80	; 128
   01FC 00                  521 	.db #0x00	; 0
   01FD 00                  522 	.db #0x00	; 0
   01FE 00                  523 	.db #0x00	; 0
   01FF 00                  524 	.db #0x00	; 0
   0200 38                  525 	.db #0x38	; 56	'8'
   0201 38                  526 	.db #0x38	; 56	'8'
   0202 C4                  527 	.db #0xc4	; 196
   0203 FC                  528 	.db #0xfc	; 252
   0204 06                  529 	.db #0x06	; 6
   0205 FE                  530 	.db #0xfe	; 254
   0206 02                  531 	.db #0x02	; 2
   0207 FE                  532 	.db #0xfe	; 254
   0208 03                  533 	.db #0x03	; 3
   0209 FF                  534 	.db #0xff	; 255
   020A FF                  535 	.db #0xff	; 255
   020B FF                  536 	.db #0xff	; 255
   020C FE                  537 	.db #0xfe	; 254
   020D FE                  538 	.db #0xfe	; 254
   020E 80                  539 	.db #0x80	; 128
   020F 80                  540 	.db #0x80	; 128
   0210 03                  541 	.db #0x03	; 3
   0211 03                  542 	.db #0x03	; 3
   0212 3F                  543 	.db #0x3f	; 63
   0213 3C                  544 	.db #0x3c	; 60
   0214 7F                  545 	.db #0x7f	; 127
   0215 40                  546 	.db #0x40	; 64
   0216 7F                  547 	.db #0x7f	; 127
   0217 40                  548 	.db #0x40	; 64
   0218 7F                  549 	.db #0x7f	; 127
   0219 46                  550 	.db #0x46	; 70	'F'
   021A 3F                  551 	.db #0x3f	; 63
   021B 3E                  552 	.db #0x3e	; 62
   021C 1F                  553 	.db #0x1f	; 31
   021D 1E                  554 	.db #0x1e	; 30
   021E 04                  555 	.db #0x04	; 4
   021F 07                  556 	.db #0x07	; 7
   0220 04                  557 	.db #0x04	; 4
   0221 07                  558 	.db #0x07	; 7
   0222 04                  559 	.db #0x04	; 4
   0223 07                  560 	.db #0x07	; 7
   0224 1C                  561 	.db #0x1c	; 28
   0225 1F                  562 	.db #0x1f	; 31
   0226 20                  563 	.db #0x20	; 32
   0227 3F                  564 	.db #0x3f	; 63
   0228 1C                  565 	.db #0x1c	; 28
   0229 1F                  566 	.db #0x1f	; 31
   022A 0F                  567 	.db #0x0f	; 15
   022B 0F                  568 	.db #0x0f	; 15
   022C 01                  569 	.db #0x01	; 1
   022D 01                  570 	.db #0x01	; 1
   022E 00                  571 	.db #0x00	; 0
   022F 00                  572 	.db #0x00	; 0
   0230 F0                  573 	.db #0xf0	; 240
   0231 F0                  574 	.db #0xf0	; 240
   0232 F8                  575 	.db #0xf8	; 248
   0233 08                  576 	.db #0x08	; 8
   0234 FC                  577 	.db #0xfc	; 252
   0235 0C                  578 	.db #0x0c	; 12
   0236 FC                  579 	.db #0xfc	; 252
   0237 7C                  580 	.db #0x7c	; 124
   0238 F8                  581 	.db #0xf8	; 248
   0239 78                  582 	.db #0x78	; 120	'x'
   023A E0                  583 	.db #0xe0	; 224
   023B 60                  584 	.db #0x60	; 96
   023C E0                  585 	.db #0xe0	; 224
   023D 60                  586 	.db #0x60	; 96
   023E 60                  587 	.db #0x60	; 96
   023F E0                  588 	.db #0xe0	; 224
   0240 20                  589 	.db #0x20	; 32
   0241 E0                  590 	.db #0xe0	; 224
   0242 30                  591 	.db #0x30	; 48	'0'
   0243 F0                  592 	.db #0xf0	; 240
   0244 38                  593 	.db #0x38	; 56	'8'
   0245 F8                  594 	.db #0xf8	; 248
   0246 04                  595 	.db #0x04	; 4
   0247 FC                  596 	.db #0xfc	; 252
   0248 06                  597 	.db #0x06	; 6
   0249 FE                  598 	.db #0xfe	; 254
   024A 86                  599 	.db #0x86	; 134
   024B FE                  600 	.db #0xfe	; 254
   024C FE                  601 	.db #0xfe	; 254
   024D FE                  602 	.db #0xfe	; 254
   024E 3C                  603 	.db #0x3c	; 60
   024F 3C                  604 	.db #0x3c	; 60
   0250 0C                  605 	.db #0x0c	; 12
   0251 0C                  606 	.db #0x0c	; 12
   0252 1E                  607 	.db #0x1e	; 30
   0253 12                  608 	.db #0x12	; 18
   0254 1F                  609 	.db #0x1f	; 31
   0255 13                  610 	.db #0x13	; 19
   0256 1F                  611 	.db #0x1f	; 31
   0257 13                  612 	.db #0x13	; 19
   0258 1F                  613 	.db #0x1f	; 31
   0259 13                  614 	.db #0x13	; 19
   025A 3F                  615 	.db #0x3f	; 63
   025B 22                  616 	.db #0x22	; 34
   025C 3F                  617 	.db #0x3f	; 63
   025D 20                  618 	.db #0x20	; 32
   025E 20                  619 	.db #0x20	; 32
   025F 3F                  620 	.db #0x3f	; 63
   0260 20                  621 	.db #0x20	; 32
   0261 3F                  622 	.db #0x3f	; 63
   0262 42                  623 	.db #0x42	; 66	'B'
   0263 7F                  624 	.db #0x7f	; 127
   0264 43                  625 	.db #0x43	; 67	'C'
   0265 7F                  626 	.db #0x7f	; 127
   0266 43                  627 	.db #0x43	; 67	'C'
   0267 7F                  628 	.db #0x7f	; 127
   0268 43                  629 	.db #0x43	; 67	'C'
   0269 7F                  630 	.db #0x7f	; 127
   026A 33                  631 	.db #0x33	; 51	'3'
   026B 3F                  632 	.db #0x3f	; 63
   026C 1F                  633 	.db #0x1f	; 31
   026D 1F                  634 	.db #0x1f	; 31
   026E 06                  635 	.db #0x06	; 6
   026F 06                  636 	.db #0x06	; 6
   0270 10                  637 	.db #0x10	; 16
   0271 10                  638 	.db #0x10	; 16
   0272 38                  639 	.db #0x38	; 56	'8'
   0273 28                  640 	.db #0x28	; 40
   0274 7C                  641 	.db #0x7c	; 124
   0275 44                  642 	.db #0x44	; 68	'D'
   0276 FE                  643 	.db #0xfe	; 254
   0277 82                  644 	.db #0x82	; 130
   0278 FF                  645 	.db #0xff	; 255
   0279 03                  646 	.db #0x03	; 3
   027A FF                  647 	.db #0xff	; 255
   027B 0F                  648 	.db #0x0f	; 15
   027C FE                  649 	.db #0xfe	; 254
   027D 3E                  650 	.db #0x3e	; 62
   027E F8                  651 	.db #0xf8	; 248
   027F F8                  652 	.db #0xf8	; 248
   0280 30                  653 	.db #0x30	; 48	'0'
   0281 F0                  654 	.db #0xf0	; 240
   0282 0C                  655 	.db #0x0c	; 12
   0283 FC                  656 	.db #0xfc	; 252
   0284 02                  657 	.db #0x02	; 2
   0285 FE                  658 	.db #0xfe	; 254
   0286 83                  659 	.db #0x83	; 131
   0287 FF                  660 	.db #0xff	; 255
   0288 47                  661 	.db #0x47	; 71	'G'
   0289 7F                  662 	.db #0x7f	; 127
   028A 2E                  663 	.db #0x2e	; 46
   028B 3E                  664 	.db #0x3e	; 62
   028C 1C                  665 	.db #0x1c	; 28
   028D 1C                  666 	.db #0x1c	; 28
   028E 08                  667 	.db #0x08	; 8
   028F 08                  668 	.db #0x08	; 8
   0290 1F                  669 	.db #0x1f	; 31
   0291 1F                  670 	.db #0x1f	; 31
   0292 3F                  671 	.db #0x3f	; 63
   0293 20                  672 	.db #0x20	; 32
   0294 3F                  673 	.db #0x3f	; 63
   0295 20                  674 	.db #0x20	; 32
   0296 1F                  675 	.db #0x1f	; 31
   0297 10                  676 	.db #0x10	; 16
   0298 1F                  677 	.db #0x1f	; 31
   0299 11                  678 	.db #0x11	; 17
   029A 1F                  679 	.db #0x1f	; 31
   029B 11                  680 	.db #0x11	; 17
   029C 1F                  681 	.db #0x1f	; 31
   029D 11                  682 	.db #0x11	; 17
   029E 1F                  683 	.db #0x1f	; 31
   029F 10                  684 	.db #0x10	; 16
   02A0 10                  685 	.db #0x10	; 16
   02A1 1F                  686 	.db #0x1f	; 31
   02A2 10                  687 	.db #0x10	; 16
   02A3 1F                  688 	.db #0x1f	; 31
   02A4 10                  689 	.db #0x10	; 16
   02A5 1F                  690 	.db #0x1f	; 31
   02A6 30                  691 	.db #0x30	; 48	'0'
   02A7 3F                  692 	.db #0x3f	; 63
   02A8 40                  693 	.db #0x40	; 64
   02A9 7F                  694 	.db #0x7f	; 127
   02AA 40                  695 	.db #0x40	; 64
   02AB 7F                  696 	.db #0x7f	; 127
   02AC 3F                  697 	.db #0x3f	; 63
   02AD 3F                  698 	.db #0x3f	; 63
   02AE 1F                  699 	.db #0x1f	; 31
   02AF 1F                  700 	.db #0x1f	; 31
   02B0 80                  701 	.db #0x80	; 128
   02B1 80                  702 	.db #0x80	; 128
   02B2 FC                  703 	.db #0xfc	; 252
   02B3 7C                  704 	.db #0x7c	; 124
   02B4 FE                  705 	.db #0xfe	; 254
   02B5 02                  706 	.db #0x02	; 2
   02B6 FF                  707 	.db #0xff	; 255
   02B7 03                  708 	.db #0x03	; 3
   02B8 FF                  709 	.db #0xff	; 255
   02B9 FF                  710 	.db #0xff	; 255
   02BA FE                  711 	.db #0xfe	; 254
   02BB 9E                  712 	.db #0x9e	; 158
   02BC F8                  713 	.db #0xf8	; 248
   02BD 18                  714 	.db #0x18	; 24
   02BE F8                  715 	.db #0xf8	; 248
   02BF 08                  716 	.db #0x08	; 8
   02C0 0C                  717 	.db #0x0c	; 12
   02C1 FC                  718 	.db #0xfc	; 252
   02C2 FC                  719 	.db #0xfc	; 252
   02C3 FC                  720 	.db #0xfc	; 252
   02C4 FC                  721 	.db #0xfc	; 252
   02C5 FC                  722 	.db #0xfc	; 252
   02C6 C2                  723 	.db #0xc2	; 194
   02C7 FE                  724 	.db #0xfe	; 254
   02C8 03                  725 	.db #0x03	; 3
   02C9 FF                  726 	.db #0xff	; 255
   02CA 03                  727 	.db #0x03	; 3
   02CB FF                  728 	.db #0xff	; 255
   02CC FF                  729 	.db #0xff	; 255
   02CD FF                  730 	.db #0xff	; 255
   02CE FE                  731 	.db #0xfe	; 254
   02CF FE                  732 	.db #0xfe	; 254
   02D0 02                  733 	.db #0x02	; 2
   02D1 02                  734 	.db #0x02	; 2
   02D2 07                  735 	.db #0x07	; 7
   02D3 05                  736 	.db #0x05	; 5
   02D4 0F                  737 	.db #0x0f	; 15
   02D5 08                  738 	.db #0x08	; 8
   02D6 0F                  739 	.db #0x0f	; 15
   02D7 08                  740 	.db #0x08	; 8
   02D8 1F                  741 	.db #0x1f	; 31
   02D9 12                  742 	.db #0x12	; 18
   02DA 1F                  743 	.db #0x1f	; 31
   02DB 13                  744 	.db #0x13	; 19
   02DC 3F                  745 	.db #0x3f	; 63
   02DD 23                  746 	.db #0x23	; 35
   02DE 23                  747 	.db #0x23	; 35
   02DF 3F                  748 	.db #0x3f	; 63
   02E0 40                  749 	.db #0x40	; 64
   02E1 7F                  750 	.db #0x7f	; 127
   02E2 40                  751 	.db #0x40	; 64
   02E3 7F                  752 	.db #0x7f	; 127
   02E4 83                  753 	.db #0x83	; 131
   02E5 FF                  754 	.db #0xff	; 255
   02E6 83                  755 	.db #0x83	; 131
   02E7 FF                  756 	.db #0xff	; 255
   02E8 43                  757 	.db #0x43	; 67	'C'
   02E9 7F                  758 	.db #0x7f	; 127
   02EA 33                  759 	.db #0x33	; 51	'3'
   02EB 3F                  760 	.db #0x3f	; 63
   02EC 1F                  761 	.db #0x1f	; 31
   02ED 1F                  762 	.db #0x1f	; 31
   02EE 06                  763 	.db #0x06	; 6
   02EF 06                  764 	.db #0x06	; 6
   02F0 00                  765 	.db #0x00	; 0
   02F1 00                  766 	.db #0x00	; 0
   02F2 00                  767 	.db #0x00	; 0
   02F3 00                  768 	.db #0x00	; 0
   02F4 80                  769 	.db #0x80	; 128
   02F5 80                  770 	.db #0x80	; 128
   02F6 C0                  771 	.db #0xc0	; 192
   02F7 40                  772 	.db #0x40	; 64
   02F8 E0                  773 	.db #0xe0	; 224
   02F9 20                  774 	.db #0x20	; 32
   02FA F0                  775 	.db #0xf0	; 240
   02FB 10                  776 	.db #0x10	; 16
   02FC F8                  777 	.db #0xf8	; 248
   02FD 88                  778 	.db #0x88	; 136
   02FE FC                  779 	.db #0xfc	; 252
   02FF 04                  780 	.db #0x04	; 4
   0300 02                  781 	.db #0x02	; 2
   0301 FE                  782 	.db #0xfe	; 254
   0302 C3                  783 	.db #0xc3	; 195
   0303 FF                  784 	.db #0xff	; 255
   0304 E3                  785 	.db #0xe3	; 227
   0305 FF                  786 	.db #0xff	; 255
   0306 A7                  787 	.db #0xa7	; 167
   0307 BF                  788 	.db #0xbf	; 191
   0308 16                  789 	.db #0x16	; 22
   0309 1E                  790 	.db #0x1e	; 30
   030A 0E                  791 	.db #0x0e	; 14
   030B 0E                  792 	.db #0x0e	; 14
   030C 04                  793 	.db #0x04	; 4
   030D 04                  794 	.db #0x04	; 4
   030E 00                  795 	.db #0x00	; 0
   030F 00                  796 	.db #0x00	; 0
   0310 00                  797 	.db #0x00	; 0
   0311 00                  798 	.db #0x00	; 0
   0312 00                  799 	.db #0x00	; 0
   0313 00                  800 	.db #0x00	; 0
   0314 03                  801 	.db #0x03	; 3
   0315 03                  802 	.db #0x03	; 3
   0316 07                  803 	.db #0x07	; 7
   0317 04                  804 	.db #0x04	; 4
   0318 1F                  805 	.db #0x1f	; 31
   0319 18                  806 	.db #0x18	; 24
   031A 3F                  807 	.db #0x3f	; 63
   031B 21                  808 	.db #0x21	; 33
   031C 7F                  809 	.db #0x7f	; 127
   031D 47                  810 	.db #0x47	; 71	'G'
   031E 4F                  811 	.db #0x4f	; 79	'O'
   031F 7F                  812 	.db #0x7f	; 127
   0320 8C                  813 	.db #0x8c	; 140
   0321 FC                  814 	.db #0xfc	; 252
   0322 84                  815 	.db #0x84	; 132
   0323 FC                  816 	.db #0xfc	; 252
   0324 83                  817 	.db #0x83	; 131
   0325 FF                  818 	.db #0xff	; 255
   0326 40                  819 	.db #0x40	; 64
   0327 7F                  820 	.db #0x7f	; 127
   0328 21                  821 	.db #0x21	; 33
   0329 3F                  822 	.db #0x3f	; 63
   032A 1F                  823 	.db #0x1f	; 31
   032B 1F                  824 	.db #0x1f	; 31
   032C 0F                  825 	.db #0x0f	; 15
   032D 0F                  826 	.db #0x0f	; 15
   032E 00                  827 	.db #0x00	; 0
   032F 00                  828 	.db #0x00	; 0
   0330 20                  829 	.db #0x20	; 32
   0331 20                  830 	.db #0x20	; 32
   0332 F0                  831 	.db #0xf0	; 240
   0333 D0                  832 	.db #0xd0	; 208
   0334 F8                  833 	.db #0xf8	; 248
   0335 08                  834 	.db #0x08	; 8
   0336 FC                  835 	.db #0xfc	; 252
   0337 04                  836 	.db #0x04	; 4
   0338 FE                  837 	.db #0xfe	; 254
   0339 02                  838 	.db #0x02	; 2
   033A FF                  839 	.db #0xff	; 255
   033B FF                  840 	.db #0xff	; 255
   033C FE                  841 	.db #0xfe	; 254
   033D FE                  842 	.db #0xfe	; 254
   033E 90                  843 	.db #0x90	; 144
   033F F0                  844 	.db #0xf0	; 240
   0340 88                  845 	.db #0x88	; 136
   0341 F8                  846 	.db #0xf8	; 248
   0342 8C                  847 	.db #0x8c	; 140
   0343 FC                  848 	.db #0xfc	; 252
   0344 04                  849 	.db #0x04	; 4
   0345 FC                  850 	.db #0xfc	; 252
   0346 06                  851 	.db #0x06	; 6
   0347 FE                  852 	.db #0xfe	; 254
   0348 86                  853 	.db #0x86	; 134
   0349 FE                  854 	.db #0xfe	; 254
   034A 9E                  855 	.db #0x9e	; 158
   034B FE                  856 	.db #0xfe	; 254
   034C 7C                  857 	.db #0x7c	; 124
   034D 7C                  858 	.db #0x7c	; 124
   034E 30                  859 	.db #0x30	; 48	'0'
   034F 30                  860 	.db #0x30	; 48	'0'
   0350 02                  861 	.db #0x02	; 2
   0351 02                  862 	.db #0x02	; 2
   0352 07                  863 	.db #0x07	; 7
   0353 05                  864 	.db #0x05	; 5
   0354 0F                  865 	.db #0x0f	; 15
   0355 08                  866 	.db #0x08	; 8
   0356 0F                  867 	.db #0x0f	; 15
   0357 08                  868 	.db #0x08	; 8
   0358 1F                  869 	.db #0x1f	; 31
   0359 12                  870 	.db #0x12	; 18
   035A 1F                  871 	.db #0x1f	; 31
   035B 13                  872 	.db #0x13	; 19
   035C 3F                  873 	.db #0x3f	; 63
   035D 23                  874 	.db #0x23	; 35
   035E 23                  875 	.db #0x23	; 35
   035F 3F                  876 	.db #0x3f	; 63
   0360 40                  877 	.db #0x40	; 64
   0361 7F                  878 	.db #0x7f	; 127
   0362 40                  879 	.db #0x40	; 64
   0363 7F                  880 	.db #0x7f	; 127
   0364 83                  881 	.db #0x83	; 131
   0365 FF                  882 	.db #0xff	; 255
   0366 83                  883 	.db #0x83	; 131
   0367 FF                  884 	.db #0xff	; 255
   0368 43                  885 	.db #0x43	; 67	'C'
   0369 7F                  886 	.db #0x7f	; 127
   036A 33                  887 	.db #0x33	; 51	'3'
   036B 3F                  888 	.db #0x3f	; 63
   036C 1F                  889 	.db #0x1f	; 31
   036D 1F                  890 	.db #0x1f	; 31
   036E 06                  891 	.db #0x06	; 6
   036F 06                  892 	.db #0x06	; 6
   0370 00                  893 	.db #0x00	; 0
   0371 00                  894 	.db #0x00	; 0
   0372 00                  895 	.db #0x00	; 0
   0373 00                  896 	.db #0x00	; 0
   0374 80                  897 	.db #0x80	; 128
   0375 80                  898 	.db #0x80	; 128
   0376 C0                  899 	.db #0xc0	; 192
   0377 40                  900 	.db #0x40	; 64
   0378 E0                  901 	.db #0xe0	; 224
   0379 20                  902 	.db #0x20	; 32
   037A F0                  903 	.db #0xf0	; 240
   037B 10                  904 	.db #0x10	; 16
   037C F8                  905 	.db #0xf8	; 248
   037D 88                  906 	.db #0x88	; 136
   037E FC                  907 	.db #0xfc	; 252
   037F 04                  908 	.db #0x04	; 4
   0380 02                  909 	.db #0x02	; 2
   0381 FE                  910 	.db #0xfe	; 254
   0382 C3                  911 	.db #0xc3	; 195
   0383 FF                  912 	.db #0xff	; 255
   0384 E3                  913 	.db #0xe3	; 227
   0385 FF                  914 	.db #0xff	; 255
   0386 A7                  915 	.db #0xa7	; 167
   0387 BF                  916 	.db #0xbf	; 191
   0388 16                  917 	.db #0x16	; 22
   0389 1E                  918 	.db #0x1e	; 30
   038A 0E                  919 	.db #0x0e	; 14
   038B 0E                  920 	.db #0x0e	; 14
   038C 04                  921 	.db #0x04	; 4
   038D 04                  922 	.db #0x04	; 4
   038E 00                  923 	.db #0x00	; 0
   038F 00                  924 	.db #0x00	; 0
   0390 00                  925 	.db #0x00	; 0
   0391 00                  926 	.db #0x00	; 0
   0392 08                  927 	.db #0x08	; 8
   0393 08                  928 	.db #0x08	; 8
   0394 1C                  929 	.db #0x1c	; 28
   0395 14                  930 	.db #0x14	; 20
   0396 3E                  931 	.db #0x3e	; 62
   0397 22                  932 	.db #0x22	; 34
   0398 3F                  933 	.db #0x3f	; 63
   0399 21                  934 	.db #0x21	; 33
   039A 3F                  935 	.db #0x3f	; 63
   039B 20                  936 	.db #0x20	; 32
   039C 3F                  937 	.db #0x3f	; 63
   039D 24                  938 	.db #0x24	; 36
   039E 3F                  939 	.db #0x3f	; 63
   039F 26                  940 	.db #0x26	; 38
   03A0 47                  941 	.db #0x47	; 71	'G'
   03A1 7F                  942 	.db #0x7f	; 127
   03A2 46                  943 	.db #0x46	; 70	'F'
   03A3 7E                  944 	.db #0x7e	; 126
   03A4 46                  945 	.db #0x46	; 70	'F'
   03A5 7E                  946 	.db #0x7e	; 126
   03A6 86                  947 	.db #0x86	; 134
   03A7 FE                  948 	.db #0xfe	; 254
   03A8 86                  949 	.db #0x86	; 134
   03A9 FE                  950 	.db #0xfe	; 254
   03AA 66                  951 	.db #0x66	; 102	'f'
   03AB 7E                  952 	.db #0x7e	; 126
   03AC 3E                  953 	.db #0x3e	; 62
   03AD 3E                  954 	.db #0x3e	; 62
   03AE 0C                  955 	.db #0x0c	; 12
   03AF 0C                  956 	.db #0x0c	; 12
   03B0 0C                  957 	.db #0x0c	; 12
   03B1 0C                  958 	.db #0x0c	; 12
   03B2 1E                  959 	.db #0x1e	; 30
   03B3 12                  960 	.db #0x12	; 18
   03B4 3F                  961 	.db #0x3f	; 63
   03B5 23                  962 	.db #0x23	; 35
   03B6 7F                  963 	.db #0x7f	; 127
   03B7 47                  964 	.db #0x47	; 71	'G'
   03B8 FE                  965 	.db #0xfe	; 254
   03B9 86                  966 	.db #0x86	; 134
   03BA FE                  967 	.db #0xfe	; 254
   03BB 06                  968 	.db #0x06	; 6
   03BC FE                  969 	.db #0xfe	; 254
   03BD 26                  970 	.db #0x26	; 38
   03BE FE                  971 	.db #0xfe	; 254
   03BF 66                  972 	.db #0x66	; 102	'f'
   03C0 C6                  973 	.db #0xc6	; 198
   03C1 FE                  974 	.db #0xfe	; 254
   03C2 C2                  975 	.db #0xc2	; 194
   03C3 FE                  976 	.db #0xfe	; 254
   03C4 43                  977 	.db #0x43	; 67	'C'
   03C5 7F                  978 	.db #0x7f	; 127
   03C6 43                  979 	.db #0x43	; 67	'C'
   03C7 7F                  980 	.db #0x7f	; 127
   03C8 43                  981 	.db #0x43	; 67	'C'
   03C9 7F                  982 	.db #0x7f	; 127
   03CA 4F                  983 	.db #0x4f	; 79	'O'
   03CB 7F                  984 	.db #0x7f	; 127
   03CC 3E                  985 	.db #0x3e	; 62
   03CD 3E                  986 	.db #0x3e	; 62
   03CE 18                  987 	.db #0x18	; 24
   03CF 18                  988 	.db #0x18	; 24
   03D0 1F                  989 	.db #0x1f	; 31
   03D1 1F                  990 	.db #0x1f	; 31
   03D2 3F                  991 	.db #0x3f	; 63
   03D3 20                  992 	.db #0x20	; 32
   03D4 3F                  993 	.db #0x3f	; 63
   03D5 20                  994 	.db #0x20	; 32
   03D6 1F                  995 	.db #0x1f	; 31
   03D7 10                  996 	.db #0x10	; 16
   03D8 1F                  997 	.db #0x1f	; 31
   03D9 11                  998 	.db #0x11	; 17
   03DA 1F                  999 	.db #0x1f	; 31
   03DB 11                 1000 	.db #0x11	; 17
   03DC 1F                 1001 	.db #0x1f	; 31
   03DD 13                 1002 	.db #0x13	; 19
   03DE 1F                 1003 	.db #0x1f	; 31
   03DF 10                 1004 	.db #0x10	; 16
   03E0 10                 1005 	.db #0x10	; 16
   03E1 1F                 1006 	.db #0x1f	; 31
   03E2 10                 1007 	.db #0x10	; 16
   03E3 1F                 1008 	.db #0x1f	; 31
   03E4 10                 1009 	.db #0x10	; 16
   03E5 1F                 1010 	.db #0x1f	; 31
   03E6 30                 1011 	.db #0x30	; 48	'0'
   03E7 3F                 1012 	.db #0x3f	; 63
   03E8 40                 1013 	.db #0x40	; 64
   03E9 7F                 1014 	.db #0x7f	; 127
   03EA 40                 1015 	.db #0x40	; 64
   03EB 7F                 1016 	.db #0x7f	; 127
   03EC 3F                 1017 	.db #0x3f	; 63
   03ED 3F                 1018 	.db #0x3f	; 63
   03EE 1F                 1019 	.db #0x1f	; 31
   03EF 1F                 1020 	.db #0x1f	; 31
   03F0 80                 1021 	.db #0x80	; 128
   03F1 80                 1022 	.db #0x80	; 128
   03F2 FC                 1023 	.db #0xfc	; 252
   03F3 7C                 1024 	.db #0x7c	; 124
   03F4 FE                 1025 	.db #0xfe	; 254
   03F5 02                 1026 	.db #0x02	; 2
   03F6 FF                 1027 	.db #0xff	; 255
   03F7 03                 1028 	.db #0x03	; 3
   03F8 FF                 1029 	.db #0xff	; 255
   03F9 FF                 1030 	.db #0xff	; 255
   03FA FE                 1031 	.db #0xfe	; 254
   03FB 9E                 1032 	.db #0x9e	; 158
   03FC F8                 1033 	.db #0xf8	; 248
   03FD 18                 1034 	.db #0x18	; 24
   03FE F8                 1035 	.db #0xf8	; 248
   03FF 08                 1036 	.db #0x08	; 8
   0400 0C                 1037 	.db #0x0c	; 12
   0401 FC                 1038 	.db #0xfc	; 252
   0402 FC                 1039 	.db #0xfc	; 252
   0403 FC                 1040 	.db #0xfc	; 252
   0404 FC                 1041 	.db #0xfc	; 252
   0405 FC                 1042 	.db #0xfc	; 252
   0406 C2                 1043 	.db #0xc2	; 194
   0407 FE                 1044 	.db #0xfe	; 254
   0408 03                 1045 	.db #0x03	; 3
   0409 FF                 1046 	.db #0xff	; 255
   040A 03                 1047 	.db #0x03	; 3
   040B FF                 1048 	.db #0xff	; 255
   040C FF                 1049 	.db #0xff	; 255
   040D FF                 1050 	.db #0xff	; 255
   040E FE                 1051 	.db #0xfe	; 254
   040F FE                 1052 	.db #0xfe	; 254
   0410 06                 1053 	.db #0x06	; 6
   0411 06                 1054 	.db #0x06	; 6
   0412 3F                 1055 	.db #0x3f	; 63
   0413 39                 1056 	.db #0x39	; 57	'9'
   0414 7F                 1057 	.db #0x7f	; 127
   0415 40                 1058 	.db #0x40	; 64
   0416 7F                 1059 	.db #0x7f	; 127
   0417 40                 1060 	.db #0x40	; 64
   0418 3F                 1061 	.db #0x3f	; 63
   0419 31                 1062 	.db #0x31	; 49	'1'
   041A 1F                 1063 	.db #0x1f	; 31
   041B 11                 1064 	.db #0x11	; 17
   041C 1F                 1065 	.db #0x1f	; 31
   041D 11                 1066 	.db #0x11	; 17
   041E 1F                 1067 	.db #0x1f	; 31
   041F 10                 1068 	.db #0x10	; 16
   0420 21                 1069 	.db #0x21	; 33
   0421 3F                 1070 	.db #0x3f	; 63
   0422 21                 1071 	.db #0x21	; 33
   0423 3F                 1072 	.db #0x3f	; 63
   0424 61                 1073 	.db #0x61	; 97	'a'
   0425 7F                 1074 	.db #0x7f	; 127
   0426 81                 1075 	.db #0x81	; 129
   0427 FF                 1076 	.db #0xff	; 255
   0428 80                 1077 	.db #0x80	; 128
   0429 FF                 1078 	.db #0xff	; 255
   042A 78                 1079 	.db #0x78	; 120	'x'
   042B 7F                 1080 	.db #0x7f	; 127
   042C 3F                 1081 	.db #0x3f	; 63
   042D 3F                 1082 	.db #0x3f	; 63
   042E 03                 1083 	.db #0x03	; 3
   042F 03                 1084 	.db #0x03	; 3
   0430 00                 1085 	.db #0x00	; 0
   0431 00                 1086 	.db #0x00	; 0
   0432 E0                 1087 	.db #0xe0	; 224
   0433 E0                 1088 	.db #0xe0	; 224
   0434 F0                 1089 	.db #0xf0	; 240
   0435 10                 1090 	.db #0x10	; 16
   0436 F8                 1091 	.db #0xf8	; 248
   0437 08                 1092 	.db #0x08	; 8
   0438 FC                 1093 	.db #0xfc	; 252
   0439 84                 1094 	.db #0x84	; 132
   043A FE                 1095 	.db #0xfe	; 254
   043B C6                 1096 	.db #0xc6	; 198
   043C FE                 1097 	.db #0xfe	; 254
   043D 8E                 1098 	.db #0x8e	; 142
   043E FC                 1099 	.db #0xfc	; 252
   043F 0C                 1100 	.db #0x0c	; 12
   0440 C4                 1101 	.db #0xc4	; 196
   0441 FC                 1102 	.db #0xfc	; 252
   0442 E2                 1103 	.db #0xe2	; 226
   0443 FE                 1104 	.db #0xfe	; 254
   0444 A3                 1105 	.db #0xa3	; 163
   0445 BF                 1106 	.db #0xbf	; 191
   0446 C3                 1107 	.db #0xc3	; 195
   0447 FF                 1108 	.db #0xff	; 255
   0448 07                 1109 	.db #0x07	; 7
   0449 FF                 1110 	.db #0xff	; 255
   044A 0E                 1111 	.db #0x0e	; 14
   044B FE                 1112 	.db #0xfe	; 254
   044C FC                 1113 	.db #0xfc	; 252
   044D FC                 1114 	.db #0xfc	; 252
   044E F8                 1115 	.db #0xf8	; 248
   044F F8                 1116 	.db #0xf8	; 248
   0450 00                 1117 	.db #0x00	; 0
   0451 00                 1118 	.db #0x00	; 0
   0452 03                 1119 	.db #0x03	; 3
   0453 03                 1120 	.db #0x03	; 3
   0454 0F                 1121 	.db #0x0f	; 15
   0455 0C                 1122 	.db #0x0c	; 12
   0456 1F                 1123 	.db #0x1f	; 31
   0457 10                 1124 	.db #0x10	; 16
   0458 3F                 1125 	.db #0x3f	; 63
   0459 27                 1126 	.db #0x27	; 39
   045A 7F                 1127 	.db #0x7f	; 127
   045B 4F                 1128 	.db #0x4f	; 79	'O'
   045C 8C                 1129 	.db #0x8c	; 140
   045D FC                 1130 	.db #0xfc	; 252
   045E 8C                 1131 	.db #0x8c	; 140
   045F FC                 1132 	.db #0xfc	; 252
   0460 84                 1133 	.db #0x84	; 132
   0461 FC                 1134 	.db #0xfc	; 252
   0462 83                 1135 	.db #0x83	; 131
   0463 FF                 1136 	.db #0xff	; 255
   0464 40                 1137 	.db #0x40	; 64
   0465 7F                 1138 	.db #0x7f	; 127
   0466 20                 1139 	.db #0x20	; 32
   0467 3F                 1140 	.db #0x3f	; 63
   0468 18                 1141 	.db #0x18	; 24
   0469 1F                 1142 	.db #0x1f	; 31
   046A 0F                 1143 	.db #0x0f	; 15
   046B 0F                 1144 	.db #0x0f	; 15
   046C 03                 1145 	.db #0x03	; 3
   046D 03                 1146 	.db #0x03	; 3
   046E 00                 1147 	.db #0x00	; 0
   046F 00                 1148 	.db #0x00	; 0
   0470 00                 1149 	.db #0x00	; 0
   0471 00                 1150 	.db #0x00	; 0
   0472 C0                 1151 	.db #0xc0	; 192
   0473 C0                 1152 	.db #0xc0	; 192
   0474 F0                 1153 	.db #0xf0	; 240
   0475 30                 1154 	.db #0x30	; 48	'0'
   0476 F8                 1155 	.db #0xf8	; 248
   0477 08                 1156 	.db #0x08	; 8
   0478 FC                 1157 	.db #0xfc	; 252
   0479 04                 1158 	.db #0x04	; 4
   047A FE                 1159 	.db #0xfe	; 254
   047B 86                 1160 	.db #0x86	; 134
   047C 42                 1161 	.db #0x42	; 66	'B'
   047D 7E                 1162 	.db #0x7e	; 126
   047E 43                 1163 	.db #0x43	; 67	'C'
   047F 7F                 1164 	.db #0x7f	; 127
   0480 23                 1165 	.db #0x23	; 35
   0481 3F                 1166 	.db #0x3f	; 63
   0482 23                 1167 	.db #0x23	; 35
   0483 3F                 1168 	.db #0x3f	; 63
   0484 C7                 1169 	.db #0xc7	; 199
   0485 FF                 1170 	.db #0xff	; 255
   0486 0E                 1171 	.db #0x0e	; 14
   0487 FE                 1172 	.db #0xfe	; 254
   0488 7C                 1173 	.db #0x7c	; 124
   0489 FC                 1174 	.db #0xfc	; 252
   048A F8                 1175 	.db #0xf8	; 248
   048B F8                 1176 	.db #0xf8	; 248
   048C C0                 1177 	.db #0xc0	; 192
   048D C0                 1178 	.db #0xc0	; 192
   048E 00                 1179 	.db #0x00	; 0
   048F 00                 1180 	.db #0x00	; 0
   0490 00                 1181 	.db #0x00	; 0
   0491 00                 1182 	.db #0x00	; 0
   0492 06                 1183 	.db #0x06	; 6
   0493 06                 1184 	.db #0x06	; 6
   0494 0F                 1185 	.db #0x0f	; 15
   0495 09                 1186 	.db #0x09	; 9
   0496 1F                 1187 	.db #0x1f	; 31
   0497 11                 1188 	.db #0x11	; 17
   0498 3F                 1189 	.db #0x3f	; 63
   0499 21                 1190 	.db #0x21	; 33
   049A 7F                 1191 	.db #0x7f	; 127
   049B 40                 1192 	.db #0x40	; 64
   049C 30                 1193 	.db #0x30	; 48	'0'
   049D 3F                 1194 	.db #0x3f	; 63
   049E 1C                 1195 	.db #0x1c	; 28
   049F 1F                 1196 	.db #0x1f	; 31
   04A0 07                 1197 	.db #0x07	; 7
   04A1 07                 1198 	.db #0x07	; 7
   04A2 02                 1199 	.db #0x02	; 2
   04A3 03                 1200 	.db #0x03	; 3
   04A4 04                 1201 	.db #0x04	; 4
   04A5 07                 1202 	.db #0x07	; 7
   04A6 08                 1203 	.db #0x08	; 8
   04A7 0F                 1204 	.db #0x0f	; 15
   04A8 10                 1205 	.db #0x10	; 16
   04A9 1F                 1206 	.db #0x1f	; 31
   04AA 20                 1207 	.db #0x20	; 32
   04AB 3F                 1208 	.db #0x3f	; 63
   04AC 1F                 1209 	.db #0x1f	; 31
   04AD 1F                 1210 	.db #0x1f	; 31
   04AE 0F                 1211 	.db #0x0f	; 15
   04AF 0F                 1212 	.db #0x0f	; 15
   04B0 08                 1213 	.db #0x08	; 8
   04B1 08                 1214 	.db #0x08	; 8
   04B2 1C                 1215 	.db #0x1c	; 28
   04B3 14                 1216 	.db #0x14	; 20
   04B4 1E                 1217 	.db #0x1e	; 30
   04B5 12                 1218 	.db #0x12	; 18
   04B6 BF                 1219 	.db #0xbf	; 191
   04B7 A3                 1220 	.db #0xa3	; 163
   04B8 BF                 1221 	.db #0xbf	; 191
   04B9 A7                 1222 	.db #0xa7	; 167
   04BA FE                 1223 	.db #0xfe	; 254
   04BB C6                 1224 	.db #0xc6	; 198
   04BC C6                 1225 	.db #0xc6	; 198
   04BD FE                 1226 	.db #0xfe	; 254
   04BE 0E                 1227 	.db #0x0e	; 14
   04BF FE                 1228 	.db #0xfe	; 254
   04C0 0C                 1229 	.db #0x0c	; 12
   04C1 FC                 1230 	.db #0xfc	; 252
   04C2 0C                 1231 	.db #0x0c	; 12
   04C3 FC                 1232 	.db #0xfc	; 252
   04C4 1C                 1233 	.db #0x1c	; 28
   04C5 FC                 1234 	.db #0xfc	; 252
   04C6 18                 1235 	.db #0x18	; 24
   04C7 F8                 1236 	.db #0xf8	; 248
   04C8 18                 1237 	.db #0x18	; 24
   04C9 F8                 1238 	.db #0xf8	; 248
   04CA F8                 1239 	.db #0xf8	; 248
   04CB F8                 1240 	.db #0xf8	; 248
   04CC F0                 1241 	.db #0xf0	; 240
   04CD F0                 1242 	.db #0xf0	; 240
   04CE 80                 1243 	.db #0x80	; 128
   04CF 80                 1244 	.db #0x80	; 128
   04D0 07                 1245 	.db #0x07	; 7
   04D1 07                 1246 	.db #0x07	; 7
   04D2 0F                 1247 	.db #0x0f	; 15
   04D3 08                 1248 	.db #0x08	; 8
   04D4 0F                 1249 	.db #0x0f	; 15
   04D5 08                 1250 	.db #0x08	; 8
   04D6 0F                 1251 	.db #0x0f	; 15
   04D7 08                 1252 	.db #0x08	; 8
   04D8 1F                 1253 	.db #0x1f	; 31
   04D9 18                 1254 	.db #0x18	; 24
   04DA 0F                 1255 	.db #0x0f	; 15
   04DB 08                 1256 	.db #0x08	; 8
   04DC 0F                 1257 	.db #0x0f	; 15
   04DD 08                 1258 	.db #0x08	; 8
   04DE 08                 1259 	.db #0x08	; 8
   04DF 0F                 1260 	.db #0x0f	; 15
   04E0 08                 1261 	.db #0x08	; 8
   04E1 0F                 1262 	.db #0x0f	; 15
   04E2 08                 1263 	.db #0x08	; 8
   04E3 0F                 1264 	.db #0x0f	; 15
   04E4 07                 1265 	.db #0x07	; 7
   04E5 07                 1266 	.db #0x07	; 7
   04E6 09                 1267 	.db #0x09	; 9
   04E7 0F                 1268 	.db #0x0f	; 15
   04E8 10                 1269 	.db #0x10	; 16
   04E9 1F                 1270 	.db #0x1f	; 31
   04EA 09                 1271 	.db #0x09	; 9
   04EB 0F                 1272 	.db #0x0f	; 15
   04EC 07                 1273 	.db #0x07	; 7
   04ED 07                 1274 	.db #0x07	; 7
   04EE 03                 1275 	.db #0x03	; 3
   04EF 03                 1276 	.db #0x03	; 3
                           1277 	.area _CABS (ABS)
