                              1 ;--------------------------------------------------------
                              2 ; File Created by SDCC : free open source ANSI-C Compiler
                              3 ; Version 4.0.0 #11528 (MINGW32)
                              4 ;--------------------------------------------------------
                              5 	.module C__Users_Mills_AppData_Local_Temp_lcc27681
                              6 	.optsdcc -mgbz80
                              7 	
                              8 ;--------------------------------------------------------
                              9 ; Public variables in this module
                             10 ;--------------------------------------------------------
                             11 	.globl _Sea_Tiles
                             12 	.globl _Sea_TilesPAL
                             13 ;--------------------------------------------------------
                             14 ; special function registers
                             15 ;--------------------------------------------------------
                             16 ;--------------------------------------------------------
                             17 ; ram data
                             18 ;--------------------------------------------------------
                             19 	.area _DATA
                             20 ;--------------------------------------------------------
                             21 ; absolute external ram data
                             22 ;--------------------------------------------------------
                             23 	.area _DABS (ABS)
                             24 ;--------------------------------------------------------
                             25 ; global & static initialisations
                             26 ;--------------------------------------------------------
                             27 	.area _HOME
                             28 	.area _GSINIT
                             29 	.area _GSFINAL
                             30 	.area _GSINIT
                             31 ;--------------------------------------------------------
                             32 ; Home
                             33 ;--------------------------------------------------------
                             34 	.area _HOME
                             35 	.area _HOME
                             36 ;--------------------------------------------------------
                             37 ; code
                             38 ;--------------------------------------------------------
                             39 	.area _CODE_2
                             40 	.area _CODE_2
   0000                      41 _Sea_TilesPAL:
   0000 31 7B                42 	.dw #0x7b31
   0002 E6 23                43 	.dw #0x23e6
   0004 20 12                44 	.dw #0x1220
   0006 00 00                45 	.dw #0x0000
   0008 20 12                46 	.dw #0x1220
   000A E6 23                47 	.dw #0x23e6
   000C 82 7F                48 	.dw #0x7f82
   000E 00 00                49 	.dw #0x0000
   0010 08 76                50 	.dw #0x7608
   0012 E6 23                51 	.dw #0x23e6
   0014 20 12                52 	.dw #0x1220
   0016 00 00                53 	.dw #0x0000
   0018 86 75                54 	.dw #0x7586
   001A E6 23                55 	.dw #0x23e6
   001C 20 12                56 	.dw #0x1220
   001E 00 00                57 	.dw #0x0000
   0020 04 75                58 	.dw #0x7504
   0022 E6 23                59 	.dw #0x23e6
   0024 20 12                60 	.dw #0x1220
   0026 00 00                61 	.dw #0x0000
   0028 82 74                62 	.dw #0x7482
   002A E6 23                63 	.dw #0x23e6
   002C 20 12                64 	.dw #0x1220
   002E 00 00                65 	.dw #0x0000
   0030 40 74                66 	.dw #0x7440
   0032 E6 23                67 	.dw #0x23e6
   0034 20 12                68 	.dw #0x1220
   0036 00 00                69 	.dw #0x0000
   0038 20 12                70 	.dw #0x1220
   003A E6 23                71 	.dw #0x23e6
   003C 8B 7E                72 	.dw #0x7e8b
   003E 00 00                73 	.dw #0x0000
   0040                      74 _Sea_Tiles:
   0040 00                   75 	.db #0x00	; 0
   0041 00                   76 	.db #0x00	; 0
   0042 00                   77 	.db #0x00	; 0
   0043 00                   78 	.db #0x00	; 0
   0044 00                   79 	.db #0x00	; 0
   0045 00                   80 	.db #0x00	; 0
   0046 00                   81 	.db #0x00	; 0
   0047 00                   82 	.db #0x00	; 0
   0048 00                   83 	.db #0x00	; 0
   0049 00                   84 	.db #0x00	; 0
   004A 00                   85 	.db #0x00	; 0
   004B 00                   86 	.db #0x00	; 0
   004C 00                   87 	.db #0x00	; 0
   004D 00                   88 	.db #0x00	; 0
   004E 00                   89 	.db #0x00	; 0
   004F 00                   90 	.db #0x00	; 0
   0050 80                   91 	.db #0x80	; 128
   0051 80                   92 	.db #0x80	; 128
   0052 40                   93 	.db #0x40	; 64
   0053 C0                   94 	.db #0xc0	; 192
   0054 20                   95 	.db #0x20	; 32
   0055 E0                   96 	.db #0xe0	; 224
   0056 10                   97 	.db #0x10	; 16
   0057 F0                   98 	.db #0xf0	; 240
   0058 08                   99 	.db #0x08	; 8
   0059 F8                  100 	.db #0xf8	; 248
   005A 04                  101 	.db #0x04	; 4
   005B FC                  102 	.db #0xfc	; 252
   005C 02                  103 	.db #0x02	; 2
   005D FE                  104 	.db #0xfe	; 254
   005E 01                  105 	.db #0x01	; 1
   005F FF                  106 	.db #0xff	; 255
   0060 80                  107 	.db #0x80	; 128
   0061 80                  108 	.db #0x80	; 128
   0062 80                  109 	.db #0x80	; 128
   0063 80                  110 	.db #0x80	; 128
   0064 40                  111 	.db #0x40	; 64
   0065 C0                  112 	.db #0xc0	; 192
   0066 40                  113 	.db #0x40	; 64
   0067 C0                  114 	.db #0xc0	; 192
   0068 20                  115 	.db #0x20	; 32
   0069 E0                  116 	.db #0xe0	; 224
   006A 20                  117 	.db #0x20	; 32
   006B E0                  118 	.db #0xe0	; 224
   006C 10                  119 	.db #0x10	; 16
   006D F0                  120 	.db #0xf0	; 240
   006E 10                  121 	.db #0x10	; 16
   006F F0                  122 	.db #0xf0	; 240
   0070 08                  123 	.db #0x08	; 8
   0071 F8                  124 	.db #0xf8	; 248
   0072 08                  125 	.db #0x08	; 8
   0073 F8                  126 	.db #0xf8	; 248
   0074 04                  127 	.db #0x04	; 4
   0075 FC                  128 	.db #0xfc	; 252
   0076 04                  129 	.db #0x04	; 4
   0077 FC                  130 	.db #0xfc	; 252
   0078 02                  131 	.db #0x02	; 2
   0079 FE                  132 	.db #0xfe	; 254
   007A 02                  133 	.db #0x02	; 2
   007B FE                  134 	.db #0xfe	; 254
   007C 01                  135 	.db #0x01	; 1
   007D FF                  136 	.db #0xff	; 255
   007E 01                  137 	.db #0x01	; 1
   007F FF                  138 	.db #0xff	; 255
   0080 03                  139 	.db #0x03	; 3
   0081 03                  140 	.db #0x03	; 3
   0082 0E                  141 	.db #0x0e	; 14
   0083 0D                  142 	.db #0x0d	; 13
   0084 3E                  143 	.db #0x3e	; 62
   0085 31                  144 	.db #0x31	; 49	'1'
   0086 FE                  145 	.db #0xfe	; 254
   0087 C1                  146 	.db #0xc1	; 193
   0088 FC                  147 	.db #0xfc	; 252
   0089 03                  148 	.db #0x03	; 3
   008A FC                  149 	.db #0xfc	; 252
   008B 03                  150 	.db #0x03	; 3
   008C F8                  151 	.db #0xf8	; 248
   008D 07                  152 	.db #0x07	; 7
   008E F0                  153 	.db #0xf0	; 240
   008F 0F                  154 	.db #0x0f	; 15
   0090 00                  155 	.db #0x00	; 0
   0091 00                  156 	.db #0x00	; 0
   0092 00                  157 	.db #0x00	; 0
   0093 00                  158 	.db #0x00	; 0
   0094 00                  159 	.db #0x00	; 0
   0095 00                  160 	.db #0x00	; 0
   0096 00                  161 	.db #0x00	; 0
   0097 00                  162 	.db #0x00	; 0
   0098 03                  163 	.db #0x03	; 3
   0099 03                  164 	.db #0x03	; 3
   009A 0F                  165 	.db #0x0f	; 15
   009B 0C                  166 	.db #0x0c	; 12
   009C 3F                  167 	.db #0x3f	; 63
   009D 30                  168 	.db #0x30	; 48	'0'
   009E FF                  169 	.db #0xff	; 255
   009F C0                  170 	.db #0xc0	; 192
   00A0 FF                  171 	.db #0xff	; 255
   00A1 FF                  172 	.db #0xff	; 255
   00A2 00                  173 	.db #0x00	; 0
   00A3 FF                  174 	.db #0xff	; 255
   00A4 00                  175 	.db #0x00	; 0
   00A5 FF                  176 	.db #0xff	; 255
   00A6 00                  177 	.db #0x00	; 0
   00A7 FF                  178 	.db #0xff	; 255
   00A8 00                  179 	.db #0x00	; 0
   00A9 FF                  180 	.db #0xff	; 255
   00AA 00                  181 	.db #0x00	; 0
   00AB FF                  182 	.db #0xff	; 255
   00AC 00                  183 	.db #0x00	; 0
   00AD FF                  184 	.db #0xff	; 255
   00AE 00                  185 	.db #0x00	; 0
   00AF FF                  186 	.db #0xff	; 255
   00B0 00                  187 	.db #0x00	; 0
   00B1 00                  188 	.db #0x00	; 0
   00B2 00                  189 	.db #0x00	; 0
   00B3 00                  190 	.db #0x00	; 0
   00B4 00                  191 	.db #0x00	; 0
   00B5 00                  192 	.db #0x00	; 0
   00B6 00                  193 	.db #0x00	; 0
   00B7 00                  194 	.db #0x00	; 0
   00B8 C0                  195 	.db #0xc0	; 192
   00B9 C0                  196 	.db #0xc0	; 192
   00BA 30                  197 	.db #0x30	; 48	'0'
   00BB F0                  198 	.db #0xf0	; 240
   00BC 0C                  199 	.db #0x0c	; 12
   00BD FC                  200 	.db #0xfc	; 252
   00BE 03                  201 	.db #0x03	; 3
   00BF FF                  202 	.db #0xff	; 255
   00C0 C0                  203 	.db #0xc0	; 192
   00C1 C0                  204 	.db #0xc0	; 192
   00C2 30                  205 	.db #0x30	; 48	'0'
   00C3 F0                  206 	.db #0xf0	; 240
   00C4 0C                  207 	.db #0x0c	; 12
   00C5 FC                  208 	.db #0xfc	; 252
   00C6 03                  209 	.db #0x03	; 3
   00C7 FF                  210 	.db #0xff	; 255
   00C8 00                  211 	.db #0x00	; 0
   00C9 FF                  212 	.db #0xff	; 255
   00CA 00                  213 	.db #0x00	; 0
   00CB FF                  214 	.db #0xff	; 255
   00CC 00                  215 	.db #0x00	; 0
   00CD FF                  216 	.db #0xff	; 255
   00CE 00                  217 	.db #0x00	; 0
   00CF FF                  218 	.db #0xff	; 255
   00D0 01                  219 	.db #0x01	; 1
   00D1 01                  220 	.db #0x01	; 1
   00D2 02                  221 	.db #0x02	; 2
   00D3 02                  222 	.db #0x02	; 2
   00D4 04                  223 	.db #0x04	; 4
   00D5 04                  224 	.db #0x04	; 4
   00D6 08                  225 	.db #0x08	; 8
   00D7 08                  226 	.db #0x08	; 8
   00D8 10                  227 	.db #0x10	; 16
   00D9 10                  228 	.db #0x10	; 16
   00DA 38                  229 	.db #0x38	; 56	'8'
   00DB 20                  230 	.db #0x20	; 32
   00DC 7C                  231 	.db #0x7c	; 124
   00DD 40                  232 	.db #0x40	; 64
   00DE FC                  233 	.db #0xfc	; 252
   00DF 80                  234 	.db #0x80	; 128
   00E0 00                  235 	.db #0x00	; 0
   00E1 00                  236 	.db #0x00	; 0
   00E2 00                  237 	.db #0x00	; 0
   00E3 00                  238 	.db #0x00	; 0
   00E4 00                  239 	.db #0x00	; 0
   00E5 00                  240 	.db #0x00	; 0
   00E6 00                  241 	.db #0x00	; 0
   00E7 00                  242 	.db #0x00	; 0
   00E8 01                  243 	.db #0x01	; 1
   00E9 01                  244 	.db #0x01	; 1
   00EA 01                  245 	.db #0x01	; 1
   00EB 01                  246 	.db #0x01	; 1
   00EC 03                  247 	.db #0x03	; 3
   00ED 02                  248 	.db #0x02	; 2
   00EE 03                  249 	.db #0x03	; 3
   00EF 02                  250 	.db #0x02	; 2
   00F0 FF                  251 	.db #0xff	; 255
   00F1 80                  252 	.db #0x80	; 128
   00F2 FF                  253 	.db #0xff	; 255
   00F3 80                  254 	.db #0x80	; 128
   00F4 FF                  255 	.db #0xff	; 255
   00F5 80                  256 	.db #0x80	; 128
   00F6 FF                  257 	.db #0xff	; 255
   00F7 80                  258 	.db #0x80	; 128
   00F8 FF                  259 	.db #0xff	; 255
   00F9 80                  260 	.db #0x80	; 128
   00FA FF                  261 	.db #0xff	; 255
   00FB 80                  262 	.db #0x80	; 128
   00FC FF                  263 	.db #0xff	; 255
   00FD 80                  264 	.db #0x80	; 128
   00FE FF                  265 	.db #0xff	; 255
   00FF 80                  266 	.db #0x80	; 128
   0100 01                  267 	.db #0x01	; 1
   0101 FF                  268 	.db #0xff	; 255
   0102 01                  269 	.db #0x01	; 1
   0103 FF                  270 	.db #0xff	; 255
   0104 01                  271 	.db #0x01	; 1
   0105 FF                  272 	.db #0xff	; 255
   0106 01                  273 	.db #0x01	; 1
   0107 FF                  274 	.db #0xff	; 255
   0108 01                  275 	.db #0x01	; 1
   0109 FF                  276 	.db #0xff	; 255
   010A 01                  277 	.db #0x01	; 1
   010B FF                  278 	.db #0xff	; 255
   010C 01                  279 	.db #0x01	; 1
   010D FF                  280 	.db #0xff	; 255
   010E 01                  281 	.db #0x01	; 1
   010F FF                  282 	.db #0xff	; 255
   0110 01                  283 	.db #0x01	; 1
   0111 FF                  284 	.db #0xff	; 255
   0112 01                  285 	.db #0x01	; 1
   0113 FF                  286 	.db #0xff	; 255
   0114 02                  287 	.db #0x02	; 2
   0115 FE                  288 	.db #0xfe	; 254
   0116 02                  289 	.db #0x02	; 2
   0117 FE                  290 	.db #0xfe	; 254
   0118 04                  291 	.db #0x04	; 4
   0119 FC                  292 	.db #0xfc	; 252
   011A 04                  293 	.db #0x04	; 4
   011B FC                  294 	.db #0xfc	; 252
   011C 08                  295 	.db #0x08	; 8
   011D F8                  296 	.db #0xf8	; 248
   011E 08                  297 	.db #0x08	; 8
   011F F8                  298 	.db #0xf8	; 248
   0120 10                  299 	.db #0x10	; 16
   0121 F0                  300 	.db #0xf0	; 240
   0122 10                  301 	.db #0x10	; 16
   0123 F0                  302 	.db #0xf0	; 240
   0124 20                  303 	.db #0x20	; 32
   0125 E0                  304 	.db #0xe0	; 224
   0126 20                  305 	.db #0x20	; 32
   0127 E0                  306 	.db #0xe0	; 224
   0128 40                  307 	.db #0x40	; 64
   0129 C0                  308 	.db #0xc0	; 192
   012A 40                  309 	.db #0x40	; 64
   012B C0                  310 	.db #0xc0	; 192
   012C 80                  311 	.db #0x80	; 128
   012D 80                  312 	.db #0x80	; 128
   012E 80                  313 	.db #0x80	; 128
   012F 80                  314 	.db #0x80	; 128
   0130 FF                  315 	.db #0xff	; 255
   0131 80                  316 	.db #0x80	; 128
   0132 FF                  317 	.db #0xff	; 255
   0133 80                  318 	.db #0x80	; 128
   0134 7F                  319 	.db #0x7f	; 127
   0135 40                  320 	.db #0x40	; 64
   0136 7F                  321 	.db #0x7f	; 127
   0137 40                  322 	.db #0x40	; 64
   0138 3F                  323 	.db #0x3f	; 63
   0139 20                  324 	.db #0x20	; 32
   013A 3F                  325 	.db #0x3f	; 63
   013B 20                  326 	.db #0x20	; 32
   013C 1F                  327 	.db #0x1f	; 31
   013D 10                  328 	.db #0x10	; 16
   013E 1F                  329 	.db #0x1f	; 31
   013F 10                  330 	.db #0x10	; 16
   0140 0F                  331 	.db #0x0f	; 15
   0141 08                  332 	.db #0x08	; 8
   0142 0F                  333 	.db #0x0f	; 15
   0143 08                  334 	.db #0x08	; 8
   0144 07                  335 	.db #0x07	; 7
   0145 04                  336 	.db #0x04	; 4
   0146 07                  337 	.db #0x07	; 7
   0147 04                  338 	.db #0x04	; 4
   0148 03                  339 	.db #0x03	; 3
   0149 02                  340 	.db #0x02	; 2
   014A 03                  341 	.db #0x03	; 3
   014B 02                  342 	.db #0x02	; 2
   014C 01                  343 	.db #0x01	; 1
   014D 01                  344 	.db #0x01	; 1
   014E 01                  345 	.db #0x01	; 1
   014F 01                  346 	.db #0x01	; 1
   0150 FF                  347 	.db #0xff	; 255
   0151 80                  348 	.db #0x80	; 128
   0152 7F                  349 	.db #0x7f	; 127
   0153 40                  350 	.db #0x40	; 64
   0154 3F                  351 	.db #0x3f	; 63
   0155 20                  352 	.db #0x20	; 32
   0156 1F                  353 	.db #0x1f	; 31
   0157 10                  354 	.db #0x10	; 16
   0158 0F                  355 	.db #0x0f	; 15
   0159 08                  356 	.db #0x08	; 8
   015A 07                  357 	.db #0x07	; 7
   015B 04                  358 	.db #0x04	; 4
   015C 03                  359 	.db #0x03	; 3
   015D 02                  360 	.db #0x02	; 2
   015E 01                  361 	.db #0x01	; 1
   015F 01                  362 	.db #0x01	; 1
   0160 01                  363 	.db #0x01	; 1
   0161 01                  364 	.db #0x01	; 1
   0162 03                  365 	.db #0x03	; 3
   0163 02                  366 	.db #0x02	; 2
   0164 07                  367 	.db #0x07	; 7
   0165 04                  368 	.db #0x04	; 4
   0166 0F                  369 	.db #0x0f	; 15
   0167 08                  370 	.db #0x08	; 8
   0168 1F                  371 	.db #0x1f	; 31
   0169 10                  372 	.db #0x10	; 16
   016A 3F                  373 	.db #0x3f	; 63
   016B 20                  374 	.db #0x20	; 32
   016C 7F                  375 	.db #0x7f	; 127
   016D 40                  376 	.db #0x40	; 64
   016E FF                  377 	.db #0xff	; 255
   016F 80                  378 	.db #0x80	; 128
   0170 01                  379 	.db #0x01	; 1
   0171 FF                  380 	.db #0xff	; 255
   0172 02                  381 	.db #0x02	; 2
   0173 FE                  382 	.db #0xfe	; 254
   0174 04                  383 	.db #0x04	; 4
   0175 FC                  384 	.db #0xfc	; 252
   0176 08                  385 	.db #0x08	; 8
   0177 F8                  386 	.db #0xf8	; 248
   0178 10                  387 	.db #0x10	; 16
   0179 F0                  388 	.db #0xf0	; 240
   017A 20                  389 	.db #0x20	; 32
   017B E0                  390 	.db #0xe0	; 224
   017C 40                  391 	.db #0x40	; 64
   017D C0                  392 	.db #0xc0	; 192
   017E 80                  393 	.db #0x80	; 128
   017F 80                  394 	.db #0x80	; 128
   0180 FF                  395 	.db #0xff	; 255
   0181 00                  396 	.db #0x00	; 0
   0182 FF                  397 	.db #0xff	; 255
   0183 00                  398 	.db #0x00	; 0
   0184 FF                  399 	.db #0xff	; 255
   0185 00                  400 	.db #0x00	; 0
   0186 FF                  401 	.db #0xff	; 255
   0187 00                  402 	.db #0x00	; 0
   0188 FF                  403 	.db #0xff	; 255
   0189 C0                  404 	.db #0xc0	; 192
   018A 3F                  405 	.db #0x3f	; 63
   018B 30                  406 	.db #0x30	; 48	'0'
   018C 0F                  407 	.db #0x0f	; 15
   018D 0C                  408 	.db #0x0c	; 12
   018E 03                  409 	.db #0x03	; 3
   018F 03                  410 	.db #0x03	; 3
   0190 FF                  411 	.db #0xff	; 255
   0191 C0                  412 	.db #0xc0	; 192
   0192 3F                  413 	.db #0x3f	; 63
   0193 30                  414 	.db #0x30	; 48	'0'
   0194 0F                  415 	.db #0x0f	; 15
   0195 0C                  416 	.db #0x0c	; 12
   0196 03                  417 	.db #0x03	; 3
   0197 03                  418 	.db #0x03	; 3
   0198 00                  419 	.db #0x00	; 0
   0199 00                  420 	.db #0x00	; 0
   019A 00                  421 	.db #0x00	; 0
   019B 00                  422 	.db #0x00	; 0
   019C 00                  423 	.db #0x00	; 0
   019D 00                  424 	.db #0x00	; 0
   019E 00                  425 	.db #0x00	; 0
   019F 00                  426 	.db #0x00	; 0
   01A0 FF                  427 	.db #0xff	; 255
   01A1 00                  428 	.db #0x00	; 0
   01A2 FF                  429 	.db #0xff	; 255
   01A3 00                  430 	.db #0x00	; 0
   01A4 FF                  431 	.db #0xff	; 255
   01A5 00                  432 	.db #0x00	; 0
   01A6 FF                  433 	.db #0xff	; 255
   01A7 00                  434 	.db #0x00	; 0
   01A8 FF                  435 	.db #0xff	; 255
   01A9 00                  436 	.db #0x00	; 0
   01AA FF                  437 	.db #0xff	; 255
   01AB 00                  438 	.db #0x00	; 0
   01AC FF                  439 	.db #0xff	; 255
   01AD 00                  440 	.db #0x00	; 0
   01AE FF                  441 	.db #0xff	; 255
   01AF FF                  442 	.db #0xff	; 255
   01B0 FF                  443 	.db #0xff	; 255
   01B1 00                  444 	.db #0x00	; 0
   01B2 FF                  445 	.db #0xff	; 255
   01B3 00                  446 	.db #0x00	; 0
   01B4 FF                  447 	.db #0xff	; 255
   01B5 00                  448 	.db #0x00	; 0
   01B6 FF                  449 	.db #0xff	; 255
   01B7 00                  450 	.db #0x00	; 0
   01B8 FF                  451 	.db #0xff	; 255
   01B9 00                  452 	.db #0x00	; 0
   01BA FF                  453 	.db #0xff	; 255
   01BB 00                  454 	.db #0x00	; 0
   01BC FF                  455 	.db #0xff	; 255
   01BD 00                  456 	.db #0x00	; 0
   01BE FF                  457 	.db #0xff	; 255
   01BF 00                  458 	.db #0x00	; 0
   01C0 00                  459 	.db #0x00	; 0
   01C1 FF                  460 	.db #0xff	; 255
   01C2 00                  461 	.db #0x00	; 0
   01C3 FF                  462 	.db #0xff	; 255
   01C4 00                  463 	.db #0x00	; 0
   01C5 FF                  464 	.db #0xff	; 255
   01C6 00                  465 	.db #0x00	; 0
   01C7 FF                  466 	.db #0xff	; 255
   01C8 00                  467 	.db #0x00	; 0
   01C9 FF                  468 	.db #0xff	; 255
   01CA 00                  469 	.db #0x00	; 0
   01CB FF                  470 	.db #0xff	; 255
   01CC 00                  471 	.db #0x00	; 0
   01CD FF                  472 	.db #0xff	; 255
   01CE 00                  473 	.db #0x00	; 0
   01CF FF                  474 	.db #0xff	; 255
   01D0 80                  475 	.db #0x80	; 128
   01D1 7F                  476 	.db #0x7f	; 127
   01D2 C0                  477 	.db #0xc0	; 192
   01D3 3F                  478 	.db #0x3f	; 63
   01D4 E0                  479 	.db #0xe0	; 224
   01D5 1F                  480 	.db #0x1f	; 31
   01D6 E0                  481 	.db #0xe0	; 224
   01D7 1F                  482 	.db #0x1f	; 31
   01D8 F0                  483 	.db #0xf0	; 240
   01D9 0F                  484 	.db #0x0f	; 15
   01DA F8                  485 	.db #0xf8	; 248
   01DB 07                  486 	.db #0x07	; 7
   01DC FC                  487 	.db #0xfc	; 252
   01DD 03                  488 	.db #0x03	; 3
   01DE FC                  489 	.db #0xfc	; 252
   01DF 03                  490 	.db #0x03	; 3
   01E0 01                  491 	.db #0x01	; 1
   01E1 FF                  492 	.db #0xff	; 255
   01E2 03                  493 	.db #0x03	; 3
   01E3 FE                  494 	.db #0xfe	; 254
   01E4 07                  495 	.db #0x07	; 7
   01E5 FC                  496 	.db #0xfc	; 252
   01E6 0F                  497 	.db #0x0f	; 15
   01E7 F8                  498 	.db #0xf8	; 248
   01E8 1F                  499 	.db #0x1f	; 31
   01E9 F0                  500 	.db #0xf0	; 240
   01EA 3F                  501 	.db #0x3f	; 63
   01EB E0                  502 	.db #0xe0	; 224
   01EC 7F                  503 	.db #0x7f	; 127
   01ED C0                  504 	.db #0xc0	; 192
   01EE FF                  505 	.db #0xff	; 255
   01EF 80                  506 	.db #0x80	; 128
   01F0 C0                  507 	.db #0xc0	; 192
   01F1 3F                  508 	.db #0x3f	; 63
   01F2 F0                  509 	.db #0xf0	; 240
   01F3 0F                  510 	.db #0x0f	; 15
   01F4 FC                  511 	.db #0xfc	; 252
   01F5 03                  512 	.db #0x03	; 3
   01F6 FC                  513 	.db #0xfc	; 252
   01F7 03                  514 	.db #0x03	; 3
   01F8 FE                  515 	.db #0xfe	; 254
   01F9 C1                  516 	.db #0xc1	; 193
   01FA 3E                  517 	.db #0x3e	; 62
   01FB 31                  518 	.db #0x31	; 49	'1'
   01FC 0F                  519 	.db #0x0f	; 15
   01FD 0C                  520 	.db #0x0c	; 12
   01FE 03                  521 	.db #0x03	; 3
   01FF 03                  522 	.db #0x03	; 3
   0200 00                  523 	.db #0x00	; 0
   0201 FF                  524 	.db #0xff	; 255
   0202 00                  525 	.db #0x00	; 0
   0203 FF                  526 	.db #0xff	; 255
   0204 00                  527 	.db #0x00	; 0
   0205 FF                  528 	.db #0xff	; 255
   0206 00                  529 	.db #0x00	; 0
   0207 FF                  530 	.db #0xff	; 255
   0208 00                  531 	.db #0x00	; 0
   0209 FF                  532 	.db #0xff	; 255
   020A 00                  533 	.db #0x00	; 0
   020B FF                  534 	.db #0xff	; 255
   020C E0                  535 	.db #0xe0	; 224
   020D 1F                  536 	.db #0x1f	; 31
   020E F0                  537 	.db #0xf0	; 240
   020F 0F                  538 	.db #0x0f	; 15
   0210 08                  539 	.db #0x08	; 8
   0211 F8                  540 	.db #0xf8	; 248
   0212 08                  541 	.db #0x08	; 8
   0213 F8                  542 	.db #0xf8	; 248
   0214 04                  543 	.db #0x04	; 4
   0215 FC                  544 	.db #0xfc	; 252
   0216 84                  545 	.db #0x84	; 132
   0217 7C                  546 	.db #0x7c	; 124
   0218 C2                  547 	.db #0xc2	; 194
   0219 3E                  548 	.db #0x3e	; 62
   021A C2                  549 	.db #0xc2	; 194
   021B 3E                  550 	.db #0x3e	; 62
   021C E1                  551 	.db #0xe1	; 225
   021D 1F                  552 	.db #0x1f	; 31
   021E F1                  553 	.db #0xf1	; 241
   021F 0F                  554 	.db #0x0f	; 15
   0220 F0                  555 	.db #0xf0	; 240
   0221 8F                  556 	.db #0x8f	; 143
   0222 F8                  557 	.db #0xf8	; 248
   0223 87                  558 	.db #0x87	; 135
   0224 7C                  559 	.db #0x7c	; 124
   0225 43                  560 	.db #0x43	; 67	'C'
   0226 7C                  561 	.db #0x7c	; 124
   0227 43                  562 	.db #0x43	; 67	'C'
   0228 3C                  563 	.db #0x3c	; 60
   0229 23                  564 	.db #0x23	; 35
   022A 3E                  565 	.db #0x3e	; 62
   022B 21                  566 	.db #0x21	; 33
   022C 1E                  567 	.db #0x1e	; 30
   022D 11                  568 	.db #0x11	; 17
   022E 1F                  569 	.db #0x1f	; 31
   022F 10                  570 	.db #0x10	; 16
   0230 81                  571 	.db #0x81	; 129
   0231 81                  572 	.db #0x81	; 129
   0232 41                  573 	.db #0x41	; 65	'A'
   0233 C1                  574 	.db #0xc1	; 193
   0234 23                  575 	.db #0x23	; 35
   0235 E2                  576 	.db #0xe2	; 226
   0236 13                  577 	.db #0x13	; 19
   0237 F2                  578 	.db #0xf2	; 242
   0238 0F                  579 	.db #0x0f	; 15
   0239 FC                  580 	.db #0xfc	; 252
   023A 07                  581 	.db #0x07	; 7
   023B FC                  582 	.db #0xfc	; 252
   023C 0F                  583 	.db #0x0f	; 15
   023D F8                  584 	.db #0xf8	; 248
   023E 0F                  585 	.db #0x0f	; 15
   023F F8                  586 	.db #0xf8	; 248
                            587 	.area _CABS (ABS)
