                              1 ;--------------------------------------------------------
                              2 ; File Created by SDCC : free open source ANSI-C Compiler
                              3 ; Version 4.0.0 #11528 (MINGW32)
                              4 ;--------------------------------------------------------
                              5 	.module C__Users_Mills_AppData_Local_Temp_lcc11001
                              6 	.optsdcc -mgbz80
                              7 	
                              8 ;--------------------------------------------------------
                              9 ; Public variables in this module
                             10 ;--------------------------------------------------------
                             11 	.globl _Sea_Sprites
                             12 	.globl _Sea_SpritesCGB
                             13 	.globl _Sea_SpritesPAL
                             14 ;--------------------------------------------------------
                             15 ; special function registers
                             16 ;--------------------------------------------------------
                             17 ;--------------------------------------------------------
                             18 ; ram data
                             19 ;--------------------------------------------------------
                             20 	.area _DATA
                             21 ;--------------------------------------------------------
                             22 ; absolute external ram data
                             23 ;--------------------------------------------------------
                             24 	.area _DABS (ABS)
                             25 ;--------------------------------------------------------
                             26 ; global & static initialisations
                             27 ;--------------------------------------------------------
                             28 	.area _HOME
                             29 	.area _GSINIT
                             30 	.area _GSFINAL
                             31 	.area _GSINIT
                             32 ;--------------------------------------------------------
                             33 ; Home
                             34 ;--------------------------------------------------------
                             35 	.area _HOME
                             36 	.area _HOME
                             37 ;--------------------------------------------------------
                             38 ; code
                             39 ;--------------------------------------------------------
                             40 	.area _CODE_2
                             41 	.area _CODE_2
   0000                      42 _Sea_SpritesPAL:
   0000 09 7E                43 	.dw #0x7e09
   0002 FD 7F                44 	.dw #0x7ffd
   0004 E6 7F                45 	.dw #0x7fe6
   0006 E8 0B                46 	.dw #0x0be8
   0008 09 7E                47 	.dw #0x7e09
   000A FF 7F                48 	.dw #0x7fff
   000C DF 00                49 	.dw #0x00df
   000E 00 00                50 	.dw #0x0000
   0010 09 7E                51 	.dw #0x7e09
   0012 FE 0B                52 	.dw #0x0bfe
   0014 00 7C                53 	.dw #0x7c00
   0016 00 00                54 	.dw #0x0000
   0018 09 7E                55 	.dw #0x7e09
   001A FF 7F                56 	.dw #0x7fff
   001C 00 7C                57 	.dw #0x7c00
   001E 00 00                58 	.dw #0x0000
   0020 00 00                59 	.dw #0x0000
   0022 00 00                60 	.dw #0x0000
   0024 00 00                61 	.dw #0x0000
   0026 00 00                62 	.dw #0x0000
   0028 00 00                63 	.dw #0x0000
   002A 00 00                64 	.dw #0x0000
   002C 00 00                65 	.dw #0x0000
   002E 00 00                66 	.dw #0x0000
   0030 00 00                67 	.dw #0x0000
   0032 00 00                68 	.dw #0x0000
   0034 00 00                69 	.dw #0x0000
   0036 00 00                70 	.dw #0x0000
   0038 00 00                71 	.dw #0x0000
   003A 00 00                72 	.dw #0x0000
   003C 00 00                73 	.dw #0x0000
   003E 00 00                74 	.dw #0x0000
   0040                      75 _Sea_SpritesCGB:
   0040 00                   76 	.db #0x00	; 0
   0041 00                   77 	.db #0x00	; 0
   0042 00                   78 	.db #0x00	; 0
   0043 00                   79 	.db #0x00	; 0
   0044 00                   80 	.db #0x00	; 0
   0045 00                   81 	.db #0x00	; 0
   0046 00                   82 	.db #0x00	; 0
   0047 00                   83 	.db #0x00	; 0
   0048 00                   84 	.db #0x00	; 0
   0049 00                   85 	.db #0x00	; 0
   004A 00                   86 	.db #0x00	; 0
   004B 00                   87 	.db #0x00	; 0
   004C 00                   88 	.db #0x00	; 0
   004D 00                   89 	.db #0x00	; 0
   004E 00                   90 	.db #0x00	; 0
   004F 00                   91 	.db #0x00	; 0
   0050                      92 _Sea_Sprites:
   0050 03                   93 	.db #0x03	; 3
   0051 00                   94 	.db #0x00	; 0
   0052 0C                   95 	.db #0x0c	; 12
   0053 00                   96 	.db #0x00	; 0
   0054 10                   97 	.db #0x10	; 16
   0055 00                   98 	.db #0x00	; 0
   0056 20                   99 	.db #0x20	; 32
   0057 00                  100 	.db #0x00	; 0
   0058 46                  101 	.db #0x46	; 70	'F'
   0059 00                  102 	.db #0x00	; 0
   005A 49                  103 	.db #0x49	; 73	'I'
   005B 00                  104 	.db #0x00	; 0
   005C 89                  105 	.db #0x89	; 137
   005D 00                  106 	.db #0x00	; 0
   005E 86                  107 	.db #0x86	; 134
   005F 00                  108 	.db #0x00	; 0
   0060 80                  109 	.db #0x80	; 128
   0061 00                  110 	.db #0x00	; 0
   0062 80                  111 	.db #0x80	; 128
   0063 00                  112 	.db #0x00	; 0
   0064 40                  113 	.db #0x40	; 64
   0065 00                  114 	.db #0x00	; 0
   0066 40                  115 	.db #0x40	; 64
   0067 00                  116 	.db #0x00	; 0
   0068 20                  117 	.db #0x20	; 32
   0069 00                  118 	.db #0x00	; 0
   006A 10                  119 	.db #0x10	; 16
   006B 00                  120 	.db #0x00	; 0
   006C 0C                  121 	.db #0x0c	; 12
   006D 00                  122 	.db #0x00	; 0
   006E 03                  123 	.db #0x03	; 3
   006F 00                  124 	.db #0x00	; 0
   0070 C0                  125 	.db #0xc0	; 192
   0071 00                  126 	.db #0x00	; 0
   0072 30                  127 	.db #0x30	; 48	'0'
   0073 00                  128 	.db #0x00	; 0
   0074 08                  129 	.db #0x08	; 8
   0075 00                  130 	.db #0x00	; 0
   0076 04                  131 	.db #0x04	; 4
   0077 00                  132 	.db #0x00	; 0
   0078 02                  133 	.db #0x02	; 2
   0079 00                  134 	.db #0x00	; 0
   007A 02                  135 	.db #0x02	; 2
   007B 00                  136 	.db #0x00	; 0
   007C 01                  137 	.db #0x01	; 1
   007D 00                  138 	.db #0x00	; 0
   007E 01                  139 	.db #0x01	; 1
   007F 00                  140 	.db #0x00	; 0
   0080 01                  141 	.db #0x01	; 1
   0081 00                  142 	.db #0x00	; 0
   0082 01                  143 	.db #0x01	; 1
   0083 00                  144 	.db #0x00	; 0
   0084 02                  145 	.db #0x02	; 2
   0085 00                  146 	.db #0x00	; 0
   0086 02                  147 	.db #0x02	; 2
   0087 00                  148 	.db #0x00	; 0
   0088 04                  149 	.db #0x04	; 4
   0089 00                  150 	.db #0x00	; 0
   008A 08                  151 	.db #0x08	; 8
   008B 00                  152 	.db #0x00	; 0
   008C 30                  153 	.db #0x30	; 48	'0'
   008D 00                  154 	.db #0x00	; 0
   008E C0                  155 	.db #0xc0	; 192
   008F 00                  156 	.db #0x00	; 0
   0090 00                  157 	.db #0x00	; 0
   0091 00                  158 	.db #0x00	; 0
   0092 00                  159 	.db #0x00	; 0
   0093 00                  160 	.db #0x00	; 0
   0094 03                  161 	.db #0x03	; 3
   0095 00                  162 	.db #0x00	; 0
   0096 0C                  163 	.db #0x0c	; 12
   0097 00                  164 	.db #0x00	; 0
   0098 12                  165 	.db #0x12	; 18
   0099 00                  166 	.db #0x00	; 0
   009A 15                  167 	.db #0x15	; 21
   009B 00                  168 	.db #0x00	; 0
   009C 22                  169 	.db #0x22	; 34
   009D 00                  170 	.db #0x00	; 0
   009E 20                  171 	.db #0x20	; 32
   009F 00                  172 	.db #0x00	; 0
   00A0 20                  173 	.db #0x20	; 32
   00A1 00                  174 	.db #0x00	; 0
   00A2 20                  175 	.db #0x20	; 32
   00A3 00                  176 	.db #0x00	; 0
   00A4 10                  177 	.db #0x10	; 16
   00A5 00                  178 	.db #0x00	; 0
   00A6 10                  179 	.db #0x10	; 16
   00A7 00                  180 	.db #0x00	; 0
   00A8 0C                  181 	.db #0x0c	; 12
   00A9 00                  182 	.db #0x00	; 0
   00AA 03                  183 	.db #0x03	; 3
   00AB 00                  184 	.db #0x00	; 0
   00AC 00                  185 	.db #0x00	; 0
   00AD 00                  186 	.db #0x00	; 0
   00AE 00                  187 	.db #0x00	; 0
   00AF 00                  188 	.db #0x00	; 0
   00B0 00                  189 	.db #0x00	; 0
   00B1 00                  190 	.db #0x00	; 0
   00B2 00                  191 	.db #0x00	; 0
   00B3 00                  192 	.db #0x00	; 0
   00B4 C0                  193 	.db #0xc0	; 192
   00B5 00                  194 	.db #0x00	; 0
   00B6 30                  195 	.db #0x30	; 48	'0'
   00B7 00                  196 	.db #0x00	; 0
   00B8 08                  197 	.db #0x08	; 8
   00B9 00                  198 	.db #0x00	; 0
   00BA 08                  199 	.db #0x08	; 8
   00BB 00                  200 	.db #0x00	; 0
   00BC 04                  201 	.db #0x04	; 4
   00BD 00                  202 	.db #0x00	; 0
   00BE 04                  203 	.db #0x04	; 4
   00BF 00                  204 	.db #0x00	; 0
   00C0 04                  205 	.db #0x04	; 4
   00C1 00                  206 	.db #0x00	; 0
   00C2 04                  207 	.db #0x04	; 4
   00C3 00                  208 	.db #0x00	; 0
   00C4 08                  209 	.db #0x08	; 8
   00C5 00                  210 	.db #0x00	; 0
   00C6 08                  211 	.db #0x08	; 8
   00C7 00                  212 	.db #0x00	; 0
   00C8 30                  213 	.db #0x30	; 48	'0'
   00C9 00                  214 	.db #0x00	; 0
   00CA C0                  215 	.db #0xc0	; 192
   00CB 00                  216 	.db #0x00	; 0
   00CC 00                  217 	.db #0x00	; 0
   00CD 00                  218 	.db #0x00	; 0
   00CE 00                  219 	.db #0x00	; 0
   00CF 00                  220 	.db #0x00	; 0
   00D0 00                  221 	.db #0x00	; 0
   00D1 00                  222 	.db #0x00	; 0
   00D2 00                  223 	.db #0x00	; 0
   00D3 00                  224 	.db #0x00	; 0
   00D4 00                  225 	.db #0x00	; 0
   00D5 00                  226 	.db #0x00	; 0
   00D6 00                  227 	.db #0x00	; 0
   00D7 00                  228 	.db #0x00	; 0
   00D8 00                  229 	.db #0x00	; 0
   00D9 00                  230 	.db #0x00	; 0
   00DA 00                  231 	.db #0x00	; 0
   00DB 00                  232 	.db #0x00	; 0
   00DC 00                  233 	.db #0x00	; 0
   00DD 00                  234 	.db #0x00	; 0
   00DE 00                  235 	.db #0x00	; 0
   00DF 00                  236 	.db #0x00	; 0
   00E0 00                  237 	.db #0x00	; 0
   00E1 00                  238 	.db #0x00	; 0
   00E2 C0                  239 	.db #0xc0	; 192
   00E3 C0                  240 	.db #0xc0	; 192
   00E4 F0                  241 	.db #0xf0	; 240
   00E5 30                  242 	.db #0x30	; 48	'0'
   00E6 FC                  243 	.db #0xfc	; 252
   00E7 0C                  244 	.db #0x0c	; 12
   00E8 7F                  245 	.db #0x7f	; 127
   00E9 03                  246 	.db #0x03	; 3
   00EA 7F                  247 	.db #0x7f	; 127
   00EB 00                  248 	.db #0x00	; 0
   00EC 7F                  249 	.db #0x7f	; 127
   00ED 00                  250 	.db #0x00	; 0
   00EE 3F                  251 	.db #0x3f	; 63
   00EF 00                  252 	.db #0x00	; 0
   00F0 00                  253 	.db #0x00	; 0
   00F1 00                  254 	.db #0x00	; 0
   00F2 00                  255 	.db #0x00	; 0
   00F3 00                  256 	.db #0x00	; 0
   00F4 00                  257 	.db #0x00	; 0
   00F5 00                  258 	.db #0x00	; 0
   00F6 00                  259 	.db #0x00	; 0
   00F7 00                  260 	.db #0x00	; 0
   00F8 01                  261 	.db #0x01	; 1
   00F9 01                  262 	.db #0x01	; 1
   00FA 03                  263 	.db #0x03	; 3
   00FB 03                  264 	.db #0x03	; 3
   00FC 07                  265 	.db #0x07	; 7
   00FD 07                  266 	.db #0x07	; 7
   00FE 0E                  267 	.db #0x0e	; 14
   00FF 0F                  268 	.db #0x0f	; 15
   0100 1C                  269 	.db #0x1c	; 28
   0101 1F                  270 	.db #0x1f	; 31
   0102 38                  271 	.db #0x38	; 56	'8'
   0103 3F                  272 	.db #0x3f	; 63
   0104 70                  273 	.db #0x70	; 112	'p'
   0105 7F                  274 	.db #0x7f	; 127
   0106 E0                  275 	.db #0xe0	; 224
   0107 FF                  276 	.db #0xff	; 255
   0108 E0                  277 	.db #0xe0	; 224
   0109 FF                  278 	.db #0xff	; 255
   010A F8                  279 	.db #0xf8	; 248
   010B FF                  280 	.db #0xff	; 255
   010C FE                  281 	.db #0xfe	; 254
   010D 3F                  282 	.db #0x3f	; 63
   010E FF                  283 	.db #0xff	; 255
   010F 1F                  284 	.db #0x1f	; 31
   0110 00                  285 	.db #0x00	; 0
   0111 00                  286 	.db #0x00	; 0
   0112 00                  287 	.db #0x00	; 0
   0113 00                  288 	.db #0x00	; 0
   0114 00                  289 	.db #0x00	; 0
   0115 00                  290 	.db #0x00	; 0
   0116 80                  291 	.db #0x80	; 128
   0117 80                  292 	.db #0x80	; 128
   0118 C0                  293 	.db #0xc0	; 192
   0119 C0                  294 	.db #0xc0	; 192
   011A A0                  295 	.db #0xa0	; 160
   011B E0                  296 	.db #0xe0	; 224
   011C 10                  297 	.db #0x10	; 16
   011D F0                  298 	.db #0xf0	; 240
   011E 08                  299 	.db #0x08	; 8
   011F F8                  300 	.db #0xf8	; 248
   0120 04                  301 	.db #0x04	; 4
   0121 FC                  302 	.db #0xfc	; 252
   0122 02                  303 	.db #0x02	; 2
   0123 FE                  304 	.db #0xfe	; 254
   0124 01                  305 	.db #0x01	; 1
   0125 FF                  306 	.db #0xff	; 255
   0126 00                  307 	.db #0x00	; 0
   0127 FF                  308 	.db #0xff	; 255
   0128 06                  309 	.db #0x06	; 6
   0129 FF                  310 	.db #0xff	; 255
   012A 0F                  311 	.db #0x0f	; 15
   012B FF                  312 	.db #0xff	; 255
   012C 0F                  313 	.db #0x0f	; 15
   012D FF                  314 	.db #0xff	; 255
   012E 06                  315 	.db #0x06	; 6
   012F FF                  316 	.db #0xff	; 255
   0130 00                  317 	.db #0x00	; 0
   0131 00                  318 	.db #0x00	; 0
   0132 00                  319 	.db #0x00	; 0
   0133 00                  320 	.db #0x00	; 0
   0134 00                  321 	.db #0x00	; 0
   0135 00                  322 	.db #0x00	; 0
   0136 00                  323 	.db #0x00	; 0
   0137 00                  324 	.db #0x00	; 0
   0138 00                  325 	.db #0x00	; 0
   0139 00                  326 	.db #0x00	; 0
   013A 00                  327 	.db #0x00	; 0
   013B 00                  328 	.db #0x00	; 0
   013C 00                  329 	.db #0x00	; 0
   013D 00                  330 	.db #0x00	; 0
   013E 00                  331 	.db #0x00	; 0
   013F 00                  332 	.db #0x00	; 0
   0140 00                  333 	.db #0x00	; 0
   0141 00                  334 	.db #0x00	; 0
   0142 00                  335 	.db #0x00	; 0
   0143 00                  336 	.db #0x00	; 0
   0144 00                  337 	.db #0x00	; 0
   0145 00                  338 	.db #0x00	; 0
   0146 80                  339 	.db #0x80	; 128
   0147 80                  340 	.db #0x80	; 128
   0148 40                  341 	.db #0x40	; 64
   0149 C0                  342 	.db #0xc0	; 192
   014A 20                  343 	.db #0x20	; 32
   014B E0                  344 	.db #0xe0	; 224
   014C 10                  345 	.db #0x10	; 16
   014D F0                  346 	.db #0xf0	; 240
   014E 08                  347 	.db #0x08	; 8
   014F F8                  348 	.db #0xf8	; 248
   0150 3F                  349 	.db #0x3f	; 63
   0151 00                  350 	.db #0x00	; 0
   0152 7F                  351 	.db #0x7f	; 127
   0153 00                  352 	.db #0x00	; 0
   0154 7F                  353 	.db #0x7f	; 127
   0155 00                  354 	.db #0x00	; 0
   0156 7F                  355 	.db #0x7f	; 127
   0157 03                  356 	.db #0x03	; 3
   0158 FC                  357 	.db #0xfc	; 252
   0159 0C                  358 	.db #0x0c	; 12
   015A F0                  359 	.db #0xf0	; 240
   015B 30                  360 	.db #0x30	; 48	'0'
   015C C0                  361 	.db #0xc0	; 192
   015D C0                  362 	.db #0xc0	; 192
   015E 00                  363 	.db #0x00	; 0
   015F 00                  364 	.db #0x00	; 0
   0160 00                  365 	.db #0x00	; 0
   0161 00                  366 	.db #0x00	; 0
   0162 00                  367 	.db #0x00	; 0
   0163 00                  368 	.db #0x00	; 0
   0164 00                  369 	.db #0x00	; 0
   0165 00                  370 	.db #0x00	; 0
   0166 00                  371 	.db #0x00	; 0
   0167 00                  372 	.db #0x00	; 0
   0168 00                  373 	.db #0x00	; 0
   0169 00                  374 	.db #0x00	; 0
   016A 00                  375 	.db #0x00	; 0
   016B 00                  376 	.db #0x00	; 0
   016C 00                  377 	.db #0x00	; 0
   016D 00                  378 	.db #0x00	; 0
   016E 00                  379 	.db #0x00	; 0
   016F 00                  380 	.db #0x00	; 0
   0170 FF                  381 	.db #0xff	; 255
   0171 1F                  382 	.db #0x1f	; 31
   0172 FE                  383 	.db #0xfe	; 254
   0173 3F                  384 	.db #0x3f	; 63
   0174 F8                  385 	.db #0xf8	; 248
   0175 FF                  386 	.db #0xff	; 255
   0176 E0                  387 	.db #0xe0	; 224
   0177 FF                  388 	.db #0xff	; 255
   0178 80                  389 	.db #0x80	; 128
   0179 FF                  390 	.db #0xff	; 255
   017A 40                  391 	.db #0x40	; 64
   017B 7F                  392 	.db #0x7f	; 127
   017C 20                  393 	.db #0x20	; 32
   017D 3F                  394 	.db #0x3f	; 63
   017E 10                  395 	.db #0x10	; 16
   017F 1F                  396 	.db #0x1f	; 31
   0180 08                  397 	.db #0x08	; 8
   0181 0F                  398 	.db #0x0f	; 15
   0182 04                  399 	.db #0x04	; 4
   0183 07                  400 	.db #0x07	; 7
   0184 02                  401 	.db #0x02	; 2
   0185 03                  402 	.db #0x03	; 3
   0186 01                  403 	.db #0x01	; 1
   0187 01                  404 	.db #0x01	; 1
   0188 00                  405 	.db #0x00	; 0
   0189 00                  406 	.db #0x00	; 0
   018A 00                  407 	.db #0x00	; 0
   018B 00                  408 	.db #0x00	; 0
   018C 00                  409 	.db #0x00	; 0
   018D 00                  410 	.db #0x00	; 0
   018E 00                  411 	.db #0x00	; 0
   018F 00                  412 	.db #0x00	; 0
   0190 E0                  413 	.db #0xe0	; 224
   0191 FF                  414 	.db #0xff	; 255
   0192 F0                  415 	.db #0xf0	; 240
   0193 9F                  416 	.db #0x9f	; 159
   0194 F8                  417 	.db #0xf8	; 248
   0195 8F                  418 	.db #0x8f	; 143
   0196 78                  419 	.db #0x78	; 120	'x'
   0197 CF                  420 	.db #0xcf	; 207
   0198 30                  421 	.db #0x30	; 48	'0'
   0199 FF                  422 	.db #0xff	; 255
   019A 01                  423 	.db #0x01	; 1
   019B FF                  424 	.db #0xff	; 255
   019C 02                  425 	.db #0x02	; 2
   019D FE                  426 	.db #0xfe	; 254
   019E 04                  427 	.db #0x04	; 4
   019F FC                  428 	.db #0xfc	; 252
   01A0 08                  429 	.db #0x08	; 8
   01A1 F8                  430 	.db #0xf8	; 248
   01A2 10                  431 	.db #0x10	; 16
   01A3 F0                  432 	.db #0xf0	; 240
   01A4 20                  433 	.db #0x20	; 32
   01A5 E0                  434 	.db #0xe0	; 224
   01A6 40                  435 	.db #0x40	; 64
   01A7 C0                  436 	.db #0xc0	; 192
   01A8 80                  437 	.db #0x80	; 128
   01A9 80                  438 	.db #0x80	; 128
   01AA 00                  439 	.db #0x00	; 0
   01AB 00                  440 	.db #0x00	; 0
   01AC 00                  441 	.db #0x00	; 0
   01AD 00                  442 	.db #0x00	; 0
   01AE 00                  443 	.db #0x00	; 0
   01AF 00                  444 	.db #0x00	; 0
   01B0 08                  445 	.db #0x08	; 8
   01B1 F8                  446 	.db #0xf8	; 248
   01B2 10                  447 	.db #0x10	; 16
   01B3 F0                  448 	.db #0xf0	; 240
   01B4 20                  449 	.db #0x20	; 32
   01B5 E0                  450 	.db #0xe0	; 224
   01B6 40                  451 	.db #0x40	; 64
   01B7 C0                  452 	.db #0xc0	; 192
   01B8 80                  453 	.db #0x80	; 128
   01B9 80                  454 	.db #0x80	; 128
   01BA 00                  455 	.db #0x00	; 0
   01BB 00                  456 	.db #0x00	; 0
   01BC 00                  457 	.db #0x00	; 0
   01BD 00                  458 	.db #0x00	; 0
   01BE 00                  459 	.db #0x00	; 0
   01BF 00                  460 	.db #0x00	; 0
   01C0 00                  461 	.db #0x00	; 0
   01C1 00                  462 	.db #0x00	; 0
   01C2 00                  463 	.db #0x00	; 0
   01C3 00                  464 	.db #0x00	; 0
   01C4 00                  465 	.db #0x00	; 0
   01C5 00                  466 	.db #0x00	; 0
   01C6 00                  467 	.db #0x00	; 0
   01C7 00                  468 	.db #0x00	; 0
   01C8 00                  469 	.db #0x00	; 0
   01C9 00                  470 	.db #0x00	; 0
   01CA 00                  471 	.db #0x00	; 0
   01CB 00                  472 	.db #0x00	; 0
   01CC 00                  473 	.db #0x00	; 0
   01CD 00                  474 	.db #0x00	; 0
   01CE 00                  475 	.db #0x00	; 0
   01CF 00                  476 	.db #0x00	; 0
   01D0 00                  477 	.db #0x00	; 0
   01D1 00                  478 	.db #0x00	; 0
   01D2 00                  479 	.db #0x00	; 0
   01D3 00                  480 	.db #0x00	; 0
   01D4 00                  481 	.db #0x00	; 0
   01D5 00                  482 	.db #0x00	; 0
   01D6 00                  483 	.db #0x00	; 0
   01D7 00                  484 	.db #0x00	; 0
   01D8 00                  485 	.db #0x00	; 0
   01D9 00                  486 	.db #0x00	; 0
   01DA 00                  487 	.db #0x00	; 0
   01DB 00                  488 	.db #0x00	; 0
   01DC 00                  489 	.db #0x00	; 0
   01DD 00                  490 	.db #0x00	; 0
   01DE 00                  491 	.db #0x00	; 0
   01DF 00                  492 	.db #0x00	; 0
   01E0 03                  493 	.db #0x03	; 3
   01E1 03                  494 	.db #0x03	; 3
   01E2 04                  495 	.db #0x04	; 4
   01E3 07                  496 	.db #0x07	; 7
   01E4 08                  497 	.db #0x08	; 8
   01E5 0F                  498 	.db #0x0f	; 15
   01E6 10                  499 	.db #0x10	; 16
   01E7 1F                  500 	.db #0x1f	; 31
   01E8 26                  501 	.db #0x26	; 38
   01E9 3F                  502 	.db #0x3f	; 63
   01EA 46                  503 	.db #0x46	; 70	'F'
   01EB 7F                  504 	.db #0x7f	; 127
   01EC 40                  505 	.db #0x40	; 64
   01ED 7F                  506 	.db #0x7f	; 127
   01EE 41                  507 	.db #0x41	; 65	'A'
   01EF 7E                  508 	.db #0x7e	; 126
   01F0 00                  509 	.db #0x00	; 0
   01F1 00                  510 	.db #0x00	; 0
   01F2 00                  511 	.db #0x00	; 0
   01F3 00                  512 	.db #0x00	; 0
   01F4 00                  513 	.db #0x00	; 0
   01F5 00                  514 	.db #0x00	; 0
   01F6 00                  515 	.db #0x00	; 0
   01F7 00                  516 	.db #0x00	; 0
   01F8 00                  517 	.db #0x00	; 0
   01F9 00                  518 	.db #0x00	; 0
   01FA 00                  519 	.db #0x00	; 0
   01FB 00                  520 	.db #0x00	; 0
   01FC 00                  521 	.db #0x00	; 0
   01FD 00                  522 	.db #0x00	; 0
   01FE 00                  523 	.db #0x00	; 0
   01FF 00                  524 	.db #0x00	; 0
   0200 F0                  525 	.db #0xf0	; 240
   0201 F0                  526 	.db #0xf0	; 240
   0202 38                  527 	.db #0x38	; 56	'8'
   0203 C8                  528 	.db #0xc8	; 200
   0204 3C                  529 	.db #0x3c	; 60
   0205 C4                  530 	.db #0xc4	; 196
   0206 7A                  531 	.db #0x7a	; 122	'z'
   0207 86                  532 	.db #0x86	; 134
   0208 71                  533 	.db #0x71	; 113	'q'
   0209 8F                  534 	.db #0x8f	; 143
   020A F0                  535 	.db #0xf0	; 240
   020B 0F                  536 	.db #0x0f	; 15
   020C E0                  537 	.db #0xe0	; 224
   020D 1F                  538 	.db #0x1f	; 31
   020E E1                  539 	.db #0xe1	; 225
   020F 1E                  540 	.db #0x1e	; 30
   0210 00                  541 	.db #0x00	; 0
   0211 00                  542 	.db #0x00	; 0
   0212 00                  543 	.db #0x00	; 0
   0213 00                  544 	.db #0x00	; 0
   0214 00                  545 	.db #0x00	; 0
   0215 00                  546 	.db #0x00	; 0
   0216 00                  547 	.db #0x00	; 0
   0217 00                  548 	.db #0x00	; 0
   0218 00                  549 	.db #0x00	; 0
   0219 00                  550 	.db #0x00	; 0
   021A 00                  551 	.db #0x00	; 0
   021B 00                  552 	.db #0x00	; 0
   021C 00                  553 	.db #0x00	; 0
   021D 00                  554 	.db #0x00	; 0
   021E 00                  555 	.db #0x00	; 0
   021F 00                  556 	.db #0x00	; 0
   0220 00                  557 	.db #0x00	; 0
   0221 00                  558 	.db #0x00	; 0
   0222 00                  559 	.db #0x00	; 0
   0223 00                  560 	.db #0x00	; 0
   0224 00                  561 	.db #0x00	; 0
   0225 00                  562 	.db #0x00	; 0
   0226 3C                  563 	.db #0x3c	; 60
   0227 3C                  564 	.db #0x3c	; 60
   0228 C2                  565 	.db #0xc2	; 194
   0229 FE                  566 	.db #0xfe	; 254
   022A C2                  567 	.db #0xc2	; 194
   022B 3E                  568 	.db #0x3e	; 62
   022C C1                  569 	.db #0xc1	; 193
   022D 3F                  570 	.db #0x3f	; 63
   022E C1                  571 	.db #0xc1	; 193
   022F 3F                  572 	.db #0x3f	; 63
   0230 41                  573 	.db #0x41	; 65	'A'
   0231 7E                  574 	.db #0x7e	; 126
   0232 43                  575 	.db #0x43	; 67	'C'
   0233 7C                  576 	.db #0x7c	; 124
   0234 43                  577 	.db #0x43	; 67	'C'
   0235 7C                  578 	.db #0x7c	; 124
   0236 27                  579 	.db #0x27	; 39
   0237 38                  580 	.db #0x38	; 56	'8'
   0238 17                  581 	.db #0x17	; 23
   0239 18                  582 	.db #0x18	; 24
   023A 0F                  583 	.db #0x0f	; 15
   023B 08                  584 	.db #0x08	; 8
   023C 06                  585 	.db #0x06	; 6
   023D 05                  586 	.db #0x05	; 5
   023E 03                  587 	.db #0x03	; 3
   023F 03                  588 	.db #0x03	; 3
   0240 00                  589 	.db #0x00	; 0
   0241 00                  590 	.db #0x00	; 0
   0242 00                  591 	.db #0x00	; 0
   0243 00                  592 	.db #0x00	; 0
   0244 00                  593 	.db #0x00	; 0
   0245 00                  594 	.db #0x00	; 0
   0246 00                  595 	.db #0x00	; 0
   0247 00                  596 	.db #0x00	; 0
   0248 00                  597 	.db #0x00	; 0
   0249 00                  598 	.db #0x00	; 0
   024A 00                  599 	.db #0x00	; 0
   024B 00                  600 	.db #0x00	; 0
   024C 00                  601 	.db #0x00	; 0
   024D 00                  602 	.db #0x00	; 0
   024E 00                  603 	.db #0x00	; 0
   024F 00                  604 	.db #0x00	; 0
   0250 C1                  605 	.db #0xc1	; 193
   0251 3E                  606 	.db #0x3e	; 62
   0252 C3                  607 	.db #0xc3	; 195
   0253 3C                  608 	.db #0x3c	; 60
   0254 83                  609 	.db #0x83	; 131
   0255 7C                  610 	.db #0x7c	; 124
   0256 87                  611 	.db #0x87	; 135
   0257 79                  612 	.db #0x79	; 121	'y'
   0258 06                  613 	.db #0x06	; 6
   0259 FA                  614 	.db #0xfa	; 250
   025A 04                  615 	.db #0x04	; 4
   025B FC                  616 	.db #0xfc	; 252
   025C 08                  617 	.db #0x08	; 8
   025D F8                  618 	.db #0xf8	; 248
   025E F0                  619 	.db #0xf0	; 240
   025F F0                  620 	.db #0xf0	; 240
   0260 00                  621 	.db #0x00	; 0
   0261 00                  622 	.db #0x00	; 0
   0262 00                  623 	.db #0x00	; 0
   0263 00                  624 	.db #0x00	; 0
   0264 00                  625 	.db #0x00	; 0
   0265 00                  626 	.db #0x00	; 0
   0266 00                  627 	.db #0x00	; 0
   0267 00                  628 	.db #0x00	; 0
   0268 00                  629 	.db #0x00	; 0
   0269 00                  630 	.db #0x00	; 0
   026A 00                  631 	.db #0x00	; 0
   026B 00                  632 	.db #0x00	; 0
   026C 00                  633 	.db #0x00	; 0
   026D 00                  634 	.db #0x00	; 0
   026E 00                  635 	.db #0x00	; 0
   026F 00                  636 	.db #0x00	; 0
   0270 81                  637 	.db #0x81	; 129
   0271 7F                  638 	.db #0x7f	; 127
   0272 81                  639 	.db #0x81	; 129
   0273 7F                  640 	.db #0x7f	; 127
   0274 02                  641 	.db #0x02	; 2
   0275 FE                  642 	.db #0xfe	; 254
   0276 C2                  643 	.db #0xc2	; 194
   0277 FE                  644 	.db #0xfe	; 254
   0278 3C                  645 	.db #0x3c	; 60
   0279 3C                  646 	.db #0x3c	; 60
   027A 00                  647 	.db #0x00	; 0
   027B 00                  648 	.db #0x00	; 0
   027C 00                  649 	.db #0x00	; 0
   027D 00                  650 	.db #0x00	; 0
   027E 00                  651 	.db #0x00	; 0
   027F 00                  652 	.db #0x00	; 0
   0280 00                  653 	.db #0x00	; 0
   0281 00                  654 	.db #0x00	; 0
   0282 00                  655 	.db #0x00	; 0
   0283 00                  656 	.db #0x00	; 0
   0284 00                  657 	.db #0x00	; 0
   0285 00                  658 	.db #0x00	; 0
   0286 00                  659 	.db #0x00	; 0
   0287 00                  660 	.db #0x00	; 0
   0288 00                  661 	.db #0x00	; 0
   0289 00                  662 	.db #0x00	; 0
   028A 00                  663 	.db #0x00	; 0
   028B 00                  664 	.db #0x00	; 0
   028C 00                  665 	.db #0x00	; 0
   028D 00                  666 	.db #0x00	; 0
   028E 00                  667 	.db #0x00	; 0
   028F 00                  668 	.db #0x00	; 0
   0290 00                  669 	.db #0x00	; 0
   0291 00                  670 	.db #0x00	; 0
   0292 00                  671 	.db #0x00	; 0
   0293 00                  672 	.db #0x00	; 0
   0294 00                  673 	.db #0x00	; 0
   0295 00                  674 	.db #0x00	; 0
   0296 00                  675 	.db #0x00	; 0
   0297 00                  676 	.db #0x00	; 0
   0298 00                  677 	.db #0x00	; 0
   0299 00                  678 	.db #0x00	; 0
   029A 00                  679 	.db #0x00	; 0
   029B 00                  680 	.db #0x00	; 0
   029C 00                  681 	.db #0x00	; 0
   029D 00                  682 	.db #0x00	; 0
   029E 00                  683 	.db #0x00	; 0
   029F 00                  684 	.db #0x00	; 0
   02A0 00                  685 	.db #0x00	; 0
   02A1 00                  686 	.db #0x00	; 0
   02A2 00                  687 	.db #0x00	; 0
   02A3 00                  688 	.db #0x00	; 0
   02A4 00                  689 	.db #0x00	; 0
   02A5 00                  690 	.db #0x00	; 0
   02A6 00                  691 	.db #0x00	; 0
   02A7 00                  692 	.db #0x00	; 0
   02A8 00                  693 	.db #0x00	; 0
   02A9 00                  694 	.db #0x00	; 0
   02AA 00                  695 	.db #0x00	; 0
   02AB 00                  696 	.db #0x00	; 0
   02AC 00                  697 	.db #0x00	; 0
   02AD 00                  698 	.db #0x00	; 0
   02AE 00                  699 	.db #0x00	; 0
   02AF 00                  700 	.db #0x00	; 0
   02B0 00                  701 	.db #0x00	; 0
   02B1 00                  702 	.db #0x00	; 0
   02B2 00                  703 	.db #0x00	; 0
   02B3 00                  704 	.db #0x00	; 0
   02B4 00                  705 	.db #0x00	; 0
   02B5 00                  706 	.db #0x00	; 0
   02B6 00                  707 	.db #0x00	; 0
   02B7 00                  708 	.db #0x00	; 0
   02B8 00                  709 	.db #0x00	; 0
   02B9 00                  710 	.db #0x00	; 0
   02BA 00                  711 	.db #0x00	; 0
   02BB 00                  712 	.db #0x00	; 0
   02BC 00                  713 	.db #0x00	; 0
   02BD 00                  714 	.db #0x00	; 0
   02BE 00                  715 	.db #0x00	; 0
   02BF 00                  716 	.db #0x00	; 0
   02C0 00                  717 	.db #0x00	; 0
   02C1 00                  718 	.db #0x00	; 0
   02C2 00                  719 	.db #0x00	; 0
   02C3 00                  720 	.db #0x00	; 0
   02C4 00                  721 	.db #0x00	; 0
   02C5 00                  722 	.db #0x00	; 0
   02C6 00                  723 	.db #0x00	; 0
   02C7 00                  724 	.db #0x00	; 0
   02C8 00                  725 	.db #0x00	; 0
   02C9 00                  726 	.db #0x00	; 0
   02CA 00                  727 	.db #0x00	; 0
   02CB 00                  728 	.db #0x00	; 0
   02CC 00                  729 	.db #0x00	; 0
   02CD 00                  730 	.db #0x00	; 0
   02CE 00                  731 	.db #0x00	; 0
   02CF 00                  732 	.db #0x00	; 0
   02D0 00                  733 	.db #0x00	; 0
   02D1 00                  734 	.db #0x00	; 0
   02D2 00                  735 	.db #0x00	; 0
   02D3 00                  736 	.db #0x00	; 0
   02D4 00                  737 	.db #0x00	; 0
   02D5 00                  738 	.db #0x00	; 0
   02D6 00                  739 	.db #0x00	; 0
   02D7 00                  740 	.db #0x00	; 0
   02D8 00                  741 	.db #0x00	; 0
   02D9 00                  742 	.db #0x00	; 0
   02DA 00                  743 	.db #0x00	; 0
   02DB 00                  744 	.db #0x00	; 0
   02DC 00                  745 	.db #0x00	; 0
   02DD 00                  746 	.db #0x00	; 0
   02DE 00                  747 	.db #0x00	; 0
   02DF 00                  748 	.db #0x00	; 0
   02E0 00                  749 	.db #0x00	; 0
   02E1 00                  750 	.db #0x00	; 0
   02E2 00                  751 	.db #0x00	; 0
   02E3 00                  752 	.db #0x00	; 0
   02E4 00                  753 	.db #0x00	; 0
   02E5 00                  754 	.db #0x00	; 0
   02E6 00                  755 	.db #0x00	; 0
   02E7 00                  756 	.db #0x00	; 0
   02E8 00                  757 	.db #0x00	; 0
   02E9 00                  758 	.db #0x00	; 0
   02EA 00                  759 	.db #0x00	; 0
   02EB 00                  760 	.db #0x00	; 0
   02EC 00                  761 	.db #0x00	; 0
   02ED 00                  762 	.db #0x00	; 0
   02EE 00                  763 	.db #0x00	; 0
   02EF 00                  764 	.db #0x00	; 0
                            765 	.area _CABS (ABS)
