                              1 ;--------------------------------------------------------
                              2 ; File Created by SDCC : free open source ANSI-C Compiler
                              3 ; Version 4.0.0 #11528 (MINGW32)
                              4 ;--------------------------------------------------------
                              5 	.module C__Users_Mills_AppData_Local_Temp_lcc1601
                              6 	.optsdcc -mgbz80
                              7 	
                              8 ;--------------------------------------------------------
                              9 ; Public variables in this module
                             10 ;--------------------------------------------------------
                             11 	.globl _Sea_MapPLN1
                             12 	.globl _Sea_MapPLN0
                             13 ;--------------------------------------------------------
                             14 ; special function registers
                             15 ;--------------------------------------------------------
                             16 ;--------------------------------------------------------
                             17 ; ram data
                             18 ;--------------------------------------------------------
                             19 	.area _DATA
                             20 ;--------------------------------------------------------
                             21 ; absolute external ram data
                             22 ;--------------------------------------------------------
                             23 	.area _DABS (ABS)
                             24 ;--------------------------------------------------------
                             25 ; global & static initialisations
                             26 ;--------------------------------------------------------
                             27 	.area _HOME
                             28 	.area _GSINIT
                             29 	.area _GSFINAL
                             30 	.area _GSINIT
                             31 ;--------------------------------------------------------
                             32 ; Home
                             33 ;--------------------------------------------------------
                             34 	.area _HOME
                             35 	.area _HOME
                             36 ;--------------------------------------------------------
                             37 ; code
                             38 ;--------------------------------------------------------
                             39 	.area _CODE_2
                             40 	.area _CODE_2
   0000                      41 _Sea_MapPLN0:
   0000 00                   42 	.db #0x00	; 0
   0001 00                   43 	.db #0x00	; 0
   0002 00                   44 	.db #0x00	; 0
   0003 00                   45 	.db #0x00	; 0
   0004 00                   46 	.db #0x00	; 0
   0005 00                   47 	.db #0x00	; 0
   0006 00                   48 	.db #0x00	; 0
   0007 00                   49 	.db #0x00	; 0
   0008 00                   50 	.db #0x00	; 0
   0009 00                   51 	.db #0x00	; 0
   000A 00                   52 	.db #0x00	; 0
   000B 00                   53 	.db #0x00	; 0
   000C 00                   54 	.db #0x00	; 0
   000D 00                   55 	.db #0x00	; 0
   000E 00                   56 	.db #0x00	; 0
   000F 00                   57 	.db #0x00	; 0
   0010 00                   58 	.db #0x00	; 0
   0011 00                   59 	.db #0x00	; 0
   0012 00                   60 	.db #0x00	; 0
   0013 00                   61 	.db #0x00	; 0
   0014 00                   62 	.db #0x00	; 0
   0015 00                   63 	.db #0x00	; 0
   0016 00                   64 	.db #0x00	; 0
   0017 00                   65 	.db #0x00	; 0
   0018 00                   66 	.db #0x00	; 0
   0019 00                   67 	.db #0x00	; 0
   001A 00                   68 	.db #0x00	; 0
   001B 00                   69 	.db #0x00	; 0
   001C 00                   70 	.db #0x00	; 0
   001D 00                   71 	.db #0x00	; 0
   001E 00                   72 	.db #0x00	; 0
   001F 00                   73 	.db #0x00	; 0
   0020 00                   74 	.db #0x00	; 0
   0021 00                   75 	.db #0x00	; 0
   0022 00                   76 	.db #0x00	; 0
   0023 00                   77 	.db #0x00	; 0
   0024 00                   78 	.db #0x00	; 0
   0025 00                   79 	.db #0x00	; 0
   0026 00                   80 	.db #0x00	; 0
   0027 00                   81 	.db #0x00	; 0
   0028 00                   82 	.db #0x00	; 0
   0029 00                   83 	.db #0x00	; 0
   002A 00                   84 	.db #0x00	; 0
   002B 00                   85 	.db #0x00	; 0
   002C 00                   86 	.db #0x00	; 0
   002D 00                   87 	.db #0x00	; 0
   002E 00                   88 	.db #0x00	; 0
   002F 00                   89 	.db #0x00	; 0
   0030 00                   90 	.db #0x00	; 0
   0031 00                   91 	.db #0x00	; 0
   0032 00                   92 	.db #0x00	; 0
   0033 00                   93 	.db #0x00	; 0
   0034 00                   94 	.db #0x00	; 0
   0035 00                   95 	.db #0x00	; 0
   0036 00                   96 	.db #0x00	; 0
   0037 00                   97 	.db #0x00	; 0
   0038 00                   98 	.db #0x00	; 0
   0039 00                   99 	.db #0x00	; 0
   003A 00                  100 	.db #0x00	; 0
   003B 00                  101 	.db #0x00	; 0
   003C 00                  102 	.db #0x00	; 0
   003D 00                  103 	.db #0x00	; 0
   003E 00                  104 	.db #0x00	; 0
   003F 00                  105 	.db #0x00	; 0
   0040 00                  106 	.db #0x00	; 0
   0041 00                  107 	.db #0x00	; 0
   0042 00                  108 	.db #0x00	; 0
   0043 00                  109 	.db #0x00	; 0
   0044 00                  110 	.db #0x00	; 0
   0045 00                  111 	.db #0x00	; 0
   0046 00                  112 	.db #0x00	; 0
   0047 00                  113 	.db #0x00	; 0
   0048 00                  114 	.db #0x00	; 0
   0049 00                  115 	.db #0x00	; 0
   004A 00                  116 	.db #0x00	; 0
   004B 00                  117 	.db #0x00	; 0
   004C 00                  118 	.db #0x00	; 0
   004D 00                  119 	.db #0x00	; 0
   004E 00                  120 	.db #0x00	; 0
   004F 00                  121 	.db #0x00	; 0
   0050 00                  122 	.db #0x00	; 0
   0051 00                  123 	.db #0x00	; 0
   0052 00                  124 	.db #0x00	; 0
   0053 00                  125 	.db #0x00	; 0
   0054 00                  126 	.db #0x00	; 0
   0055 00                  127 	.db #0x00	; 0
   0056 00                  128 	.db #0x00	; 0
   0057 00                  129 	.db #0x00	; 0
   0058 00                  130 	.db #0x00	; 0
   0059 00                  131 	.db #0x00	; 0
   005A 00                  132 	.db #0x00	; 0
   005B 00                  133 	.db #0x00	; 0
   005C 00                  134 	.db #0x00	; 0
   005D 00                  135 	.db #0x00	; 0
   005E 00                  136 	.db #0x00	; 0
   005F 00                  137 	.db #0x00	; 0
   0060 00                  138 	.db #0x00	; 0
   0061 00                  139 	.db #0x00	; 0
   0062 00                  140 	.db #0x00	; 0
   0063 00                  141 	.db #0x00	; 0
   0064 00                  142 	.db #0x00	; 0
   0065 00                  143 	.db #0x00	; 0
   0066 00                  144 	.db #0x00	; 0
   0067 00                  145 	.db #0x00	; 0
   0068 00                  146 	.db #0x00	; 0
   0069 00                  147 	.db #0x00	; 0
   006A 00                  148 	.db #0x00	; 0
   006B 00                  149 	.db #0x00	; 0
   006C 00                  150 	.db #0x00	; 0
   006D 00                  151 	.db #0x00	; 0
   006E 00                  152 	.db #0x00	; 0
   006F 00                  153 	.db #0x00	; 0
   0070 00                  154 	.db #0x00	; 0
   0071 00                  155 	.db #0x00	; 0
   0072 00                  156 	.db #0x00	; 0
   0073 00                  157 	.db #0x00	; 0
   0074 00                  158 	.db #0x00	; 0
   0075 00                  159 	.db #0x00	; 0
   0076 00                  160 	.db #0x00	; 0
   0077 00                  161 	.db #0x00	; 0
   0078 00                  162 	.db #0x00	; 0
   0079 00                  163 	.db #0x00	; 0
   007A 00                  164 	.db #0x00	; 0
   007B 00                  165 	.db #0x00	; 0
   007C 00                  166 	.db #0x00	; 0
   007D 00                  167 	.db #0x00	; 0
   007E 00                  168 	.db #0x00	; 0
   007F 00                  169 	.db #0x00	; 0
   0080 00                  170 	.db #0x00	; 0
   0081 00                  171 	.db #0x00	; 0
   0082 00                  172 	.db #0x00	; 0
   0083 00                  173 	.db #0x00	; 0
   0084 00                  174 	.db #0x00	; 0
   0085 00                  175 	.db #0x00	; 0
   0086 05                  176 	.db #0x05	; 5
   0087 07                  177 	.db #0x07	; 7
   0088 00                  178 	.db #0x00	; 0
   0089 00                  179 	.db #0x00	; 0
   008A 00                  180 	.db #0x00	; 0
   008B 00                  181 	.db #0x00	; 0
   008C 00                  182 	.db #0x00	; 0
   008D 00                  183 	.db #0x00	; 0
   008E 00                  184 	.db #0x00	; 0
   008F 00                  185 	.db #0x00	; 0
   0090 00                  186 	.db #0x00	; 0
   0091 00                  187 	.db #0x00	; 0
   0092 00                  188 	.db #0x00	; 0
   0093 00                  189 	.db #0x00	; 0
   0094 00                  190 	.db #0x00	; 0
   0095 00                  191 	.db #0x00	; 0
   0096 00                  192 	.db #0x00	; 0
   0097 00                  193 	.db #0x00	; 0
   0098 00                  194 	.db #0x00	; 0
   0099 00                  195 	.db #0x00	; 0
   009A 00                  196 	.db #0x00	; 0
   009B 00                  197 	.db #0x00	; 0
   009C 00                  198 	.db #0x00	; 0
   009D 00                  199 	.db #0x00	; 0
   009E 00                  200 	.db #0x00	; 0
   009F 00                  201 	.db #0x00	; 0
   00A0 00                  202 	.db #0x00	; 0
   00A1 00                  203 	.db #0x00	; 0
   00A2 00                  204 	.db #0x00	; 0
   00A3 05                  205 	.db #0x05	; 5
   00A4 07                  206 	.db #0x07	; 7
   00A5 00                  207 	.db #0x00	; 0
   00A6 0B                  208 	.db #0x0b	; 11
   00A7 0C                  209 	.db #0x0c	; 12
   00A8 00                  210 	.db #0x00	; 0
   00A9 00                  211 	.db #0x00	; 0
   00AA 00                  212 	.db #0x00	; 0
   00AB 00                  213 	.db #0x00	; 0
   00AC 00                  214 	.db #0x00	; 0
   00AD 00                  215 	.db #0x00	; 0
   00AE 00                  216 	.db #0x00	; 0
   00AF 00                  217 	.db #0x00	; 0
   00B0 00                  218 	.db #0x00	; 0
   00B1 00                  219 	.db #0x00	; 0
   00B2 00                  220 	.db #0x00	; 0
   00B3 00                  221 	.db #0x00	; 0
   00B4 00                  222 	.db #0x00	; 0
   00B5 00                  223 	.db #0x00	; 0
   00B6 00                  224 	.db #0x00	; 0
   00B7 00                  225 	.db #0x00	; 0
   00B8 12                  226 	.db #0x12	; 18
   00B9 06                  227 	.db #0x06	; 6
   00BA 08                  228 	.db #0x08	; 8
   00BB 07                  229 	.db #0x07	; 7
   00BC 00                  230 	.db #0x00	; 0
   00BD 00                  231 	.db #0x00	; 0
   00BE 00                  232 	.db #0x00	; 0
   00BF 00                  233 	.db #0x00	; 0
   00C0 00                  234 	.db #0x00	; 0
   00C1 00                  235 	.db #0x00	; 0
   00C2 00                  236 	.db #0x00	; 0
   00C3 0B                  237 	.db #0x0b	; 11
   00C4 0C                  238 	.db #0x0c	; 12
   00C5 00                  239 	.db #0x00	; 0
   00C6 0F                  240 	.db #0x0f	; 15
   00C7 0C                  241 	.db #0x0c	; 12
   00C8 00                  242 	.db #0x00	; 0
   00C9 00                  243 	.db #0x00	; 0
   00CA 00                  244 	.db #0x00	; 0
   00CB 00                  245 	.db #0x00	; 0
   00CC 00                  246 	.db #0x00	; 0
   00CD 00                  247 	.db #0x00	; 0
   00CE 00                  248 	.db #0x00	; 0
   00CF 00                  249 	.db #0x00	; 0
   00D0 00                  250 	.db #0x00	; 0
   00D1 00                  251 	.db #0x00	; 0
   00D2 00                  252 	.db #0x00	; 0
   00D3 05                  253 	.db #0x05	; 5
   00D4 04                  254 	.db #0x04	; 4
   00D5 08                  255 	.db #0x08	; 8
   00D6 07                  256 	.db #0x07	; 7
   00D7 00                  257 	.db #0x00	; 0
   00D8 0B                  258 	.db #0x0b	; 11
   00D9 19                  259 	.db #0x19	; 25
   00DA 18                  260 	.db #0x18	; 24
   00DB 18                  261 	.db #0x18	; 24
   00DC 01                  262 	.db #0x01	; 1
   00DD 00                  263 	.db #0x00	; 0
   00DE 00                  264 	.db #0x00	; 0
   00DF 00                  265 	.db #0x00	; 0
   00E0 00                  266 	.db #0x00	; 0
   00E1 05                  267 	.db #0x05	; 5
   00E2 07                  268 	.db #0x07	; 7
   00E3 11                  269 	.db #0x11	; 17
   00E4 19                  270 	.db #0x19	; 25
   00E5 02                  271 	.db #0x02	; 2
   00E6 10                  272 	.db #0x10	; 16
   00E7 19                  273 	.db #0x19	; 25
   00E8 01                  274 	.db #0x01	; 1
   00E9 00                  275 	.db #0x00	; 0
   00EA 00                  276 	.db #0x00	; 0
   00EB 00                  277 	.db #0x00	; 0
   00EC 00                  278 	.db #0x00	; 0
   00ED 00                  279 	.db #0x00	; 0
   00EE 00                  280 	.db #0x00	; 0
   00EF 00                  281 	.db #0x00	; 0
   00F0 00                  282 	.db #0x00	; 0
   00F1 00                  283 	.db #0x00	; 0
   00F2 00                  284 	.db #0x00	; 0
   00F3 0B                  285 	.db #0x0b	; 11
   00F4 19                  286 	.db #0x19	; 25
   00F5 18                  287 	.db #0x18	; 24
   00F6 18                  288 	.db #0x18	; 24
   00F7 01                  289 	.db #0x01	; 1
   00F8 11                  290 	.db #0x11	; 17
   00F9 17                  291 	.db #0x17	; 23
   00FA 19                  292 	.db #0x19	; 25
   00FB 18                  293 	.db #0x18	; 24
   00FC 0C                  294 	.db #0x0c	; 12
   00FD 04                  295 	.db #0x04	; 4
   00FE 01                  296 	.db #0x01	; 1
   00FF 00                  297 	.db #0x00	; 0
   0100 00                  298 	.db #0x00	; 0
   0101 0B                  299 	.db #0x0b	; 11
   0102 18                  300 	.db #0x18	; 24
   0103 02                  301 	.db #0x02	; 2
   0104 0F                  302 	.db #0x0f	; 15
   0105 03                  303 	.db #0x03	; 3
   0106 00                  304 	.db #0x00	; 0
   0107 11                  305 	.db #0x11	; 17
   0108 19                  306 	.db #0x19	; 25
   0109 02                  307 	.db #0x02	; 2
   010A 00                  308 	.db #0x00	; 0
   010B 00                  309 	.db #0x00	; 0
   010C 00                  310 	.db #0x00	; 0
   010D 00                  311 	.db #0x00	; 0
   010E 00                  312 	.db #0x00	; 0
   010F 00                  313 	.db #0x00	; 0
   0110 00                  314 	.db #0x00	; 0
   0111 00                  315 	.db #0x00	; 0
   0112 00                  316 	.db #0x00	; 0
   0113 11                  317 	.db #0x11	; 17
   0114 17                  318 	.db #0x17	; 23
   0115 19                  319 	.db #0x19	; 25
   0116 18                  320 	.db #0x18	; 24
   0117 18                  321 	.db #0x18	; 24
   0118 0E                  322 	.db #0x0e	; 14
   0119 11                  323 	.db #0x11	; 17
   011A 17                  324 	.db #0x17	; 23
   011B 19                  325 	.db #0x19	; 25
   011C 0C                  326 	.db #0x0c	; 12
   011D 19                  327 	.db #0x19	; 25
   011E 0C                  328 	.db #0x0c	; 12
   011F 00                  329 	.db #0x00	; 0
   0120 00                  330 	.db #0x00	; 0
   0121 11                  331 	.db #0x11	; 17
   0122 19                  332 	.db #0x19	; 25
   0123 03                  333 	.db #0x03	; 3
   0124 10                  334 	.db #0x10	; 16
   0125 19                  335 	.db #0x19	; 25
   0126 08                  336 	.db #0x08	; 8
   0127 07                  337 	.db #0x07	; 7
   0128 11                  338 	.db #0x11	; 17
   0129 1D                  339 	.db #0x1d	; 29
   012A 00                  340 	.db #0x00	; 0
   012B 00                  341 	.db #0x00	; 0
   012C 00                  342 	.db #0x00	; 0
   012D 00                  343 	.db #0x00	; 0
   012E 00                  344 	.db #0x00	; 0
   012F 00                  345 	.db #0x00	; 0
   0130 00                  346 	.db #0x00	; 0
   0131 12                  347 	.db #0x12	; 18
   0132 01                  348 	.db #0x01	; 1
   0133 00                  349 	.db #0x00	; 0
   0134 15                  350 	.db #0x15	; 21
   0135 14                  351 	.db #0x14	; 20
   0136 19                  352 	.db #0x19	; 25
   0137 18                  353 	.db #0x18	; 24
   0138 0D                  354 	.db #0x0d	; 13
   0139 00                  355 	.db #0x00	; 0
   013A 0F                  356 	.db #0x0f	; 15
   013B 17                  357 	.db #0x17	; 23
   013C 0C                  358 	.db #0x0c	; 12
   013D 19                  359 	.db #0x19	; 25
   013E 0C                  360 	.db #0x0c	; 12
   013F 00                  361 	.db #0x00	; 0
   0140 00                  362 	.db #0x00	; 0
   0141 00                  363 	.db #0x00	; 0
   0142 11                  364 	.db #0x11	; 17
   0143 19                  365 	.db #0x19	; 25
   0144 01                  366 	.db #0x01	; 1
   0145 15                  367 	.db #0x15	; 21
   0146 1B                  368 	.db #0x1b	; 27
   0147 1C                  369 	.db #0x1c	; 28
   0148 02                  370 	.db #0x02	; 2
   0149 1E                  371 	.db #0x1e	; 30
   014A 01                  372 	.db #0x01	; 1
   014B 00                  373 	.db #0x00	; 0
   014C 00                  374 	.db #0x00	; 0
   014D 00                  375 	.db #0x00	; 0
   014E 00                  376 	.db #0x00	; 0
   014F 00                  377 	.db #0x00	; 0
   0150 00                  378 	.db #0x00	; 0
   0151 0F                  379 	.db #0x0f	; 15
   0152 18                  380 	.db #0x18	; 24
   0153 01                  381 	.db #0x01	; 1
   0154 00                  382 	.db #0x00	; 0
   0155 00                  383 	.db #0x00	; 0
   0156 15                  384 	.db #0x15	; 21
   0157 1B                  385 	.db #0x1b	; 27
   0158 18                  386 	.db #0x18	; 24
   0159 0E                  387 	.db #0x0e	; 14
   015A 10                  388 	.db #0x10	; 16
   015B 17                  389 	.db #0x17	; 23
   015C 0D                  390 	.db #0x0d	; 13
   015D 11                  391 	.db #0x11	; 17
   015E 0C                  392 	.db #0x0c	; 12
   015F 00                  393 	.db #0x00	; 0
   0160 00                  394 	.db #0x00	; 0
   0161 00                  395 	.db #0x00	; 0
   0162 00                  396 	.db #0x00	; 0
   0163 0F                  397 	.db #0x0f	; 15
   0164 18                  398 	.db #0x18	; 24
   0165 02                  399 	.db #0x02	; 2
   0166 00                  400 	.db #0x00	; 0
   0167 1E                  401 	.db #0x1e	; 30
   0168 03                  402 	.db #0x03	; 3
   0169 10                  403 	.db #0x10	; 16
   016A 19                  404 	.db #0x19	; 25
   016B 01                  405 	.db #0x01	; 1
   016C 00                  406 	.db #0x00	; 0
   016D 00                  407 	.db #0x00	; 0
   016E 00                  408 	.db #0x00	; 0
   016F 00                  409 	.db #0x00	; 0
   0170 00                  410 	.db #0x00	; 0
   0171 10                  411 	.db #0x10	; 16
   0172 19                  412 	.db #0x19	; 25
   0173 18                  413 	.db #0x18	; 24
   0174 01                  414 	.db #0x01	; 1
   0175 00                  415 	.db #0x00	; 0
   0176 00                  416 	.db #0x00	; 0
   0177 12                  417 	.db #0x12	; 18
   0178 18                  418 	.db #0x18	; 24
   0179 0E                  419 	.db #0x0e	; 14
   017A 12                  420 	.db #0x12	; 18
   017B 19                  421 	.db #0x19	; 25
   017C 0E                  422 	.db #0x0e	; 14
   017D 12                  423 	.db #0x12	; 18
   017E 0D                  424 	.db #0x0d	; 13
   017F 00                  425 	.db #0x00	; 0
   0180 00                  426 	.db #0x00	; 0
   0181 00                  427 	.db #0x00	; 0
   0182 00                  428 	.db #0x00	; 0
   0183 10                  429 	.db #0x10	; 16
   0184 19                  430 	.db #0x19	; 25
   0185 03                  431 	.db #0x03	; 3
   0186 00                  432 	.db #0x00	; 0
   0187 10                  433 	.db #0x10	; 16
   0188 0C                  434 	.db #0x0c	; 12
   0189 00                  435 	.db #0x00	; 0
   018A 0B                  436 	.db #0x0b	; 11
   018B 0C                  437 	.db #0x0c	; 12
   018C 00                  438 	.db #0x00	; 0
   018D 00                  439 	.db #0x00	; 0
   018E 00                  440 	.db #0x00	; 0
   018F 00                  441 	.db #0x00	; 0
   0190 00                  442 	.db #0x00	; 0
   0191 00                  443 	.db #0x00	; 0
   0192 11                  444 	.db #0x11	; 17
   0193 19                  445 	.db #0x19	; 25
   0194 18                  446 	.db #0x18	; 24
   0195 01                  447 	.db #0x01	; 1
   0196 12                  448 	.db #0x12	; 18
   0197 19                  449 	.db #0x19	; 25
   0198 13                  450 	.db #0x13	; 19
   0199 12                  451 	.db #0x12	; 18
   019A 19                  452 	.db #0x19	; 25
   019B 13                  453 	.db #0x13	; 19
   019C 12                  454 	.db #0x12	; 18
   019D 19                  455 	.db #0x19	; 25
   019E 0E                  456 	.db #0x0e	; 14
   019F 00                  457 	.db #0x00	; 0
   01A0 00                  458 	.db #0x00	; 0
   01A1 00                  459 	.db #0x00	; 0
   01A2 05                  460 	.db #0x05	; 5
   01A3 07                  461 	.db #0x07	; 7
   01A4 15                  462 	.db #0x15	; 21
   01A5 1B                  463 	.db #0x1b	; 27
   01A6 01                  464 	.db #0x01	; 1
   01A7 12                  465 	.db #0x12	; 18
   01A8 0C                  466 	.db #0x0c	; 12
   01A9 00                  467 	.db #0x00	; 0
   01AA 0F                  468 	.db #0x0f	; 15
   01AB 0C                  469 	.db #0x0c	; 12
   01AC 00                  470 	.db #0x00	; 0
   01AD 00                  471 	.db #0x00	; 0
   01AE 00                  472 	.db #0x00	; 0
   01AF 00                  473 	.db #0x00	; 0
   01B0 00                  474 	.db #0x00	; 0
   01B1 00                  475 	.db #0x00	; 0
   01B2 00                  476 	.db #0x00	; 0
   01B3 15                  477 	.db #0x15	; 21
   01B4 1B                  478 	.db #0x1b	; 27
   01B5 1A                  479 	.db #0x1a	; 26
   01B6 19                  480 	.db #0x19	; 25
   01B7 13                  481 	.db #0x13	; 19
   01B8 12                  482 	.db #0x12	; 18
   01B9 19                  483 	.db #0x19	; 25
   01BA 13                  484 	.db #0x13	; 19
   01BB 12                  485 	.db #0x12	; 18
   01BC 19                  486 	.db #0x19	; 25
   01BD 13                  487 	.db #0x13	; 19
   01BE 00                  488 	.db #0x00	; 0
   01BF 00                  489 	.db #0x00	; 0
   01C0 00                  490 	.db #0x00	; 0
   01C1 00                  491 	.db #0x00	; 0
   01C2 0B                  492 	.db #0x0b	; 11
   01C3 19                  493 	.db #0x19	; 25
   01C4 01                  494 	.db #0x01	; 1
   01C5 00                  495 	.db #0x00	; 0
   01C6 1E                  496 	.db #0x1e	; 30
   01C7 19                  497 	.db #0x19	; 25
   01C8 13                  498 	.db #0x13	; 19
   01C9 00                  499 	.db #0x00	; 0
   01CA 0F                  500 	.db #0x0f	; 15
   01CB 0D                  501 	.db #0x0d	; 13
   01CC 00                  502 	.db #0x00	; 0
   01CD 00                  503 	.db #0x00	; 0
   01CE 00                  504 	.db #0x00	; 0
   01CF 00                  505 	.db #0x00	; 0
   01D0 00                  506 	.db #0x00	; 0
   01D1 00                  507 	.db #0x00	; 0
   01D2 00                  508 	.db #0x00	; 0
   01D3 00                  509 	.db #0x00	; 0
   01D4 12                  510 	.db #0x12	; 18
   01D5 19                  511 	.db #0x19	; 25
   01D6 09                  512 	.db #0x09	; 9
   01D7 1F                  513 	.db #0x1f	; 31
   01D8 19                  514 	.db #0x19	; 25
   01D9 13                  515 	.db #0x13	; 19
   01DA 12                  516 	.db #0x12	; 18
   01DB 19                  517 	.db #0x19	; 25
   01DC 13                  518 	.db #0x13	; 19
   01DD 00                  519 	.db #0x00	; 0
   01DE 00                  520 	.db #0x00	; 0
   01DF 00                  521 	.db #0x00	; 0
   01E0 00                  522 	.db #0x00	; 0
   01E1 00                  523 	.db #0x00	; 0
   01E2 15                  524 	.db #0x15	; 21
   01E3 14                  525 	.db #0x14	; 20
   01E4 19                  526 	.db #0x19	; 25
   01E5 01                  527 	.db #0x01	; 1
   01E6 10                  528 	.db #0x10	; 16
   01E7 19                  529 	.db #0x19	; 25
   01E8 01                  530 	.db #0x01	; 1
   01E9 12                  531 	.db #0x12	; 18
   01EA 19                  532 	.db #0x19	; 25
   01EB 0E                  533 	.db #0x0e	; 14
   01EC 00                  534 	.db #0x00	; 0
   01ED 00                  535 	.db #0x00	; 0
   01EE 00                  536 	.db #0x00	; 0
   01EF 00                  537 	.db #0x00	; 0
   01F0 00                  538 	.db #0x00	; 0
   01F1 00                  539 	.db #0x00	; 0
   01F2 00                  540 	.db #0x00	; 0
   01F3 12                  541 	.db #0x12	; 18
   01F4 19                  542 	.db #0x19	; 25
   01F5 13                  543 	.db #0x13	; 19
   01F6 11                  544 	.db #0x11	; 17
   01F7 0F                  545 	.db #0x0f	; 15
   01F8 0C                  546 	.db #0x0c	; 12
   01F9 00                  547 	.db #0x00	; 0
   01FA 0F                  548 	.db #0x0f	; 15
   01FB 0D                  549 	.db #0x0d	; 13
   01FC 00                  550 	.db #0x00	; 0
   01FD 00                  551 	.db #0x00	; 0
   01FE 00                  552 	.db #0x00	; 0
   01FF 00                  553 	.db #0x00	; 0
   0200 00                  554 	.db #0x00	; 0
   0201 00                  555 	.db #0x00	; 0
   0202 00                  556 	.db #0x00	; 0
   0203 00                  557 	.db #0x00	; 0
   0204 11                  558 	.db #0x11	; 17
   0205 19                  559 	.db #0x19	; 25
   0206 06                  560 	.db #0x06	; 6
   0207 16                  561 	.db #0x16	; 22
   0208 19                  562 	.db #0x19	; 25
   0209 18                  563 	.db #0x18	; 24
   020A 13                  564 	.db #0x13	; 19
   020B 00                  565 	.db #0x00	; 0
   020C 00                  566 	.db #0x00	; 0
   020D 00                  567 	.db #0x00	; 0
   020E 00                  568 	.db #0x00	; 0
   020F 00                  569 	.db #0x00	; 0
   0210 00                  570 	.db #0x00	; 0
   0211 00                  571 	.db #0x00	; 0
   0212 00                  572 	.db #0x00	; 0
   0213 0B                  573 	.db #0x0b	; 11
   0214 0C                  574 	.db #0x0c	; 12
   0215 00                  575 	.db #0x00	; 0
   0216 00                  576 	.db #0x00	; 0
   0217 0B                  577 	.db #0x0b	; 11
   0218 19                  578 	.db #0x19	; 25
   0219 01                  579 	.db #0x01	; 1
   021A 10                  580 	.db #0x10	; 16
   021B 1D                  581 	.db #0x1d	; 29
   021C 00                  582 	.db #0x00	; 0
   021D 00                  583 	.db #0x00	; 0
   021E 00                  584 	.db #0x00	; 0
   021F 00                  585 	.db #0x00	; 0
   0220 00                  586 	.db #0x00	; 0
   0221 00                  587 	.db #0x00	; 0
   0222 00                  588 	.db #0x00	; 0
   0223 00                  589 	.db #0x00	; 0
   0224 00                  590 	.db #0x00	; 0
   0225 15                  591 	.db #0x15	; 21
   0226 07                  592 	.db #0x07	; 7
   0227 00                  593 	.db #0x00	; 0
   0228 0B                  594 	.db #0x0b	; 11
   0229 0C                  595 	.db #0x0c	; 12
   022A 00                  596 	.db #0x00	; 0
   022B 00                  597 	.db #0x00	; 0
   022C 00                  598 	.db #0x00	; 0
   022D 00                  599 	.db #0x00	; 0
   022E 00                  600 	.db #0x00	; 0
   022F 00                  601 	.db #0x00	; 0
   0230 00                  602 	.db #0x00	; 0
   0231 00                  603 	.db #0x00	; 0
   0232 00                  604 	.db #0x00	; 0
   0233 0F                  605 	.db #0x0f	; 15
   0234 0D                  606 	.db #0x0d	; 13
   0235 00                  607 	.db #0x00	; 0
   0236 00                  608 	.db #0x00	; 0
   0237 11                  609 	.db #0x11	; 17
   0238 17                  610 	.db #0x17	; 23
   0239 19                  611 	.db #0x19	; 25
   023A 01                  612 	.db #0x01	; 1
   023B 1E                  613 	.db #0x1e	; 30
   023C 08                  614 	.db #0x08	; 8
   023D 07                  615 	.db #0x07	; 7
   023E 00                  616 	.db #0x00	; 0
   023F 00                  617 	.db #0x00	; 0
   0240                     618 _Sea_MapPLN1:
   0240 00                  619 	.db #0x00	; 0
   0241 00                  620 	.db #0x00	; 0
   0242 00                  621 	.db #0x00	; 0
   0243 00                  622 	.db #0x00	; 0
   0244 00                  623 	.db #0x00	; 0
   0245 00                  624 	.db #0x00	; 0
   0246 00                  625 	.db #0x00	; 0
   0247 00                  626 	.db #0x00	; 0
   0248 00                  627 	.db #0x00	; 0
   0249 00                  628 	.db #0x00	; 0
   024A 00                  629 	.db #0x00	; 0
   024B 00                  630 	.db #0x00	; 0
   024C 00                  631 	.db #0x00	; 0
   024D 00                  632 	.db #0x00	; 0
   024E 00                  633 	.db #0x00	; 0
   024F 00                  634 	.db #0x00	; 0
   0250 00                  635 	.db #0x00	; 0
   0251 00                  636 	.db #0x00	; 0
   0252 00                  637 	.db #0x00	; 0
   0253 00                  638 	.db #0x00	; 0
   0254 00                  639 	.db #0x00	; 0
   0255 00                  640 	.db #0x00	; 0
   0256 00                  641 	.db #0x00	; 0
   0257 00                  642 	.db #0x00	; 0
   0258 00                  643 	.db #0x00	; 0
   0259 00                  644 	.db #0x00	; 0
   025A 00                  645 	.db #0x00	; 0
   025B 00                  646 	.db #0x00	; 0
   025C 00                  647 	.db #0x00	; 0
   025D 00                  648 	.db #0x00	; 0
   025E 00                  649 	.db #0x00	; 0
   025F 00                  650 	.db #0x00	; 0
   0260 00                  651 	.db #0x00	; 0
   0261 00                  652 	.db #0x00	; 0
   0262 00                  653 	.db #0x00	; 0
   0263 00                  654 	.db #0x00	; 0
   0264 00                  655 	.db #0x00	; 0
   0265 00                  656 	.db #0x00	; 0
   0266 00                  657 	.db #0x00	; 0
   0267 00                  658 	.db #0x00	; 0
   0268 00                  659 	.db #0x00	; 0
   0269 00                  660 	.db #0x00	; 0
   026A 00                  661 	.db #0x00	; 0
   026B 00                  662 	.db #0x00	; 0
   026C 00                  663 	.db #0x00	; 0
   026D 00                  664 	.db #0x00	; 0
   026E 00                  665 	.db #0x00	; 0
   026F 00                  666 	.db #0x00	; 0
   0270 00                  667 	.db #0x00	; 0
   0271 00                  668 	.db #0x00	; 0
   0272 00                  669 	.db #0x00	; 0
   0273 00                  670 	.db #0x00	; 0
   0274 00                  671 	.db #0x00	; 0
   0275 00                  672 	.db #0x00	; 0
   0276 00                  673 	.db #0x00	; 0
   0277 00                  674 	.db #0x00	; 0
   0278 00                  675 	.db #0x00	; 0
   0279 00                  676 	.db #0x00	; 0
   027A 00                  677 	.db #0x00	; 0
   027B 00                  678 	.db #0x00	; 0
   027C 00                  679 	.db #0x00	; 0
   027D 00                  680 	.db #0x00	; 0
   027E 00                  681 	.db #0x00	; 0
   027F 00                  682 	.db #0x00	; 0
   0280 00                  683 	.db #0x00	; 0
   0281 00                  684 	.db #0x00	; 0
   0282 00                  685 	.db #0x00	; 0
   0283 00                  686 	.db #0x00	; 0
   0284 00                  687 	.db #0x00	; 0
   0285 00                  688 	.db #0x00	; 0
   0286 00                  689 	.db #0x00	; 0
   0287 00                  690 	.db #0x00	; 0
   0288 00                  691 	.db #0x00	; 0
   0289 00                  692 	.db #0x00	; 0
   028A 00                  693 	.db #0x00	; 0
   028B 00                  694 	.db #0x00	; 0
   028C 00                  695 	.db #0x00	; 0
   028D 00                  696 	.db #0x00	; 0
   028E 00                  697 	.db #0x00	; 0
   028F 00                  698 	.db #0x00	; 0
   0290 00                  699 	.db #0x00	; 0
   0291 00                  700 	.db #0x00	; 0
   0292 00                  701 	.db #0x00	; 0
   0293 00                  702 	.db #0x00	; 0
   0294 00                  703 	.db #0x00	; 0
   0295 00                  704 	.db #0x00	; 0
   0296 00                  705 	.db #0x00	; 0
   0297 00                  706 	.db #0x00	; 0
   0298 00                  707 	.db #0x00	; 0
   0299 00                  708 	.db #0x00	; 0
   029A 00                  709 	.db #0x00	; 0
   029B 00                  710 	.db #0x00	; 0
   029C 00                  711 	.db #0x00	; 0
   029D 00                  712 	.db #0x00	; 0
   029E 00                  713 	.db #0x00	; 0
   029F 00                  714 	.db #0x00	; 0
   02A0 00                  715 	.db #0x00	; 0
   02A1 00                  716 	.db #0x00	; 0
   02A2 00                  717 	.db #0x00	; 0
   02A3 00                  718 	.db #0x00	; 0
   02A4 00                  719 	.db #0x00	; 0
   02A5 00                  720 	.db #0x00	; 0
   02A6 00                  721 	.db #0x00	; 0
   02A7 00                  722 	.db #0x00	; 0
   02A8 00                  723 	.db #0x00	; 0
   02A9 00                  724 	.db #0x00	; 0
   02AA 00                  725 	.db #0x00	; 0
   02AB 00                  726 	.db #0x00	; 0
   02AC 00                  727 	.db #0x00	; 0
   02AD 00                  728 	.db #0x00	; 0
   02AE 00                  729 	.db #0x00	; 0
   02AF 00                  730 	.db #0x00	; 0
   02B0 00                  731 	.db #0x00	; 0
   02B1 00                  732 	.db #0x00	; 0
   02B2 00                  733 	.db #0x00	; 0
   02B3 00                  734 	.db #0x00	; 0
   02B4 00                  735 	.db #0x00	; 0
   02B5 00                  736 	.db #0x00	; 0
   02B6 00                  737 	.db #0x00	; 0
   02B7 00                  738 	.db #0x00	; 0
   02B8 00                  739 	.db #0x00	; 0
   02B9 00                  740 	.db #0x00	; 0
   02BA 00                  741 	.db #0x00	; 0
   02BB 00                  742 	.db #0x00	; 0
   02BC 00                  743 	.db #0x00	; 0
   02BD 00                  744 	.db #0x00	; 0
   02BE 00                  745 	.db #0x00	; 0
   02BF 00                  746 	.db #0x00	; 0
   02C0 00                  747 	.db #0x00	; 0
   02C1 00                  748 	.db #0x00	; 0
   02C2 00                  749 	.db #0x00	; 0
   02C3 00                  750 	.db #0x00	; 0
   02C4 00                  751 	.db #0x00	; 0
   02C5 00                  752 	.db #0x00	; 0
   02C6 00                  753 	.db #0x00	; 0
   02C7 00                  754 	.db #0x00	; 0
   02C8 00                  755 	.db #0x00	; 0
   02C9 00                  756 	.db #0x00	; 0
   02CA 00                  757 	.db #0x00	; 0
   02CB 00                  758 	.db #0x00	; 0
   02CC 00                  759 	.db #0x00	; 0
   02CD 00                  760 	.db #0x00	; 0
   02CE 00                  761 	.db #0x00	; 0
   02CF 00                  762 	.db #0x00	; 0
   02D0 00                  763 	.db #0x00	; 0
   02D1 00                  764 	.db #0x00	; 0
   02D2 00                  765 	.db #0x00	; 0
   02D3 00                  766 	.db #0x00	; 0
   02D4 00                  767 	.db #0x00	; 0
   02D5 00                  768 	.db #0x00	; 0
   02D6 00                  769 	.db #0x00	; 0
   02D7 00                  770 	.db #0x00	; 0
   02D8 00                  771 	.db #0x00	; 0
   02D9 00                  772 	.db #0x00	; 0
   02DA 00                  773 	.db #0x00	; 0
   02DB 00                  774 	.db #0x00	; 0
   02DC 00                  775 	.db #0x00	; 0
   02DD 00                  776 	.db #0x00	; 0
   02DE 00                  777 	.db #0x00	; 0
   02DF 00                  778 	.db #0x00	; 0
   02E0 00                  779 	.db #0x00	; 0
   02E1 00                  780 	.db #0x00	; 0
   02E2 00                  781 	.db #0x00	; 0
   02E3 00                  782 	.db #0x00	; 0
   02E4 00                  783 	.db #0x00	; 0
   02E5 00                  784 	.db #0x00	; 0
   02E6 00                  785 	.db #0x00	; 0
   02E7 00                  786 	.db #0x00	; 0
   02E8 00                  787 	.db #0x00	; 0
   02E9 00                  788 	.db #0x00	; 0
   02EA 00                  789 	.db #0x00	; 0
   02EB 00                  790 	.db #0x00	; 0
   02EC 00                  791 	.db #0x00	; 0
   02ED 00                  792 	.db #0x00	; 0
   02EE 00                  793 	.db #0x00	; 0
   02EF 00                  794 	.db #0x00	; 0
   02F0 00                  795 	.db #0x00	; 0
   02F1 00                  796 	.db #0x00	; 0
   02F2 00                  797 	.db #0x00	; 0
   02F3 00                  798 	.db #0x00	; 0
   02F4 00                  799 	.db #0x00	; 0
   02F5 00                  800 	.db #0x00	; 0
   02F6 00                  801 	.db #0x00	; 0
   02F7 00                  802 	.db #0x00	; 0
   02F8 00                  803 	.db #0x00	; 0
   02F9 00                  804 	.db #0x00	; 0
   02FA 00                  805 	.db #0x00	; 0
   02FB 00                  806 	.db #0x00	; 0
   02FC 00                  807 	.db #0x00	; 0
   02FD 00                  808 	.db #0x00	; 0
   02FE 00                  809 	.db #0x00	; 0
   02FF 00                  810 	.db #0x00	; 0
   0300 00                  811 	.db #0x00	; 0
   0301 00                  812 	.db #0x00	; 0
   0302 00                  813 	.db #0x00	; 0
   0303 00                  814 	.db #0x00	; 0
   0304 00                  815 	.db #0x00	; 0
   0305 00                  816 	.db #0x00	; 0
   0306 00                  817 	.db #0x00	; 0
   0307 00                  818 	.db #0x00	; 0
   0308 00                  819 	.db #0x00	; 0
   0309 00                  820 	.db #0x00	; 0
   030A 00                  821 	.db #0x00	; 0
   030B 00                  822 	.db #0x00	; 0
   030C 00                  823 	.db #0x00	; 0
   030D 00                  824 	.db #0x00	; 0
   030E 00                  825 	.db #0x00	; 0
   030F 00                  826 	.db #0x00	; 0
   0310 00                  827 	.db #0x00	; 0
   0311 00                  828 	.db #0x00	; 0
   0312 00                  829 	.db #0x00	; 0
   0313 00                  830 	.db #0x00	; 0
   0314 00                  831 	.db #0x00	; 0
   0315 00                  832 	.db #0x00	; 0
   0316 00                  833 	.db #0x00	; 0
   0317 00                  834 	.db #0x00	; 0
   0318 00                  835 	.db #0x00	; 0
   0319 00                  836 	.db #0x00	; 0
   031A 00                  837 	.db #0x00	; 0
   031B 00                  838 	.db #0x00	; 0
   031C 00                  839 	.db #0x00	; 0
   031D 00                  840 	.db #0x00	; 0
   031E 00                  841 	.db #0x00	; 0
   031F 00                  842 	.db #0x00	; 0
   0320 00                  843 	.db #0x00	; 0
   0321 00                  844 	.db #0x00	; 0
   0322 00                  845 	.db #0x00	; 0
   0323 00                  846 	.db #0x00	; 0
   0324 00                  847 	.db #0x00	; 0
   0325 00                  848 	.db #0x00	; 0
   0326 00                  849 	.db #0x00	; 0
   0327 00                  850 	.db #0x00	; 0
   0328 00                  851 	.db #0x00	; 0
   0329 00                  852 	.db #0x00	; 0
   032A 00                  853 	.db #0x00	; 0
   032B 00                  854 	.db #0x00	; 0
   032C 00                  855 	.db #0x00	; 0
   032D 00                  856 	.db #0x00	; 0
   032E 00                  857 	.db #0x00	; 0
   032F 00                  858 	.db #0x00	; 0
   0330 00                  859 	.db #0x00	; 0
   0331 00                  860 	.db #0x00	; 0
   0332 00                  861 	.db #0x00	; 0
   0333 00                  862 	.db #0x00	; 0
   0334 00                  863 	.db #0x00	; 0
   0335 00                  864 	.db #0x00	; 0
   0336 00                  865 	.db #0x00	; 0
   0337 00                  866 	.db #0x00	; 0
   0338 00                  867 	.db #0x00	; 0
   0339 00                  868 	.db #0x00	; 0
   033A 00                  869 	.db #0x00	; 0
   033B 00                  870 	.db #0x00	; 0
   033C 00                  871 	.db #0x00	; 0
   033D 00                  872 	.db #0x00	; 0
   033E 00                  873 	.db #0x00	; 0
   033F 00                  874 	.db #0x00	; 0
   0340 00                  875 	.db #0x00	; 0
   0341 00                  876 	.db #0x00	; 0
   0342 00                  877 	.db #0x00	; 0
   0343 00                  878 	.db #0x00	; 0
   0344 00                  879 	.db #0x00	; 0
   0345 00                  880 	.db #0x00	; 0
   0346 00                  881 	.db #0x00	; 0
   0347 00                  882 	.db #0x00	; 0
   0348 00                  883 	.db #0x00	; 0
   0349 00                  884 	.db #0x00	; 0
   034A 00                  885 	.db #0x00	; 0
   034B 00                  886 	.db #0x00	; 0
   034C 00                  887 	.db #0x00	; 0
   034D 00                  888 	.db #0x00	; 0
   034E 00                  889 	.db #0x00	; 0
   034F 00                  890 	.db #0x00	; 0
   0350 00                  891 	.db #0x00	; 0
   0351 00                  892 	.db #0x00	; 0
   0352 00                  893 	.db #0x00	; 0
   0353 00                  894 	.db #0x00	; 0
   0354 00                  895 	.db #0x00	; 0
   0355 00                  896 	.db #0x00	; 0
   0356 00                  897 	.db #0x00	; 0
   0357 00                  898 	.db #0x00	; 0
   0358 40                  899 	.db #0x40	; 64
   0359 00                  900 	.db #0x00	; 0
   035A 00                  901 	.db #0x00	; 0
   035B 00                  902 	.db #0x00	; 0
   035C 00                  903 	.db #0x00	; 0
   035D 40                  904 	.db #0x40	; 64
   035E 00                  905 	.db #0x00	; 0
   035F 00                  906 	.db #0x00	; 0
   0360 00                  907 	.db #0x00	; 0
   0361 00                  908 	.db #0x00	; 0
   0362 00                  909 	.db #0x00	; 0
   0363 00                  910 	.db #0x00	; 0
   0364 00                  911 	.db #0x00	; 0
   0365 00                  912 	.db #0x00	; 0
   0366 00                  913 	.db #0x00	; 0
   0367 00                  914 	.db #0x00	; 0
   0368 00                  915 	.db #0x00	; 0
   0369 00                  916 	.db #0x00	; 0
   036A 00                  917 	.db #0x00	; 0
   036B 00                  918 	.db #0x00	; 0
   036C 00                  919 	.db #0x00	; 0
   036D 00                  920 	.db #0x00	; 0
   036E 00                  921 	.db #0x00	; 0
   036F 00                  922 	.db #0x00	; 0
   0370 00                  923 	.db #0x00	; 0
   0371 00                  924 	.db #0x00	; 0
   0372 00                  925 	.db #0x00	; 0
   0373 00                  926 	.db #0x00	; 0
   0374 00                  927 	.db #0x00	; 0
   0375 00                  928 	.db #0x00	; 0
   0376 00                  929 	.db #0x00	; 0
   0377 00                  930 	.db #0x00	; 0
   0378 40                  931 	.db #0x40	; 64
   0379 00                  932 	.db #0x00	; 0
   037A 00                  933 	.db #0x00	; 0
   037B 00                  934 	.db #0x00	; 0
   037C 00                  935 	.db #0x00	; 0
   037D 00                  936 	.db #0x00	; 0
   037E 00                  937 	.db #0x00	; 0
   037F 00                  938 	.db #0x00	; 0
   0380 00                  939 	.db #0x00	; 0
   0381 00                  940 	.db #0x00	; 0
   0382 00                  941 	.db #0x00	; 0
   0383 00                  942 	.db #0x00	; 0
   0384 00                  943 	.db #0x00	; 0
   0385 00                  944 	.db #0x00	; 0
   0386 00                  945 	.db #0x00	; 0
   0387 00                  946 	.db #0x00	; 0
   0388 00                  947 	.db #0x00	; 0
   0389 00                  948 	.db #0x00	; 0
   038A 00                  949 	.db #0x00	; 0
   038B 00                  950 	.db #0x00	; 0
   038C 00                  951 	.db #0x00	; 0
   038D 00                  952 	.db #0x00	; 0
   038E 00                  953 	.db #0x00	; 0
   038F 00                  954 	.db #0x00	; 0
   0390 00                  955 	.db #0x00	; 0
   0391 00                  956 	.db #0x00	; 0
   0392 00                  957 	.db #0x00	; 0
   0393 00                  958 	.db #0x00	; 0
   0394 00                  959 	.db #0x00	; 0
   0395 00                  960 	.db #0x00	; 0
   0396 00                  961 	.db #0x00	; 0
   0397 00                  962 	.db #0x00	; 0
   0398 00                  963 	.db #0x00	; 0
   0399 40                  964 	.db #0x40	; 64
   039A 00                  965 	.db #0x00	; 0
   039B 00                  966 	.db #0x00	; 0
   039C 00                  967 	.db #0x00	; 0
   039D 00                  968 	.db #0x00	; 0
   039E 00                  969 	.db #0x00	; 0
   039F 00                  970 	.db #0x00	; 0
   03A0 00                  971 	.db #0x00	; 0
   03A1 00                  972 	.db #0x00	; 0
   03A2 00                  973 	.db #0x00	; 0
   03A3 00                  974 	.db #0x00	; 0
   03A4 00                  975 	.db #0x00	; 0
   03A5 00                  976 	.db #0x00	; 0
   03A6 00                  977 	.db #0x00	; 0
   03A7 00                  978 	.db #0x00	; 0
   03A8 00                  979 	.db #0x00	; 0
   03A9 00                  980 	.db #0x00	; 0
   03AA 00                  981 	.db #0x00	; 0
   03AB 00                  982 	.db #0x00	; 0
   03AC 00                  983 	.db #0x00	; 0
   03AD 00                  984 	.db #0x00	; 0
   03AE 00                  985 	.db #0x00	; 0
   03AF 00                  986 	.db #0x00	; 0
   03B0 00                  987 	.db #0x00	; 0
   03B1 00                  988 	.db #0x00	; 0
   03B2 00                  989 	.db #0x00	; 0
   03B3 00                  990 	.db #0x00	; 0
   03B4 00                  991 	.db #0x00	; 0
   03B5 00                  992 	.db #0x00	; 0
   03B6 00                  993 	.db #0x00	; 0
   03B7 00                  994 	.db #0x00	; 0
   03B8 00                  995 	.db #0x00	; 0
   03B9 00                  996 	.db #0x00	; 0
   03BA 00                  997 	.db #0x00	; 0
   03BB 40                  998 	.db #0x40	; 64
   03BC 00                  999 	.db #0x00	; 0
   03BD 00                 1000 	.db #0x00	; 0
   03BE 00                 1001 	.db #0x00	; 0
   03BF 00                 1002 	.db #0x00	; 0
   03C0 00                 1003 	.db #0x00	; 0
   03C1 00                 1004 	.db #0x00	; 0
   03C2 00                 1005 	.db #0x00	; 0
   03C3 00                 1006 	.db #0x00	; 0
   03C4 00                 1007 	.db #0x00	; 0
   03C5 00                 1008 	.db #0x00	; 0
   03C6 00                 1009 	.db #0x00	; 0
   03C7 00                 1010 	.db #0x00	; 0
   03C8 00                 1011 	.db #0x00	; 0
   03C9 00                 1012 	.db #0x00	; 0
   03CA 00                 1013 	.db #0x00	; 0
   03CB 00                 1014 	.db #0x00	; 0
   03CC 00                 1015 	.db #0x00	; 0
   03CD 00                 1016 	.db #0x00	; 0
   03CE 00                 1017 	.db #0x00	; 0
   03CF 00                 1018 	.db #0x00	; 0
   03D0 00                 1019 	.db #0x00	; 0
   03D1 00                 1020 	.db #0x00	; 0
   03D2 00                 1021 	.db #0x00	; 0
   03D3 00                 1022 	.db #0x00	; 0
   03D4 00                 1023 	.db #0x00	; 0
   03D5 00                 1024 	.db #0x00	; 0
   03D6 00                 1025 	.db #0x00	; 0
   03D7 40                 1026 	.db #0x40	; 64
   03D8 00                 1027 	.db #0x00	; 0
   03D9 00                 1028 	.db #0x00	; 0
   03DA 40                 1029 	.db #0x40	; 64
   03DB 00                 1030 	.db #0x00	; 0
   03DC 00                 1031 	.db #0x00	; 0
   03DD 40                 1032 	.db #0x40	; 64
   03DE 00                 1033 	.db #0x00	; 0
   03DF 00                 1034 	.db #0x00	; 0
   03E0 00                 1035 	.db #0x00	; 0
   03E1 00                 1036 	.db #0x00	; 0
   03E2 00                 1037 	.db #0x00	; 0
   03E3 00                 1038 	.db #0x00	; 0
   03E4 00                 1039 	.db #0x00	; 0
   03E5 00                 1040 	.db #0x00	; 0
   03E6 00                 1041 	.db #0x00	; 0
   03E7 00                 1042 	.db #0x00	; 0
   03E8 00                 1043 	.db #0x00	; 0
   03E9 00                 1044 	.db #0x00	; 0
   03EA 00                 1045 	.db #0x00	; 0
   03EB 00                 1046 	.db #0x00	; 0
   03EC 00                 1047 	.db #0x00	; 0
   03ED 00                 1048 	.db #0x00	; 0
   03EE 00                 1049 	.db #0x00	; 0
   03EF 00                 1050 	.db #0x00	; 0
   03F0 00                 1051 	.db #0x00	; 0
   03F1 00                 1052 	.db #0x00	; 0
   03F2 00                 1053 	.db #0x00	; 0
   03F3 00                 1054 	.db #0x00	; 0
   03F4 00                 1055 	.db #0x00	; 0
   03F5 00                 1056 	.db #0x00	; 0
   03F6 40                 1057 	.db #0x40	; 64
   03F7 00                 1058 	.db #0x00	; 0
   03F8 00                 1059 	.db #0x00	; 0
   03F9 40                 1060 	.db #0x40	; 64
   03FA 00                 1061 	.db #0x00	; 0
   03FB 00                 1062 	.db #0x00	; 0
   03FC 40                 1063 	.db #0x40	; 64
   03FD 00                 1064 	.db #0x00	; 0
   03FE 00                 1065 	.db #0x00	; 0
   03FF 00                 1066 	.db #0x00	; 0
   0400 00                 1067 	.db #0x00	; 0
   0401 00                 1068 	.db #0x00	; 0
   0402 00                 1069 	.db #0x00	; 0
   0403 00                 1070 	.db #0x00	; 0
   0404 00                 1071 	.db #0x00	; 0
   0405 00                 1072 	.db #0x00	; 0
   0406 00                 1073 	.db #0x00	; 0
   0407 40                 1074 	.db #0x40	; 64
   0408 00                 1075 	.db #0x00	; 0
   0409 00                 1076 	.db #0x00	; 0
   040A 40                 1077 	.db #0x40	; 64
   040B 00                 1078 	.db #0x00	; 0
   040C 00                 1079 	.db #0x00	; 0
   040D 00                 1080 	.db #0x00	; 0
   040E 00                 1081 	.db #0x00	; 0
   040F 00                 1082 	.db #0x00	; 0
   0410 00                 1083 	.db #0x00	; 0
   0411 00                 1084 	.db #0x00	; 0
   0412 00                 1085 	.db #0x00	; 0
   0413 00                 1086 	.db #0x00	; 0
   0414 00                 1087 	.db #0x00	; 0
   0415 40                 1088 	.db #0x40	; 64
   0416 07                 1089 	.db #0x07	; 7
   0417 00                 1090 	.db #0x00	; 0
   0418 40                 1091 	.db #0x40	; 64
   0419 00                 1092 	.db #0x00	; 0
   041A 00                 1093 	.db #0x00	; 0
   041B 40                 1094 	.db #0x40	; 64
   041C 00                 1095 	.db #0x00	; 0
   041D 00                 1096 	.db #0x00	; 0
   041E 00                 1097 	.db #0x00	; 0
   041F 00                 1098 	.db #0x00	; 0
   0420 00                 1099 	.db #0x00	; 0
   0421 00                 1100 	.db #0x00	; 0
   0422 00                 1101 	.db #0x00	; 0
   0423 00                 1102 	.db #0x00	; 0
   0424 00                 1103 	.db #0x00	; 0
   0425 00                 1104 	.db #0x00	; 0
   0426 00                 1105 	.db #0x00	; 0
   0427 00                 1106 	.db #0x00	; 0
   0428 00                 1107 	.db #0x00	; 0
   0429 00                 1108 	.db #0x00	; 0
   042A 40                 1109 	.db #0x40	; 64
   042B 00                 1110 	.db #0x00	; 0
   042C 00                 1111 	.db #0x00	; 0
   042D 00                 1112 	.db #0x00	; 0
   042E 00                 1113 	.db #0x00	; 0
   042F 00                 1114 	.db #0x00	; 0
   0430 00                 1115 	.db #0x00	; 0
   0431 00                 1116 	.db #0x00	; 0
   0432 00                 1117 	.db #0x00	; 0
   0433 00                 1118 	.db #0x00	; 0
   0434 40                 1119 	.db #0x40	; 64
   0435 00                 1120 	.db #0x00	; 0
   0436 00                 1121 	.db #0x00	; 0
   0437 47                 1122 	.db #0x47	; 71	'G'
   0438 00                 1123 	.db #0x00	; 0
   0439 00                 1124 	.db #0x00	; 0
   043A 00                 1125 	.db #0x00	; 0
   043B 00                 1126 	.db #0x00	; 0
   043C 00                 1127 	.db #0x00	; 0
   043D 00                 1128 	.db #0x00	; 0
   043E 00                 1129 	.db #0x00	; 0
   043F 00                 1130 	.db #0x00	; 0
   0440 00                 1131 	.db #0x00	; 0
   0441 00                 1132 	.db #0x00	; 0
   0442 00                 1133 	.db #0x00	; 0
   0443 00                 1134 	.db #0x00	; 0
   0444 00                 1135 	.db #0x00	; 0
   0445 00                 1136 	.db #0x00	; 0
   0446 00                 1137 	.db #0x00	; 0
   0447 00                 1138 	.db #0x00	; 0
   0448 00                 1139 	.db #0x00	; 0
   0449 00                 1140 	.db #0x00	; 0
   044A 00                 1141 	.db #0x00	; 0
   044B 00                 1142 	.db #0x00	; 0
   044C 00                 1143 	.db #0x00	; 0
   044D 00                 1144 	.db #0x00	; 0
   044E 00                 1145 	.db #0x00	; 0
   044F 00                 1146 	.db #0x00	; 0
   0450 00                 1147 	.db #0x00	; 0
   0451 00                 1148 	.db #0x00	; 0
   0452 00                 1149 	.db #0x00	; 0
   0453 00                 1150 	.db #0x00	; 0
   0454 00                 1151 	.db #0x00	; 0
   0455 00                 1152 	.db #0x00	; 0
   0456 00                 1153 	.db #0x00	; 0
   0457 00                 1154 	.db #0x00	; 0
   0458 00                 1155 	.db #0x00	; 0
   0459 00                 1156 	.db #0x00	; 0
   045A 00                 1157 	.db #0x00	; 0
   045B 00                 1158 	.db #0x00	; 0
   045C 00                 1159 	.db #0x00	; 0
   045D 00                 1160 	.db #0x00	; 0
   045E 00                 1161 	.db #0x00	; 0
   045F 00                 1162 	.db #0x00	; 0
   0460 00                 1163 	.db #0x00	; 0
   0461 00                 1164 	.db #0x00	; 0
   0462 00                 1165 	.db #0x00	; 0
   0463 00                 1166 	.db #0x00	; 0
   0464 00                 1167 	.db #0x00	; 0
   0465 00                 1168 	.db #0x00	; 0
   0466 40                 1169 	.db #0x40	; 64
   0467 00                 1170 	.db #0x00	; 0
   0468 00                 1171 	.db #0x00	; 0
   0469 00                 1172 	.db #0x00	; 0
   046A 00                 1173 	.db #0x00	; 0
   046B 00                 1174 	.db #0x00	; 0
   046C 00                 1175 	.db #0x00	; 0
   046D 00                 1176 	.db #0x00	; 0
   046E 00                 1177 	.db #0x00	; 0
   046F 00                 1178 	.db #0x00	; 0
   0470 00                 1179 	.db #0x00	; 0
   0471 00                 1180 	.db #0x00	; 0
   0472 00                 1181 	.db #0x00	; 0
   0473 00                 1182 	.db #0x00	; 0
   0474 00                 1183 	.db #0x00	; 0
   0475 00                 1184 	.db #0x00	; 0
   0476 00                 1185 	.db #0x00	; 0
   0477 00                 1186 	.db #0x00	; 0
   0478 00                 1187 	.db #0x00	; 0
   0479 00                 1188 	.db #0x00	; 0
   047A 00                 1189 	.db #0x00	; 0
   047B 00                 1190 	.db #0x00	; 0
   047C 00                 1191 	.db #0x00	; 0
   047D 00                 1192 	.db #0x00	; 0
   047E 00                 1193 	.db #0x00	; 0
   047F 00                 1194 	.db #0x00	; 0
                           1195 	.area _CABS (ABS)
