                              1 ;--------------------------------------------------------
                              2 ; File Created by SDCC : free open source ANSI-C Compiler
                              3 ; Version 4.0.0 #11528 (MINGW32)
                              4 ;--------------------------------------------------------
                              5 	.module C__Users_Mills_AppData_Local_Temp_lcc20921
                              6 	.optsdcc -mgbz80
                              7 	
                              8 ;--------------------------------------------------------
                              9 ; Public variables in this module
                             10 ;--------------------------------------------------------
                             11 	.globl _Tower_MapPLN1
                             12 	.globl _Tower_MapPLN0
                             13 ;--------------------------------------------------------
                             14 ; special function registers
                             15 ;--------------------------------------------------------
                             16 ;--------------------------------------------------------
                             17 ; ram data
                             18 ;--------------------------------------------------------
                             19 	.area _DATA
                             20 ;--------------------------------------------------------
                             21 ; absolute external ram data
                             22 ;--------------------------------------------------------
                             23 	.area _DABS (ABS)
                             24 ;--------------------------------------------------------
                             25 ; global & static initialisations
                             26 ;--------------------------------------------------------
                             27 	.area _HOME
                             28 	.area _GSINIT
                             29 	.area _GSFINAL
                             30 	.area _GSINIT
                             31 ;--------------------------------------------------------
                             32 ; Home
                             33 ;--------------------------------------------------------
                             34 	.area _HOME
                             35 	.area _HOME
                             36 ;--------------------------------------------------------
                             37 ; code
                             38 ;--------------------------------------------------------
                             39 	.area _CODE_9
                             40 	.area _CODE_9
   0000                      41 _Tower_MapPLN0:
   0000 00                   42 	.db #0x00	; 0
   0001 01                   43 	.db #0x01	; 1
   0002 02                   44 	.db #0x02	; 2
   0003 03                   45 	.db #0x03	; 3
   0004 00                   46 	.db #0x00	; 0
   0005 01                   47 	.db #0x01	; 1
   0006 04                   48 	.db #0x04	; 4
   0007 05                   49 	.db #0x05	; 5
   0008 06                   50 	.db #0x06	; 6
   0009 07                   51 	.db #0x07	; 7
   000A 08                   52 	.db #0x08	; 8
   000B 09                   53 	.db #0x09	; 9
   000C 0A                   54 	.db #0x0a	; 10
   000D 0B                   55 	.db #0x0b	; 11
   000E 02                   56 	.db #0x02	; 2
   000F 03                   57 	.db #0x03	; 3
   0010 00                   58 	.db #0x00	; 0
   0011 01                   59 	.db #0x01	; 1
   0012 02                   60 	.db #0x02	; 2
   0013 03                   61 	.db #0x03	; 3
   0014 01                   62 	.db #0x01	; 1
   0015 02                   63 	.db #0x02	; 2
   0016 03                   64 	.db #0x03	; 3
   0017 00                   65 	.db #0x00	; 0
   0018 01                   66 	.db #0x01	; 1
   0019 02                   67 	.db #0x02	; 2
   001A 0C                   68 	.db #0x0c	; 12
   001B 0D                   69 	.db #0x0d	; 13
   001C 0E                   70 	.db #0x0e	; 14
   001D 0F                   71 	.db #0x0f	; 15
   001E 10                   72 	.db #0x10	; 16
   001F 11                   73 	.db #0x11	; 17
   0020 12                   74 	.db #0x12	; 18
   0021 13                   75 	.db #0x13	; 19
   0022 03                   76 	.db #0x03	; 3
   0023 00                   77 	.db #0x00	; 0
   0024 01                   78 	.db #0x01	; 1
   0025 02                   79 	.db #0x02	; 2
   0026 03                   80 	.db #0x03	; 3
   0027 00                   81 	.db #0x00	; 0
   0028 02                   82 	.db #0x02	; 2
   0029 03                   83 	.db #0x03	; 3
   002A 00                   84 	.db #0x00	; 0
   002B 01                   85 	.db #0x01	; 1
   002C 02                   86 	.db #0x02	; 2
   002D 03                   87 	.db #0x03	; 3
   002E 14                   88 	.db #0x14	; 20
   002F 15                   89 	.db #0x15	; 21
   0030 16                   90 	.db #0x16	; 22
   0031 17                   91 	.db #0x17	; 23
   0032 18                   92 	.db #0x18	; 24
   0033 19                   93 	.db #0x19	; 25
   0034 1A                   94 	.db #0x1a	; 26
   0035 1B                   95 	.db #0x1b	; 27
   0036 00                   96 	.db #0x00	; 0
   0037 01                   97 	.db #0x01	; 1
   0038 02                   98 	.db #0x02	; 2
   0039 03                   99 	.db #0x03	; 3
   003A 00                  100 	.db #0x00	; 0
   003B 01                  101 	.db #0x01	; 1
   003C 01                  102 	.db #0x01	; 1
   003D 02                  103 	.db #0x02	; 2
   003E 03                  104 	.db #0x03	; 3
   003F 00                  105 	.db #0x00	; 0
   0040 01                  106 	.db #0x01	; 1
   0041 02                  107 	.db #0x02	; 2
   0042 1C                  108 	.db #0x1c	; 28
   0043 1D                  109 	.db #0x1d	; 29
   0044 1E                  110 	.db #0x1e	; 30
   0045 1F                  111 	.db #0x1f	; 31
   0046 20                  112 	.db #0x20	; 32
   0047 21                  113 	.db #0x21	; 33
   0048 22                  114 	.db #0x22	; 34
   0049 23                  115 	.db #0x23	; 35
   004A 03                  116 	.db #0x03	; 3
   004B 00                  117 	.db #0x00	; 0
   004C 01                  118 	.db #0x01	; 1
   004D 02                  119 	.db #0x02	; 2
   004E 03                  120 	.db #0x03	; 3
   004F 00                  121 	.db #0x00	; 0
   0050 02                  122 	.db #0x02	; 2
   0051 03                  123 	.db #0x03	; 3
   0052 00                  124 	.db #0x00	; 0
   0053 01                  125 	.db #0x01	; 1
   0054 02                  126 	.db #0x02	; 2
   0055 03                  127 	.db #0x03	; 3
   0056 04                  128 	.db #0x04	; 4
   0057 05                  129 	.db #0x05	; 5
   0058 06                  130 	.db #0x06	; 6
   0059 07                  131 	.db #0x07	; 7
   005A 08                  132 	.db #0x08	; 8
   005B 09                  133 	.db #0x09	; 9
   005C 0A                  134 	.db #0x0a	; 10
   005D 0B                  135 	.db #0x0b	; 11
   005E 00                  136 	.db #0x00	; 0
   005F 01                  137 	.db #0x01	; 1
   0060 02                  138 	.db #0x02	; 2
   0061 03                  139 	.db #0x03	; 3
   0062 00                  140 	.db #0x00	; 0
   0063 01                  141 	.db #0x01	; 1
   0064 03                  142 	.db #0x03	; 3
   0065 00                  143 	.db #0x00	; 0
   0066 01                  144 	.db #0x01	; 1
   0067 02                  145 	.db #0x02	; 2
   0068 03                  146 	.db #0x03	; 3
   0069 00                  147 	.db #0x00	; 0
   006A 0C                  148 	.db #0x0c	; 12
   006B 0D                  149 	.db #0x0d	; 13
   006C 0E                  150 	.db #0x0e	; 14
   006D 0F                  151 	.db #0x0f	; 15
   006E 10                  152 	.db #0x10	; 16
   006F 11                  153 	.db #0x11	; 17
   0070 12                  154 	.db #0x12	; 18
   0071 13                  155 	.db #0x13	; 19
   0072 01                  156 	.db #0x01	; 1
   0073 02                  157 	.db #0x02	; 2
   0074 03                  158 	.db #0x03	; 3
   0075 00                  159 	.db #0x00	; 0
   0076 01                  160 	.db #0x01	; 1
   0077 02                  161 	.db #0x02	; 2
   0078 00                  162 	.db #0x00	; 0
   0079 01                  163 	.db #0x01	; 1
   007A 02                  164 	.db #0x02	; 2
   007B 03                  165 	.db #0x03	; 3
   007C 00                  166 	.db #0x00	; 0
   007D 01                  167 	.db #0x01	; 1
   007E 14                  168 	.db #0x14	; 20
   007F 15                  169 	.db #0x15	; 21
   0080 16                  170 	.db #0x16	; 22
   0081 17                  171 	.db #0x17	; 23
   0082 18                  172 	.db #0x18	; 24
   0083 19                  173 	.db #0x19	; 25
   0084 1A                  174 	.db #0x1a	; 26
   0085 1B                  175 	.db #0x1b	; 27
   0086 02                  176 	.db #0x02	; 2
   0087 03                  177 	.db #0x03	; 3
   0088 00                  178 	.db #0x00	; 0
   0089 01                  179 	.db #0x01	; 1
   008A 02                  180 	.db #0x02	; 2
   008B 03                  181 	.db #0x03	; 3
   008C 01                  182 	.db #0x01	; 1
   008D 02                  183 	.db #0x02	; 2
   008E 03                  184 	.db #0x03	; 3
   008F 00                  185 	.db #0x00	; 0
   0090 01                  186 	.db #0x01	; 1
   0091 02                  187 	.db #0x02	; 2
   0092 1C                  188 	.db #0x1c	; 28
   0093 1D                  189 	.db #0x1d	; 29
   0094 1E                  190 	.db #0x1e	; 30
   0095 1F                  191 	.db #0x1f	; 31
   0096 20                  192 	.db #0x20	; 32
   0097 21                  193 	.db #0x21	; 33
   0098 22                  194 	.db #0x22	; 34
   0099 23                  195 	.db #0x23	; 35
   009A 03                  196 	.db #0x03	; 3
   009B 00                  197 	.db #0x00	; 0
   009C 01                  198 	.db #0x01	; 1
   009D 02                  199 	.db #0x02	; 2
   009E 03                  200 	.db #0x03	; 3
   009F 00                  201 	.db #0x00	; 0
   00A0 02                  202 	.db #0x02	; 2
   00A1 03                  203 	.db #0x03	; 3
   00A2 00                  204 	.db #0x00	; 0
   00A3 01                  205 	.db #0x01	; 1
   00A4 02                  206 	.db #0x02	; 2
   00A5 03                  207 	.db #0x03	; 3
   00A6 04                  208 	.db #0x04	; 4
   00A7 05                  209 	.db #0x05	; 5
   00A8 06                  210 	.db #0x06	; 6
   00A9 07                  211 	.db #0x07	; 7
   00AA 08                  212 	.db #0x08	; 8
   00AB 09                  213 	.db #0x09	; 9
   00AC 0A                  214 	.db #0x0a	; 10
   00AD 0B                  215 	.db #0x0b	; 11
   00AE 00                  216 	.db #0x00	; 0
   00AF 01                  217 	.db #0x01	; 1
   00B0 02                  218 	.db #0x02	; 2
   00B1 03                  219 	.db #0x03	; 3
   00B2 00                  220 	.db #0x00	; 0
   00B3 01                  221 	.db #0x01	; 1
   00B4 01                  222 	.db #0x01	; 1
   00B5 02                  223 	.db #0x02	; 2
   00B6 03                  224 	.db #0x03	; 3
   00B7 00                  225 	.db #0x00	; 0
   00B8 01                  226 	.db #0x01	; 1
   00B9 02                  227 	.db #0x02	; 2
   00BA 0C                  228 	.db #0x0c	; 12
   00BB 0D                  229 	.db #0x0d	; 13
   00BC 0E                  230 	.db #0x0e	; 14
   00BD 0F                  231 	.db #0x0f	; 15
   00BE 10                  232 	.db #0x10	; 16
   00BF 11                  233 	.db #0x11	; 17
   00C0 12                  234 	.db #0x12	; 18
   00C1 13                  235 	.db #0x13	; 19
   00C2 03                  236 	.db #0x03	; 3
   00C3 00                  237 	.db #0x00	; 0
   00C4 01                  238 	.db #0x01	; 1
   00C5 02                  239 	.db #0x02	; 2
   00C6 03                  240 	.db #0x03	; 3
   00C7 00                  241 	.db #0x00	; 0
   00C8 02                  242 	.db #0x02	; 2
   00C9 03                  243 	.db #0x03	; 3
   00CA 00                  244 	.db #0x00	; 0
   00CB 01                  245 	.db #0x01	; 1
   00CC 02                  246 	.db #0x02	; 2
   00CD 03                  247 	.db #0x03	; 3
   00CE 14                  248 	.db #0x14	; 20
   00CF 15                  249 	.db #0x15	; 21
   00D0 16                  250 	.db #0x16	; 22
   00D1 17                  251 	.db #0x17	; 23
   00D2 18                  252 	.db #0x18	; 24
   00D3 19                  253 	.db #0x19	; 25
   00D4 1A                  254 	.db #0x1a	; 26
   00D5 1B                  255 	.db #0x1b	; 27
   00D6 00                  256 	.db #0x00	; 0
   00D7 01                  257 	.db #0x01	; 1
   00D8 02                  258 	.db #0x02	; 2
   00D9 03                  259 	.db #0x03	; 3
   00DA 00                  260 	.db #0x00	; 0
   00DB 01                  261 	.db #0x01	; 1
   00DC 03                  262 	.db #0x03	; 3
   00DD 00                  263 	.db #0x00	; 0
   00DE 01                  264 	.db #0x01	; 1
   00DF 02                  265 	.db #0x02	; 2
   00E0 03                  266 	.db #0x03	; 3
   00E1 00                  267 	.db #0x00	; 0
   00E2 1C                  268 	.db #0x1c	; 28
   00E3 1D                  269 	.db #0x1d	; 29
   00E4 1E                  270 	.db #0x1e	; 30
   00E5 1F                  271 	.db #0x1f	; 31
   00E6 20                  272 	.db #0x20	; 32
   00E7 21                  273 	.db #0x21	; 33
   00E8 22                  274 	.db #0x22	; 34
   00E9 23                  275 	.db #0x23	; 35
   00EA 01                  276 	.db #0x01	; 1
   00EB 02                  277 	.db #0x02	; 2
   00EC 03                  278 	.db #0x03	; 3
   00ED 00                  279 	.db #0x00	; 0
   00EE 01                  280 	.db #0x01	; 1
   00EF 02                  281 	.db #0x02	; 2
   00F0 00                  282 	.db #0x00	; 0
   00F1 01                  283 	.db #0x01	; 1
   00F2 02                  284 	.db #0x02	; 2
   00F3 03                  285 	.db #0x03	; 3
   00F4 00                  286 	.db #0x00	; 0
   00F5 01                  287 	.db #0x01	; 1
   00F6 04                  288 	.db #0x04	; 4
   00F7 05                  289 	.db #0x05	; 5
   00F8 06                  290 	.db #0x06	; 6
   00F9 07                  291 	.db #0x07	; 7
   00FA 08                  292 	.db #0x08	; 8
   00FB 09                  293 	.db #0x09	; 9
   00FC 0A                  294 	.db #0x0a	; 10
   00FD 0B                  295 	.db #0x0b	; 11
   00FE 02                  296 	.db #0x02	; 2
   00FF 03                  297 	.db #0x03	; 3
   0100 00                  298 	.db #0x00	; 0
   0101 01                  299 	.db #0x01	; 1
   0102 02                  300 	.db #0x02	; 2
   0103 03                  301 	.db #0x03	; 3
   0104 01                  302 	.db #0x01	; 1
   0105 02                  303 	.db #0x02	; 2
   0106 03                  304 	.db #0x03	; 3
   0107 00                  305 	.db #0x00	; 0
   0108 01                  306 	.db #0x01	; 1
   0109 02                  307 	.db #0x02	; 2
   010A 0C                  308 	.db #0x0c	; 12
   010B 0D                  309 	.db #0x0d	; 13
   010C 0E                  310 	.db #0x0e	; 14
   010D 0F                  311 	.db #0x0f	; 15
   010E 10                  312 	.db #0x10	; 16
   010F 11                  313 	.db #0x11	; 17
   0110 12                  314 	.db #0x12	; 18
   0111 13                  315 	.db #0x13	; 19
   0112 03                  316 	.db #0x03	; 3
   0113 00                  317 	.db #0x00	; 0
   0114 01                  318 	.db #0x01	; 1
   0115 02                  319 	.db #0x02	; 2
   0116 03                  320 	.db #0x03	; 3
   0117 00                  321 	.db #0x00	; 0
   0118 02                  322 	.db #0x02	; 2
   0119 03                  323 	.db #0x03	; 3
   011A 00                  324 	.db #0x00	; 0
   011B 01                  325 	.db #0x01	; 1
   011C 02                  326 	.db #0x02	; 2
   011D 03                  327 	.db #0x03	; 3
   011E 14                  328 	.db #0x14	; 20
   011F 15                  329 	.db #0x15	; 21
   0120 16                  330 	.db #0x16	; 22
   0121 17                  331 	.db #0x17	; 23
   0122 18                  332 	.db #0x18	; 24
   0123 19                  333 	.db #0x19	; 25
   0124 1A                  334 	.db #0x1a	; 26
   0125 1B                  335 	.db #0x1b	; 27
   0126 00                  336 	.db #0x00	; 0
   0127 01                  337 	.db #0x01	; 1
   0128 02                  338 	.db #0x02	; 2
   0129 03                  339 	.db #0x03	; 3
   012A 00                  340 	.db #0x00	; 0
   012B 01                  341 	.db #0x01	; 1
   012C 01                  342 	.db #0x01	; 1
   012D 02                  343 	.db #0x02	; 2
   012E 03                  344 	.db #0x03	; 3
   012F 00                  345 	.db #0x00	; 0
   0130 01                  346 	.db #0x01	; 1
   0131 02                  347 	.db #0x02	; 2
   0132 1C                  348 	.db #0x1c	; 28
   0133 1D                  349 	.db #0x1d	; 29
   0134 1E                  350 	.db #0x1e	; 30
   0135 1F                  351 	.db #0x1f	; 31
   0136 20                  352 	.db #0x20	; 32
   0137 21                  353 	.db #0x21	; 33
   0138 22                  354 	.db #0x22	; 34
   0139 23                  355 	.db #0x23	; 35
   013A 03                  356 	.db #0x03	; 3
   013B 00                  357 	.db #0x00	; 0
   013C 01                  358 	.db #0x01	; 1
   013D 02                  359 	.db #0x02	; 2
   013E 03                  360 	.db #0x03	; 3
   013F 00                  361 	.db #0x00	; 0
   0140 02                  362 	.db #0x02	; 2
   0141 03                  363 	.db #0x03	; 3
   0142 00                  364 	.db #0x00	; 0
   0143 01                  365 	.db #0x01	; 1
   0144 02                  366 	.db #0x02	; 2
   0145 03                  367 	.db #0x03	; 3
   0146 04                  368 	.db #0x04	; 4
   0147 05                  369 	.db #0x05	; 5
   0148 06                  370 	.db #0x06	; 6
   0149 07                  371 	.db #0x07	; 7
   014A 08                  372 	.db #0x08	; 8
   014B 09                  373 	.db #0x09	; 9
   014C 0A                  374 	.db #0x0a	; 10
   014D 0B                  375 	.db #0x0b	; 11
   014E 00                  376 	.db #0x00	; 0
   014F 01                  377 	.db #0x01	; 1
   0150 02                  378 	.db #0x02	; 2
   0151 03                  379 	.db #0x03	; 3
   0152 00                  380 	.db #0x00	; 0
   0153 01                  381 	.db #0x01	; 1
   0154 03                  382 	.db #0x03	; 3
   0155 00                  383 	.db #0x00	; 0
   0156 01                  384 	.db #0x01	; 1
   0157 02                  385 	.db #0x02	; 2
   0158 03                  386 	.db #0x03	; 3
   0159 00                  387 	.db #0x00	; 0
   015A 0C                  388 	.db #0x0c	; 12
   015B 0D                  389 	.db #0x0d	; 13
   015C 0E                  390 	.db #0x0e	; 14
   015D 0F                  391 	.db #0x0f	; 15
   015E 10                  392 	.db #0x10	; 16
   015F 11                  393 	.db #0x11	; 17
   0160 12                  394 	.db #0x12	; 18
   0161 13                  395 	.db #0x13	; 19
   0162 01                  396 	.db #0x01	; 1
   0163 02                  397 	.db #0x02	; 2
   0164 03                  398 	.db #0x03	; 3
   0165 00                  399 	.db #0x00	; 0
   0166 01                  400 	.db #0x01	; 1
   0167 02                  401 	.db #0x02	; 2
   0168                     402 _Tower_MapPLN1:
   0168 00                  403 	.db #0x00	; 0
   0169 00                  404 	.db #0x00	; 0
   016A 00                  405 	.db #0x00	; 0
   016B 00                  406 	.db #0x00	; 0
   016C 00                  407 	.db #0x00	; 0
   016D 00                  408 	.db #0x00	; 0
   016E 01                  409 	.db #0x01	; 1
   016F 02                  410 	.db #0x02	; 2
   0170 03                  411 	.db #0x03	; 3
   0171 01                  412 	.db #0x01	; 1
   0172 01                  413 	.db #0x01	; 1
   0173 01                  414 	.db #0x01	; 1
   0174 02                  415 	.db #0x02	; 2
   0175 03                  416 	.db #0x03	; 3
   0176 00                  417 	.db #0x00	; 0
   0177 00                  418 	.db #0x00	; 0
   0178 00                  419 	.db #0x00	; 0
   0179 00                  420 	.db #0x00	; 0
   017A 00                  421 	.db #0x00	; 0
   017B 00                  422 	.db #0x00	; 0
   017C 06                  423 	.db #0x06	; 6
   017D 06                  424 	.db #0x06	; 6
   017E 06                  425 	.db #0x06	; 6
   017F 06                  426 	.db #0x06	; 6
   0180 06                  427 	.db #0x06	; 6
   0181 06                  428 	.db #0x06	; 6
   0182 01                  429 	.db #0x01	; 1
   0183 02                  430 	.db #0x02	; 2
   0184 03                  431 	.db #0x03	; 3
   0185 01                  432 	.db #0x01	; 1
   0186 01                  433 	.db #0x01	; 1
   0187 01                  434 	.db #0x01	; 1
   0188 02                  435 	.db #0x02	; 2
   0189 03                  436 	.db #0x03	; 3
   018A 06                  437 	.db #0x06	; 6
   018B 06                  438 	.db #0x06	; 6
   018C 06                  439 	.db #0x06	; 6
   018D 06                  440 	.db #0x06	; 6
   018E 06                  441 	.db #0x06	; 6
   018F 06                  442 	.db #0x06	; 6
   0190 00                  443 	.db #0x00	; 0
   0191 00                  444 	.db #0x00	; 0
   0192 00                  445 	.db #0x00	; 0
   0193 00                  446 	.db #0x00	; 0
   0194 00                  447 	.db #0x00	; 0
   0195 00                  448 	.db #0x00	; 0
   0196 01                  449 	.db #0x01	; 1
   0197 02                  450 	.db #0x02	; 2
   0198 03                  451 	.db #0x03	; 3
   0199 01                  452 	.db #0x01	; 1
   019A 01                  453 	.db #0x01	; 1
   019B 01                  454 	.db #0x01	; 1
   019C 02                  455 	.db #0x02	; 2
   019D 03                  456 	.db #0x03	; 3
   019E 00                  457 	.db #0x00	; 0
   019F 00                  458 	.db #0x00	; 0
   01A0 00                  459 	.db #0x00	; 0
   01A1 00                  460 	.db #0x00	; 0
   01A2 00                  461 	.db #0x00	; 0
   01A3 00                  462 	.db #0x00	; 0
   01A4 00                  463 	.db #0x00	; 0
   01A5 00                  464 	.db #0x00	; 0
   01A6 00                  465 	.db #0x00	; 0
   01A7 00                  466 	.db #0x00	; 0
   01A8 00                  467 	.db #0x00	; 0
   01A9 00                  468 	.db #0x00	; 0
   01AA 01                  469 	.db #0x01	; 1
   01AB 02                  470 	.db #0x02	; 2
   01AC 03                  471 	.db #0x03	; 3
   01AD 01                  472 	.db #0x01	; 1
   01AE 01                  473 	.db #0x01	; 1
   01AF 01                  474 	.db #0x01	; 1
   01B0 02                  475 	.db #0x02	; 2
   01B1 03                  476 	.db #0x03	; 3
   01B2 00                  477 	.db #0x00	; 0
   01B3 00                  478 	.db #0x00	; 0
   01B4 00                  479 	.db #0x00	; 0
   01B5 00                  480 	.db #0x00	; 0
   01B6 00                  481 	.db #0x00	; 0
   01B7 00                  482 	.db #0x00	; 0
   01B8 06                  483 	.db #0x06	; 6
   01B9 06                  484 	.db #0x06	; 6
   01BA 06                  485 	.db #0x06	; 6
   01BB 06                  486 	.db #0x06	; 6
   01BC 06                  487 	.db #0x06	; 6
   01BD 06                  488 	.db #0x06	; 6
   01BE 01                  489 	.db #0x01	; 1
   01BF 02                  490 	.db #0x02	; 2
   01C0 03                  491 	.db #0x03	; 3
   01C1 01                  492 	.db #0x01	; 1
   01C2 01                  493 	.db #0x01	; 1
   01C3 01                  494 	.db #0x01	; 1
   01C4 02                  495 	.db #0x02	; 2
   01C5 03                  496 	.db #0x03	; 3
   01C6 06                  497 	.db #0x06	; 6
   01C7 06                  498 	.db #0x06	; 6
   01C8 06                  499 	.db #0x06	; 6
   01C9 06                  500 	.db #0x06	; 6
   01CA 06                  501 	.db #0x06	; 6
   01CB 06                  502 	.db #0x06	; 6
   01CC 06                  503 	.db #0x06	; 6
   01CD 06                  504 	.db #0x06	; 6
   01CE 06                  505 	.db #0x06	; 6
   01CF 06                  506 	.db #0x06	; 6
   01D0 06                  507 	.db #0x06	; 6
   01D1 06                  508 	.db #0x06	; 6
   01D2 01                  509 	.db #0x01	; 1
   01D3 02                  510 	.db #0x02	; 2
   01D4 03                  511 	.db #0x03	; 3
   01D5 01                  512 	.db #0x01	; 1
   01D6 01                  513 	.db #0x01	; 1
   01D7 01                  514 	.db #0x01	; 1
   01D8 02                  515 	.db #0x02	; 2
   01D9 03                  516 	.db #0x03	; 3
   01DA 06                  517 	.db #0x06	; 6
   01DB 06                  518 	.db #0x06	; 6
   01DC 06                  519 	.db #0x06	; 6
   01DD 06                  520 	.db #0x06	; 6
   01DE 06                  521 	.db #0x06	; 6
   01DF 06                  522 	.db #0x06	; 6
   01E0 00                  523 	.db #0x00	; 0
   01E1 00                  524 	.db #0x00	; 0
   01E2 00                  525 	.db #0x00	; 0
   01E3 00                  526 	.db #0x00	; 0
   01E4 00                  527 	.db #0x00	; 0
   01E5 00                  528 	.db #0x00	; 0
   01E6 01                  529 	.db #0x01	; 1
   01E7 02                  530 	.db #0x02	; 2
   01E8 03                  531 	.db #0x03	; 3
   01E9 01                  532 	.db #0x01	; 1
   01EA 01                  533 	.db #0x01	; 1
   01EB 01                  534 	.db #0x01	; 1
   01EC 02                  535 	.db #0x02	; 2
   01ED 03                  536 	.db #0x03	; 3
   01EE 00                  537 	.db #0x00	; 0
   01EF 00                  538 	.db #0x00	; 0
   01F0 00                  539 	.db #0x00	; 0
   01F1 00                  540 	.db #0x00	; 0
   01F2 00                  541 	.db #0x00	; 0
   01F3 00                  542 	.db #0x00	; 0
   01F4 06                  543 	.db #0x06	; 6
   01F5 06                  544 	.db #0x06	; 6
   01F6 06                  545 	.db #0x06	; 6
   01F7 06                  546 	.db #0x06	; 6
   01F8 06                  547 	.db #0x06	; 6
   01F9 06                  548 	.db #0x06	; 6
   01FA 01                  549 	.db #0x01	; 1
   01FB 02                  550 	.db #0x02	; 2
   01FC 03                  551 	.db #0x03	; 3
   01FD 01                  552 	.db #0x01	; 1
   01FE 01                  553 	.db #0x01	; 1
   01FF 01                  554 	.db #0x01	; 1
   0200 02                  555 	.db #0x02	; 2
   0201 03                  556 	.db #0x03	; 3
   0202 06                  557 	.db #0x06	; 6
   0203 06                  558 	.db #0x06	; 6
   0204 06                  559 	.db #0x06	; 6
   0205 06                  560 	.db #0x06	; 6
   0206 06                  561 	.db #0x06	; 6
   0207 06                  562 	.db #0x06	; 6
   0208 00                  563 	.db #0x00	; 0
   0209 00                  564 	.db #0x00	; 0
   020A 00                  565 	.db #0x00	; 0
   020B 00                  566 	.db #0x00	; 0
   020C 00                  567 	.db #0x00	; 0
   020D 00                  568 	.db #0x00	; 0
   020E 01                  569 	.db #0x01	; 1
   020F 02                  570 	.db #0x02	; 2
   0210 03                  571 	.db #0x03	; 3
   0211 01                  572 	.db #0x01	; 1
   0212 01                  573 	.db #0x01	; 1
   0213 01                  574 	.db #0x01	; 1
   0214 02                  575 	.db #0x02	; 2
   0215 03                  576 	.db #0x03	; 3
   0216 00                  577 	.db #0x00	; 0
   0217 00                  578 	.db #0x00	; 0
   0218 00                  579 	.db #0x00	; 0
   0219 00                  580 	.db #0x00	; 0
   021A 00                  581 	.db #0x00	; 0
   021B 00                  582 	.db #0x00	; 0
   021C 00                  583 	.db #0x00	; 0
   021D 00                  584 	.db #0x00	; 0
   021E 00                  585 	.db #0x00	; 0
   021F 00                  586 	.db #0x00	; 0
   0220 00                  587 	.db #0x00	; 0
   0221 00                  588 	.db #0x00	; 0
   0222 01                  589 	.db #0x01	; 1
   0223 02                  590 	.db #0x02	; 2
   0224 03                  591 	.db #0x03	; 3
   0225 01                  592 	.db #0x01	; 1
   0226 01                  593 	.db #0x01	; 1
   0227 01                  594 	.db #0x01	; 1
   0228 02                  595 	.db #0x02	; 2
   0229 03                  596 	.db #0x03	; 3
   022A 00                  597 	.db #0x00	; 0
   022B 00                  598 	.db #0x00	; 0
   022C 00                  599 	.db #0x00	; 0
   022D 00                  600 	.db #0x00	; 0
   022E 00                  601 	.db #0x00	; 0
   022F 00                  602 	.db #0x00	; 0
   0230 06                  603 	.db #0x06	; 6
   0231 06                  604 	.db #0x06	; 6
   0232 06                  605 	.db #0x06	; 6
   0233 06                  606 	.db #0x06	; 6
   0234 06                  607 	.db #0x06	; 6
   0235 06                  608 	.db #0x06	; 6
   0236 01                  609 	.db #0x01	; 1
   0237 02                  610 	.db #0x02	; 2
   0238 03                  611 	.db #0x03	; 3
   0239 01                  612 	.db #0x01	; 1
   023A 01                  613 	.db #0x01	; 1
   023B 01                  614 	.db #0x01	; 1
   023C 02                  615 	.db #0x02	; 2
   023D 03                  616 	.db #0x03	; 3
   023E 06                  617 	.db #0x06	; 6
   023F 06                  618 	.db #0x06	; 6
   0240 06                  619 	.db #0x06	; 6
   0241 06                  620 	.db #0x06	; 6
   0242 06                  621 	.db #0x06	; 6
   0243 06                  622 	.db #0x06	; 6
   0244 06                  623 	.db #0x06	; 6
   0245 06                  624 	.db #0x06	; 6
   0246 06                  625 	.db #0x06	; 6
   0247 06                  626 	.db #0x06	; 6
   0248 06                  627 	.db #0x06	; 6
   0249 06                  628 	.db #0x06	; 6
   024A 01                  629 	.db #0x01	; 1
   024B 02                  630 	.db #0x02	; 2
   024C 03                  631 	.db #0x03	; 3
   024D 01                  632 	.db #0x01	; 1
   024E 01                  633 	.db #0x01	; 1
   024F 01                  634 	.db #0x01	; 1
   0250 02                  635 	.db #0x02	; 2
   0251 03                  636 	.db #0x03	; 3
   0252 06                  637 	.db #0x06	; 6
   0253 06                  638 	.db #0x06	; 6
   0254 06                  639 	.db #0x06	; 6
   0255 06                  640 	.db #0x06	; 6
   0256 06                  641 	.db #0x06	; 6
   0257 06                  642 	.db #0x06	; 6
   0258 00                  643 	.db #0x00	; 0
   0259 00                  644 	.db #0x00	; 0
   025A 00                  645 	.db #0x00	; 0
   025B 00                  646 	.db #0x00	; 0
   025C 00                  647 	.db #0x00	; 0
   025D 00                  648 	.db #0x00	; 0
   025E 01                  649 	.db #0x01	; 1
   025F 02                  650 	.db #0x02	; 2
   0260 03                  651 	.db #0x03	; 3
   0261 01                  652 	.db #0x01	; 1
   0262 01                  653 	.db #0x01	; 1
   0263 01                  654 	.db #0x01	; 1
   0264 02                  655 	.db #0x02	; 2
   0265 03                  656 	.db #0x03	; 3
   0266 00                  657 	.db #0x00	; 0
   0267 00                  658 	.db #0x00	; 0
   0268 00                  659 	.db #0x00	; 0
   0269 00                  660 	.db #0x00	; 0
   026A 00                  661 	.db #0x00	; 0
   026B 00                  662 	.db #0x00	; 0
   026C 06                  663 	.db #0x06	; 6
   026D 06                  664 	.db #0x06	; 6
   026E 06                  665 	.db #0x06	; 6
   026F 06                  666 	.db #0x06	; 6
   0270 06                  667 	.db #0x06	; 6
   0271 06                  668 	.db #0x06	; 6
   0272 01                  669 	.db #0x01	; 1
   0273 02                  670 	.db #0x02	; 2
   0274 03                  671 	.db #0x03	; 3
   0275 01                  672 	.db #0x01	; 1
   0276 01                  673 	.db #0x01	; 1
   0277 01                  674 	.db #0x01	; 1
   0278 02                  675 	.db #0x02	; 2
   0279 03                  676 	.db #0x03	; 3
   027A 06                  677 	.db #0x06	; 6
   027B 06                  678 	.db #0x06	; 6
   027C 06                  679 	.db #0x06	; 6
   027D 06                  680 	.db #0x06	; 6
   027E 06                  681 	.db #0x06	; 6
   027F 06                  682 	.db #0x06	; 6
   0280 00                  683 	.db #0x00	; 0
   0281 00                  684 	.db #0x00	; 0
   0282 00                  685 	.db #0x00	; 0
   0283 00                  686 	.db #0x00	; 0
   0284 00                  687 	.db #0x00	; 0
   0285 00                  688 	.db #0x00	; 0
   0286 01                  689 	.db #0x01	; 1
   0287 02                  690 	.db #0x02	; 2
   0288 03                  691 	.db #0x03	; 3
   0289 01                  692 	.db #0x01	; 1
   028A 01                  693 	.db #0x01	; 1
   028B 01                  694 	.db #0x01	; 1
   028C 02                  695 	.db #0x02	; 2
   028D 03                  696 	.db #0x03	; 3
   028E 00                  697 	.db #0x00	; 0
   028F 00                  698 	.db #0x00	; 0
   0290 00                  699 	.db #0x00	; 0
   0291 00                  700 	.db #0x00	; 0
   0292 00                  701 	.db #0x00	; 0
   0293 00                  702 	.db #0x00	; 0
   0294 00                  703 	.db #0x00	; 0
   0295 00                  704 	.db #0x00	; 0
   0296 00                  705 	.db #0x00	; 0
   0297 00                  706 	.db #0x00	; 0
   0298 00                  707 	.db #0x00	; 0
   0299 00                  708 	.db #0x00	; 0
   029A 01                  709 	.db #0x01	; 1
   029B 02                  710 	.db #0x02	; 2
   029C 03                  711 	.db #0x03	; 3
   029D 01                  712 	.db #0x01	; 1
   029E 01                  713 	.db #0x01	; 1
   029F 01                  714 	.db #0x01	; 1
   02A0 02                  715 	.db #0x02	; 2
   02A1 03                  716 	.db #0x03	; 3
   02A2 00                  717 	.db #0x00	; 0
   02A3 00                  718 	.db #0x00	; 0
   02A4 00                  719 	.db #0x00	; 0
   02A5 00                  720 	.db #0x00	; 0
   02A6 00                  721 	.db #0x00	; 0
   02A7 00                  722 	.db #0x00	; 0
   02A8 06                  723 	.db #0x06	; 6
   02A9 06                  724 	.db #0x06	; 6
   02AA 06                  725 	.db #0x06	; 6
   02AB 06                  726 	.db #0x06	; 6
   02AC 06                  727 	.db #0x06	; 6
   02AD 06                  728 	.db #0x06	; 6
   02AE 01                  729 	.db #0x01	; 1
   02AF 02                  730 	.db #0x02	; 2
   02B0 03                  731 	.db #0x03	; 3
   02B1 01                  732 	.db #0x01	; 1
   02B2 01                  733 	.db #0x01	; 1
   02B3 01                  734 	.db #0x01	; 1
   02B4 02                  735 	.db #0x02	; 2
   02B5 03                  736 	.db #0x03	; 3
   02B6 06                  737 	.db #0x06	; 6
   02B7 06                  738 	.db #0x06	; 6
   02B8 06                  739 	.db #0x06	; 6
   02B9 06                  740 	.db #0x06	; 6
   02BA 06                  741 	.db #0x06	; 6
   02BB 06                  742 	.db #0x06	; 6
   02BC 06                  743 	.db #0x06	; 6
   02BD 06                  744 	.db #0x06	; 6
   02BE 06                  745 	.db #0x06	; 6
   02BF 06                  746 	.db #0x06	; 6
   02C0 06                  747 	.db #0x06	; 6
   02C1 06                  748 	.db #0x06	; 6
   02C2 01                  749 	.db #0x01	; 1
   02C3 02                  750 	.db #0x02	; 2
   02C4 03                  751 	.db #0x03	; 3
   02C5 01                  752 	.db #0x01	; 1
   02C6 01                  753 	.db #0x01	; 1
   02C7 01                  754 	.db #0x01	; 1
   02C8 02                  755 	.db #0x02	; 2
   02C9 03                  756 	.db #0x03	; 3
   02CA 06                  757 	.db #0x06	; 6
   02CB 06                  758 	.db #0x06	; 6
   02CC 06                  759 	.db #0x06	; 6
   02CD 06                  760 	.db #0x06	; 6
   02CE 06                  761 	.db #0x06	; 6
   02CF 06                  762 	.db #0x06	; 6
                            763 	.area _CABS (ABS)
