                              1 ;--------------------------------------------------------
                              2 ; File Created by SDCC : free open source ANSI-C Compiler
                              3 ; Version 4.0.0 #11528 (MINGW32)
                              4 ;--------------------------------------------------------
                              5 	.module C__Users_Mills_AppData_Local_Temp_lcc89401
                              6 	.optsdcc -mgbz80
                              7 	
                              8 ;--------------------------------------------------------
                              9 ; Public variables in this module
                             10 ;--------------------------------------------------------
                             11 	.globl _Tower_Tiles
                             12 	.globl _Tower_TilesCGB
                             13 	.globl _Tower_TilesPAL
                             14 ;--------------------------------------------------------
                             15 ; special function registers
                             16 ;--------------------------------------------------------
                             17 ;--------------------------------------------------------
                             18 ; ram data
                             19 ;--------------------------------------------------------
                             20 	.area _DATA
                             21 ;--------------------------------------------------------
                             22 ; absolute external ram data
                             23 ;--------------------------------------------------------
                             24 	.area _DABS (ABS)
                             25 ;--------------------------------------------------------
                             26 ; global & static initialisations
                             27 ;--------------------------------------------------------
                             28 	.area _HOME
                             29 	.area _GSINIT
                             30 	.area _GSFINAL
                             31 	.area _GSINIT
                             32 ;--------------------------------------------------------
                             33 ; Home
                             34 ;--------------------------------------------------------
                             35 	.area _HOME
                             36 	.area _HOME
                             37 ;--------------------------------------------------------
                             38 ; code
                             39 ;--------------------------------------------------------
                             40 	.area _CODE_9
                             41 	.area _CODE_9
   0000                      42 _Tower_TilesPAL:
   0000 AF 7D                43 	.dw #0x7daf
   0002 6A 7C                44 	.dw #0x7c6a
   0004 08 50                45 	.dw #0x5008
   0006 00 00                46 	.dw #0x0000
   0008 FF 7F                47 	.dw #0x7fff
   000A E6 23                48 	.dw #0x23e6
   000C 20 06                49 	.dw #0x0620
   000E 00 00                50 	.dw #0x0000
   0010 FF 7F                51 	.dw #0x7fff
   0012 E6 23                52 	.dw #0x23e6
   0014 20 06                53 	.dw #0x0620
   0016 84 04                54 	.dw #0x0484
   0018 FF 7F                55 	.dw #0x7fff
   001A E6 23                56 	.dw #0x23e6
   001C 20 06                57 	.dw #0x0620
   001E C6 08                58 	.dw #0x08c6
   0020 FF 7F                59 	.dw #0x7fff
   0022 E6 23                60 	.dw #0x23e6
   0024 20 06                61 	.dw #0x0620
   0026 81 04                62 	.dw #0x0481
   0028 FF 7F                63 	.dw #0x7fff
   002A E6 23                64 	.dw #0x23e6
   002C 20 06                65 	.dw #0x0620
   002E 00 00                66 	.dw #0x0000
   0030 09 7D                67 	.dw #0x7d09
   0032 04 7C                68 	.dw #0x7c04
   0034 21 20                69 	.dw #0x2021
   0036 00 00                70 	.dw #0x0000
   0038 16 5C                71 	.dw #0x5c16
   003A DE 75                72 	.dw #0x75de
   003C 04 68                73 	.dw #0x6804
   003E 22 14                74 	.dw #0x1422
   0040                      75 _Tower_TilesCGB:
   0040 00                   76 	.db #0x00	; 0
   0041 00                   77 	.db #0x00	; 0
   0042 00                   78 	.db #0x00	; 0
   0043 00                   79 	.db #0x00	; 0
   0044 00                   80 	.db #0x00	; 0
   0045 00                   81 	.db #0x00	; 0
   0046 00                   82 	.db #0x00	; 0
   0047 00                   83 	.db #0x00	; 0
   0048 00                   84 	.db #0x00	; 0
   0049 00                   85 	.db #0x00	; 0
   004A 00                   86 	.db #0x00	; 0
   004B 00                   87 	.db #0x00	; 0
   004C 00                   88 	.db #0x00	; 0
   004D 00                   89 	.db #0x00	; 0
   004E 00                   90 	.db #0x00	; 0
   004F 00                   91 	.db #0x00	; 0
   0050                      92 _Tower_Tiles:
   0050 FF                   93 	.db #0xff	; 255
   0051 FF                   94 	.db #0xff	; 255
   0052 C3                   95 	.db #0xc3	; 195
   0053 FC                   96 	.db #0xfc	; 252
   0054 84                   97 	.db #0x84	; 132
   0055 FA                   98 	.db #0xfa	; 250
   0056 83                   99 	.db #0x83	; 131
   0057 FC                  100 	.db #0xfc	; 252
   0058 8B                  101 	.db #0x8b	; 139
   0059 F4                  102 	.db #0xf4	; 244
   005A 86                  103 	.db #0x86	; 134
   005B F9                  104 	.db #0xf9	; 249
   005C 8B                  105 	.db #0x8b	; 139
   005D F4                  106 	.db #0xf4	; 244
   005E C4                  107 	.db #0xc4	; 196
   005F FA                  108 	.db #0xfa	; 250
   0060 FF                  109 	.db #0xff	; 255
   0061 FF                  110 	.db #0xff	; 255
   0062 21                  111 	.db #0x21	; 33
   0063 81                  112 	.db #0x81	; 129
   0064 D0                  113 	.db #0xd0	; 208
   0065 00                  114 	.db #0x00	; 0
   0066 F0                  115 	.db #0xf0	; 240
   0067 00                  116 	.db #0x00	; 0
   0068 CC                  117 	.db #0xcc	; 204
   0069 20                  118 	.db #0x20	; 32
   006A 60                  119 	.db #0x60	; 96
   006B 00                  120 	.db #0x00	; 0
   006C 98                  121 	.db #0x98	; 152
   006D 40                  122 	.db #0x40	; 64
   006E F1                  123 	.db #0xf1	; 241
   006F 01                  124 	.db #0x01	; 1
   0070 FF                  125 	.db #0xff	; 255
   0071 FF                  126 	.db #0xff	; 255
   0072 CC                  127 	.db #0xcc	; 204
   0073 FF                  128 	.db #0xff	; 255
   0074 82                  129 	.db #0x82	; 130
   0075 FF                  130 	.db #0xff	; 255
   0076 81                  131 	.db #0x81	; 129
   0077 FF                  132 	.db #0xff	; 255
   0078 80                  133 	.db #0x80	; 128
   0079 FF                  134 	.db #0xff	; 255
   007A 80                  135 	.db #0x80	; 128
   007B FF                  136 	.db #0xff	; 255
   007C 80                  137 	.db #0x80	; 128
   007D FF                  138 	.db #0xff	; 255
   007E C4                  139 	.db #0xc4	; 196
   007F FF                  140 	.db #0xff	; 255
   0080 FF                  141 	.db #0xff	; 255
   0081 FF                  142 	.db #0xff	; 255
   0082 61                  143 	.db #0x61	; 97	'a'
   0083 81                  144 	.db #0x81	; 129
   0084 B8                  145 	.db #0xb8	; 184
   0085 C0                  146 	.db #0xc0	; 192
   0086 0C                  147 	.db #0x0c	; 12
   0087 F0                  148 	.db #0xf0	; 240
   0088 07                  149 	.db #0x07	; 7
   0089 F8                  150 	.db #0xf8	; 248
   008A 07                  151 	.db #0x07	; 7
   008B F8                  152 	.db #0xf8	; 248
   008C 13                  153 	.db #0x13	; 19
   008D FC                  154 	.db #0xfc	; 252
   008E 23                  155 	.db #0x23	; 35
   008F FD                  156 	.db #0xfd	; 253
   0090 EF                  157 	.db #0xef	; 239
   0091 FF                  158 	.db #0xff	; 255
   0092 FD                  159 	.db #0xfd	; 253
   0093 FF                  160 	.db #0xff	; 255
   0094 FF                  161 	.db #0xff	; 255
   0095 FF                  162 	.db #0xff	; 255
   0096 FF                  163 	.db #0xff	; 255
   0097 FF                  164 	.db #0xff	; 255
   0098 FF                  165 	.db #0xff	; 255
   0099 FF                  166 	.db #0xff	; 255
   009A FE                  167 	.db #0xfe	; 254
   009B FF                  168 	.db #0xff	; 255
   009C D4                  169 	.db #0xd4	; 212
   009D FF                  170 	.db #0xff	; 255
   009E EC                  171 	.db #0xec	; 236
   009F FF                  172 	.db #0xff	; 255
   00A0 15                  173 	.db #0x15	; 21
   00A1 FF                  174 	.db #0xff	; 255
   00A2 9F                  175 	.db #0x9f	; 159
   00A3 F7                  176 	.db #0xf7	; 247
   00A4 06                  177 	.db #0x06	; 6
   00A5 FF                  178 	.db #0xff	; 255
   00A6 F7                  179 	.db #0xf7	; 247
   00A7 FF                  180 	.db #0xff	; 255
   00A8 FF                  181 	.db #0xff	; 255
   00A9 FF                  182 	.db #0xff	; 255
   00AA FF                  183 	.db #0xff	; 255
   00AB FF                  184 	.db #0xff	; 255
   00AC EA                  185 	.db #0xea	; 234
   00AD FF                  186 	.db #0xff	; 255
   00AE FC                  187 	.db #0xfc	; 252
   00AF FF                  188 	.db #0xff	; 255
   00B0 6C                  189 	.db #0x6c	; 108	'l'
   00B1 B3                  190 	.db #0xb3	; 179
   00B2 1D                  191 	.db #0x1d	; 29
   00B3 E2                  192 	.db #0xe2	; 226
   00B4 8F                  193 	.db #0x8f	; 143
   00B5 F0                  194 	.db #0xf0	; 240
   00B6 CB                  195 	.db #0xcb	; 203
   00B7 F4                  196 	.db #0xf4	; 244
   00B8 FF                  197 	.db #0xff	; 255
   00B9 FF                  198 	.db #0xff	; 255
   00BA FF                  199 	.db #0xff	; 255
   00BB FF                  200 	.db #0xff	; 255
   00BC 7E                  201 	.db #0x7e	; 126
   00BD BF                  202 	.db #0xbf	; 191
   00BE 7A                  203 	.db #0x7a	; 122	'z'
   00BF BF                  204 	.db #0xbf	; 191
   00C0 E7                  205 	.db #0xe7	; 231
   00C1 F0                  206 	.db #0xf0	; 240
   00C2 EF                  207 	.db #0xef	; 239
   00C3 F0                  208 	.db #0xf0	; 240
   00C4 E7                  209 	.db #0xe7	; 231
   00C5 F8                  210 	.db #0xf8	; 248
   00C6 F9                  211 	.db #0xf9	; 249
   00C7 FE                  212 	.db #0xfe	; 254
   00C8 FF                  213 	.db #0xff	; 255
   00C9 FF                  214 	.db #0xff	; 255
   00CA FF                  215 	.db #0xff	; 255
   00CB FF                  216 	.db #0xff	; 255
   00CC 81                  217 	.db #0x81	; 129
   00CD FF                  218 	.db #0xff	; 255
   00CE 1F                  219 	.db #0x1f	; 31
   00CF E1                  220 	.db #0xe1	; 225
   00D0 F7                  221 	.db #0xf7	; 247
   00D1 07                  222 	.db #0x07	; 7
   00D2 37                  223 	.db #0x37	; 55	'7'
   00D3 07                  224 	.db #0x07	; 7
   00D4 37                  225 	.db #0x37	; 55	'7'
   00D5 07                  226 	.db #0x07	; 7
   00D6 FF                  227 	.db #0xff	; 255
   00D7 07                  228 	.db #0x07	; 7
   00D8 FF                  229 	.db #0xff	; 255
   00D9 FF                  230 	.db #0xff	; 255
   00DA FF                  231 	.db #0xff	; 255
   00DB FF                  232 	.db #0xff	; 255
   00DC 8A                  233 	.db #0x8a	; 138
   00DD F5                  234 	.db #0xf5	; 245
   00DE CF                  235 	.db #0xcf	; 207
   00DF B0                  236 	.db #0xb0	; 176
                            237 	.area _CABS (ABS)
