                              1 ;--------------------------------------------------------
                              2 ; File Created by SDCC : free open source ANSI-C Compiler
                              3 ; Version 4.0.0 #11528 (MINGW32)
                              4 ;--------------------------------------------------------
                              5 	.module C__Users_Mills_AppData_Local_Temp_lcc80361
                              6 	.optsdcc -mgbz80
                              7 	
                              8 ;--------------------------------------------------------
                              9 ; Public variables in this module
                             10 ;--------------------------------------------------------
                             11 	.globl _tower_sprite_ghost
                             12 	.globl _tower_sprite_ghostCGB
                             13 	.globl _tower_sprite_ghostPAL
                             14 ;--------------------------------------------------------
                             15 ; special function registers
                             16 ;--------------------------------------------------------
                             17 ;--------------------------------------------------------
                             18 ; ram data
                             19 ;--------------------------------------------------------
                             20 	.area _DATA
                             21 ;--------------------------------------------------------
                             22 ; absolute external ram data
                             23 ;--------------------------------------------------------
                             24 	.area _DABS (ABS)
                             25 ;--------------------------------------------------------
                             26 ; global & static initialisations
                             27 ;--------------------------------------------------------
                             28 	.area _HOME
                             29 	.area _GSINIT
                             30 	.area _GSFINAL
                             31 	.area _GSINIT
                             32 ;--------------------------------------------------------
                             33 ; Home
                             34 ;--------------------------------------------------------
                             35 	.area _HOME
                             36 	.area _HOME
                             37 ;--------------------------------------------------------
                             38 ; code
                             39 ;--------------------------------------------------------
                             40 	.area _CODE_9
                             41 	.area _CODE_9
   0000                      42 _tower_sprite_ghostPAL:
   0000 DD 7F                43 	.dw #0x7fdd
   0002 DD 53                44 	.dw #0x53dd
   0004 B3 03                45 	.dw #0x03b3
   0006 C9 05                46 	.dw #0x05c9
   0008 E0 03                47 	.dw #0x03e0
   000A BD 77                48 	.dw #0x77bd
   000C 10 42                49 	.dw #0x4210
   000E 00 00                50 	.dw #0x0000
   0010 E0 03                51 	.dw #0x03e0
   0012 5A 6B                52 	.dw #0x6b5a
   0014 10 42                53 	.dw #0x4210
   0016 00 00                54 	.dw #0x0000
   0018 E5 1F                55 	.dw #0x1fe5
   001A EC 02                56 	.dw #0x02ec
   001C 03 06                57 	.dw #0x0603
   001E 00 00                58 	.dw #0x0000
   0020 E5 1F                59 	.dw #0x1fe5
   0022 EC 02                60 	.dw #0x02ec
   0024 03 06                61 	.dw #0x0603
   0026 00 00                62 	.dw #0x0000
   0028 E5 1F                63 	.dw #0x1fe5
   002A EC 02                64 	.dw #0x02ec
   002C 03 06                65 	.dw #0x0603
   002E 00 00                66 	.dw #0x0000
   0030 E5 1F                67 	.dw #0x1fe5
   0032 EC 02                68 	.dw #0x02ec
   0034 03 06                69 	.dw #0x0603
   0036 00 00                70 	.dw #0x0000
   0038 E5 1F                71 	.dw #0x1fe5
   003A EC 02                72 	.dw #0x02ec
   003C 03 06                73 	.dw #0x0603
   003E 00 00                74 	.dw #0x0000
   0040                      75 _tower_sprite_ghostCGB:
   0040 00                   76 	.db #0x00	; 0
   0041 00                   77 	.db #0x00	; 0
   0042 00                   78 	.db #0x00	; 0
   0043 00                   79 	.db #0x00	; 0
   0044 00                   80 	.db #0x00	; 0
   0045 00                   81 	.db #0x00	; 0
   0046 00                   82 	.db #0x00	; 0
   0047 00                   83 	.db #0x00	; 0
   0048 00                   84 	.db #0x00	; 0
   0049 00                   85 	.db #0x00	; 0
   004A 00                   86 	.db #0x00	; 0
   004B 00                   87 	.db #0x00	; 0
   004C 00                   88 	.db #0x00	; 0
   004D 00                   89 	.db #0x00	; 0
   004E 00                   90 	.db #0x00	; 0
   004F 00                   91 	.db #0x00	; 0
   0050                      92 _tower_sprite_ghost:
   0050 60                   93 	.db #0x60	; 96
   0051 60                   94 	.db #0x60	; 96
   0052 50                   95 	.db #0x50	; 80	'P'
   0053 70                   96 	.db #0x70	; 112	'p'
   0054 48                   97 	.db #0x48	; 72	'H'
   0055 78                   98 	.db #0x78	; 120	'x'
   0056 48                   99 	.db #0x48	; 72	'H'
   0057 78                  100 	.db #0x78	; 120	'x'
   0058 47                  101 	.db #0x47	; 71	'G'
   0059 7F                  102 	.db #0x7f	; 127
   005A 58                  103 	.db #0x58	; 88	'X'
   005B 7F                  104 	.db #0x7f	; 127
   005C 60                  105 	.db #0x60	; 96
   005D 7F                  106 	.db #0x7f	; 127
   005E B8                  107 	.db #0xb8	; 184
   005F FF                  108 	.db #0xff	; 255
   0060 7E                  109 	.db #0x7e	; 126
   0061 CF                  110 	.db #0xcf	; 207
   0062 7F                  111 	.db #0x7f	; 127
   0063 C3                  112 	.db #0xc3	; 195
   0064 FF                  113 	.db #0xff	; 255
   0065 80                  114 	.db #0x80	; 128
   0066 FF                  115 	.db #0xff	; 255
   0067 8C                  116 	.db #0x8c	; 140
   0068 FF                  117 	.db #0xff	; 255
   0069 8C                  118 	.db #0x8c	; 140
   006A FF                  119 	.db #0xff	; 255
   006B 81                  120 	.db #0x81	; 129
   006C 7E                  121 	.db #0x7e	; 126
   006D C3                  122 	.db #0xc3	; 195
   006E 3C                  123 	.db #0x3c	; 60
   006F FF                  124 	.db #0xff	; 255
   0070 06                  125 	.db #0x06	; 6
   0071 06                  126 	.db #0x06	; 6
   0072 0A                  127 	.db #0x0a	; 10
   0073 0E                  128 	.db #0x0e	; 14
   0074 12                  129 	.db #0x12	; 18
   0075 1E                  130 	.db #0x1e	; 30
   0076 12                  131 	.db #0x12	; 18
   0077 1E                  132 	.db #0x1e	; 30
   0078 E2                  133 	.db #0xe2	; 226
   0079 FE                  134 	.db #0xfe	; 254
   007A 1A                  135 	.db #0x1a	; 26
   007B FE                  136 	.db #0xfe	; 254
   007C 06                  137 	.db #0x06	; 6
   007D FE                  138 	.db #0xfe	; 254
   007E 1F                  139 	.db #0x1f	; 31
   007F FF                  140 	.db #0xff	; 255
   0080 7E                  141 	.db #0x7e	; 126
   0081 F3                  142 	.db #0xf3	; 243
   0082 FE                  143 	.db #0xfe	; 254
   0083 C3                  144 	.db #0xc3	; 195
   0084 FF                  145 	.db #0xff	; 255
   0085 81                  146 	.db #0x81	; 129
   0086 FF                  147 	.db #0xff	; 255
   0087 B1                  148 	.db #0xb1	; 177
   0088 FF                  149 	.db #0xff	; 255
   0089 B1                  150 	.db #0xb1	; 177
   008A FF                  151 	.db #0xff	; 255
   008B 81                  152 	.db #0x81	; 129
   008C 7E                  153 	.db #0x7e	; 126
   008D C3                  154 	.db #0xc3	; 195
   008E 3C                  155 	.db #0x3c	; 60
   008F FF                  156 	.db #0xff	; 255
   0090 E0                  157 	.db #0xe0	; 224
   0091 FF                  158 	.db #0xff	; 255
   0092 FF                  159 	.db #0xff	; 255
   0093 9F                  160 	.db #0x9f	; 159
   0094 FF                  161 	.db #0xff	; 255
   0095 8F                  162 	.db #0x8f	; 143
   0096 FF                  163 	.db #0xff	; 255
   0097 8F                  164 	.db #0x8f	; 143
   0098 7F                  165 	.db #0x7f	; 127
   0099 DF                  166 	.db #0xdf	; 223
   009A 7F                  167 	.db #0x7f	; 127
   009B DF                  168 	.db #0xdf	; 223
   009C 2F                  169 	.db #0x2f	; 47
   009D FF                  170 	.db #0xff	; 255
   009E 83                  171 	.db #0x83	; 131
   009F FF                  172 	.db #0xff	; 255
   00A0 60                  173 	.db #0x60	; 96
   00A1 7F                  174 	.db #0x7f	; 127
   00A2 18                  175 	.db #0x18	; 24
   00A3 1F                  176 	.db #0x1f	; 31
   00A4 07                  177 	.db #0x07	; 7
   00A5 07                  178 	.db #0x07	; 7
   00A6 00                  179 	.db #0x00	; 0
   00A7 00                  180 	.db #0x00	; 0
   00A8 00                  181 	.db #0x00	; 0
   00A9 00                  182 	.db #0x00	; 0
   00AA 00                  183 	.db #0x00	; 0
   00AB 00                  184 	.db #0x00	; 0
   00AC 00                  185 	.db #0x00	; 0
   00AD 00                  186 	.db #0x00	; 0
   00AE 00                  187 	.db #0x00	; 0
   00AF 00                  188 	.db #0x00	; 0
   00B0 07                  189 	.db #0x07	; 7
   00B1 FF                  190 	.db #0xff	; 255
   00B2 FF                  191 	.db #0xff	; 255
   00B3 F9                  192 	.db #0xf9	; 249
   00B4 FF                  193 	.db #0xff	; 255
   00B5 F1                  194 	.db #0xf1	; 241
   00B6 FF                  195 	.db #0xff	; 255
   00B7 F1                  196 	.db #0xf1	; 241
   00B8 FE                  197 	.db #0xfe	; 254
   00B9 FB                  198 	.db #0xfb	; 251
   00BA FE                  199 	.db #0xfe	; 254
   00BB FB                  200 	.db #0xfb	; 251
   00BC F4                  201 	.db #0xf4	; 244
   00BD FF                  202 	.db #0xff	; 255
   00BE C1                  203 	.db #0xc1	; 193
   00BF FF                  204 	.db #0xff	; 255
   00C0 0E                  205 	.db #0x0e	; 14
   00C1 FE                  206 	.db #0xfe	; 254
   00C2 38                  207 	.db #0x38	; 56	'8'
   00C3 F8                  208 	.db #0xf8	; 248
   00C4 E0                  209 	.db #0xe0	; 224
   00C5 E0                  210 	.db #0xe0	; 224
   00C6 00                  211 	.db #0x00	; 0
   00C7 00                  212 	.db #0x00	; 0
   00C8 00                  213 	.db #0x00	; 0
   00C9 00                  214 	.db #0x00	; 0
   00CA 00                  215 	.db #0x00	; 0
   00CB 00                  216 	.db #0x00	; 0
   00CC 00                  217 	.db #0x00	; 0
   00CD 00                  218 	.db #0x00	; 0
   00CE 00                  219 	.db #0x00	; 0
   00CF 00                  220 	.db #0x00	; 0
   00D0 18                  221 	.db #0x18	; 24
   00D1 18                  222 	.db #0x18	; 24
   00D2 24                  223 	.db #0x24	; 36
   00D3 3C                  224 	.db #0x3c	; 60
   00D4 23                  225 	.db #0x23	; 35
   00D5 3F                  226 	.db #0x3f	; 63
   00D6 40                  227 	.db #0x40	; 64
   00D7 7F                  228 	.db #0x7f	; 127
   00D8 53                  229 	.db #0x53	; 83	'S'
   00D9 6C                  230 	.db #0x6c	; 108	'l'
   00DA 55                  231 	.db #0x55	; 85	'U'
   00DB 6A                  232 	.db #0x6a	; 106	'j'
   00DC B5                  233 	.db #0xb5	; 181
   00DD CA                  234 	.db #0xca	; 202
   00DE B6                  235 	.db #0xb6	; 182
   00DF C9                  236 	.db #0xc9	; 201
   00E0 BB                  237 	.db #0xbb	; 187
   00E1 C4                  238 	.db #0xc4	; 196
   00E2 BB                  239 	.db #0xbb	; 187
   00E3 C4                  240 	.db #0xc4	; 196
   00E4 BD                  241 	.db #0xbd	; 189
   00E5 CA                  242 	.db #0xca	; 202
   00E6 B5                  243 	.db #0xb5	; 181
   00E7 D6                  244 	.db #0xd6	; 214
   00E8 A3                  245 	.db #0xa3	; 163
   00E9 E2                  246 	.db #0xe2	; 226
   00EA A3                  247 	.db #0xa3	; 163
   00EB E3                  248 	.db #0xe3	; 227
   00EC C2                  249 	.db #0xc2	; 194
   00ED C2                  250 	.db #0xc2	; 194
   00EE 80                  251 	.db #0x80	; 128
   00EF 80                  252 	.db #0x80	; 128
   00F0 00                  253 	.db #0x00	; 0
   00F1 00                  254 	.db #0x00	; 0
   00F2 01                  255 	.db #0x01	; 1
   00F3 01                  256 	.db #0x01	; 1
   00F4 01                  257 	.db #0x01	; 1
   00F5 01                  258 	.db #0x01	; 1
   00F6 E2                  259 	.db #0xe2	; 226
   00F7 E3                  260 	.db #0xe3	; 227
   00F8 1A                  261 	.db #0x1a	; 26
   00F9 FB                  262 	.db #0xfb	; 251
   00FA E4                  263 	.db #0xe4	; 228
   00FB 1F                  264 	.db #0x1f	; 31
   00FC FC                  265 	.db #0xfc	; 252
   00FD 07                  266 	.db #0x07	; 7
   00FE FC                  267 	.db #0xfc	; 252
   00FF 07                  268 	.db #0x07	; 7
   0100 7C                  269 	.db #0x7c	; 124
   0101 87                  270 	.db #0x87	; 135
   0102 BC                  271 	.db #0xbc	; 188
   0103 47                  272 	.db #0x47	; 71	'G'
   0104 BC                  273 	.db #0xbc	; 188
   0105 4F                  274 	.db #0x4f	; 79	'O'
   0106 D4                  275 	.db #0xd4	; 212
   0107 37                  276 	.db #0x37	; 55	'7'
   0108 D2                  277 	.db #0xd2	; 210
   0109 F3                  278 	.db #0xf3	; 243
   010A 22                  279 	.db #0x22	; 34
   010B 23                  280 	.db #0x23	; 35
   010C 01                  281 	.db #0x01	; 1
   010D 01                  282 	.db #0x01	; 1
   010E 01                  283 	.db #0x01	; 1
   010F 01                  284 	.db #0x01	; 1
   0110 00                  285 	.db #0x00	; 0
   0111 00                  286 	.db #0x00	; 0
   0112 80                  287 	.db #0x80	; 128
   0113 80                  288 	.db #0x80	; 128
   0114 80                  289 	.db #0x80	; 128
   0115 80                  290 	.db #0x80	; 128
   0116 47                  291 	.db #0x47	; 71	'G'
   0117 C7                  292 	.db #0xc7	; 199
   0118 58                  293 	.db #0x58	; 88	'X'
   0119 DF                  294 	.db #0xdf	; 223
   011A 27                  295 	.db #0x27	; 39
   011B F8                  296 	.db #0xf8	; 248
   011C 3F                  297 	.db #0x3f	; 63
   011D E0                  298 	.db #0xe0	; 224
   011E 3F                  299 	.db #0x3f	; 63
   011F E0                  300 	.db #0xe0	; 224
   0120 3E                  301 	.db #0x3e	; 62
   0121 E1                  302 	.db #0xe1	; 225
   0122 3D                  303 	.db #0x3d	; 61
   0123 E2                  304 	.db #0xe2	; 226
   0124 3D                  305 	.db #0x3d	; 61
   0125 F2                  306 	.db #0xf2	; 242
   0126 2B                  307 	.db #0x2b	; 43
   0127 EC                  308 	.db #0xec	; 236
   0128 4B                  309 	.db #0x4b	; 75	'K'
   0129 CF                  310 	.db #0xcf	; 207
   012A 44                  311 	.db #0x44	; 68	'D'
   012B C4                  312 	.db #0xc4	; 196
   012C 80                  313 	.db #0x80	; 128
   012D 80                  314 	.db #0x80	; 128
   012E 80                  315 	.db #0x80	; 128
   012F 80                  316 	.db #0x80	; 128
   0130 18                  317 	.db #0x18	; 24
   0131 18                  318 	.db #0x18	; 24
   0132 24                  319 	.db #0x24	; 36
   0133 3C                  320 	.db #0x3c	; 60
   0134 C4                  321 	.db #0xc4	; 196
   0135 FC                  322 	.db #0xfc	; 252
   0136 02                  323 	.db #0x02	; 2
   0137 FE                  324 	.db #0xfe	; 254
   0138 CA                  325 	.db #0xca	; 202
   0139 36                  326 	.db #0x36	; 54	'6'
   013A AA                  327 	.db #0xaa	; 170
   013B 56                  328 	.db #0x56	; 86	'V'
   013C AD                  329 	.db #0xad	; 173
   013D 53                  330 	.db #0x53	; 83	'S'
   013E 6D                  331 	.db #0x6d	; 109	'm'
   013F 93                  332 	.db #0x93	; 147
   0140 DD                  333 	.db #0xdd	; 221
   0141 23                  334 	.db #0x23	; 35
   0142 DD                  335 	.db #0xdd	; 221
   0143 23                  336 	.db #0x23	; 35
   0144 BD                  337 	.db #0xbd	; 189
   0145 53                  338 	.db #0x53	; 83	'S'
   0146 AD                  339 	.db #0xad	; 173
   0147 6B                  340 	.db #0x6b	; 107	'k'
   0148 C5                  341 	.db #0xc5	; 197
   0149 47                  342 	.db #0x47	; 71	'G'
   014A C5                  343 	.db #0xc5	; 197
   014B C7                  344 	.db #0xc7	; 199
   014C 43                  345 	.db #0x43	; 67	'C'
   014D 43                  346 	.db #0x43	; 67	'C'
   014E 01                  347 	.db #0x01	; 1
   014F 01                  348 	.db #0x01	; 1
   0150 00                  349 	.db #0x00	; 0
   0151 00                  350 	.db #0x00	; 0
   0152 00                  351 	.db #0x00	; 0
   0153 00                  352 	.db #0x00	; 0
   0154 00                  353 	.db #0x00	; 0
   0155 00                  354 	.db #0x00	; 0
   0156 00                  355 	.db #0x00	; 0
   0157 00                  356 	.db #0x00	; 0
   0158 00                  357 	.db #0x00	; 0
   0159 00                  358 	.db #0x00	; 0
   015A 00                  359 	.db #0x00	; 0
   015B 00                  360 	.db #0x00	; 0
   015C 00                  361 	.db #0x00	; 0
   015D 00                  362 	.db #0x00	; 0
   015E 00                  363 	.db #0x00	; 0
   015F 00                  364 	.db #0x00	; 0
   0160 00                  365 	.db #0x00	; 0
   0161 00                  366 	.db #0x00	; 0
   0162 00                  367 	.db #0x00	; 0
   0163 00                  368 	.db #0x00	; 0
   0164 00                  369 	.db #0x00	; 0
   0165 00                  370 	.db #0x00	; 0
   0166 00                  371 	.db #0x00	; 0
   0167 00                  372 	.db #0x00	; 0
   0168 00                  373 	.db #0x00	; 0
   0169 00                  374 	.db #0x00	; 0
   016A 00                  375 	.db #0x00	; 0
   016B 00                  376 	.db #0x00	; 0
   016C 00                  377 	.db #0x00	; 0
   016D 00                  378 	.db #0x00	; 0
   016E 00                  379 	.db #0x00	; 0
   016F 00                  380 	.db #0x00	; 0
   0170 00                  381 	.db #0x00	; 0
   0171 00                  382 	.db #0x00	; 0
   0172 00                  383 	.db #0x00	; 0
   0173 00                  384 	.db #0x00	; 0
   0174 00                  385 	.db #0x00	; 0
   0175 00                  386 	.db #0x00	; 0
   0176 00                  387 	.db #0x00	; 0
   0177 00                  388 	.db #0x00	; 0
   0178 00                  389 	.db #0x00	; 0
   0179 00                  390 	.db #0x00	; 0
   017A 00                  391 	.db #0x00	; 0
   017B 00                  392 	.db #0x00	; 0
   017C 00                  393 	.db #0x00	; 0
   017D 00                  394 	.db #0x00	; 0
   017E 00                  395 	.db #0x00	; 0
   017F 00                  396 	.db #0x00	; 0
   0180 00                  397 	.db #0x00	; 0
   0181 00                  398 	.db #0x00	; 0
   0182 00                  399 	.db #0x00	; 0
   0183 00                  400 	.db #0x00	; 0
   0184 00                  401 	.db #0x00	; 0
   0185 00                  402 	.db #0x00	; 0
   0186 00                  403 	.db #0x00	; 0
   0187 00                  404 	.db #0x00	; 0
   0188 00                  405 	.db #0x00	; 0
   0189 00                  406 	.db #0x00	; 0
   018A 00                  407 	.db #0x00	; 0
   018B 00                  408 	.db #0x00	; 0
   018C 00                  409 	.db #0x00	; 0
   018D 00                  410 	.db #0x00	; 0
   018E 00                  411 	.db #0x00	; 0
   018F 00                  412 	.db #0x00	; 0
   0190 00                  413 	.db #0x00	; 0
   0191 00                  414 	.db #0x00	; 0
   0192 00                  415 	.db #0x00	; 0
   0193 00                  416 	.db #0x00	; 0
   0194 00                  417 	.db #0x00	; 0
   0195 00                  418 	.db #0x00	; 0
   0196 00                  419 	.db #0x00	; 0
   0197 00                  420 	.db #0x00	; 0
   0198 00                  421 	.db #0x00	; 0
   0199 00                  422 	.db #0x00	; 0
   019A 00                  423 	.db #0x00	; 0
   019B 00                  424 	.db #0x00	; 0
   019C 00                  425 	.db #0x00	; 0
   019D 00                  426 	.db #0x00	; 0
   019E 00                  427 	.db #0x00	; 0
   019F 00                  428 	.db #0x00	; 0
   01A0 00                  429 	.db #0x00	; 0
   01A1 00                  430 	.db #0x00	; 0
   01A2 00                  431 	.db #0x00	; 0
   01A3 00                  432 	.db #0x00	; 0
   01A4 00                  433 	.db #0x00	; 0
   01A5 00                  434 	.db #0x00	; 0
   01A6 00                  435 	.db #0x00	; 0
   01A7 00                  436 	.db #0x00	; 0
   01A8 00                  437 	.db #0x00	; 0
   01A9 00                  438 	.db #0x00	; 0
   01AA 00                  439 	.db #0x00	; 0
   01AB 00                  440 	.db #0x00	; 0
   01AC 00                  441 	.db #0x00	; 0
   01AD 00                  442 	.db #0x00	; 0
   01AE 00                  443 	.db #0x00	; 0
   01AF 00                  444 	.db #0x00	; 0
   01B0 00                  445 	.db #0x00	; 0
   01B1 00                  446 	.db #0x00	; 0
   01B2 00                  447 	.db #0x00	; 0
   01B3 00                  448 	.db #0x00	; 0
   01B4 00                  449 	.db #0x00	; 0
   01B5 00                  450 	.db #0x00	; 0
   01B6 00                  451 	.db #0x00	; 0
   01B7 00                  452 	.db #0x00	; 0
   01B8 00                  453 	.db #0x00	; 0
   01B9 00                  454 	.db #0x00	; 0
   01BA 00                  455 	.db #0x00	; 0
   01BB 00                  456 	.db #0x00	; 0
   01BC 00                  457 	.db #0x00	; 0
   01BD 00                  458 	.db #0x00	; 0
   01BE 00                  459 	.db #0x00	; 0
   01BF 00                  460 	.db #0x00	; 0
   01C0 00                  461 	.db #0x00	; 0
   01C1 00                  462 	.db #0x00	; 0
   01C2 00                  463 	.db #0x00	; 0
   01C3 00                  464 	.db #0x00	; 0
   01C4 00                  465 	.db #0x00	; 0
   01C5 00                  466 	.db #0x00	; 0
   01C6 00                  467 	.db #0x00	; 0
   01C7 00                  468 	.db #0x00	; 0
   01C8 00                  469 	.db #0x00	; 0
   01C9 00                  470 	.db #0x00	; 0
   01CA 00                  471 	.db #0x00	; 0
   01CB 00                  472 	.db #0x00	; 0
   01CC 00                  473 	.db #0x00	; 0
   01CD 00                  474 	.db #0x00	; 0
   01CE 00                  475 	.db #0x00	; 0
   01CF 00                  476 	.db #0x00	; 0
   01D0 00                  477 	.db #0x00	; 0
   01D1 00                  478 	.db #0x00	; 0
   01D2 F0                  479 	.db #0xf0	; 240
   01D3 F0                  480 	.db #0xf0	; 240
   01D4 FC                  481 	.db #0xfc	; 252
   01D5 00                  482 	.db #0x00	; 0
   01D6 7C                  483 	.db #0x7c	; 124
   01D7 80                  484 	.db #0x80	; 128
   01D8 F4                  485 	.db #0xf4	; 244
   01D9 08                  486 	.db #0x08	; 8
   01DA BC                  487 	.db #0xbc	; 188
   01DB 40                  488 	.db #0x40	; 64
   01DC E8                  489 	.db #0xe8	; 232
   01DD 14                  490 	.db #0x14	; 20
   01DE 7C                  491 	.db #0x7c	; 124
   01DF 80                  492 	.db #0x80	; 128
   01E0 B4                  493 	.db #0xb4	; 180
   01E1 48                  494 	.db #0x48	; 72	'H'
   01E2 B4                  495 	.db #0xb4	; 180
   01E3 48                  496 	.db #0x48	; 72	'H'
   01E4 80                  497 	.db #0x80	; 128
   01E5 00                  498 	.db #0x00	; 0
   01E6 00                  499 	.db #0x00	; 0
   01E7 00                  500 	.db #0x00	; 0
   01E8 00                  501 	.db #0x00	; 0
   01E9 00                  502 	.db #0x00	; 0
   01EA 00                  503 	.db #0x00	; 0
   01EB 00                  504 	.db #0x00	; 0
   01EC 00                  505 	.db #0x00	; 0
   01ED 00                  506 	.db #0x00	; 0
   01EE 00                  507 	.db #0x00	; 0
   01EF 00                  508 	.db #0x00	; 0
   01F0 00                  509 	.db #0x00	; 0
   01F1 00                  510 	.db #0x00	; 0
   01F2 00                  511 	.db #0x00	; 0
   01F3 00                  512 	.db #0x00	; 0
   01F4 00                  513 	.db #0x00	; 0
   01F5 00                  514 	.db #0x00	; 0
   01F6 00                  515 	.db #0x00	; 0
   01F7 00                  516 	.db #0x00	; 0
   01F8 00                  517 	.db #0x00	; 0
   01F9 00                  518 	.db #0x00	; 0
   01FA 00                  519 	.db #0x00	; 0
   01FB 00                  520 	.db #0x00	; 0
   01FC 00                  521 	.db #0x00	; 0
   01FD 00                  522 	.db #0x00	; 0
   01FE 00                  523 	.db #0x00	; 0
   01FF 00                  524 	.db #0x00	; 0
   0200 00                  525 	.db #0x00	; 0
   0201 00                  526 	.db #0x00	; 0
   0202 00                  527 	.db #0x00	; 0
   0203 00                  528 	.db #0x00	; 0
   0204 00                  529 	.db #0x00	; 0
   0205 00                  530 	.db #0x00	; 0
   0206 00                  531 	.db #0x00	; 0
   0207 00                  532 	.db #0x00	; 0
   0208 00                  533 	.db #0x00	; 0
   0209 00                  534 	.db #0x00	; 0
   020A 00                  535 	.db #0x00	; 0
   020B 00                  536 	.db #0x00	; 0
   020C 00                  537 	.db #0x00	; 0
   020D 00                  538 	.db #0x00	; 0
   020E 00                  539 	.db #0x00	; 0
   020F 00                  540 	.db #0x00	; 0
   0210 00                  541 	.db #0x00	; 0
   0211 00                  542 	.db #0x00	; 0
   0212 F0                  543 	.db #0xf0	; 240
   0213 F0                  544 	.db #0xf0	; 240
   0214 FE                  545 	.db #0xfe	; 254
   0215 00                  546 	.db #0x00	; 0
   0216 7E                  547 	.db #0x7e	; 126
   0217 80                  548 	.db #0x80	; 128
   0218 FE                  549 	.db #0xfe	; 254
   0219 00                  550 	.db #0x00	; 0
   021A FE                  551 	.db #0xfe	; 254
   021B 00                  552 	.db #0x00	; 0
   021C FA                  553 	.db #0xfa	; 250
   021D 04                  554 	.db #0x04	; 4
   021E DE                  555 	.db #0xde	; 222
   021F 20                  556 	.db #0x20	; 32
   0220 74                  557 	.db #0x74	; 116	't'
   0221 8A                  558 	.db #0x8a	; 138
   0222 FE                  559 	.db #0xfe	; 254
   0223 00                  560 	.db #0x00	; 0
   0224 B0                  561 	.db #0xb0	; 176
   0225 48                  562 	.db #0x48	; 72	'H'
   0226 00                  563 	.db #0x00	; 0
   0227 00                  564 	.db #0x00	; 0
   0228 00                  565 	.db #0x00	; 0
   0229 00                  566 	.db #0x00	; 0
   022A 00                  567 	.db #0x00	; 0
   022B 00                  568 	.db #0x00	; 0
   022C 00                  569 	.db #0x00	; 0
   022D 00                  570 	.db #0x00	; 0
   022E 00                  571 	.db #0x00	; 0
   022F 00                  572 	.db #0x00	; 0
   0230 00                  573 	.db #0x00	; 0
   0231 00                  574 	.db #0x00	; 0
   0232 00                  575 	.db #0x00	; 0
   0233 00                  576 	.db #0x00	; 0
   0234 00                  577 	.db #0x00	; 0
   0235 00                  578 	.db #0x00	; 0
   0236 00                  579 	.db #0x00	; 0
   0237 00                  580 	.db #0x00	; 0
   0238 00                  581 	.db #0x00	; 0
   0239 00                  582 	.db #0x00	; 0
   023A 00                  583 	.db #0x00	; 0
   023B 00                  584 	.db #0x00	; 0
   023C 00                  585 	.db #0x00	; 0
   023D 00                  586 	.db #0x00	; 0
   023E 00                  587 	.db #0x00	; 0
   023F 00                  588 	.db #0x00	; 0
   0240 00                  589 	.db #0x00	; 0
   0241 00                  590 	.db #0x00	; 0
   0242 00                  591 	.db #0x00	; 0
   0243 00                  592 	.db #0x00	; 0
   0244 00                  593 	.db #0x00	; 0
   0245 00                  594 	.db #0x00	; 0
   0246 00                  595 	.db #0x00	; 0
   0247 00                  596 	.db #0x00	; 0
   0248 00                  597 	.db #0x00	; 0
   0249 00                  598 	.db #0x00	; 0
   024A 00                  599 	.db #0x00	; 0
   024B 00                  600 	.db #0x00	; 0
   024C 00                  601 	.db #0x00	; 0
   024D 00                  602 	.db #0x00	; 0
   024E 00                  603 	.db #0x00	; 0
   024F 00                  604 	.db #0x00	; 0
                            605 	.area _CABS (ABS)
