                              1 ;--------------------------------------------------------
                              2 ; File Created by SDCC : free open source ANSI-C Compiler
                              3 ; Version 4.0.0 #11528 (MINGW32)
                              4 ;--------------------------------------------------------
                              5 	.module C__Users_Mills_AppData_Local_Temp_lcc37161
                              6 	.optsdcc -mgbz80
                              7 	
                              8 ;--------------------------------------------------------
                              9 ; Public variables in this module
                             10 ;--------------------------------------------------------
                             11 	.globl _Vector_MapPLN1
                             12 	.globl _Vector_MapPLN0
                             13 ;--------------------------------------------------------
                             14 ; special function registers
                             15 ;--------------------------------------------------------
                             16 ;--------------------------------------------------------
                             17 ; ram data
                             18 ;--------------------------------------------------------
                             19 	.area _DATA
                             20 ;--------------------------------------------------------
                             21 ; absolute external ram data
                             22 ;--------------------------------------------------------
                             23 	.area _DABS (ABS)
                             24 ;--------------------------------------------------------
                             25 ; global & static initialisations
                             26 ;--------------------------------------------------------
                             27 	.area _HOME
                             28 	.area _GSINIT
                             29 	.area _GSFINAL
                             30 	.area _GSINIT
                             31 ;--------------------------------------------------------
                             32 ; Home
                             33 ;--------------------------------------------------------
                             34 	.area _HOME
                             35 	.area _HOME
                             36 ;--------------------------------------------------------
                             37 ; code
                             38 ;--------------------------------------------------------
                             39 	.area _CODE_12
                             40 	.area _CODE_12
   0000                      41 _Vector_MapPLN0:
   0000 12                   42 	.db #0x12	; 18
   0001 12                   43 	.db #0x12	; 18
   0002 12                   44 	.db #0x12	; 18
   0003 12                   45 	.db #0x12	; 18
   0004 12                   46 	.db #0x12	; 18
   0005 12                   47 	.db #0x12	; 18
   0006 12                   48 	.db #0x12	; 18
   0007 12                   49 	.db #0x12	; 18
   0008 12                   50 	.db #0x12	; 18
   0009 12                   51 	.db #0x12	; 18
   000A 12                   52 	.db #0x12	; 18
   000B 12                   53 	.db #0x12	; 18
   000C 12                   54 	.db #0x12	; 18
   000D 12                   55 	.db #0x12	; 18
   000E 12                   56 	.db #0x12	; 18
   000F 12                   57 	.db #0x12	; 18
   0010 12                   58 	.db #0x12	; 18
   0011 12                   59 	.db #0x12	; 18
   0012 0C                   60 	.db #0x0c	; 12
   0013 07                   61 	.db #0x07	; 7
   0014 12                   62 	.db #0x12	; 18
   0015 12                   63 	.db #0x12	; 18
   0016 12                   64 	.db #0x12	; 18
   0017 12                   65 	.db #0x12	; 18
   0018 12                   66 	.db #0x12	; 18
   0019 12                   67 	.db #0x12	; 18
   001A 12                   68 	.db #0x12	; 18
   001B 12                   69 	.db #0x12	; 18
   001C 12                   70 	.db #0x12	; 18
   001D 12                   71 	.db #0x12	; 18
   001E 12                   72 	.db #0x12	; 18
   001F 12                   73 	.db #0x12	; 18
   0020 12                   74 	.db #0x12	; 18
   0021 12                   75 	.db #0x12	; 18
   0022 12                   76 	.db #0x12	; 18
   0023 12                   77 	.db #0x12	; 18
   0024 12                   78 	.db #0x12	; 18
   0025 12                   79 	.db #0x12	; 18
   0026 12                   80 	.db #0x12	; 18
   0027 12                   81 	.db #0x12	; 18
   0028 12                   82 	.db #0x12	; 18
   0029 05                   83 	.db #0x05	; 5
   002A 0C                   84 	.db #0x0c	; 12
   002B 07                   85 	.db #0x07	; 7
   002C 12                   86 	.db #0x12	; 18
   002D 12                   87 	.db #0x12	; 18
   002E 12                   88 	.db #0x12	; 18
   002F 12                   89 	.db #0x12	; 18
   0030 12                   90 	.db #0x12	; 18
   0031 0C                   91 	.db #0x0c	; 12
   0032 06                   92 	.db #0x06	; 6
   0033 0D                   93 	.db #0x0d	; 13
   0034 0A                   94 	.db #0x0a	; 10
   0035 07                   95 	.db #0x07	; 7
   0036 12                   96 	.db #0x12	; 18
   0037 12                   97 	.db #0x12	; 18
   0038 12                   98 	.db #0x12	; 18
   0039 12                   99 	.db #0x12	; 18
   003A 12                  100 	.db #0x12	; 18
   003B 12                  101 	.db #0x12	; 18
   003C 05                  102 	.db #0x05	; 5
   003D 05                  103 	.db #0x05	; 5
   003E 05                  104 	.db #0x05	; 5
   003F 12                  105 	.db #0x12	; 18
   0040 12                  106 	.db #0x12	; 18
   0041 12                  107 	.db #0x12	; 18
   0042 12                  108 	.db #0x12	; 18
   0043 12                  109 	.db #0x12	; 18
   0044 0C                  110 	.db #0x0c	; 12
   0045 07                  111 	.db #0x07	; 7
   0046 12                  112 	.db #0x12	; 18
   0047 12                  113 	.db #0x12	; 18
   0048 12                  114 	.db #0x12	; 18
   0049 05                  115 	.db #0x05	; 5
   004A 0B                  116 	.db #0x0b	; 11
   004B 08                  117 	.db #0x08	; 8
   004C 12                  118 	.db #0x12	; 18
   004D 0C                  119 	.db #0x0c	; 12
   004E 07                  120 	.db #0x07	; 7
   004F 12                  121 	.db #0x12	; 18
   0050 12                  122 	.db #0x12	; 18
   0051 0B                  123 	.db #0x0b	; 11
   0052 09                  124 	.db #0x09	; 9
   0053 09                  125 	.db #0x09	; 9
   0054 09                  126 	.db #0x09	; 9
   0055 08                  127 	.db #0x08	; 8
   0056 12                  128 	.db #0x12	; 18
   0057 12                  129 	.db #0x12	; 18
   0058 0C                  130 	.db #0x0c	; 12
   0059 0A                  131 	.db #0x0a	; 10
   005A 07                  132 	.db #0x07	; 7
   005B 05                  133 	.db #0x05	; 5
   005C 05                  134 	.db #0x05	; 5
   005D 05                  135 	.db #0x05	; 5
   005E 05                  136 	.db #0x05	; 5
   005F 12                  137 	.db #0x12	; 18
   0060 12                  138 	.db #0x12	; 18
   0061 05                  139 	.db #0x05	; 5
   0062 05                  140 	.db #0x05	; 5
   0063 05                  141 	.db #0x05	; 5
   0064 0B                  142 	.db #0x0b	; 11
   0065 06                  143 	.db #0x06	; 6
   0066 07                  144 	.db #0x07	; 7
   0067 0C                  145 	.db #0x0c	; 12
   0068 07                  146 	.db #0x07	; 7
   0069 12                  147 	.db #0x12	; 18
   006A 12                  148 	.db #0x12	; 18
   006B 12                  149 	.db #0x12	; 18
   006C 0C                  150 	.db #0x0c	; 12
   006D 0D                  151 	.db #0x0d	; 13
   006E 06                  152 	.db #0x06	; 6
   006F 07                  153 	.db #0x07	; 7
   0070 12                  154 	.db #0x12	; 18
   0071 12                  155 	.db #0x12	; 18
   0072 12                  156 	.db #0x12	; 18
   0073 12                  157 	.db #0x12	; 18
   0074 12                  158 	.db #0x12	; 18
   0075 12                  159 	.db #0x12	; 18
   0076 12                  160 	.db #0x12	; 18
   0077 0C                  161 	.db #0x0c	; 12
   0078 06                  162 	.db #0x06	; 6
   0079 0D                  163 	.db #0x0d	; 13
   007A 0E                  164 	.db #0x0e	; 14
   007B 07                  165 	.db #0x07	; 7
   007C 05                  166 	.db #0x05	; 5
   007D 05                  167 	.db #0x05	; 5
   007E 0C                  168 	.db #0x0c	; 12
   007F 07                  169 	.db #0x07	; 7
   0080 0A                  170 	.db #0x0a	; 10
   0081 07                  171 	.db #0x07	; 7
   0082 05                  172 	.db #0x05	; 5
   0083 05                  173 	.db #0x05	; 5
   0084 0C                  174 	.db #0x0c	; 12
   0085 06                  175 	.db #0x06	; 6
   0086 0E                  176 	.db #0x0e	; 14
   0087 06                  177 	.db #0x06	; 6
   0088 08                  178 	.db #0x08	; 8
   0089 12                  179 	.db #0x12	; 18
   008A 12                  180 	.db #0x12	; 18
   008B 12                  181 	.db #0x12	; 18
   008C 0B                  182 	.db #0x0b	; 11
   008D 09                  183 	.db #0x09	; 9
   008E 09                  184 	.db #0x09	; 9
   008F 08                  185 	.db #0x08	; 8
   0090 0C                  186 	.db #0x0c	; 12
   0091 07                  187 	.db #0x07	; 7
   0092 0C                  188 	.db #0x0c	; 12
   0093 07                  189 	.db #0x07	; 7
   0094 12                  190 	.db #0x12	; 18
   0095 12                  191 	.db #0x12	; 18
   0096 0C                  192 	.db #0x0c	; 12
   0097 06                  193 	.db #0x06	; 6
   0098 0D                  194 	.db #0x0d	; 13
   0099 06                  195 	.db #0x06	; 6
   009A 06                  196 	.db #0x06	; 6
   009B 08                  197 	.db #0x08	; 8
   009C 12                  198 	.db #0x12	; 18
   009D 0C                  199 	.db #0x0c	; 12
   009E 0E                  200 	.db #0x0e	; 14
   009F 06                  201 	.db #0x06	; 6
   00A0 06                  202 	.db #0x06	; 6
   00A1 08                  203 	.db #0x08	; 8
   00A2 05                  204 	.db #0x05	; 5
   00A3 05                  205 	.db #0x05	; 5
   00A4 0B                  206 	.db #0x0b	; 11
   00A5 09                  207 	.db #0x09	; 9
   00A6 09                  208 	.db #0x09	; 9
   00A7 08                  209 	.db #0x08	; 8
   00A8 12                  210 	.db #0x12	; 18
   00A9 12                  211 	.db #0x12	; 18
   00AA 12                  212 	.db #0x12	; 18
   00AB 12                  213 	.db #0x12	; 18
   00AC 12                  214 	.db #0x12	; 18
   00AD 12                  215 	.db #0x12	; 18
   00AE 12                  216 	.db #0x12	; 18
   00AF 0C                  217 	.db #0x0c	; 12
   00B0 0D                  218 	.db #0x0d	; 13
   00B1 0E                  219 	.db #0x0e	; 14
   00B2 06                  220 	.db #0x06	; 6
   00B3 08                  221 	.db #0x08	; 8
   00B4 12                  222 	.db #0x12	; 18
   00B5 12                  223 	.db #0x12	; 18
   00B6 0B                  224 	.db #0x0b	; 11
   00B7 09                  225 	.db #0x09	; 9
   00B8 09                  226 	.db #0x09	; 9
   00B9 09                  227 	.db #0x09	; 9
   00BA 08                  228 	.db #0x08	; 8
   00BB 12                  229 	.db #0x12	; 18
   00BC 12                  230 	.db #0x12	; 18
   00BD 0B                  231 	.db #0x0b	; 11
   00BE 06                  232 	.db #0x06	; 6
   00BF 06                  233 	.db #0x06	; 6
   00C0 08                  234 	.db #0x08	; 8
   00C1 12                  235 	.db #0x12	; 18
   00C2 12                  236 	.db #0x12	; 18
   00C3 12                  237 	.db #0x12	; 18
   00C4 12                  238 	.db #0x12	; 18
   00C5 12                  239 	.db #0x12	; 18
   00C6 12                  240 	.db #0x12	; 18
   00C7 12                  241 	.db #0x12	; 18
   00C8 12                  242 	.db #0x12	; 18
   00C9 12                  243 	.db #0x12	; 18
   00CA 12                  244 	.db #0x12	; 18
   00CB 12                  245 	.db #0x12	; 18
   00CC 12                  246 	.db #0x12	; 18
   00CD 12                  247 	.db #0x12	; 18
   00CE 12                  248 	.db #0x12	; 18
   00CF 0B                  249 	.db #0x0b	; 11
   00D0 09                  250 	.db #0x09	; 9
   00D1 09                  251 	.db #0x09	; 9
   00D2 08                  252 	.db #0x08	; 8
   00D3 12                  253 	.db #0x12	; 18
   00D4 12                  254 	.db #0x12	; 18
   00D5 12                  255 	.db #0x12	; 18
   00D6 12                  256 	.db #0x12	; 18
   00D7 12                  257 	.db #0x12	; 18
   00D8 12                  258 	.db #0x12	; 18
   00D9 12                  259 	.db #0x12	; 18
   00DA 12                  260 	.db #0x12	; 18
   00DB 12                  261 	.db #0x12	; 18
   00DC 12                  262 	.db #0x12	; 18
   00DD 12                  263 	.db #0x12	; 18
   00DE 0B                  264 	.db #0x0b	; 11
   00DF 09                  265 	.db #0x09	; 9
   00E0 12                  266 	.db #0x12	; 18
   00E1 12                  267 	.db #0x12	; 18
   00E2 12                  268 	.db #0x12	; 18
   00E3 12                  269 	.db #0x12	; 18
   00E4 12                  270 	.db #0x12	; 18
   00E5 12                  271 	.db #0x12	; 18
   00E6 12                  272 	.db #0x12	; 18
   00E7 12                  273 	.db #0x12	; 18
   00E8 12                  274 	.db #0x12	; 18
   00E9 12                  275 	.db #0x12	; 18
   00EA 12                  276 	.db #0x12	; 18
   00EB 12                  277 	.db #0x12	; 18
   00EC 12                  278 	.db #0x12	; 18
   00ED 12                  279 	.db #0x12	; 18
   00EE 12                  280 	.db #0x12	; 18
   00EF 12                  281 	.db #0x12	; 18
   00F0 12                  282 	.db #0x12	; 18
   00F1 12                  283 	.db #0x12	; 18
   00F2 12                  284 	.db #0x12	; 18
   00F3 12                  285 	.db #0x12	; 18
   00F4 12                  286 	.db #0x12	; 18
   00F5 12                  287 	.db #0x12	; 18
   00F6 12                  288 	.db #0x12	; 18
   00F7 12                  289 	.db #0x12	; 18
   00F8 12                  290 	.db #0x12	; 18
   00F9 12                  291 	.db #0x12	; 18
   00FA 12                  292 	.db #0x12	; 18
   00FB 12                  293 	.db #0x12	; 18
   00FC 12                  294 	.db #0x12	; 18
   00FD 12                  295 	.db #0x12	; 18
   00FE 12                  296 	.db #0x12	; 18
   00FF 12                  297 	.db #0x12	; 18
   0100 12                  298 	.db #0x12	; 18
   0101 12                  299 	.db #0x12	; 18
   0102 12                  300 	.db #0x12	; 18
   0103 12                  301 	.db #0x12	; 18
   0104 12                  302 	.db #0x12	; 18
   0105 12                  303 	.db #0x12	; 18
   0106 12                  304 	.db #0x12	; 18
   0107 12                  305 	.db #0x12	; 18
   0108 12                  306 	.db #0x12	; 18
   0109 12                  307 	.db #0x12	; 18
   010A 12                  308 	.db #0x12	; 18
   010B 12                  309 	.db #0x12	; 18
   010C 12                  310 	.db #0x12	; 18
   010D 12                  311 	.db #0x12	; 18
   010E 12                  312 	.db #0x12	; 18
   010F 12                  313 	.db #0x12	; 18
   0110 12                  314 	.db #0x12	; 18
   0111 12                  315 	.db #0x12	; 18
   0112 12                  316 	.db #0x12	; 18
   0113 12                  317 	.db #0x12	; 18
   0114 12                  318 	.db #0x12	; 18
   0115 12                  319 	.db #0x12	; 18
   0116 12                  320 	.db #0x12	; 18
   0117 12                  321 	.db #0x12	; 18
   0118 12                  322 	.db #0x12	; 18
   0119 12                  323 	.db #0x12	; 18
   011A 12                  324 	.db #0x12	; 18
   011B 12                  325 	.db #0x12	; 18
   011C 12                  326 	.db #0x12	; 18
   011D 12                  327 	.db #0x12	; 18
   011E 12                  328 	.db #0x12	; 18
   011F 12                  329 	.db #0x12	; 18
   0120 12                  330 	.db #0x12	; 18
   0121 12                  331 	.db #0x12	; 18
   0122 12                  332 	.db #0x12	; 18
   0123 12                  333 	.db #0x12	; 18
   0124 12                  334 	.db #0x12	; 18
   0125 12                  335 	.db #0x12	; 18
   0126 12                  336 	.db #0x12	; 18
   0127 12                  337 	.db #0x12	; 18
   0128 12                  338 	.db #0x12	; 18
   0129 12                  339 	.db #0x12	; 18
   012A 12                  340 	.db #0x12	; 18
   012B 12                  341 	.db #0x12	; 18
   012C 12                  342 	.db #0x12	; 18
   012D 12                  343 	.db #0x12	; 18
   012E 12                  344 	.db #0x12	; 18
   012F 12                  345 	.db #0x12	; 18
   0130 12                  346 	.db #0x12	; 18
   0131 12                  347 	.db #0x12	; 18
   0132 12                  348 	.db #0x12	; 18
   0133 12                  349 	.db #0x12	; 18
   0134 12                  350 	.db #0x12	; 18
   0135 12                  351 	.db #0x12	; 18
   0136 12                  352 	.db #0x12	; 18
   0137 12                  353 	.db #0x12	; 18
   0138 12                  354 	.db #0x12	; 18
   0139 12                  355 	.db #0x12	; 18
   013A 12                  356 	.db #0x12	; 18
   013B 12                  357 	.db #0x12	; 18
   013C 12                  358 	.db #0x12	; 18
   013D 12                  359 	.db #0x12	; 18
   013E 12                  360 	.db #0x12	; 18
   013F 12                  361 	.db #0x12	; 18
   0140 12                  362 	.db #0x12	; 18
   0141 12                  363 	.db #0x12	; 18
   0142 12                  364 	.db #0x12	; 18
   0143 12                  365 	.db #0x12	; 18
   0144 12                  366 	.db #0x12	; 18
   0145 12                  367 	.db #0x12	; 18
   0146 12                  368 	.db #0x12	; 18
   0147 12                  369 	.db #0x12	; 18
   0148 12                  370 	.db #0x12	; 18
   0149 12                  371 	.db #0x12	; 18
   014A 12                  372 	.db #0x12	; 18
   014B 12                  373 	.db #0x12	; 18
   014C 12                  374 	.db #0x12	; 18
   014D 12                  375 	.db #0x12	; 18
   014E 12                  376 	.db #0x12	; 18
   014F 12                  377 	.db #0x12	; 18
   0150 12                  378 	.db #0x12	; 18
   0151 12                  379 	.db #0x12	; 18
   0152 12                  380 	.db #0x12	; 18
   0153 12                  381 	.db #0x12	; 18
   0154 12                  382 	.db #0x12	; 18
   0155 12                  383 	.db #0x12	; 18
   0156 12                  384 	.db #0x12	; 18
   0157 12                  385 	.db #0x12	; 18
   0158 12                  386 	.db #0x12	; 18
   0159 12                  387 	.db #0x12	; 18
   015A 12                  388 	.db #0x12	; 18
   015B 12                  389 	.db #0x12	; 18
   015C 12                  390 	.db #0x12	; 18
   015D 12                  391 	.db #0x12	; 18
   015E 12                  392 	.db #0x12	; 18
   015F 12                  393 	.db #0x12	; 18
   0160 12                  394 	.db #0x12	; 18
   0161 12                  395 	.db #0x12	; 18
   0162 12                  396 	.db #0x12	; 18
   0163 12                  397 	.db #0x12	; 18
   0164 12                  398 	.db #0x12	; 18
   0165 12                  399 	.db #0x12	; 18
   0166 12                  400 	.db #0x12	; 18
   0167 12                  401 	.db #0x12	; 18
   0168 12                  402 	.db #0x12	; 18
   0169 12                  403 	.db #0x12	; 18
   016A 12                  404 	.db #0x12	; 18
   016B 12                  405 	.db #0x12	; 18
   016C 12                  406 	.db #0x12	; 18
   016D 12                  407 	.db #0x12	; 18
   016E 12                  408 	.db #0x12	; 18
   016F 12                  409 	.db #0x12	; 18
   0170 12                  410 	.db #0x12	; 18
   0171 12                  411 	.db #0x12	; 18
   0172 12                  412 	.db #0x12	; 18
   0173 12                  413 	.db #0x12	; 18
   0174 12                  414 	.db #0x12	; 18
   0175 12                  415 	.db #0x12	; 18
   0176 12                  416 	.db #0x12	; 18
   0177 12                  417 	.db #0x12	; 18
   0178 12                  418 	.db #0x12	; 18
   0179 12                  419 	.db #0x12	; 18
   017A 12                  420 	.db #0x12	; 18
   017B 12                  421 	.db #0x12	; 18
   017C 12                  422 	.db #0x12	; 18
   017D 12                  423 	.db #0x12	; 18
   017E 12                  424 	.db #0x12	; 18
   017F 12                  425 	.db #0x12	; 18
   0180 12                  426 	.db #0x12	; 18
   0181 12                  427 	.db #0x12	; 18
   0182 12                  428 	.db #0x12	; 18
   0183 12                  429 	.db #0x12	; 18
   0184 12                  430 	.db #0x12	; 18
   0185 12                  431 	.db #0x12	; 18
   0186 12                  432 	.db #0x12	; 18
   0187 12                  433 	.db #0x12	; 18
   0188 12                  434 	.db #0x12	; 18
   0189 12                  435 	.db #0x12	; 18
   018A 12                  436 	.db #0x12	; 18
   018B 12                  437 	.db #0x12	; 18
   018C 12                  438 	.db #0x12	; 18
   018D 12                  439 	.db #0x12	; 18
   018E 12                  440 	.db #0x12	; 18
   018F 12                  441 	.db #0x12	; 18
   0190 12                  442 	.db #0x12	; 18
   0191 12                  443 	.db #0x12	; 18
   0192 12                  444 	.db #0x12	; 18
   0193 12                  445 	.db #0x12	; 18
   0194 12                  446 	.db #0x12	; 18
   0195 12                  447 	.db #0x12	; 18
   0196 12                  448 	.db #0x12	; 18
   0197 12                  449 	.db #0x12	; 18
   0198 12                  450 	.db #0x12	; 18
   0199 12                  451 	.db #0x12	; 18
   019A 12                  452 	.db #0x12	; 18
   019B 12                  453 	.db #0x12	; 18
   019C 12                  454 	.db #0x12	; 18
   019D 12                  455 	.db #0x12	; 18
   019E 12                  456 	.db #0x12	; 18
   019F 12                  457 	.db #0x12	; 18
   01A0 12                  458 	.db #0x12	; 18
   01A1 12                  459 	.db #0x12	; 18
   01A2 12                  460 	.db #0x12	; 18
   01A3 12                  461 	.db #0x12	; 18
   01A4 12                  462 	.db #0x12	; 18
   01A5 12                  463 	.db #0x12	; 18
   01A6 12                  464 	.db #0x12	; 18
   01A7 12                  465 	.db #0x12	; 18
   01A8 12                  466 	.db #0x12	; 18
   01A9 12                  467 	.db #0x12	; 18
   01AA 12                  468 	.db #0x12	; 18
   01AB 12                  469 	.db #0x12	; 18
   01AC 12                  470 	.db #0x12	; 18
   01AD 12                  471 	.db #0x12	; 18
   01AE 12                  472 	.db #0x12	; 18
   01AF 12                  473 	.db #0x12	; 18
   01B0 12                  474 	.db #0x12	; 18
   01B1 12                  475 	.db #0x12	; 18
   01B2 12                  476 	.db #0x12	; 18
   01B3 12                  477 	.db #0x12	; 18
   01B4 12                  478 	.db #0x12	; 18
   01B5 12                  479 	.db #0x12	; 18
   01B6 12                  480 	.db #0x12	; 18
   01B7 12                  481 	.db #0x12	; 18
   01B8 12                  482 	.db #0x12	; 18
   01B9 12                  483 	.db #0x12	; 18
   01BA 12                  484 	.db #0x12	; 18
   01BB 12                  485 	.db #0x12	; 18
   01BC 12                  486 	.db #0x12	; 18
   01BD 12                  487 	.db #0x12	; 18
   01BE 12                  488 	.db #0x12	; 18
   01BF 12                  489 	.db #0x12	; 18
   01C0 12                  490 	.db #0x12	; 18
   01C1 12                  491 	.db #0x12	; 18
   01C2 12                  492 	.db #0x12	; 18
   01C3 12                  493 	.db #0x12	; 18
   01C4 12                  494 	.db #0x12	; 18
   01C5 12                  495 	.db #0x12	; 18
   01C6 12                  496 	.db #0x12	; 18
   01C7 12                  497 	.db #0x12	; 18
   01C8 12                  498 	.db #0x12	; 18
   01C9 12                  499 	.db #0x12	; 18
   01CA 12                  500 	.db #0x12	; 18
   01CB 12                  501 	.db #0x12	; 18
   01CC 12                  502 	.db #0x12	; 18
   01CD 12                  503 	.db #0x12	; 18
   01CE 12                  504 	.db #0x12	; 18
   01CF 12                  505 	.db #0x12	; 18
   01D0 12                  506 	.db #0x12	; 18
   01D1 12                  507 	.db #0x12	; 18
   01D2 12                  508 	.db #0x12	; 18
   01D3 12                  509 	.db #0x12	; 18
   01D4 12                  510 	.db #0x12	; 18
   01D5 12                  511 	.db #0x12	; 18
   01D6 12                  512 	.db #0x12	; 18
   01D7 12                  513 	.db #0x12	; 18
   01D8 12                  514 	.db #0x12	; 18
   01D9 12                  515 	.db #0x12	; 18
   01DA 12                  516 	.db #0x12	; 18
   01DB 12                  517 	.db #0x12	; 18
   01DC 12                  518 	.db #0x12	; 18
   01DD 12                  519 	.db #0x12	; 18
   01DE 12                  520 	.db #0x12	; 18
   01DF 12                  521 	.db #0x12	; 18
   01E0 12                  522 	.db #0x12	; 18
   01E1 12                  523 	.db #0x12	; 18
   01E2 12                  524 	.db #0x12	; 18
   01E3 12                  525 	.db #0x12	; 18
   01E4 12                  526 	.db #0x12	; 18
   01E5 12                  527 	.db #0x12	; 18
   01E6 12                  528 	.db #0x12	; 18
   01E7 12                  529 	.db #0x12	; 18
   01E8 12                  530 	.db #0x12	; 18
   01E9 12                  531 	.db #0x12	; 18
   01EA 12                  532 	.db #0x12	; 18
   01EB 12                  533 	.db #0x12	; 18
   01EC 12                  534 	.db #0x12	; 18
   01ED 12                  535 	.db #0x12	; 18
   01EE 12                  536 	.db #0x12	; 18
   01EF 12                  537 	.db #0x12	; 18
   01F0 12                  538 	.db #0x12	; 18
   01F1 12                  539 	.db #0x12	; 18
   01F2 12                  540 	.db #0x12	; 18
   01F3 12                  541 	.db #0x12	; 18
   01F4 12                  542 	.db #0x12	; 18
   01F5 12                  543 	.db #0x12	; 18
   01F6 12                  544 	.db #0x12	; 18
   01F7 12                  545 	.db #0x12	; 18
   01F8 12                  546 	.db #0x12	; 18
   01F9 12                  547 	.db #0x12	; 18
   01FA 12                  548 	.db #0x12	; 18
   01FB 12                  549 	.db #0x12	; 18
   01FC 12                  550 	.db #0x12	; 18
   01FD 12                  551 	.db #0x12	; 18
   01FE 12                  552 	.db #0x12	; 18
   01FF 12                  553 	.db #0x12	; 18
   0200 12                  554 	.db #0x12	; 18
   0201 12                  555 	.db #0x12	; 18
   0202 12                  556 	.db #0x12	; 18
   0203 12                  557 	.db #0x12	; 18
   0204 12                  558 	.db #0x12	; 18
   0205 12                  559 	.db #0x12	; 18
   0206 12                  560 	.db #0x12	; 18
   0207 12                  561 	.db #0x12	; 18
   0208 12                  562 	.db #0x12	; 18
   0209 12                  563 	.db #0x12	; 18
   020A 12                  564 	.db #0x12	; 18
   020B 12                  565 	.db #0x12	; 18
   020C 12                  566 	.db #0x12	; 18
   020D 12                  567 	.db #0x12	; 18
   020E 12                  568 	.db #0x12	; 18
   020F 12                  569 	.db #0x12	; 18
   0210 12                  570 	.db #0x12	; 18
   0211 12                  571 	.db #0x12	; 18
   0212 12                  572 	.db #0x12	; 18
   0213 12                  573 	.db #0x12	; 18
   0214 12                  574 	.db #0x12	; 18
   0215 12                  575 	.db #0x12	; 18
   0216 12                  576 	.db #0x12	; 18
   0217 12                  577 	.db #0x12	; 18
   0218 12                  578 	.db #0x12	; 18
   0219 12                  579 	.db #0x12	; 18
   021A 12                  580 	.db #0x12	; 18
   021B 12                  581 	.db #0x12	; 18
   021C 12                  582 	.db #0x12	; 18
   021D 12                  583 	.db #0x12	; 18
   021E 12                  584 	.db #0x12	; 18
   021F 12                  585 	.db #0x12	; 18
   0220 12                  586 	.db #0x12	; 18
   0221 12                  587 	.db #0x12	; 18
   0222 12                  588 	.db #0x12	; 18
   0223 12                  589 	.db #0x12	; 18
   0224 12                  590 	.db #0x12	; 18
   0225 12                  591 	.db #0x12	; 18
   0226 12                  592 	.db #0x12	; 18
   0227 12                  593 	.db #0x12	; 18
   0228 12                  594 	.db #0x12	; 18
   0229 12                  595 	.db #0x12	; 18
   022A 12                  596 	.db #0x12	; 18
   022B 12                  597 	.db #0x12	; 18
   022C 12                  598 	.db #0x12	; 18
   022D 12                  599 	.db #0x12	; 18
   022E 12                  600 	.db #0x12	; 18
   022F 12                  601 	.db #0x12	; 18
   0230 12                  602 	.db #0x12	; 18
   0231 12                  603 	.db #0x12	; 18
   0232 12                  604 	.db #0x12	; 18
   0233 12                  605 	.db #0x12	; 18
   0234 12                  606 	.db #0x12	; 18
   0235 12                  607 	.db #0x12	; 18
   0236 12                  608 	.db #0x12	; 18
   0237 12                  609 	.db #0x12	; 18
   0238 12                  610 	.db #0x12	; 18
   0239 12                  611 	.db #0x12	; 18
   023A 12                  612 	.db #0x12	; 18
   023B 12                  613 	.db #0x12	; 18
   023C 12                  614 	.db #0x12	; 18
   023D 12                  615 	.db #0x12	; 18
   023E 12                  616 	.db #0x12	; 18
   023F 12                  617 	.db #0x12	; 18
   0240                     618 _Vector_MapPLN1:
   0240 02                  619 	.db #0x02	; 2
   0241 02                  620 	.db #0x02	; 2
   0242 02                  621 	.db #0x02	; 2
   0243 02                  622 	.db #0x02	; 2
   0244 02                  623 	.db #0x02	; 2
   0245 02                  624 	.db #0x02	; 2
   0246 02                  625 	.db #0x02	; 2
   0247 02                  626 	.db #0x02	; 2
   0248 02                  627 	.db #0x02	; 2
   0249 02                  628 	.db #0x02	; 2
   024A 02                  629 	.db #0x02	; 2
   024B 02                  630 	.db #0x02	; 2
   024C 02                  631 	.db #0x02	; 2
   024D 02                  632 	.db #0x02	; 2
   024E 02                  633 	.db #0x02	; 2
   024F 02                  634 	.db #0x02	; 2
   0250 02                  635 	.db #0x02	; 2
   0251 02                  636 	.db #0x02	; 2
   0252 02                  637 	.db #0x02	; 2
   0253 02                  638 	.db #0x02	; 2
   0254 02                  639 	.db #0x02	; 2
   0255 02                  640 	.db #0x02	; 2
   0256 02                  641 	.db #0x02	; 2
   0257 02                  642 	.db #0x02	; 2
   0258 02                  643 	.db #0x02	; 2
   0259 02                  644 	.db #0x02	; 2
   025A 02                  645 	.db #0x02	; 2
   025B 02                  646 	.db #0x02	; 2
   025C 02                  647 	.db #0x02	; 2
   025D 02                  648 	.db #0x02	; 2
   025E 02                  649 	.db #0x02	; 2
   025F 02                  650 	.db #0x02	; 2
   0260 02                  651 	.db #0x02	; 2
   0261 02                  652 	.db #0x02	; 2
   0262 02                  653 	.db #0x02	; 2
   0263 02                  654 	.db #0x02	; 2
   0264 02                  655 	.db #0x02	; 2
   0265 02                  656 	.db #0x02	; 2
   0266 02                  657 	.db #0x02	; 2
   0267 02                  658 	.db #0x02	; 2
   0268 02                  659 	.db #0x02	; 2
   0269 02                  660 	.db #0x02	; 2
   026A 02                  661 	.db #0x02	; 2
   026B 02                  662 	.db #0x02	; 2
   026C 02                  663 	.db #0x02	; 2
   026D 02                  664 	.db #0x02	; 2
   026E 02                  665 	.db #0x02	; 2
   026F 02                  666 	.db #0x02	; 2
   0270 02                  667 	.db #0x02	; 2
   0271 02                  668 	.db #0x02	; 2
   0272 02                  669 	.db #0x02	; 2
   0273 02                  670 	.db #0x02	; 2
   0274 02                  671 	.db #0x02	; 2
   0275 02                  672 	.db #0x02	; 2
   0276 02                  673 	.db #0x02	; 2
   0277 02                  674 	.db #0x02	; 2
   0278 02                  675 	.db #0x02	; 2
   0279 02                  676 	.db #0x02	; 2
   027A 02                  677 	.db #0x02	; 2
   027B 02                  678 	.db #0x02	; 2
   027C 02                  679 	.db #0x02	; 2
   027D 02                  680 	.db #0x02	; 2
   027E 02                  681 	.db #0x02	; 2
   027F 02                  682 	.db #0x02	; 2
   0280 02                  683 	.db #0x02	; 2
   0281 02                  684 	.db #0x02	; 2
   0282 02                  685 	.db #0x02	; 2
   0283 02                  686 	.db #0x02	; 2
   0284 02                  687 	.db #0x02	; 2
   0285 02                  688 	.db #0x02	; 2
   0286 02                  689 	.db #0x02	; 2
   0287 02                  690 	.db #0x02	; 2
   0288 02                  691 	.db #0x02	; 2
   0289 02                  692 	.db #0x02	; 2
   028A 02                  693 	.db #0x02	; 2
   028B 02                  694 	.db #0x02	; 2
   028C 02                  695 	.db #0x02	; 2
   028D 02                  696 	.db #0x02	; 2
   028E 02                  697 	.db #0x02	; 2
   028F 02                  698 	.db #0x02	; 2
   0290 02                  699 	.db #0x02	; 2
   0291 02                  700 	.db #0x02	; 2
   0292 02                  701 	.db #0x02	; 2
   0293 02                  702 	.db #0x02	; 2
   0294 02                  703 	.db #0x02	; 2
   0295 02                  704 	.db #0x02	; 2
   0296 02                  705 	.db #0x02	; 2
   0297 02                  706 	.db #0x02	; 2
   0298 02                  707 	.db #0x02	; 2
   0299 02                  708 	.db #0x02	; 2
   029A 02                  709 	.db #0x02	; 2
   029B 02                  710 	.db #0x02	; 2
   029C 02                  711 	.db #0x02	; 2
   029D 02                  712 	.db #0x02	; 2
   029E 02                  713 	.db #0x02	; 2
   029F 02                  714 	.db #0x02	; 2
   02A0 01                  715 	.db #0x01	; 1
   02A1 01                  716 	.db #0x01	; 1
   02A2 01                  717 	.db #0x01	; 1
   02A3 01                  718 	.db #0x01	; 1
   02A4 01                  719 	.db #0x01	; 1
   02A5 01                  720 	.db #0x01	; 1
   02A6 01                  721 	.db #0x01	; 1
   02A7 01                  722 	.db #0x01	; 1
   02A8 01                  723 	.db #0x01	; 1
   02A9 01                  724 	.db #0x01	; 1
   02AA 01                  725 	.db #0x01	; 1
   02AB 01                  726 	.db #0x01	; 1
   02AC 01                  727 	.db #0x01	; 1
   02AD 01                  728 	.db #0x01	; 1
   02AE 01                  729 	.db #0x01	; 1
   02AF 01                  730 	.db #0x01	; 1
   02B0 01                  731 	.db #0x01	; 1
   02B1 01                  732 	.db #0x01	; 1
   02B2 01                  733 	.db #0x01	; 1
   02B3 01                  734 	.db #0x01	; 1
   02B4 01                  735 	.db #0x01	; 1
   02B5 01                  736 	.db #0x01	; 1
   02B6 01                  737 	.db #0x01	; 1
   02B7 01                  738 	.db #0x01	; 1
   02B8 01                  739 	.db #0x01	; 1
   02B9 01                  740 	.db #0x01	; 1
   02BA 01                  741 	.db #0x01	; 1
   02BB 01                  742 	.db #0x01	; 1
   02BC 01                  743 	.db #0x01	; 1
   02BD 01                  744 	.db #0x01	; 1
   02BE 01                  745 	.db #0x01	; 1
   02BF 01                  746 	.db #0x01	; 1
   02C0 01                  747 	.db #0x01	; 1
   02C1 01                  748 	.db #0x01	; 1
   02C2 01                  749 	.db #0x01	; 1
   02C3 01                  750 	.db #0x01	; 1
   02C4 01                  751 	.db #0x01	; 1
   02C5 01                  752 	.db #0x01	; 1
   02C6 01                  753 	.db #0x01	; 1
   02C7 01                  754 	.db #0x01	; 1
   02C8 01                  755 	.db #0x01	; 1
   02C9 01                  756 	.db #0x01	; 1
   02CA 01                  757 	.db #0x01	; 1
   02CB 01                  758 	.db #0x01	; 1
   02CC 01                  759 	.db #0x01	; 1
   02CD 01                  760 	.db #0x01	; 1
   02CE 01                  761 	.db #0x01	; 1
   02CF 01                  762 	.db #0x01	; 1
   02D0 01                  763 	.db #0x01	; 1
   02D1 01                  764 	.db #0x01	; 1
   02D2 01                  765 	.db #0x01	; 1
   02D3 01                  766 	.db #0x01	; 1
   02D4 01                  767 	.db #0x01	; 1
   02D5 01                  768 	.db #0x01	; 1
   02D6 01                  769 	.db #0x01	; 1
   02D7 01                  770 	.db #0x01	; 1
   02D8 01                  771 	.db #0x01	; 1
   02D9 01                  772 	.db #0x01	; 1
   02DA 01                  773 	.db #0x01	; 1
   02DB 01                  774 	.db #0x01	; 1
   02DC 01                  775 	.db #0x01	; 1
   02DD 01                  776 	.db #0x01	; 1
   02DE 01                  777 	.db #0x01	; 1
   02DF 01                  778 	.db #0x01	; 1
   02E0 01                  779 	.db #0x01	; 1
   02E1 01                  780 	.db #0x01	; 1
   02E2 01                  781 	.db #0x01	; 1
   02E3 01                  782 	.db #0x01	; 1
   02E4 01                  783 	.db #0x01	; 1
   02E5 01                  784 	.db #0x01	; 1
   02E6 01                  785 	.db #0x01	; 1
   02E7 01                  786 	.db #0x01	; 1
   02E8 01                  787 	.db #0x01	; 1
   02E9 01                  788 	.db #0x01	; 1
   02EA 01                  789 	.db #0x01	; 1
   02EB 01                  790 	.db #0x01	; 1
   02EC 01                  791 	.db #0x01	; 1
   02ED 01                  792 	.db #0x01	; 1
   02EE 01                  793 	.db #0x01	; 1
   02EF 01                  794 	.db #0x01	; 1
   02F0 01                  795 	.db #0x01	; 1
   02F1 01                  796 	.db #0x01	; 1
   02F2 01                  797 	.db #0x01	; 1
   02F3 01                  798 	.db #0x01	; 1
   02F4 01                  799 	.db #0x01	; 1
   02F5 01                  800 	.db #0x01	; 1
   02F6 01                  801 	.db #0x01	; 1
   02F7 01                  802 	.db #0x01	; 1
   02F8 01                  803 	.db #0x01	; 1
   02F9 01                  804 	.db #0x01	; 1
   02FA 01                  805 	.db #0x01	; 1
   02FB 01                  806 	.db #0x01	; 1
   02FC 01                  807 	.db #0x01	; 1
   02FD 01                  808 	.db #0x01	; 1
   02FE 01                  809 	.db #0x01	; 1
   02FF 01                  810 	.db #0x01	; 1
   0300 01                  811 	.db #0x01	; 1
   0301 01                  812 	.db #0x01	; 1
   0302 01                  813 	.db #0x01	; 1
   0303 01                  814 	.db #0x01	; 1
   0304 01                  815 	.db #0x01	; 1
   0305 01                  816 	.db #0x01	; 1
   0306 01                  817 	.db #0x01	; 1
   0307 01                  818 	.db #0x01	; 1
   0308 01                  819 	.db #0x01	; 1
   0309 01                  820 	.db #0x01	; 1
   030A 01                  821 	.db #0x01	; 1
   030B 01                  822 	.db #0x01	; 1
   030C 01                  823 	.db #0x01	; 1
   030D 01                  824 	.db #0x01	; 1
   030E 01                  825 	.db #0x01	; 1
   030F 01                  826 	.db #0x01	; 1
   0310 01                  827 	.db #0x01	; 1
   0311 01                  828 	.db #0x01	; 1
   0312 01                  829 	.db #0x01	; 1
   0313 01                  830 	.db #0x01	; 1
   0314 01                  831 	.db #0x01	; 1
   0315 01                  832 	.db #0x01	; 1
   0316 01                  833 	.db #0x01	; 1
   0317 01                  834 	.db #0x01	; 1
   0318 01                  835 	.db #0x01	; 1
   0319 01                  836 	.db #0x01	; 1
   031A 01                  837 	.db #0x01	; 1
   031B 01                  838 	.db #0x01	; 1
   031C 01                  839 	.db #0x01	; 1
   031D 01                  840 	.db #0x01	; 1
   031E 01                  841 	.db #0x01	; 1
   031F 01                  842 	.db #0x01	; 1
   0320 01                  843 	.db #0x01	; 1
   0321 01                  844 	.db #0x01	; 1
   0322 01                  845 	.db #0x01	; 1
   0323 01                  846 	.db #0x01	; 1
   0324 01                  847 	.db #0x01	; 1
   0325 01                  848 	.db #0x01	; 1
   0326 01                  849 	.db #0x01	; 1
   0327 01                  850 	.db #0x01	; 1
   0328 01                  851 	.db #0x01	; 1
   0329 01                  852 	.db #0x01	; 1
   032A 01                  853 	.db #0x01	; 1
   032B 01                  854 	.db #0x01	; 1
   032C 01                  855 	.db #0x01	; 1
   032D 01                  856 	.db #0x01	; 1
   032E 01                  857 	.db #0x01	; 1
   032F 01                  858 	.db #0x01	; 1
   0330 01                  859 	.db #0x01	; 1
   0331 01                  860 	.db #0x01	; 1
   0332 01                  861 	.db #0x01	; 1
   0333 01                  862 	.db #0x01	; 1
   0334 01                  863 	.db #0x01	; 1
   0335 01                  864 	.db #0x01	; 1
   0336 01                  865 	.db #0x01	; 1
   0337 01                  866 	.db #0x01	; 1
   0338 01                  867 	.db #0x01	; 1
   0339 01                  868 	.db #0x01	; 1
   033A 01                  869 	.db #0x01	; 1
   033B 01                  870 	.db #0x01	; 1
   033C 01                  871 	.db #0x01	; 1
   033D 01                  872 	.db #0x01	; 1
   033E 01                  873 	.db #0x01	; 1
   033F 01                  874 	.db #0x01	; 1
   0340 01                  875 	.db #0x01	; 1
   0341 01                  876 	.db #0x01	; 1
   0342 01                  877 	.db #0x01	; 1
   0343 01                  878 	.db #0x01	; 1
   0344 01                  879 	.db #0x01	; 1
   0345 01                  880 	.db #0x01	; 1
   0346 01                  881 	.db #0x01	; 1
   0347 01                  882 	.db #0x01	; 1
   0348 01                  883 	.db #0x01	; 1
   0349 01                  884 	.db #0x01	; 1
   034A 01                  885 	.db #0x01	; 1
   034B 01                  886 	.db #0x01	; 1
   034C 01                  887 	.db #0x01	; 1
   034D 01                  888 	.db #0x01	; 1
   034E 01                  889 	.db #0x01	; 1
   034F 01                  890 	.db #0x01	; 1
   0350 01                  891 	.db #0x01	; 1
   0351 01                  892 	.db #0x01	; 1
   0352 01                  893 	.db #0x01	; 1
   0353 01                  894 	.db #0x01	; 1
   0354 01                  895 	.db #0x01	; 1
   0355 01                  896 	.db #0x01	; 1
   0356 01                  897 	.db #0x01	; 1
   0357 01                  898 	.db #0x01	; 1
   0358 01                  899 	.db #0x01	; 1
   0359 01                  900 	.db #0x01	; 1
   035A 01                  901 	.db #0x01	; 1
   035B 01                  902 	.db #0x01	; 1
   035C 01                  903 	.db #0x01	; 1
   035D 01                  904 	.db #0x01	; 1
   035E 01                  905 	.db #0x01	; 1
   035F 01                  906 	.db #0x01	; 1
   0360 01                  907 	.db #0x01	; 1
   0361 01                  908 	.db #0x01	; 1
   0362 01                  909 	.db #0x01	; 1
   0363 01                  910 	.db #0x01	; 1
   0364 01                  911 	.db #0x01	; 1
   0365 01                  912 	.db #0x01	; 1
   0366 01                  913 	.db #0x01	; 1
   0367 01                  914 	.db #0x01	; 1
   0368 01                  915 	.db #0x01	; 1
   0369 01                  916 	.db #0x01	; 1
   036A 01                  917 	.db #0x01	; 1
   036B 01                  918 	.db #0x01	; 1
   036C 01                  919 	.db #0x01	; 1
   036D 01                  920 	.db #0x01	; 1
   036E 01                  921 	.db #0x01	; 1
   036F 01                  922 	.db #0x01	; 1
   0370 01                  923 	.db #0x01	; 1
   0371 01                  924 	.db #0x01	; 1
   0372 01                  925 	.db #0x01	; 1
   0373 01                  926 	.db #0x01	; 1
   0374 01                  927 	.db #0x01	; 1
   0375 01                  928 	.db #0x01	; 1
   0376 01                  929 	.db #0x01	; 1
   0377 01                  930 	.db #0x01	; 1
   0378 01                  931 	.db #0x01	; 1
   0379 01                  932 	.db #0x01	; 1
   037A 01                  933 	.db #0x01	; 1
   037B 01                  934 	.db #0x01	; 1
   037C 01                  935 	.db #0x01	; 1
   037D 01                  936 	.db #0x01	; 1
   037E 01                  937 	.db #0x01	; 1
   037F 01                  938 	.db #0x01	; 1
   0380 01                  939 	.db #0x01	; 1
   0381 01                  940 	.db #0x01	; 1
   0382 01                  941 	.db #0x01	; 1
   0383 01                  942 	.db #0x01	; 1
   0384 01                  943 	.db #0x01	; 1
   0385 01                  944 	.db #0x01	; 1
   0386 01                  945 	.db #0x01	; 1
   0387 01                  946 	.db #0x01	; 1
   0388 01                  947 	.db #0x01	; 1
   0389 01                  948 	.db #0x01	; 1
   038A 01                  949 	.db #0x01	; 1
   038B 01                  950 	.db #0x01	; 1
   038C 01                  951 	.db #0x01	; 1
   038D 01                  952 	.db #0x01	; 1
   038E 01                  953 	.db #0x01	; 1
   038F 01                  954 	.db #0x01	; 1
   0390 01                  955 	.db #0x01	; 1
   0391 01                  956 	.db #0x01	; 1
   0392 01                  957 	.db #0x01	; 1
   0393 01                  958 	.db #0x01	; 1
   0394 01                  959 	.db #0x01	; 1
   0395 01                  960 	.db #0x01	; 1
   0396 01                  961 	.db #0x01	; 1
   0397 01                  962 	.db #0x01	; 1
   0398 01                  963 	.db #0x01	; 1
   0399 01                  964 	.db #0x01	; 1
   039A 01                  965 	.db #0x01	; 1
   039B 01                  966 	.db #0x01	; 1
   039C 01                  967 	.db #0x01	; 1
   039D 01                  968 	.db #0x01	; 1
   039E 01                  969 	.db #0x01	; 1
   039F 01                  970 	.db #0x01	; 1
   03A0 01                  971 	.db #0x01	; 1
   03A1 01                  972 	.db #0x01	; 1
   03A2 01                  973 	.db #0x01	; 1
   03A3 01                  974 	.db #0x01	; 1
   03A4 01                  975 	.db #0x01	; 1
   03A5 01                  976 	.db #0x01	; 1
   03A6 01                  977 	.db #0x01	; 1
   03A7 01                  978 	.db #0x01	; 1
   03A8 01                  979 	.db #0x01	; 1
   03A9 01                  980 	.db #0x01	; 1
   03AA 01                  981 	.db #0x01	; 1
   03AB 01                  982 	.db #0x01	; 1
   03AC 01                  983 	.db #0x01	; 1
   03AD 01                  984 	.db #0x01	; 1
   03AE 01                  985 	.db #0x01	; 1
   03AF 01                  986 	.db #0x01	; 1
   03B0 01                  987 	.db #0x01	; 1
   03B1 01                  988 	.db #0x01	; 1
   03B2 01                  989 	.db #0x01	; 1
   03B3 01                  990 	.db #0x01	; 1
   03B4 01                  991 	.db #0x01	; 1
   03B5 01                  992 	.db #0x01	; 1
   03B6 01                  993 	.db #0x01	; 1
   03B7 01                  994 	.db #0x01	; 1
   03B8 01                  995 	.db #0x01	; 1
   03B9 01                  996 	.db #0x01	; 1
   03BA 01                  997 	.db #0x01	; 1
   03BB 01                  998 	.db #0x01	; 1
   03BC 01                  999 	.db #0x01	; 1
   03BD 01                 1000 	.db #0x01	; 1
   03BE 01                 1001 	.db #0x01	; 1
   03BF 01                 1002 	.db #0x01	; 1
   03C0 01                 1003 	.db #0x01	; 1
   03C1 01                 1004 	.db #0x01	; 1
   03C2 01                 1005 	.db #0x01	; 1
   03C3 01                 1006 	.db #0x01	; 1
   03C4 01                 1007 	.db #0x01	; 1
   03C5 01                 1008 	.db #0x01	; 1
   03C6 01                 1009 	.db #0x01	; 1
   03C7 01                 1010 	.db #0x01	; 1
   03C8 01                 1011 	.db #0x01	; 1
   03C9 01                 1012 	.db #0x01	; 1
   03CA 01                 1013 	.db #0x01	; 1
   03CB 01                 1014 	.db #0x01	; 1
   03CC 01                 1015 	.db #0x01	; 1
   03CD 01                 1016 	.db #0x01	; 1
   03CE 01                 1017 	.db #0x01	; 1
   03CF 01                 1018 	.db #0x01	; 1
   03D0 01                 1019 	.db #0x01	; 1
   03D1 01                 1020 	.db #0x01	; 1
   03D2 01                 1021 	.db #0x01	; 1
   03D3 01                 1022 	.db #0x01	; 1
   03D4 01                 1023 	.db #0x01	; 1
   03D5 01                 1024 	.db #0x01	; 1
   03D6 01                 1025 	.db #0x01	; 1
   03D7 01                 1026 	.db #0x01	; 1
   03D8 01                 1027 	.db #0x01	; 1
   03D9 01                 1028 	.db #0x01	; 1
   03DA 01                 1029 	.db #0x01	; 1
   03DB 01                 1030 	.db #0x01	; 1
   03DC 01                 1031 	.db #0x01	; 1
   03DD 01                 1032 	.db #0x01	; 1
   03DE 01                 1033 	.db #0x01	; 1
   03DF 01                 1034 	.db #0x01	; 1
   03E0 01                 1035 	.db #0x01	; 1
   03E1 01                 1036 	.db #0x01	; 1
   03E2 01                 1037 	.db #0x01	; 1
   03E3 01                 1038 	.db #0x01	; 1
   03E4 01                 1039 	.db #0x01	; 1
   03E5 01                 1040 	.db #0x01	; 1
   03E6 01                 1041 	.db #0x01	; 1
   03E7 01                 1042 	.db #0x01	; 1
   03E8 01                 1043 	.db #0x01	; 1
   03E9 01                 1044 	.db #0x01	; 1
   03EA 01                 1045 	.db #0x01	; 1
   03EB 01                 1046 	.db #0x01	; 1
   03EC 01                 1047 	.db #0x01	; 1
   03ED 01                 1048 	.db #0x01	; 1
   03EE 01                 1049 	.db #0x01	; 1
   03EF 01                 1050 	.db #0x01	; 1
   03F0 01                 1051 	.db #0x01	; 1
   03F1 01                 1052 	.db #0x01	; 1
   03F2 01                 1053 	.db #0x01	; 1
   03F3 01                 1054 	.db #0x01	; 1
   03F4 01                 1055 	.db #0x01	; 1
   03F5 01                 1056 	.db #0x01	; 1
   03F6 01                 1057 	.db #0x01	; 1
   03F7 01                 1058 	.db #0x01	; 1
   03F8 01                 1059 	.db #0x01	; 1
   03F9 01                 1060 	.db #0x01	; 1
   03FA 01                 1061 	.db #0x01	; 1
   03FB 01                 1062 	.db #0x01	; 1
   03FC 01                 1063 	.db #0x01	; 1
   03FD 01                 1064 	.db #0x01	; 1
   03FE 01                 1065 	.db #0x01	; 1
   03FF 01                 1066 	.db #0x01	; 1
   0400 01                 1067 	.db #0x01	; 1
   0401 01                 1068 	.db #0x01	; 1
   0402 01                 1069 	.db #0x01	; 1
   0403 01                 1070 	.db #0x01	; 1
   0404 01                 1071 	.db #0x01	; 1
   0405 01                 1072 	.db #0x01	; 1
   0406 01                 1073 	.db #0x01	; 1
   0407 01                 1074 	.db #0x01	; 1
   0408 01                 1075 	.db #0x01	; 1
   0409 01                 1076 	.db #0x01	; 1
   040A 01                 1077 	.db #0x01	; 1
   040B 01                 1078 	.db #0x01	; 1
   040C 01                 1079 	.db #0x01	; 1
   040D 01                 1080 	.db #0x01	; 1
   040E 01                 1081 	.db #0x01	; 1
   040F 01                 1082 	.db #0x01	; 1
   0410 01                 1083 	.db #0x01	; 1
   0411 01                 1084 	.db #0x01	; 1
   0412 01                 1085 	.db #0x01	; 1
   0413 01                 1086 	.db #0x01	; 1
   0414 01                 1087 	.db #0x01	; 1
   0415 01                 1088 	.db #0x01	; 1
   0416 01                 1089 	.db #0x01	; 1
   0417 01                 1090 	.db #0x01	; 1
   0418 01                 1091 	.db #0x01	; 1
   0419 01                 1092 	.db #0x01	; 1
   041A 01                 1093 	.db #0x01	; 1
   041B 01                 1094 	.db #0x01	; 1
   041C 01                 1095 	.db #0x01	; 1
   041D 01                 1096 	.db #0x01	; 1
   041E 01                 1097 	.db #0x01	; 1
   041F 01                 1098 	.db #0x01	; 1
   0420 01                 1099 	.db #0x01	; 1
   0421 01                 1100 	.db #0x01	; 1
   0422 01                 1101 	.db #0x01	; 1
   0423 01                 1102 	.db #0x01	; 1
   0424 01                 1103 	.db #0x01	; 1
   0425 01                 1104 	.db #0x01	; 1
   0426 01                 1105 	.db #0x01	; 1
   0427 01                 1106 	.db #0x01	; 1
   0428 01                 1107 	.db #0x01	; 1
   0429 01                 1108 	.db #0x01	; 1
   042A 01                 1109 	.db #0x01	; 1
   042B 01                 1110 	.db #0x01	; 1
   042C 01                 1111 	.db #0x01	; 1
   042D 01                 1112 	.db #0x01	; 1
   042E 01                 1113 	.db #0x01	; 1
   042F 01                 1114 	.db #0x01	; 1
   0430 01                 1115 	.db #0x01	; 1
   0431 01                 1116 	.db #0x01	; 1
   0432 01                 1117 	.db #0x01	; 1
   0433 01                 1118 	.db #0x01	; 1
   0434 01                 1119 	.db #0x01	; 1
   0435 01                 1120 	.db #0x01	; 1
   0436 01                 1121 	.db #0x01	; 1
   0437 01                 1122 	.db #0x01	; 1
   0438 01                 1123 	.db #0x01	; 1
   0439 01                 1124 	.db #0x01	; 1
   043A 01                 1125 	.db #0x01	; 1
   043B 01                 1126 	.db #0x01	; 1
   043C 01                 1127 	.db #0x01	; 1
   043D 01                 1128 	.db #0x01	; 1
   043E 01                 1129 	.db #0x01	; 1
   043F 01                 1130 	.db #0x01	; 1
   0440 01                 1131 	.db #0x01	; 1
   0441 01                 1132 	.db #0x01	; 1
   0442 01                 1133 	.db #0x01	; 1
   0443 01                 1134 	.db #0x01	; 1
   0444 01                 1135 	.db #0x01	; 1
   0445 01                 1136 	.db #0x01	; 1
   0446 01                 1137 	.db #0x01	; 1
   0447 01                 1138 	.db #0x01	; 1
   0448 01                 1139 	.db #0x01	; 1
   0449 01                 1140 	.db #0x01	; 1
   044A 01                 1141 	.db #0x01	; 1
   044B 01                 1142 	.db #0x01	; 1
   044C 01                 1143 	.db #0x01	; 1
   044D 01                 1144 	.db #0x01	; 1
   044E 01                 1145 	.db #0x01	; 1
   044F 01                 1146 	.db #0x01	; 1
   0450 01                 1147 	.db #0x01	; 1
   0451 01                 1148 	.db #0x01	; 1
   0452 01                 1149 	.db #0x01	; 1
   0453 01                 1150 	.db #0x01	; 1
   0454 01                 1151 	.db #0x01	; 1
   0455 01                 1152 	.db #0x01	; 1
   0456 01                 1153 	.db #0x01	; 1
   0457 01                 1154 	.db #0x01	; 1
   0458 01                 1155 	.db #0x01	; 1
   0459 01                 1156 	.db #0x01	; 1
   045A 01                 1157 	.db #0x01	; 1
   045B 01                 1158 	.db #0x01	; 1
   045C 01                 1159 	.db #0x01	; 1
   045D 01                 1160 	.db #0x01	; 1
   045E 01                 1161 	.db #0x01	; 1
   045F 01                 1162 	.db #0x01	; 1
   0460 01                 1163 	.db #0x01	; 1
   0461 01                 1164 	.db #0x01	; 1
   0462 01                 1165 	.db #0x01	; 1
   0463 01                 1166 	.db #0x01	; 1
   0464 01                 1167 	.db #0x01	; 1
   0465 01                 1168 	.db #0x01	; 1
   0466 01                 1169 	.db #0x01	; 1
   0467 01                 1170 	.db #0x01	; 1
   0468 01                 1171 	.db #0x01	; 1
   0469 01                 1172 	.db #0x01	; 1
   046A 01                 1173 	.db #0x01	; 1
   046B 01                 1174 	.db #0x01	; 1
   046C 01                 1175 	.db #0x01	; 1
   046D 01                 1176 	.db #0x01	; 1
   046E 01                 1177 	.db #0x01	; 1
   046F 01                 1178 	.db #0x01	; 1
   0470 01                 1179 	.db #0x01	; 1
   0471 01                 1180 	.db #0x01	; 1
   0472 01                 1181 	.db #0x01	; 1
   0473 01                 1182 	.db #0x01	; 1
   0474 01                 1183 	.db #0x01	; 1
   0475 01                 1184 	.db #0x01	; 1
   0476 01                 1185 	.db #0x01	; 1
   0477 01                 1186 	.db #0x01	; 1
   0478 01                 1187 	.db #0x01	; 1
   0479 01                 1188 	.db #0x01	; 1
   047A 01                 1189 	.db #0x01	; 1
   047B 01                 1190 	.db #0x01	; 1
   047C 01                 1191 	.db #0x01	; 1
   047D 01                 1192 	.db #0x01	; 1
   047E 01                 1193 	.db #0x01	; 1
   047F 01                 1194 	.db #0x01	; 1
                           1195 	.area _CABS (ABS)
