                              1 ;--------------------------------------------------------
                              2 ; File Created by SDCC : free open source ANSI-C Compiler
                              3 ; Version 4.0.0 #11528 (MINGW32)
                              4 ;--------------------------------------------------------
                              5 	.module C__Users_Mills_AppData_Local_Temp_lcc30521
                              6 	.optsdcc -mgbz80
                              7 	
                              8 ;--------------------------------------------------------
                              9 ; Public variables in this module
                             10 ;--------------------------------------------------------
                             11 	.globl _Vector_Map_WaterPLN1
                             12 	.globl _Vector_Map_WaterPLN0
                             13 ;--------------------------------------------------------
                             14 ; special function registers
                             15 ;--------------------------------------------------------
                             16 ;--------------------------------------------------------
                             17 ; ram data
                             18 ;--------------------------------------------------------
                             19 	.area _DATA
                             20 ;--------------------------------------------------------
                             21 ; absolute external ram data
                             22 ;--------------------------------------------------------
                             23 	.area _DABS (ABS)
                             24 ;--------------------------------------------------------
                             25 ; global & static initialisations
                             26 ;--------------------------------------------------------
                             27 	.area _HOME
                             28 	.area _GSINIT
                             29 	.area _GSFINAL
                             30 	.area _GSINIT
                             31 ;--------------------------------------------------------
                             32 ; Home
                             33 ;--------------------------------------------------------
                             34 	.area _HOME
                             35 	.area _HOME
                             36 ;--------------------------------------------------------
                             37 ; code
                             38 ;--------------------------------------------------------
                             39 	.area _CODE_12
                             40 	.area _CODE_12
   0000                      41 _Vector_Map_WaterPLN0:
   0000 13                   42 	.db #0x13	; 19
   0001 14                   43 	.db #0x14	; 20
   0002 15                   44 	.db #0x15	; 21
   0003 16                   45 	.db #0x16	; 22
   0004 17                   46 	.db #0x17	; 23
   0005 18                   47 	.db #0x18	; 24
   0006 19                   48 	.db #0x19	; 25
   0007 1A                   49 	.db #0x1a	; 26
   0008 1B                   50 	.db #0x1b	; 27
   0009 1C                   51 	.db #0x1c	; 28
   000A 1D                   52 	.db #0x1d	; 29
   000B 1E                   53 	.db #0x1e	; 30
   000C 1F                   54 	.db #0x1f	; 31
   000D 20                   55 	.db #0x20	; 32
   000E 21                   56 	.db #0x21	; 33
   000F 22                   57 	.db #0x22	; 34
   0010 23                   58 	.db #0x23	; 35
   0011 24                   59 	.db #0x24	; 36
   0012 25                   60 	.db #0x25	; 37
   0013 26                   61 	.db #0x26	; 38
   0014 27                   62 	.db #0x27	; 39
   0015 28                   63 	.db #0x28	; 40
   0016 29                   64 	.db #0x29	; 41
   0017 2A                   65 	.db #0x2a	; 42
   0018 2B                   66 	.db #0x2b	; 43
   0019 2C                   67 	.db #0x2c	; 44
   001A 2D                   68 	.db #0x2d	; 45
   001B 2E                   69 	.db #0x2e	; 46
   001C 2F                   70 	.db #0x2f	; 47
   001D 30                   71 	.db #0x30	; 48	'0'
   001E 31                   72 	.db #0x31	; 49	'1'
   001F 32                   73 	.db #0x32	; 50	'2'
   0020 33                   74 	.db #0x33	; 51	'3'
   0021 34                   75 	.db #0x34	; 52	'4'
   0022 35                   76 	.db #0x35	; 53	'5'
   0023 36                   77 	.db #0x36	; 54	'6'
   0024 37                   78 	.db #0x37	; 55	'7'
   0025 38                   79 	.db #0x38	; 56	'8'
   0026 39                   80 	.db #0x39	; 57	'9'
   0027 3A                   81 	.db #0x3a	; 58
   0028 3F                   82 	.db #0x3f	; 63
   0029 3F                   83 	.db #0x3f	; 63
   002A 3F                   84 	.db #0x3f	; 63
   002B 3F                   85 	.db #0x3f	; 63
   002C 3F                   86 	.db #0x3f	; 63
   002D 3F                   87 	.db #0x3f	; 63
   002E 3F                   88 	.db #0x3f	; 63
   002F 3F                   89 	.db #0x3f	; 63
   0030 3F                   90 	.db #0x3f	; 63
   0031 3F                   91 	.db #0x3f	; 63
   0032 3F                   92 	.db #0x3f	; 63
   0033 3F                   93 	.db #0x3f	; 63
   0034 3F                   94 	.db #0x3f	; 63
   0035 3F                   95 	.db #0x3f	; 63
   0036 3F                   96 	.db #0x3f	; 63
   0037 3F                   97 	.db #0x3f	; 63
   0038 3F                   98 	.db #0x3f	; 63
   0039 3F                   99 	.db #0x3f	; 63
   003A 3F                  100 	.db #0x3f	; 63
   003B 3F                  101 	.db #0x3f	; 63
   003C 3F                  102 	.db #0x3f	; 63
   003D 3F                  103 	.db #0x3f	; 63
   003E 3F                  104 	.db #0x3f	; 63
   003F 3F                  105 	.db #0x3f	; 63
   0040 3F                  106 	.db #0x3f	; 63
   0041 3F                  107 	.db #0x3f	; 63
   0042 3F                  108 	.db #0x3f	; 63
   0043 3F                  109 	.db #0x3f	; 63
   0044 3F                  110 	.db #0x3f	; 63
   0045 3F                  111 	.db #0x3f	; 63
   0046 3F                  112 	.db #0x3f	; 63
   0047 3F                  113 	.db #0x3f	; 63
   0048 3F                  114 	.db #0x3f	; 63
   0049 3F                  115 	.db #0x3f	; 63
   004A 3F                  116 	.db #0x3f	; 63
   004B 3F                  117 	.db #0x3f	; 63
   004C 3F                  118 	.db #0x3f	; 63
   004D 3F                  119 	.db #0x3f	; 63
   004E 3F                  120 	.db #0x3f	; 63
   004F 3F                  121 	.db #0x3f	; 63
   0050 3F                  122 	.db #0x3f	; 63
   0051 3F                  123 	.db #0x3f	; 63
   0052 3F                  124 	.db #0x3f	; 63
   0053 3F                  125 	.db #0x3f	; 63
   0054 3F                  126 	.db #0x3f	; 63
   0055 3F                  127 	.db #0x3f	; 63
   0056 3F                  128 	.db #0x3f	; 63
   0057 3F                  129 	.db #0x3f	; 63
   0058 3F                  130 	.db #0x3f	; 63
   0059 3F                  131 	.db #0x3f	; 63
   005A 3F                  132 	.db #0x3f	; 63
   005B 3F                  133 	.db #0x3f	; 63
   005C 3F                  134 	.db #0x3f	; 63
   005D 3F                  135 	.db #0x3f	; 63
   005E 3F                  136 	.db #0x3f	; 63
   005F 3F                  137 	.db #0x3f	; 63
   0060 3F                  138 	.db #0x3f	; 63
   0061 3F                  139 	.db #0x3f	; 63
   0062 3F                  140 	.db #0x3f	; 63
   0063 3F                  141 	.db #0x3f	; 63
   0064 3F                  142 	.db #0x3f	; 63
   0065 3F                  143 	.db #0x3f	; 63
   0066 3F                  144 	.db #0x3f	; 63
   0067 3F                  145 	.db #0x3f	; 63
   0068 3F                  146 	.db #0x3f	; 63
   0069 3F                  147 	.db #0x3f	; 63
   006A 3F                  148 	.db #0x3f	; 63
   006B 3F                  149 	.db #0x3f	; 63
   006C 3F                  150 	.db #0x3f	; 63
   006D 3F                  151 	.db #0x3f	; 63
   006E 3F                  152 	.db #0x3f	; 63
   006F 3F                  153 	.db #0x3f	; 63
   0070 3F                  154 	.db #0x3f	; 63
   0071 3F                  155 	.db #0x3f	; 63
   0072 3F                  156 	.db #0x3f	; 63
   0073 3F                  157 	.db #0x3f	; 63
   0074 3F                  158 	.db #0x3f	; 63
   0075 3F                  159 	.db #0x3f	; 63
   0076 3F                  160 	.db #0x3f	; 63
   0077 3F                  161 	.db #0x3f	; 63
   0078 3F                  162 	.db #0x3f	; 63
   0079 3F                  163 	.db #0x3f	; 63
   007A 3F                  164 	.db #0x3f	; 63
   007B 3F                  165 	.db #0x3f	; 63
   007C 3F                  166 	.db #0x3f	; 63
   007D 3F                  167 	.db #0x3f	; 63
   007E 3F                  168 	.db #0x3f	; 63
   007F 3F                  169 	.db #0x3f	; 63
   0080 3F                  170 	.db #0x3f	; 63
   0081 3F                  171 	.db #0x3f	; 63
   0082 3F                  172 	.db #0x3f	; 63
   0083 3F                  173 	.db #0x3f	; 63
   0084 3F                  174 	.db #0x3f	; 63
   0085 3F                  175 	.db #0x3f	; 63
   0086 3F                  176 	.db #0x3f	; 63
   0087 3F                  177 	.db #0x3f	; 63
   0088 3F                  178 	.db #0x3f	; 63
   0089 3F                  179 	.db #0x3f	; 63
   008A 3F                  180 	.db #0x3f	; 63
   008B 3F                  181 	.db #0x3f	; 63
   008C 3F                  182 	.db #0x3f	; 63
   008D 3F                  183 	.db #0x3f	; 63
   008E 3F                  184 	.db #0x3f	; 63
   008F 3F                  185 	.db #0x3f	; 63
   0090 3F                  186 	.db #0x3f	; 63
   0091 3F                  187 	.db #0x3f	; 63
   0092 3F                  188 	.db #0x3f	; 63
   0093 3F                  189 	.db #0x3f	; 63
   0094 3F                  190 	.db #0x3f	; 63
   0095 3F                  191 	.db #0x3f	; 63
   0096 3F                  192 	.db #0x3f	; 63
   0097 3F                  193 	.db #0x3f	; 63
   0098 3F                  194 	.db #0x3f	; 63
   0099 3F                  195 	.db #0x3f	; 63
   009A 3F                  196 	.db #0x3f	; 63
   009B 3F                  197 	.db #0x3f	; 63
   009C 3F                  198 	.db #0x3f	; 63
   009D 3F                  199 	.db #0x3f	; 63
   009E 3F                  200 	.db #0x3f	; 63
   009F 3F                  201 	.db #0x3f	; 63
   00A0 3F                  202 	.db #0x3f	; 63
   00A1 3F                  203 	.db #0x3f	; 63
   00A2 3F                  204 	.db #0x3f	; 63
   00A3 3F                  205 	.db #0x3f	; 63
   00A4 3F                  206 	.db #0x3f	; 63
   00A5 3F                  207 	.db #0x3f	; 63
   00A6 3F                  208 	.db #0x3f	; 63
   00A7 3F                  209 	.db #0x3f	; 63
   00A8 3F                  210 	.db #0x3f	; 63
   00A9 3F                  211 	.db #0x3f	; 63
   00AA 3F                  212 	.db #0x3f	; 63
   00AB 3F                  213 	.db #0x3f	; 63
   00AC 3F                  214 	.db #0x3f	; 63
   00AD 3F                  215 	.db #0x3f	; 63
   00AE 3F                  216 	.db #0x3f	; 63
   00AF 3F                  217 	.db #0x3f	; 63
   00B0 3F                  218 	.db #0x3f	; 63
   00B1 3F                  219 	.db #0x3f	; 63
   00B2 3F                  220 	.db #0x3f	; 63
   00B3 3F                  221 	.db #0x3f	; 63
   00B4 3F                  222 	.db #0x3f	; 63
   00B5 3F                  223 	.db #0x3f	; 63
   00B6 3F                  224 	.db #0x3f	; 63
   00B7 3F                  225 	.db #0x3f	; 63
   00B8 3F                  226 	.db #0x3f	; 63
   00B9 3F                  227 	.db #0x3f	; 63
   00BA 3F                  228 	.db #0x3f	; 63
   00BB 3F                  229 	.db #0x3f	; 63
   00BC 3F                  230 	.db #0x3f	; 63
   00BD 3F                  231 	.db #0x3f	; 63
   00BE 3F                  232 	.db #0x3f	; 63
   00BF 3F                  233 	.db #0x3f	; 63
   00C0 3F                  234 	.db #0x3f	; 63
   00C1 3F                  235 	.db #0x3f	; 63
   00C2 3F                  236 	.db #0x3f	; 63
   00C3 3F                  237 	.db #0x3f	; 63
   00C4 3F                  238 	.db #0x3f	; 63
   00C5 3F                  239 	.db #0x3f	; 63
   00C6 3F                  240 	.db #0x3f	; 63
   00C7 3F                  241 	.db #0x3f	; 63
   00C8 3F                  242 	.db #0x3f	; 63
   00C9 3F                  243 	.db #0x3f	; 63
   00CA 3F                  244 	.db #0x3f	; 63
   00CB 3F                  245 	.db #0x3f	; 63
   00CC 3F                  246 	.db #0x3f	; 63
   00CD 3F                  247 	.db #0x3f	; 63
   00CE 3F                  248 	.db #0x3f	; 63
   00CF 3F                  249 	.db #0x3f	; 63
   00D0 3F                  250 	.db #0x3f	; 63
   00D1 3F                  251 	.db #0x3f	; 63
   00D2 3F                  252 	.db #0x3f	; 63
   00D3 3F                  253 	.db #0x3f	; 63
   00D4 3F                  254 	.db #0x3f	; 63
   00D5 3F                  255 	.db #0x3f	; 63
   00D6 3F                  256 	.db #0x3f	; 63
   00D7 3F                  257 	.db #0x3f	; 63
   00D8 3F                  258 	.db #0x3f	; 63
   00D9 3F                  259 	.db #0x3f	; 63
   00DA 3F                  260 	.db #0x3f	; 63
   00DB 3F                  261 	.db #0x3f	; 63
   00DC 3F                  262 	.db #0x3f	; 63
   00DD 3F                  263 	.db #0x3f	; 63
   00DE 3F                  264 	.db #0x3f	; 63
   00DF 3F                  265 	.db #0x3f	; 63
   00E0 3F                  266 	.db #0x3f	; 63
   00E1 3F                  267 	.db #0x3f	; 63
   00E2 3F                  268 	.db #0x3f	; 63
   00E3 3F                  269 	.db #0x3f	; 63
   00E4 3F                  270 	.db #0x3f	; 63
   00E5 3F                  271 	.db #0x3f	; 63
   00E6 3F                  272 	.db #0x3f	; 63
   00E7 3F                  273 	.db #0x3f	; 63
   00E8 3F                  274 	.db #0x3f	; 63
   00E9 3F                  275 	.db #0x3f	; 63
   00EA 3F                  276 	.db #0x3f	; 63
   00EB 3F                  277 	.db #0x3f	; 63
   00EC 3F                  278 	.db #0x3f	; 63
   00ED 3F                  279 	.db #0x3f	; 63
   00EE 3F                  280 	.db #0x3f	; 63
   00EF 3F                  281 	.db #0x3f	; 63
   00F0                     282 _Vector_Map_WaterPLN1:
   00F0 00                  283 	.db #0x00	; 0
   00F1 00                  284 	.db #0x00	; 0
   00F2 00                  285 	.db #0x00	; 0
   00F3 00                  286 	.db #0x00	; 0
   00F4 00                  287 	.db #0x00	; 0
   00F5 00                  288 	.db #0x00	; 0
   00F6 00                  289 	.db #0x00	; 0
   00F7 00                  290 	.db #0x00	; 0
   00F8 00                  291 	.db #0x00	; 0
   00F9 00                  292 	.db #0x00	; 0
   00FA 00                  293 	.db #0x00	; 0
   00FB 00                  294 	.db #0x00	; 0
   00FC 00                  295 	.db #0x00	; 0
   00FD 00                  296 	.db #0x00	; 0
   00FE 00                  297 	.db #0x00	; 0
   00FF 00                  298 	.db #0x00	; 0
   0100 00                  299 	.db #0x00	; 0
   0101 00                  300 	.db #0x00	; 0
   0102 00                  301 	.db #0x00	; 0
   0103 00                  302 	.db #0x00	; 0
   0104 00                  303 	.db #0x00	; 0
   0105 00                  304 	.db #0x00	; 0
   0106 00                  305 	.db #0x00	; 0
   0107 00                  306 	.db #0x00	; 0
   0108 00                  307 	.db #0x00	; 0
   0109 00                  308 	.db #0x00	; 0
   010A 00                  309 	.db #0x00	; 0
   010B 00                  310 	.db #0x00	; 0
   010C 00                  311 	.db #0x00	; 0
   010D 00                  312 	.db #0x00	; 0
   010E 00                  313 	.db #0x00	; 0
   010F 00                  314 	.db #0x00	; 0
   0110 00                  315 	.db #0x00	; 0
   0111 00                  316 	.db #0x00	; 0
   0112 00                  317 	.db #0x00	; 0
   0113 00                  318 	.db #0x00	; 0
   0114 00                  319 	.db #0x00	; 0
   0115 00                  320 	.db #0x00	; 0
   0116 00                  321 	.db #0x00	; 0
   0117 00                  322 	.db #0x00	; 0
   0118 00                  323 	.db #0x00	; 0
   0119 00                  324 	.db #0x00	; 0
   011A 00                  325 	.db #0x00	; 0
   011B 00                  326 	.db #0x00	; 0
   011C 00                  327 	.db #0x00	; 0
   011D 00                  328 	.db #0x00	; 0
   011E 00                  329 	.db #0x00	; 0
   011F 00                  330 	.db #0x00	; 0
   0120 00                  331 	.db #0x00	; 0
   0121 00                  332 	.db #0x00	; 0
   0122 00                  333 	.db #0x00	; 0
   0123 00                  334 	.db #0x00	; 0
   0124 00                  335 	.db #0x00	; 0
   0125 00                  336 	.db #0x00	; 0
   0126 00                  337 	.db #0x00	; 0
   0127 00                  338 	.db #0x00	; 0
   0128 00                  339 	.db #0x00	; 0
   0129 00                  340 	.db #0x00	; 0
   012A 00                  341 	.db #0x00	; 0
   012B 00                  342 	.db #0x00	; 0
   012C 00                  343 	.db #0x00	; 0
   012D 00                  344 	.db #0x00	; 0
   012E 00                  345 	.db #0x00	; 0
   012F 00                  346 	.db #0x00	; 0
   0130 00                  347 	.db #0x00	; 0
   0131 00                  348 	.db #0x00	; 0
   0132 00                  349 	.db #0x00	; 0
   0133 00                  350 	.db #0x00	; 0
   0134 00                  351 	.db #0x00	; 0
   0135 00                  352 	.db #0x00	; 0
   0136 00                  353 	.db #0x00	; 0
   0137 00                  354 	.db #0x00	; 0
   0138 00                  355 	.db #0x00	; 0
   0139 00                  356 	.db #0x00	; 0
   013A 00                  357 	.db #0x00	; 0
   013B 00                  358 	.db #0x00	; 0
   013C 00                  359 	.db #0x00	; 0
   013D 00                  360 	.db #0x00	; 0
   013E 00                  361 	.db #0x00	; 0
   013F 00                  362 	.db #0x00	; 0
   0140 00                  363 	.db #0x00	; 0
   0141 00                  364 	.db #0x00	; 0
   0142 00                  365 	.db #0x00	; 0
   0143 00                  366 	.db #0x00	; 0
   0144 00                  367 	.db #0x00	; 0
   0145 00                  368 	.db #0x00	; 0
   0146 00                  369 	.db #0x00	; 0
   0147 00                  370 	.db #0x00	; 0
   0148 00                  371 	.db #0x00	; 0
   0149 00                  372 	.db #0x00	; 0
   014A 00                  373 	.db #0x00	; 0
   014B 00                  374 	.db #0x00	; 0
   014C 00                  375 	.db #0x00	; 0
   014D 00                  376 	.db #0x00	; 0
   014E 00                  377 	.db #0x00	; 0
   014F 00                  378 	.db #0x00	; 0
   0150 00                  379 	.db #0x00	; 0
   0151 00                  380 	.db #0x00	; 0
   0152 00                  381 	.db #0x00	; 0
   0153 00                  382 	.db #0x00	; 0
   0154 00                  383 	.db #0x00	; 0
   0155 00                  384 	.db #0x00	; 0
   0156 00                  385 	.db #0x00	; 0
   0157 00                  386 	.db #0x00	; 0
   0158 00                  387 	.db #0x00	; 0
   0159 00                  388 	.db #0x00	; 0
   015A 00                  389 	.db #0x00	; 0
   015B 00                  390 	.db #0x00	; 0
   015C 00                  391 	.db #0x00	; 0
   015D 00                  392 	.db #0x00	; 0
   015E 00                  393 	.db #0x00	; 0
   015F 00                  394 	.db #0x00	; 0
   0160 00                  395 	.db #0x00	; 0
   0161 00                  396 	.db #0x00	; 0
   0162 00                  397 	.db #0x00	; 0
   0163 00                  398 	.db #0x00	; 0
   0164 00                  399 	.db #0x00	; 0
   0165 00                  400 	.db #0x00	; 0
   0166 00                  401 	.db #0x00	; 0
   0167 00                  402 	.db #0x00	; 0
   0168 00                  403 	.db #0x00	; 0
   0169 00                  404 	.db #0x00	; 0
   016A 00                  405 	.db #0x00	; 0
   016B 00                  406 	.db #0x00	; 0
   016C 00                  407 	.db #0x00	; 0
   016D 00                  408 	.db #0x00	; 0
   016E 00                  409 	.db #0x00	; 0
   016F 00                  410 	.db #0x00	; 0
   0170 00                  411 	.db #0x00	; 0
   0171 00                  412 	.db #0x00	; 0
   0172 00                  413 	.db #0x00	; 0
   0173 00                  414 	.db #0x00	; 0
   0174 00                  415 	.db #0x00	; 0
   0175 00                  416 	.db #0x00	; 0
   0176 00                  417 	.db #0x00	; 0
   0177 00                  418 	.db #0x00	; 0
   0178 00                  419 	.db #0x00	; 0
   0179 00                  420 	.db #0x00	; 0
   017A 00                  421 	.db #0x00	; 0
   017B 00                  422 	.db #0x00	; 0
   017C 00                  423 	.db #0x00	; 0
   017D 00                  424 	.db #0x00	; 0
   017E 00                  425 	.db #0x00	; 0
   017F 00                  426 	.db #0x00	; 0
   0180 00                  427 	.db #0x00	; 0
   0181 00                  428 	.db #0x00	; 0
   0182 00                  429 	.db #0x00	; 0
   0183 00                  430 	.db #0x00	; 0
   0184 00                  431 	.db #0x00	; 0
   0185 00                  432 	.db #0x00	; 0
   0186 00                  433 	.db #0x00	; 0
   0187 00                  434 	.db #0x00	; 0
   0188 00                  435 	.db #0x00	; 0
   0189 00                  436 	.db #0x00	; 0
   018A 00                  437 	.db #0x00	; 0
   018B 00                  438 	.db #0x00	; 0
   018C 00                  439 	.db #0x00	; 0
   018D 00                  440 	.db #0x00	; 0
   018E 00                  441 	.db #0x00	; 0
   018F 00                  442 	.db #0x00	; 0
   0190 00                  443 	.db #0x00	; 0
   0191 00                  444 	.db #0x00	; 0
   0192 00                  445 	.db #0x00	; 0
   0193 00                  446 	.db #0x00	; 0
   0194 00                  447 	.db #0x00	; 0
   0195 00                  448 	.db #0x00	; 0
   0196 00                  449 	.db #0x00	; 0
   0197 00                  450 	.db #0x00	; 0
   0198 00                  451 	.db #0x00	; 0
   0199 00                  452 	.db #0x00	; 0
   019A 00                  453 	.db #0x00	; 0
   019B 00                  454 	.db #0x00	; 0
   019C 00                  455 	.db #0x00	; 0
   019D 00                  456 	.db #0x00	; 0
   019E 00                  457 	.db #0x00	; 0
   019F 00                  458 	.db #0x00	; 0
   01A0 00                  459 	.db #0x00	; 0
   01A1 00                  460 	.db #0x00	; 0
   01A2 00                  461 	.db #0x00	; 0
   01A3 00                  462 	.db #0x00	; 0
   01A4 00                  463 	.db #0x00	; 0
   01A5 00                  464 	.db #0x00	; 0
   01A6 00                  465 	.db #0x00	; 0
   01A7 00                  466 	.db #0x00	; 0
   01A8 00                  467 	.db #0x00	; 0
   01A9 00                  468 	.db #0x00	; 0
   01AA 00                  469 	.db #0x00	; 0
   01AB 00                  470 	.db #0x00	; 0
   01AC 00                  471 	.db #0x00	; 0
   01AD 00                  472 	.db #0x00	; 0
   01AE 00                  473 	.db #0x00	; 0
   01AF 00                  474 	.db #0x00	; 0
   01B0 00                  475 	.db #0x00	; 0
   01B1 00                  476 	.db #0x00	; 0
   01B2 00                  477 	.db #0x00	; 0
   01B3 00                  478 	.db #0x00	; 0
   01B4 00                  479 	.db #0x00	; 0
   01B5 00                  480 	.db #0x00	; 0
   01B6 00                  481 	.db #0x00	; 0
   01B7 00                  482 	.db #0x00	; 0
   01B8 00                  483 	.db #0x00	; 0
   01B9 00                  484 	.db #0x00	; 0
   01BA 00                  485 	.db #0x00	; 0
   01BB 00                  486 	.db #0x00	; 0
   01BC 00                  487 	.db #0x00	; 0
   01BD 00                  488 	.db #0x00	; 0
   01BE 00                  489 	.db #0x00	; 0
   01BF 00                  490 	.db #0x00	; 0
   01C0 00                  491 	.db #0x00	; 0
   01C1 00                  492 	.db #0x00	; 0
   01C2 00                  493 	.db #0x00	; 0
   01C3 00                  494 	.db #0x00	; 0
   01C4 00                  495 	.db #0x00	; 0
   01C5 00                  496 	.db #0x00	; 0
   01C6 00                  497 	.db #0x00	; 0
   01C7 00                  498 	.db #0x00	; 0
   01C8 00                  499 	.db #0x00	; 0
   01C9 00                  500 	.db #0x00	; 0
   01CA 00                  501 	.db #0x00	; 0
   01CB 00                  502 	.db #0x00	; 0
   01CC 00                  503 	.db #0x00	; 0
   01CD 00                  504 	.db #0x00	; 0
   01CE 00                  505 	.db #0x00	; 0
   01CF 00                  506 	.db #0x00	; 0
   01D0 00                  507 	.db #0x00	; 0
   01D1 00                  508 	.db #0x00	; 0
   01D2 00                  509 	.db #0x00	; 0
   01D3 00                  510 	.db #0x00	; 0
   01D4 00                  511 	.db #0x00	; 0
   01D5 00                  512 	.db #0x00	; 0
   01D6 00                  513 	.db #0x00	; 0
   01D7 00                  514 	.db #0x00	; 0
   01D8 00                  515 	.db #0x00	; 0
   01D9 00                  516 	.db #0x00	; 0
   01DA 00                  517 	.db #0x00	; 0
   01DB 00                  518 	.db #0x00	; 0
   01DC 00                  519 	.db #0x00	; 0
   01DD 00                  520 	.db #0x00	; 0
   01DE 00                  521 	.db #0x00	; 0
   01DF 00                  522 	.db #0x00	; 0
                            523 	.area _CABS (ABS)
