                              1 ;--------------------------------------------------------
                              2 ; File Created by SDCC : free open source ANSI-C Compiler
                              3 ; Version 4.0.0 #11528 (MINGW32)
                              4 ;--------------------------------------------------------
                              5 	.module C__Users_Mills_AppData_Local_Temp_lcc30561
                              6 	.optsdcc -mgbz80
                              7 	
                              8 ;--------------------------------------------------------
                              9 ; Public variables in this module
                             10 ;--------------------------------------------------------
                             11 	.globl _Vector_Tiles
                             12 	.globl _Vector_TilesPAL
                             13 ;--------------------------------------------------------
                             14 ; special function registers
                             15 ;--------------------------------------------------------
                             16 ;--------------------------------------------------------
                             17 ; ram data
                             18 ;--------------------------------------------------------
                             19 	.area _DATA
                             20 ;--------------------------------------------------------
                             21 ; absolute external ram data
                             22 ;--------------------------------------------------------
                             23 	.area _DABS (ABS)
                             24 ;--------------------------------------------------------
                             25 ; global & static initialisations
                             26 ;--------------------------------------------------------
                             27 	.area _HOME
                             28 	.area _GSINIT
                             29 	.area _GSFINAL
                             30 	.area _GSINIT
                             31 ;--------------------------------------------------------
                             32 ; Home
                             33 ;--------------------------------------------------------
                             34 	.area _HOME
                             35 	.area _HOME
                             36 ;--------------------------------------------------------
                             37 ; code
                             38 ;--------------------------------------------------------
                             39 	.area _CODE_12
                             40 	.area _CODE_12
   0000                      41 _Vector_TilesPAL:
   0000 E9 7D                42 	.dw #0x7de9
   0002 BA 7B                43 	.dw #0x7bba
   0004 82 7F                44 	.dw #0x7f82
   0006 60 52                45 	.dw #0x5260
   0008 82 7C                46 	.dw #0x7c82
   000A FF 7F                47 	.dw #0x7fff
   000C 94 52                48 	.dw #0x5294
   000E 00 00                49 	.dw #0x0000
   0010 E0 4C                50 	.dw #0x4ce0
   0012 FF 7F                51 	.dw #0x7fff
   0014 94 52                52 	.dw #0x5294
   0016 00 00                53 	.dw #0x0000
   0018 70 7A                54 	.dw #0x7a70
   001A FF 7F                55 	.dw #0x7fff
   001C 94 52                56 	.dw #0x5294
   001E 00 00                57 	.dw #0x0000
   0020 2E 7A                58 	.dw #0x7a2e
   0022 FF 7F                59 	.dw #0x7fff
   0024 94 52                60 	.dw #0x5294
   0026 00 00                61 	.dw #0x0000
   0028 E9 7D                62 	.dw #0x7de9
   002A FF 7F                63 	.dw #0x7fff
   002C 94 52                64 	.dw #0x5294
   002E 00 00                65 	.dw #0x0000
   0030 98 7B                66 	.dw #0x7b98
   0032 FF 7F                67 	.dw #0x7fff
   0034 94 52                68 	.dw #0x5294
   0036 00 00                69 	.dw #0x0000
   0038 FF 7F                70 	.dw #0x7fff
   003A 71 7A                71 	.dw #0x7a71
   003C 00 74                72 	.dw #0x7400
   003E 00 00                73 	.dw #0x0000
   0040                      74 _Vector_Tiles:
   0040 00                   75 	.db #0x00	; 0
   0041 00                   76 	.db #0x00	; 0
   0042 00                   77 	.db #0x00	; 0
   0043 00                   78 	.db #0x00	; 0
   0044 00                   79 	.db #0x00	; 0
   0045 00                   80 	.db #0x00	; 0
   0046 00                   81 	.db #0x00	; 0
   0047 00                   82 	.db #0x00	; 0
   0048 00                   83 	.db #0x00	; 0
   0049 00                   84 	.db #0x00	; 0
   004A 00                   85 	.db #0x00	; 0
   004B 00                   86 	.db #0x00	; 0
   004C 00                   87 	.db #0x00	; 0
   004D 00                   88 	.db #0x00	; 0
   004E 00                   89 	.db #0x00	; 0
   004F 00                   90 	.db #0x00	; 0
   0050 00                   91 	.db #0x00	; 0
   0051 00                   92 	.db #0x00	; 0
   0052 00                   93 	.db #0x00	; 0
   0053 00                   94 	.db #0x00	; 0
   0054 00                   95 	.db #0x00	; 0
   0055 00                   96 	.db #0x00	; 0
   0056 00                   97 	.db #0x00	; 0
   0057 00                   98 	.db #0x00	; 0
   0058 00                   99 	.db #0x00	; 0
   0059 00                  100 	.db #0x00	; 0
   005A 00                  101 	.db #0x00	; 0
   005B 00                  102 	.db #0x00	; 0
   005C 00                  103 	.db #0x00	; 0
   005D 00                  104 	.db #0x00	; 0
   005E 00                  105 	.db #0x00	; 0
   005F 00                  106 	.db #0x00	; 0
   0060 00                  107 	.db #0x00	; 0
   0061 00                  108 	.db #0x00	; 0
   0062 00                  109 	.db #0x00	; 0
   0063 00                  110 	.db #0x00	; 0
   0064 00                  111 	.db #0x00	; 0
   0065 00                  112 	.db #0x00	; 0
   0066 00                  113 	.db #0x00	; 0
   0067 00                  114 	.db #0x00	; 0
   0068 00                  115 	.db #0x00	; 0
   0069 00                  116 	.db #0x00	; 0
   006A 00                  117 	.db #0x00	; 0
   006B 00                  118 	.db #0x00	; 0
   006C 00                  119 	.db #0x00	; 0
   006D 00                  120 	.db #0x00	; 0
   006E 00                  121 	.db #0x00	; 0
   006F 00                  122 	.db #0x00	; 0
   0070 00                  123 	.db #0x00	; 0
   0071 00                  124 	.db #0x00	; 0
   0072 00                  125 	.db #0x00	; 0
   0073 00                  126 	.db #0x00	; 0
   0074 00                  127 	.db #0x00	; 0
   0075 00                  128 	.db #0x00	; 0
   0076 00                  129 	.db #0x00	; 0
   0077 00                  130 	.db #0x00	; 0
   0078 00                  131 	.db #0x00	; 0
   0079 00                  132 	.db #0x00	; 0
   007A 00                  133 	.db #0x00	; 0
   007B 00                  134 	.db #0x00	; 0
   007C 00                  135 	.db #0x00	; 0
   007D 00                  136 	.db #0x00	; 0
   007E 00                  137 	.db #0x00	; 0
   007F 00                  138 	.db #0x00	; 0
   0080 00                  139 	.db #0x00	; 0
   0081 00                  140 	.db #0x00	; 0
   0082 00                  141 	.db #0x00	; 0
   0083 00                  142 	.db #0x00	; 0
   0084 00                  143 	.db #0x00	; 0
   0085 00                  144 	.db #0x00	; 0
   0086 00                  145 	.db #0x00	; 0
   0087 00                  146 	.db #0x00	; 0
   0088 00                  147 	.db #0x00	; 0
   0089 00                  148 	.db #0x00	; 0
   008A 00                  149 	.db #0x00	; 0
   008B 00                  150 	.db #0x00	; 0
   008C 00                  151 	.db #0x00	; 0
   008D 00                  152 	.db #0x00	; 0
   008E 00                  153 	.db #0x00	; 0
   008F 00                  154 	.db #0x00	; 0
   0090 00                  155 	.db #0x00	; 0
   0091 00                  156 	.db #0x00	; 0
   0092 00                  157 	.db #0x00	; 0
   0093 00                  158 	.db #0x00	; 0
   0094 00                  159 	.db #0x00	; 0
   0095 00                  160 	.db #0x00	; 0
   0096 00                  161 	.db #0x00	; 0
   0097 00                  162 	.db #0x00	; 0
   0098 00                  163 	.db #0x00	; 0
   0099 00                  164 	.db #0x00	; 0
   009A 00                  165 	.db #0x00	; 0
   009B 00                  166 	.db #0x00	; 0
   009C 00                  167 	.db #0x00	; 0
   009D 00                  168 	.db #0x00	; 0
   009E 00                  169 	.db #0x00	; 0
   009F 00                  170 	.db #0x00	; 0
   00A0 FF                  171 	.db #0xff	; 255
   00A1 00                  172 	.db #0x00	; 0
   00A2 FF                  173 	.db #0xff	; 255
   00A3 00                  174 	.db #0x00	; 0
   00A4 FF                  175 	.db #0xff	; 255
   00A5 00                  176 	.db #0x00	; 0
   00A6 FF                  177 	.db #0xff	; 255
   00A7 00                  178 	.db #0x00	; 0
   00A8 FF                  179 	.db #0xff	; 255
   00A9 00                  180 	.db #0x00	; 0
   00AA FF                  181 	.db #0xff	; 255
   00AB 00                  182 	.db #0x00	; 0
   00AC FF                  183 	.db #0xff	; 255
   00AD 00                  184 	.db #0x00	; 0
   00AE FF                  185 	.db #0xff	; 255
   00AF 00                  186 	.db #0x00	; 0
   00B0 C0                  187 	.db #0xc0	; 192
   00B1 C0                  188 	.db #0xc0	; 192
   00B2 F0                  189 	.db #0xf0	; 240
   00B3 30                  190 	.db #0x30	; 48	'0'
   00B4 F8                  191 	.db #0xf8	; 248
   00B5 08                  192 	.db #0x08	; 8
   00B6 FC                  193 	.db #0xfc	; 252
   00B7 04                  194 	.db #0x04	; 4
   00B8 FE                  195 	.db #0xfe	; 254
   00B9 02                  196 	.db #0x02	; 2
   00BA FE                  197 	.db #0xfe	; 254
   00BB 02                  198 	.db #0x02	; 2
   00BC FF                  199 	.db #0xff	; 255
   00BD 01                  200 	.db #0x01	; 1
   00BE FF                  201 	.db #0xff	; 255
   00BF 01                  202 	.db #0x01	; 1
   00C0 FF                  203 	.db #0xff	; 255
   00C1 01                  204 	.db #0x01	; 1
   00C2 FF                  205 	.db #0xff	; 255
   00C3 01                  206 	.db #0x01	; 1
   00C4 FE                  207 	.db #0xfe	; 254
   00C5 02                  208 	.db #0x02	; 2
   00C6 FE                  209 	.db #0xfe	; 254
   00C7 02                  210 	.db #0x02	; 2
   00C8 E4                  211 	.db #0xe4	; 228
   00C9 1C                  212 	.db #0x1c	; 28
   00CA 08                  213 	.db #0x08	; 8
   00CB F8                  214 	.db #0xf8	; 248
   00CC 30                  215 	.db #0x30	; 48	'0'
   00CD F0                  216 	.db #0xf0	; 240
   00CE C0                  217 	.db #0xc0	; 192
   00CF C0                  218 	.db #0xc0	; 192
   00D0 FF                  219 	.db #0xff	; 255
   00D1 00                  220 	.db #0x00	; 0
   00D2 FF                  221 	.db #0xff	; 255
   00D3 00                  222 	.db #0x00	; 0
   00D4 FF                  223 	.db #0xff	; 255
   00D5 00                  224 	.db #0x00	; 0
   00D6 FF                  225 	.db #0xff	; 255
   00D7 00                  226 	.db #0x00	; 0
   00D8 FF                  227 	.db #0xff	; 255
   00D9 00                  228 	.db #0x00	; 0
   00DA 00                  229 	.db #0x00	; 0
   00DB FF                  230 	.db #0xff	; 255
   00DC 00                  231 	.db #0x00	; 0
   00DD FF                  232 	.db #0xff	; 255
   00DE FF                  233 	.db #0xff	; 255
   00DF FF                  234 	.db #0xff	; 255
   00E0 FF                  235 	.db #0xff	; 255
   00E1 FF                  236 	.db #0xff	; 255
   00E2 FF                  237 	.db #0xff	; 255
   00E3 00                  238 	.db #0x00	; 0
   00E4 FF                  239 	.db #0xff	; 255
   00E5 00                  240 	.db #0x00	; 0
   00E6 FF                  241 	.db #0xff	; 255
   00E7 00                  242 	.db #0x00	; 0
   00E8 FF                  243 	.db #0xff	; 255
   00E9 00                  244 	.db #0x00	; 0
   00EA FF                  245 	.db #0xff	; 255
   00EB 00                  246 	.db #0x00	; 0
   00EC FF                  247 	.db #0xff	; 255
   00ED 00                  248 	.db #0x00	; 0
   00EE FF                  249 	.db #0xff	; 255
   00EF 00                  250 	.db #0x00	; 0
   00F0 9F                  251 	.db #0x9f	; 159
   00F1 E0                  252 	.db #0xe0	; 224
   00F2 9F                  253 	.db #0x9f	; 159
   00F3 E0                  254 	.db #0xe0	; 224
   00F4 4F                  255 	.db #0x4f	; 79	'O'
   00F5 70                  256 	.db #0x70	; 112	'p'
   00F6 47                  257 	.db #0x47	; 71	'G'
   00F7 78                  258 	.db #0x78	; 120	'x'
   00F8 23                  259 	.db #0x23	; 35
   00F9 3C                  260 	.db #0x3c	; 60
   00FA 10                  261 	.db #0x10	; 16
   00FB 1F                  262 	.db #0x1f	; 31
   00FC 0C                  263 	.db #0x0c	; 12
   00FD 0F                  264 	.db #0x0f	; 15
   00FE 03                  265 	.db #0x03	; 3
   00FF 03                  266 	.db #0x03	; 3
   0100 03                  267 	.db #0x03	; 3
   0101 03                  268 	.db #0x03	; 3
   0102 0F                  269 	.db #0x0f	; 15
   0103 0C                  270 	.db #0x0c	; 12
   0104 1F                  271 	.db #0x1f	; 31
   0105 10                  272 	.db #0x10	; 16
   0106 3F                  273 	.db #0x3f	; 63
   0107 20                  274 	.db #0x20	; 32
   0108 7F                  275 	.db #0x7f	; 127
   0109 40                  276 	.db #0x40	; 64
   010A 7F                  277 	.db #0x7f	; 127
   010B 40                  278 	.db #0x40	; 64
   010C BF                  279 	.db #0xbf	; 191
   010D C0                  280 	.db #0xc0	; 192
   010E BF                  281 	.db #0xbf	; 191
   010F C0                  282 	.db #0xc0	; 192
   0110 FF                  283 	.db #0xff	; 255
   0111 03                  284 	.db #0x03	; 3
   0112 FF                  285 	.db #0xff	; 255
   0113 0C                  286 	.db #0x0c	; 12
   0114 FF                  287 	.db #0xff	; 255
   0115 10                  288 	.db #0x10	; 16
   0116 FF                  289 	.db #0xff	; 255
   0117 20                  290 	.db #0x20	; 32
   0118 FF                  291 	.db #0xff	; 255
   0119 40                  292 	.db #0x40	; 64
   011A FF                  293 	.db #0xff	; 255
   011B 40                  294 	.db #0x40	; 64
   011C BF                  295 	.db #0xbf	; 191
   011D C0                  296 	.db #0xc0	; 192
   011E BF                  297 	.db #0xbf	; 191
   011F C0                  298 	.db #0xc0	; 192
   0120 FF                  299 	.db #0xff	; 255
   0121 C0                  300 	.db #0xc0	; 192
   0122 FF                  301 	.db #0xff	; 255
   0123 30                  302 	.db #0x30	; 48	'0'
   0124 FF                  303 	.db #0xff	; 255
   0125 08                  304 	.db #0x08	; 8
   0126 FF                  305 	.db #0xff	; 255
   0127 04                  306 	.db #0x04	; 4
   0128 FF                  307 	.db #0xff	; 255
   0129 02                  308 	.db #0x02	; 2
   012A FF                  309 	.db #0xff	; 255
   012B 02                  310 	.db #0x02	; 2
   012C FF                  311 	.db #0xff	; 255
   012D 01                  312 	.db #0x01	; 1
   012E FF                  313 	.db #0xff	; 255
   012F 01                  314 	.db #0x01	; 1
   0130 FF                  315 	.db #0xff	; 255
   0131 03                  316 	.db #0x03	; 3
   0132 FC                  317 	.db #0xfc	; 252
   0133 0C                  318 	.db #0x0c	; 12
   0134 F0                  319 	.db #0xf0	; 240
   0135 30                  320 	.db #0x30	; 48	'0'
   0136 C0                  321 	.db #0xc0	; 192
   0137 C0                  322 	.db #0xc0	; 192
   0138 00                  323 	.db #0x00	; 0
   0139 00                  324 	.db #0x00	; 0
   013A 00                  325 	.db #0x00	; 0
   013B 00                  326 	.db #0x00	; 0
   013C 00                  327 	.db #0x00	; 0
   013D 00                  328 	.db #0x00	; 0
   013E 00                  329 	.db #0x00	; 0
   013F 00                  330 	.db #0x00	; 0
   0140 FF                  331 	.db #0xff	; 255
   0141 00                  332 	.db #0x00	; 0
   0142 FF                  333 	.db #0xff	; 255
   0143 00                  334 	.db #0x00	; 0
   0144 FF                  335 	.db #0xff	; 255
   0145 00                  336 	.db #0x00	; 0
   0146 FF                  337 	.db #0xff	; 255
   0147 00                  338 	.db #0x00	; 0
   0148 FF                  339 	.db #0xff	; 255
   0149 03                  340 	.db #0x03	; 3
   014A FC                  341 	.db #0xfc	; 252
   014B 0C                  342 	.db #0x0c	; 12
   014C F0                  343 	.db #0xf0	; 240
   014D 30                  344 	.db #0x30	; 48	'0'
   014E C0                  345 	.db #0xc0	; 192
   014F C0                  346 	.db #0xc0	; 192
   0150 01                  347 	.db #0x01	; 1
   0151 01                  348 	.db #0x01	; 1
   0152 03                  349 	.db #0x03	; 3
   0153 02                  350 	.db #0x02	; 2
   0154 07                  351 	.db #0x07	; 7
   0155 04                  352 	.db #0x04	; 4
   0156 0F                  353 	.db #0x0f	; 15
   0157 08                  354 	.db #0x08	; 8
   0158 1F                  355 	.db #0x1f	; 31
   0159 10                  356 	.db #0x10	; 16
   015A 3F                  357 	.db #0x3f	; 63
   015B 20                  358 	.db #0x20	; 32
   015C 7F                  359 	.db #0x7f	; 127
   015D 40                  360 	.db #0x40	; 64
   015E FF                  361 	.db #0xff	; 255
   015F 80                  362 	.db #0x80	; 128
   0160 00                  363 	.db #0x00	; 0
   0161 00                  364 	.db #0x00	; 0
   0162 00                  365 	.db #0x00	; 0
   0163 00                  366 	.db #0x00	; 0
   0164 00                  367 	.db #0x00	; 0
   0165 00                  368 	.db #0x00	; 0
   0166 00                  369 	.db #0x00	; 0
   0167 00                  370 	.db #0x00	; 0
   0168 00                  371 	.db #0x00	; 0
   0169 00                  372 	.db #0x00	; 0
   016A 00                  373 	.db #0x00	; 0
   016B 00                  374 	.db #0x00	; 0
   016C 00                  375 	.db #0x00	; 0
   016D 00                  376 	.db #0x00	; 0
   016E 00                  377 	.db #0x00	; 0
   016F 00                  378 	.db #0x00	; 0
   0170 00                  379 	.db #0x00	; 0
   0171 00                  380 	.db #0x00	; 0
   0172 00                  381 	.db #0x00	; 0
   0173 00                  382 	.db #0x00	; 0
   0174 FF                  383 	.db #0xff	; 255
   0175 00                  384 	.db #0x00	; 0
   0176 00                  385 	.db #0x00	; 0
   0177 FF                  386 	.db #0xff	; 255
   0178 FF                  387 	.db #0xff	; 255
   0179 FF                  388 	.db #0xff	; 255
   017A FF                  389 	.db #0xff	; 255
   017B FF                  390 	.db #0xff	; 255
   017C FF                  391 	.db #0xff	; 255
   017D FF                  392 	.db #0xff	; 255
   017E FF                  393 	.db #0xff	; 255
   017F FF                  394 	.db #0xff	; 255
   0180 00                  395 	.db #0x00	; 0
   0181 00                  396 	.db #0x00	; 0
   0182 00                  397 	.db #0x00	; 0
   0183 00                  398 	.db #0x00	; 0
   0184 FF                  399 	.db #0xff	; 255
   0185 00                  400 	.db #0x00	; 0
   0186 00                  401 	.db #0x00	; 0
   0187 FF                  402 	.db #0xff	; 255
   0188 FF                  403 	.db #0xff	; 255
   0189 FF                  404 	.db #0xff	; 255
   018A FF                  405 	.db #0xff	; 255
   018B FF                  406 	.db #0xff	; 255
   018C FF                  407 	.db #0xff	; 255
   018D FF                  408 	.db #0xff	; 255
   018E FF                  409 	.db #0xff	; 255
   018F FF                  410 	.db #0xff	; 255
   0190 00                  411 	.db #0x00	; 0
   0191 00                  412 	.db #0x00	; 0
   0192 FF                  413 	.db #0xff	; 255
   0193 00                  414 	.db #0x00	; 0
   0194 80                  415 	.db #0x80	; 128
   0195 7F                  416 	.db #0x7f	; 127
   0196 3F                  417 	.db #0x3f	; 63
   0197 FF                  418 	.db #0xff	; 255
   0198 FF                  419 	.db #0xff	; 255
   0199 FF                  420 	.db #0xff	; 255
   019A FF                  421 	.db #0xff	; 255
   019B FF                  422 	.db #0xff	; 255
   019C FF                  423 	.db #0xff	; 255
   019D FF                  424 	.db #0xff	; 255
   019E FF                  425 	.db #0xff	; 255
   019F FF                  426 	.db #0xff	; 255
   01A0 00                  427 	.db #0x00	; 0
   01A1 00                  428 	.db #0x00	; 0
   01A2 FF                  429 	.db #0xff	; 255
   01A3 00                  430 	.db #0x00	; 0
   01A4 00                  431 	.db #0x00	; 0
   01A5 FF                  432 	.db #0xff	; 255
   01A6 FF                  433 	.db #0xff	; 255
   01A7 FF                  434 	.db #0xff	; 255
   01A8 FF                  435 	.db #0xff	; 255
   01A9 FF                  436 	.db #0xff	; 255
   01AA FF                  437 	.db #0xff	; 255
   01AB FF                  438 	.db #0xff	; 255
   01AC FF                  439 	.db #0xff	; 255
   01AD FF                  440 	.db #0xff	; 255
   01AE FF                  441 	.db #0xff	; 255
   01AF FF                  442 	.db #0xff	; 255
   01B0 00                  443 	.db #0x00	; 0
   01B1 00                  444 	.db #0x00	; 0
   01B2 E0                  445 	.db #0xe0	; 224
   01B3 00                  446 	.db #0x00	; 0
   01B4 3F                  447 	.db #0x3f	; 63
   01B5 C0                  448 	.db #0xc0	; 192
   01B6 81                  449 	.db #0x81	; 129
   01B7 FE                  450 	.db #0xfe	; 254
   01B8 FC                  451 	.db #0xfc	; 252
   01B9 FF                  452 	.db #0xff	; 255
   01BA FF                  453 	.db #0xff	; 255
   01BB FF                  454 	.db #0xff	; 255
   01BC FF                  455 	.db #0xff	; 255
   01BD FF                  456 	.db #0xff	; 255
   01BE FF                  457 	.db #0xff	; 255
   01BF FF                  458 	.db #0xff	; 255
   01C0 00                  459 	.db #0x00	; 0
   01C1 00                  460 	.db #0x00	; 0
   01C2 00                  461 	.db #0x00	; 0
   01C3 00                  462 	.db #0x00	; 0
   01C4 00                  463 	.db #0x00	; 0
   01C5 00                  464 	.db #0x00	; 0
   01C6 FC                  465 	.db #0xfc	; 252
   01C7 00                  466 	.db #0x00	; 0
   01C8 07                  467 	.db #0x07	; 7
   01C9 F8                  468 	.db #0xf8	; 248
   01CA F0                  469 	.db #0xf0	; 240
   01CB FF                  470 	.db #0xff	; 255
   01CC FF                  471 	.db #0xff	; 255
   01CD FF                  472 	.db #0xff	; 255
   01CE FF                  473 	.db #0xff	; 255
   01CF FF                  474 	.db #0xff	; 255
   01D0 00                  475 	.db #0x00	; 0
   01D1 00                  476 	.db #0x00	; 0
   01D2 00                  477 	.db #0x00	; 0
   01D3 00                  478 	.db #0x00	; 0
   01D4 00                  479 	.db #0x00	; 0
   01D5 00                  480 	.db #0x00	; 0
   01D6 00                  481 	.db #0x00	; 0
   01D7 00                  482 	.db #0x00	; 0
   01D8 E0                  483 	.db #0xe0	; 224
   01D9 00                  484 	.db #0x00	; 0
   01DA 3F                  485 	.db #0x3f	; 63
   01DB C0                  486 	.db #0xc0	; 192
   01DC 81                  487 	.db #0x81	; 129
   01DD FE                  488 	.db #0xfe	; 254
   01DE FC                  489 	.db #0xfc	; 252
   01DF FF                  490 	.db #0xff	; 255
   01E0 00                  491 	.db #0x00	; 0
   01E1 00                  492 	.db #0x00	; 0
   01E2 00                  493 	.db #0x00	; 0
   01E3 00                  494 	.db #0x00	; 0
   01E4 00                  495 	.db #0x00	; 0
   01E5 00                  496 	.db #0x00	; 0
   01E6 00                  497 	.db #0x00	; 0
   01E7 00                  498 	.db #0x00	; 0
   01E8 00                  499 	.db #0x00	; 0
   01E9 00                  500 	.db #0x00	; 0
   01EA 00                  501 	.db #0x00	; 0
   01EB 00                  502 	.db #0x00	; 0
   01EC FC                  503 	.db #0xfc	; 252
   01ED 00                  504 	.db #0x00	; 0
   01EE 07                  505 	.db #0x07	; 7
   01EF F8                  506 	.db #0xf8	; 248
   01F0 00                  507 	.db #0x00	; 0
   01F1 00                  508 	.db #0x00	; 0
   01F2 00                  509 	.db #0x00	; 0
   01F3 00                  510 	.db #0x00	; 0
   01F4 00                  511 	.db #0x00	; 0
   01F5 00                  512 	.db #0x00	; 0
   01F6 00                  513 	.db #0x00	; 0
   01F7 00                  514 	.db #0x00	; 0
   01F8 00                  515 	.db #0x00	; 0
   01F9 00                  516 	.db #0x00	; 0
   01FA 00                  517 	.db #0x00	; 0
   01FB 00                  518 	.db #0x00	; 0
   01FC 00                  519 	.db #0x00	; 0
   01FD 00                  520 	.db #0x00	; 0
   01FE E0                  521 	.db #0xe0	; 224
   01FF 00                  522 	.db #0x00	; 0
   0200 00                  523 	.db #0x00	; 0
   0201 00                  524 	.db #0x00	; 0
   0202 00                  525 	.db #0x00	; 0
   0203 00                  526 	.db #0x00	; 0
   0204 00                  527 	.db #0x00	; 0
   0205 00                  528 	.db #0x00	; 0
   0206 00                  529 	.db #0x00	; 0
   0207 00                  530 	.db #0x00	; 0
   0208 00                  531 	.db #0x00	; 0
   0209 00                  532 	.db #0x00	; 0
   020A 00                  533 	.db #0x00	; 0
   020B 00                  534 	.db #0x00	; 0
   020C 00                  535 	.db #0x00	; 0
   020D 00                  536 	.db #0x00	; 0
   020E 00                  537 	.db #0x00	; 0
   020F 00                  538 	.db #0x00	; 0
   0210 00                  539 	.db #0x00	; 0
   0211 00                  540 	.db #0x00	; 0
   0212 00                  541 	.db #0x00	; 0
   0213 00                  542 	.db #0x00	; 0
   0214 00                  543 	.db #0x00	; 0
   0215 00                  544 	.db #0x00	; 0
   0216 00                  545 	.db #0x00	; 0
   0217 00                  546 	.db #0x00	; 0
   0218 00                  547 	.db #0x00	; 0
   0219 00                  548 	.db #0x00	; 0
   021A 00                  549 	.db #0x00	; 0
   021B 00                  550 	.db #0x00	; 0
   021C 00                  551 	.db #0x00	; 0
   021D 00                  552 	.db #0x00	; 0
   021E 00                  553 	.db #0x00	; 0
   021F 00                  554 	.db #0x00	; 0
   0220 00                  555 	.db #0x00	; 0
   0221 00                  556 	.db #0x00	; 0
   0222 00                  557 	.db #0x00	; 0
   0223 00                  558 	.db #0x00	; 0
   0224 00                  559 	.db #0x00	; 0
   0225 00                  560 	.db #0x00	; 0
   0226 00                  561 	.db #0x00	; 0
   0227 00                  562 	.db #0x00	; 0
   0228 00                  563 	.db #0x00	; 0
   0229 00                  564 	.db #0x00	; 0
   022A 00                  565 	.db #0x00	; 0
   022B 00                  566 	.db #0x00	; 0
   022C 00                  567 	.db #0x00	; 0
   022D 00                  568 	.db #0x00	; 0
   022E 00                  569 	.db #0x00	; 0
   022F 00                  570 	.db #0x00	; 0
   0230 00                  571 	.db #0x00	; 0
   0231 00                  572 	.db #0x00	; 0
   0232 00                  573 	.db #0x00	; 0
   0233 00                  574 	.db #0x00	; 0
   0234 00                  575 	.db #0x00	; 0
   0235 00                  576 	.db #0x00	; 0
   0236 00                  577 	.db #0x00	; 0
   0237 00                  578 	.db #0x00	; 0
   0238 00                  579 	.db #0x00	; 0
   0239 00                  580 	.db #0x00	; 0
   023A 00                  581 	.db #0x00	; 0
   023B 00                  582 	.db #0x00	; 0
   023C 00                  583 	.db #0x00	; 0
   023D 00                  584 	.db #0x00	; 0
   023E 00                  585 	.db #0x00	; 0
   023F 00                  586 	.db #0x00	; 0
   0240 00                  587 	.db #0x00	; 0
   0241 00                  588 	.db #0x00	; 0
   0242 00                  589 	.db #0x00	; 0
   0243 00                  590 	.db #0x00	; 0
   0244 00                  591 	.db #0x00	; 0
   0245 00                  592 	.db #0x00	; 0
   0246 00                  593 	.db #0x00	; 0
   0247 00                  594 	.db #0x00	; 0
   0248 00                  595 	.db #0x00	; 0
   0249 00                  596 	.db #0x00	; 0
   024A 00                  597 	.db #0x00	; 0
   024B 00                  598 	.db #0x00	; 0
   024C 00                  599 	.db #0x00	; 0
   024D 00                  600 	.db #0x00	; 0
   024E 01                  601 	.db #0x01	; 1
   024F 00                  602 	.db #0x00	; 0
   0250 00                  603 	.db #0x00	; 0
   0251 00                  604 	.db #0x00	; 0
   0252 00                  605 	.db #0x00	; 0
   0253 00                  606 	.db #0x00	; 0
   0254 00                  607 	.db #0x00	; 0
   0255 00                  608 	.db #0x00	; 0
   0256 00                  609 	.db #0x00	; 0
   0257 00                  610 	.db #0x00	; 0
   0258 01                  611 	.db #0x01	; 1
   0259 00                  612 	.db #0x00	; 0
   025A 0F                  613 	.db #0x0f	; 15
   025B 00                  614 	.db #0x00	; 0
   025C 38                  615 	.db #0x38	; 56	'8'
   025D 07                  616 	.db #0x07	; 7
   025E E3                  617 	.db #0xe3	; 227
   025F 1F                  618 	.db #0x1f	; 31
   0260 00                  619 	.db #0x00	; 0
   0261 00                  620 	.db #0x00	; 0
   0262 01                  621 	.db #0x01	; 1
   0263 00                  622 	.db #0x00	; 0
   0264 0F                  623 	.db #0x0f	; 15
   0265 00                  624 	.db #0x00	; 0
   0266 38                  625 	.db #0x38	; 56	'8'
   0267 07                  626 	.db #0x07	; 7
   0268 E3                  627 	.db #0xe3	; 227
   0269 1F                  628 	.db #0x1f	; 31
   026A 0F                  629 	.db #0x0f	; 15
   026B FF                  630 	.db #0xff	; 255
   026C 7F                  631 	.db #0x7f	; 127
   026D FF                  632 	.db #0xff	; 255
   026E FF                  633 	.db #0xff	; 255
   026F FF                  634 	.db #0xff	; 255
   0270 00                  635 	.db #0x00	; 0
   0271 00                  636 	.db #0x00	; 0
   0272 FF                  637 	.db #0xff	; 255
   0273 00                  638 	.db #0x00	; 0
   0274 00                  639 	.db #0x00	; 0
   0275 FF                  640 	.db #0xff	; 255
   0276 7F                  641 	.db #0x7f	; 127
   0277 FF                  642 	.db #0xff	; 255
   0278 FF                  643 	.db #0xff	; 255
   0279 FF                  644 	.db #0xff	; 255
   027A FF                  645 	.db #0xff	; 255
   027B FF                  646 	.db #0xff	; 255
   027C FF                  647 	.db #0xff	; 255
   027D FF                  648 	.db #0xff	; 255
   027E FF                  649 	.db #0xff	; 255
   027F FF                  650 	.db #0xff	; 255
   0280 00                  651 	.db #0x00	; 0
   0281 00                  652 	.db #0x00	; 0
   0282 FF                  653 	.db #0xff	; 255
   0283 00                  654 	.db #0x00	; 0
   0284 01                  655 	.db #0x01	; 1
   0285 FE                  656 	.db #0xfe	; 254
   0286 FC                  657 	.db #0xfc	; 252
   0287 FF                  658 	.db #0xff	; 255
   0288 FF                  659 	.db #0xff	; 255
   0289 FF                  660 	.db #0xff	; 255
   028A FF                  661 	.db #0xff	; 255
   028B FF                  662 	.db #0xff	; 255
   028C FF                  663 	.db #0xff	; 255
   028D FF                  664 	.db #0xff	; 255
   028E FF                  665 	.db #0xff	; 255
   028F FF                  666 	.db #0xff	; 255
   0290 00                  667 	.db #0x00	; 0
   0291 00                  668 	.db #0x00	; 0
   0292 00                  669 	.db #0x00	; 0
   0293 00                  670 	.db #0x00	; 0
   0294 FF                  671 	.db #0xff	; 255
   0295 00                  672 	.db #0x00	; 0
   0296 00                  673 	.db #0x00	; 0
   0297 FF                  674 	.db #0xff	; 255
   0298 FF                  675 	.db #0xff	; 255
   0299 FF                  676 	.db #0xff	; 255
   029A FF                  677 	.db #0xff	; 255
   029B FF                  678 	.db #0xff	; 255
   029C FF                  679 	.db #0xff	; 255
   029D FF                  680 	.db #0xff	; 255
   029E FF                  681 	.db #0xff	; 255
   029F FF                  682 	.db #0xff	; 255
   02A0 00                  683 	.db #0x00	; 0
   02A1 00                  684 	.db #0x00	; 0
   02A2 00                  685 	.db #0x00	; 0
   02A3 00                  686 	.db #0x00	; 0
   02A4 FF                  687 	.db #0xff	; 255
   02A5 00                  688 	.db #0x00	; 0
   02A6 00                  689 	.db #0x00	; 0
   02A7 FF                  690 	.db #0xff	; 255
   02A8 FF                  691 	.db #0xff	; 255
   02A9 FF                  692 	.db #0xff	; 255
   02AA FF                  693 	.db #0xff	; 255
   02AB FF                  694 	.db #0xff	; 255
   02AC FF                  695 	.db #0xff	; 255
   02AD FF                  696 	.db #0xff	; 255
   02AE FF                  697 	.db #0xff	; 255
   02AF FF                  698 	.db #0xff	; 255
   02B0 FF                  699 	.db #0xff	; 255
   02B1 FF                  700 	.db #0xff	; 255
   02B2 FF                  701 	.db #0xff	; 255
   02B3 FF                  702 	.db #0xff	; 255
   02B4 FF                  703 	.db #0xff	; 255
   02B5 FF                  704 	.db #0xff	; 255
   02B6 FF                  705 	.db #0xff	; 255
   02B7 FF                  706 	.db #0xff	; 255
   02B8 FF                  707 	.db #0xff	; 255
   02B9 FF                  708 	.db #0xff	; 255
   02BA FF                  709 	.db #0xff	; 255
   02BB FF                  710 	.db #0xff	; 255
   02BC FF                  711 	.db #0xff	; 255
   02BD FF                  712 	.db #0xff	; 255
   02BE FF                  713 	.db #0xff	; 255
   02BF FF                  714 	.db #0xff	; 255
   02C0 FF                  715 	.db #0xff	; 255
   02C1 FF                  716 	.db #0xff	; 255
   02C2 FF                  717 	.db #0xff	; 255
   02C3 FF                  718 	.db #0xff	; 255
   02C4 FF                  719 	.db #0xff	; 255
   02C5 FF                  720 	.db #0xff	; 255
   02C6 FF                  721 	.db #0xff	; 255
   02C7 FF                  722 	.db #0xff	; 255
   02C8 FF                  723 	.db #0xff	; 255
   02C9 FF                  724 	.db #0xff	; 255
   02CA FF                  725 	.db #0xff	; 255
   02CB FF                  726 	.db #0xff	; 255
   02CC FF                  727 	.db #0xff	; 255
   02CD FF                  728 	.db #0xff	; 255
   02CE FF                  729 	.db #0xff	; 255
   02CF FF                  730 	.db #0xff	; 255
   02D0 FF                  731 	.db #0xff	; 255
   02D1 FF                  732 	.db #0xff	; 255
   02D2 FF                  733 	.db #0xff	; 255
   02D3 FF                  734 	.db #0xff	; 255
   02D4 FF                  735 	.db #0xff	; 255
   02D5 FF                  736 	.db #0xff	; 255
   02D6 FF                  737 	.db #0xff	; 255
   02D7 FF                  738 	.db #0xff	; 255
   02D8 FF                  739 	.db #0xff	; 255
   02D9 FF                  740 	.db #0xff	; 255
   02DA FF                  741 	.db #0xff	; 255
   02DB FF                  742 	.db #0xff	; 255
   02DC FF                  743 	.db #0xff	; 255
   02DD FF                  744 	.db #0xff	; 255
   02DE FF                  745 	.db #0xff	; 255
   02DF FF                  746 	.db #0xff	; 255
   02E0 FF                  747 	.db #0xff	; 255
   02E1 FF                  748 	.db #0xff	; 255
   02E2 FF                  749 	.db #0xff	; 255
   02E3 FF                  750 	.db #0xff	; 255
   02E4 FF                  751 	.db #0xff	; 255
   02E5 FF                  752 	.db #0xff	; 255
   02E6 FF                  753 	.db #0xff	; 255
   02E7 FF                  754 	.db #0xff	; 255
   02E8 FF                  755 	.db #0xff	; 255
   02E9 FF                  756 	.db #0xff	; 255
   02EA FF                  757 	.db #0xff	; 255
   02EB FF                  758 	.db #0xff	; 255
   02EC FF                  759 	.db #0xff	; 255
   02ED FF                  760 	.db #0xff	; 255
   02EE FF                  761 	.db #0xff	; 255
   02EF FF                  762 	.db #0xff	; 255
   02F0 FF                  763 	.db #0xff	; 255
   02F1 FF                  764 	.db #0xff	; 255
   02F2 FF                  765 	.db #0xff	; 255
   02F3 FF                  766 	.db #0xff	; 255
   02F4 FF                  767 	.db #0xff	; 255
   02F5 FF                  768 	.db #0xff	; 255
   02F6 FF                  769 	.db #0xff	; 255
   02F7 FF                  770 	.db #0xff	; 255
   02F8 FF                  771 	.db #0xff	; 255
   02F9 FF                  772 	.db #0xff	; 255
   02FA FF                  773 	.db #0xff	; 255
   02FB FF                  774 	.db #0xff	; 255
   02FC FF                  775 	.db #0xff	; 255
   02FD FF                  776 	.db #0xff	; 255
   02FE FF                  777 	.db #0xff	; 255
   02FF FF                  778 	.db #0xff	; 255
   0300 FF                  779 	.db #0xff	; 255
   0301 FF                  780 	.db #0xff	; 255
   0302 FF                  781 	.db #0xff	; 255
   0303 FF                  782 	.db #0xff	; 255
   0304 FF                  783 	.db #0xff	; 255
   0305 FF                  784 	.db #0xff	; 255
   0306 FF                  785 	.db #0xff	; 255
   0307 FF                  786 	.db #0xff	; 255
   0308 FF                  787 	.db #0xff	; 255
   0309 FF                  788 	.db #0xff	; 255
   030A FF                  789 	.db #0xff	; 255
   030B FF                  790 	.db #0xff	; 255
   030C FF                  791 	.db #0xff	; 255
   030D FF                  792 	.db #0xff	; 255
   030E FF                  793 	.db #0xff	; 255
   030F FF                  794 	.db #0xff	; 255
   0310 FF                  795 	.db #0xff	; 255
   0311 FF                  796 	.db #0xff	; 255
   0312 FF                  797 	.db #0xff	; 255
   0313 FF                  798 	.db #0xff	; 255
   0314 FF                  799 	.db #0xff	; 255
   0315 FF                  800 	.db #0xff	; 255
   0316 FF                  801 	.db #0xff	; 255
   0317 FF                  802 	.db #0xff	; 255
   0318 FF                  803 	.db #0xff	; 255
   0319 FF                  804 	.db #0xff	; 255
   031A FF                  805 	.db #0xff	; 255
   031B FF                  806 	.db #0xff	; 255
   031C FF                  807 	.db #0xff	; 255
   031D FF                  808 	.db #0xff	; 255
   031E FF                  809 	.db #0xff	; 255
   031F FF                  810 	.db #0xff	; 255
   0320 F0                  811 	.db #0xf0	; 240
   0321 FF                  812 	.db #0xff	; 255
   0322 FF                  813 	.db #0xff	; 255
   0323 FF                  814 	.db #0xff	; 255
   0324 FF                  815 	.db #0xff	; 255
   0325 FF                  816 	.db #0xff	; 255
   0326 FF                  817 	.db #0xff	; 255
   0327 FF                  818 	.db #0xff	; 255
   0328 FF                  819 	.db #0xff	; 255
   0329 FF                  820 	.db #0xff	; 255
   032A FF                  821 	.db #0xff	; 255
   032B FF                  822 	.db #0xff	; 255
   032C FF                  823 	.db #0xff	; 255
   032D FF                  824 	.db #0xff	; 255
   032E FF                  825 	.db #0xff	; 255
   032F FF                  826 	.db #0xff	; 255
   0330 3F                  827 	.db #0x3f	; 63
   0331 C0                  828 	.db #0xc0	; 192
   0332 81                  829 	.db #0x81	; 129
   0333 FE                  830 	.db #0xfe	; 254
   0334 FC                  831 	.db #0xfc	; 252
   0335 FF                  832 	.db #0xff	; 255
   0336 FF                  833 	.db #0xff	; 255
   0337 FF                  834 	.db #0xff	; 255
   0338 FF                  835 	.db #0xff	; 255
   0339 FF                  836 	.db #0xff	; 255
   033A FF                  837 	.db #0xff	; 255
   033B FF                  838 	.db #0xff	; 255
   033C FF                  839 	.db #0xff	; 255
   033D FF                  840 	.db #0xff	; 255
   033E FF                  841 	.db #0xff	; 255
   033F FF                  842 	.db #0xff	; 255
   0340 00                  843 	.db #0x00	; 0
   0341 00                  844 	.db #0x00	; 0
   0342 FC                  845 	.db #0xfc	; 252
   0343 00                  846 	.db #0x00	; 0
   0344 07                  847 	.db #0x07	; 7
   0345 F8                  848 	.db #0xf8	; 248
   0346 F0                  849 	.db #0xf0	; 240
   0347 FF                  850 	.db #0xff	; 255
   0348 FF                  851 	.db #0xff	; 255
   0349 FF                  852 	.db #0xff	; 255
   034A FF                  853 	.db #0xff	; 255
   034B FF                  854 	.db #0xff	; 255
   034C FF                  855 	.db #0xff	; 255
   034D FF                  856 	.db #0xff	; 255
   034E FF                  857 	.db #0xff	; 255
   034F FF                  858 	.db #0xff	; 255
   0350 00                  859 	.db #0x00	; 0
   0351 00                  860 	.db #0x00	; 0
   0352 00                  861 	.db #0x00	; 0
   0353 00                  862 	.db #0x00	; 0
   0354 E0                  863 	.db #0xe0	; 224
   0355 00                  864 	.db #0x00	; 0
   0356 3F                  865 	.db #0x3f	; 63
   0357 C0                  866 	.db #0xc0	; 192
   0358 81                  867 	.db #0x81	; 129
   0359 FE                  868 	.db #0xfe	; 254
   035A FC                  869 	.db #0xfc	; 252
   035B FF                  870 	.db #0xff	; 255
   035C FF                  871 	.db #0xff	; 255
   035D FF                  872 	.db #0xff	; 255
   035E FF                  873 	.db #0xff	; 255
   035F FF                  874 	.db #0xff	; 255
   0360 00                  875 	.db #0x00	; 0
   0361 00                  876 	.db #0x00	; 0
   0362 00                  877 	.db #0x00	; 0
   0363 00                  878 	.db #0x00	; 0
   0364 00                  879 	.db #0x00	; 0
   0365 00                  880 	.db #0x00	; 0
   0366 00                  881 	.db #0x00	; 0
   0367 00                  882 	.db #0x00	; 0
   0368 FC                  883 	.db #0xfc	; 252
   0369 00                  884 	.db #0x00	; 0
   036A 07                  885 	.db #0x07	; 7
   036B F8                  886 	.db #0xf8	; 248
   036C F0                  887 	.db #0xf0	; 240
   036D FF                  888 	.db #0xff	; 255
   036E FF                  889 	.db #0xff	; 255
   036F FF                  890 	.db #0xff	; 255
   0370 00                  891 	.db #0x00	; 0
   0371 00                  892 	.db #0x00	; 0
   0372 00                  893 	.db #0x00	; 0
   0373 00                  894 	.db #0x00	; 0
   0374 01                  895 	.db #0x01	; 1
   0375 00                  896 	.db #0x00	; 0
   0376 0F                  897 	.db #0x0f	; 15
   0377 00                  898 	.db #0x00	; 0
   0378 38                  899 	.db #0x38	; 56	'8'
   0379 07                  900 	.db #0x07	; 7
   037A E3                  901 	.db #0xe3	; 227
   037B 1F                  902 	.db #0x1f	; 31
   037C 0F                  903 	.db #0x0f	; 15
   037D FF                  904 	.db #0xff	; 255
   037E FF                  905 	.db #0xff	; 255
   037F FF                  906 	.db #0xff	; 255
   0380 0F                  907 	.db #0x0f	; 15
   0381 00                  908 	.db #0x00	; 0
   0382 38                  909 	.db #0x38	; 56	'8'
   0383 07                  910 	.db #0x07	; 7
   0384 E3                  911 	.db #0xe3	; 227
   0385 1F                  912 	.db #0x1f	; 31
   0386 0F                  913 	.db #0x0f	; 15
   0387 FF                  914 	.db #0xff	; 255
   0388 7F                  915 	.db #0x7f	; 127
   0389 FF                  916 	.db #0xff	; 255
   038A FF                  917 	.db #0xff	; 255
   038B FF                  918 	.db #0xff	; 255
   038C FF                  919 	.db #0xff	; 255
   038D FF                  920 	.db #0xff	; 255
   038E FF                  921 	.db #0xff	; 255
   038F FF                  922 	.db #0xff	; 255
   0390 0F                  923 	.db #0x0f	; 15
   0391 FF                  924 	.db #0xff	; 255
   0392 7F                  925 	.db #0x7f	; 127
   0393 FF                  926 	.db #0xff	; 255
   0394 FF                  927 	.db #0xff	; 255
   0395 FF                  928 	.db #0xff	; 255
   0396 FF                  929 	.db #0xff	; 255
   0397 FF                  930 	.db #0xff	; 255
   0398 FF                  931 	.db #0xff	; 255
   0399 FF                  932 	.db #0xff	; 255
   039A FF                  933 	.db #0xff	; 255
   039B FF                  934 	.db #0xff	; 255
   039C FF                  935 	.db #0xff	; 255
   039D FF                  936 	.db #0xff	; 255
   039E FF                  937 	.db #0xff	; 255
   039F FF                  938 	.db #0xff	; 255
   03A0 FF                  939 	.db #0xff	; 255
   03A1 FF                  940 	.db #0xff	; 255
   03A2 FF                  941 	.db #0xff	; 255
   03A3 FF                  942 	.db #0xff	; 255
   03A4 FF                  943 	.db #0xff	; 255
   03A5 FF                  944 	.db #0xff	; 255
   03A6 FF                  945 	.db #0xff	; 255
   03A7 FF                  946 	.db #0xff	; 255
   03A8 FF                  947 	.db #0xff	; 255
   03A9 FF                  948 	.db #0xff	; 255
   03AA FF                  949 	.db #0xff	; 255
   03AB FF                  950 	.db #0xff	; 255
   03AC FF                  951 	.db #0xff	; 255
   03AD FF                  952 	.db #0xff	; 255
   03AE FF                  953 	.db #0xff	; 255
   03AF FF                  954 	.db #0xff	; 255
   03B0 FF                  955 	.db #0xff	; 255
   03B1 FF                  956 	.db #0xff	; 255
   03B2 FF                  957 	.db #0xff	; 255
   03B3 FF                  958 	.db #0xff	; 255
   03B4 FF                  959 	.db #0xff	; 255
   03B5 FF                  960 	.db #0xff	; 255
   03B6 FF                  961 	.db #0xff	; 255
   03B7 FF                  962 	.db #0xff	; 255
   03B8 FF                  963 	.db #0xff	; 255
   03B9 FF                  964 	.db #0xff	; 255
   03BA FF                  965 	.db #0xff	; 255
   03BB FF                  966 	.db #0xff	; 255
   03BC FF                  967 	.db #0xff	; 255
   03BD FF                  968 	.db #0xff	; 255
   03BE FF                  969 	.db #0xff	; 255
   03BF FF                  970 	.db #0xff	; 255
   03C0 FF                  971 	.db #0xff	; 255
   03C1 FF                  972 	.db #0xff	; 255
   03C2 FF                  973 	.db #0xff	; 255
   03C3 FF                  974 	.db #0xff	; 255
   03C4 FF                  975 	.db #0xff	; 255
   03C5 FF                  976 	.db #0xff	; 255
   03C6 FF                  977 	.db #0xff	; 255
   03C7 FF                  978 	.db #0xff	; 255
   03C8 FF                  979 	.db #0xff	; 255
   03C9 FF                  980 	.db #0xff	; 255
   03CA FF                  981 	.db #0xff	; 255
   03CB FF                  982 	.db #0xff	; 255
   03CC FF                  983 	.db #0xff	; 255
   03CD FF                  984 	.db #0xff	; 255
   03CE FF                  985 	.db #0xff	; 255
   03CF FF                  986 	.db #0xff	; 255
   03D0 FF                  987 	.db #0xff	; 255
   03D1 FF                  988 	.db #0xff	; 255
   03D2 FF                  989 	.db #0xff	; 255
   03D3 FF                  990 	.db #0xff	; 255
   03D4 FF                  991 	.db #0xff	; 255
   03D5 FF                  992 	.db #0xff	; 255
   03D6 FF                  993 	.db #0xff	; 255
   03D7 FF                  994 	.db #0xff	; 255
   03D8 FF                  995 	.db #0xff	; 255
   03D9 FF                  996 	.db #0xff	; 255
   03DA FF                  997 	.db #0xff	; 255
   03DB FF                  998 	.db #0xff	; 255
   03DC FF                  999 	.db #0xff	; 255
   03DD FF                 1000 	.db #0xff	; 255
   03DE FF                 1001 	.db #0xff	; 255
   03DF FF                 1002 	.db #0xff	; 255
   03E0 FF                 1003 	.db #0xff	; 255
   03E1 FF                 1004 	.db #0xff	; 255
   03E2 FF                 1005 	.db #0xff	; 255
   03E3 FF                 1006 	.db #0xff	; 255
   03E4 FF                 1007 	.db #0xff	; 255
   03E5 FF                 1008 	.db #0xff	; 255
   03E6 FF                 1009 	.db #0xff	; 255
   03E7 FF                 1010 	.db #0xff	; 255
   03E8 FF                 1011 	.db #0xff	; 255
   03E9 FF                 1012 	.db #0xff	; 255
   03EA FF                 1013 	.db #0xff	; 255
   03EB FF                 1014 	.db #0xff	; 255
   03EC FF                 1015 	.db #0xff	; 255
   03ED FF                 1016 	.db #0xff	; 255
   03EE FF                 1017 	.db #0xff	; 255
   03EF FF                 1018 	.db #0xff	; 255
   03F0 FF                 1019 	.db #0xff	; 255
   03F1 FF                 1020 	.db #0xff	; 255
   03F2 FF                 1021 	.db #0xff	; 255
   03F3 FF                 1022 	.db #0xff	; 255
   03F4 FF                 1023 	.db #0xff	; 255
   03F5 FF                 1024 	.db #0xff	; 255
   03F6 FF                 1025 	.db #0xff	; 255
   03F7 FF                 1026 	.db #0xff	; 255
   03F8 FF                 1027 	.db #0xff	; 255
   03F9 FF                 1028 	.db #0xff	; 255
   03FA FF                 1029 	.db #0xff	; 255
   03FB FF                 1030 	.db #0xff	; 255
   03FC FF                 1031 	.db #0xff	; 255
   03FD FF                 1032 	.db #0xff	; 255
   03FE FF                 1033 	.db #0xff	; 255
   03FF FF                 1034 	.db #0xff	; 255
   0400 FF                 1035 	.db #0xff	; 255
   0401 FF                 1036 	.db #0xff	; 255
   0402 FF                 1037 	.db #0xff	; 255
   0403 FF                 1038 	.db #0xff	; 255
   0404 FF                 1039 	.db #0xff	; 255
   0405 FF                 1040 	.db #0xff	; 255
   0406 FF                 1041 	.db #0xff	; 255
   0407 FF                 1042 	.db #0xff	; 255
   0408 FF                 1043 	.db #0xff	; 255
   0409 FF                 1044 	.db #0xff	; 255
   040A FF                 1045 	.db #0xff	; 255
   040B FF                 1046 	.db #0xff	; 255
   040C FF                 1047 	.db #0xff	; 255
   040D FF                 1048 	.db #0xff	; 255
   040E FF                 1049 	.db #0xff	; 255
   040F FF                 1050 	.db #0xff	; 255
   0410 FF                 1051 	.db #0xff	; 255
   0411 FF                 1052 	.db #0xff	; 255
   0412 FF                 1053 	.db #0xff	; 255
   0413 FF                 1054 	.db #0xff	; 255
   0414 FF                 1055 	.db #0xff	; 255
   0415 FF                 1056 	.db #0xff	; 255
   0416 FF                 1057 	.db #0xff	; 255
   0417 FF                 1058 	.db #0xff	; 255
   0418 FF                 1059 	.db #0xff	; 255
   0419 FF                 1060 	.db #0xff	; 255
   041A FF                 1061 	.db #0xff	; 255
   041B FF                 1062 	.db #0xff	; 255
   041C FF                 1063 	.db #0xff	; 255
   041D FF                 1064 	.db #0xff	; 255
   041E FF                 1065 	.db #0xff	; 255
   041F FF                 1066 	.db #0xff	; 255
   0420 FF                 1067 	.db #0xff	; 255
   0421 FF                 1068 	.db #0xff	; 255
   0422 FF                 1069 	.db #0xff	; 255
   0423 FF                 1070 	.db #0xff	; 255
   0424 FF                 1071 	.db #0xff	; 255
   0425 FF                 1072 	.db #0xff	; 255
   0426 FF                 1073 	.db #0xff	; 255
   0427 FF                 1074 	.db #0xff	; 255
   0428 FF                 1075 	.db #0xff	; 255
   0429 FF                 1076 	.db #0xff	; 255
   042A FF                 1077 	.db #0xff	; 255
   042B FF                 1078 	.db #0xff	; 255
   042C FF                 1079 	.db #0xff	; 255
   042D FF                 1080 	.db #0xff	; 255
   042E FF                 1081 	.db #0xff	; 255
   042F FF                 1082 	.db #0xff	; 255
   0430 FF                 1083 	.db #0xff	; 255
   0431 FF                 1084 	.db #0xff	; 255
   0432 FF                 1085 	.db #0xff	; 255
   0433 FF                 1086 	.db #0xff	; 255
   0434 FF                 1087 	.db #0xff	; 255
   0435 FF                 1088 	.db #0xff	; 255
   0436 FF                 1089 	.db #0xff	; 255
   0437 FF                 1090 	.db #0xff	; 255
   0438 FF                 1091 	.db #0xff	; 255
   0439 FF                 1092 	.db #0xff	; 255
   043A FF                 1093 	.db #0xff	; 255
   043B FF                 1094 	.db #0xff	; 255
   043C FF                 1095 	.db #0xff	; 255
   043D FF                 1096 	.db #0xff	; 255
   043E FF                 1097 	.db #0xff	; 255
   043F FF                 1098 	.db #0xff	; 255
   0440 00                 1099 	.db #0x00	; 0
   0441 00                 1100 	.db #0x00	; 0
   0442 00                 1101 	.db #0x00	; 0
   0443 00                 1102 	.db #0x00	; 0
   0444 00                 1103 	.db #0x00	; 0
   0445 00                 1104 	.db #0x00	; 0
   0446 00                 1105 	.db #0x00	; 0
   0447 00                 1106 	.db #0x00	; 0
   0448 00                 1107 	.db #0x00	; 0
   0449 00                 1108 	.db #0x00	; 0
   044A 00                 1109 	.db #0x00	; 0
   044B 00                 1110 	.db #0x00	; 0
   044C 00                 1111 	.db #0x00	; 0
   044D 00                 1112 	.db #0x00	; 0
   044E 00                 1113 	.db #0x00	; 0
   044F 00                 1114 	.db #0x00	; 0
                           1115 	.area _CABS (ABS)
