                              1 ;--------------------------------------------------------
                              2 ; File Created by SDCC : free open source ANSI-C Compiler
                              3 ; Version 4.0.0 #11528 (MINGW32)
                              4 ;--------------------------------------------------------
                              5 	.module C__Users_Mills_AppData_Local_Temp_lcc79041
                              6 	.optsdcc -mgbz80
                              7 	
                              8 ;--------------------------------------------------------
                              9 ; Public variables in this module
                             10 ;--------------------------------------------------------
                             11 	.globl _Win_Tiles
                             12 	.globl _Win_TilesPAL
                             13 ;--------------------------------------------------------
                             14 ; special function registers
                             15 ;--------------------------------------------------------
                             16 ;--------------------------------------------------------
                             17 ; ram data
                             18 ;--------------------------------------------------------
                             19 	.area _DATA
                             20 ;--------------------------------------------------------
                             21 ; absolute external ram data
                             22 ;--------------------------------------------------------
                             23 	.area _DABS (ABS)
                             24 ;--------------------------------------------------------
                             25 ; global & static initialisations
                             26 ;--------------------------------------------------------
                             27 	.area _HOME
                             28 	.area _GSINIT
                             29 	.area _GSFINAL
                             30 	.area _GSINIT
                             31 ;--------------------------------------------------------
                             32 ; Home
                             33 ;--------------------------------------------------------
                             34 	.area _HOME
                             35 	.area _HOME
                             36 ;--------------------------------------------------------
                             37 ; code
                             38 ;--------------------------------------------------------
                             39 	.area _CODE_1
                             40 	.area _CODE_1
   0000                      41 _Win_TilesPAL:
   0000 00 67                42 	.dw #0x6700
   0002 FF 7F                43 	.dw #0x7fff
   0004 9E 76                44 	.dw #0x769e
   0006 60 14                45 	.dw #0x1460
   0008 00 67                46 	.dw #0x6700
   000A BF 74                47 	.dw #0x74bf
   000C 5F 7C                48 	.dw #0x7c5f
   000E 60 14                49 	.dw #0x1460
   0010 00 67                50 	.dw #0x6700
   0012 5F 01                51 	.dw #0x015f
   0014 7D 00                52 	.dw #0x007d
   0016 60 14                53 	.dw #0x1460
   0018 00 67                54 	.dw #0x6700
   001A FF 7F                55 	.dw #0x7fff
   001C FF 7F                56 	.dw #0x7fff
   001E 00 00                57 	.dw #0x0000
   0020 E5 1F                58 	.dw #0x1fe5
   0022 EC 02                59 	.dw #0x02ec
   0024 03 06                60 	.dw #0x0603
   0026 00 00                61 	.dw #0x0000
   0028 E5 1F                62 	.dw #0x1fe5
   002A EC 02                63 	.dw #0x02ec
   002C 03 06                64 	.dw #0x0603
   002E 00 00                65 	.dw #0x0000
   0030 E5 1F                66 	.dw #0x1fe5
   0032 EC 02                67 	.dw #0x02ec
   0034 03 06                68 	.dw #0x0603
   0036 00 00                69 	.dw #0x0000
   0038 FF 7F                70 	.dw #0x7fff
   003A EC 02                71 	.dw #0x02ec
   003C FF 7F                72 	.dw #0x7fff
   003E 00 00                73 	.dw #0x0000
   0040                      74 _Win_Tiles:
   0040 FF                   75 	.db #0xff	; 255
   0041 FF                   76 	.db #0xff	; 255
   0042 FF                   77 	.db #0xff	; 255
   0043 FF                   78 	.db #0xff	; 255
   0044 FF                   79 	.db #0xff	; 255
   0045 FF                   80 	.db #0xff	; 255
   0046 FF                   81 	.db #0xff	; 255
   0047 FF                   82 	.db #0xff	; 255
   0048 FF                   83 	.db #0xff	; 255
   0049 FF                   84 	.db #0xff	; 255
   004A FF                   85 	.db #0xff	; 255
   004B FF                   86 	.db #0xff	; 255
   004C FF                   87 	.db #0xff	; 255
   004D FF                   88 	.db #0xff	; 255
   004E FF                   89 	.db #0xff	; 255
   004F FF                   90 	.db #0xff	; 255
   0050 00                   91 	.db #0x00	; 0
   0051 FF                   92 	.db #0xff	; 255
   0052 00                   93 	.db #0x00	; 0
   0053 FF                   94 	.db #0xff	; 255
   0054 00                   95 	.db #0x00	; 0
   0055 FF                   96 	.db #0xff	; 255
   0056 00                   97 	.db #0x00	; 0
   0057 FF                   98 	.db #0xff	; 255
   0058 00                   99 	.db #0x00	; 0
   0059 FF                  100 	.db #0xff	; 255
   005A 00                  101 	.db #0x00	; 0
   005B FF                  102 	.db #0xff	; 255
   005C 00                  103 	.db #0x00	; 0
   005D FF                  104 	.db #0xff	; 255
   005E 00                  105 	.db #0x00	; 0
   005F FF                  106 	.db #0xff	; 255
   0060 00                  107 	.db #0x00	; 0
   0061 FF                  108 	.db #0xff	; 255
   0062 01                  109 	.db #0x01	; 1
   0063 FF                  110 	.db #0xff	; 255
   0064 06                  111 	.db #0x06	; 6
   0065 FF                  112 	.db #0xff	; 255
   0066 08                  113 	.db #0x08	; 8
   0067 FF                  114 	.db #0xff	; 255
   0068 10                  115 	.db #0x10	; 16
   0069 FF                  116 	.db #0xff	; 255
   006A 21                  117 	.db #0x21	; 33
   006B FF                  118 	.db #0xff	; 255
   006C 23                  119 	.db #0x23	; 35
   006D FF                  120 	.db #0xff	; 255
   006E 46                  121 	.db #0x46	; 70	'F'
   006F FF                  122 	.db #0xff	; 255
   0070 3C                  123 	.db #0x3c	; 60
   0071 FF                  124 	.db #0xff	; 255
   0072 C3                  125 	.db #0xc3	; 195
   0073 FF                  126 	.db #0xff	; 255
   0074 00                  127 	.db #0x00	; 0
   0075 FF                  128 	.db #0xff	; 255
   0076 00                  129 	.db #0x00	; 0
   0077 FF                  130 	.db #0xff	; 255
   0078 60                  131 	.db #0x60	; 96
   0079 FF                  132 	.db #0xff	; 255
   007A 80                  133 	.db #0x80	; 128
   007B FF                  134 	.db #0xff	; 255
   007C 00                  135 	.db #0x00	; 0
   007D FF                  136 	.db #0xff	; 255
   007E 00                  137 	.db #0x00	; 0
   007F FF                  138 	.db #0xff	; 255
   0080 00                  139 	.db #0x00	; 0
   0081 FF                  140 	.db #0xff	; 255
   0082 80                  141 	.db #0x80	; 128
   0083 FF                  142 	.db #0xff	; 255
   0084 60                  143 	.db #0x60	; 96
   0085 FF                  144 	.db #0xff	; 255
   0086 10                  145 	.db #0x10	; 16
   0087 FF                  146 	.db #0xff	; 255
   0088 08                  147 	.db #0x08	; 8
   0089 FF                  148 	.db #0xff	; 255
   008A 04                  149 	.db #0x04	; 4
   008B FF                  150 	.db #0xff	; 255
   008C 04                  151 	.db #0x04	; 4
   008D FF                  152 	.db #0xff	; 255
   008E 02                  153 	.db #0x02	; 2
   008F FF                  154 	.db #0xff	; 255
   0090 4C                  155 	.db #0x4c	; 76	'L'
   0091 FF                  156 	.db #0xff	; 255
   0092 48                  157 	.db #0x48	; 72	'H'
   0093 FF                  158 	.db #0xff	; 255
   0094 88                  159 	.db #0x88	; 136
   0095 FF                  160 	.db #0xff	; 255
   0096 80                  161 	.db #0x80	; 128
   0097 FF                  162 	.db #0xff	; 255
   0098 88                  163 	.db #0x88	; 136
   0099 FF                  164 	.db #0xff	; 255
   009A 88                  165 	.db #0x88	; 136
   009B FF                  166 	.db #0xff	; 255
   009C 40                  167 	.db #0x40	; 64
   009D FF                  168 	.db #0xff	; 255
   009E 40                  169 	.db #0x40	; 64
   009F FF                  170 	.db #0xff	; 255
   00A0 02                  171 	.db #0x02	; 2
   00A1 FF                  172 	.db #0xff	; 255
   00A2 02                  173 	.db #0x02	; 2
   00A3 FF                  174 	.db #0xff	; 255
   00A4 01                  175 	.db #0x01	; 1
   00A5 FF                  176 	.db #0xff	; 255
   00A6 01                  177 	.db #0x01	; 1
   00A7 FF                  178 	.db #0xff	; 255
   00A8 01                  179 	.db #0x01	; 1
   00A9 FF                  180 	.db #0xff	; 255
   00AA 01                  181 	.db #0x01	; 1
   00AB FF                  182 	.db #0xff	; 255
   00AC 02                  183 	.db #0x02	; 2
   00AD FF                  184 	.db #0xff	; 255
   00AE 02                  185 	.db #0x02	; 2
   00AF FF                  186 	.db #0xff	; 255
   00B0 00                  187 	.db #0x00	; 0
   00B1 FF                  188 	.db #0xff	; 255
   00B2 00                  189 	.db #0x00	; 0
   00B3 FF                  190 	.db #0xff	; 255
   00B4 00                  191 	.db #0x00	; 0
   00B5 FF                  192 	.db #0xff	; 255
   00B6 00                  193 	.db #0x00	; 0
   00B7 FF                  194 	.db #0xff	; 255
   00B8 00                  195 	.db #0x00	; 0
   00B9 FF                  196 	.db #0xff	; 255
   00BA 00                  197 	.db #0x00	; 0
   00BB FF                  198 	.db #0xff	; 255
   00BC C3                  199 	.db #0xc3	; 195
   00BD FF                  200 	.db #0xff	; 255
   00BE 3C                  201 	.db #0x3c	; 60
   00BF FF                  202 	.db #0xff	; 255
   00C0 03                  203 	.db #0x03	; 3
   00C1 FF                  204 	.db #0xff	; 255
   00C2 0C                  205 	.db #0x0c	; 12
   00C3 FF                  206 	.db #0xff	; 255
   00C4 10                  207 	.db #0x10	; 16
   00C5 FF                  208 	.db #0xff	; 255
   00C6 20                  209 	.db #0x20	; 32
   00C7 FF                  210 	.db #0xff	; 255
   00C8 46                  211 	.db #0x46	; 70	'F'
   00C9 FF                  212 	.db #0xff	; 255
   00CA 4C                  213 	.db #0x4c	; 76	'L'
   00CB FF                  214 	.db #0xff	; 255
   00CC 88                  215 	.db #0x88	; 136
   00CD FF                  216 	.db #0xff	; 255
   00CE 80                  217 	.db #0x80	; 128
   00CF FF                  218 	.db #0xff	; 255
   00D0 C0                  219 	.db #0xc0	; 192
   00D1 FF                  220 	.db #0xff	; 255
   00D2 30                  221 	.db #0x30	; 48	'0'
   00D3 FF                  222 	.db #0xff	; 255
   00D4 08                  223 	.db #0x08	; 8
   00D5 FF                  224 	.db #0xff	; 255
   00D6 04                  225 	.db #0x04	; 4
   00D7 FF                  226 	.db #0xff	; 255
   00D8 02                  227 	.db #0x02	; 2
   00D9 FF                  228 	.db #0xff	; 255
   00DA 02                  229 	.db #0x02	; 2
   00DB FF                  230 	.db #0xff	; 255
   00DC 01                  231 	.db #0x01	; 1
   00DD FF                  232 	.db #0xff	; 255
   00DE 01                  233 	.db #0x01	; 1
   00DF FF                  234 	.db #0xff	; 255
   00E0 00                  235 	.db #0x00	; 0
   00E1 FF                  236 	.db #0xff	; 255
   00E2 00                  237 	.db #0x00	; 0
   00E3 FF                  238 	.db #0xff	; 255
   00E4 00                  239 	.db #0x00	; 0
   00E5 FF                  240 	.db #0xff	; 255
   00E6 00                  241 	.db #0x00	; 0
   00E7 FF                  242 	.db #0xff	; 255
   00E8 00                  243 	.db #0x00	; 0
   00E9 FF                  244 	.db #0xff	; 255
   00EA 03                  245 	.db #0x03	; 3
   00EB FF                  246 	.db #0xff	; 255
   00EC 04                  247 	.db #0x04	; 4
   00ED FF                  248 	.db #0xff	; 255
   00EE 08                  249 	.db #0x08	; 8
   00EF FF                  250 	.db #0xff	; 255
   00F0 00                  251 	.db #0x00	; 0
   00F1 FF                  252 	.db #0xff	; 255
   00F2 01                  253 	.db #0x01	; 1
   00F3 FF                  254 	.db #0xff	; 255
   00F4 0E                  255 	.db #0x0e	; 14
   00F5 FF                  256 	.db #0xff	; 255
   00F6 30                  257 	.db #0x30	; 48	'0'
   00F7 FF                  258 	.db #0xff	; 255
   00F8 C0                  259 	.db #0xc0	; 192
   00F9 FF                  260 	.db #0xff	; 255
   00FA 01                  261 	.db #0x01	; 1
   00FB FF                  262 	.db #0xff	; 255
   00FC 0F                  263 	.db #0x0f	; 15
   00FD FF                  264 	.db #0xff	; 255
   00FE 3F                  265 	.db #0x3f	; 63
   00FF FF                  266 	.db #0xff	; 255
   0100 1F                  267 	.db #0x1f	; 31
   0101 FF                  268 	.db #0xff	; 255
   0102 E0                  269 	.db #0xe0	; 224
   0103 FF                  270 	.db #0xff	; 255
   0104 00                  271 	.db #0x00	; 0
   0105 FF                  272 	.db #0xff	; 255
   0106 00                  273 	.db #0x00	; 0
   0107 FF                  274 	.db #0xff	; 255
   0108 1F                  275 	.db #0x1f	; 31
   0109 FF                  276 	.db #0xff	; 255
   010A FF                  277 	.db #0xff	; 255
   010B FF                  278 	.db #0xff	; 255
   010C FF                  279 	.db #0xff	; 255
   010D FF                  280 	.db #0xff	; 255
   010E FF                  281 	.db #0xff	; 255
   010F FF                  282 	.db #0xff	; 255
   0110 F0                  283 	.db #0xf0	; 240
   0111 FF                  284 	.db #0xff	; 255
   0112 0F                  285 	.db #0x0f	; 15
   0113 FF                  286 	.db #0xff	; 255
   0114 00                  287 	.db #0x00	; 0
   0115 FF                  288 	.db #0xff	; 255
   0116 FF                  289 	.db #0xff	; 255
   0117 FF                  290 	.db #0xff	; 255
   0118 FF                  291 	.db #0xff	; 255
   0119 FF                  292 	.db #0xff	; 255
   011A FF                  293 	.db #0xff	; 255
   011B FF                  294 	.db #0xff	; 255
   011C FF                  295 	.db #0xff	; 255
   011D FF                  296 	.db #0xff	; 255
   011E FF                  297 	.db #0xff	; 255
   011F FF                  298 	.db #0xff	; 255
   0120 00                  299 	.db #0x00	; 0
   0121 FF                  300 	.db #0xff	; 255
   0122 80                  301 	.db #0x80	; 128
   0123 FF                  302 	.db #0xff	; 255
   0124 F0                  303 	.db #0xf0	; 240
   0125 FF                  304 	.db #0xff	; 255
   0126 FC                  305 	.db #0xfc	; 252
   0127 FF                  306 	.db #0xff	; 255
   0128 FF                  307 	.db #0xff	; 255
   0129 FF                  308 	.db #0xff	; 255
   012A FF                  309 	.db #0xff	; 255
   012B FF                  310 	.db #0xff	; 255
   012C FF                  311 	.db #0xff	; 255
   012D FF                  312 	.db #0xff	; 255
   012E FF                  313 	.db #0xff	; 255
   012F FF                  314 	.db #0xff	; 255
   0130 00                  315 	.db #0x00	; 0
   0131 FF                  316 	.db #0xff	; 255
   0132 00                  317 	.db #0x00	; 0
   0133 FF                  318 	.db #0xff	; 255
   0134 00                  319 	.db #0x00	; 0
   0135 FF                  320 	.db #0xff	; 255
   0136 00                  321 	.db #0x00	; 0
   0137 FF                  322 	.db #0xff	; 255
   0138 00                  323 	.db #0x00	; 0
   0139 FF                  324 	.db #0xff	; 255
   013A C0                  325 	.db #0xc0	; 192
   013B FF                  326 	.db #0xff	; 255
   013C E0                  327 	.db #0xe0	; 224
   013D FF                  328 	.db #0xff	; 255
   013E F0                  329 	.db #0xf0	; 240
   013F FF                  330 	.db #0xff	; 255
   0140 00                  331 	.db #0x00	; 0
   0141 FF                  332 	.db #0xff	; 255
   0142 00                  333 	.db #0x00	; 0
   0143 FF                  334 	.db #0xff	; 255
   0144 00                  335 	.db #0x00	; 0
   0145 FF                  336 	.db #0xff	; 255
   0146 00                  337 	.db #0x00	; 0
   0147 FF                  338 	.db #0xff	; 255
   0148 01                  339 	.db #0x01	; 1
   0149 FF                  340 	.db #0xff	; 255
   014A 02                  341 	.db #0x02	; 2
   014B FF                  342 	.db #0xff	; 255
   014C 04                  343 	.db #0x04	; 4
   014D FF                  344 	.db #0xff	; 255
   014E 04                  345 	.db #0x04	; 4
   014F FF                  346 	.db #0xff	; 255
   0150 10                  347 	.db #0x10	; 16
   0151 FF                  348 	.db #0xff	; 255
   0152 21                  349 	.db #0x21	; 33
   0153 FF                  350 	.db #0xff	; 255
   0154 40                  351 	.db #0x40	; 64
   0155 FF                  352 	.db #0xff	; 255
   0156 87                  353 	.db #0x87	; 135
   0157 FF                  354 	.db #0xff	; 255
   0158 08                  355 	.db #0x08	; 8
   0159 FF                  356 	.db #0xff	; 255
   015A 08                  357 	.db #0x08	; 8
   015B FF                  358 	.db #0xff	; 255
   015C 10                  359 	.db #0x10	; 16
   015D FF                  360 	.db #0xff	; 255
   015E 10                  361 	.db #0x10	; 16
   015F FF                  362 	.db #0xff	; 255
   0160 FF                  363 	.db #0xff	; 255
   0161 FF                  364 	.db #0xff	; 255
   0162 FF                  365 	.db #0xff	; 255
   0163 FF                  366 	.db #0xff	; 255
   0164 7F                  367 	.db #0x7f	; 127
   0165 FF                  368 	.db #0xff	; 255
   0166 9F                  369 	.db #0x9f	; 159
   0167 FF                  370 	.db #0xff	; 255
   0168 67                  371 	.db #0x67	; 103	'g'
   0169 FF                  372 	.db #0xff	; 255
   016A 19                  373 	.db #0x19	; 25
   016B FF                  374 	.db #0xff	; 255
   016C 06                  375 	.db #0x06	; 6
   016D FF                  376 	.db #0xff	; 255
   016E 01                  377 	.db #0x01	; 1
   016F FF                  378 	.db #0xff	; 255
   0170 FF                  379 	.db #0xff	; 255
   0171 FF                  380 	.db #0xff	; 255
   0172 FF                  381 	.db #0xff	; 255
   0173 FF                  382 	.db #0xff	; 255
   0174 FF                  383 	.db #0xff	; 255
   0175 FF                  384 	.db #0xff	; 255
   0176 FF                  385 	.db #0xff	; 255
   0177 FF                  386 	.db #0xff	; 255
   0178 FF                  387 	.db #0xff	; 255
   0179 FF                  388 	.db #0xff	; 255
   017A FF                  389 	.db #0xff	; 255
   017B FF                  390 	.db #0xff	; 255
   017C 7F                  391 	.db #0x7f	; 127
   017D FF                  392 	.db #0xff	; 255
   017E 9F                  393 	.db #0x9f	; 159
   017F FF                  394 	.db #0xff	; 255
   0180 F8                  395 	.db #0xf8	; 248
   0181 FF                  396 	.db #0xff	; 255
   0182 FC                  397 	.db #0xfc	; 252
   0183 FF                  398 	.db #0xff	; 255
   0184 1E                  399 	.db #0x1e	; 30
   0185 FF                  400 	.db #0xff	; 255
   0186 EF                  401 	.db #0xef	; 239
   0187 FF                  402 	.db #0xff	; 255
   0188 17                  403 	.db #0x17	; 23
   0189 FF                  404 	.db #0xff	; 255
   018A 17                  405 	.db #0x17	; 23
   018B FF                  406 	.db #0xff	; 255
   018C 0B                  407 	.db #0x0b	; 11
   018D FF                  408 	.db #0xff	; 255
   018E 0B                  409 	.db #0x0b	; 11
   018F FF                  410 	.db #0xff	; 255
   0190 00                  411 	.db #0x00	; 0
   0191 FF                  412 	.db #0xff	; 255
   0192 00                  413 	.db #0x00	; 0
   0193 FF                  414 	.db #0xff	; 255
   0194 00                  415 	.db #0x00	; 0
   0195 FF                  416 	.db #0xff	; 255
   0196 00                  417 	.db #0x00	; 0
   0197 FF                  418 	.db #0xff	; 255
   0198 80                  419 	.db #0x80	; 128
   0199 FF                  420 	.db #0xff	; 255
   019A C0                  421 	.db #0xc0	; 192
   019B FF                  422 	.db #0xff	; 255
   019C E0                  423 	.db #0xe0	; 224
   019D FF                  424 	.db #0xff	; 255
   019E E0                  425 	.db #0xe0	; 224
   019F FF                  426 	.db #0xff	; 255
   01A0 08                  427 	.db #0x08	; 8
   01A1 FF                  428 	.db #0xff	; 255
   01A2 08                  429 	.db #0x08	; 8
   01A3 FF                  430 	.db #0xff	; 255
   01A4 10                  431 	.db #0x10	; 16
   01A5 FF                  432 	.db #0xff	; 255
   01A6 11                  433 	.db #0x11	; 17
   01A7 FF                  434 	.db #0xff	; 255
   01A8 21                  435 	.db #0x21	; 33
   01A9 FF                  436 	.db #0xff	; 255
   01AA 23                  437 	.db #0x23	; 35
   01AB FF                  438 	.db #0xff	; 255
   01AC 23                  439 	.db #0x23	; 35
   01AD FF                  440 	.db #0xff	; 255
   01AE 47                  441 	.db #0x47	; 71	'G'
   01AF FF                  442 	.db #0xff	; 255
   01B0 20                  443 	.db #0x20	; 32
   01B1 FF                  444 	.db #0xff	; 255
   01B2 20                  445 	.db #0x20	; 32
   01B3 FF                  446 	.db #0xff	; 255
   01B4 20                  447 	.db #0x20	; 32
   01B5 FF                  448 	.db #0xff	; 255
   01B6 40                  449 	.db #0x40	; 64
   01B7 FF                  450 	.db #0xff	; 255
   01B8 40                  451 	.db #0x40	; 64
   01B9 FF                  452 	.db #0xff	; 255
   01BA 40                  453 	.db #0x40	; 64
   01BB FF                  454 	.db #0xff	; 255
   01BC 40                  455 	.db #0x40	; 64
   01BD FF                  456 	.db #0xff	; 255
   01BE 40                  457 	.db #0x40	; 64
   01BF FF                  458 	.db #0xff	; 255
   01C0 67                  459 	.db #0x67	; 103	'g'
   01C1 FF                  460 	.db #0xff	; 255
   01C2 1B                  461 	.db #0x1b	; 27
   01C3 FF                  462 	.db #0xff	; 255
   01C4 05                  463 	.db #0x05	; 5
   01C5 FF                  464 	.db #0xff	; 255
   01C6 02                  465 	.db #0x02	; 2
   01C7 FF                  466 	.db #0xff	; 255
   01C8 02                  467 	.db #0x02	; 2
   01C9 FF                  468 	.db #0xff	; 255
   01CA 01                  469 	.db #0x01	; 1
   01CB FF                  470 	.db #0xff	; 255
   01CC 01                  471 	.db #0x01	; 1
   01CD FF                  472 	.db #0xff	; 255
   01CE 01                  473 	.db #0x01	; 1
   01CF FF                  474 	.db #0xff	; 255
   01D0 05                  475 	.db #0x05	; 5
   01D1 FF                  476 	.db #0xff	; 255
   01D2 05                  477 	.db #0x05	; 5
   01D3 FF                  478 	.db #0xff	; 255
   01D4 05                  479 	.db #0x05	; 5
   01D5 FF                  480 	.db #0xff	; 255
   01D6 02                  481 	.db #0x02	; 2
   01D7 FF                  482 	.db #0xff	; 255
   01D8 02                  483 	.db #0x02	; 2
   01D9 FF                  484 	.db #0xff	; 255
   01DA 02                  485 	.db #0x02	; 2
   01DB FF                  486 	.db #0xff	; 255
   01DC 02                  487 	.db #0x02	; 2
   01DD FF                  488 	.db #0xff	; 255
   01DE 02                  489 	.db #0x02	; 2
   01DF FF                  490 	.db #0xff	; 255
   01E0 F0                  491 	.db #0xf0	; 240
   01E1 FF                  492 	.db #0xff	; 255
   01E2 F0                  493 	.db #0xf0	; 240
   01E3 FF                  494 	.db #0xff	; 255
   01E4 F8                  495 	.db #0xf8	; 248
   01E5 FF                  496 	.db #0xff	; 255
   01E6 F8                  497 	.db #0xf8	; 248
   01E7 FF                  498 	.db #0xff	; 255
   01E8 FC                  499 	.db #0xfc	; 252
   01E9 FF                  500 	.db #0xff	; 255
   01EA FC                  501 	.db #0xfc	; 252
   01EB FF                  502 	.db #0xff	; 255
   01EC FC                  503 	.db #0xfc	; 252
   01ED FF                  504 	.db #0xff	; 255
   01EE FE                  505 	.db #0xfe	; 254
   01EF FF                  506 	.db #0xff	; 255
   01F0 47                  507 	.db #0x47	; 71	'G'
   01F1 FF                  508 	.db #0xff	; 255
   01F2 47                  509 	.db #0x47	; 71	'G'
   01F3 FF                  510 	.db #0xff	; 255
   01F4 4F                  511 	.db #0x4f	; 79	'O'
   01F5 FF                  512 	.db #0xff	; 255
   01F6 4F                  513 	.db #0x4f	; 79	'O'
   01F7 FF                  514 	.db #0xff	; 255
   01F8 8F                  515 	.db #0x8f	; 143
   01F9 FF                  516 	.db #0xff	; 255
   01FA 8F                  517 	.db #0x8f	; 143
   01FB FF                  518 	.db #0xff	; 255
   01FC 9F                  519 	.db #0x9f	; 159
   01FD FF                  520 	.db #0xff	; 255
   01FE 9F                  521 	.db #0x9f	; 159
   01FF FF                  522 	.db #0xff	; 255
   0200 40                  523 	.db #0x40	; 64
   0201 FF                  524 	.db #0xff	; 255
   0202 40                  525 	.db #0x40	; 64
   0203 FF                  526 	.db #0xff	; 255
   0204 40                  527 	.db #0x40	; 64
   0205 FF                  528 	.db #0xff	; 255
   0206 A0                  529 	.db #0xa0	; 160
   0207 FF                  530 	.db #0xff	; 255
   0208 A0                  531 	.db #0xa0	; 160
   0209 FF                  532 	.db #0xff	; 255
   020A D0                  533 	.db #0xd0	; 208
   020B FF                  534 	.db #0xff	; 255
   020C EC                  535 	.db #0xec	; 236
   020D FF                  536 	.db #0xff	; 255
   020E F3                  537 	.db #0xf3	; 243
   020F FF                  538 	.db #0xff	; 255
   0210 01                  539 	.db #0x01	; 1
   0211 FF                  540 	.db #0xff	; 255
   0212 03                  541 	.db #0x03	; 3
   0213 FF                  542 	.db #0xff	; 255
   0214 03                  543 	.db #0x03	; 3
   0215 FF                  544 	.db #0xff	; 255
   0216 03                  545 	.db #0x03	; 3
   0217 FF                  546 	.db #0xff	; 255
   0218 03                  547 	.db #0x03	; 3
   0219 FF                  548 	.db #0xff	; 255
   021A 01                  549 	.db #0x01	; 1
   021B FF                  550 	.db #0xff	; 255
   021C 00                  551 	.db #0x00	; 0
   021D FF                  552 	.db #0xff	; 255
   021E 81                  553 	.db #0x81	; 129
   021F FF                  554 	.db #0xff	; 255
   0220 E1                  555 	.db #0xe1	; 225
   0221 FF                  556 	.db #0xff	; 255
   0222 F1                  557 	.db #0xf1	; 241
   0223 FF                  558 	.db #0xff	; 255
   0224 F2                  559 	.db #0xf2	; 242
   0225 FF                  560 	.db #0xff	; 255
   0226 F2                  561 	.db #0xf2	; 242
   0227 FF                  562 	.db #0xff	; 255
   0228 F4                  563 	.db #0xf4	; 244
   0229 FF                  564 	.db #0xff	; 255
   022A EB                  565 	.db #0xeb	; 235
   022B FF                  566 	.db #0xff	; 255
   022C 37                  567 	.db #0x37	; 55	'7'
   022D FF                  568 	.db #0xff	; 255
   022E CF                  569 	.db #0xcf	; 207
   022F FF                  570 	.db #0xff	; 255
   0230 80                  571 	.db #0x80	; 128
   0231 FF                  572 	.db #0xff	; 255
   0232 80                  573 	.db #0x80	; 128
   0233 FF                  574 	.db #0xff	; 255
   0234 40                  575 	.db #0x40	; 64
   0235 FF                  576 	.db #0xff	; 255
   0236 40                  577 	.db #0x40	; 64
   0237 FF                  578 	.db #0xff	; 255
   0238 A0                  579 	.db #0xa0	; 160
   0239 FF                  580 	.db #0xff	; 255
   023A D0                  581 	.db #0xd0	; 208
   023B FF                  582 	.db #0xff	; 255
   023C EC                  583 	.db #0xec	; 236
   023D FF                  584 	.db #0xff	; 255
   023E F3                  585 	.db #0xf3	; 243
   023F FF                  586 	.db #0xff	; 255
   0240 03                  587 	.db #0x03	; 3
   0241 FF                  588 	.db #0xff	; 255
   0242 07                  589 	.db #0x07	; 7
   0243 FF                  590 	.db #0xff	; 255
   0244 07                  591 	.db #0x07	; 7
   0245 FF                  592 	.db #0xff	; 255
   0246 07                  593 	.db #0x07	; 7
   0247 FF                  594 	.db #0xff	; 255
   0248 07                  595 	.db #0x07	; 7
   0249 FF                  596 	.db #0xff	; 255
   024A 03                  597 	.db #0x03	; 3
   024B FF                  598 	.db #0xff	; 255
   024C 00                  599 	.db #0x00	; 0
   024D FF                  600 	.db #0xff	; 255
   024E 81                  601 	.db #0x81	; 129
   024F FF                  602 	.db #0xff	; 255
   0250 C2                  603 	.db #0xc2	; 194
   0251 FF                  604 	.db #0xff	; 255
   0252 E2                  605 	.db #0xe2	; 226
   0253 FF                  606 	.db #0xff	; 255
   0254 E2                  607 	.db #0xe2	; 226
   0255 FF                  608 	.db #0xff	; 255
   0256 E5                  609 	.db #0xe5	; 229
   0257 FF                  610 	.db #0xff	; 255
   0258 E5                  611 	.db #0xe5	; 229
   0259 FF                  612 	.db #0xff	; 255
   025A CB                  613 	.db #0xcb	; 203
   025B FF                  614 	.db #0xff	; 255
   025C 37                  615 	.db #0x37	; 55	'7'
   025D FF                  616 	.db #0xff	; 255
   025E CF                  617 	.db #0xcf	; 207
   025F FF                  618 	.db #0xff	; 255
   0260 FE                  619 	.db #0xfe	; 254
   0261 FF                  620 	.db #0xff	; 255
   0262 FE                  621 	.db #0xfe	; 254
   0263 FF                  622 	.db #0xff	; 255
   0264 FE                  623 	.db #0xfe	; 254
   0265 FF                  624 	.db #0xff	; 255
   0266 FF                  625 	.db #0xff	; 255
   0267 FF                  626 	.db #0xff	; 255
   0268 FF                  627 	.db #0xff	; 255
   0269 FF                  628 	.db #0xff	; 255
   026A FF                  629 	.db #0xff	; 255
   026B FF                  630 	.db #0xff	; 255
   026C FF                  631 	.db #0xff	; 255
   026D FF                  632 	.db #0xff	; 255
   026E FF                  633 	.db #0xff	; 255
   026F FF                  634 	.db #0xff	; 255
   0270 9F                  635 	.db #0x9f	; 159
   0271 FF                  636 	.db #0xff	; 255
   0272 9F                  637 	.db #0x9f	; 159
   0273 FF                  638 	.db #0xff	; 255
   0274 9F                  639 	.db #0x9f	; 159
   0275 FF                  640 	.db #0xff	; 255
   0276 9F                  641 	.db #0x9f	; 159
   0277 FF                  642 	.db #0xff	; 255
   0278 9F                  643 	.db #0x9f	; 159
   0279 FF                  644 	.db #0xff	; 255
   027A 5F                  645 	.db #0x5f	; 95
   027B FF                  646 	.db #0xff	; 255
   027C 5F                  647 	.db #0x5f	; 95
   027D FF                  648 	.db #0xff	; 255
   027E 5F                  649 	.db #0x5f	; 95
   027F FF                  650 	.db #0xff	; 255
   0280 FC                  651 	.db #0xfc	; 252
   0281 FF                  652 	.db #0xff	; 255
   0282 FF                  653 	.db #0xff	; 255
   0283 FF                  654 	.db #0xff	; 255
   0284 FF                  655 	.db #0xff	; 255
   0285 FF                  656 	.db #0xff	; 255
   0286 0F                  657 	.db #0x0f	; 15
   0287 FF                  658 	.db #0xff	; 255
   0288 00                  659 	.db #0x00	; 0
   0289 FF                  660 	.db #0xff	; 255
   028A 06                  661 	.db #0x06	; 6
   028B FF                  662 	.db #0xff	; 255
   028C 06                  663 	.db #0x06	; 6
   028D FF                  664 	.db #0xff	; 255
   028E 06                  665 	.db #0x06	; 6
   028F FF                  666 	.db #0xff	; 255
   0290 7E                  667 	.db #0x7e	; 126
   0291 FF                  668 	.db #0xff	; 255
   0292 81                  669 	.db #0x81	; 129
   0293 FF                  670 	.db #0xff	; 255
   0294 FF                  671 	.db #0xff	; 255
   0295 FF                  672 	.db #0xff	; 255
   0296 FF                  673 	.db #0xff	; 255
   0297 FF                  674 	.db #0xff	; 255
   0298 FF                  675 	.db #0xff	; 255
   0299 FF                  676 	.db #0xff	; 255
   029A 3F                  677 	.db #0x3f	; 63
   029B FF                  678 	.db #0xff	; 255
   029C C3                  679 	.db #0xc3	; 195
   029D FF                  680 	.db #0xff	; 255
   029E FC                  681 	.db #0xfc	; 252
   029F FF                  682 	.db #0xff	; 255
   02A0 3F                  683 	.db #0x3f	; 63
   02A1 FF                  684 	.db #0xff	; 255
   02A2 FF                  685 	.db #0xff	; 255
   02A3 FF                  686 	.db #0xff	; 255
   02A4 FF                  687 	.db #0xff	; 255
   02A5 FF                  688 	.db #0xff	; 255
   02A6 FF                  689 	.db #0xff	; 255
   02A7 FF                  690 	.db #0xff	; 255
   02A8 FF                  691 	.db #0xff	; 255
   02A9 FF                  692 	.db #0xff	; 255
   02AA FF                  693 	.db #0xff	; 255
   02AB FF                  694 	.db #0xff	; 255
   02AC FF                  695 	.db #0xff	; 255
   02AD FF                  696 	.db #0xff	; 255
   02AE 00                  697 	.db #0x00	; 0
   02AF FF                  698 	.db #0xff	; 255
   02B0 3F                  699 	.db #0x3f	; 63
   02B1 FF                  700 	.db #0xff	; 255
   02B2 FF                  701 	.db #0xff	; 255
   02B3 FF                  702 	.db #0xff	; 255
   02B4 FF                  703 	.db #0xff	; 255
   02B5 FF                  704 	.db #0xff	; 255
   02B6 F0                  705 	.db #0xf0	; 240
   02B7 FF                  706 	.db #0xff	; 255
   02B8 06                  707 	.db #0x06	; 6
   02B9 FF                  708 	.db #0xff	; 255
   02BA 06                  709 	.db #0x06	; 6
   02BB FF                  710 	.db #0xff	; 255
   02BC 06                  711 	.db #0x06	; 6
   02BD FF                  712 	.db #0xff	; 255
   02BE 06                  713 	.db #0x06	; 6
   02BF FF                  714 	.db #0xff	; 255
   02C0 7F                  715 	.db #0x7f	; 127
   02C1 FF                  716 	.db #0xff	; 255
   02C2 3F                  717 	.db #0x3f	; 63
   02C3 FF                  718 	.db #0xff	; 255
   02C4 3F                  719 	.db #0x3f	; 63
   02C5 FF                  720 	.db #0xff	; 255
   02C6 3F                  721 	.db #0x3f	; 63
   02C7 FF                  722 	.db #0xff	; 255
   02C8 1F                  723 	.db #0x1f	; 31
   02C9 FF                  724 	.db #0xff	; 255
   02CA 1F                  725 	.db #0x1f	; 31
   02CB FF                  726 	.db #0xff	; 255
   02CC 0F                  727 	.db #0x0f	; 15
   02CD FF                  728 	.db #0xff	; 255
   02CE 0F                  729 	.db #0x0f	; 15
   02CF FF                  730 	.db #0xff	; 255
   02D0 06                  731 	.db #0x06	; 6
   02D1 FF                  732 	.db #0xff	; 255
   02D2 06                  733 	.db #0x06	; 6
   02D3 FF                  734 	.db #0xff	; 255
   02D4 0E                  735 	.db #0x0e	; 14
   02D5 FF                  736 	.db #0xff	; 255
   02D6 8D                  737 	.db #0x8d	; 141
   02D7 FF                  738 	.db #0xff	; 255
   02D8 8D                  739 	.db #0x8d	; 141
   02D9 FF                  740 	.db #0xff	; 255
   02DA 8D                  741 	.db #0x8d	; 141
   02DB FF                  742 	.db #0xff	; 255
   02DC 8D                  743 	.db #0x8d	; 141
   02DD FF                  744 	.db #0xff	; 255
   02DE 8D                  745 	.db #0x8d	; 141
   02DF FF                  746 	.db #0xff	; 255
   02E0 D9                  747 	.db #0xd9	; 217
   02E1 FF                  748 	.db #0xff	; 255
   02E2 DA                  749 	.db #0xda	; 218
   02E3 FF                  750 	.db #0xff	; 255
   02E4 DB                  751 	.db #0xdb	; 219
   02E5 FF                  752 	.db #0xff	; 255
   02E6 E7                  753 	.db #0xe7	; 231
   02E7 FF                  754 	.db #0xff	; 255
   02E8 FF                  755 	.db #0xff	; 255
   02E9 FF                  756 	.db #0xff	; 255
   02EA 7F                  757 	.db #0x7f	; 127
   02EB FF                  758 	.db #0xff	; 255
   02EC 3F                  759 	.db #0x3f	; 63
   02ED FF                  760 	.db #0xff	; 255
   02EE 1F                  761 	.db #0x1f	; 31
   02EF FF                  762 	.db #0xff	; 255
   02F0 FF                  763 	.db #0xff	; 255
   02F1 FF                  764 	.db #0xff	; 255
   02F2 FF                  765 	.db #0xff	; 255
   02F3 FF                  766 	.db #0xff	; 255
   02F4 7F                  767 	.db #0x7f	; 127
   02F5 FF                  768 	.db #0xff	; 255
   02F6 BF                  769 	.db #0xbf	; 191
   02F7 FF                  770 	.db #0xff	; 255
   02F8 DF                  771 	.db #0xdf	; 223
   02F9 FF                  772 	.db #0xff	; 255
   02FA EF                  773 	.db #0xef	; 239
   02FB FF                  774 	.db #0xff	; 255
   02FC F3                  775 	.db #0xf3	; 243
   02FD FF                  776 	.db #0xff	; 255
   02FE FC                  777 	.db #0xfc	; 252
   02FF FF                  778 	.db #0xff	; 255
   0300 07                  779 	.db #0x07	; 7
   0301 FF                  780 	.db #0xff	; 255
   0302 F8                  781 	.db #0xf8	; 248
   0303 FF                  782 	.db #0xff	; 255
   0304 FF                  783 	.db #0xff	; 255
   0305 FF                  784 	.db #0xff	; 255
   0306 FF                  785 	.db #0xff	; 255
   0307 FF                  786 	.db #0xff	; 255
   0308 FF                  787 	.db #0xff	; 255
   0309 FF                  788 	.db #0xff	; 255
   030A FF                  789 	.db #0xff	; 255
   030B FF                  790 	.db #0xff	; 255
   030C FF                  791 	.db #0xff	; 255
   030D FF                  792 	.db #0xff	; 255
   030E 0F                  793 	.db #0x0f	; 15
   030F FF                  794 	.db #0xff	; 255
   0310 00                  795 	.db #0x00	; 0
   0311 FF                  796 	.db #0xff	; 255
   0312 00                  797 	.db #0x00	; 0
   0313 FF                  798 	.db #0xff	; 255
   0314 00                  799 	.db #0x00	; 0
   0315 FF                  800 	.db #0xff	; 255
   0316 00                  801 	.db #0x00	; 0
   0317 FF                  802 	.db #0xff	; 255
   0318 00                  803 	.db #0x00	; 0
   0319 FF                  804 	.db #0xff	; 255
   031A 00                  805 	.db #0x00	; 0
   031B FF                  806 	.db #0xff	; 255
   031C 00                  807 	.db #0x00	; 0
   031D FF                  808 	.db #0xff	; 255
   031E 01                  809 	.db #0x01	; 1
   031F FF                  810 	.db #0xff	; 255
   0320 00                  811 	.db #0x00	; 0
   0321 FF                  812 	.db #0xff	; 255
   0322 00                  813 	.db #0x00	; 0
   0323 FF                  814 	.db #0xff	; 255
   0324 03                  815 	.db #0x03	; 3
   0325 FF                  816 	.db #0xff	; 255
   0326 0C                  817 	.db #0x0c	; 12
   0327 FF                  818 	.db #0xff	; 255
   0328 30                  819 	.db #0x30	; 48	'0'
   0329 FF                  820 	.db #0xff	; 255
   032A 41                  821 	.db #0x41	; 65	'A'
   032B FF                  822 	.db #0xff	; 255
   032C 87                  823 	.db #0x87	; 135
   032D FF                  824 	.db #0xff	; 255
   032E 1F                  825 	.db #0x1f	; 31
   032F FF                  826 	.db #0xff	; 255
   0330 07                  827 	.db #0x07	; 7
   0331 FF                  828 	.db #0xff	; 255
   0332 78                  829 	.db #0x78	; 120	'x'
   0333 FF                  830 	.db #0xff	; 255
   0334 80                  831 	.db #0x80	; 128
   0335 FF                  832 	.db #0xff	; 255
   0336 07                  833 	.db #0x07	; 7
   0337 FF                  834 	.db #0xff	; 255
   0338 7F                  835 	.db #0x7f	; 127
   0339 FF                  836 	.db #0xff	; 255
   033A FF                  837 	.db #0xff	; 255
   033B FF                  838 	.db #0xff	; 255
   033C FF                  839 	.db #0xff	; 255
   033D FF                  840 	.db #0xff	; 255
   033E FF                  841 	.db #0xff	; 255
   033F FF                  842 	.db #0xff	; 255
   0340 F0                  843 	.db #0xf0	; 240
   0341 FF                  844 	.db #0xff	; 255
   0342 0E                  845 	.db #0x0e	; 14
   0343 FF                  846 	.db #0xff	; 255
   0344 01                  847 	.db #0x01	; 1
   0345 FF                  848 	.db #0xff	; 255
   0346 FF                  849 	.db #0xff	; 255
   0347 FF                  850 	.db #0xff	; 255
   0348 FF                  851 	.db #0xff	; 255
   0349 FF                  852 	.db #0xff	; 255
   034A FF                  853 	.db #0xff	; 255
   034B FF                  854 	.db #0xff	; 255
   034C FF                  855 	.db #0xff	; 255
   034D FF                  856 	.db #0xff	; 255
   034E FF                  857 	.db #0xff	; 255
   034F FF                  858 	.db #0xff	; 255
   0350 00                  859 	.db #0x00	; 0
   0351 FF                  860 	.db #0xff	; 255
   0352 00                  861 	.db #0x00	; 0
   0353 FF                  862 	.db #0xff	; 255
   0354 C0                  863 	.db #0xc0	; 192
   0355 FF                  864 	.db #0xff	; 255
   0356 F0                  865 	.db #0xf0	; 240
   0357 FF                  866 	.db #0xff	; 255
   0358 FC                  867 	.db #0xfc	; 252
   0359 FF                  868 	.db #0xff	; 255
   035A FE                  869 	.db #0xfe	; 254
   035B FF                  870 	.db #0xff	; 255
   035C FF                  871 	.db #0xff	; 255
   035D FF                  872 	.db #0xff	; 255
   035E FF                  873 	.db #0xff	; 255
   035F FF                  874 	.db #0xff	; 255
   0360 02                  875 	.db #0x02	; 2
   0361 FF                  876 	.db #0xff	; 255
   0362 04                  877 	.db #0x04	; 4
   0363 FF                  878 	.db #0xff	; 255
   0364 08                  879 	.db #0x08	; 8
   0365 FF                  880 	.db #0xff	; 255
   0366 08                  881 	.db #0x08	; 8
   0367 FF                  882 	.db #0xff	; 255
   0368 10                  883 	.db #0x10	; 16
   0369 FF                  884 	.db #0xff	; 255
   036A 10                  885 	.db #0x10	; 16
   036B FF                  886 	.db #0xff	; 255
   036C 20                  887 	.db #0x20	; 32
   036D FF                  888 	.db #0xff	; 255
   036E 20                  889 	.db #0x20	; 32
   036F FF                  890 	.db #0xff	; 255
   0370 3F                  891 	.db #0x3f	; 63
   0371 FF                  892 	.db #0xff	; 255
   0372 3F                  893 	.db #0x3f	; 63
   0373 FF                  894 	.db #0xff	; 255
   0374 7F                  895 	.db #0x7f	; 127
   0375 FF                  896 	.db #0xff	; 255
   0376 7E                  897 	.db #0x7e	; 126
   0377 FF                  898 	.db #0xff	; 255
   0378 71                  899 	.db #0x71	; 113	'q'
   0379 FF                  900 	.db #0xff	; 255
   037A 0E                  901 	.db #0x0e	; 14
   037B FF                  902 	.db #0xff	; 255
   037C 78                  903 	.db #0x78	; 120	'x'
   037D FF                  904 	.db #0xff	; 255
   037E BC                  905 	.db #0xbc	; 188
   037F FF                  906 	.db #0xff	; 255
   0380 FF                  907 	.db #0xff	; 255
   0381 FF                  908 	.db #0xff	; 255
   0382 FF                  909 	.db #0xff	; 255
   0383 FF                  910 	.db #0xff	; 255
   0384 C3                  911 	.db #0xc3	; 195
   0385 FF                  912 	.db #0xff	; 255
   0386 3D                  913 	.db #0x3d	; 61
   0387 FF                  914 	.db #0xff	; 255
   0388 C3                  915 	.db #0xc3	; 195
   0389 FF                  916 	.db #0xff	; 255
   038A 01                  917 	.db #0x01	; 1
   038B FF                  918 	.db #0xff	; 255
   038C 01                  919 	.db #0x01	; 1
   038D FF                  920 	.db #0xff	; 255
   038E 01                  921 	.db #0x01	; 1
   038F FF                  922 	.db #0xff	; 255
   0390 FF                  923 	.db #0xff	; 255
   0391 FF                  924 	.db #0xff	; 255
   0392 FF                  925 	.db #0xff	; 255
   0393 FF                  926 	.db #0xff	; 255
   0394 C3                  927 	.db #0xc3	; 195
   0395 FF                  928 	.db #0xff	; 255
   0396 BC                  929 	.db #0xbc	; 188
   0397 FF                  930 	.db #0xff	; 255
   0398 C3                  931 	.db #0xc3	; 195
   0399 FF                  932 	.db #0xff	; 255
   039A 80                  933 	.db #0x80	; 128
   039B FF                  934 	.db #0xff	; 255
   039C B0                  935 	.db #0xb0	; 176
   039D FF                  936 	.db #0xff	; 255
   039E F8                  937 	.db #0xf8	; 248
   039F FF                  938 	.db #0xff	; 255
   03A0 FF                  939 	.db #0xff	; 255
   03A1 FF                  940 	.db #0xff	; 255
   03A2 FF                  941 	.db #0xff	; 255
   03A3 FF                  942 	.db #0xff	; 255
   03A4 FF                  943 	.db #0xff	; 255
   03A5 FF                  944 	.db #0xff	; 255
   03A6 7F                  945 	.db #0x7f	; 127
   03A7 FF                  946 	.db #0xff	; 255
   03A8 8F                  947 	.db #0x8f	; 143
   03A9 FF                  948 	.db #0xff	; 255
   03AA 71                  949 	.db #0x71	; 113	'q'
   03AB FF                  950 	.db #0xff	; 255
   03AC 0E                  951 	.db #0x0e	; 14
   03AD FF                  952 	.db #0xff	; 255
   03AE 01                  953 	.db #0x01	; 1
   03AF FF                  954 	.db #0xff	; 255
   03B0 C0                  955 	.db #0xc0	; 192
   03B1 FF                  956 	.db #0xff	; 255
   03B2 E0                  957 	.db #0xe0	; 224
   03B3 FF                  958 	.db #0xff	; 255
   03B4 F0                  959 	.db #0xf0	; 240
   03B5 FF                  960 	.db #0xff	; 255
   03B6 F0                  961 	.db #0xf0	; 240
   03B7 FF                  962 	.db #0xff	; 255
   03B8 F8                  963 	.db #0xf8	; 248
   03B9 FF                  964 	.db #0xff	; 255
   03BA F8                  965 	.db #0xf8	; 248
   03BB FF                  966 	.db #0xff	; 255
   03BC FC                  967 	.db #0xfc	; 252
   03BD FF                  968 	.db #0xff	; 255
   03BE 7C                  969 	.db #0x7c	; 124
   03BF FF                  970 	.db #0xff	; 255
   03C0 21                  971 	.db #0x21	; 33
   03C1 FF                  972 	.db #0xff	; 255
   03C2 42                  973 	.db #0x42	; 66	'B'
   03C3 FF                  974 	.db #0xff	; 255
   03C4 42                  975 	.db #0x42	; 66	'B'
   03C5 FF                  976 	.db #0xff	; 255
   03C6 42                  977 	.db #0x42	; 66	'B'
   03C7 FF                  978 	.db #0xff	; 255
   03C8 82                  979 	.db #0x82	; 130
   03C9 FF                  980 	.db #0xff	; 255
   03CA 82                  981 	.db #0x82	; 130
   03CB FF                  982 	.db #0xff	; 255
   03CC 85                  983 	.db #0x85	; 133
   03CD FF                  984 	.db #0xff	; 255
   03CE 86                  985 	.db #0x86	; 134
   03CF FF                  986 	.db #0xff	; 255
   03D0 3C                  987 	.db #0x3c	; 60
   03D1 FF                  988 	.db #0xff	; 255
   03D2 18                  989 	.db #0x18	; 24
   03D3 FF                  990 	.db #0xff	; 255
   03D4 00                  991 	.db #0x00	; 0
   03D5 FF                  992 	.db #0xff	; 255
   03D6 00                  993 	.db #0x00	; 0
   03D7 FF                  994 	.db #0xff	; 255
   03D8 00                  995 	.db #0x00	; 0
   03D9 FF                  996 	.db #0xff	; 255
   03DA 00                  997 	.db #0x00	; 0
   03DB FF                  998 	.db #0xff	; 255
   03DC 00                  999 	.db #0x00	; 0
   03DD FF                 1000 	.db #0xff	; 255
   03DE 80                 1001 	.db #0x80	; 128
   03DF FF                 1002 	.db #0xff	; 255
   03E0 01                 1003 	.db #0x01	; 1
   03E1 FF                 1004 	.db #0xff	; 255
   03E2 01                 1005 	.db #0x01	; 1
   03E3 FF                 1006 	.db #0xff	; 255
   03E4 01                 1007 	.db #0x01	; 1
   03E5 FF                 1008 	.db #0xff	; 255
   03E6 01                 1009 	.db #0x01	; 1
   03E7 FF                 1010 	.db #0xff	; 255
   03E8 01                 1011 	.db #0x01	; 1
   03E9 FF                 1012 	.db #0xff	; 255
   03EA 01                 1013 	.db #0x01	; 1
   03EB FF                 1014 	.db #0xff	; 255
   03EC 02                 1015 	.db #0x02	; 2
   03ED FF                 1016 	.db #0xff	; 255
   03EE 05                 1017 	.db #0x05	; 5
   03EF FF                 1018 	.db #0xff	; 255
   03F0 F8                 1019 	.db #0xf8	; 248
   03F1 FF                 1020 	.db #0xff	; 255
   03F2 B0                 1021 	.db #0xb0	; 176
   03F3 FF                 1022 	.db #0xff	; 255
   03F4 80                 1023 	.db #0x80	; 128
   03F5 FF                 1024 	.db #0xff	; 255
   03F6 80                 1025 	.db #0x80	; 128
   03F7 FF                 1026 	.db #0xff	; 255
   03F8 80                 1027 	.db #0x80	; 128
   03F9 FF                 1028 	.db #0xff	; 255
   03FA 80                 1029 	.db #0x80	; 128
   03FB FF                 1030 	.db #0xff	; 255
   03FC 40                 1031 	.db #0x40	; 64
   03FD FF                 1032 	.db #0xff	; 255
   03FE A0                 1033 	.db #0xa0	; 160
   03FF FF                 1034 	.db #0xff	; 255
   0400 BC                 1035 	.db #0xbc	; 188
   0401 FF                 1036 	.db #0xff	; 255
   0402 5E                 1037 	.db #0x5e	; 94
   0403 FF                 1038 	.db #0xff	; 255
   0404 5E                 1039 	.db #0x5e	; 94
   0405 FF                 1040 	.db #0xff	; 255
   0406 5E                 1041 	.db #0x5e	; 94
   0407 FF                 1042 	.db #0xff	; 255
   0408 5F                 1043 	.db #0x5f	; 95
   0409 FF                 1044 	.db #0xff	; 255
   040A 5F                 1045 	.db #0x5f	; 95
   040B FF                 1046 	.db #0xff	; 255
   040C BF                 1047 	.db #0xbf	; 191
   040D FF                 1048 	.db #0xff	; 255
   040E 7F                 1049 	.db #0x7f	; 127
   040F FF                 1050 	.db #0xff	; 255
   0410 87                 1051 	.db #0x87	; 135
   0411 FF                 1052 	.db #0xff	; 255
   0412 8F                 1053 	.db #0x8f	; 143
   0413 FF                 1054 	.db #0xff	; 255
   0414 8F                 1055 	.db #0x8f	; 143
   0415 FF                 1056 	.db #0xff	; 255
   0416 4F                 1057 	.db #0x4f	; 79	'O'
   0417 FF                 1058 	.db #0xff	; 255
   0418 4F                 1059 	.db #0x4f	; 79	'O'
   0419 FF                 1060 	.db #0xff	; 255
   041A 4F                 1061 	.db #0x4f	; 79	'O'
   041B FF                 1062 	.db #0xff	; 255
   041C 4F                 1063 	.db #0x4f	; 79	'O'
   041D FF                 1064 	.db #0xff	; 255
   041E 2F                 1065 	.db #0x2f	; 47
   041F FF                 1066 	.db #0xff	; 255
   0420 40                 1067 	.db #0x40	; 64
   0421 FF                 1068 	.db #0xff	; 255
   0422 B8                 1069 	.db #0xb8	; 184
   0423 FF                 1070 	.db #0xff	; 255
   0424 C7                 1071 	.db #0xc7	; 199
   0425 FF                 1072 	.db #0xff	; 255
   0426 F8                 1073 	.db #0xf8	; 248
   0427 FF                 1074 	.db #0xff	; 255
   0428 FF                 1075 	.db #0xff	; 255
   0429 FF                 1076 	.db #0xff	; 255
   042A FF                 1077 	.db #0xff	; 255
   042B FF                 1078 	.db #0xff	; 255
   042C FF                 1079 	.db #0xff	; 255
   042D FF                 1080 	.db #0xff	; 255
   042E FF                 1081 	.db #0xff	; 255
   042F FF                 1082 	.db #0xff	; 255
   0430 0B                 1083 	.db #0x0b	; 11
   0431 FF                 1084 	.db #0xff	; 255
   0432 77                 1085 	.db #0x77	; 119	'w'
   0433 FF                 1086 	.db #0xff	; 255
   0434 8F                 1087 	.db #0x8f	; 143
   0435 FF                 1088 	.db #0xff	; 255
   0436 7F                 1089 	.db #0x7f	; 127
   0437 FF                 1090 	.db #0xff	; 255
   0438 FF                 1091 	.db #0xff	; 255
   0439 FF                 1092 	.db #0xff	; 255
   043A FF                 1093 	.db #0xff	; 255
   043B FF                 1094 	.db #0xff	; 255
   043C FF                 1095 	.db #0xff	; 255
   043D FF                 1096 	.db #0xff	; 255
   043E 00                 1097 	.db #0x00	; 0
   043F FF                 1098 	.db #0xff	; 255
   0440 FF                 1099 	.db #0xff	; 255
   0441 FF                 1100 	.db #0xff	; 255
   0442 FF                 1101 	.db #0xff	; 255
   0443 FF                 1102 	.db #0xff	; 255
   0444 FF                 1103 	.db #0xff	; 255
   0445 FF                 1104 	.db #0xff	; 255
   0446 FE                 1105 	.db #0xfe	; 254
   0447 FF                 1106 	.db #0xff	; 255
   0448 FE                 1107 	.db #0xfe	; 254
   0449 FF                 1108 	.db #0xff	; 255
   044A FE                 1109 	.db #0xfe	; 254
   044B FF                 1110 	.db #0xff	; 255
   044C FE                 1111 	.db #0xfe	; 254
   044D FF                 1112 	.db #0xff	; 255
   044E FC                 1113 	.db #0xfc	; 252
   044F FF                 1114 	.db #0xff	; 255
   0450 2F                 1115 	.db #0x2f	; 47
   0451 FF                 1116 	.db #0xff	; 255
   0452 2E                 1117 	.db #0x2e	; 46
   0453 FF                 1118 	.db #0xff	; 255
   0454 1F                 1119 	.db #0x1f	; 31
   0455 FF                 1120 	.db #0xff	; 255
   0456 1F                 1121 	.db #0x1f	; 31
   0457 FF                 1122 	.db #0xff	; 255
   0458 0F                 1123 	.db #0x0f	; 15
   0459 FF                 1124 	.db #0xff	; 255
   045A 0F                 1125 	.db #0x0f	; 15
   045B FF                 1126 	.db #0xff	; 255
   045C 07                 1127 	.db #0x07	; 7
   045D FF                 1128 	.db #0xff	; 255
   045E 03                 1129 	.db #0x03	; 3
   045F FF                 1130 	.db #0xff	; 255
   0460 80                 1131 	.db #0x80	; 128
   0461 FF                 1132 	.db #0xff	; 255
   0462 17                 1133 	.db #0x17	; 23
   0463 FF                 1134 	.db #0xff	; 255
   0464 17                 1135 	.db #0x17	; 23
   0465 FF                 1136 	.db #0xff	; 255
   0466 17                 1137 	.db #0x17	; 23
   0467 FF                 1138 	.db #0xff	; 255
   0468 17                 1139 	.db #0x17	; 23
   0469 FF                 1140 	.db #0xff	; 255
   046A 17                 1141 	.db #0x17	; 23
   046B FF                 1142 	.db #0xff	; 255
   046C AF                 1143 	.db #0xaf	; 175
   046D FF                 1144 	.db #0xff	; 255
   046E AF                 1145 	.db #0xaf	; 175
   046F FF                 1146 	.db #0xff	; 255
   0470 01                 1147 	.db #0x01	; 1
   0471 FF                 1148 	.db #0xff	; 255
   0472 E2                 1149 	.db #0xe2	; 226
   0473 FF                 1150 	.db #0xff	; 255
   0474 E2                 1151 	.db #0xe2	; 226
   0475 FF                 1152 	.db #0xff	; 255
   0476 E2                 1153 	.db #0xe2	; 226
   0477 FF                 1154 	.db #0xff	; 255
   0478 E2                 1155 	.db #0xe2	; 226
   0479 FF                 1156 	.db #0xff	; 255
   047A E2                 1157 	.db #0xe2	; 226
   047B FF                 1158 	.db #0xff	; 255
   047C F5                 1159 	.db #0xf5	; 245
   047D FF                 1160 	.db #0xff	; 255
   047E F5                 1161 	.db #0xf5	; 245
   047F FF                 1162 	.db #0xff	; 255
   0480 FC                 1163 	.db #0xfc	; 252
   0481 FF                 1164 	.db #0xff	; 255
   0482 7C                 1165 	.db #0x7c	; 124
   0483 FF                 1166 	.db #0xff	; 255
   0484 F8                 1167 	.db #0xf8	; 248
   0485 FF                 1168 	.db #0xff	; 255
   0486 F8                 1169 	.db #0xf8	; 248
   0487 FF                 1170 	.db #0xff	; 255
   0488 F0                 1171 	.db #0xf0	; 240
   0489 FF                 1172 	.db #0xff	; 255
   048A F0                 1173 	.db #0xf0	; 240
   048B FF                 1174 	.db #0xff	; 255
   048C E0                 1175 	.db #0xe0	; 224
   048D FF                 1176 	.db #0xff	; 255
   048E C0                 1177 	.db #0xc0	; 192
   048F FF                 1178 	.db #0xff	; 255
   0490 AF                 1179 	.db #0xaf	; 175
   0491 FF                 1180 	.db #0xff	; 255
   0492 AF                 1181 	.db #0xaf	; 175
   0493 FF                 1182 	.db #0xff	; 255
   0494 5F                 1183 	.db #0x5f	; 95
   0495 FF                 1184 	.db #0xff	; 255
   0496 3F                 1185 	.db #0x3f	; 63
   0497 FF                 1186 	.db #0xff	; 255
   0498 0F                 1187 	.db #0x0f	; 15
   0499 FF                 1188 	.db #0xff	; 255
   049A 03                 1189 	.db #0x03	; 3
   049B FF                 1190 	.db #0xff	; 255
   049C 00                 1191 	.db #0x00	; 0
   049D FF                 1192 	.db #0xff	; 255
   049E 00                 1193 	.db #0x00	; 0
   049F FF                 1194 	.db #0xff	; 255
   04A0 FF                 1195 	.db #0xff	; 255
   04A1 FF                 1196 	.db #0xff	; 255
   04A2 FF                 1197 	.db #0xff	; 255
   04A3 FF                 1198 	.db #0xff	; 255
   04A4 FF                 1199 	.db #0xff	; 255
   04A5 FF                 1200 	.db #0xff	; 255
   04A6 FF                 1201 	.db #0xff	; 255
   04A7 FF                 1202 	.db #0xff	; 255
   04A8 FF                 1203 	.db #0xff	; 255
   04A9 FF                 1204 	.db #0xff	; 255
   04AA FF                 1205 	.db #0xff	; 255
   04AB FF                 1206 	.db #0xff	; 255
   04AC 7F                 1207 	.db #0x7f	; 127
   04AD FF                 1208 	.db #0xff	; 255
   04AE 07                 1209 	.db #0x07	; 7
   04AF FF                 1210 	.db #0xff	; 255
   04B0 F5                 1211 	.db #0xf5	; 245
   04B1 FF                 1212 	.db #0xff	; 255
   04B2 F5                 1213 	.db #0xf5	; 245
   04B3 FF                 1214 	.db #0xff	; 255
   04B4 FA                 1215 	.db #0xfa	; 250
   04B5 FF                 1216 	.db #0xff	; 255
   04B6 FC                 1217 	.db #0xfc	; 252
   04B7 FF                 1218 	.db #0xff	; 255
   04B8 F0                 1219 	.db #0xf0	; 240
   04B9 FF                 1220 	.db #0xff	; 255
   04BA C0                 1221 	.db #0xc0	; 192
   04BB FF                 1222 	.db #0xff	; 255
   04BC 00                 1223 	.db #0x00	; 0
   04BD FF                 1224 	.db #0xff	; 255
   04BE 00                 1225 	.db #0x00	; 0
   04BF FF                 1226 	.db #0xff	; 255
   04C0 00                 1227 	.db #0x00	; 0
   04C1 00                 1228 	.db #0x00	; 0
   04C2 00                 1229 	.db #0x00	; 0
   04C3 00                 1230 	.db #0x00	; 0
   04C4 00                 1231 	.db #0x00	; 0
   04C5 00                 1232 	.db #0x00	; 0
   04C6 00                 1233 	.db #0x00	; 0
   04C7 00                 1234 	.db #0x00	; 0
   04C8 00                 1235 	.db #0x00	; 0
   04C9 00                 1236 	.db #0x00	; 0
   04CA 00                 1237 	.db #0x00	; 0
   04CB 00                 1238 	.db #0x00	; 0
   04CC 00                 1239 	.db #0x00	; 0
   04CD 00                 1240 	.db #0x00	; 0
   04CE 00                 1241 	.db #0x00	; 0
   04CF 00                 1242 	.db #0x00	; 0
                           1243 	.area _CABS (ABS)
