                              1 ;--------------------------------------------------------
                              2 ; File Created by SDCC : free open source ANSI-C Compiler
                              3 ; Version 4.0.0 #11528 (MINGW32)
                              4 ;--------------------------------------------------------
                              5 	.module C__Users_Mills_AppData_Local_Temp_lcc51721
                              6 	.optsdcc -mgbz80
                              7 	
                              8 ;--------------------------------------------------------
                              9 ; Public variables in this module
                             10 ;--------------------------------------------------------
                             11 	.globl _Zilog32PLN0
                             12 ;--------------------------------------------------------
                             13 ; special function registers
                             14 ;--------------------------------------------------------
                             15 ;--------------------------------------------------------
                             16 ; ram data
                             17 ;--------------------------------------------------------
                             18 	.area _DATA
                             19 ;--------------------------------------------------------
                             20 ; absolute external ram data
                             21 ;--------------------------------------------------------
                             22 	.area _DABS (ABS)
                             23 ;--------------------------------------------------------
                             24 ; global & static initialisations
                             25 ;--------------------------------------------------------
                             26 	.area _HOME
                             27 	.area _GSINIT
                             28 	.area _GSFINAL
                             29 	.area _GSINIT
                             30 ;--------------------------------------------------------
                             31 ; Home
                             32 ;--------------------------------------------------------
                             33 	.area _HOME
                             34 	.area _HOME
                             35 ;--------------------------------------------------------
                             36 ; code
                             37 ;--------------------------------------------------------
                             38 	.area _CODE
                             39 	.area _CODE
   0000                      40 _Zilog32PLN0:
   0000 00                   41 	.db #0x00	; 0
   0001 00                   42 	.db #0x00	; 0
   0002 00                   43 	.db #0x00	; 0
   0003 00                   44 	.db #0x00	; 0
   0004 00                   45 	.db #0x00	; 0
   0005 00                   46 	.db #0x00	; 0
   0006 00                   47 	.db #0x00	; 0
   0007 01                   48 	.db #0x01	; 1
   0008 02                   49 	.db #0x02	; 2
   0009 03                   50 	.db #0x03	; 3
   000A 04                   51 	.db #0x04	; 4
   000B 02                   52 	.db #0x02	; 2
   000C 05                   53 	.db #0x05	; 5
   000D 00                   54 	.db #0x00	; 0
   000E 00                   55 	.db #0x00	; 0
   000F 00                   56 	.db #0x00	; 0
   0010 68                   57 	.db #0x68	; 104	'h'
   0011 69                   58 	.db #0x69	; 105	'i'
   0012 00                   59 	.db #0x00	; 0
   0013 00                   60 	.db #0x00	; 0
   0014 6A                   61 	.db #0x6a	; 106	'j'
   0015 6B                   62 	.db #0x6b	; 107	'k'
   0016 6C                   63 	.db #0x6c	; 108	'l'
   0017 6D                   64 	.db #0x6d	; 109	'm'
   0018 6E                   65 	.db #0x6e	; 110	'n'
   0019 6F                   66 	.db #0x6f	; 111	'o'
   001A 70                   67 	.db #0x70	; 112	'p'
   001B 71                   68 	.db #0x71	; 113	'q'
   001C 72                   69 	.db #0x72	; 114	'r'
   001D 73                   70 	.db #0x73	; 115	's'
   001E 74                   71 	.db #0x74	; 116	't'
   001F 00                   72 	.db #0x00	; 0
   0020 00                   73 	.db #0x00	; 0
   0021 00                   74 	.db #0x00	; 0
   0022 00                   75 	.db #0x00	; 0
   0023 00                   76 	.db #0x00	; 0
   0024 06                   77 	.db #0x06	; 6
   0025 07                   78 	.db #0x07	; 7
   0026 08                   79 	.db #0x08	; 8
   0027 09                   80 	.db #0x09	; 9
   0028 0A                   81 	.db #0x0a	; 10
   0029 0B                   82 	.db #0x0b	; 11
   002A 0C                   83 	.db #0x0c	; 12
   002B 0D                   84 	.db #0x0d	; 13
   002C 0E                   85 	.db #0x0e	; 14
   002D 00                   86 	.db #0x00	; 0
   002E 00                   87 	.db #0x00	; 0
   002F 00                   88 	.db #0x00	; 0
   0030 75                   89 	.db #0x75	; 117	'u'
   0031 76                   90 	.db #0x76	; 118	'v'
   0032 77                   91 	.db #0x77	; 119	'w'
   0033 00                   92 	.db #0x00	; 0
   0034 78                   93 	.db #0x78	; 120	'x'
   0035 79                   94 	.db #0x79	; 121	'y'
   0036 7A                   95 	.db #0x7a	; 122	'z'
   0037 7B                   96 	.db #0x7b	; 123
   0038 7C                   97 	.db #0x7c	; 124
   0039 7D                   98 	.db #0x7d	; 125
   003A 7E                   99 	.db #0x7e	; 126
   003B 7F                  100 	.db #0x7f	; 127
   003C 80                  101 	.db #0x80	; 128
   003D 81                  102 	.db #0x81	; 129
   003E 82                  103 	.db #0x82	; 130
   003F 00                  104 	.db #0x00	; 0
   0040 00                  105 	.db #0x00	; 0
   0041 00                  106 	.db #0x00	; 0
   0042 0F                  107 	.db #0x0f	; 15
   0043 10                  108 	.db #0x10	; 16
   0044 11                  109 	.db #0x11	; 17
   0045 12                  110 	.db #0x12	; 18
   0046 13                  111 	.db #0x13	; 19
   0047 14                  112 	.db #0x14	; 20
   0048 00                  113 	.db #0x00	; 0
   0049 00                  114 	.db #0x00	; 0
   004A 15                  115 	.db #0x15	; 21
   004B 16                  116 	.db #0x16	; 22
   004C 17                  117 	.db #0x17	; 23
   004D 00                  118 	.db #0x00	; 0
   004E 00                  119 	.db #0x00	; 0
   004F 00                  120 	.db #0x00	; 0
   0050 00                  121 	.db #0x00	; 0
   0051 83                  122 	.db #0x83	; 131
   0052 84                  123 	.db #0x84	; 132
   0053 85                  124 	.db #0x85	; 133
   0054 86                  125 	.db #0x86	; 134
   0055 87                  126 	.db #0x87	; 135
   0056 88                  127 	.db #0x88	; 136
   0057 89                  128 	.db #0x89	; 137
   0058 8A                  129 	.db #0x8a	; 138
   0059 00                  130 	.db #0x00	; 0
   005A 8B                  131 	.db #0x8b	; 139
   005B 8C                  132 	.db #0x8c	; 140
   005C 8D                  133 	.db #0x8d	; 141
   005D 8E                  134 	.db #0x8e	; 142
   005E 00                  135 	.db #0x00	; 0
   005F 00                  136 	.db #0x00	; 0
   0060 00                  137 	.db #0x00	; 0
   0061 18                  138 	.db #0x18	; 24
   0062 19                  139 	.db #0x19	; 25
   0063 1A                  140 	.db #0x1a	; 26
   0064 1B                  141 	.db #0x1b	; 27
   0065 1C                  142 	.db #0x1c	; 28
   0066 1D                  143 	.db #0x1d	; 29
   0067 00                  144 	.db #0x00	; 0
   0068 1E                  145 	.db #0x1e	; 30
   0069 1F                  146 	.db #0x1f	; 31
   006A 20                  147 	.db #0x20	; 32
   006B 21                  148 	.db #0x21	; 33
   006C 22                  149 	.db #0x22	; 34
   006D 23                  150 	.db #0x23	; 35
   006E 00                  151 	.db #0x00	; 0
   006F 00                  152 	.db #0x00	; 0
   0070 00                  153 	.db #0x00	; 0
   0071 00                  154 	.db #0x00	; 0
   0072 8F                  155 	.db #0x8f	; 143
   0073 90                  156 	.db #0x90	; 144
   0074 91                  157 	.db #0x91	; 145
   0075 92                  158 	.db #0x92	; 146
   0076 93                  159 	.db #0x93	; 147
   0077 93                  160 	.db #0x93	; 147
   0078 94                  161 	.db #0x94	; 148
   0079 95                  162 	.db #0x95	; 149
   007A 96                  163 	.db #0x96	; 150
   007B 97                  164 	.db #0x97	; 151
   007C 98                  165 	.db #0x98	; 152
   007D 00                  166 	.db #0x00	; 0
   007E 00                  167 	.db #0x00	; 0
   007F 00                  168 	.db #0x00	; 0
   0080 00                  169 	.db #0x00	; 0
   0081 24                  170 	.db #0x24	; 36
   0082 25                  171 	.db #0x25	; 37
   0083 26                  172 	.db #0x26	; 38
   0084 27                  173 	.db #0x27	; 39
   0085 28                  174 	.db #0x28	; 40
   0086 29                  175 	.db #0x29	; 41
   0087 2A                  176 	.db #0x2a	; 42
   0088 2B                  177 	.db #0x2b	; 43
   0089 2C                  178 	.db #0x2c	; 44
   008A 2D                  179 	.db #0x2d	; 45
   008B 00                  180 	.db #0x00	; 0
   008C 2E                  181 	.db #0x2e	; 46
   008D 2F                  182 	.db #0x2f	; 47
   008E 30                  183 	.db #0x30	; 48	'0'
   008F 00                  184 	.db #0x00	; 0
   0090 00                  185 	.db #0x00	; 0
   0091 00                  186 	.db #0x00	; 0
   0092 00                  187 	.db #0x00	; 0
   0093 00                  188 	.db #0x00	; 0
   0094 99                  189 	.db #0x99	; 153
   0095 9A                  190 	.db #0x9a	; 154
   0096 9B                  191 	.db #0x9b	; 155
   0097 9C                  192 	.db #0x9c	; 156
   0098 9D                  193 	.db #0x9d	; 157
   0099 9E                  194 	.db #0x9e	; 158
   009A 14                  195 	.db #0x14	; 20
   009B 00                  196 	.db #0x00	; 0
   009C 00                  197 	.db #0x00	; 0
   009D 00                  198 	.db #0x00	; 0
   009E 00                  199 	.db #0x00	; 0
   009F 00                  200 	.db #0x00	; 0
   00A0 31                  201 	.db #0x31	; 49	'1'
   00A1 32                  202 	.db #0x32	; 50	'2'
   00A2 33                  203 	.db #0x33	; 51	'3'
   00A3 34                  204 	.db #0x34	; 52	'4'
   00A4 35                  205 	.db #0x35	; 53	'5'
   00A5 36                  206 	.db #0x36	; 54	'6'
   00A6 37                  207 	.db #0x37	; 55	'7'
   00A7 38                  208 	.db #0x38	; 56	'8'
   00A8 39                  209 	.db #0x39	; 57	'9'
   00A9 3A                  210 	.db #0x3a	; 58
   00AA 3B                  211 	.db #0x3b	; 59
   00AB 00                  212 	.db #0x00	; 0
   00AC 00                  213 	.db #0x00	; 0
   00AD 3C                  214 	.db #0x3c	; 60
   00AE 3D                  215 	.db #0x3d	; 61
   00AF 00                  216 	.db #0x00	; 0
   00B0 00                  217 	.db #0x00	; 0
   00B1 00                  218 	.db #0x00	; 0
   00B2 00                  219 	.db #0x00	; 0
   00B3 00                  220 	.db #0x00	; 0
   00B4 00                  221 	.db #0x00	; 0
   00B5 00                  222 	.db #0x00	; 0
   00B6 00                  223 	.db #0x00	; 0
   00B7 00                  224 	.db #0x00	; 0
   00B8 00                  225 	.db #0x00	; 0
   00B9 00                  226 	.db #0x00	; 0
   00BA 00                  227 	.db #0x00	; 0
   00BB 00                  228 	.db #0x00	; 0
   00BC 00                  229 	.db #0x00	; 0
   00BD 00                  230 	.db #0x00	; 0
   00BE 00                  231 	.db #0x00	; 0
   00BF 00                  232 	.db #0x00	; 0
   00C0 3E                  233 	.db #0x3e	; 62
   00C1 3F                  234 	.db #0x3f	; 63
   00C2 40                  235 	.db #0x40	; 64
   00C3 41                  236 	.db #0x41	; 65	'A'
   00C4 42                  237 	.db #0x42	; 66	'B'
   00C5 43                  238 	.db #0x43	; 67	'C'
   00C6 44                  239 	.db #0x44	; 68	'D'
   00C7 45                  240 	.db #0x45	; 69	'E'
   00C8 46                  241 	.db #0x46	; 70	'F'
   00C9 47                  242 	.db #0x47	; 71	'G'
   00CA 48                  243 	.db #0x48	; 72	'H'
   00CB 49                  244 	.db #0x49	; 73	'I'
   00CC 00                  245 	.db #0x00	; 0
   00CD 4A                  246 	.db #0x4a	; 74	'J'
   00CE 4B                  247 	.db #0x4b	; 75	'K'
   00CF 00                  248 	.db #0x00	; 0
   00D0 00                  249 	.db #0x00	; 0
   00D1 00                  250 	.db #0x00	; 0
   00D2 00                  251 	.db #0x00	; 0
   00D3 00                  252 	.db #0x00	; 0
   00D4 00                  253 	.db #0x00	; 0
   00D5 00                  254 	.db #0x00	; 0
   00D6 00                  255 	.db #0x00	; 0
   00D7 00                  256 	.db #0x00	; 0
   00D8 00                  257 	.db #0x00	; 0
   00D9 00                  258 	.db #0x00	; 0
   00DA 00                  259 	.db #0x00	; 0
   00DB 00                  260 	.db #0x00	; 0
   00DC 00                  261 	.db #0x00	; 0
   00DD 00                  262 	.db #0x00	; 0
   00DE 00                  263 	.db #0x00	; 0
   00DF 00                  264 	.db #0x00	; 0
   00E0 4C                  265 	.db #0x4c	; 76	'L'
   00E1 4D                  266 	.db #0x4d	; 77	'M'
   00E2 4E                  267 	.db #0x4e	; 78	'N'
   00E3 4F                  268 	.db #0x4f	; 79	'O'
   00E4 50                  269 	.db #0x50	; 80	'P'
   00E5 51                  270 	.db #0x51	; 81	'Q'
   00E6 52                  271 	.db #0x52	; 82	'R'
   00E7 00                  272 	.db #0x00	; 0
   00E8 53                  273 	.db #0x53	; 83	'S'
   00E9 54                  274 	.db #0x54	; 84	'T'
   00EA 55                  275 	.db #0x55	; 85	'U'
   00EB 56                  276 	.db #0x56	; 86	'V'
   00EC 57                  277 	.db #0x57	; 87	'W'
   00ED 58                  278 	.db #0x58	; 88	'X'
   00EE 59                  279 	.db #0x59	; 89	'Y'
   00EF 00                  280 	.db #0x00	; 0
   00F0 00                  281 	.db #0x00	; 0
   00F1 00                  282 	.db #0x00	; 0
   00F2 00                  283 	.db #0x00	; 0
   00F3 00                  284 	.db #0x00	; 0
   00F4 00                  285 	.db #0x00	; 0
   00F5 00                  286 	.db #0x00	; 0
   00F6 00                  287 	.db #0x00	; 0
   00F7 01                  288 	.db #0x01	; 1
   00F8 02                  289 	.db #0x02	; 2
   00F9 03                  290 	.db #0x03	; 3
   00FA 04                  291 	.db #0x04	; 4
   00FB 02                  292 	.db #0x02	; 2
   00FC 05                  293 	.db #0x05	; 5
   00FD 00                  294 	.db #0x00	; 0
   00FE 00                  295 	.db #0x00	; 0
   00FF 00                  296 	.db #0x00	; 0
   0100 5A                  297 	.db #0x5a	; 90	'Z'
   0101 5B                  298 	.db #0x5b	; 91
   0102 5C                  299 	.db #0x5c	; 92
   0103 5D                  300 	.db #0x5d	; 93
   0104 5E                  301 	.db #0x5e	; 94
   0105 5F                  302 	.db #0x5f	; 95
   0106 00                  303 	.db #0x00	; 0
   0107 60                  304 	.db #0x60	; 96
   0108 61                  305 	.db #0x61	; 97	'a'
   0109 62                  306 	.db #0x62	; 98	'b'
   010A 63                  307 	.db #0x63	; 99	'c'
   010B 64                  308 	.db #0x64	; 100	'd'
   010C 65                  309 	.db #0x65	; 101	'e'
   010D 66                  310 	.db #0x66	; 102	'f'
   010E 67                  311 	.db #0x67	; 103	'g'
   010F 00                  312 	.db #0x00	; 0
   0110 00                  313 	.db #0x00	; 0
   0111 00                  314 	.db #0x00	; 0
   0112 00                  315 	.db #0x00	; 0
   0113 00                  316 	.db #0x00	; 0
   0114 06                  317 	.db #0x06	; 6
   0115 07                  318 	.db #0x07	; 7
   0116 08                  319 	.db #0x08	; 8
   0117 09                  320 	.db #0x09	; 9
   0118 0A                  321 	.db #0x0a	; 10
   0119 0B                  322 	.db #0x0b	; 11
   011A 0C                  323 	.db #0x0c	; 12
   011B 0D                  324 	.db #0x0d	; 13
   011C 0E                  325 	.db #0x0e	; 14
   011D 00                  326 	.db #0x00	; 0
   011E 00                  327 	.db #0x00	; 0
   011F 00                  328 	.db #0x00	; 0
   0120 68                  329 	.db #0x68	; 104	'h'
   0121 69                  330 	.db #0x69	; 105	'i'
   0122 00                  331 	.db #0x00	; 0
   0123 00                  332 	.db #0x00	; 0
   0124 6A                  333 	.db #0x6a	; 106	'j'
   0125 6B                  334 	.db #0x6b	; 107	'k'
   0126 6C                  335 	.db #0x6c	; 108	'l'
   0127 6D                  336 	.db #0x6d	; 109	'm'
   0128 6E                  337 	.db #0x6e	; 110	'n'
   0129 6F                  338 	.db #0x6f	; 111	'o'
   012A 70                  339 	.db #0x70	; 112	'p'
   012B 71                  340 	.db #0x71	; 113	'q'
   012C 72                  341 	.db #0x72	; 114	'r'
   012D 73                  342 	.db #0x73	; 115	's'
   012E 74                  343 	.db #0x74	; 116	't'
   012F 00                  344 	.db #0x00	; 0
   0130 00                  345 	.db #0x00	; 0
   0131 00                  346 	.db #0x00	; 0
   0132 0F                  347 	.db #0x0f	; 15
   0133 10                  348 	.db #0x10	; 16
   0134 11                  349 	.db #0x11	; 17
   0135 12                  350 	.db #0x12	; 18
   0136 13                  351 	.db #0x13	; 19
   0137 14                  352 	.db #0x14	; 20
   0138 00                  353 	.db #0x00	; 0
   0139 00                  354 	.db #0x00	; 0
   013A 15                  355 	.db #0x15	; 21
   013B 16                  356 	.db #0x16	; 22
   013C 17                  357 	.db #0x17	; 23
   013D 00                  358 	.db #0x00	; 0
   013E 00                  359 	.db #0x00	; 0
   013F 00                  360 	.db #0x00	; 0
   0140 75                  361 	.db #0x75	; 117	'u'
   0141 76                  362 	.db #0x76	; 118	'v'
   0142 77                  363 	.db #0x77	; 119	'w'
   0143 00                  364 	.db #0x00	; 0
   0144 78                  365 	.db #0x78	; 120	'x'
   0145 79                  366 	.db #0x79	; 121	'y'
   0146 7A                  367 	.db #0x7a	; 122	'z'
   0147 7B                  368 	.db #0x7b	; 123
   0148 7C                  369 	.db #0x7c	; 124
   0149 7D                  370 	.db #0x7d	; 125
   014A 7E                  371 	.db #0x7e	; 126
   014B 7F                  372 	.db #0x7f	; 127
   014C 80                  373 	.db #0x80	; 128
   014D 81                  374 	.db #0x81	; 129
   014E 82                  375 	.db #0x82	; 130
   014F 00                  376 	.db #0x00	; 0
   0150 00                  377 	.db #0x00	; 0
   0151 18                  378 	.db #0x18	; 24
   0152 19                  379 	.db #0x19	; 25
   0153 1A                  380 	.db #0x1a	; 26
   0154 1B                  381 	.db #0x1b	; 27
   0155 1C                  382 	.db #0x1c	; 28
   0156 1D                  383 	.db #0x1d	; 29
   0157 00                  384 	.db #0x00	; 0
   0158 1E                  385 	.db #0x1e	; 30
   0159 1F                  386 	.db #0x1f	; 31
   015A 20                  387 	.db #0x20	; 32
   015B 21                  388 	.db #0x21	; 33
   015C 22                  389 	.db #0x22	; 34
   015D 23                  390 	.db #0x23	; 35
   015E 00                  391 	.db #0x00	; 0
   015F 00                  392 	.db #0x00	; 0
   0160 00                  393 	.db #0x00	; 0
   0161 83                  394 	.db #0x83	; 131
   0162 84                  395 	.db #0x84	; 132
   0163 85                  396 	.db #0x85	; 133
   0164 86                  397 	.db #0x86	; 134
   0165 87                  398 	.db #0x87	; 135
   0166 88                  399 	.db #0x88	; 136
   0167 89                  400 	.db #0x89	; 137
   0168 8A                  401 	.db #0x8a	; 138
   0169 00                  402 	.db #0x00	; 0
   016A 8B                  403 	.db #0x8b	; 139
   016B 8C                  404 	.db #0x8c	; 140
   016C 8D                  405 	.db #0x8d	; 141
   016D 8E                  406 	.db #0x8e	; 142
   016E 00                  407 	.db #0x00	; 0
   016F 00                  408 	.db #0x00	; 0
   0170 00                  409 	.db #0x00	; 0
   0171 24                  410 	.db #0x24	; 36
   0172 25                  411 	.db #0x25	; 37
   0173 26                  412 	.db #0x26	; 38
   0174 27                  413 	.db #0x27	; 39
   0175 28                  414 	.db #0x28	; 40
   0176 29                  415 	.db #0x29	; 41
   0177 2A                  416 	.db #0x2a	; 42
   0178 2B                  417 	.db #0x2b	; 43
   0179 2C                  418 	.db #0x2c	; 44
   017A 2D                  419 	.db #0x2d	; 45
   017B 00                  420 	.db #0x00	; 0
   017C 2E                  421 	.db #0x2e	; 46
   017D 2F                  422 	.db #0x2f	; 47
   017E 30                  423 	.db #0x30	; 48	'0'
   017F 00                  424 	.db #0x00	; 0
   0180 00                  425 	.db #0x00	; 0
   0181 00                  426 	.db #0x00	; 0
   0182 8F                  427 	.db #0x8f	; 143
   0183 90                  428 	.db #0x90	; 144
   0184 91                  429 	.db #0x91	; 145
   0185 92                  430 	.db #0x92	; 146
   0186 93                  431 	.db #0x93	; 147
   0187 93                  432 	.db #0x93	; 147
   0188 94                  433 	.db #0x94	; 148
   0189 95                  434 	.db #0x95	; 149
   018A 96                  435 	.db #0x96	; 150
   018B 97                  436 	.db #0x97	; 151
   018C 98                  437 	.db #0x98	; 152
   018D 00                  438 	.db #0x00	; 0
   018E 00                  439 	.db #0x00	; 0
   018F 00                  440 	.db #0x00	; 0
   0190 31                  441 	.db #0x31	; 49	'1'
   0191 32                  442 	.db #0x32	; 50	'2'
   0192 33                  443 	.db #0x33	; 51	'3'
   0193 34                  444 	.db #0x34	; 52	'4'
   0194 35                  445 	.db #0x35	; 53	'5'
   0195 36                  446 	.db #0x36	; 54	'6'
   0196 37                  447 	.db #0x37	; 55	'7'
   0197 38                  448 	.db #0x38	; 56	'8'
   0198 39                  449 	.db #0x39	; 57	'9'
   0199 3A                  450 	.db #0x3a	; 58
   019A 3B                  451 	.db #0x3b	; 59
   019B 00                  452 	.db #0x00	; 0
   019C 00                  453 	.db #0x00	; 0
   019D 3C                  454 	.db #0x3c	; 60
   019E 3D                  455 	.db #0x3d	; 61
   019F 00                  456 	.db #0x00	; 0
   01A0 00                  457 	.db #0x00	; 0
   01A1 00                  458 	.db #0x00	; 0
   01A2 00                  459 	.db #0x00	; 0
   01A3 00                  460 	.db #0x00	; 0
   01A4 99                  461 	.db #0x99	; 153
   01A5 9A                  462 	.db #0x9a	; 154
   01A6 9B                  463 	.db #0x9b	; 155
   01A7 9C                  464 	.db #0x9c	; 156
   01A8 9D                  465 	.db #0x9d	; 157
   01A9 9E                  466 	.db #0x9e	; 158
   01AA 14                  467 	.db #0x14	; 20
   01AB 00                  468 	.db #0x00	; 0
   01AC 00                  469 	.db #0x00	; 0
   01AD 00                  470 	.db #0x00	; 0
   01AE 00                  471 	.db #0x00	; 0
   01AF 00                  472 	.db #0x00	; 0
   01B0 3E                  473 	.db #0x3e	; 62
   01B1 3F                  474 	.db #0x3f	; 63
   01B2 40                  475 	.db #0x40	; 64
   01B3 41                  476 	.db #0x41	; 65	'A'
   01B4 42                  477 	.db #0x42	; 66	'B'
   01B5 43                  478 	.db #0x43	; 67	'C'
   01B6 44                  479 	.db #0x44	; 68	'D'
   01B7 45                  480 	.db #0x45	; 69	'E'
   01B8 46                  481 	.db #0x46	; 70	'F'
   01B9 47                  482 	.db #0x47	; 71	'G'
   01BA 48                  483 	.db #0x48	; 72	'H'
   01BB 49                  484 	.db #0x49	; 73	'I'
   01BC 00                  485 	.db #0x00	; 0
   01BD 4A                  486 	.db #0x4a	; 74	'J'
   01BE 4B                  487 	.db #0x4b	; 75	'K'
   01BF 00                  488 	.db #0x00	; 0
   01C0 00                  489 	.db #0x00	; 0
   01C1 00                  490 	.db #0x00	; 0
   01C2 00                  491 	.db #0x00	; 0
   01C3 00                  492 	.db #0x00	; 0
   01C4 00                  493 	.db #0x00	; 0
   01C5 00                  494 	.db #0x00	; 0
   01C6 00                  495 	.db #0x00	; 0
   01C7 00                  496 	.db #0x00	; 0
   01C8 00                  497 	.db #0x00	; 0
   01C9 00                  498 	.db #0x00	; 0
   01CA 00                  499 	.db #0x00	; 0
   01CB 00                  500 	.db #0x00	; 0
   01CC 00                  501 	.db #0x00	; 0
   01CD 00                  502 	.db #0x00	; 0
   01CE 00                  503 	.db #0x00	; 0
   01CF 00                  504 	.db #0x00	; 0
   01D0 4C                  505 	.db #0x4c	; 76	'L'
   01D1 4D                  506 	.db #0x4d	; 77	'M'
   01D2 4E                  507 	.db #0x4e	; 78	'N'
   01D3 4F                  508 	.db #0x4f	; 79	'O'
   01D4 50                  509 	.db #0x50	; 80	'P'
   01D5 51                  510 	.db #0x51	; 81	'Q'
   01D6 52                  511 	.db #0x52	; 82	'R'
   01D7 00                  512 	.db #0x00	; 0
   01D8 53                  513 	.db #0x53	; 83	'S'
   01D9 54                  514 	.db #0x54	; 84	'T'
   01DA 55                  515 	.db #0x55	; 85	'U'
   01DB 56                  516 	.db #0x56	; 86	'V'
   01DC 57                  517 	.db #0x57	; 87	'W'
   01DD 58                  518 	.db #0x58	; 88	'X'
   01DE 59                  519 	.db #0x59	; 89	'Y'
   01DF 00                  520 	.db #0x00	; 0
   01E0 00                  521 	.db #0x00	; 0
   01E1 00                  522 	.db #0x00	; 0
   01E2 00                  523 	.db #0x00	; 0
   01E3 00                  524 	.db #0x00	; 0
   01E4 00                  525 	.db #0x00	; 0
   01E5 00                  526 	.db #0x00	; 0
   01E6 00                  527 	.db #0x00	; 0
   01E7 00                  528 	.db #0x00	; 0
   01E8 00                  529 	.db #0x00	; 0
   01E9 00                  530 	.db #0x00	; 0
   01EA 00                  531 	.db #0x00	; 0
   01EB 00                  532 	.db #0x00	; 0
   01EC 00                  533 	.db #0x00	; 0
   01ED 00                  534 	.db #0x00	; 0
   01EE 00                  535 	.db #0x00	; 0
   01EF 00                  536 	.db #0x00	; 0
   01F0 5A                  537 	.db #0x5a	; 90	'Z'
   01F1 5B                  538 	.db #0x5b	; 91
   01F2 5C                  539 	.db #0x5c	; 92
   01F3 5D                  540 	.db #0x5d	; 93
   01F4 5E                  541 	.db #0x5e	; 94
   01F5 5F                  542 	.db #0x5f	; 95
   01F6 00                  543 	.db #0x00	; 0
   01F7 60                  544 	.db #0x60	; 96
   01F8 61                  545 	.db #0x61	; 97	'a'
   01F9 62                  546 	.db #0x62	; 98	'b'
   01FA 63                  547 	.db #0x63	; 99	'c'
   01FB 64                  548 	.db #0x64	; 100	'd'
   01FC 65                  549 	.db #0x65	; 101	'e'
   01FD 66                  550 	.db #0x66	; 102	'f'
   01FE 67                  551 	.db #0x67	; 103	'g'
   01FF 00                  552 	.db #0x00	; 0
   0200 00                  553 	.db #0x00	; 0
   0201 00                  554 	.db #0x00	; 0
   0202 00                  555 	.db #0x00	; 0
   0203 00                  556 	.db #0x00	; 0
   0204 00                  557 	.db #0x00	; 0
   0205 00                  558 	.db #0x00	; 0
   0206 00                  559 	.db #0x00	; 0
   0207 01                  560 	.db #0x01	; 1
   0208 02                  561 	.db #0x02	; 2
   0209 03                  562 	.db #0x03	; 3
   020A 04                  563 	.db #0x04	; 4
   020B 02                  564 	.db #0x02	; 2
   020C 05                  565 	.db #0x05	; 5
   020D 00                  566 	.db #0x00	; 0
   020E 00                  567 	.db #0x00	; 0
   020F 00                  568 	.db #0x00	; 0
   0210 68                  569 	.db #0x68	; 104	'h'
   0211 69                  570 	.db #0x69	; 105	'i'
   0212 00                  571 	.db #0x00	; 0
   0213 00                  572 	.db #0x00	; 0
   0214 6A                  573 	.db #0x6a	; 106	'j'
   0215 6B                  574 	.db #0x6b	; 107	'k'
   0216 6C                  575 	.db #0x6c	; 108	'l'
   0217 6D                  576 	.db #0x6d	; 109	'm'
   0218 6E                  577 	.db #0x6e	; 110	'n'
   0219 6F                  578 	.db #0x6f	; 111	'o'
   021A 70                  579 	.db #0x70	; 112	'p'
   021B 71                  580 	.db #0x71	; 113	'q'
   021C 72                  581 	.db #0x72	; 114	'r'
   021D 73                  582 	.db #0x73	; 115	's'
   021E 74                  583 	.db #0x74	; 116	't'
   021F 00                  584 	.db #0x00	; 0
   0220 00                  585 	.db #0x00	; 0
   0221 00                  586 	.db #0x00	; 0
   0222 00                  587 	.db #0x00	; 0
   0223 00                  588 	.db #0x00	; 0
   0224 06                  589 	.db #0x06	; 6
   0225 07                  590 	.db #0x07	; 7
   0226 08                  591 	.db #0x08	; 8
   0227 09                  592 	.db #0x09	; 9
   0228 0A                  593 	.db #0x0a	; 10
   0229 0B                  594 	.db #0x0b	; 11
   022A 0C                  595 	.db #0x0c	; 12
   022B 0D                  596 	.db #0x0d	; 13
   022C 0E                  597 	.db #0x0e	; 14
   022D 00                  598 	.db #0x00	; 0
   022E 00                  599 	.db #0x00	; 0
   022F 00                  600 	.db #0x00	; 0
   0230 75                  601 	.db #0x75	; 117	'u'
   0231 76                  602 	.db #0x76	; 118	'v'
   0232 77                  603 	.db #0x77	; 119	'w'
   0233 00                  604 	.db #0x00	; 0
   0234 78                  605 	.db #0x78	; 120	'x'
   0235 79                  606 	.db #0x79	; 121	'y'
   0236 7A                  607 	.db #0x7a	; 122	'z'
   0237 7B                  608 	.db #0x7b	; 123
   0238 7C                  609 	.db #0x7c	; 124
   0239 7D                  610 	.db #0x7d	; 125
   023A 7E                  611 	.db #0x7e	; 126
   023B 7F                  612 	.db #0x7f	; 127
   023C 80                  613 	.db #0x80	; 128
   023D 81                  614 	.db #0x81	; 129
   023E 82                  615 	.db #0x82	; 130
   023F 00                  616 	.db #0x00	; 0
   0240 00                  617 	.db #0x00	; 0
   0241 00                  618 	.db #0x00	; 0
   0242 0F                  619 	.db #0x0f	; 15
   0243 10                  620 	.db #0x10	; 16
   0244 11                  621 	.db #0x11	; 17
   0245 12                  622 	.db #0x12	; 18
   0246 13                  623 	.db #0x13	; 19
   0247 14                  624 	.db #0x14	; 20
   0248 00                  625 	.db #0x00	; 0
   0249 00                  626 	.db #0x00	; 0
   024A 15                  627 	.db #0x15	; 21
   024B 16                  628 	.db #0x16	; 22
   024C 17                  629 	.db #0x17	; 23
   024D 00                  630 	.db #0x00	; 0
   024E 00                  631 	.db #0x00	; 0
   024F 00                  632 	.db #0x00	; 0
   0250 00                  633 	.db #0x00	; 0
   0251 83                  634 	.db #0x83	; 131
   0252 84                  635 	.db #0x84	; 132
   0253 85                  636 	.db #0x85	; 133
   0254 86                  637 	.db #0x86	; 134
   0255 87                  638 	.db #0x87	; 135
   0256 88                  639 	.db #0x88	; 136
   0257 89                  640 	.db #0x89	; 137
   0258 8A                  641 	.db #0x8a	; 138
   0259 00                  642 	.db #0x00	; 0
   025A 8B                  643 	.db #0x8b	; 139
   025B 8C                  644 	.db #0x8c	; 140
   025C 8D                  645 	.db #0x8d	; 141
   025D 8E                  646 	.db #0x8e	; 142
   025E 00                  647 	.db #0x00	; 0
   025F 00                  648 	.db #0x00	; 0
   0260 00                  649 	.db #0x00	; 0
   0261 18                  650 	.db #0x18	; 24
   0262 19                  651 	.db #0x19	; 25
   0263 1A                  652 	.db #0x1a	; 26
   0264 1B                  653 	.db #0x1b	; 27
   0265 1C                  654 	.db #0x1c	; 28
   0266 1D                  655 	.db #0x1d	; 29
   0267 00                  656 	.db #0x00	; 0
   0268 1E                  657 	.db #0x1e	; 30
   0269 1F                  658 	.db #0x1f	; 31
   026A 20                  659 	.db #0x20	; 32
   026B 21                  660 	.db #0x21	; 33
   026C 22                  661 	.db #0x22	; 34
   026D 23                  662 	.db #0x23	; 35
   026E 00                  663 	.db #0x00	; 0
   026F 00                  664 	.db #0x00	; 0
   0270 00                  665 	.db #0x00	; 0
   0271 00                  666 	.db #0x00	; 0
   0272 8F                  667 	.db #0x8f	; 143
   0273 90                  668 	.db #0x90	; 144
   0274 91                  669 	.db #0x91	; 145
   0275 92                  670 	.db #0x92	; 146
   0276 93                  671 	.db #0x93	; 147
   0277 93                  672 	.db #0x93	; 147
   0278 94                  673 	.db #0x94	; 148
   0279 95                  674 	.db #0x95	; 149
   027A 96                  675 	.db #0x96	; 150
   027B 97                  676 	.db #0x97	; 151
   027C 98                  677 	.db #0x98	; 152
   027D 00                  678 	.db #0x00	; 0
   027E 00                  679 	.db #0x00	; 0
   027F 00                  680 	.db #0x00	; 0
   0280 00                  681 	.db #0x00	; 0
   0281 24                  682 	.db #0x24	; 36
   0282 25                  683 	.db #0x25	; 37
   0283 26                  684 	.db #0x26	; 38
   0284 27                  685 	.db #0x27	; 39
   0285 28                  686 	.db #0x28	; 40
   0286 29                  687 	.db #0x29	; 41
   0287 2A                  688 	.db #0x2a	; 42
   0288 2B                  689 	.db #0x2b	; 43
   0289 2C                  690 	.db #0x2c	; 44
   028A 2D                  691 	.db #0x2d	; 45
   028B 00                  692 	.db #0x00	; 0
   028C 2E                  693 	.db #0x2e	; 46
   028D 2F                  694 	.db #0x2f	; 47
   028E 30                  695 	.db #0x30	; 48	'0'
   028F 00                  696 	.db #0x00	; 0
   0290 00                  697 	.db #0x00	; 0
   0291 00                  698 	.db #0x00	; 0
   0292 00                  699 	.db #0x00	; 0
   0293 00                  700 	.db #0x00	; 0
   0294 99                  701 	.db #0x99	; 153
   0295 9A                  702 	.db #0x9a	; 154
   0296 9B                  703 	.db #0x9b	; 155
   0297 9C                  704 	.db #0x9c	; 156
   0298 9D                  705 	.db #0x9d	; 157
   0299 9E                  706 	.db #0x9e	; 158
   029A 14                  707 	.db #0x14	; 20
   029B 00                  708 	.db #0x00	; 0
   029C 00                  709 	.db #0x00	; 0
   029D 00                  710 	.db #0x00	; 0
   029E 00                  711 	.db #0x00	; 0
   029F 00                  712 	.db #0x00	; 0
   02A0 31                  713 	.db #0x31	; 49	'1'
   02A1 32                  714 	.db #0x32	; 50	'2'
   02A2 33                  715 	.db #0x33	; 51	'3'
   02A3 34                  716 	.db #0x34	; 52	'4'
   02A4 35                  717 	.db #0x35	; 53	'5'
   02A5 36                  718 	.db #0x36	; 54	'6'
   02A6 37                  719 	.db #0x37	; 55	'7'
   02A7 38                  720 	.db #0x38	; 56	'8'
   02A8 39                  721 	.db #0x39	; 57	'9'
   02A9 3A                  722 	.db #0x3a	; 58
   02AA 3B                  723 	.db #0x3b	; 59
   02AB 00                  724 	.db #0x00	; 0
   02AC 00                  725 	.db #0x00	; 0
   02AD 3C                  726 	.db #0x3c	; 60
   02AE 3D                  727 	.db #0x3d	; 61
   02AF 00                  728 	.db #0x00	; 0
   02B0 00                  729 	.db #0x00	; 0
   02B1 00                  730 	.db #0x00	; 0
   02B2 00                  731 	.db #0x00	; 0
   02B3 00                  732 	.db #0x00	; 0
   02B4 00                  733 	.db #0x00	; 0
   02B5 00                  734 	.db #0x00	; 0
   02B6 00                  735 	.db #0x00	; 0
   02B7 00                  736 	.db #0x00	; 0
   02B8 00                  737 	.db #0x00	; 0
   02B9 00                  738 	.db #0x00	; 0
   02BA 00                  739 	.db #0x00	; 0
   02BB 00                  740 	.db #0x00	; 0
   02BC 00                  741 	.db #0x00	; 0
   02BD 00                  742 	.db #0x00	; 0
   02BE 00                  743 	.db #0x00	; 0
   02BF 00                  744 	.db #0x00	; 0
   02C0 3E                  745 	.db #0x3e	; 62
   02C1 3F                  746 	.db #0x3f	; 63
   02C2 40                  747 	.db #0x40	; 64
   02C3 41                  748 	.db #0x41	; 65	'A'
   02C4 42                  749 	.db #0x42	; 66	'B'
   02C5 43                  750 	.db #0x43	; 67	'C'
   02C6 44                  751 	.db #0x44	; 68	'D'
   02C7 45                  752 	.db #0x45	; 69	'E'
   02C8 46                  753 	.db #0x46	; 70	'F'
   02C9 47                  754 	.db #0x47	; 71	'G'
   02CA 48                  755 	.db #0x48	; 72	'H'
   02CB 49                  756 	.db #0x49	; 73	'I'
   02CC 00                  757 	.db #0x00	; 0
   02CD 4A                  758 	.db #0x4a	; 74	'J'
   02CE 4B                  759 	.db #0x4b	; 75	'K'
   02CF 00                  760 	.db #0x00	; 0
   02D0 00                  761 	.db #0x00	; 0
   02D1 00                  762 	.db #0x00	; 0
   02D2 00                  763 	.db #0x00	; 0
   02D3 00                  764 	.db #0x00	; 0
   02D4 00                  765 	.db #0x00	; 0
   02D5 00                  766 	.db #0x00	; 0
   02D6 00                  767 	.db #0x00	; 0
   02D7 00                  768 	.db #0x00	; 0
   02D8 00                  769 	.db #0x00	; 0
   02D9 00                  770 	.db #0x00	; 0
   02DA 00                  771 	.db #0x00	; 0
   02DB 00                  772 	.db #0x00	; 0
   02DC 00                  773 	.db #0x00	; 0
   02DD 00                  774 	.db #0x00	; 0
   02DE 00                  775 	.db #0x00	; 0
   02DF 00                  776 	.db #0x00	; 0
   02E0 4C                  777 	.db #0x4c	; 76	'L'
   02E1 4D                  778 	.db #0x4d	; 77	'M'
   02E2 4E                  779 	.db #0x4e	; 78	'N'
   02E3 4F                  780 	.db #0x4f	; 79	'O'
   02E4 50                  781 	.db #0x50	; 80	'P'
   02E5 51                  782 	.db #0x51	; 81	'Q'
   02E6 52                  783 	.db #0x52	; 82	'R'
   02E7 00                  784 	.db #0x00	; 0
   02E8 53                  785 	.db #0x53	; 83	'S'
   02E9 54                  786 	.db #0x54	; 84	'T'
   02EA 55                  787 	.db #0x55	; 85	'U'
   02EB 56                  788 	.db #0x56	; 86	'V'
   02EC 57                  789 	.db #0x57	; 87	'W'
   02ED 58                  790 	.db #0x58	; 88	'X'
   02EE 59                  791 	.db #0x59	; 89	'Y'
   02EF 00                  792 	.db #0x00	; 0
   02F0 00                  793 	.db #0x00	; 0
   02F1 00                  794 	.db #0x00	; 0
   02F2 00                  795 	.db #0x00	; 0
   02F3 00                  796 	.db #0x00	; 0
   02F4 00                  797 	.db #0x00	; 0
   02F5 00                  798 	.db #0x00	; 0
   02F6 00                  799 	.db #0x00	; 0
   02F7 01                  800 	.db #0x01	; 1
   02F8 02                  801 	.db #0x02	; 2
   02F9 03                  802 	.db #0x03	; 3
   02FA 04                  803 	.db #0x04	; 4
   02FB 02                  804 	.db #0x02	; 2
   02FC 05                  805 	.db #0x05	; 5
   02FD 00                  806 	.db #0x00	; 0
   02FE 00                  807 	.db #0x00	; 0
   02FF 00                  808 	.db #0x00	; 0
   0300 5A                  809 	.db #0x5a	; 90	'Z'
   0301 5B                  810 	.db #0x5b	; 91
   0302 5C                  811 	.db #0x5c	; 92
   0303 5D                  812 	.db #0x5d	; 93
   0304 5E                  813 	.db #0x5e	; 94
   0305 5F                  814 	.db #0x5f	; 95
   0306 00                  815 	.db #0x00	; 0
   0307 60                  816 	.db #0x60	; 96
   0308 61                  817 	.db #0x61	; 97	'a'
   0309 62                  818 	.db #0x62	; 98	'b'
   030A 63                  819 	.db #0x63	; 99	'c'
   030B 64                  820 	.db #0x64	; 100	'd'
   030C 65                  821 	.db #0x65	; 101	'e'
   030D 66                  822 	.db #0x66	; 102	'f'
   030E 67                  823 	.db #0x67	; 103	'g'
   030F 00                  824 	.db #0x00	; 0
   0310 00                  825 	.db #0x00	; 0
   0311 00                  826 	.db #0x00	; 0
   0312 00                  827 	.db #0x00	; 0
   0313 00                  828 	.db #0x00	; 0
   0314 06                  829 	.db #0x06	; 6
   0315 07                  830 	.db #0x07	; 7
   0316 08                  831 	.db #0x08	; 8
   0317 09                  832 	.db #0x09	; 9
   0318 0A                  833 	.db #0x0a	; 10
   0319 0B                  834 	.db #0x0b	; 11
   031A 0C                  835 	.db #0x0c	; 12
   031B 0D                  836 	.db #0x0d	; 13
   031C 0E                  837 	.db #0x0e	; 14
   031D 00                  838 	.db #0x00	; 0
   031E 00                  839 	.db #0x00	; 0
   031F 00                  840 	.db #0x00	; 0
   0320 68                  841 	.db #0x68	; 104	'h'
   0321 69                  842 	.db #0x69	; 105	'i'
   0322 00                  843 	.db #0x00	; 0
   0323 00                  844 	.db #0x00	; 0
   0324 6A                  845 	.db #0x6a	; 106	'j'
   0325 6B                  846 	.db #0x6b	; 107	'k'
   0326 6C                  847 	.db #0x6c	; 108	'l'
   0327 6D                  848 	.db #0x6d	; 109	'm'
   0328 6E                  849 	.db #0x6e	; 110	'n'
   0329 6F                  850 	.db #0x6f	; 111	'o'
   032A 70                  851 	.db #0x70	; 112	'p'
   032B 71                  852 	.db #0x71	; 113	'q'
   032C 72                  853 	.db #0x72	; 114	'r'
   032D 73                  854 	.db #0x73	; 115	's'
   032E 74                  855 	.db #0x74	; 116	't'
   032F 00                  856 	.db #0x00	; 0
   0330 00                  857 	.db #0x00	; 0
   0331 00                  858 	.db #0x00	; 0
   0332 0F                  859 	.db #0x0f	; 15
   0333 10                  860 	.db #0x10	; 16
   0334 11                  861 	.db #0x11	; 17
   0335 12                  862 	.db #0x12	; 18
   0336 13                  863 	.db #0x13	; 19
   0337 14                  864 	.db #0x14	; 20
   0338 00                  865 	.db #0x00	; 0
   0339 00                  866 	.db #0x00	; 0
   033A 15                  867 	.db #0x15	; 21
   033B 16                  868 	.db #0x16	; 22
   033C 17                  869 	.db #0x17	; 23
   033D 00                  870 	.db #0x00	; 0
   033E 00                  871 	.db #0x00	; 0
   033F 00                  872 	.db #0x00	; 0
   0340 75                  873 	.db #0x75	; 117	'u'
   0341 76                  874 	.db #0x76	; 118	'v'
   0342 77                  875 	.db #0x77	; 119	'w'
   0343 00                  876 	.db #0x00	; 0
   0344 78                  877 	.db #0x78	; 120	'x'
   0345 79                  878 	.db #0x79	; 121	'y'
   0346 7A                  879 	.db #0x7a	; 122	'z'
   0347 7B                  880 	.db #0x7b	; 123
   0348 7C                  881 	.db #0x7c	; 124
   0349 7D                  882 	.db #0x7d	; 125
   034A 7E                  883 	.db #0x7e	; 126
   034B 7F                  884 	.db #0x7f	; 127
   034C 80                  885 	.db #0x80	; 128
   034D 81                  886 	.db #0x81	; 129
   034E 82                  887 	.db #0x82	; 130
   034F 00                  888 	.db #0x00	; 0
   0350 00                  889 	.db #0x00	; 0
   0351 18                  890 	.db #0x18	; 24
   0352 19                  891 	.db #0x19	; 25
   0353 1A                  892 	.db #0x1a	; 26
   0354 1B                  893 	.db #0x1b	; 27
   0355 1C                  894 	.db #0x1c	; 28
   0356 1D                  895 	.db #0x1d	; 29
   0357 00                  896 	.db #0x00	; 0
   0358 1E                  897 	.db #0x1e	; 30
   0359 1F                  898 	.db #0x1f	; 31
   035A 20                  899 	.db #0x20	; 32
   035B 21                  900 	.db #0x21	; 33
   035C 22                  901 	.db #0x22	; 34
   035D 23                  902 	.db #0x23	; 35
   035E 00                  903 	.db #0x00	; 0
   035F 00                  904 	.db #0x00	; 0
   0360 00                  905 	.db #0x00	; 0
   0361 83                  906 	.db #0x83	; 131
   0362 84                  907 	.db #0x84	; 132
   0363 85                  908 	.db #0x85	; 133
   0364 86                  909 	.db #0x86	; 134
   0365 87                  910 	.db #0x87	; 135
   0366 88                  911 	.db #0x88	; 136
   0367 89                  912 	.db #0x89	; 137
   0368 8A                  913 	.db #0x8a	; 138
   0369 00                  914 	.db #0x00	; 0
   036A 8B                  915 	.db #0x8b	; 139
   036B 8C                  916 	.db #0x8c	; 140
   036C 8D                  917 	.db #0x8d	; 141
   036D 8E                  918 	.db #0x8e	; 142
   036E 00                  919 	.db #0x00	; 0
   036F 00                  920 	.db #0x00	; 0
   0370 00                  921 	.db #0x00	; 0
   0371 24                  922 	.db #0x24	; 36
   0372 25                  923 	.db #0x25	; 37
   0373 26                  924 	.db #0x26	; 38
   0374 27                  925 	.db #0x27	; 39
   0375 28                  926 	.db #0x28	; 40
   0376 29                  927 	.db #0x29	; 41
   0377 2A                  928 	.db #0x2a	; 42
   0378 2B                  929 	.db #0x2b	; 43
   0379 2C                  930 	.db #0x2c	; 44
   037A 2D                  931 	.db #0x2d	; 45
   037B 00                  932 	.db #0x00	; 0
   037C 2E                  933 	.db #0x2e	; 46
   037D 2F                  934 	.db #0x2f	; 47
   037E 30                  935 	.db #0x30	; 48	'0'
   037F 00                  936 	.db #0x00	; 0
   0380 00                  937 	.db #0x00	; 0
   0381 00                  938 	.db #0x00	; 0
   0382 8F                  939 	.db #0x8f	; 143
   0383 90                  940 	.db #0x90	; 144
   0384 91                  941 	.db #0x91	; 145
   0385 92                  942 	.db #0x92	; 146
   0386 93                  943 	.db #0x93	; 147
   0387 93                  944 	.db #0x93	; 147
   0388 94                  945 	.db #0x94	; 148
   0389 95                  946 	.db #0x95	; 149
   038A 96                  947 	.db #0x96	; 150
   038B 97                  948 	.db #0x97	; 151
   038C 98                  949 	.db #0x98	; 152
   038D 00                  950 	.db #0x00	; 0
   038E 00                  951 	.db #0x00	; 0
   038F 00                  952 	.db #0x00	; 0
   0390 31                  953 	.db #0x31	; 49	'1'
   0391 32                  954 	.db #0x32	; 50	'2'
   0392 33                  955 	.db #0x33	; 51	'3'
   0393 34                  956 	.db #0x34	; 52	'4'
   0394 35                  957 	.db #0x35	; 53	'5'
   0395 36                  958 	.db #0x36	; 54	'6'
   0396 37                  959 	.db #0x37	; 55	'7'
   0397 38                  960 	.db #0x38	; 56	'8'
   0398 39                  961 	.db #0x39	; 57	'9'
   0399 3A                  962 	.db #0x3a	; 58
   039A 3B                  963 	.db #0x3b	; 59
   039B 00                  964 	.db #0x00	; 0
   039C 00                  965 	.db #0x00	; 0
   039D 3C                  966 	.db #0x3c	; 60
   039E 3D                  967 	.db #0x3d	; 61
   039F 00                  968 	.db #0x00	; 0
   03A0 00                  969 	.db #0x00	; 0
   03A1 00                  970 	.db #0x00	; 0
   03A2 00                  971 	.db #0x00	; 0
   03A3 00                  972 	.db #0x00	; 0
   03A4 99                  973 	.db #0x99	; 153
   03A5 9A                  974 	.db #0x9a	; 154
   03A6 9B                  975 	.db #0x9b	; 155
   03A7 9C                  976 	.db #0x9c	; 156
   03A8 9D                  977 	.db #0x9d	; 157
   03A9 9E                  978 	.db #0x9e	; 158
   03AA 14                  979 	.db #0x14	; 20
   03AB 00                  980 	.db #0x00	; 0
   03AC 00                  981 	.db #0x00	; 0
   03AD 00                  982 	.db #0x00	; 0
   03AE 00                  983 	.db #0x00	; 0
   03AF 00                  984 	.db #0x00	; 0
   03B0 3E                  985 	.db #0x3e	; 62
   03B1 3F                  986 	.db #0x3f	; 63
   03B2 40                  987 	.db #0x40	; 64
   03B3 41                  988 	.db #0x41	; 65	'A'
   03B4 42                  989 	.db #0x42	; 66	'B'
   03B5 43                  990 	.db #0x43	; 67	'C'
   03B6 44                  991 	.db #0x44	; 68	'D'
   03B7 45                  992 	.db #0x45	; 69	'E'
   03B8 46                  993 	.db #0x46	; 70	'F'
   03B9 47                  994 	.db #0x47	; 71	'G'
   03BA 48                  995 	.db #0x48	; 72	'H'
   03BB 49                  996 	.db #0x49	; 73	'I'
   03BC 00                  997 	.db #0x00	; 0
   03BD 4A                  998 	.db #0x4a	; 74	'J'
   03BE 4B                  999 	.db #0x4b	; 75	'K'
   03BF 00                 1000 	.db #0x00	; 0
   03C0 00                 1001 	.db #0x00	; 0
   03C1 00                 1002 	.db #0x00	; 0
   03C2 00                 1003 	.db #0x00	; 0
   03C3 00                 1004 	.db #0x00	; 0
   03C4 00                 1005 	.db #0x00	; 0
   03C5 00                 1006 	.db #0x00	; 0
   03C6 00                 1007 	.db #0x00	; 0
   03C7 00                 1008 	.db #0x00	; 0
   03C8 00                 1009 	.db #0x00	; 0
   03C9 00                 1010 	.db #0x00	; 0
   03CA 00                 1011 	.db #0x00	; 0
   03CB 00                 1012 	.db #0x00	; 0
   03CC 00                 1013 	.db #0x00	; 0
   03CD 00                 1014 	.db #0x00	; 0
   03CE 00                 1015 	.db #0x00	; 0
   03CF 00                 1016 	.db #0x00	; 0
   03D0 4C                 1017 	.db #0x4c	; 76	'L'
   03D1 4D                 1018 	.db #0x4d	; 77	'M'
   03D2 4E                 1019 	.db #0x4e	; 78	'N'
   03D3 4F                 1020 	.db #0x4f	; 79	'O'
   03D4 50                 1021 	.db #0x50	; 80	'P'
   03D5 51                 1022 	.db #0x51	; 81	'Q'
   03D6 52                 1023 	.db #0x52	; 82	'R'
   03D7 00                 1024 	.db #0x00	; 0
   03D8 53                 1025 	.db #0x53	; 83	'S'
   03D9 54                 1026 	.db #0x54	; 84	'T'
   03DA 55                 1027 	.db #0x55	; 85	'U'
   03DB 56                 1028 	.db #0x56	; 86	'V'
   03DC 57                 1029 	.db #0x57	; 87	'W'
   03DD 58                 1030 	.db #0x58	; 88	'X'
   03DE 59                 1031 	.db #0x59	; 89	'Y'
   03DF 00                 1032 	.db #0x00	; 0
   03E0 00                 1033 	.db #0x00	; 0
   03E1 00                 1034 	.db #0x00	; 0
   03E2 00                 1035 	.db #0x00	; 0
   03E3 00                 1036 	.db #0x00	; 0
   03E4 00                 1037 	.db #0x00	; 0
   03E5 00                 1038 	.db #0x00	; 0
   03E6 00                 1039 	.db #0x00	; 0
   03E7 00                 1040 	.db #0x00	; 0
   03E8 00                 1041 	.db #0x00	; 0
   03E9 00                 1042 	.db #0x00	; 0
   03EA 00                 1043 	.db #0x00	; 0
   03EB 00                 1044 	.db #0x00	; 0
   03EC 00                 1045 	.db #0x00	; 0
   03ED 00                 1046 	.db #0x00	; 0
   03EE 00                 1047 	.db #0x00	; 0
   03EF 00                 1048 	.db #0x00	; 0
   03F0 5A                 1049 	.db #0x5a	; 90	'Z'
   03F1 5B                 1050 	.db #0x5b	; 91
   03F2 5C                 1051 	.db #0x5c	; 92
   03F3 5D                 1052 	.db #0x5d	; 93
   03F4 5E                 1053 	.db #0x5e	; 94
   03F5 5F                 1054 	.db #0x5f	; 95
   03F6 00                 1055 	.db #0x00	; 0
   03F7 60                 1056 	.db #0x60	; 96
   03F8 61                 1057 	.db #0x61	; 97	'a'
   03F9 62                 1058 	.db #0x62	; 98	'b'
   03FA 63                 1059 	.db #0x63	; 99	'c'
   03FB 64                 1060 	.db #0x64	; 100	'd'
   03FC 65                 1061 	.db #0x65	; 101	'e'
   03FD 66                 1062 	.db #0x66	; 102	'f'
   03FE 67                 1063 	.db #0x67	; 103	'g'
   03FF 00                 1064 	.db #0x00	; 0
                           1065 	.area _CABS (ABS)
